[2023-12-23T11:43:25.002+0000] {taskinstance.py:1957} INFO - Dependencies all met for dep_context=non-requeueable deps ti=<TaskInstance: batch_layer.consume_data manual__2023-12-23T11:43:21.168415+00:00 [queued]>
[2023-12-23T11:43:25.007+0000] {taskinstance.py:1957} INFO - Dependencies all met for dep_context=requeueable deps ti=<TaskInstance: batch_layer.consume_data manual__2023-12-23T11:43:21.168415+00:00 [queued]>
[2023-12-23T11:43:25.007+0000] {taskinstance.py:2171} INFO - Starting attempt 1 of 2
[2023-12-23T11:43:25.019+0000] {taskinstance.py:2192} INFO - Executing <Task(PythonOperator): consume_data> on 2023-12-23 11:43:21.168415+00:00
[2023-12-23T11:43:25.023+0000] {standard_task_runner.py:60} INFO - Started process 638 to run task
[2023-12-23T11:43:25.026+0000] {standard_task_runner.py:87} INFO - Running: ['airflow', 'tasks', 'run', 'batch_layer', 'consume_data', 'manual__2023-12-23T11:43:21.168415+00:00', '--job-id', '11', '--raw', '--subdir', 'DAGS_FOLDER/BatchLayerDag.py', '--cfg-path', '/tmp/tmps1laq8u0']
[2023-12-23T11:43:25.028+0000] {standard_task_runner.py:88} INFO - Job 11: Subtask consume_data
[2023-12-23T11:43:25.056+0000] {task_command.py:423} INFO - Running <TaskInstance: batch_layer.consume_data manual__2023-12-23T11:43:21.168415+00:00 [running]> on host 7de9f6b6c8f6
[2023-12-23T11:43:25.100+0000] {taskinstance.py:2481} INFO - Exporting env vars: AIRFLOW_CTX_DAG_EMAIL='airflow@example.com' AIRFLOW_CTX_DAG_OWNER='airflow' AIRFLOW_CTX_DAG_ID='batch_layer' AIRFLOW_CTX_TASK_ID='consume_data' AIRFLOW_CTX_EXECUTION_DATE='2023-12-23T11:43:21.168415+00:00' AIRFLOW_CTX_TRY_NUMBER='1' AIRFLOW_CTX_DAG_RUN_ID='manual__2023-12-23T11:43:21.168415+00:00'
[2023-12-23T11:43:25.146+0000] {hive.py:475} INFO - USE `finnhub_db`
[2023-12-23T11:43:25.180+0000] {hive.py:475} INFO - 
        CREATE TABLE IF NOT EXISTS finnhub_table
        ROW FORMAT SERDE 'org.apache.hadoop.hive.serde2.avro.AvroSerDe'
        STORED AS INPUTFORMAT 'org.apache.hadoop.hive.ql.io.avro.AvroContainerInputFormat'
        OUTPUTFORMAT 'org.apache.hadoop.hive.ql.io.avro.AvroContainerOutputFormat'
        TBLPROPERTIES ('avro.schema.literal'='{"type": "record", "name": "TradeRecord", "fields": [{"name": "p", "type": "double"}, {"name": "exchange", "type": "string"}, {"name": "crypto_pair", "type": "string"}, {"name": "t", "type": "long"}, {"name": "v", "type": "double"}]}')
    
[2023-12-23T11:43:25.233+0000] {hive.py:475} INFO - USE `finnhub_db`
[2023-12-23T11:43:25.267+0000] {hive.py:475} INFO - 
        CREATE TABLE IF NOT EXISTS temp_avro_data
        ROW FORMAT SERDE 'org.apache.hadoop.hive.serde2.avro.AvroSerDe'
        STORED AS INPUTFORMAT 'org.apache.hadoop.hive.ql.io.avro.AvroContainerInputFormat'
        OUTPUTFORMAT 'org.apache.hadoop.hive.ql.io.avro.AvroContainerOutputFormat'
        TBLPROPERTIES ('avro.schema.literal'='{"type": "record", "name": "TradeRecord", "fields": [{"name": "p", "type": "double"}, {"name": "exchange", "type": "string"}, {"name": "crypto_pair", "type": "string"}, {"name": "t", "type": "long"}, {"name": "v", "type": "double"}]}')
    
[2023-12-23T11:43:44.086+0000] {logging_mixin.py:188} INFO - [[{'c': None, 'p': 2282.05, 's': 'BINANCE:ETHUSDT', 't': 1703329980025, 'v': 0.0116}, {'c': None, 'p': 2282.04, 's': 'BINANCE:ETHUSDT', 't': 1703329980026, 'v': 0.0415}, {'c': None, 'p': 2282.05, 's': 'BINANCE:ETHUSDT', 't': 1703329980026, 'v': 0.0119}, {'c': None, 'p': 2282.04, 's': 'BINANCE:ETHUSDT', 't': 1703329980026, 'v': 0.0202}, {'c': None, 'p': 2282.04, 's': 'BINANCE:ETHUSDT', 't': 1703329980027, 'v': 0.0096}, {'c': None, 'p': 2282.05, 's': 'BINANCE:ETHUSDT', 't': 1703329980027, 'v': 0.0445}, {'c': None, 'p': 43537.24, 's': 'BINANCE:BTCUSDT', 't': 1703329980027, 'v': 0.0004}, {'c': None, 'p': 43537.24, 's': 'BINANCE:BTCUSDT', 't': 1703329980035, 'v': 0.00262}, {'c': None, 'p': 43537.24, 's': 'BINANCE:BTCUSDT', 't': 1703329980035, 'v': 0.0463}, {'c': None, 'p': 43537.25, 's': 'BINANCE:BTCUSDT', 't': 1703329980041, 'v': 0.00168}], [{'c': None, 'p': 43537.24, 's': 'BINANCE:BTCUSDT', 't': 1703329980608, 'v': 0.00039}, {'c': None, 'p': 43537.24, 's': 'BINANCE:BTCUSDT', 't': 1703329980613, 'v': 0.00015}, {'c': None, 'p': 43537.24, 's': 'BINANCE:BTCUSDT', 't': 1703329980616, 'v': 0.0002}, {'c': None, 'p': 43537.24, 's': 'BINANCE:BTCUSDT', 't': 1703329980422, 'v': 0.00519}, {'c': None, 'p': 43537.24, 's': 'BINANCE:BTCUSDT', 't': 1703329980515, 'v': 0.0009}, {'c': None, 'p': 43537.24, 's': 'BINANCE:BTCUSDT', 't': 1703329980577, 'v': 0.00015}, {'c': None, 'p': 43537.25, 's': 'BINANCE:BTCUSDT', 't': 1703329980580, 'v': 0.01171}, {'c': None, 'p': 43537.24, 's': 'BINANCE:BTCUSDT', 't': 1703329980593, 'v': 0.00015}, {'c': None, 'p': 43537.24, 's': 'BINANCE:BTCUSDT', 't': 1703329980597, 'v': 0.0002}], [], [{'c': None, 'p': 43537.24, 's': 'BINANCE:BTCUSDT', 't': 1703329980632, 'v': 0.0002}, {'c': None, 'p': 43537.24, 's': 'BINANCE:BTCUSDT', 't': 1703329980657, 'v': 0.00223}, {'c': None, 'p': 43537.24, 's': 'BINANCE:BTCUSDT', 't': 1703329980658, 'v': 0.0002}, {'c': None, 'p': 43537.24, 's': 'BINANCE:BTCUSDT', 't': 1703329980682, 'v': 0.0002}, {'c': None, 'p': 43537.24, 's': 'BINANCE:BTCUSDT', 't': 1703329980879, 'v': 0.00387}], [{'c': None, 'p': 43537.24, 's': 'BINANCE:BTCUSDT', 't': 1703329982222, 'v': 0.00018}, {'c': None, 'p': 43537.24, 's': 'BINANCE:BTCUSDT', 't': 1703329982263, 'v': 0.00024}, {'c': None, 'p': 43537.24, 's': 'BINANCE:BTCUSDT', 't': 1703329982271, 'v': 0.01242}], [{'c': None, 'p': 2282.04, 's': 'BINANCE:ETHUSDT', 't': 1703329982819, 'v': 0.0192}, {'c': None, 'p': 43537.24, 's': 'BINANCE:BTCUSDT', 't': 1703329983256, 'v': 0.00377}, {'c': None, 'p': 2282.05, 's': 'BINANCE:ETHUSDT', 't': 1703329983422, 'v': 0.126}], [{'c': None, 'p': 43537.24, 's': 'BINANCE:BTCUSDT', 't': 1703329983855, 'v': 0.00098}, {'c': None, 'p': 43537.24, 's': 'BINANCE:BTCUSDT', 't': 1703329983876, 'v': 0.00088}, {'c': None, 'p': 43537.24, 's': 'BINANCE:BTCUSDT', 't': 1703329983900, 'v': 0.00088}, {'c': None, 'p': 43537.24, 's': 'BINANCE:BTCUSDT', 't': 1703329983949, 'v': 0.00086}, {'c': None, 'p': 43537.25, 's': 'BINANCE:BTCUSDT', 't': 1703329984073, 'v': 0.00037}, {'c': None, 'p': 43537.24, 's': 'BINANCE:BTCUSDT', 't': 1703329984251, 'v': 0.00061}, {'c': None, 'p': 43537.24, 's': 'BINANCE:BTCUSDT', 't': 1703329984273, 'v': 0.00088}, {'c': None, 'p': 43537.24, 's': 'BINANCE:BTCUSDT', 't': 1703329984297, 'v': 0.00079}], [{'c': None, 'p': 43537.25, 's': 'BINANCE:BTCUSDT', 't': 1703329984696, 'v': 0.00023}, {'c': None, 'p': 2282.05, 's': 'BINANCE:ETHUSDT', 't': 1703329984830, 'v': 0.2421}, {'c': None, 'p': 43537.24, 's': 'BINANCE:BTCUSDT', 't': 1703329985074, 'v': 0.00016}, {'c': None, 'p': 43537.24, 's': 'BINANCE:BTCUSDT', 't': 1703329985216, 'v': 0.00255}, {'c': None, 'p': 2282.04, 's': 'BINANCE:ETHUSDT', 't': 1703329985289, 'v': 0.542}, {'c': None, 'p': 43537.24, 's': 'BINANCE:BTCUSDT', 't': 1703329985362, 'v': 0.00468}, {'c': None, 'p': 43537.25, 's': 'BINANCE:BTCUSDT', 't': 1703329985397, 'v': 0.00147}, {'c': None, 'p': 2282.05, 's': 'BINANCE:ETHUSDT', 't': 1703329985506, 'v': 0.7621}, {'c': None, 'p': 2282.05, 's': 'BINANCE:ETHUSDT', 't': 1703329985506, 'v': 0.8599}, {'c': None, 'p': 2282.05, 's': 'BINANCE:ETHUSDT', 't': 1703329985506, 'v': 0.0542}], [{'c': None, 'p': 2282.05, 's': 'BINANCE:ETHUSDT', 't': 1703329985506, 'v': 0.4474}, {'c': None, 'p': 2282.05, 's': 'BINANCE:ETHUSDT', 't': 1703329985512, 'v': 0.5217}, {'c': None, 'p': 2282.05, 's': 'BINANCE:ETHUSDT', 't': 1703329985512, 'v': 0.0123}, {'c': None, 'p': 2282.05, 's': 'BINANCE:ETHUSDT', 't': 1703329985512, 'v': 0.14}, {'c': None, 'p': 2282.05, 's': 'BINANCE:ETHUSDT', 't': 1703329985512, 'v': 0.0876}, {'c': None, 'p': 2282.05, 's': 'BINANCE:ETHUSDT', 't': 1703329985512, 'v': 0.7686}, {'c': None, 'p': 2282.05, 's': 'BINANCE:ETHUSDT', 't': 1703329985512, 'v': 0.0362}, {'c': None, 'p': 2282.05, 's': 'BINANCE:ETHUSDT', 't': 1703329985512, 'v': 1.0386}, {'c': None, 'p': 2282.05, 's': 'BINANCE:ETHUSDT', 't': 1703329985513, 'v': 0.6191}, {'c': None, 'p': 2282.05, 's': 'BINANCE:ETHUSDT', 't': 1703329985513, 'v': 1.1631}], [{'c': None, 'p': 2282.05, 's': 'BINANCE:ETHUSDT', 't': 1703329985513, 'v': 0.5333}, {'c': None, 'p': 2282.09, 's': 'BINANCE:ETHUSDT', 't': 1703329985514, 'v': 0.4522}, {'c': None, 'p': 2282.1, 's': 'BINANCE:ETHUSDT', 't': 1703329985514, 'v': 2.1497}, {'c': None, 'p': 2282.1, 's': 'BINANCE:ETHUSDT', 't': 1703329985514, 'v': 0.8599}, {'c': None, 'p': 2282.13, 's': 'BINANCE:ETHUSDT', 't': 1703329985516, 'v': 0.0318}, {'c': None, 'p': 2282.13, 's': 'BINANCE:ETHUSDT', 't': 1703329985516, 'v': 0.0127}, {'c': None, 'p': 2282.14, 's': 'BINANCE:ETHUSDT', 't': 1703329985516, 'v': 0.5333}, {'c': None, 'p': 2282.14, 's': 'BINANCE:ETHUSDT', 't': 1703329985519, 'v': 2.0206}, {'c': None, 'p': 2282.15, 's': 'BINANCE:ETHUSDT', 't': 1703329985519, 'v': 5.2296}, {'c': None, 'p': 2282.18, 's': 'BINANCE:ETHUSDT', 't': 1703329985533, 'v': 0.0318}]]
[2023-12-23T11:43:44.087+0000] {hive.py:475} INFO - 
                            INSERT INTO temp_avro_data
                            VALUES (

                                2282.05,
                                'BINANCE',  -- New 'exchange' attribute
                                'ETHUSDT',  -- New 'crypto_pair' attribute
                                1703329980025,
                                0.0116
                            )
                        
[2023-12-23T11:43:46.480+0000] {hive.py:475} INFO - 
                            INSERT INTO temp_avro_data
                            VALUES (

                                2282.04,
                                'BINANCE',  -- New 'exchange' attribute
                                'ETHUSDT',  -- New 'crypto_pair' attribute
                                1703329980026,
                                0.0415
                            )
                        
[2023-12-23T11:43:48.858+0000] {hive.py:475} INFO - 
                            INSERT INTO temp_avro_data
                            VALUES (

                                2282.05,
                                'BINANCE',  -- New 'exchange' attribute
                                'ETHUSDT',  -- New 'crypto_pair' attribute
                                1703329980026,
                                0.0119
                            )
                        
[2023-12-23T11:43:51.628+0000] {hive.py:475} INFO - 
                            INSERT INTO temp_avro_data
                            VALUES (

                                2282.04,
                                'BINANCE',  -- New 'exchange' attribute
                                'ETHUSDT',  -- New 'crypto_pair' attribute
                                1703329980026,
                                0.0202
                            )
                        
[2023-12-23T11:43:54.065+0000] {hive.py:475} INFO - 
                            INSERT INTO temp_avro_data
                            VALUES (

                                2282.04,
                                'BINANCE',  -- New 'exchange' attribute
                                'ETHUSDT',  -- New 'crypto_pair' attribute
                                1703329980027,
                                0.0096
                            )
                        
[2023-12-23T11:43:56.669+0000] {hive.py:475} INFO - 
                            INSERT INTO temp_avro_data
                            VALUES (

                                2282.05,
                                'BINANCE',  -- New 'exchange' attribute
                                'ETHUSDT',  -- New 'crypto_pair' attribute
                                1703329980027,
                                0.0445
                            )
                        
[2023-12-23T11:43:59.695+0000] {hive.py:475} INFO - 
                            INSERT INTO temp_avro_data
                            VALUES (

                                43537.24,
                                'BINANCE',  -- New 'exchange' attribute
                                'BTCUSDT',  -- New 'crypto_pair' attribute
                                1703329980027,
                                0.0004
                            )
                        
[2023-12-23T11:44:02.606+0000] {hive.py:475} INFO - 
                            INSERT INTO temp_avro_data
                            VALUES (

                                43537.24,
                                'BINANCE',  -- New 'exchange' attribute
                                'BTCUSDT',  -- New 'crypto_pair' attribute
                                1703329980035,
                                0.00262
                            )
                        
[2023-12-23T11:44:05.099+0000] {hive.py:475} INFO - 
                            INSERT INTO temp_avro_data
                            VALUES (

                                43537.24,
                                'BINANCE',  -- New 'exchange' attribute
                                'BTCUSDT',  -- New 'crypto_pair' attribute
                                1703329980035,
                                0.0463
                            )
                        
[2023-12-23T11:44:07.918+0000] {hive.py:475} INFO - 
                            INSERT INTO temp_avro_data
                            VALUES (

                                43537.25,
                                'BINANCE',  -- New 'exchange' attribute
                                'BTCUSDT',  -- New 'crypto_pair' attribute
                                1703329980041,
                                0.00168
                            )
                        
[2023-12-23T11:44:10.328+0000] {hive.py:475} INFO - 
                            INSERT INTO temp_avro_data
                            VALUES (

                                43537.24,
                                'BINANCE',  -- New 'exchange' attribute
                                'BTCUSDT',  -- New 'crypto_pair' attribute
                                1703329980608,
                                0.00039
                            )
                        
[2023-12-23T11:44:13.148+0000] {hive.py:475} INFO - 
                            INSERT INTO temp_avro_data
                            VALUES (

                                43537.24,
                                'BINANCE',  -- New 'exchange' attribute
                                'BTCUSDT',  -- New 'crypto_pair' attribute
                                1703329980613,
                                0.00015
                            )
                        
[2023-12-23T11:44:15.658+0000] {hive.py:475} INFO - 
                            INSERT INTO temp_avro_data
                            VALUES (

                                43537.24,
                                'BINANCE',  -- New 'exchange' attribute
                                'BTCUSDT',  -- New 'crypto_pair' attribute
                                1703329980616,
                                0.0002
                            )
                        
[2023-12-23T11:44:18.512+0000] {hive.py:475} INFO - 
                            INSERT INTO temp_avro_data
                            VALUES (

                                43537.24,
                                'BINANCE',  -- New 'exchange' attribute
                                'BTCUSDT',  -- New 'crypto_pair' attribute
                                1703329980422,
                                0.00519
                            )
                        
[2023-12-23T11:44:21.371+0000] {hive.py:475} INFO - 
                            INSERT INTO temp_avro_data
                            VALUES (

                                43537.24,
                                'BINANCE',  -- New 'exchange' attribute
                                'BTCUSDT',  -- New 'crypto_pair' attribute
                                1703329980515,
                                0.0009
                            )
                        
[2023-12-23T11:44:23.917+0000] {hive.py:475} INFO - 
                            INSERT INTO temp_avro_data
                            VALUES (

                                43537.24,
                                'BINANCE',  -- New 'exchange' attribute
                                'BTCUSDT',  -- New 'crypto_pair' attribute
                                1703329980577,
                                0.00015
                            )
                        
[2023-12-23T11:44:26.936+0000] {hive.py:475} INFO - 
                            INSERT INTO temp_avro_data
                            VALUES (

                                43537.25,
                                'BINANCE',  -- New 'exchange' attribute
                                'BTCUSDT',  -- New 'crypto_pair' attribute
                                1703329980580,
                                0.01171
                            )
                        
[2023-12-23T11:44:29.924+0000] {hive.py:475} INFO - 
                            INSERT INTO temp_avro_data
                            VALUES (

                                43537.24,
                                'BINANCE',  -- New 'exchange' attribute
                                'BTCUSDT',  -- New 'crypto_pair' attribute
                                1703329980593,
                                0.00015
                            )
                        
[2023-12-23T11:44:32.818+0000] {hive.py:475} INFO - 
                            INSERT INTO temp_avro_data
                            VALUES (

                                43537.24,
                                'BINANCE',  -- New 'exchange' attribute
                                'BTCUSDT',  -- New 'crypto_pair' attribute
                                1703329980597,
                                0.0002
                            )
                        
[2023-12-23T11:44:35.706+0000] {hive.py:475} INFO - 
                            INSERT INTO temp_avro_data
                            VALUES (

                                43537.24,
                                'BINANCE',  -- New 'exchange' attribute
                                'BTCUSDT',  -- New 'crypto_pair' attribute
                                1703329980632,
                                0.0002
                            )
                        
[2023-12-23T11:44:38.571+0000] {hive.py:475} INFO - 
                            INSERT INTO temp_avro_data
                            VALUES (

                                43537.24,
                                'BINANCE',  -- New 'exchange' attribute
                                'BTCUSDT',  -- New 'crypto_pair' attribute
                                1703329980657,
                                0.00223
                            )
                        
[2023-12-23T11:44:41.482+0000] {hive.py:475} INFO - 
                            INSERT INTO temp_avro_data
                            VALUES (

                                43537.24,
                                'BINANCE',  -- New 'exchange' attribute
                                'BTCUSDT',  -- New 'crypto_pair' attribute
                                1703329980658,
                                0.0002
                            )
                        
[2023-12-23T11:44:43.990+0000] {hive.py:475} INFO - 
                            INSERT INTO temp_avro_data
                            VALUES (

                                43537.24,
                                'BINANCE',  -- New 'exchange' attribute
                                'BTCUSDT',  -- New 'crypto_pair' attribute
                                1703329980682,
                                0.0002
                            )
                        
[2023-12-23T11:44:46.861+0000] {hive.py:475} INFO - 
                            INSERT INTO temp_avro_data
                            VALUES (

                                43537.24,
                                'BINANCE',  -- New 'exchange' attribute
                                'BTCUSDT',  -- New 'crypto_pair' attribute
                                1703329980879,
                                0.00387
                            )
                        
[2023-12-23T11:44:49.357+0000] {hive.py:475} INFO - 
                            INSERT INTO temp_avro_data
                            VALUES (

                                43537.24,
                                'BINANCE',  -- New 'exchange' attribute
                                'BTCUSDT',  -- New 'crypto_pair' attribute
                                1703329982222,
                                0.00018
                            )
                        
[2023-12-23T11:44:52.228+0000] {hive.py:475} INFO - 
                            INSERT INTO temp_avro_data
                            VALUES (

                                43537.24,
                                'BINANCE',  -- New 'exchange' attribute
                                'BTCUSDT',  -- New 'crypto_pair' attribute
                                1703329982263,
                                0.00024
                            )
                        
[2023-12-23T11:44:55.131+0000] {hive.py:475} INFO - 
                            INSERT INTO temp_avro_data
                            VALUES (

                                43537.24,
                                'BINANCE',  -- New 'exchange' attribute
                                'BTCUSDT',  -- New 'crypto_pair' attribute
                                1703329982271,
                                0.01242
                            )
                        
[2023-12-23T11:44:58.256+0000] {hive.py:475} INFO - 
                            INSERT INTO temp_avro_data
                            VALUES (

                                2282.04,
                                'BINANCE',  -- New 'exchange' attribute
                                'ETHUSDT',  -- New 'crypto_pair' attribute
                                1703329982819,
                                0.0192
                            )
                        
[2023-12-23T11:45:01.216+0000] {hive.py:475} INFO - 
                            INSERT INTO temp_avro_data
                            VALUES (

                                43537.24,
                                'BINANCE',  -- New 'exchange' attribute
                                'BTCUSDT',  -- New 'crypto_pair' attribute
                                1703329983256,
                                0.00377
                            )
                        
[2023-12-23T11:45:03.781+0000] {hive.py:475} INFO - 
                            INSERT INTO temp_avro_data
                            VALUES (

                                2282.05,
                                'BINANCE',  -- New 'exchange' attribute
                                'ETHUSDT',  -- New 'crypto_pair' attribute
                                1703329983422,
                                0.126
                            )
                        
[2023-12-23T11:45:06.726+0000] {hive.py:475} INFO - 
                            INSERT INTO temp_avro_data
                            VALUES (

                                43537.24,
                                'BINANCE',  -- New 'exchange' attribute
                                'BTCUSDT',  -- New 'crypto_pair' attribute
                                1703329983855,
                                0.00098
                            )
                        
[2023-12-23T11:45:09.693+0000] {hive.py:475} INFO - 
                            INSERT INTO temp_avro_data
                            VALUES (

                                43537.24,
                                'BINANCE',  -- New 'exchange' attribute
                                'BTCUSDT',  -- New 'crypto_pair' attribute
                                1703329983876,
                                0.00088
                            )
                        
[2023-12-23T11:45:12.761+0000] {hive.py:475} INFO - 
                            INSERT INTO temp_avro_data
                            VALUES (

                                43537.24,
                                'BINANCE',  -- New 'exchange' attribute
                                'BTCUSDT',  -- New 'crypto_pair' attribute
                                1703329983900,
                                0.00088
                            )
                        
[2023-12-23T11:45:15.742+0000] {hive.py:475} INFO - 
                            INSERT INTO temp_avro_data
                            VALUES (

                                43537.24,
                                'BINANCE',  -- New 'exchange' attribute
                                'BTCUSDT',  -- New 'crypto_pair' attribute
                                1703329983949,
                                0.00086
                            )
                        
[2023-12-23T11:45:18.735+0000] {hive.py:475} INFO - 
                            INSERT INTO temp_avro_data
                            VALUES (

                                43537.25,
                                'BINANCE',  -- New 'exchange' attribute
                                'BTCUSDT',  -- New 'crypto_pair' attribute
                                1703329984073,
                                0.00037
                            )
                        
[2023-12-23T11:45:21.339+0000] {hive.py:475} INFO - 
                            INSERT INTO temp_avro_data
                            VALUES (

                                43537.24,
                                'BINANCE',  -- New 'exchange' attribute
                                'BTCUSDT',  -- New 'crypto_pair' attribute
                                1703329984251,
                                0.00061
                            )
                        
[2023-12-23T11:45:24.364+0000] {hive.py:475} INFO - 
                            INSERT INTO temp_avro_data
                            VALUES (

                                43537.24,
                                'BINANCE',  -- New 'exchange' attribute
                                'BTCUSDT',  -- New 'crypto_pair' attribute
                                1703329984273,
                                0.00088
                            )
                        
[2023-12-23T11:45:27.368+0000] {hive.py:475} INFO - 
                            INSERT INTO temp_avro_data
                            VALUES (

                                43537.24,
                                'BINANCE',  -- New 'exchange' attribute
                                'BTCUSDT',  -- New 'crypto_pair' attribute
                                1703329984297,
                                0.00079
                            )
                        
[2023-12-23T11:45:30.358+0000] {hive.py:475} INFO - 
                            INSERT INTO temp_avro_data
                            VALUES (

                                43537.25,
                                'BINANCE',  -- New 'exchange' attribute
                                'BTCUSDT',  -- New 'crypto_pair' attribute
                                1703329984696,
                                0.00023
                            )
                        
[2023-12-23T11:45:33.400+0000] {hive.py:475} INFO - 
                            INSERT INTO temp_avro_data
                            VALUES (

                                2282.05,
                                'BINANCE',  -- New 'exchange' attribute
                                'ETHUSDT',  -- New 'crypto_pair' attribute
                                1703329984830,
                                0.2421
                            )
                        
[2023-12-23T11:45:36.483+0000] {hive.py:475} INFO - 
                            INSERT INTO temp_avro_data
                            VALUES (

                                43537.24,
                                'BINANCE',  -- New 'exchange' attribute
                                'BTCUSDT',  -- New 'crypto_pair' attribute
                                1703329985074,
                                0.00016
                            )
                        
[2023-12-23T11:45:39.715+0000] {hive.py:475} INFO - 
                            INSERT INTO temp_avro_data
                            VALUES (

                                43537.24,
                                'BINANCE',  -- New 'exchange' attribute
                                'BTCUSDT',  -- New 'crypto_pair' attribute
                                1703329985216,
                                0.00255
                            )
                        
[2023-12-23T11:45:42.673+0000] {hive.py:475} INFO - 
                            INSERT INTO temp_avro_data
                            VALUES (

                                2282.04,
                                'BINANCE',  -- New 'exchange' attribute
                                'ETHUSDT',  -- New 'crypto_pair' attribute
                                1703329985289,
                                0.542
                            )
                        
[2023-12-23T11:45:45.229+0000] {hive.py:475} INFO - 
                            INSERT INTO temp_avro_data
                            VALUES (

                                43537.24,
                                'BINANCE',  -- New 'exchange' attribute
                                'BTCUSDT',  -- New 'crypto_pair' attribute
                                1703329985362,
                                0.00468
                            )
                        
[2023-12-23T11:45:47.860+0000] {hive.py:475} INFO - 
                            INSERT INTO temp_avro_data
                            VALUES (

                                43537.25,
                                'BINANCE',  -- New 'exchange' attribute
                                'BTCUSDT',  -- New 'crypto_pair' attribute
                                1703329985397,
                                0.00147
                            )
                        
[2023-12-23T11:45:50.478+0000] {hive.py:475} INFO - 
                            INSERT INTO temp_avro_data
                            VALUES (

                                2282.05,
                                'BINANCE',  -- New 'exchange' attribute
                                'ETHUSDT',  -- New 'crypto_pair' attribute
                                1703329985506,
                                0.7621
                            )
                        
[2023-12-23T11:45:53.157+0000] {hive.py:475} INFO - 
                            INSERT INTO temp_avro_data
                            VALUES (

                                2282.05,
                                'BINANCE',  -- New 'exchange' attribute
                                'ETHUSDT',  -- New 'crypto_pair' attribute
                                1703329985506,
                                0.8599
                            )
                        
[2023-12-23T11:45:55.811+0000] {hive.py:475} INFO - 
                            INSERT INTO temp_avro_data
                            VALUES (

                                2282.05,
                                'BINANCE',  -- New 'exchange' attribute
                                'ETHUSDT',  -- New 'crypto_pair' attribute
                                1703329985506,
                                0.0542
                            )
                        
[2023-12-23T11:45:58.605+0000] {hive.py:475} INFO - 
                            INSERT INTO temp_avro_data
                            VALUES (

                                2282.05,
                                'BINANCE',  -- New 'exchange' attribute
                                'ETHUSDT',  -- New 'crypto_pair' attribute
                                1703329985506,
                                0.4474
                            )
                        
[2023-12-23T11:46:01.622+0000] {hive.py:475} INFO - 
                            INSERT INTO temp_avro_data
                            VALUES (

                                2282.05,
                                'BINANCE',  -- New 'exchange' attribute
                                'ETHUSDT',  -- New 'crypto_pair' attribute
                                1703329985512,
                                0.5217
                            )
                        
[2023-12-23T11:46:04.548+0000] {hive.py:475} INFO - 
                            INSERT INTO temp_avro_data
                            VALUES (

                                2282.05,
                                'BINANCE',  -- New 'exchange' attribute
                                'ETHUSDT',  -- New 'crypto_pair' attribute
                                1703329985512,
                                0.0123
                            )
                        
[2023-12-23T11:46:07.545+0000] {hive.py:475} INFO - 
                            INSERT INTO temp_avro_data
                            VALUES (

                                2282.05,
                                'BINANCE',  -- New 'exchange' attribute
                                'ETHUSDT',  -- New 'crypto_pair' attribute
                                1703329985512,
                                0.14
                            )
                        
[2023-12-23T11:46:10.524+0000] {hive.py:475} INFO - 
                            INSERT INTO temp_avro_data
                            VALUES (

                                2282.05,
                                'BINANCE',  -- New 'exchange' attribute
                                'ETHUSDT',  -- New 'crypto_pair' attribute
                                1703329985512,
                                0.0876
                            )
                        
[2023-12-23T11:46:13.540+0000] {hive.py:475} INFO - 
                            INSERT INTO temp_avro_data
                            VALUES (

                                2282.05,
                                'BINANCE',  -- New 'exchange' attribute
                                'ETHUSDT',  -- New 'crypto_pair' attribute
                                1703329985512,
                                0.7686
                            )
                        
[2023-12-23T11:46:16.081+0000] {hive.py:475} INFO - 
                            INSERT INTO temp_avro_data
                            VALUES (

                                2282.05,
                                'BINANCE',  -- New 'exchange' attribute
                                'ETHUSDT',  -- New 'crypto_pair' attribute
                                1703329985512,
                                0.0362
                            )
                        
[2023-12-23T11:46:18.668+0000] {hive.py:475} INFO - 
                            INSERT INTO temp_avro_data
                            VALUES (

                                2282.05,
                                'BINANCE',  -- New 'exchange' attribute
                                'ETHUSDT',  -- New 'crypto_pair' attribute
                                1703329985512,
                                1.0386
                            )
                        
[2023-12-23T11:46:21.639+0000] {hive.py:475} INFO - 
                            INSERT INTO temp_avro_data
                            VALUES (

                                2282.05,
                                'BINANCE',  -- New 'exchange' attribute
                                'ETHUSDT',  -- New 'crypto_pair' attribute
                                1703329985513,
                                0.6191
                            )
                        
[2023-12-23T11:46:24.172+0000] {hive.py:475} INFO - 
                            INSERT INTO temp_avro_data
                            VALUES (

                                2282.05,
                                'BINANCE',  -- New 'exchange' attribute
                                'ETHUSDT',  -- New 'crypto_pair' attribute
                                1703329985513,
                                1.1631
                            )
                        
[2023-12-23T11:46:26.733+0000] {hive.py:475} INFO - 
                            INSERT INTO temp_avro_data
                            VALUES (

                                2282.05,
                                'BINANCE',  -- New 'exchange' attribute
                                'ETHUSDT',  -- New 'crypto_pair' attribute
                                1703329985513,
                                0.5333
                            )
                        
[2023-12-23T11:46:29.839+0000] {hive.py:475} INFO - 
                            INSERT INTO temp_avro_data
                            VALUES (

                                2282.09,
                                'BINANCE',  -- New 'exchange' attribute
                                'ETHUSDT',  -- New 'crypto_pair' attribute
                                1703329985514,
                                0.4522
                            )
                        
[2023-12-23T11:46:32.385+0000] {hive.py:475} INFO - 
                            INSERT INTO temp_avro_data
                            VALUES (

                                2282.1,
                                'BINANCE',  -- New 'exchange' attribute
                                'ETHUSDT',  -- New 'crypto_pair' attribute
                                1703329985514,
                                2.1497
                            )
                        
[2023-12-23T11:46:34.948+0000] {hive.py:475} INFO - 
                            INSERT INTO temp_avro_data
                            VALUES (

                                2282.1,
                                'BINANCE',  -- New 'exchange' attribute
                                'ETHUSDT',  -- New 'crypto_pair' attribute
                                1703329985514,
                                0.8599
                            )
                        
[2023-12-23T11:46:37.545+0000] {hive.py:475} INFO - 
                            INSERT INTO temp_avro_data
                            VALUES (

                                2282.13,
                                'BINANCE',  -- New 'exchange' attribute
                                'ETHUSDT',  -- New 'crypto_pair' attribute
                                1703329985516,
                                0.0318
                            )
                        
[2023-12-23T11:46:40.498+0000] {hive.py:475} INFO - 
                            INSERT INTO temp_avro_data
                            VALUES (

                                2282.13,
                                'BINANCE',  -- New 'exchange' attribute
                                'ETHUSDT',  -- New 'crypto_pair' attribute
                                1703329985516,
                                0.0127
                            )
                        
[2023-12-23T11:46:43.441+0000] {hive.py:475} INFO - 
                            INSERT INTO temp_avro_data
                            VALUES (

                                2282.14,
                                'BINANCE',  -- New 'exchange' attribute
                                'ETHUSDT',  -- New 'crypto_pair' attribute
                                1703329985516,
                                0.5333
                            )
                        
[2023-12-23T11:46:46.403+0000] {hive.py:475} INFO - 
                            INSERT INTO temp_avro_data
                            VALUES (

                                2282.14,
                                'BINANCE',  -- New 'exchange' attribute
                                'ETHUSDT',  -- New 'crypto_pair' attribute
                                1703329985519,
                                2.0206
                            )
                        
[2023-12-23T11:46:49.385+0000] {hive.py:475} INFO - 
                            INSERT INTO temp_avro_data
                            VALUES (

                                2282.15,
                                'BINANCE',  -- New 'exchange' attribute
                                'ETHUSDT',  -- New 'crypto_pair' attribute
                                1703329985519,
                                5.2296
                            )
                        
[2023-12-23T11:46:52.099+0000] {hive.py:475} INFO - 
                            INSERT INTO temp_avro_data
                            VALUES (

                                2282.18,
                                'BINANCE',  -- New 'exchange' attribute
                                'ETHUSDT',  -- New 'crypto_pair' attribute
                                1703329985533,
                                0.0318
                            )
                        
[2023-12-23T11:46:55.240+0000] {logging_mixin.py:188} INFO - 
Inserting batch into Hive...
[2023-12-23T11:46:55.244+0000] {hive.py:475} INFO - 
            INSERT INTO TABLE finnhub_table 
            SELECT *
            FROM temp_avro_data
        
[2023-12-23T11:49:16.993+0000] {logging_mixin.py:188} INFO - Batch successfully inserted into Hive.
[2023-12-23T11:49:16.994+0000] {logging_mixin.py:188} INFO - finish
[2023-12-23T11:49:17.006+0000] {python.py:201} INFO - Done. Returned value was: None
[2023-12-23T11:49:17.014+0000] {taskinstance.py:1138} INFO - Marking task as SUCCESS. dag_id=batch_layer, task_id=consume_data, execution_date=20231223T114321, start_date=20231223T114325, end_date=20231223T114917
[2023-12-23T11:49:17.066+0000] {local_task_job_runner.py:234} INFO - Task exited with return code 0
[2023-12-23T11:49:17.077+0000] {taskinstance.py:3281} INFO - 1 downstream tasks scheduled from follow-on schedule check
