[2023-12-24T15:46:53.255+0000] {taskinstance.py:1957} INFO - Dependencies all met for dep_context=non-requeueable deps ti=<TaskInstance: batch_layer.batch_0 scheduled__2023-12-23T00:00:00+00:00 [queued]>
[2023-12-24T15:46:53.261+0000] {taskinstance.py:1957} INFO - Dependencies all met for dep_context=requeueable deps ti=<TaskInstance: batch_layer.batch_0 scheduled__2023-12-23T00:00:00+00:00 [queued]>
[2023-12-24T15:46:53.262+0000] {taskinstance.py:2171} INFO - Starting attempt 1 of 2
[2023-12-24T15:46:53.278+0000] {taskinstance.py:2192} INFO - Executing <Task(PythonOperator): batch_0> on 2023-12-23 00:00:00+00:00
[2023-12-24T15:46:53.284+0000] {standard_task_runner.py:60} INFO - Started process 299 to run task
[2023-12-24T15:46:53.288+0000] {standard_task_runner.py:87} INFO - Running: ['airflow', 'tasks', 'run', 'batch_layer', 'batch_0', 'scheduled__2023-12-23T00:00:00+00:00', '--job-id', '8', '--raw', '--subdir', 'DAGS_FOLDER/BatchLayerDag.py', '--cfg-path', '/tmp/tmphon9_wad']
[2023-12-24T15:46:53.291+0000] {standard_task_runner.py:88} INFO - Job 8: Subtask batch_0
[2023-12-24T15:46:53.341+0000] {task_command.py:423} INFO - Running <TaskInstance: batch_layer.batch_0 scheduled__2023-12-23T00:00:00+00:00 [running]> on host 83b53490fe78
[2023-12-24T15:46:53.399+0000] {taskinstance.py:2481} INFO - Exporting env vars: AIRFLOW_CTX_DAG_EMAIL='airflow@example.com' AIRFLOW_CTX_DAG_OWNER='airflow' AIRFLOW_CTX_DAG_ID='batch_layer' AIRFLOW_CTX_TASK_ID='batch_0' AIRFLOW_CTX_EXECUTION_DATE='2023-12-23T00:00:00+00:00' AIRFLOW_CTX_TRY_NUMBER='1' AIRFLOW_CTX_DAG_RUN_ID='scheduled__2023-12-23T00:00:00+00:00'
[2023-12-24T15:46:53.512+0000] {hive.py:475} INFO - USE `finnhub_db`
[2023-12-24T15:46:53.589+0000] {hive.py:475} INFO - 
                SELECT *
                FROM finnhub_table
            
[2023-12-24T15:47:00.036+0000] {logging_mixin.py:188} INFO -           date  hour           s         sum_v
0   2023-12-17    21     BINANCE  1.786930e+02
1   2023-12-20    19        AAPL  1.306796e+06
2   2023-12-20    19        AMZN  1.950018e+06
3   2023-12-20    19  IC MARKETS  0.000000e+00
4   2023-12-21    21        AAPL  3.220000e+02
5   2023-12-21    21        AMZN  2.300000e+01
6   2023-12-21    21     BINANCE  6.328740e+02
7   2023-12-22    15        AAPL  5.712000e+03
8   2023-12-22    15        AMZN  2.079000e+03
9   2023-12-22    15     BINANCE  1.152900e-01
10  2023-12-22    15        MSFT  2.583000e+03
11  2023-12-22    20        AAPL  8.880900e+04
12  2023-12-22    20        AMZN  8.700300e+04
13  2023-12-22    20     BINANCE  1.799637e+01
14  2023-12-22    20        MSFT  5.075700e+04
15  2023-12-22    21        AAPL  5.625400e+04
16  2023-12-22    21        AMZN  8.540000e+02
17  2023-12-22    21     BINANCE  2.314658e+03
18  2023-12-22    23        AAPL  2.444000e+03
19  2023-12-22    23        AMZN  1.610000e+02
20  2023-12-22    23     BINANCE  3.907595e+02
21  2023-12-22    23        MSFT  2.800000e+02
22  2023-12-23    11     BINANCE  3.753173e+02
23  2023-12-23    13     BINANCE  6.362100e+02
[2023-12-24T15:47:00.039+0000] {logging_mixin.py:188} INFO - File '/tmp/batchViews/parquet_output.parquet' already exists.
[2023-12-24T15:47:00.105+0000] {logging_mixin.py:188} INFO -           date  hour           s         sum_v
0   2023-12-17    21     BINANCE  1.786930e+02
1   2023-12-20    19        AAPL  1.306796e+06
2   2023-12-20    19        AMZN  1.950018e+06
3   2023-12-20    19  IC MARKETS  0.000000e+00
4   2023-12-21    21        AAPL  3.220000e+02
5   2023-12-21    21        AMZN  2.300000e+01
6   2023-12-21    21     BINANCE  6.328740e+02
7   2023-12-22    15        AAPL  5.712000e+03
8   2023-12-22    15        AMZN  2.079000e+03
9   2023-12-22    15     BINANCE  1.152900e-01
10  2023-12-22    15        MSFT  2.583000e+03
11  2023-12-22    20        AAPL  8.880900e+04
12  2023-12-22    20        AMZN  8.700300e+04
13  2023-12-22    20     BINANCE  1.799637e+01
14  2023-12-22    20        MSFT  5.075700e+04
15  2023-12-22    21        AAPL  5.625400e+04
16  2023-12-22    21        AMZN  8.540000e+02
17  2023-12-22    21     BINANCE  2.314658e+03
18  2023-12-22    23        AAPL  2.444000e+03
19  2023-12-22    23        AMZN  1.610000e+02
20  2023-12-22    23     BINANCE  3.907595e+02
21  2023-12-22    23        MSFT  2.800000e+02
22  2023-12-23    11     BINANCE  3.753173e+02
23  2023-12-23    13     BINANCE  6.362100e+02
[2023-12-24T15:47:00.118+0000] {python.py:201} INFO - Done. Returned value was: None
[2023-12-24T15:47:00.125+0000] {taskinstance.py:1138} INFO - Marking task as SUCCESS. dag_id=batch_layer, task_id=batch_0, execution_date=20231223T000000, start_date=20231224T154653, end_date=20231224T154700
[2023-12-24T15:47:00.174+0000] {local_task_job_runner.py:234} INFO - Task exited with return code 0
[2023-12-24T15:47:00.183+0000] {taskinstance.py:3281} INFO - 0 downstream tasks scheduled from follow-on schedule check
[2023-12-24T15:56:25.193+0000] {taskinstance.py:1957} INFO - Dependencies all met for dep_context=non-requeueable deps ti=<TaskInstance: batch_layer.batch_0 scheduled__2023-12-23T00:00:00+00:00 [queued]>
[2023-12-24T15:56:25.197+0000] {taskinstance.py:1957} INFO - Dependencies all met for dep_context=requeueable deps ti=<TaskInstance: batch_layer.batch_0 scheduled__2023-12-23T00:00:00+00:00 [queued]>
[2023-12-24T15:56:25.197+0000] {taskinstance.py:2171} INFO - Starting attempt 1 of 2
[2023-12-24T15:56:25.207+0000] {taskinstance.py:2192} INFO - Executing <Task(PythonOperator): batch_0> on 2023-12-23 00:00:00+00:00
[2023-12-24T15:56:25.213+0000] {standard_task_runner.py:60} INFO - Started process 298 to run task
[2023-12-24T15:56:25.215+0000] {standard_task_runner.py:87} INFO - Running: ['airflow', 'tasks', 'run', 'batch_layer', 'batch_0', 'scheduled__2023-12-23T00:00:00+00:00', '--job-id', '8', '--raw', '--subdir', 'DAGS_FOLDER/BatchLayerDag.py', '--cfg-path', '/tmp/tmpyg0hvf8g']
[2023-12-24T15:56:25.217+0000] {standard_task_runner.py:88} INFO - Job 8: Subtask batch_0
[2023-12-24T15:56:25.244+0000] {task_command.py:423} INFO - Running <TaskInstance: batch_layer.batch_0 scheduled__2023-12-23T00:00:00+00:00 [running]> on host be1f0ffa1f05
[2023-12-24T15:56:25.284+0000] {taskinstance.py:2481} INFO - Exporting env vars: AIRFLOW_CTX_DAG_EMAIL='airflow@example.com' AIRFLOW_CTX_DAG_OWNER='airflow' AIRFLOW_CTX_DAG_ID='batch_layer' AIRFLOW_CTX_TASK_ID='batch_0' AIRFLOW_CTX_EXECUTION_DATE='2023-12-23T00:00:00+00:00' AIRFLOW_CTX_TRY_NUMBER='1' AIRFLOW_CTX_DAG_RUN_ID='scheduled__2023-12-23T00:00:00+00:00'
[2023-12-24T15:56:25.341+0000] {hive.py:475} INFO - USE `finnhub_db`
[2023-12-24T15:56:25.390+0000] {hive.py:475} INFO - 
                SELECT *
                FROM finnhub_table
            
[2023-12-24T15:56:29.496+0000] {logging_mixin.py:188} INFO -           date  hour           s         sum_v
0   2023-12-17    21     BINANCE  1.786930e+02
1   2023-12-20    19        AAPL  1.306796e+06
2   2023-12-20    19        AMZN  1.950018e+06
3   2023-12-20    19  IC MARKETS  0.000000e+00
4   2023-12-21    21        AAPL  3.220000e+02
5   2023-12-21    21        AMZN  2.300000e+01
6   2023-12-21    21     BINANCE  6.328740e+02
7   2023-12-22    15        AAPL  5.712000e+03
8   2023-12-22    15        AMZN  2.079000e+03
9   2023-12-22    15     BINANCE  1.152900e-01
10  2023-12-22    15        MSFT  2.583000e+03
11  2023-12-22    20        AAPL  8.880900e+04
12  2023-12-22    20        AMZN  8.700300e+04
13  2023-12-22    20     BINANCE  1.799637e+01
14  2023-12-22    20        MSFT  5.075700e+04
15  2023-12-22    21        AAPL  5.625400e+04
16  2023-12-22    21        AMZN  8.540000e+02
17  2023-12-22    21     BINANCE  2.314658e+03
18  2023-12-22    23        AAPL  2.444000e+03
19  2023-12-22    23        AMZN  1.610000e+02
20  2023-12-22    23     BINANCE  3.907595e+02
21  2023-12-22    23        MSFT  2.800000e+02
22  2023-12-23    11     BINANCE  3.753173e+02
23  2023-12-23    13     BINANCE  6.362100e+02
[2023-12-24T15:56:29.497+0000] {logging_mixin.py:188} INFO - File '/tmp/batchViews/parquet_output.parquet' already exists.
[2023-12-24T15:56:29.539+0000] {logging_mixin.py:188} INFO -           date  hour           s         sum_v
0   2023-12-17    21     BINANCE  1.786930e+02
1   2023-12-20    19        AAPL  1.306796e+06
2   2023-12-20    19        AMZN  1.950018e+06
3   2023-12-20    19  IC MARKETS  0.000000e+00
4   2023-12-21    21        AAPL  3.220000e+02
5   2023-12-21    21        AMZN  2.300000e+01
6   2023-12-21    21     BINANCE  6.328740e+02
7   2023-12-22    15        AAPL  5.712000e+03
8   2023-12-22    15        AMZN  2.079000e+03
9   2023-12-22    15     BINANCE  1.152900e-01
10  2023-12-22    15        MSFT  2.583000e+03
11  2023-12-22    20        AAPL  8.880900e+04
12  2023-12-22    20        AMZN  8.700300e+04
13  2023-12-22    20     BINANCE  1.799637e+01
14  2023-12-22    20        MSFT  5.075700e+04
15  2023-12-22    21        AAPL  5.625400e+04
16  2023-12-22    21        AMZN  8.540000e+02
17  2023-12-22    21     BINANCE  2.314658e+03
18  2023-12-22    23        AAPL  2.444000e+03
19  2023-12-22    23        AMZN  1.610000e+02
20  2023-12-22    23     BINANCE  3.907595e+02
21  2023-12-22    23        MSFT  2.800000e+02
22  2023-12-23    11     BINANCE  3.753173e+02
23  2023-12-23    13     BINANCE  6.362100e+02
[2023-12-24T15:56:29.548+0000] {python.py:201} INFO - Done. Returned value was: None
[2023-12-24T15:56:29.552+0000] {taskinstance.py:1138} INFO - Marking task as SUCCESS. dag_id=batch_layer, task_id=batch_0, execution_date=20231223T000000, start_date=20231224T155625, end_date=20231224T155629
[2023-12-24T15:56:29.604+0000] {local_task_job_runner.py:234} INFO - Task exited with return code 0
[2023-12-24T15:56:29.612+0000] {taskinstance.py:3281} INFO - 0 downstream tasks scheduled from follow-on schedule check
[2023-12-24T17:08:09.295+0000] {taskinstance.py:1957} INFO - Dependencies all met for dep_context=non-requeueable deps ti=<TaskInstance: batch_layer.batch_0 scheduled__2023-12-23T00:00:00+00:00 [queued]>
[2023-12-24T17:08:09.301+0000] {taskinstance.py:1957} INFO - Dependencies all met for dep_context=requeueable deps ti=<TaskInstance: batch_layer.batch_0 scheduled__2023-12-23T00:00:00+00:00 [queued]>
[2023-12-24T17:08:09.301+0000] {taskinstance.py:2171} INFO - Starting attempt 1 of 2
[2023-12-24T17:08:09.313+0000] {taskinstance.py:2192} INFO - Executing <Task(PythonOperator): batch_0> on 2023-12-23 00:00:00+00:00
[2023-12-24T17:08:09.318+0000] {standard_task_runner.py:60} INFO - Started process 298 to run task
[2023-12-24T17:08:09.320+0000] {standard_task_runner.py:87} INFO - Running: ['airflow', 'tasks', 'run', 'batch_layer', 'batch_0', 'scheduled__2023-12-23T00:00:00+00:00', '--job-id', '8', '--raw', '--subdir', 'DAGS_FOLDER/BatchLayerDag.py', '--cfg-path', '/tmp/tmptru76gos']
[2023-12-24T17:08:09.322+0000] {standard_task_runner.py:88} INFO - Job 8: Subtask batch_0
[2023-12-24T17:08:09.357+0000] {task_command.py:423} INFO - Running <TaskInstance: batch_layer.batch_0 scheduled__2023-12-23T00:00:00+00:00 [running]> on host 1e3b18e1227a
[2023-12-24T17:08:09.403+0000] {taskinstance.py:2481} INFO - Exporting env vars: AIRFLOW_CTX_DAG_EMAIL='airflow@example.com' AIRFLOW_CTX_DAG_OWNER='airflow' AIRFLOW_CTX_DAG_ID='batch_layer' AIRFLOW_CTX_TASK_ID='batch_0' AIRFLOW_CTX_EXECUTION_DATE='2023-12-23T00:00:00+00:00' AIRFLOW_CTX_TRY_NUMBER='1' AIRFLOW_CTX_DAG_RUN_ID='scheduled__2023-12-23T00:00:00+00:00'
[2023-12-24T17:08:09.468+0000] {hive.py:475} INFO - USE `finnhub_db`
[2023-12-24T17:08:09.520+0000] {hive.py:475} INFO - 
                SELECT *
                FROM finnhub_table
            
[2023-12-24T17:08:14.098+0000] {logging_mixin.py:188} INFO -           date  hour           s         sum_v
0   2023-12-17    21     BINANCE  1.786930e+02
1   2023-12-20    19        AAPL  1.306796e+06
2   2023-12-20    19        AMZN  1.950018e+06
3   2023-12-20    19  IC MARKETS  0.000000e+00
4   2023-12-21    21        AAPL  3.220000e+02
5   2023-12-21    21        AMZN  2.300000e+01
6   2023-12-21    21     BINANCE  6.328740e+02
7   2023-12-22    15        AAPL  5.712000e+03
8   2023-12-22    15        AMZN  2.079000e+03
9   2023-12-22    15     BINANCE  1.152900e-01
10  2023-12-22    15        MSFT  2.583000e+03
11  2023-12-22    20        AAPL  8.880900e+04
12  2023-12-22    20        AMZN  8.700300e+04
13  2023-12-22    20     BINANCE  1.799637e+01
14  2023-12-22    20        MSFT  5.075700e+04
15  2023-12-22    21        AAPL  5.625400e+04
16  2023-12-22    21        AMZN  8.540000e+02
17  2023-12-22    21     BINANCE  2.314658e+03
18  2023-12-22    23        AAPL  2.444000e+03
19  2023-12-22    23        AMZN  1.610000e+02
20  2023-12-22    23     BINANCE  3.907595e+02
21  2023-12-22    23        MSFT  2.800000e+02
22  2023-12-23    11     BINANCE  3.753173e+02
23  2023-12-23    13     BINANCE  6.362100e+02
[2023-12-24T17:08:14.100+0000] {logging_mixin.py:188} INFO - File '/tmp/batchViews/parquet_output.parquet' already exists.
[2023-12-24T17:08:14.139+0000] {logging_mixin.py:188} INFO -           date  hour           s         sum_v
0   2023-12-17    21     BINANCE  1.786930e+02
1   2023-12-20    19        AAPL  1.306796e+06
2   2023-12-20    19        AMZN  1.950018e+06
3   2023-12-20    19  IC MARKETS  0.000000e+00
4   2023-12-21    21        AAPL  3.220000e+02
5   2023-12-21    21        AMZN  2.300000e+01
6   2023-12-21    21     BINANCE  6.328740e+02
7   2023-12-22    15        AAPL  5.712000e+03
8   2023-12-22    15        AMZN  2.079000e+03
9   2023-12-22    15     BINANCE  1.152900e-01
10  2023-12-22    15        MSFT  2.583000e+03
11  2023-12-22    20        AAPL  8.880900e+04
12  2023-12-22    20        AMZN  8.700300e+04
13  2023-12-22    20     BINANCE  1.799637e+01
14  2023-12-22    20        MSFT  5.075700e+04
15  2023-12-22    21        AAPL  5.625400e+04
16  2023-12-22    21        AMZN  8.540000e+02
17  2023-12-22    21     BINANCE  2.314658e+03
18  2023-12-22    23        AAPL  2.444000e+03
19  2023-12-22    23        AMZN  1.610000e+02
20  2023-12-22    23     BINANCE  3.907595e+02
21  2023-12-22    23        MSFT  2.800000e+02
22  2023-12-23    11     BINANCE  3.753173e+02
23  2023-12-23    13     BINANCE  6.362100e+02
[2023-12-24T17:08:14.147+0000] {python.py:201} INFO - Done. Returned value was: None
[2023-12-24T17:08:14.152+0000] {taskinstance.py:1138} INFO - Marking task as SUCCESS. dag_id=batch_layer, task_id=batch_0, execution_date=20231223T000000, start_date=20231224T170809, end_date=20231224T170814
[2023-12-24T17:08:14.192+0000] {local_task_job_runner.py:234} INFO - Task exited with return code 0
[2023-12-24T17:08:14.202+0000] {taskinstance.py:3281} INFO - 0 downstream tasks scheduled from follow-on schedule check
[2023-12-24T18:16:22.566+0000] {taskinstance.py:1957} INFO - Dependencies all met for dep_context=non-requeueable deps ti=<TaskInstance: batch_layer.batch_0 scheduled__2023-12-23T00:00:00+00:00 [queued]>
[2023-12-24T18:16:22.570+0000] {taskinstance.py:1957} INFO - Dependencies all met for dep_context=requeueable deps ti=<TaskInstance: batch_layer.batch_0 scheduled__2023-12-23T00:00:00+00:00 [queued]>
[2023-12-24T18:16:22.571+0000] {taskinstance.py:2171} INFO - Starting attempt 1 of 2
[2023-12-24T18:16:22.581+0000] {taskinstance.py:2192} INFO - Executing <Task(PythonOperator): batch_0> on 2023-12-23 00:00:00+00:00
[2023-12-24T18:16:22.585+0000] {standard_task_runner.py:60} INFO - Started process 298 to run task
[2023-12-24T18:16:22.587+0000] {standard_task_runner.py:87} INFO - Running: ['airflow', 'tasks', 'run', 'batch_layer', 'batch_0', 'scheduled__2023-12-23T00:00:00+00:00', '--job-id', '8', '--raw', '--subdir', 'DAGS_FOLDER/BatchLayerDag.py', '--cfg-path', '/tmp/tmpuayrughd']
[2023-12-24T18:16:22.589+0000] {standard_task_runner.py:88} INFO - Job 8: Subtask batch_0
[2023-12-24T18:16:22.619+0000] {task_command.py:423} INFO - Running <TaskInstance: batch_layer.batch_0 scheduled__2023-12-23T00:00:00+00:00 [running]> on host c0475b589502
[2023-12-24T18:16:22.666+0000] {taskinstance.py:2481} INFO - Exporting env vars: AIRFLOW_CTX_DAG_EMAIL='airflow@example.com' AIRFLOW_CTX_DAG_OWNER='airflow' AIRFLOW_CTX_DAG_ID='batch_layer' AIRFLOW_CTX_TASK_ID='batch_0' AIRFLOW_CTX_EXECUTION_DATE='2023-12-23T00:00:00+00:00' AIRFLOW_CTX_TRY_NUMBER='1' AIRFLOW_CTX_DAG_RUN_ID='scheduled__2023-12-23T00:00:00+00:00'
[2023-12-24T18:16:22.731+0000] {hive.py:475} INFO - USE `finnhub_db`
[2023-12-24T18:16:22.780+0000] {hive.py:475} INFO - 
                SELECT *
                FROM finnhub_table
            
[2023-12-24T18:16:23.961+0000] {taskinstance.py:2699} ERROR - Task failed with exception
Traceback (most recent call last):
  File "/home/airflow/.local/lib/python3.8/site-packages/airflow/models/taskinstance.py", line 433, in _execute_task
    result = execute_callable(context=context, **execute_callable_kwargs)
  File "/home/airflow/.local/lib/python3.8/site-packages/airflow/operators/python.py", line 199, in execute
    return_value = self.execute_callable()
  File "/home/airflow/.local/lib/python3.8/site-packages/airflow/operators/python.py", line 216, in execute_callable
    return self.python_callable(*self.op_args, **self.op_kwargs)
  File "/opt/airflow/dags/BatchLayerDag.py", line 24, in batch_0
    b0.batch_proc_0()
  File "/opt/airflow/dags/batch_proc_0.py", line 36, in batch_proc_0
    df['t'] = pd.to_datetime(df['t'])
  File "/home/airflow/.local/lib/python3.8/site-packages/pandas/core/frame.py", line 3761, in __getitem__
    indexer = self.columns.get_loc(key)
  File "/home/airflow/.local/lib/python3.8/site-packages/pandas/core/indexes/range.py", line 349, in get_loc
    raise KeyError(key)
KeyError: 't'
[2023-12-24T18:16:23.973+0000] {taskinstance.py:1138} INFO - Marking task as UP_FOR_RETRY. dag_id=batch_layer, task_id=batch_0, execution_date=20231223T000000, start_date=20231224T181622, end_date=20231224T181623
[2023-12-24T18:16:23.982+0000] {standard_task_runner.py:107} ERROR - Failed to execute job 8 for task batch_0 ('t'; 298)
[2023-12-24T18:16:24.005+0000] {local_task_job_runner.py:234} INFO - Task exited with return code 1
[2023-12-24T18:16:24.013+0000] {taskinstance.py:3281} INFO - 0 downstream tasks scheduled from follow-on schedule check
[2023-12-24T19:11:09.195+0000] {taskinstance.py:1957} INFO - Dependencies all met for dep_context=non-requeueable deps ti=<TaskInstance: batch_layer.batch_0 scheduled__2023-12-23T00:00:00+00:00 [queued]>
[2023-12-24T19:11:09.200+0000] {taskinstance.py:1957} INFO - Dependencies all met for dep_context=requeueable deps ti=<TaskInstance: batch_layer.batch_0 scheduled__2023-12-23T00:00:00+00:00 [queued]>
[2023-12-24T19:11:09.200+0000] {taskinstance.py:2171} INFO - Starting attempt 1 of 2
[2023-12-24T19:11:09.210+0000] {taskinstance.py:2192} INFO - Executing <Task(PythonOperator): batch_0> on 2023-12-23 00:00:00+00:00
[2023-12-24T19:11:09.214+0000] {standard_task_runner.py:60} INFO - Started process 298 to run task
[2023-12-24T19:11:09.217+0000] {standard_task_runner.py:87} INFO - Running: ['airflow', 'tasks', 'run', 'batch_layer', 'batch_0', 'scheduled__2023-12-23T00:00:00+00:00', '--job-id', '8', '--raw', '--subdir', 'DAGS_FOLDER/BatchLayerDag.py', '--cfg-path', '/tmp/tmp245y4ng2']
[2023-12-24T19:11:09.218+0000] {standard_task_runner.py:88} INFO - Job 8: Subtask batch_0
[2023-12-24T19:11:09.245+0000] {task_command.py:423} INFO - Running <TaskInstance: batch_layer.batch_0 scheduled__2023-12-23T00:00:00+00:00 [running]> on host 465cb068660d
[2023-12-24T19:11:09.283+0000] {taskinstance.py:2481} INFO - Exporting env vars: AIRFLOW_CTX_DAG_EMAIL='airflow@example.com' AIRFLOW_CTX_DAG_OWNER='airflow' AIRFLOW_CTX_DAG_ID='batch_layer' AIRFLOW_CTX_TASK_ID='batch_0' AIRFLOW_CTX_EXECUTION_DATE='2023-12-23T00:00:00+00:00' AIRFLOW_CTX_TRY_NUMBER='1' AIRFLOW_CTX_DAG_RUN_ID='scheduled__2023-12-23T00:00:00+00:00'
[2023-12-24T19:11:09.351+0000] {hive.py:475} INFO - USE `finnhub_db`
[2023-12-24T19:11:09.400+0000] {hive.py:475} INFO - 
                SELECT *
                FROM finnhub_table
            
[2023-12-24T19:11:10.720+0000] {taskinstance.py:2699} ERROR - Task failed with exception
Traceback (most recent call last):
  File "/home/airflow/.local/lib/python3.8/site-packages/airflow/models/taskinstance.py", line 433, in _execute_task
    result = execute_callable(context=context, **execute_callable_kwargs)
  File "/home/airflow/.local/lib/python3.8/site-packages/airflow/operators/python.py", line 199, in execute
    return_value = self.execute_callable()
  File "/home/airflow/.local/lib/python3.8/site-packages/airflow/operators/python.py", line 216, in execute_callable
    return self.python_callable(*self.op_args, **self.op_kwargs)
  File "/opt/airflow/dags/BatchLayerDag.py", line 24, in batch_0
    b0.batch_proc_0()
  File "/opt/airflow/dags/batch_proc_0.py", line 36, in batch_proc_0
    df['t'] = pd.to_datetime(df['t'])
  File "/home/airflow/.local/lib/python3.8/site-packages/pandas/core/frame.py", line 3761, in __getitem__
    indexer = self.columns.get_loc(key)
  File "/home/airflow/.local/lib/python3.8/site-packages/pandas/core/indexes/range.py", line 349, in get_loc
    raise KeyError(key)
KeyError: 't'
[2023-12-24T19:11:10.733+0000] {taskinstance.py:1138} INFO - Marking task as UP_FOR_RETRY. dag_id=batch_layer, task_id=batch_0, execution_date=20231223T000000, start_date=20231224T191109, end_date=20231224T191110
[2023-12-24T19:11:10.742+0000] {standard_task_runner.py:107} ERROR - Failed to execute job 8 for task batch_0 ('t'; 298)
[2023-12-24T19:11:10.754+0000] {local_task_job_runner.py:234} INFO - Task exited with return code 1
[2023-12-24T19:11:10.762+0000] {taskinstance.py:3281} INFO - 0 downstream tasks scheduled from follow-on schedule check
