[2023-12-23T11:13:32.803+0000] {taskinstance.py:1957} INFO - Dependencies all met for dep_context=non-requeueable deps ti=<TaskInstance: batch.print_date scheduled__2023-12-22T00:00:00+00:00 [queued]>
[2023-12-23T11:13:32.808+0000] {taskinstance.py:1957} INFO - Dependencies all met for dep_context=requeueable deps ti=<TaskInstance: batch.print_date scheduled__2023-12-22T00:00:00+00:00 [queued]>
[2023-12-23T11:13:32.809+0000] {taskinstance.py:2171} INFO - Starting attempt 1 of 2
[2023-12-23T11:13:32.821+0000] {taskinstance.py:2192} INFO - Executing <Task(PythonOperator): print_date> on 2023-12-22 00:00:00+00:00
[2023-12-23T11:13:32.824+0000] {standard_task_runner.py:60} INFO - Started process 141 to run task
[2023-12-23T11:13:32.827+0000] {standard_task_runner.py:87} INFO - Running: ['airflow', 'tasks', 'run', 'batch', 'print_date', 'scheduled__2023-12-22T00:00:00+00:00', '--job-id', '4', '--raw', '--subdir', 'DAGS_FOLDER/batchlayer.py', '--cfg-path', '/tmp/tmpq4jgwxte']
[2023-12-23T11:13:32.828+0000] {standard_task_runner.py:88} INFO - Job 4: Subtask print_date
[2023-12-23T11:13:32.857+0000] {task_command.py:423} INFO - Running <TaskInstance: batch.print_date scheduled__2023-12-22T00:00:00+00:00 [running]> on host 7de9f6b6c8f6
[2023-12-23T11:13:33.115+0000] {taskinstance.py:2481} INFO - Exporting env vars: AIRFLOW_CTX_DAG_EMAIL='airflow@example.com' AIRFLOW_CTX_DAG_OWNER='airflow' AIRFLOW_CTX_DAG_ID='batch' AIRFLOW_CTX_TASK_ID='print_date' AIRFLOW_CTX_EXECUTION_DATE='2023-12-22T00:00:00+00:00' AIRFLOW_CTX_TRY_NUMBER='1' AIRFLOW_CTX_DAG_RUN_ID='scheduled__2023-12-22T00:00:00+00:00'
[2023-12-23T11:13:33.128+0000] {logging_mixin.py:188} INFO - hamza
[2023-12-23T11:13:34.133+0000] {logging_mixin.py:188} INFO - hamza
[2023-12-23T11:13:34.135+0000] {logging_mixin.py:188} INFO - hamza
[2023-12-23T11:13:34.137+0000] {logging_mixin.py:188} INFO - hamza
[2023-12-23T11:13:34.138+0000] {logging_mixin.py:188} INFO - hamza
[2023-12-23T11:13:34.139+0000] {logging_mixin.py:188} INFO - hamza
[2023-12-23T11:13:34.140+0000] {logging_mixin.py:188} INFO - hamza
[2023-12-23T11:13:34.141+0000] {logging_mixin.py:188} INFO - hamza
[2023-12-23T11:13:34.143+0000] {logging_mixin.py:188} INFO - hamza
[2023-12-23T11:13:34.144+0000] {logging_mixin.py:188} INFO - hamza
[2023-12-23T11:13:34.146+0000] {logging_mixin.py:188} INFO - hamza
[2023-12-23T11:13:34.147+0000] {logging_mixin.py:188} INFO - hamza
[2023-12-23T11:13:34.148+0000] {logging_mixin.py:188} INFO - hamza
[2023-12-23T11:13:34.149+0000] {logging_mixin.py:188} INFO - hamza
[2023-12-23T11:13:34.150+0000] {logging_mixin.py:188} INFO - hamza
[2023-12-23T11:13:34.151+0000] {logging_mixin.py:188} INFO - hamza
[2023-12-23T11:13:34.152+0000] {logging_mixin.py:188} INFO - hamza
[2023-12-23T11:13:34.153+0000] {logging_mixin.py:188} INFO - hamza
[2023-12-23T11:13:34.154+0000] {logging_mixin.py:188} INFO - hamza
[2023-12-23T11:13:34.155+0000] {logging_mixin.py:188} INFO - hamza
[2023-12-23T11:13:34.156+0000] {logging_mixin.py:188} INFO - hamza
[2023-12-23T11:13:34.157+0000] {logging_mixin.py:188} INFO - hamza
[2023-12-23T11:13:34.158+0000] {logging_mixin.py:188} INFO - hamza
[2023-12-23T11:13:34.159+0000] {logging_mixin.py:188} INFO - hamza
[2023-12-23T11:13:34.160+0000] {logging_mixin.py:188} INFO - hamza
[2023-12-23T11:13:34.161+0000] {logging_mixin.py:188} INFO - hamza
[2023-12-23T11:13:34.162+0000] {logging_mixin.py:188} INFO - hamza
[2023-12-23T11:13:34.163+0000] {logging_mixin.py:188} INFO - hamza
[2023-12-23T11:13:34.164+0000] {logging_mixin.py:188} INFO - hamza
[2023-12-23T11:13:34.165+0000] {logging_mixin.py:188} INFO - hamza
[2023-12-23T11:13:34.166+0000] {logging_mixin.py:188} INFO - hamza
[2023-12-23T11:13:34.167+0000] {logging_mixin.py:188} INFO - hamza
[2023-12-23T11:13:34.168+0000] {logging_mixin.py:188} INFO - hamza
[2023-12-23T11:13:34.169+0000] {logging_mixin.py:188} INFO - hamza
[2023-12-23T11:13:34.170+0000] {logging_mixin.py:188} INFO - hamza
[2023-12-23T11:13:34.171+0000] {logging_mixin.py:188} INFO - hamza
[2023-12-23T11:13:34.172+0000] {logging_mixin.py:188} INFO - hamza
[2023-12-23T11:13:34.173+0000] {logging_mixin.py:188} INFO - hamza
[2023-12-23T11:13:34.174+0000] {logging_mixin.py:188} INFO - hamza
[2023-12-23T11:13:34.175+0000] {logging_mixin.py:188} INFO - hamza
[2023-12-23T11:13:34.176+0000] {logging_mixin.py:188} INFO - hamza
[2023-12-23T11:13:34.177+0000] {logging_mixin.py:188} INFO - hamza
[2023-12-23T11:13:34.178+0000] {logging_mixin.py:188} INFO - hamza
[2023-12-23T11:13:34.180+0000] {logging_mixin.py:188} INFO - hamza
[2023-12-23T11:13:34.181+0000] {logging_mixin.py:188} INFO - hamza
[2023-12-23T11:13:34.182+0000] {logging_mixin.py:188} INFO - hamza
[2023-12-23T11:13:34.183+0000] {logging_mixin.py:188} INFO - hamza
[2023-12-23T11:13:34.184+0000] {logging_mixin.py:188} INFO - hamza
[2023-12-23T11:13:34.185+0000] {logging_mixin.py:188} INFO - hamza
[2023-12-23T11:13:34.186+0000] {logging_mixin.py:188} INFO - hamza
[2023-12-23T11:13:34.187+0000] {logging_mixin.py:188} INFO - hamza
[2023-12-23T11:13:34.188+0000] {logging_mixin.py:188} INFO - hamza
[2023-12-23T11:13:34.189+0000] {logging_mixin.py:188} INFO - hamza
[2023-12-23T11:13:34.190+0000] {logging_mixin.py:188} INFO - hamza
[2023-12-23T11:13:34.191+0000] {logging_mixin.py:188} INFO - hamza
[2023-12-23T11:13:34.192+0000] {logging_mixin.py:188} INFO - hamza
[2023-12-23T11:13:34.193+0000] {logging_mixin.py:188} INFO - hamza
[2023-12-23T11:13:34.194+0000] {logging_mixin.py:188} INFO - hamza
[2023-12-23T11:13:34.195+0000] {logging_mixin.py:188} INFO - hamza
[2023-12-23T11:13:34.196+0000] {logging_mixin.py:188} INFO - hamza
[2023-12-23T11:13:34.197+0000] {logging_mixin.py:188} INFO - hamza
[2023-12-23T11:13:34.198+0000] {logging_mixin.py:188} INFO - hamza
[2023-12-23T11:13:34.199+0000] {logging_mixin.py:188} INFO - hamza
[2023-12-23T11:13:34.200+0000] {logging_mixin.py:188} INFO - hamza
[2023-12-23T11:13:34.201+0000] {logging_mixin.py:188} INFO - hamza
[2023-12-23T11:13:34.202+0000] {logging_mixin.py:188} INFO - hamza
[2023-12-23T11:13:34.203+0000] {logging_mixin.py:188} INFO - hamza
[2023-12-23T11:13:34.204+0000] {logging_mixin.py:188} INFO - hamza
[2023-12-23T11:13:34.205+0000] {logging_mixin.py:188} INFO - hamza
[2023-12-23T11:13:34.206+0000] {logging_mixin.py:188} INFO - hamza
[2023-12-23T11:13:34.207+0000] {logging_mixin.py:188} INFO - hamza
[2023-12-23T11:13:34.208+0000] {logging_mixin.py:188} INFO - hamza
[2023-12-23T11:13:34.209+0000] {logging_mixin.py:188} INFO - hamza
[2023-12-23T11:13:34.211+0000] {logging_mixin.py:188} INFO - hamza
[2023-12-23T11:13:34.212+0000] {logging_mixin.py:188} INFO - hamza
[2023-12-23T11:13:34.213+0000] {logging_mixin.py:188} INFO - hamza
[2023-12-23T11:13:34.214+0000] {logging_mixin.py:188} INFO - hamza
[2023-12-23T11:13:34.216+0000] {logging_mixin.py:188} INFO - hamza
[2023-12-23T11:13:34.217+0000] {logging_mixin.py:188} INFO - hamza
[2023-12-23T11:13:34.218+0000] {logging_mixin.py:188} INFO - hamza
[2023-12-23T11:13:34.218+0000] {logging_mixin.py:188} INFO - hamza
[2023-12-23T11:13:34.219+0000] {logging_mixin.py:188} INFO - hamza
[2023-12-23T11:13:34.220+0000] {logging_mixin.py:188} INFO - hamza
[2023-12-23T11:13:34.222+0000] {logging_mixin.py:188} INFO - hamza
[2023-12-23T11:13:34.223+0000] {logging_mixin.py:188} INFO - hamza
[2023-12-23T11:13:34.224+0000] {logging_mixin.py:188} INFO - hamza
[2023-12-23T11:13:34.226+0000] {logging_mixin.py:188} INFO - hamza
[2023-12-23T11:13:34.227+0000] {logging_mixin.py:188} INFO - hamza
[2023-12-23T11:13:34.228+0000] {logging_mixin.py:188} INFO - hamza
[2023-12-23T11:13:34.230+0000] {logging_mixin.py:188} INFO - hamza
[2023-12-23T11:13:34.231+0000] {logging_mixin.py:188} INFO - hamza
[2023-12-23T11:13:34.232+0000] {logging_mixin.py:188} INFO - hamza
[2023-12-23T11:13:34.233+0000] {logging_mixin.py:188} INFO - hamza
[2023-12-23T11:13:34.234+0000] {logging_mixin.py:188} INFO - hamza
[2023-12-23T11:13:34.235+0000] {logging_mixin.py:188} INFO - hamza
[2023-12-23T11:13:34.237+0000] {logging_mixin.py:188} INFO - hamza
[2023-12-23T11:13:34.238+0000] {logging_mixin.py:188} INFO - hamza
[2023-12-23T11:13:34.239+0000] {logging_mixin.py:188} INFO - hamza
[2023-12-23T11:13:34.241+0000] {logging_mixin.py:188} INFO - hamza
[2023-12-23T11:13:34.242+0000] {python.py:201} INFO - Done. Returned value was: None
[2023-12-23T11:13:34.247+0000] {taskinstance.py:1138} INFO - Marking task as SUCCESS. dag_id=batch, task_id=print_date, execution_date=20231222T000000, start_date=20231223T111332, end_date=20231223T111334
[2023-12-23T11:13:34.284+0000] {local_task_job_runner.py:234} INFO - Task exited with return code 0
[2023-12-23T11:13:34.294+0000] {taskinstance.py:3281} INFO - 0 downstream tasks scheduled from follow-on schedule check
[2023-12-23T19:22:09.799+0000] {taskinstance.py:1957} INFO - Dependencies all met for dep_context=non-requeueable deps ti=<TaskInstance: batch.print_date scheduled__2023-12-22T00:00:00+00:00 [queued]>
[2023-12-23T19:22:09.806+0000] {taskinstance.py:1957} INFO - Dependencies all met for dep_context=requeueable deps ti=<TaskInstance: batch.print_date scheduled__2023-12-22T00:00:00+00:00 [queued]>
[2023-12-23T19:22:09.806+0000] {taskinstance.py:2171} INFO - Starting attempt 1 of 2
[2023-12-23T19:22:09.819+0000] {taskinstance.py:2192} INFO - Executing <Task(PythonOperator): print_date> on 2023-12-22 00:00:00+00:00
[2023-12-23T19:22:09.823+0000] {standard_task_runner.py:60} INFO - Started process 141 to run task
[2023-12-23T19:22:09.827+0000] {standard_task_runner.py:87} INFO - Running: ['airflow', 'tasks', 'run', 'batch', 'print_date', 'scheduled__2023-12-22T00:00:00+00:00', '--job-id', '4', '--raw', '--subdir', 'DAGS_FOLDER/batchlayer.py', '--cfg-path', '/tmp/tmpqm361iah']
[2023-12-23T19:22:09.832+0000] {standard_task_runner.py:88} INFO - Job 4: Subtask print_date
[2023-12-23T19:22:09.892+0000] {task_command.py:423} INFO - Running <TaskInstance: batch.print_date scheduled__2023-12-22T00:00:00+00:00 [running]> on host 96b261be22d1
[2023-12-23T19:22:10.222+0000] {taskinstance.py:2481} INFO - Exporting env vars: AIRFLOW_CTX_DAG_EMAIL='airflow@example.com' AIRFLOW_CTX_DAG_OWNER='airflow' AIRFLOW_CTX_DAG_ID='batch' AIRFLOW_CTX_TASK_ID='print_date' AIRFLOW_CTX_EXECUTION_DATE='2023-12-22T00:00:00+00:00' AIRFLOW_CTX_TRY_NUMBER='1' AIRFLOW_CTX_DAG_RUN_ID='scheduled__2023-12-22T00:00:00+00:00'
[2023-12-23T19:22:10.241+0000] {logging_mixin.py:188} INFO - hamza
[2023-12-23T19:22:11.247+0000] {logging_mixin.py:188} INFO - hamza
[2023-12-23T19:22:11.249+0000] {logging_mixin.py:188} INFO - hamza
[2023-12-23T19:22:11.251+0000] {logging_mixin.py:188} INFO - hamza
[2023-12-23T19:22:11.254+0000] {logging_mixin.py:188} INFO - hamza
[2023-12-23T19:22:11.256+0000] {logging_mixin.py:188} INFO - hamza
[2023-12-23T19:22:11.258+0000] {logging_mixin.py:188} INFO - hamza
[2023-12-23T19:22:11.261+0000] {logging_mixin.py:188} INFO - hamza
[2023-12-23T19:22:11.263+0000] {logging_mixin.py:188} INFO - hamza
[2023-12-23T19:22:11.266+0000] {logging_mixin.py:188} INFO - hamza
[2023-12-23T19:22:11.268+0000] {logging_mixin.py:188} INFO - hamza
[2023-12-23T19:22:11.271+0000] {logging_mixin.py:188} INFO - hamza
[2023-12-23T19:22:11.273+0000] {logging_mixin.py:188} INFO - hamza
[2023-12-23T19:22:11.274+0000] {logging_mixin.py:188} INFO - hamza
[2023-12-23T19:22:11.276+0000] {logging_mixin.py:188} INFO - hamza
[2023-12-23T19:22:11.278+0000] {logging_mixin.py:188} INFO - hamza
[2023-12-23T19:22:11.280+0000] {logging_mixin.py:188} INFO - hamza
[2023-12-23T19:22:11.282+0000] {logging_mixin.py:188} INFO - hamza
[2023-12-23T19:22:11.283+0000] {logging_mixin.py:188} INFO - hamza
[2023-12-23T19:22:11.285+0000] {logging_mixin.py:188} INFO - hamza
[2023-12-23T19:22:11.287+0000] {logging_mixin.py:188} INFO - hamza
[2023-12-23T19:22:11.289+0000] {logging_mixin.py:188} INFO - hamza
[2023-12-23T19:22:11.291+0000] {logging_mixin.py:188} INFO - hamza
[2023-12-23T19:22:11.293+0000] {logging_mixin.py:188} INFO - hamza
[2023-12-23T19:22:11.295+0000] {logging_mixin.py:188} INFO - hamza
[2023-12-23T19:22:11.297+0000] {logging_mixin.py:188} INFO - hamza
[2023-12-23T19:22:11.299+0000] {logging_mixin.py:188} INFO - hamza
[2023-12-23T19:22:11.301+0000] {logging_mixin.py:188} INFO - hamza
[2023-12-23T19:22:11.303+0000] {logging_mixin.py:188} INFO - hamza
[2023-12-23T19:22:11.305+0000] {logging_mixin.py:188} INFO - hamza
[2023-12-23T19:22:11.307+0000] {logging_mixin.py:188} INFO - hamza
[2023-12-23T19:22:11.309+0000] {logging_mixin.py:188} INFO - hamza
[2023-12-23T19:22:11.311+0000] {logging_mixin.py:188} INFO - hamza
[2023-12-23T19:22:11.313+0000] {logging_mixin.py:188} INFO - hamza
[2023-12-23T19:22:11.315+0000] {logging_mixin.py:188} INFO - hamza
[2023-12-23T19:22:11.317+0000] {logging_mixin.py:188} INFO - hamza
[2023-12-23T19:22:11.319+0000] {logging_mixin.py:188} INFO - hamza
[2023-12-23T19:22:11.321+0000] {logging_mixin.py:188} INFO - hamza
[2023-12-23T19:22:11.323+0000] {logging_mixin.py:188} INFO - hamza
[2023-12-23T19:22:11.325+0000] {logging_mixin.py:188} INFO - hamza
[2023-12-23T19:22:11.327+0000] {logging_mixin.py:188} INFO - hamza
[2023-12-23T19:22:11.329+0000] {logging_mixin.py:188} INFO - hamza
[2023-12-23T19:22:11.331+0000] {logging_mixin.py:188} INFO - hamza
[2023-12-23T19:22:11.332+0000] {logging_mixin.py:188} INFO - hamza
[2023-12-23T19:22:11.334+0000] {logging_mixin.py:188} INFO - hamza
[2023-12-23T19:22:11.336+0000] {logging_mixin.py:188} INFO - hamza
[2023-12-23T19:22:11.338+0000] {logging_mixin.py:188} INFO - hamza
[2023-12-23T19:22:11.340+0000] {logging_mixin.py:188} INFO - hamza
[2023-12-23T19:22:11.342+0000] {logging_mixin.py:188} INFO - hamza
[2023-12-23T19:22:11.343+0000] {logging_mixin.py:188} INFO - hamza
[2023-12-23T19:22:11.345+0000] {logging_mixin.py:188} INFO - hamza
[2023-12-23T19:22:11.346+0000] {logging_mixin.py:188} INFO - hamza
[2023-12-23T19:22:11.348+0000] {logging_mixin.py:188} INFO - hamza
[2023-12-23T19:22:11.349+0000] {logging_mixin.py:188} INFO - hamza
[2023-12-23T19:22:11.351+0000] {logging_mixin.py:188} INFO - hamza
[2023-12-23T19:22:11.352+0000] {logging_mixin.py:188} INFO - hamza
[2023-12-23T19:22:11.354+0000] {logging_mixin.py:188} INFO - hamza
[2023-12-23T19:22:11.356+0000] {logging_mixin.py:188} INFO - hamza
[2023-12-23T19:22:11.357+0000] {logging_mixin.py:188} INFO - hamza
[2023-12-23T19:22:11.359+0000] {logging_mixin.py:188} INFO - hamza
[2023-12-23T19:22:11.361+0000] {logging_mixin.py:188} INFO - hamza
[2023-12-23T19:22:11.362+0000] {logging_mixin.py:188} INFO - hamza
[2023-12-23T19:22:11.363+0000] {logging_mixin.py:188} INFO - hamza
[2023-12-23T19:22:11.365+0000] {logging_mixin.py:188} INFO - hamza
[2023-12-23T19:22:11.367+0000] {logging_mixin.py:188} INFO - hamza
[2023-12-23T19:22:11.369+0000] {logging_mixin.py:188} INFO - hamza
[2023-12-23T19:22:11.371+0000] {logging_mixin.py:188} INFO - hamza
[2023-12-23T19:22:11.372+0000] {logging_mixin.py:188} INFO - hamza
[2023-12-23T19:22:11.374+0000] {logging_mixin.py:188} INFO - hamza
[2023-12-23T19:22:11.375+0000] {logging_mixin.py:188} INFO - hamza
[2023-12-23T19:22:11.377+0000] {logging_mixin.py:188} INFO - hamza
[2023-12-23T19:22:11.378+0000] {logging_mixin.py:188} INFO - hamza
[2023-12-23T19:22:11.380+0000] {logging_mixin.py:188} INFO - hamza
[2023-12-23T19:22:11.382+0000] {logging_mixin.py:188} INFO - hamza
[2023-12-23T19:22:11.384+0000] {logging_mixin.py:188} INFO - hamza
[2023-12-23T19:22:11.386+0000] {logging_mixin.py:188} INFO - hamza
[2023-12-23T19:22:11.387+0000] {logging_mixin.py:188} INFO - hamza
[2023-12-23T19:22:11.397+0000] {logging_mixin.py:188} INFO - hamza
[2023-12-23T19:22:11.399+0000] {logging_mixin.py:188} INFO - hamza
[2023-12-23T19:22:11.402+0000] {logging_mixin.py:188} INFO - hamza
[2023-12-23T19:22:11.404+0000] {logging_mixin.py:188} INFO - hamza
[2023-12-23T19:22:11.406+0000] {logging_mixin.py:188} INFO - hamza
[2023-12-23T19:22:11.408+0000] {logging_mixin.py:188} INFO - hamza
[2023-12-23T19:22:11.410+0000] {logging_mixin.py:188} INFO - hamza
[2023-12-23T19:22:11.412+0000] {logging_mixin.py:188} INFO - hamza
[2023-12-23T19:22:11.413+0000] {logging_mixin.py:188} INFO - hamza
[2023-12-23T19:22:11.415+0000] {logging_mixin.py:188} INFO - hamza
[2023-12-23T19:22:11.417+0000] {logging_mixin.py:188} INFO - hamza
[2023-12-23T19:22:11.418+0000] {logging_mixin.py:188} INFO - hamza
[2023-12-23T19:22:11.421+0000] {logging_mixin.py:188} INFO - hamza
[2023-12-23T19:22:11.423+0000] {logging_mixin.py:188} INFO - hamza
[2023-12-23T19:22:11.424+0000] {logging_mixin.py:188} INFO - hamza
[2023-12-23T19:22:11.426+0000] {logging_mixin.py:188} INFO - hamza
[2023-12-23T19:22:11.428+0000] {logging_mixin.py:188} INFO - hamza
[2023-12-23T19:22:11.430+0000] {logging_mixin.py:188} INFO - hamza
[2023-12-23T19:22:11.433+0000] {logging_mixin.py:188} INFO - hamza
[2023-12-23T19:22:11.436+0000] {logging_mixin.py:188} INFO - hamza
[2023-12-23T19:22:11.439+0000] {logging_mixin.py:188} INFO - hamza
[2023-12-23T19:22:11.442+0000] {logging_mixin.py:188} INFO - hamza
[2023-12-23T19:22:11.444+0000] {python.py:201} INFO - Done. Returned value was: None
[2023-12-23T19:22:11.451+0000] {taskinstance.py:1138} INFO - Marking task as SUCCESS. dag_id=batch, task_id=print_date, execution_date=20231222T000000, start_date=20231223T192209, end_date=20231223T192211
[2023-12-23T19:22:11.484+0000] {local_task_job_runner.py:234} INFO - Task exited with return code 0
[2023-12-23T19:22:11.496+0000] {taskinstance.py:3281} INFO - 0 downstream tasks scheduled from follow-on schedule check
[2023-12-23T19:44:15.490+0000] {taskinstance.py:1957} INFO - Dependencies all met for dep_context=non-requeueable deps ti=<TaskInstance: batch.print_date scheduled__2023-12-22T00:00:00+00:00 [queued]>
[2023-12-23T19:44:15.495+0000] {taskinstance.py:1957} INFO - Dependencies all met for dep_context=requeueable deps ti=<TaskInstance: batch.print_date scheduled__2023-12-22T00:00:00+00:00 [queued]>
[2023-12-23T19:44:15.495+0000] {taskinstance.py:2171} INFO - Starting attempt 1 of 2
[2023-12-23T19:44:15.508+0000] {taskinstance.py:2192} INFO - Executing <Task(PythonOperator): print_date> on 2023-12-22 00:00:00+00:00
[2023-12-23T19:44:15.512+0000] {standard_task_runner.py:60} INFO - Started process 136 to run task
[2023-12-23T19:44:15.515+0000] {standard_task_runner.py:87} INFO - Running: ['airflow', 'tasks', 'run', 'batch', 'print_date', 'scheduled__2023-12-22T00:00:00+00:00', '--job-id', '4', '--raw', '--subdir', 'DAGS_FOLDER/batchlayer.py', '--cfg-path', '/tmp/tmpld96uurt']
[2023-12-23T19:44:15.518+0000] {standard_task_runner.py:88} INFO - Job 4: Subtask print_date
[2023-12-23T19:44:15.558+0000] {task_command.py:423} INFO - Running <TaskInstance: batch.print_date scheduled__2023-12-22T00:00:00+00:00 [running]> on host ffa69df0a26f
[2023-12-23T19:44:15.760+0000] {taskinstance.py:2481} INFO - Exporting env vars: AIRFLOW_CTX_DAG_EMAIL='airflow@example.com' AIRFLOW_CTX_DAG_OWNER='airflow' AIRFLOW_CTX_DAG_ID='batch' AIRFLOW_CTX_TASK_ID='print_date' AIRFLOW_CTX_EXECUTION_DATE='2023-12-22T00:00:00+00:00' AIRFLOW_CTX_TRY_NUMBER='1' AIRFLOW_CTX_DAG_RUN_ID='scheduled__2023-12-22T00:00:00+00:00'
[2023-12-23T19:44:15.763+0000] {logging_mixin.py:188} INFO - hamza
[2023-12-23T19:44:16.771+0000] {logging_mixin.py:188} INFO - hamza
[2023-12-23T19:44:16.773+0000] {logging_mixin.py:188} INFO - hamza
[2023-12-23T19:44:16.776+0000] {logging_mixin.py:188} INFO - hamza
[2023-12-23T19:44:16.778+0000] {logging_mixin.py:188} INFO - hamza
[2023-12-23T19:44:16.779+0000] {logging_mixin.py:188} INFO - hamza
[2023-12-23T19:44:16.781+0000] {logging_mixin.py:188} INFO - hamza
[2023-12-23T19:44:16.788+0000] {logging_mixin.py:188} INFO - hamza
[2023-12-23T19:44:16.790+0000] {logging_mixin.py:188} INFO - hamza
[2023-12-23T19:44:16.793+0000] {logging_mixin.py:188} INFO - hamza
[2023-12-23T19:44:16.795+0000] {logging_mixin.py:188} INFO - hamza
[2023-12-23T19:44:16.797+0000] {logging_mixin.py:188} INFO - hamza
[2023-12-23T19:44:16.799+0000] {logging_mixin.py:188} INFO - hamza
[2023-12-23T19:44:16.800+0000] {logging_mixin.py:188} INFO - hamza
[2023-12-23T19:44:16.802+0000] {logging_mixin.py:188} INFO - hamza
[2023-12-23T19:44:16.804+0000] {logging_mixin.py:188} INFO - hamza
[2023-12-23T19:44:16.805+0000] {logging_mixin.py:188} INFO - hamza
[2023-12-23T19:44:16.807+0000] {logging_mixin.py:188} INFO - hamza
[2023-12-23T19:44:16.808+0000] {logging_mixin.py:188} INFO - hamza
[2023-12-23T19:44:16.810+0000] {logging_mixin.py:188} INFO - hamza
[2023-12-23T19:44:16.811+0000] {logging_mixin.py:188} INFO - hamza
[2023-12-23T19:44:16.812+0000] {logging_mixin.py:188} INFO - hamza
[2023-12-23T19:44:16.814+0000] {logging_mixin.py:188} INFO - hamza
[2023-12-23T19:44:16.815+0000] {logging_mixin.py:188} INFO - hamza
[2023-12-23T19:44:16.816+0000] {logging_mixin.py:188} INFO - hamza
[2023-12-23T19:44:16.818+0000] {logging_mixin.py:188} INFO - hamza
[2023-12-23T19:44:16.820+0000] {logging_mixin.py:188} INFO - hamza
[2023-12-23T19:44:16.821+0000] {logging_mixin.py:188} INFO - hamza
[2023-12-23T19:44:16.822+0000] {logging_mixin.py:188} INFO - hamza
[2023-12-23T19:44:16.824+0000] {logging_mixin.py:188} INFO - hamza
[2023-12-23T19:44:16.825+0000] {logging_mixin.py:188} INFO - hamza
[2023-12-23T19:44:16.827+0000] {logging_mixin.py:188} INFO - hamza
[2023-12-23T19:44:16.829+0000] {logging_mixin.py:188} INFO - hamza
[2023-12-23T19:44:16.830+0000] {logging_mixin.py:188} INFO - hamza
[2023-12-23T19:44:16.832+0000] {logging_mixin.py:188} INFO - hamza
[2023-12-23T19:44:16.833+0000] {logging_mixin.py:188} INFO - hamza
[2023-12-23T19:44:16.834+0000] {logging_mixin.py:188} INFO - hamza
[2023-12-23T19:44:16.835+0000] {logging_mixin.py:188} INFO - hamza
[2023-12-23T19:44:16.837+0000] {logging_mixin.py:188} INFO - hamza
[2023-12-23T19:44:16.839+0000] {logging_mixin.py:188} INFO - hamza
[2023-12-23T19:44:16.840+0000] {logging_mixin.py:188} INFO - hamza
[2023-12-23T19:44:16.842+0000] {logging_mixin.py:188} INFO - hamza
[2023-12-23T19:44:16.844+0000] {logging_mixin.py:188} INFO - hamza
[2023-12-23T19:44:16.846+0000] {logging_mixin.py:188} INFO - hamza
[2023-12-23T19:44:16.847+0000] {logging_mixin.py:188} INFO - hamza
[2023-12-23T19:44:16.848+0000] {logging_mixin.py:188} INFO - hamza
[2023-12-23T19:44:16.850+0000] {logging_mixin.py:188} INFO - hamza
[2023-12-23T19:44:16.851+0000] {logging_mixin.py:188} INFO - hamza
[2023-12-23T19:44:16.852+0000] {logging_mixin.py:188} INFO - hamza
[2023-12-23T19:44:16.854+0000] {logging_mixin.py:188} INFO - hamza
[2023-12-23T19:44:16.855+0000] {logging_mixin.py:188} INFO - hamza
[2023-12-23T19:44:16.857+0000] {logging_mixin.py:188} INFO - hamza
[2023-12-23T19:44:16.859+0000] {logging_mixin.py:188} INFO - hamza
[2023-12-23T19:44:16.860+0000] {logging_mixin.py:188} INFO - hamza
[2023-12-23T19:44:16.861+0000] {logging_mixin.py:188} INFO - hamza
[2023-12-23T19:44:16.863+0000] {logging_mixin.py:188} INFO - hamza
[2023-12-23T19:44:16.864+0000] {logging_mixin.py:188} INFO - hamza
[2023-12-23T19:44:16.866+0000] {logging_mixin.py:188} INFO - hamza
[2023-12-23T19:44:16.868+0000] {logging_mixin.py:188} INFO - hamza
[2023-12-23T19:44:16.869+0000] {logging_mixin.py:188} INFO - hamza
[2023-12-23T19:44:16.871+0000] {logging_mixin.py:188} INFO - hamza
[2023-12-23T19:44:16.872+0000] {logging_mixin.py:188} INFO - hamza
[2023-12-23T19:44:16.874+0000] {logging_mixin.py:188} INFO - hamza
[2023-12-23T19:44:16.876+0000] {logging_mixin.py:188} INFO - hamza
[2023-12-23T19:44:16.877+0000] {logging_mixin.py:188} INFO - hamza
[2023-12-23T19:44:16.879+0000] {logging_mixin.py:188} INFO - hamza
[2023-12-23T19:44:16.881+0000] {logging_mixin.py:188} INFO - hamza
[2023-12-23T19:44:16.883+0000] {logging_mixin.py:188} INFO - hamza
[2023-12-23T19:44:16.885+0000] {logging_mixin.py:188} INFO - hamza
[2023-12-23T19:44:16.886+0000] {logging_mixin.py:188} INFO - hamza
[2023-12-23T19:44:16.888+0000] {logging_mixin.py:188} INFO - hamza
[2023-12-23T19:44:16.890+0000] {logging_mixin.py:188} INFO - hamza
[2023-12-23T19:44:16.892+0000] {logging_mixin.py:188} INFO - hamza
[2023-12-23T19:44:16.893+0000] {logging_mixin.py:188} INFO - hamza
[2023-12-23T19:44:16.895+0000] {logging_mixin.py:188} INFO - hamza
[2023-12-23T19:44:16.897+0000] {logging_mixin.py:188} INFO - hamza
[2023-12-23T19:44:16.898+0000] {logging_mixin.py:188} INFO - hamza
[2023-12-23T19:44:16.900+0000] {logging_mixin.py:188} INFO - hamza
[2023-12-23T19:44:16.901+0000] {logging_mixin.py:188} INFO - hamza
[2023-12-23T19:44:16.903+0000] {logging_mixin.py:188} INFO - hamza
[2023-12-23T19:44:16.905+0000] {logging_mixin.py:188} INFO - hamza
[2023-12-23T19:44:16.907+0000] {logging_mixin.py:188} INFO - hamza
[2023-12-23T19:44:16.909+0000] {logging_mixin.py:188} INFO - hamza
[2023-12-23T19:44:16.910+0000] {logging_mixin.py:188} INFO - hamza
[2023-12-23T19:44:16.912+0000] {logging_mixin.py:188} INFO - hamza
[2023-12-23T19:44:16.914+0000] {logging_mixin.py:188} INFO - hamza
[2023-12-23T19:44:16.915+0000] {logging_mixin.py:188} INFO - hamza
[2023-12-23T19:44:16.917+0000] {logging_mixin.py:188} INFO - hamza
[2023-12-23T19:44:16.919+0000] {logging_mixin.py:188} INFO - hamza
[2023-12-23T19:44:16.921+0000] {logging_mixin.py:188} INFO - hamza
[2023-12-23T19:44:16.923+0000] {logging_mixin.py:188} INFO - hamza
[2023-12-23T19:44:16.925+0000] {logging_mixin.py:188} INFO - hamza
[2023-12-23T19:44:16.926+0000] {logging_mixin.py:188} INFO - hamza
[2023-12-23T19:44:16.928+0000] {logging_mixin.py:188} INFO - hamza
[2023-12-23T19:44:16.929+0000] {logging_mixin.py:188} INFO - hamza
[2023-12-23T19:44:16.931+0000] {logging_mixin.py:188} INFO - hamza
[2023-12-23T19:44:16.933+0000] {logging_mixin.py:188} INFO - hamza
[2023-12-23T19:44:16.935+0000] {logging_mixin.py:188} INFO - hamza
[2023-12-23T19:44:16.936+0000] {logging_mixin.py:188} INFO - hamza
[2023-12-23T19:44:16.938+0000] {python.py:201} INFO - Done. Returned value was: None
[2023-12-23T19:44:16.946+0000] {taskinstance.py:1138} INFO - Marking task as SUCCESS. dag_id=batch, task_id=print_date, execution_date=20231222T000000, start_date=20231223T194415, end_date=20231223T194416
[2023-12-23T19:44:17.013+0000] {local_task_job_runner.py:234} INFO - Task exited with return code 0
[2023-12-23T19:44:17.023+0000] {taskinstance.py:3281} INFO - 0 downstream tasks scheduled from follow-on schedule check
