[2023-12-23T16:39:30.903+0000] {taskinstance.py:1957} INFO - Dependencies all met for dep_context=non-requeueable deps ti=<TaskInstance: batch_layer.consume_data manual__2023-12-23T16:39:27.568386+00:00 [queued]>
[2023-12-23T16:39:30.909+0000] {taskinstance.py:1957} INFO - Dependencies all met for dep_context=requeueable deps ti=<TaskInstance: batch_layer.consume_data manual__2023-12-23T16:39:27.568386+00:00 [queued]>
[2023-12-23T16:39:30.909+0000] {taskinstance.py:2171} INFO - Starting attempt 1 of 2
[2023-12-23T16:39:30.922+0000] {taskinstance.py:2192} INFO - Executing <Task(PythonOperator): consume_data> on 2023-12-23 16:39:27.568386+00:00
[2023-12-23T16:39:30.927+0000] {standard_task_runner.py:60} INFO - Started process 5093 to run task
[2023-12-23T16:39:30.931+0000] {standard_task_runner.py:87} INFO - Running: ['airflow', 'tasks', 'run', 'batch_layer', 'consume_data', 'manual__2023-12-23T16:39:27.568386+00:00', '--job-id', '75', '--raw', '--subdir', 'DAGS_FOLDER/BatchLayerDag.py', '--cfg-path', '/tmp/tmpnh1xxa9t']
[2023-12-23T16:39:30.933+0000] {standard_task_runner.py:88} INFO - Job 75: Subtask consume_data
[2023-12-23T16:39:30.960+0000] {task_command.py:423} INFO - Running <TaskInstance: batch_layer.consume_data manual__2023-12-23T16:39:27.568386+00:00 [running]> on host 7de9f6b6c8f6
[2023-12-23T16:39:31.008+0000] {taskinstance.py:2481} INFO - Exporting env vars: AIRFLOW_CTX_DAG_EMAIL='airflow@example.com' AIRFLOW_CTX_DAG_OWNER='airflow' AIRFLOW_CTX_DAG_ID='batch_layer' AIRFLOW_CTX_TASK_ID='consume_data' AIRFLOW_CTX_EXECUTION_DATE='2023-12-23T16:39:27.568386+00:00' AIRFLOW_CTX_TRY_NUMBER='1' AIRFLOW_CTX_DAG_RUN_ID='manual__2023-12-23T16:39:27.568386+00:00'
[2023-12-23T16:39:31.064+0000] {hive.py:475} INFO - USE `finnhub_db`
[2023-12-23T16:39:31.114+0000] {hive.py:475} INFO - 
        CREATE TABLE IF NOT EXISTS finnhub_table
        ROW FORMAT SERDE 'org.apache.hadoop.hive.serde2.avro.AvroSerDe'
        STORED AS INPUTFORMAT 'org.apache.hadoop.hive.ql.io.avro.AvroContainerInputFormat'
        OUTPUTFORMAT 'org.apache.hadoop.hive.ql.io.avro.AvroContainerOutputFormat'
        TBLPROPERTIES ('avro.schema.literal'='{"type": "record", "name": "TradeRecord", "fields": [{"name": "p", "type": "double"}, {"name": "exchange", "type": "string"}, {"name": "crypto_pair", "type": "string"}, {"name": "t", "type": "long"}, {"name": "v", "type": "double"}]}')
    
[2023-12-23T16:39:31.170+0000] {hive.py:475} INFO - USE `finnhub_db`
[2023-12-23T16:39:31.211+0000] {hive.py:475} INFO - 
        CREATE TABLE IF NOT EXISTS temp_avro_data
        ROW FORMAT SERDE 'org.apache.hadoop.hive.serde2.avro.AvroSerDe'
        STORED AS INPUTFORMAT 'org.apache.hadoop.hive.ql.io.avro.AvroContainerInputFormat'
        OUTPUTFORMAT 'org.apache.hadoop.hive.ql.io.avro.AvroContainerOutputFormat'
        TBLPROPERTIES ('avro.schema.literal'='{"type": "record", "name": "TradeRecord", "fields": [{"name": "p", "type": "double"}, {"name": "exchange", "type": "string"}, {"name": "crypto_pair", "type": "string"}, {"name": "t", "type": "long"}, {"name": "v", "type": "double"}]}')
    
[2023-12-23T16:41:01.864+0000] {logging_mixin.py:188} INFO - finish
[2023-12-23T16:41:01.873+0000] {python.py:201} INFO - Done. Returned value was: None
[2023-12-23T16:41:01.881+0000] {taskinstance.py:1138} INFO - Marking task as SUCCESS. dag_id=batch_layer, task_id=consume_data, execution_date=20231223T163927, start_date=20231223T163930, end_date=20231223T164101
[2023-12-23T16:41:01.915+0000] {local_task_job_runner.py:234} INFO - Task exited with return code 0
[2023-12-23T16:41:01.939+0000] {taskinstance.py:3281} INFO - 2 downstream tasks scheduled from follow-on schedule check
