[2023-12-23T00:05:08.607+0000] {taskinstance.py:1957} INFO - Dependencies all met for dep_context=non-requeueable deps ti=<TaskInstance: batch_layer.consume_data scheduled__2023-12-22T00:00:00+00:00 [queued]>
[2023-12-23T00:05:08.613+0000] {taskinstance.py:1957} INFO - Dependencies all met for dep_context=requeueable deps ti=<TaskInstance: batch_layer.consume_data scheduled__2023-12-22T00:00:00+00:00 [queued]>
[2023-12-23T00:05:08.613+0000] {taskinstance.py:2171} INFO - Starting attempt 1 of 2
[2023-12-23T00:05:08.652+0000] {taskinstance.py:2192} INFO - Executing <Task(PythonOperator): consume_data> on 2023-12-22 00:00:00+00:00
[2023-12-23T00:05:08.657+0000] {standard_task_runner.py:60} INFO - Started process 691 to run task
[2023-12-23T00:05:08.661+0000] {standard_task_runner.py:87} INFO - Running: ['airflow', 'tasks', 'run', 'batch_layer', 'consume_data', 'scheduled__2023-12-22T00:00:00+00:00', '--job-id', '11', '--raw', '--subdir', 'DAGS_FOLDER/BatchLayerDag.py', '--cfg-path', '/tmp/tmp1fwog8rx']
[2023-12-23T00:05:08.664+0000] {standard_task_runner.py:88} INFO - Job 11: Subtask consume_data
[2023-12-23T00:05:08.718+0000] {task_command.py:423} INFO - Running <TaskInstance: batch_layer.consume_data scheduled__2023-12-22T00:00:00+00:00 [running]> on host f948fe9399e2
[2023-12-23T00:05:08.775+0000] {taskinstance.py:2481} INFO - Exporting env vars: AIRFLOW_CTX_DAG_EMAIL='airflow@example.com' AIRFLOW_CTX_DAG_OWNER='airflow' AIRFLOW_CTX_DAG_ID='batch_layer' AIRFLOW_CTX_TASK_ID='consume_data' AIRFLOW_CTX_EXECUTION_DATE='2023-12-22T00:00:00+00:00' AIRFLOW_CTX_TRY_NUMBER='1' AIRFLOW_CTX_DAG_RUN_ID='scheduled__2023-12-22T00:00:00+00:00'
[2023-12-23T00:05:08.832+0000] {hive.py:475} INFO - USE `finnhub_db`
[2023-12-23T00:05:08.867+0000] {hive.py:475} INFO - 
        CREATE TABLE IF NOT EXISTS finnhub_table
        ROW FORMAT SERDE 'org.apache.hadoop.hive.serde2.avro.AvroSerDe'
        STORED AS INPUTFORMAT 'org.apache.hadoop.hive.ql.io.avro.AvroContainerInputFormat'
        OUTPUTFORMAT 'org.apache.hadoop.hive.ql.io.avro.AvroContainerOutputFormat'
        TBLPROPERTIES ('avro.schema.literal'='{"type": "record", "name": "TradeRecord", "fields": [{"name": "p", "type": "double"}, {"name": "exchange", "type": "string"}, {"name": "crypto_pair", "type": "string"}, {"name": "t", "type": "long"}, {"name": "v", "type": "double"}]}')
    
[2023-12-23T00:05:08.929+0000] {hive.py:475} INFO - USE `finnhub_db`
[2023-12-23T00:05:08.965+0000] {hive.py:475} INFO - 
        CREATE TABLE IF NOT EXISTS temp_avro_data
        ROW FORMAT SERDE 'org.apache.hadoop.hive.serde2.avro.AvroSerDe'
        STORED AS INPUTFORMAT 'org.apache.hadoop.hive.ql.io.avro.AvroContainerInputFormat'
        OUTPUTFORMAT 'org.apache.hadoop.hive.ql.io.avro.AvroContainerOutputFormat'
        TBLPROPERTIES ('avro.schema.literal'='{"type": "record", "name": "TradeRecord", "fields": [{"name": "p", "type": "double"}, {"name": "exchange", "type": "string"}, {"name": "crypto_pair", "type": "string"}, {"name": "t", "type": "long"}, {"name": "v", "type": "double"}]}')
    
[2023-12-23T00:05:43.723+0000] {logging_mixin.py:188} INFO - [[{'c': None, 'p': 43941.99, 's': 'BINANCE:BTCUSDT', 't': 1703287363735, 'v': 0.00986}, {'c': None, 'p': 43942, 's': 'BINANCE:BTCUSDT', 't': 1703287363787, 'v': 0.07215}, {'c': None, 'p': 43942, 's': 'BINANCE:BTCUSDT', 't': 1703287363787, 'v': 0.05447}, {'c': None, 'p': 43941.99, 's': 'BINANCE:BTCUSDT', 't': 1703287364075, 'v': 0.00245}, {'c': None, 'p': 2321.54, 's': 'BINANCE:ETHUSDT', 't': 1703287364104, 'v': 0.0519}], [{'c': None, 'p': 43941.99, 's': 'BINANCE:BTCUSDT', 't': 1703287364738, 'v': 0.10237}, {'c': None, 'p': 43942, 's': 'BINANCE:BTCUSDT', 't': 1703287364820, 'v': 0.01365}, {'c': ['1', '24', '12'], 'p': 193.585, 's': 'AAPL', 't': 1703287364992, 'v': 1}, {'c': ['1', '24', '12'], 'p': 153.24, 's': 'AMZN', 't': 1703287365776, 'v': 2}], [{'c': None, 'p': 43942, 's': 'BINANCE:BTCUSDT', 't': 1703287365914, 'v': 0.01378}, {'c': None, 'p': 43941.99, 's': 'BINANCE:BTCUSDT', 't': 1703287365971, 'v': 0.01785}, {'c': None, 'p': 2321.54, 's': 'BINANCE:ETHUSDT', 't': 1703287366269, 'v': 0.0068}, {'c': None, 'p': 43941.99, 's': 'BINANCE:BTCUSDT', 't': 1703287366330, 'v': 0.01295}, {'c': None, 'p': 2321.54, 's': 'BINANCE:ETHUSDT', 't': 1703287366443, 'v': 0.6461}, {'c': None, 'p': 43942, 's': 'BINANCE:BTCUSDT', 't': 1703287366488, 'v': 0.00022}, {'c': None, 'p': 43942, 's': 'BINANCE:BTCUSDT', 't': 1703287366512, 'v': 0.0002}, {'c': None, 'p': 2321.54, 's': 'BINANCE:ETHUSDT', 't': 1703287366559, 'v': 0.013}], [{'c': None, 'p': 43942, 's': 'BINANCE:BTCUSDT', 't': 1703287366912, 'v': 0.06581}, {'c': None, 'p': 43942, 's': 'BINANCE:BTCUSDT', 't': 1703287366912, 'v': 0.01656}, {'c': None, 'p': 43942, 's': 'BINANCE:BTCUSDT', 't': 1703287366913, 'v': 0.00668}, {'c': None, 'p': 43942, 's': 'BINANCE:BTCUSDT', 't': 1703287366917, 'v': 0.02226}, {'c': None, 'p': 43942, 's': 'BINANCE:BTCUSDT', 't': 1703287366974, 'v': 0.0609}, {'c': None, 'p': 2321.54, 's': 'BINANCE:ETHUSDT', 't': 1703287367084, 'v': 0.0065}, {'c': None, 'p': 43942, 's': 'BINANCE:BTCUSDT', 't': 1703287367232, 'v': 0.00359}, {'c': None, 'p': 2321.54, 's': 'BINANCE:ETHUSDT', 't': 1703287367468, 'v': 0.0088}, {'c': None, 'p': 2321.54, 's': 'BINANCE:ETHUSDT', 't': 1703287367520, 'v': 0.3685}], [{'c': None, 'p': 43941.99, 's': 'BINANCE:BTCUSDT', 't': 1703287368307, 'v': 0.00895}, {'c': None, 'p': 43942, 's': 'BINANCE:BTCUSDT', 't': 1703287368369, 'v': 0.00155}, {'c': None, 'p': 43942, 's': 'BINANCE:BTCUSDT', 't': 1703287368369, 'v': 0.00267}, {'c': None, 'p': 43941.99, 's': 'BINANCE:BTCUSDT', 't': 1703287368377, 'v': 0.00432}, {'c': None, 'p': 43941.99, 's': 'BINANCE:BTCUSDT', 't': 1703287368389, 'v': 0.00015}, {'c': None, 'p': 43942, 's': 'BINANCE:BTCUSDT', 't': 1703287368482, 'v': 0.00033}, {'c': None, 'p': 43942, 's': 'BINANCE:BTCUSDT', 't': 1703287368505, 'v': 0.00023}, {'c': None, 'p': 43942, 's': 'BINANCE:BTCUSDT', 't': 1703287368670, 'v': 0.00084}, {'c': None, 'p': 43942, 's': 'BINANCE:BTCUSDT', 't': 1703287368670, 'v': 0.00025}], [{'c': None, 'p': 2321.53, 's': 'BINANCE:ETHUSDT', 't': 1703287368843, 'v': 0.0047}, {'c': None, 'p': 43941.99, 's': 'BINANCE:BTCUSDT', 't': 1703287369104, 'v': 0.01832}, {'c': None, 'p': 43941.99, 's': 'BINANCE:BTCUSDT', 't': 1703287369511, 'v': 0.04089}, {'c': None, 'p': 43941.99, 's': 'BINANCE:BTCUSDT', 't': 1703287369511, 'v': 0.05911}, {'c': None, 'p': 2321.54, 's': 'BINANCE:ETHUSDT', 't': 1703287369609, 'v': 0.2918}], [{'c': None, 'p': 2321.53, 's': 'BINANCE:ETHUSDT', 't': 1703287369710, 'v': 3.8071}, {'c': None, 'p': 2321.53, 's': 'BINANCE:ETHUSDT', 't': 1703287369710, 'v': 4}, {'c': None, 'p': 2321.53, 's': 'BINANCE:ETHUSDT', 't': 1703287369710, 'v': 2.1929}, {'c': None, 'p': 43942, 's': 'BINANCE:BTCUSDT', 't': 1703287369776, 'v': 0.00038}, {'c': None, 'p': 43942, 's': 'BINANCE:BTCUSDT', 't': 1703287369865, 'v': 0.0011}, {'c': None, 'p': 2321.53, 's': 'BINANCE:ETHUSDT', 't': 1703287370313, 'v': 0.003}, {'c': None, 'p': 2321.53, 's': 'BINANCE:ETHUSDT', 't': 1703287370317, 'v': 0.0028}, {'c': None, 'p': 2321.54, 's': 'BINANCE:ETHUSDT', 't': 1703287370321, 'v': 0.0027}, {'c': None, 'p': 2321.53, 's': 'BINANCE:ETHUSDT', 't': 1703287370373, 'v': 0.022}, {'c': None, 'p': 43941.99, 's': 'BINANCE:BTCUSDT', 't': 1703287370590, 'v': 0.4426}], [{'c': None, 'p': 43941.99, 's': 'BINANCE:BTCUSDT', 't': 1703287370590, 'v': 0.00034}, {'c': None, 'p': 43941.99, 's': 'BINANCE:BTCUSDT', 't': 1703287370590, 'v': 0.0122}, {'c': None, 'p': 43941.99, 's': 'BINANCE:BTCUSDT', 't': 1703287370635, 'v': 0.00029}, {'c': None, 'p': 43941.99, 's': 'BINANCE:BTCUSDT', 't': 1703287370671, 'v': 0.00035}], [{'c': None, 'p': 43941.99, 's': 'BINANCE:BTCUSDT', 't': 1703287370962, 'v': 0.0056}, {'c': None, 'p': 2321.53, 's': 'BINANCE:ETHUSDT', 't': 1703287371129, 'v': 0.0133}, {'c': None, 'p': 43941.99, 's': 'BINANCE:BTCUSDT', 't': 1703287371217, 'v': 0.00088}, {'c': None, 'p': 43941.99, 's': 'BINANCE:BTCUSDT', 't': 1703287371234, 'v': 0.04728}, {'c': None, 'p': 43941.99, 's': 'BINANCE:BTCUSDT', 't': 1703287371314, 'v': 0.00082}, {'c': None, 'p': 2321.54, 's': 'BINANCE:ETHUSDT', 't': 1703287371546, 'v': 2.1536}, {'c': None, 'p': 43941.99, 's': 'BINANCE:BTCUSDT', 't': 1703287371574, 'v': 0.0005}, {'c': None, 'p': 43942, 's': 'BINANCE:BTCUSDT', 't': 1703287371641, 'v': 0.0003}, {'c': None, 'p': 43941.99, 's': 'BINANCE:BTCUSDT', 't': 1703287371707, 'v': 0.00037}], [{'c': None, 'p': 43942, 's': 'BINANCE:BTCUSDT', 't': 1703287371711, 'v': 0.00019}, {'c': None, 'p': 2321.53, 's': 'BINANCE:ETHUSDT', 't': 1703287371950, 'v': 0.0413}, {'c': None, 'p': 43941.99, 's': 'BINANCE:BTCUSDT', 't': 1703287372093, 'v': 0.00159}]]
[2023-12-23T00:05:43.726+0000] {hive.py:475} INFO - 
                            INSERT INTO temp_avro_data
                            VALUES (

                                43941.99,
                                'BINANCE',  -- New 'exchange' attribute
                                'BTCUSDT',  -- New 'crypto_pair' attribute
                                1703287363735,
                                0.00986
                            )
                        
[2023-12-23T00:05:46.334+0000] {hive.py:475} INFO - 
                            INSERT INTO temp_avro_data
                            VALUES (

                                43942,
                                'BINANCE',  -- New 'exchange' attribute
                                'BTCUSDT',  -- New 'crypto_pair' attribute
                                1703287363787,
                                0.07215
                            )
                        
[2023-12-23T00:05:48.461+0000] {hive.py:475} INFO - 
                            INSERT INTO temp_avro_data
                            VALUES (

                                43942,
                                'BINANCE',  -- New 'exchange' attribute
                                'BTCUSDT',  -- New 'crypto_pair' attribute
                                1703287363787,
                                0.05447
                            )
                        
[2023-12-23T00:05:50.952+0000] {hive.py:475} INFO - 
                            INSERT INTO temp_avro_data
                            VALUES (

                                43941.99,
                                'BINANCE',  -- New 'exchange' attribute
                                'BTCUSDT',  -- New 'crypto_pair' attribute
                                1703287364075,
                                0.00245
                            )
                        
[2023-12-23T00:05:53.403+0000] {hive.py:475} INFO - 
                            INSERT INTO temp_avro_data
                            VALUES (

                                2321.54,
                                'BINANCE',  -- New 'exchange' attribute
                                'ETHUSDT',  -- New 'crypto_pair' attribute
                                1703287364104,
                                0.0519
                            )
                        
[2023-12-23T00:05:55.433+0000] {hive.py:475} INFO - 
                            INSERT INTO temp_avro_data
                            VALUES (

                                43941.99,
                                'BINANCE',  -- New 'exchange' attribute
                                'BTCUSDT',  -- New 'crypto_pair' attribute
                                1703287364738,
                                0.10237
                            )
                        
[2023-12-23T00:05:57.545+0000] {hive.py:475} INFO - 
                            INSERT INTO temp_avro_data
                            VALUES (

                                43942,
                                'BINANCE',  -- New 'exchange' attribute
                                'BTCUSDT',  -- New 'crypto_pair' attribute
                                1703287364820,
                                0.01365
                            )
                        
[2023-12-23T00:05:59.625+0000] {hive.py:475} INFO - 
                            INSERT INTO temp_avro_data
                            VALUES (

                                193.585,
                                'AAPL',  -- New 'exchange' attribute
                                'None',  -- New 'crypto_pair' attribute
                                1703287364992,
                                1
                            )
                        
[2023-12-23T00:06:01.733+0000] {hive.py:475} INFO - 
                            INSERT INTO temp_avro_data
                            VALUES (

                                153.24,
                                'AMZN',  -- New 'exchange' attribute
                                'None',  -- New 'crypto_pair' attribute
                                1703287365776,
                                2
                            )
                        
[2023-12-23T00:06:03.774+0000] {hive.py:475} INFO - 
                            INSERT INTO temp_avro_data
                            VALUES (

                                43942,
                                'BINANCE',  -- New 'exchange' attribute
                                'BTCUSDT',  -- New 'crypto_pair' attribute
                                1703287365914,
                                0.01378
                            )
                        
[2023-12-23T00:06:05.932+0000] {hive.py:475} INFO - 
                            INSERT INTO temp_avro_data
                            VALUES (

                                43941.99,
                                'BINANCE',  -- New 'exchange' attribute
                                'BTCUSDT',  -- New 'crypto_pair' attribute
                                1703287365971,
                                0.01785
                            )
                        
[2023-12-23T00:06:08.001+0000] {hive.py:475} INFO - 
                            INSERT INTO temp_avro_data
                            VALUES (

                                2321.54,
                                'BINANCE',  -- New 'exchange' attribute
                                'ETHUSDT',  -- New 'crypto_pair' attribute
                                1703287366269,
                                0.0068
                            )
                        
[2023-12-23T00:06:10.463+0000] {hive.py:475} INFO - 
                            INSERT INTO temp_avro_data
                            VALUES (

                                43941.99,
                                'BINANCE',  -- New 'exchange' attribute
                                'BTCUSDT',  -- New 'crypto_pair' attribute
                                1703287366330,
                                0.01295
                            )
                        
[2023-12-23T00:06:12.531+0000] {hive.py:475} INFO - 
                            INSERT INTO temp_avro_data
                            VALUES (

                                2321.54,
                                'BINANCE',  -- New 'exchange' attribute
                                'ETHUSDT',  -- New 'crypto_pair' attribute
                                1703287366443,
                                0.6461
                            )
                        
[2023-12-23T00:06:14.611+0000] {hive.py:475} INFO - 
                            INSERT INTO temp_avro_data
                            VALUES (

                                43942,
                                'BINANCE',  -- New 'exchange' attribute
                                'BTCUSDT',  -- New 'crypto_pair' attribute
                                1703287366488,
                                0.00022
                            )
                        
[2023-12-23T00:06:16.736+0000] {hive.py:475} INFO - 
                            INSERT INTO temp_avro_data
                            VALUES (

                                43942,
                                'BINANCE',  -- New 'exchange' attribute
                                'BTCUSDT',  -- New 'crypto_pair' attribute
                                1703287366512,
                                0.0002
                            )
                        
[2023-12-23T00:06:19.247+0000] {hive.py:475} INFO - 
                            INSERT INTO temp_avro_data
                            VALUES (

                                2321.54,
                                'BINANCE',  -- New 'exchange' attribute
                                'ETHUSDT',  -- New 'crypto_pair' attribute
                                1703287366559,
                                0.013
                            )
                        
[2023-12-23T00:06:21.718+0000] {hive.py:475} INFO - 
                            INSERT INTO temp_avro_data
                            VALUES (

                                43942,
                                'BINANCE',  -- New 'exchange' attribute
                                'BTCUSDT',  -- New 'crypto_pair' attribute
                                1703287366912,
                                0.06581
                            )
                        
[2023-12-23T00:06:24.218+0000] {hive.py:475} INFO - 
                            INSERT INTO temp_avro_data
                            VALUES (

                                43942,
                                'BINANCE',  -- New 'exchange' attribute
                                'BTCUSDT',  -- New 'crypto_pair' attribute
                                1703287366912,
                                0.01656
                            )
                        
[2023-12-23T00:06:26.251+0000] {hive.py:475} INFO - 
                            INSERT INTO temp_avro_data
                            VALUES (

                                43942,
                                'BINANCE',  -- New 'exchange' attribute
                                'BTCUSDT',  -- New 'crypto_pair' attribute
                                1703287366913,
                                0.00668
                            )
                        
[2023-12-23T00:06:28.690+0000] {hive.py:475} INFO - 
                            INSERT INTO temp_avro_data
                            VALUES (

                                43942,
                                'BINANCE',  -- New 'exchange' attribute
                                'BTCUSDT',  -- New 'crypto_pair' attribute
                                1703287366917,
                                0.02226
                            )
                        
[2023-12-23T00:06:30.826+0000] {hive.py:475} INFO - 
                            INSERT INTO temp_avro_data
                            VALUES (

                                43942,
                                'BINANCE',  -- New 'exchange' attribute
                                'BTCUSDT',  -- New 'crypto_pair' attribute
                                1703287366974,
                                0.0609
                            )
                        
[2023-12-23T00:06:32.926+0000] {hive.py:475} INFO - 
                            INSERT INTO temp_avro_data
                            VALUES (

                                2321.54,
                                'BINANCE',  -- New 'exchange' attribute
                                'ETHUSDT',  -- New 'crypto_pair' attribute
                                1703287367084,
                                0.0065
                            )
                        
[2023-12-23T00:06:35.040+0000] {hive.py:475} INFO - 
                            INSERT INTO temp_avro_data
                            VALUES (

                                43942,
                                'BINANCE',  -- New 'exchange' attribute
                                'BTCUSDT',  -- New 'crypto_pair' attribute
                                1703287367232,
                                0.00359
                            )
                        
[2023-12-23T00:06:37.150+0000] {hive.py:475} INFO - 
                            INSERT INTO temp_avro_data
                            VALUES (

                                2321.54,
                                'BINANCE',  -- New 'exchange' attribute
                                'ETHUSDT',  -- New 'crypto_pair' attribute
                                1703287367468,
                                0.0088
                            )
                        
[2023-12-23T00:06:39.251+0000] {hive.py:475} INFO - 
                            INSERT INTO temp_avro_data
                            VALUES (

                                2321.54,
                                'BINANCE',  -- New 'exchange' attribute
                                'ETHUSDT',  -- New 'crypto_pair' attribute
                                1703287367520,
                                0.3685
                            )
                        
[2023-12-23T00:06:41.329+0000] {hive.py:475} INFO - 
                            INSERT INTO temp_avro_data
                            VALUES (

                                43941.99,
                                'BINANCE',  -- New 'exchange' attribute
                                'BTCUSDT',  -- New 'crypto_pair' attribute
                                1703287368307,
                                0.00895
                            )
                        
[2023-12-23T00:06:43.465+0000] {hive.py:475} INFO - 
                            INSERT INTO temp_avro_data
                            VALUES (

                                43942,
                                'BINANCE',  -- New 'exchange' attribute
                                'BTCUSDT',  -- New 'crypto_pair' attribute
                                1703287368369,
                                0.00155
                            )
                        
[2023-12-23T00:06:45.632+0000] {hive.py:475} INFO - 
                            INSERT INTO temp_avro_data
                            VALUES (

                                43942,
                                'BINANCE',  -- New 'exchange' attribute
                                'BTCUSDT',  -- New 'crypto_pair' attribute
                                1703287368369,
                                0.00267
                            )
                        
[2023-12-23T00:06:48.171+0000] {hive.py:475} INFO - 
                            INSERT INTO temp_avro_data
                            VALUES (

                                43941.99,
                                'BINANCE',  -- New 'exchange' attribute
                                'BTCUSDT',  -- New 'crypto_pair' attribute
                                1703287368377,
                                0.00432
                            )
                        
[2023-12-23T00:06:50.273+0000] {hive.py:475} INFO - 
                            INSERT INTO temp_avro_data
                            VALUES (

                                43941.99,
                                'BINANCE',  -- New 'exchange' attribute
                                'BTCUSDT',  -- New 'crypto_pair' attribute
                                1703287368389,
                                0.00015
                            )
                        
[2023-12-23T00:06:52.357+0000] {hive.py:475} INFO - 
                            INSERT INTO temp_avro_data
                            VALUES (

                                43942,
                                'BINANCE',  -- New 'exchange' attribute
                                'BTCUSDT',  -- New 'crypto_pair' attribute
                                1703287368482,
                                0.00033
                            )
                        
[2023-12-23T00:06:54.442+0000] {hive.py:475} INFO - 
                            INSERT INTO temp_avro_data
                            VALUES (

                                43942,
                                'BINANCE',  -- New 'exchange' attribute
                                'BTCUSDT',  -- New 'crypto_pair' attribute
                                1703287368505,
                                0.00023
                            )
                        
[2023-12-23T00:06:56.922+0000] {hive.py:475} INFO - 
                            INSERT INTO temp_avro_data
                            VALUES (

                                43942,
                                'BINANCE',  -- New 'exchange' attribute
                                'BTCUSDT',  -- New 'crypto_pair' attribute
                                1703287368670,
                                0.00084
                            )
                        
[2023-12-23T00:06:58.974+0000] {hive.py:475} INFO - 
                            INSERT INTO temp_avro_data
                            VALUES (

                                43942,
                                'BINANCE',  -- New 'exchange' attribute
                                'BTCUSDT',  -- New 'crypto_pair' attribute
                                1703287368670,
                                0.00025
                            )
                        
[2023-12-23T00:07:01.064+0000] {hive.py:475} INFO - 
                            INSERT INTO temp_avro_data
                            VALUES (

                                2321.53,
                                'BINANCE',  -- New 'exchange' attribute
                                'ETHUSDT',  -- New 'crypto_pair' attribute
                                1703287368843,
                                0.0047
                            )
                        
[2023-12-23T00:07:03.153+0000] {hive.py:475} INFO - 
                            INSERT INTO temp_avro_data
                            VALUES (

                                43941.99,
                                'BINANCE',  -- New 'exchange' attribute
                                'BTCUSDT',  -- New 'crypto_pair' attribute
                                1703287369104,
                                0.01832
                            )
                        
[2023-12-23T00:07:05.263+0000] {hive.py:475} INFO - 
                            INSERT INTO temp_avro_data
                            VALUES (

                                43941.99,
                                'BINANCE',  -- New 'exchange' attribute
                                'BTCUSDT',  -- New 'crypto_pair' attribute
                                1703287369511,
                                0.04089
                            )
                        
[2023-12-23T00:07:07.363+0000] {hive.py:475} INFO - 
                            INSERT INTO temp_avro_data
                            VALUES (

                                43941.99,
                                'BINANCE',  -- New 'exchange' attribute
                                'BTCUSDT',  -- New 'crypto_pair' attribute
                                1703287369511,
                                0.05911
                            )
                        
[2023-12-23T00:07:09.462+0000] {hive.py:475} INFO - 
                            INSERT INTO temp_avro_data
                            VALUES (

                                2321.54,
                                'BINANCE',  -- New 'exchange' attribute
                                'ETHUSDT',  -- New 'crypto_pair' attribute
                                1703287369609,
                                0.2918
                            )
                        
[2023-12-23T00:07:11.934+0000] {hive.py:475} INFO - 
                            INSERT INTO temp_avro_data
                            VALUES (

                                2321.53,
                                'BINANCE',  -- New 'exchange' attribute
                                'ETHUSDT',  -- New 'crypto_pair' attribute
                                1703287369710,
                                3.8071
                            )
                        
[2023-12-23T00:07:14.006+0000] {hive.py:475} INFO - 
                            INSERT INTO temp_avro_data
                            VALUES (

                                2321.53,
                                'BINANCE',  -- New 'exchange' attribute
                                'ETHUSDT',  -- New 'crypto_pair' attribute
                                1703287369710,
                                4
                            )
                        
[2023-12-23T00:07:16.465+0000] {hive.py:475} INFO - 
                            INSERT INTO temp_avro_data
                            VALUES (

                                2321.53,
                                'BINANCE',  -- New 'exchange' attribute
                                'ETHUSDT',  -- New 'crypto_pair' attribute
                                1703287369710,
                                2.1929
                            )
                        
[2023-12-23T00:07:18.523+0000] {hive.py:475} INFO - 
                            INSERT INTO temp_avro_data
                            VALUES (

                                43942,
                                'BINANCE',  -- New 'exchange' attribute
                                'BTCUSDT',  -- New 'crypto_pair' attribute
                                1703287369776,
                                0.00038
                            )
                        
[2023-12-23T00:07:20.576+0000] {hive.py:475} INFO - 
                            INSERT INTO temp_avro_data
                            VALUES (

                                43942,
                                'BINANCE',  -- New 'exchange' attribute
                                'BTCUSDT',  -- New 'crypto_pair' attribute
                                1703287369865,
                                0.0011
                            )
                        
[2023-12-23T00:07:22.635+0000] {hive.py:475} INFO - 
                            INSERT INTO temp_avro_data
                            VALUES (

                                2321.53,
                                'BINANCE',  -- New 'exchange' attribute
                                'ETHUSDT',  -- New 'crypto_pair' attribute
                                1703287370313,
                                0.003
                            )
                        
[2023-12-23T00:07:24.701+0000] {hive.py:475} INFO - 
                            INSERT INTO temp_avro_data
                            VALUES (

                                2321.53,
                                'BINANCE',  -- New 'exchange' attribute
                                'ETHUSDT',  -- New 'crypto_pair' attribute
                                1703287370317,
                                0.0028
                            )
                        
[2023-12-23T00:07:26.815+0000] {hive.py:475} INFO - 
                            INSERT INTO temp_avro_data
                            VALUES (

                                2321.54,
                                'BINANCE',  -- New 'exchange' attribute
                                'ETHUSDT',  -- New 'crypto_pair' attribute
                                1703287370321,
                                0.0027
                            )
                        
[2023-12-23T00:07:28.850+0000] {hive.py:475} INFO - 
                            INSERT INTO temp_avro_data
                            VALUES (

                                2321.53,
                                'BINANCE',  -- New 'exchange' attribute
                                'ETHUSDT',  -- New 'crypto_pair' attribute
                                1703287370373,
                                0.022
                            )
                        
[2023-12-23T00:07:31.356+0000] {hive.py:475} INFO - 
                            INSERT INTO temp_avro_data
                            VALUES (

                                43941.99,
                                'BINANCE',  -- New 'exchange' attribute
                                'BTCUSDT',  -- New 'crypto_pair' attribute
                                1703287370590,
                                0.4426
                            )
                        
[2023-12-23T00:07:33.448+0000] {hive.py:475} INFO - 
                            INSERT INTO temp_avro_data
                            VALUES (

                                43941.99,
                                'BINANCE',  -- New 'exchange' attribute
                                'BTCUSDT',  -- New 'crypto_pair' attribute
                                1703287370590,
                                0.00034
                            )
                        
[2023-12-23T00:07:35.961+0000] {hive.py:475} INFO - 
                            INSERT INTO temp_avro_data
                            VALUES (

                                43941.99,
                                'BINANCE',  -- New 'exchange' attribute
                                'BTCUSDT',  -- New 'crypto_pair' attribute
                                1703287370590,
                                0.0122
                            )
                        
[2023-12-23T00:07:38.076+0000] {hive.py:475} INFO - 
                            INSERT INTO temp_avro_data
                            VALUES (

                                43941.99,
                                'BINANCE',  -- New 'exchange' attribute
                                'BTCUSDT',  -- New 'crypto_pair' attribute
                                1703287370635,
                                0.00029
                            )
                        
[2023-12-23T00:07:40.163+0000] {hive.py:475} INFO - 
                            INSERT INTO temp_avro_data
                            VALUES (

                                43941.99,
                                'BINANCE',  -- New 'exchange' attribute
                                'BTCUSDT',  -- New 'crypto_pair' attribute
                                1703287370671,
                                0.00035
                            )
                        
[2023-12-23T00:07:42.191+0000] {hive.py:475} INFO - 
                            INSERT INTO temp_avro_data
                            VALUES (

                                43941.99,
                                'BINANCE',  -- New 'exchange' attribute
                                'BTCUSDT',  -- New 'crypto_pair' attribute
                                1703287370962,
                                0.0056
                            )
                        
[2023-12-23T00:07:44.235+0000] {hive.py:475} INFO - 
                            INSERT INTO temp_avro_data
                            VALUES (

                                2321.53,
                                'BINANCE',  -- New 'exchange' attribute
                                'ETHUSDT',  -- New 'crypto_pair' attribute
                                1703287371129,
                                0.0133
                            )
                        
[2023-12-23T00:07:46.305+0000] {hive.py:475} INFO - 
                            INSERT INTO temp_avro_data
                            VALUES (

                                43941.99,
                                'BINANCE',  -- New 'exchange' attribute
                                'BTCUSDT',  -- New 'crypto_pair' attribute
                                1703287371217,
                                0.00088
                            )
                        
[2023-12-23T00:07:48.470+0000] {hive.py:475} INFO - 
                            INSERT INTO temp_avro_data
                            VALUES (

                                43941.99,
                                'BINANCE',  -- New 'exchange' attribute
                                'BTCUSDT',  -- New 'crypto_pair' attribute
                                1703287371234,
                                0.04728
                            )
                        
[2023-12-23T00:07:50.600+0000] {hive.py:475} INFO - 
                            INSERT INTO temp_avro_data
                            VALUES (

                                43941.99,
                                'BINANCE',  -- New 'exchange' attribute
                                'BTCUSDT',  -- New 'crypto_pair' attribute
                                1703287371314,
                                0.00082
                            )
                        
[2023-12-23T00:07:52.671+0000] {hive.py:475} INFO - 
                            INSERT INTO temp_avro_data
                            VALUES (

                                2321.54,
                                'BINANCE',  -- New 'exchange' attribute
                                'ETHUSDT',  -- New 'crypto_pair' attribute
                                1703287371546,
                                2.1536
                            )
                        
[2023-12-23T00:07:54.715+0000] {hive.py:475} INFO - 
                            INSERT INTO temp_avro_data
                            VALUES (

                                43941.99,
                                'BINANCE',  -- New 'exchange' attribute
                                'BTCUSDT',  -- New 'crypto_pair' attribute
                                1703287371574,
                                0.0005
                            )
                        
[2023-12-23T00:07:56.853+0000] {hive.py:475} INFO - 
                            INSERT INTO temp_avro_data
                            VALUES (

                                43942,
                                'BINANCE',  -- New 'exchange' attribute
                                'BTCUSDT',  -- New 'crypto_pair' attribute
                                1703287371641,
                                0.0003
                            )
                        
[2023-12-23T00:07:59.036+0000] {hive.py:475} INFO - 
                            INSERT INTO temp_avro_data
                            VALUES (

                                43941.99,
                                'BINANCE',  -- New 'exchange' attribute
                                'BTCUSDT',  -- New 'crypto_pair' attribute
                                1703287371707,
                                0.00037
                            )
                        
[2023-12-23T00:08:01.233+0000] {hive.py:475} INFO - 
                            INSERT INTO temp_avro_data
                            VALUES (

                                43942,
                                'BINANCE',  -- New 'exchange' attribute
                                'BTCUSDT',  -- New 'crypto_pair' attribute
                                1703287371711,
                                0.00019
                            )
                        
[2023-12-23T00:08:03.517+0000] {hive.py:475} INFO - 
                            INSERT INTO temp_avro_data
                            VALUES (

                                2321.53,
                                'BINANCE',  -- New 'exchange' attribute
                                'ETHUSDT',  -- New 'crypto_pair' attribute
                                1703287371950,
                                0.0413
                            )
                        
[2023-12-23T00:08:05.784+0000] {hive.py:475} INFO - 
                            INSERT INTO temp_avro_data
                            VALUES (

                                43941.99,
                                'BINANCE',  -- New 'exchange' attribute
                                'BTCUSDT',  -- New 'crypto_pair' attribute
                                1703287372093,
                                0.00159
                            )
                        
[2023-12-23T00:08:08.033+0000] {logging_mixin.py:188} INFO - 
Inserting batch into Hive...
[2023-12-23T00:08:08.037+0000] {hive.py:475} INFO - 
            INSERT INTO TABLE finnhub_table 
            SELECT *
            FROM temp_avro_data
        
[2023-12-23T00:10:21.669+0000] {logging_mixin.py:188} INFO - Batch successfully inserted into Hive.
[2023-12-23T00:10:21.671+0000] {logging_mixin.py:188} INFO - [[{'c': None, 'p': 2321.53, 's': 'BINANCE:ETHUSDT', 't': 1703287373170, 'v': 0.0042}, {'c': None, 'p': 2321.53, 's': 'BINANCE:ETHUSDT', 't': 1703287373170, 'v': 0.017}, {'c': None, 'p': 2321.53, 's': 'BINANCE:ETHUSDT', 't': 1703287373170, 'v': 0.0034}, {'c': None, 'p': 2321.53, 's': 'BINANCE:ETHUSDT', 't': 1703287373170, 'v': 0.0132}, {'c': None, 'p': 2321.53, 's': 'BINANCE:ETHUSDT', 't': 1703287373170, 'v': 0.0032}, {'c': None, 'p': 2321.53, 's': 'BINANCE:ETHUSDT', 't': 1703287373170, 'v': 0.0028}, {'c': None, 'p': 2321.53, 's': 'BINANCE:ETHUSDT', 't': 1703287373170, 'v': 0.0105}, {'c': None, 'p': 2321.53, 's': 'BINANCE:ETHUSDT', 't': 1703287373170, 'v': 0.0026}, {'c': None, 'p': 2321.53, 's': 'BINANCE:ETHUSDT', 't': 1703287373170, 'v': 0.0023}, {'c': None, 'p': 2321.53, 's': 'BINANCE:ETHUSDT', 't': 1703287373170, 'v': 0.2142}], [{'c': None, 'p': 2321.53, 's': 'BINANCE:ETHUSDT', 't': 1703287373170, 'v': 0.8941}, {'c': None, 'p': 2321.53, 's': 'BINANCE:ETHUSDT', 't': 1703287373170, 'v': 1.7526}, {'c': None, 'p': 2321.53, 's': 'BINANCE:ETHUSDT', 't': 1703287373170, 'v': 0.0054}, {'c': None, 'p': 2321.53, 's': 'BINANCE:ETHUSDT', 't': 1703287373170, 'v': 0.0049}, {'c': None, 'p': 2321.53, 's': 'BINANCE:ETHUSDT', 't': 1703287373170, 'v': 2.0696}, {'c': None, 'p': 2321.52, 's': 'BINANCE:ETHUSDT', 't': 1703287373501, 'v': 0.0105}, {'c': None, 'p': 2321.52, 's': 'BINANCE:ETHUSDT', 't': 1703287373703, 'v': 0.0022}], [{'c': None, 'p': 2321.53, 's': 'BINANCE:ETHUSDT', 't': 1703287373817, 'v': 0.0516}, {'c': ['1', '24', '12'], 'p': 375.1, 's': 'MSFT', 't': 1703287374662, 'v': 1}, {'c': None, 'p': 2321.5, 's': 'BINANCE:ETHUSDT', 't': 1703287374616, 'v': 0.2668}, {'c': None, 'p': 2321.5, 's': 'BINANCE:ETHUSDT', 't': 1703287374692, 'v': 0.192}, {'c': None, 'p': 2321.49, 's': 'BINANCE:ETHUSDT', 't': 1703287374706, 'v': 0.0127}, {'c': None, 'p': 2321.49, 's': 'BINANCE:ETHUSDT', 't': 1703287374706, 'v': 0.0086}, {'c': None, 'p': 2321.49, 's': 'BINANCE:ETHUSDT', 't': 1703287374706, 'v': 0.0267}, {'c': None, 'p': 2321.48, 's': 'BINANCE:ETHUSDT', 't': 1703287374706, 'v': 0.0318}, {'c': None, 'p': 2321.48, 's': 'BINANCE:ETHUSDT', 't': 1703287374706, 'v': 0.1272}, {'c': None, 'p': 2321.45, 's': 'BINANCE:ETHUSDT', 't': 1703287374706, 'v': 0.0129}], [{'c': None, 'p': 2321.44, 's': 'BINANCE:ETHUSDT', 't': 1703287374706, 'v': 0.0066}, {'c': None, 'p': 2321.44, 's': 'BINANCE:ETHUSDT', 't': 1703287374706, 'v': 0.0066}, {'c': None, 'p': 2321.43, 's': 'BINANCE:ETHUSDT', 't': 1703287374706, 'v': 0.0318}, {'c': None, 'p': 2321.43, 's': 'BINANCE:ETHUSDT', 't': 1703287374706, 'v': 0.0127}, {'c': None, 'p': 2321.4, 's': 'BINANCE:ETHUSDT', 't': 1703287374706, 'v': 0.0888}, {'c': None, 'p': 2321.4, 's': 'BINANCE:ETHUSDT', 't': 1703287374706, 'v': 0.004}, {'c': None, 'p': 2321.4, 's': 'BINANCE:ETHUSDT', 't': 1703287374706, 'v': 0.0066}], [{'c': ['1', '24', '12'], 'p': 153.24, 's': 'AMZN', 't': 1703287374880, 'v': 1}, {'c': None, 'p': 43941.99, 's': 'BINANCE:BTCUSDT', 't': 1703287374762, 'v': 0.00142}, {'c': ['1', '24', '12'], 'p': 153.27, 's': 'AMZN', 't': 1703287375086, 'v': 1}, {'c': None, 'p': 2321.39, 's': 'BINANCE:ETHUSDT', 't': 1703287374941, 'v': 0.0172}, {'c': None, 'p': 2321.39, 's': 'BINANCE:ETHUSDT', 't': 1703287375134, 'v': 0.0047}, {'c': None, 'p': 43941.99, 's': 'BINANCE:BTCUSDT', 't': 1703287375296, 'v': 0.00037}, {'c': None, 'p': 43942, 's': 'BINANCE:BTCUSDT', 't': 1703287375473, 'v': 0.00068}], [{'c': None, 'p': 43942, 's': 'BINANCE:BTCUSDT', 't': 1703287375839, 'v': 0.00359}, {'c': None, 'p': 2321.38, 's': 'BINANCE:ETHUSDT', 't': 1703287376003, 'v': 0.0318}, {'c': None, 'p': 2321.38, 's': 'BINANCE:ETHUSDT', 't': 1703287376003, 'v': 0.0356}, {'c': None, 'p': 43942, 's': 'BINANCE:BTCUSDT', 't': 1703287376098, 'v': 0.00028}, {'c': None, 'p': 2321.38, 's': 'BINANCE:ETHUSDT', 't': 1703287376577, 'v': 1.5222}, {'c': None, 'p': 2321.38, 's': 'BINANCE:ETHUSDT', 't': 1703287376577, 'v': 2.2856}], [{'c': None, 'p': 2321.39, 's': 'BINANCE:ETHUSDT', 't': 1703287377005, 'v': 0.0022}, {'c': None, 'p': 43941.99, 's': 'BINANCE:BTCUSDT', 't': 1703287377162, 'v': 0.15573}, {'c': None, 'p': 43941.99, 's': 'BINANCE:BTCUSDT', 't': 1703287377162, 'v': 0.2274}, {'c': None, 'p': 43941.99, 's': 'BINANCE:BTCUSDT', 't': 1703287377162, 'v': 0.11}, {'c': None, 'p': 43941.99, 's': 'BINANCE:BTCUSDT', 't': 1703287377162, 'v': 0.00094}, {'c': None, 'p': 43941.99, 's': 'BINANCE:BTCUSDT', 't': 1703287377162, 'v': 0.00141}, {'c': None, 'p': 43941.99, 's': 'BINANCE:BTCUSDT', 't': 1703287377162, 'v': 0.00027}, {'c': None, 'p': 43941.99, 's': 'BINANCE:BTCUSDT', 't': 1703287377162, 'v': 0.06425}, {'c': None, 'p': 43941.99, 's': 'BINANCE:BTCUSDT', 't': 1703287377163, 'v': 0.05246}, {'c': None, 'p': 43941.99, 's': 'BINANCE:BTCUSDT', 't': 1703287377163, 'v': 0.02178}], [{'c': None, 'p': 43941.99, 's': 'BINANCE:BTCUSDT', 't': 1703287377163, 'v': 0.00034}, {'c': None, 'p': 43941.99, 's': 'BINANCE:BTCUSDT', 't': 1703287377163, 'v': 0.00049}, {'c': None, 'p': 43941.99, 's': 'BINANCE:BTCUSDT', 't': 1703287377163, 'v': 0.00048}, {'c': None, 'p': 43941.99, 's': 'BINANCE:BTCUSDT', 't': 1703287377163, 'v': 0.00048}, {'c': None, 'p': 43941.99, 's': 'BINANCE:BTCUSDT', 't': 1703287377163, 'v': 0.04385}, {'c': None, 'p': 43941.62, 's': 'BINANCE:BTCUSDT', 't': 1703287377163, 'v': 0.00062}, {'c': None, 'p': 43941.36, 's': 'BINANCE:BTCUSDT', 't': 1703287377163, 'v': 0.00062}, {'c': None, 'p': 43941.15, 's': 'BINANCE:BTCUSDT', 't': 1703287377163, 'v': 0.00223}, {'c': None, 'p': 43941.1, 's': 'BINANCE:BTCUSDT', 't': 1703287377163, 'v': 0.00062}, {'c': None, 'p': 43941.09, 's': 'BINANCE:BTCUSDT', 't': 1703287377163, 'v': 0.02081}], [{'c': None, 'p': 43941.09, 's': 'BINANCE:BTCUSDT', 't': 1703287377163, 'v': 0.0002}, {'c': None, 'p': 43940.84, 's': 'BINANCE:BTCUSDT', 't': 1703287377163, 'v': 0.00062}, {'c': None, 'p': 43940.67, 's': 'BINANCE:BTCUSDT', 't': 1703287377163, 'v': 0.00223}, {'c': None, 'p': 43940.62, 's': 'BINANCE:BTCUSDT', 't': 1703287377163, 'v': 0.00564}, {'c': None, 'p': 43940.58, 's': 'BINANCE:BTCUSDT', 't': 1703287377163, 'v': 0.00062}, {'c': None, 'p': 43940.32, 's': 'BINANCE:BTCUSDT', 't': 1703287377171, 'v': 0.00062}, {'c': None, 'p': 43940.24, 's': 'BINANCE:BTCUSDT', 't': 1703287377171, 'v': 0.0045}, {'c': None, 'p': 43940.19, 's': 'BINANCE:BTCUSDT', 't': 1703287377171, 'v': 0.00223}, {'c': None, 'p': 43940.06, 's': 'BINANCE:BTCUSDT', 't': 1703287377171, 'v': 0.00062}, {'c': None, 'p': 43940, 's': 'BINANCE:BTCUSDT', 't': 1703287377222, 'v': 0.00012}], [{'c': None, 'p': 43939.99, 's': 'BINANCE:BTCUSDT', 't': 1703287377222, 'v': 0.0002}, {'c': None, 'p': 43939.81, 's': 'BINANCE:BTCUSDT', 't': 1703287377222, 'v': 0.00564}, {'c': None, 'p': 43939.8, 's': 'BINANCE:BTCUSDT', 't': 1703287377222, 'v': 0.00062}, {'c': None, 'p': 43939.71, 's': 'BINANCE:BTCUSDT', 't': 1703287377222, 'v': 0.00223}, {'c': None, 'p': 43939.54, 's': 'BINANCE:BTCUSDT', 't': 1703287377222, 'v': 0.00062}, {'c': None, 'p': 43939.28, 's': 'BINANCE:BTCUSDT', 't': 1703287377222, 'v': 0.00062}, {'c': None, 'p': 43939.23, 's': 'BINANCE:BTCUSDT', 't': 1703287377222, 'v': 0.00223}, {'c': None, 'p': 43939.02, 's': 'BINANCE:BTCUSDT', 't': 1703287377222, 'v': 0.00062}, {'c': None, 'p': 43939, 's': 'BINANCE:BTCUSDT', 't': 1703287377222, 'v': 0.00564}, {'c': None, 'p': 43938.9, 's': 'BINANCE:BTCUSDT', 't': 1703287377222, 'v': 0.00673}]]
[2023-12-23T00:10:21.674+0000] {hive.py:475} INFO - 
                            INSERT INTO temp_avro_data
                            VALUES (

                                2321.53,
                                'BINANCE',  -- New 'exchange' attribute
                                'ETHUSDT',  -- New 'crypto_pair' attribute
                                1703287373170,
                                0.0042
                            )
                        
[2023-12-23T00:10:23.962+0000] {hive.py:475} INFO - 
                            INSERT INTO temp_avro_data
                            VALUES (

                                2321.53,
                                'BINANCE',  -- New 'exchange' attribute
                                'ETHUSDT',  -- New 'crypto_pair' attribute
                                1703287373170,
                                0.017
                            )
                        
[2023-12-23T00:10:26.150+0000] {hive.py:475} INFO - 
                            INSERT INTO temp_avro_data
                            VALUES (

                                2321.53,
                                'BINANCE',  -- New 'exchange' attribute
                                'ETHUSDT',  -- New 'crypto_pair' attribute
                                1703287373170,
                                0.0034
                            )
                        
[2023-12-23T00:10:28.691+0000] {hive.py:475} INFO - 
                            INSERT INTO temp_avro_data
                            VALUES (

                                2321.53,
                                'BINANCE',  -- New 'exchange' attribute
                                'ETHUSDT',  -- New 'crypto_pair' attribute
                                1703287373170,
                                0.0132
                            )
                        
[2023-12-23T00:10:31.304+0000] {local_task_job_runner.py:302} WARNING - State of this instance has been externally set to success. Terminating instance.
[2023-12-23T00:10:31.306+0000] {hive.py:475} INFO - 
                            INSERT INTO temp_avro_data
                            VALUES (

                                2321.53,
                                'BINANCE',  -- New 'exchange' attribute
                                'ETHUSDT',  -- New 'crypto_pair' attribute
                                1703287373170,
                                0.0032
                            )
                        
[2023-12-23T00:10:31.307+0000] {process_utils.py:131} INFO - Sending Signals.SIGTERM to group 691. PIDs of all processes in the group: [691]
[2023-12-23T00:10:31.308+0000] {process_utils.py:86} INFO - Sending the signal Signals.SIGTERM to group 691
[2023-12-23T00:10:31.308+0000] {taskinstance.py:2451} ERROR - Received SIGTERM. Terminating subprocesses.
[2023-12-23T00:10:31.309+0000] {logging_mixin.py:188} INFO - Error processing and inserting into Hive: Task received SIGTERM signal
[2023-12-23T00:10:31.309+0000] {logging_mixin.py:188} INFO - [[{'c': None, 'p': 43938.76, 's': 'BINANCE:BTCUSDT', 't': 1703287377222, 'v': 0.00062}, {'c': None, 'p': 43938.75, 's': 'BINANCE:BTCUSDT', 't': 1703287377222, 'v': 0.00223}, {'c': None, 'p': 43938.5, 's': 'BINANCE:BTCUSDT', 't': 1703287377222, 'v': 0.00062}, {'c': None, 'p': 43938.32, 's': 'BINANCE:BTCUSDT', 't': 1703287377222, 'v': 0.00018}, {'c': None, 'p': 43938.28, 's': 'BINANCE:BTCUSDT', 't': 1703287377235, 'v': 0.00125}, {'c': None, 'p': 43938.28, 's': 'BINANCE:BTCUSDT', 't': 1703287377235, 'v': 0.01891}, {'c': None, 'p': 43938.27, 's': 'BINANCE:BTCUSDT', 't': 1703287377240, 'v': 0.00223}, {'c': None, 'p': 43938.24, 's': 'BINANCE:BTCUSDT', 't': 1703287377240, 'v': 5e-05}, {'c': None, 'p': 43938.24, 's': 'BINANCE:BTCUSDT', 't': 1703287377296, 'v': 0.00057}, {'c': None, 'p': 43938.23, 's': 'BINANCE:BTCUSDT', 't': 1703287377296, 'v': 0.00034}], [{'c': None, 'p': 43938.19, 's': 'BINANCE:BTCUSDT', 't': 1703287377296, 'v': 0.00564}, {'c': None, 'p': 2321.39, 's': 'BINANCE:ETHUSDT', 't': 1703287377332, 'v': 0.6084}, {'c': None, 'p': 2321.38, 's': 'BINANCE:ETHUSDT', 't': 1703287377463, 'v': 0.0272}], [{'c': None, 'p': 43937.98, 's': 'BINANCE:BTCUSDT', 't': 1703287377821, 'v': 0.00548}, {'c': None, 'p': 43937.98, 's': 'BINANCE:BTCUSDT', 't': 1703287377842, 'v': 0.00094}, {'c': ['1', '24', '12'], 'p': 193.59, 's': 'AAPL', 't': 1703287378002, 'v': 1}, {'c': None, 'p': 43937.99, 's': 'BINANCE:BTCUSDT', 't': 1703287377868, 'v': 0.00377}, {'c': None, 'p': 43937.98, 's': 'BINANCE:BTCUSDT', 't': 1703287378521, 'v': 0.00053}], [{'c': None, 'p': 43937.99, 's': 'BINANCE:BTCUSDT', 't': 1703287378868, 'v': 0.00337}, {'c': None, 'p': 2321.38, 's': 'BINANCE:ETHUSDT', 't': 1703287378927, 'v': 1.5491}, {'c': None, 'p': 43937.99, 's': 'BINANCE:BTCUSDT', 't': 1703287378969, 'v': 0.00025}, {'c': None, 'p': 43937.99, 's': 'BINANCE:BTCUSDT', 't': 1703287378976, 'v': 0.00454}, {'c': None, 'p': 43937.98, 's': 'BINANCE:BTCUSDT', 't': 1703287379037, 'v': 0.02181}, {'c': None, 'p': 43937.99, 's': 'BINANCE:BTCUSDT', 't': 1703287379369, 'v': 0.00039}, {'c': ['1', '24', '12'], 'p': 375.1, 's': 'MSFT', 't': 1703287379590, 'v': 1}, {'c': None, 'p': 2321.39, 's': 'BINANCE:ETHUSDT', 't': 1703287379509, 'v': 0.0026}, {'c': ['1', '24', '12'], 'p': 153.27, 's': 'AMZN', 't': 1703287379866, 'v': 1}], [], [{'c': None, 'p': 2321.39, 's': 'BINANCE:ETHUSDT', 't': 1703287379978, 'v': 0.0065}, {'c': None, 'p': 43937.98, 's': 'BINANCE:BTCUSDT', 't': 1703287379979, 'v': 0.00062}, {'c': None, 'p': 43937.98, 's': 'BINANCE:BTCUSDT', 't': 1703287379979, 'v': 0.00137}, {'c': None, 'p': 2321.39, 's': 'BINANCE:ETHUSDT', 't': 1703287379982, 'v': 0.0289}, {'c': None, 'p': 43937.99, 's': 'BINANCE:BTCUSDT', 't': 1703287379982, 'v': 0.00031}, {'c': None, 'p': 2321.38, 's': 'BINANCE:ETHUSDT', 't': 1703287379983, 'v': 0.0307}, {'c': None, 'p': 43937.98, 's': 'BINANCE:BTCUSDT', 't': 1703287379983, 'v': 0.00084}, {'c': None, 'p': 43937.98, 's': 'BINANCE:BTCUSDT', 't': 1703287379983, 'v': 0.00071}, {'c': None, 'p': 43937.99, 's': 'BINANCE:BTCUSDT', 't': 1703287379983, 'v': 0.00035}, {'c': None, 'p': 43937.98, 's': 'BINANCE:BTCUSDT', 't': 1703287379983, 'v': 0.00086}], [{'c': None, 'p': 2321.38, 's': 'BINANCE:ETHUSDT', 't': 1703287379984, 'v': 0.0158}, {'c': None, 'p': 2321.39, 's': 'BINANCE:ETHUSDT', 't': 1703287379984, 'v': 0.0427}, {'c': None, 'p': 43937.98, 's': 'BINANCE:BTCUSDT', 't': 1703287379985, 'v': 0.00224}, {'c': None, 'p': 2321.39, 's': 'BINANCE:ETHUSDT', 't': 1703287379986, 'v': 0.0344}, {'c': None, 'p': 2321.38, 's': 'BINANCE:ETHUSDT', 't': 1703287379986, 'v': 0.0089}, {'c': None, 'p': 2321.39, 's': 'BINANCE:ETHUSDT', 't': 1703287379987, 'v': 0.0444}, {'c': None, 'p': 43937.98, 's': 'BINANCE:BTCUSDT', 't': 1703287379987, 'v': 0.00036}, {'c': None, 'p': 43937.98, 's': 'BINANCE:BTCUSDT', 't': 1703287379987, 'v': 0.00254}, {'c': None, 'p': 43937.98, 's': 'BINANCE:BTCUSDT', 't': 1703287379987, 'v': 0.00063}, {'c': None, 'p': 43937.98, 's': 'BINANCE:BTCUSDT', 't': 1703287379987, 'v': 0.00101}], [{'c': None, 'p': 43937.99, 's': 'BINANCE:BTCUSDT', 't': 1703287379987, 'v': 0.00053}, {'c': None, 'p': 2321.39, 's': 'BINANCE:ETHUSDT', 't': 1703287379989, 'v': 0.028}, {'c': None, 'p': 2321.39, 's': 'BINANCE:ETHUSDT', 't': 1703287379990, 'v': 0.0183}, {'c': None, 'p': 43937.99, 's': 'BINANCE:BTCUSDT', 't': 1703287379990, 'v': 0.00187}, {'c': None, 'p': 43937.99, 's': 'BINANCE:BTCUSDT', 't': 1703287379991, 'v': 0.00036}, {'c': None, 'p': 43937.98, 's': 'BINANCE:BTCUSDT', 't': 1703287379991, 'v': 0.00049}, {'c': None, 'p': 43937.99, 's': 'BINANCE:BTCUSDT', 't': 1703287379991, 'v': 0.00065}, {'c': None, 'p': 2321.38, 's': 'BINANCE:ETHUSDT', 't': 1703287379992, 'v': 0.0115}, {'c': None, 'p': 2321.38, 's': 'BINANCE:ETHUSDT', 't': 1703287379992, 'v': 0.0408}, {'c': None, 'p': 2321.38, 's': 'BINANCE:ETHUSDT', 't': 1703287379992, 'v': 0.0268}], [{'c': None, 'p': 2321.38, 's': 'BINANCE:ETHUSDT', 't': 1703287379993, 'v': 0.0259}, {'c': None, 'p': 43937.98, 's': 'BINANCE:BTCUSDT', 't': 1703287379993, 'v': 0.00091}, {'c': None, 'p': 43937.99, 's': 'BINANCE:BTCUSDT', 't': 1703287379994, 'v': 0.00203}, {'c': None, 'p': 2321.39, 's': 'BINANCE:ETHUSDT', 't': 1703287379994, 'v': 0.0242}, {'c': None, 'p': 43937.98, 's': 'BINANCE:BTCUSDT', 't': 1703287379995, 'v': 0.00131}, {'c': None, 'p': 43937.99, 's': 'BINANCE:BTCUSDT', 't': 1703287379995, 'v': 0.00084}, {'c': None, 'p': 43937.98, 's': 'BINANCE:BTCUSDT', 't': 1703287379995, 'v': 0.00085}, {'c': None, 'p': 2321.38, 's': 'BINANCE:ETHUSDT', 't': 1703287379996, 'v': 0.0381}, {'c': None, 'p': 2321.38, 's': 'BINANCE:ETHUSDT', 't': 1703287379996, 'v': 0.0344}, {'c': None, 'p': 43937.98, 's': 'BINANCE:BTCUSDT', 't': 1703287379997, 'v': 0.00093}], [{'c': None, 'p': 43937.99, 's': 'BINANCE:BTCUSDT', 't': 1703287379997, 'v': 0.00088}, {'c': None, 'p': 43937.98, 's': 'BINANCE:BTCUSDT', 't': 1703287379997, 'v': 0.00225}, {'c': None, 'p': 43937.98, 's': 'BINANCE:BTCUSDT', 't': 1703287379997, 'v': 0.00101}, {'c': None, 'p': 2321.39, 's': 'BINANCE:ETHUSDT', 't': 1703287379997, 'v': 0.0207}, {'c': None, 'p': 2321.38, 's': 'BINANCE:ETHUSDT', 't': 1703287379997, 'v': 0.0366}, {'c': None, 'p': 2321.39, 's': 'BINANCE:ETHUSDT', 't': 1703287379998, 'v': 0.0419}, {'c': None, 'p': 2321.38, 's': 'BINANCE:ETHUSDT', 't': 1703287379999, 'v': 0.0137}, {'c': None, 'p': 2321.39, 's': 'BINANCE:ETHUSDT', 't': 1703287379999, 'v': 0.0159}, {'c': None, 'p': 43937.99, 's': 'BINANCE:BTCUSDT', 't': 1703287380000, 'v': 0.00039}, {'c': None, 'p': 2321.38, 's': 'BINANCE:ETHUSDT', 't': 1703287380000, 'v': 0.0337}]]
[2023-12-23T00:10:31.310+0000] {hive.py:475} INFO - 
                            INSERT INTO temp_avro_data
                            VALUES (

                                43938.76,
                                'BINANCE',  -- New 'exchange' attribute
                                'BTCUSDT',  -- New 'crypto_pair' attribute
                                1703287377222,
                                0.00062
                            )
                        
[2023-12-23T00:10:36.062+0000] {logging_mixin.py:188} INFO - Error processing and inserting into Hive: 'utf-8' codec can't decode byte 0xce in position 2: invalid continuation byte
[2023-12-23T00:10:36.063+0000] {logging_mixin.py:188} INFO - [[{'c': None, 'p': 2321.39, 's': 'BINANCE:ETHUSDT', 't': 1703287380000, 'v': 0.0279}, {'c': None, 'p': 2321.39, 's': 'BINANCE:ETHUSDT', 't': 1703287380000, 'v': 0.0104}, {'c': None, 'p': 43937.98, 's': 'BINANCE:BTCUSDT', 't': 1703287380001, 'v': 0.00217}, {'c': None, 'p': 43937.98, 's': 'BINANCE:BTCUSDT', 't': 1703287380001, 'v': 0.00201}, {'c': None, 'p': 2321.39, 's': 'BINANCE:ETHUSDT', 't': 1703287380002, 'v': 0.0353}, {'c': None, 'p': 43937.98, 's': 'BINANCE:BTCUSDT', 't': 1703287380002, 'v': 0.00209}, {'c': None, 'p': 2321.38, 's': 'BINANCE:ETHUSDT', 't': 1703287380002, 'v': 0.0327}, {'c': None, 'p': 2321.38, 's': 'BINANCE:ETHUSDT', 't': 1703287380003, 'v': 0.0452}, {'c': None, 'p': 2321.38, 's': 'BINANCE:ETHUSDT', 't': 1703287380004, 'v': 0.0091}, {'c': None, 'p': 2321.38, 's': 'BINANCE:ETHUSDT', 't': 1703287380004, 'v': 0.0206}], [{'c': None, 'p': 43937.99, 's': 'BINANCE:BTCUSDT', 't': 1703287380004, 'v': 0.00211}, {'c': None, 'p': 43937.99, 's': 'BINANCE:BTCUSDT', 't': 1703287380004, 'v': 0.00149}, {'c': None, 'p': 43937.99, 's': 'BINANCE:BTCUSDT', 't': 1703287380005, 'v': 0.00174}, {'c': None, 'p': 43937.99, 's': 'BINANCE:BTCUSDT', 't': 1703287380006, 'v': 0.00097}, {'c': None, 'p': 2321.39, 's': 'BINANCE:ETHUSDT', 't': 1703287380006, 'v': 0.0445}, {'c': None, 'p': 2321.39, 's': 'BINANCE:ETHUSDT', 't': 1703287380007, 'v': 0.0297}, {'c': None, 'p': 43937.99, 's': 'BINANCE:BTCUSDT', 't': 1703287380007, 'v': 0.00033}, {'c': None, 'p': 2321.39, 's': 'BINANCE:ETHUSDT', 't': 1703287380007, 'v': 0.0296}, {'c': None, 'p': 2321.38, 's': 'BINANCE:ETHUSDT', 't': 1703287380007, 'v': 0.0463}, {'c': None, 'p': 43937.99, 's': 'BINANCE:BTCUSDT', 't': 1703287380008, 'v': 0.00169}], [{'c': None, 'p': 2321.38, 's': 'BINANCE:ETHUSDT', 't': 1703287380008, 'v': 0.0195}, {'c': None, 'p': 43937.99, 's': 'BINANCE:BTCUSDT', 't': 1703287380009, 'v': 0.00036}, {'c': None, 'p': 43937.98, 's': 'BINANCE:BTCUSDT', 't': 1703287380009, 'v': 0.00215}, {'c': None, 'p': 2321.38, 's': 'BINANCE:ETHUSDT', 't': 1703287380010, 'v': 0.0466}, {'c': None, 'p': 2321.39, 's': 'BINANCE:ETHUSDT', 't': 1703287380010, 'v': 0.0104}, {'c': None, 'p': 2321.38, 's': 'BINANCE:ETHUSDT', 't': 1703287380010, 'v': 0.0268}, {'c': None, 'p': 2321.39, 's': 'BINANCE:ETHUSDT', 't': 1703287380011, 'v': 0.0098}, {'c': None, 'p': 2321.39, 's': 'BINANCE:ETHUSDT', 't': 1703287380011, 'v': 0.0277}, {'c': None, 'p': 2321.39, 's': 'BINANCE:ETHUSDT', 't': 1703287380012, 'v': 0.0186}, {'c': None, 'p': 43937.98, 's': 'BINANCE:BTCUSDT', 't': 1703287380013, 'v': 0.00095}], [{'c': None, 'p': 43937.99, 's': 'BINANCE:BTCUSDT', 't': 1703287380013, 'v': 0.00171}, {'c': None, 'p': 2321.39, 's': 'BINANCE:ETHUSDT', 't': 1703287380013, 'v': 0.0117}, {'c': None, 'p': 43937.98, 's': 'BINANCE:BTCUSDT', 't': 1703287380013, 'v': 0.00199}, {'c': None, 'p': 43937.99, 's': 'BINANCE:BTCUSDT', 't': 1703287380015, 'v': 0.00081}, {'c': None, 'p': 2321.39, 's': 'BINANCE:ETHUSDT', 't': 1703287380015, 'v': 0.0474}, {'c': None, 'p': 43937.98, 's': 'BINANCE:BTCUSDT', 't': 1703287380015, 'v': 0.00148}, {'c': None, 'p': 43937.99, 's': 'BINANCE:BTCUSDT', 't': 1703287380016, 'v': 0.00137}, {'c': None, 'p': 2321.38, 's': 'BINANCE:ETHUSDT', 't': 1703287380016, 'v': 0.0422}, {'c': None, 'p': 2321.38, 's': 'BINANCE:ETHUSDT', 't': 1703287380016, 'v': 0.0365}, {'c': None, 'p': 2321.39, 's': 'BINANCE:ETHUSDT', 't': 1703287380017, 'v': 0.0161}], [{'c': None, 'p': 43937.98, 's': 'BINANCE:BTCUSDT', 't': 1703287380017, 'v': 0.0004}, {'c': None, 'p': 43937.99, 's': 'BINANCE:BTCUSDT', 't': 1703287380017, 'v': 0.00179}, {'c': None, 'p': 43937.99, 's': 'BINANCE:BTCUSDT', 't': 1703287380017, 'v': 0.00248}, {'c': ['1', '24', '12'], 'p': 375.17, 's': 'MSFT', 't': 1703287380616, 'v': 1}], [{'c': None, 'p': 2321.39, 's': 'BINANCE:ETHUSDT', 't': 1703287381064, 'v': 0.0868}, {'c': None, 'p': 2321.39, 's': 'BINANCE:ETHUSDT', 't': 1703287381186, 'v': 1.3124}, {'c': None, 'p': 2321.39, 's': 'BINANCE:ETHUSDT', 't': 1703287381186, 'v': 2.1616}, {'c': None, 'p': 2321.39, 's': 'BINANCE:ETHUSDT', 't': 1703287381186, 'v': 0.7534}, {'c': None, 'p': 2321.39, 's': 'BINANCE:ETHUSDT', 't': 1703287381186, 'v': 0.0824}, {'c': ['1', '24', '12'], 'p': 193.59, 's': 'AAPL', 't': 1703287381483, 'v': 1}, {'c': None, 'p': 43937.99, 's': 'BINANCE:BTCUSDT', 't': 1703287381417, 'v': 0.00193}, {'c': None, 'p': 43937.99, 's': 'BINANCE:BTCUSDT', 't': 1703287381439, 'v': 0.00222}, {'c': None, 'p': 43937.98, 's': 'BINANCE:BTCUSDT', 't': 1703287381578, 'v': 0.00232}, {'c': None, 'p': 43937.98, 's': 'BINANCE:BTCUSDT', 't': 1703287381670, 'v': 0.01137}], [{'c': ['1', '24', '12'], 'p': 193.59, 's': 'AAPL', 't': 1703287381829, 'v': 2}], [{'c': None, 'p': 43937.98, 's': 'BINANCE:BTCUSDT', 't': 1703287381861, 'v': 0.00319}, {'c': None, 'p': 2321.38, 's': 'BINANCE:ETHUSDT', 't': 1703287382017, 'v': 0.0121}, {'c': None, 'p': 43937.99, 's': 'BINANCE:BTCUSDT', 't': 1703287382690, 'v': 0.00402}], [{'c': None, 'p': 2321.39, 's': 'BINANCE:ETHUSDT', 't': 1703287382859, 'v': 0.1111}, {'c': None, 'p': 43937.99, 's': 'BINANCE:BTCUSDT', 't': 1703287383022, 'v': 0.00047}, {'c': None, 'p': 43937.99, 's': 'BINANCE:BTCUSDT', 't': 1703287383045, 'v': 0.00047}, {'c': None, 'p': 43937.99, 's': 'BINANCE:BTCUSDT', 't': 1703287383056, 'v': 0.00125}, {'c': None, 'p': 43937.99, 's': 'BINANCE:BTCUSDT', 't': 1703287383069, 'v': 0.00047}, {'c': None, 'p': 43937.99, 's': 'BINANCE:BTCUSDT', 't': 1703287383093, 'v': 0.00047}, {'c': None, 'p': 43937.99, 's': 'BINANCE:BTCUSDT', 't': 1703287383120, 'v': 0.00047}, {'c': None, 'p': 43937.99, 's': 'BINANCE:BTCUSDT', 't': 1703287383144, 'v': 0.00047}, {'c': None, 'p': 43937.99, 's': 'BINANCE:BTCUSDT', 't': 1703287383163, 'v': 0.00047}], [{'c': None, 'p': 43937.99, 's': 'BINANCE:BTCUSDT', 't': 1703287383947, 'v': 0.00047}, {'c': None, 'p': 43937.99, 's': 'BINANCE:BTCUSDT', 't': 1703287383972, 'v': 0.00047}, {'c': None, 'p': 2321.39, 's': 'BINANCE:ETHUSDT', 't': 1703287383973, 'v': 0.0172}, {'c': None, 'p': 43937.99, 's': 'BINANCE:BTCUSDT', 't': 1703287383995, 'v': 0.00047}, {'c': None, 'p': 43937.99, 's': 'BINANCE:BTCUSDT', 't': 1703287384121, 'v': 0.00056}, {'c': None, 'p': 2321.39, 's': 'BINANCE:ETHUSDT', 't': 1703287384525, 'v': 0.0292}, {'c': None, 'p': 2321.39, 's': 'BINANCE:ETHUSDT', 't': 1703287384536, 'v': 0.1111}, {'c': None, 'p': 43937.98, 's': 'BINANCE:BTCUSDT', 't': 1703287384612, 'v': 0.01337}]]
[2023-12-23T00:10:36.063+0000] {hive.py:475} INFO - 
                            INSERT INTO temp_avro_data
                            VALUES (

                                2321.39,
                                'BINANCE',  -- New 'exchange' attribute
                                'ETHUSDT',  -- New 'crypto_pair' attribute
                                1703287380000,
                                0.0279
                            )
                        
[2023-12-23T00:10:49.034+0000] {local_task_job_runner.py:121} ERROR - Received SIGTERM. Terminating subprocesses
[2023-12-23T00:10:49.035+0000] {process_utils.py:131} INFO - Sending Signals.SIGTERM to group 691. PIDs of all processes in the group: [691]
[2023-12-23T00:10:49.036+0000] {process_utils.py:86} INFO - Sending the signal Signals.SIGTERM to group 691
[2023-12-23T00:10:49.038+0000] {taskinstance.py:2451} ERROR - Received SIGTERM. Terminating subprocesses.
[2023-12-23T00:10:49.039+0000] {logging_mixin.py:188} INFO - Error processing and inserting into Hive: Task received SIGTERM signal
[2023-12-23T00:10:49.040+0000] {logging_mixin.py:188} INFO - [[{'c': None, 'p': 2321.39, 's': 'BINANCE:ETHUSDT', 't': 1703287384898, 'v': 0.0127}, {'c': None, 'p': 43937.99, 's': 'BINANCE:BTCUSDT', 't': 1703287384901, 'v': 0.00131}, {'c': None, 'p': 43937.99, 's': 'BINANCE:BTCUSDT', 't': 1703287384903, 'v': 0.00088}, {'c': None, 'p': 43937.99, 's': 'BINANCE:BTCUSDT', 't': 1703287385026, 'v': 0.00181}, {'c': None, 'p': 43937.99, 's': 'BINANCE:BTCUSDT', 't': 1703287385030, 'v': 0.00046}, {'c': None, 'p': 43937.99, 's': 'BINANCE:BTCUSDT', 't': 1703287385753, 'v': 0.0022}], [{'c': None, 'p': 43937.98, 's': 'BINANCE:BTCUSDT', 't': 1703287385949, 'v': 0.001}, {'c': None, 'p': 43937.99, 's': 'BINANCE:BTCUSDT', 't': 1703287386389, 'v': 0.00114}, {'c': None, 'p': 43937.99, 's': 'BINANCE:BTCUSDT', 't': 1703287386467, 'v': 0.00017}, {'c': None, 'p': 43937.99, 's': 'BINANCE:BTCUSDT', 't': 1703287386571, 'v': 0.00115}, {'c': None, 'p': 43937.99, 's': 'BINANCE:BTCUSDT', 't': 1703287386573, 'v': 0.00077}, {'c': None, 'p': 43937.99, 's': 'BINANCE:BTCUSDT', 't': 1703287386628, 'v': 0.00051}, {'c': None, 'p': 43937.99, 's': 'BINANCE:BTCUSDT', 't': 1703287386763, 'v': 0.00031}], [{'c': None, 'p': 43937.99, 's': 'BINANCE:BTCUSDT', 't': 1703287387156, 'v': 0.00025}, {'c': None, 'p': 43937.99, 's': 'BINANCE:BTCUSDT', 't': 1703287387162, 'v': 0.00044}, {'c': None, 'p': 2321.39, 's': 'BINANCE:ETHUSDT', 't': 1703287387389, 'v': 1.8485}, {'c': None, 'p': 43937.98, 's': 'BINANCE:BTCUSDT', 't': 1703287387714, 'v': 0.11146}], [{'c': None, 'p': 43937.99, 's': 'BINANCE:BTCUSDT', 't': 1703287387876, 'v': 0.00247}, {'c': ['1', '8', '24', '12'], 'p': 193.59, 's': 'AAPL', 't': 1703287388527, 'v': 2}, {'c': None, 'p': 43937.99, 's': 'BINANCE:BTCUSDT', 't': 1703287388544, 'v': 0.00166}, {'c': None, 'p': 43937.98, 's': 'BINANCE:BTCUSDT', 't': 1703287388738, 'v': 0.0175}, {'c': None, 'p': 2321.38, 's': 'BINANCE:ETHUSDT', 't': 1703287388745, 'v': 0.1075}], [{'c': None, 'p': 43937.98, 's': 'BINANCE:BTCUSDT', 't': 1703287389348, 'v': 0.01197}, {'c': None, 'p': 43937.98, 's': 'BINANCE:BTCUSDT', 't': 1703287389450, 'v': 0.00377}, {'c': None, 'p': 43937.98, 's': 'BINANCE:BTCUSDT', 't': 1703287389519, 'v': 0.00989}, {'c': None, 'p': 43937.98, 's': 'BINANCE:BTCUSDT', 't': 1703287389522, 'v': 0.00989}], [{'c': None, 'p': 43937.99, 's': 'BINANCE:BTCUSDT', 't': 1703287389875, 'v': 0.00132}, {'c': ['1', '24', '12'], 'p': 193.59, 's': 'AAPL', 't': 1703287390043, 'v': 1}, {'c': None, 'p': 43937.99, 's': 'BINANCE:BTCUSDT', 't': 1703287389910, 'v': 0.00064}, {'c': None, 'p': 43937.98, 's': 'BINANCE:BTCUSDT', 't': 1703287389977, 'v': 0.00265}, {'c': None, 'p': 43937.98, 's': 'BINANCE:BTCUSDT', 't': 1703287389992, 'v': 0.00032}, {'c': None, 'p': 43937.98, 's': 'BINANCE:BTCUSDT', 't': 1703287390003, 'v': 0.00086}, {'c': None, 'p': 2321.39, 's': 'BINANCE:ETHUSDT', 't': 1703287390019, 'v': 0.0047}, {'c': None, 'p': 43937.98, 's': 'BINANCE:BTCUSDT', 't': 1703287390026, 'v': 0.00048}, {'c': None, 'p': 43937.99, 's': 'BINANCE:BTCUSDT', 't': 1703287390051, 'v': 0.00017}, {'c': None, 'p': 43937.99, 's': 'BINANCE:BTCUSDT', 't': 1703287390077, 'v': 0.00791}], [{'c': None, 'p': 43937.98, 's': 'BINANCE:BTCUSDT', 't': 1703287390077, 'v': 0.00455}, {'c': None, 'p': 43937.99, 's': 'BINANCE:BTCUSDT', 't': 1703287390272, 'v': 0.00017}, {'c': None, 'p': 43937.99, 's': 'BINANCE:BTCUSDT', 't': 1703287390373, 'v': 0.0002}], [{'c': None, 'p': 2321.39, 's': 'BINANCE:ETHUSDT', 't': 1703287390850, 'v': 1.3048}, {'c': None, 'p': 43937.98, 's': 'BINANCE:BTCUSDT', 't': 1703287390994, 'v': 0.0061}, {'c': None, 'p': 2321.38, 's': 'BINANCE:ETHUSDT', 't': 1703287391738, 'v': 0.0389}], [{'c': ['1', '24', '12'], 'p': 153.27, 's': 'AMZN', 't': 1703287392112, 'v': 1}, {'c': None, 'p': 43937.99, 's': 'BINANCE:BTCUSDT', 't': 1703287392053, 'v': 0.00243}, {'c': None, 'p': 43937.98, 's': 'BINANCE:BTCUSDT', 't': 1703287392107, 'v': 0.0002}, {'c': None, 'p': 43937.99, 's': 'BINANCE:BTCUSDT', 't': 1703287392234, 'v': 0.00066}, {'c': None, 'p': 43937.98, 's': 'BINANCE:BTCUSDT', 't': 1703287392386, 'v': 0.00066}, {'c': None, 'p': 2321.38, 's': 'BINANCE:ETHUSDT', 't': 1703287392402, 'v': 0.1583}, {'c': None, 'p': 2321.39, 's': 'BINANCE:ETHUSDT', 't': 1703287392405, 'v': 0.0028}, {'c': None, 'p': 43937.99, 's': 'BINANCE:BTCUSDT', 't': 1703287392494, 'v': 0.00025}, {'c': None, 'p': 2321.39, 's': 'BINANCE:ETHUSDT', 't': 1703287392693, 'v': 0.0099}], [{'c': None, 'p': 2321.38, 's': 'BINANCE:ETHUSDT', 't': 1703287392872, 'v': 0.088}, {'c': None, 'p': 2321.39, 's': 'BINANCE:ETHUSDT', 't': 1703287392978, 'v': 0.0288}, {'c': None, 'p': 2321.38, 's': 'BINANCE:ETHUSDT', 't': 1703287393051, 'v': 0.0452}, {'c': None, 'p': 2321.39, 's': 'BINANCE:ETHUSDT', 't': 1703287393052, 'v': 0.0041}, {'c': None, 'p': 43937.99, 's': 'BINANCE:BTCUSDT', 't': 1703287393142, 'v': 0.00321}, {'c': None, 'p': 43937.98, 's': 'BINANCE:BTCUSDT', 't': 1703287393630, 'v': 0.01137}, {'c': None, 'p': 2321.38, 's': 'BINANCE:ETHUSDT', 't': 1703287393741, 'v': 0.0022}]]
[2023-12-23T00:10:49.041+0000] {hive.py:475} INFO - 
                            INSERT INTO temp_avro_data
                            VALUES (

                                2321.39,
                                'BINANCE',  -- New 'exchange' attribute
                                'ETHUSDT',  -- New 'crypto_pair' attribute
                                1703287384898,
                                0.0127
                            )
                        
[2023-12-23T11:13:21.306+0000] {taskinstance.py:1957} INFO - Dependencies all met for dep_context=non-requeueable deps ti=<TaskInstance: batch_layer.consume_data scheduled__2023-12-22T00:00:00+00:00 [queued]>
[2023-12-23T11:13:21.319+0000] {taskinstance.py:1957} INFO - Dependencies all met for dep_context=requeueable deps ti=<TaskInstance: batch_layer.consume_data scheduled__2023-12-22T00:00:00+00:00 [queued]>
[2023-12-23T11:13:21.320+0000] {taskinstance.py:2171} INFO - Starting attempt 1 of 2
[2023-12-23T11:13:21.416+0000] {taskinstance.py:2192} INFO - Executing <Task(PythonOperator): consume_data> on 2023-12-22 00:00:00+00:00
[2023-12-23T11:13:21.419+0000] {standard_task_runner.py:60} INFO - Started process 117 to run task
[2023-12-23T11:13:21.422+0000] {standard_task_runner.py:87} INFO - Running: ['airflow', 'tasks', 'run', 'batch_layer', 'consume_data', 'scheduled__2023-12-22T00:00:00+00:00', '--job-id', '3', '--raw', '--subdir', 'DAGS_FOLDER/BatchLayerDag.py', '--cfg-path', '/tmp/tmpg40xc1t8']
[2023-12-23T11:13:21.423+0000] {standard_task_runner.py:88} INFO - Job 3: Subtask consume_data
[2023-12-23T11:13:21.457+0000] {task_command.py:423} INFO - Running <TaskInstance: batch_layer.consume_data scheduled__2023-12-22T00:00:00+00:00 [running]> on host 7de9f6b6c8f6
[2023-12-23T11:13:21.722+0000] {taskinstance.py:2481} INFO - Exporting env vars: AIRFLOW_CTX_DAG_EMAIL='airflow@example.com' AIRFLOW_CTX_DAG_OWNER='airflow' AIRFLOW_CTX_DAG_ID='batch_layer' AIRFLOW_CTX_TASK_ID='consume_data' AIRFLOW_CTX_EXECUTION_DATE='2023-12-22T00:00:00+00:00' AIRFLOW_CTX_TRY_NUMBER='1' AIRFLOW_CTX_DAG_RUN_ID='scheduled__2023-12-22T00:00:00+00:00'
[2023-12-23T11:13:29.728+0000] {TSocket.py:126} ERROR - failed to resolve sockaddr for hive-server:10000
Traceback (most recent call last):
  File "/home/airflow/.local/lib/python3.8/site-packages/thrift/transport/TSocket.py", line 123, in open
    addrs = self._resolveAddr()
  File "/home/airflow/.local/lib/python3.8/site-packages/thrift/transport/TSocket.py", line 37, in _resolveAddr
    return socket.getaddrinfo(self.host,
  File "/usr/local/lib/python3.8/socket.py", line 918, in getaddrinfo
    for res in _socket.getaddrinfo(host, port, family, type, proto, flags):
socket.gaierror: [Errno -3] Temporary failure in name resolution
[2023-12-23T11:13:29.732+0000] {taskinstance.py:2699} ERROR - Task failed with exception
Traceback (most recent call last):
  File "/home/airflow/.local/lib/python3.8/site-packages/thrift/transport/TSocket.py", line 123, in open
    addrs = self._resolveAddr()
  File "/home/airflow/.local/lib/python3.8/site-packages/thrift/transport/TSocket.py", line 37, in _resolveAddr
    return socket.getaddrinfo(self.host,
  File "/usr/local/lib/python3.8/socket.py", line 918, in getaddrinfo
    for res in _socket.getaddrinfo(host, port, family, type, proto, flags):
socket.gaierror: [Errno -3] Temporary failure in name resolution

During handling of the above exception, another exception occurred:

Traceback (most recent call last):
  File "/home/airflow/.local/lib/python3.8/site-packages/airflow/models/taskinstance.py", line 433, in _execute_task
    result = execute_callable(context=context, **execute_callable_kwargs)
  File "/home/airflow/.local/lib/python3.8/site-packages/airflow/operators/python.py", line 199, in execute
    return_value = self.execute_callable()
  File "/home/airflow/.local/lib/python3.8/site-packages/airflow/operators/python.py", line 216, in execute_callable
    return self.python_callable(*self.op_args, **self.op_kwargs)
  File "/opt/airflow/dags/BatchLayerDag.py", line 18, in save_data_to_hive
    hive_consumer.kafka_consumer_worker()
  File "/opt/airflow/dags/batch_consumer.py", line 124, in kafka_consumer_worker
    create_hive_table()
  File "/opt/airflow/dags/batch_consumer.py", line 52, in create_hive_table
    connection = hive.connect(host=hive_host, port=hive_port, database=hive_database)
  File "/home/airflow/.local/lib/python3.8/site-packages/pyhive/hive.py", line 143, in connect
    return Connection(*args, **kwargs)
  File "/home/airflow/.local/lib/python3.8/site-packages/pyhive/hive.py", line 269, in __init__
    self._transport.open()
  File "/home/airflow/.local/lib/python3.8/site-packages/thrift_sasl/__init__.py", line 74, in open
    self._trans.open()
  File "/home/airflow/.local/lib/python3.8/site-packages/thrift/transport/TSocket.py", line 127, in open
    raise TTransportException(type=TTransportException.NOT_OPEN, message=msg, inner=gai)
thrift.transport.TTransport.TTransportException: failed to resolve sockaddr for hive-server:10000
[2023-12-23T11:13:29.741+0000] {taskinstance.py:1138} INFO - Marking task as UP_FOR_RETRY. dag_id=batch_layer, task_id=consume_data, execution_date=20231222T000000, start_date=20231223T111321, end_date=20231223T111329
[2023-12-23T11:13:29.750+0000] {standard_task_runner.py:107} ERROR - Failed to execute job 3 for task consume_data (failed to resolve sockaddr for hive-server:10000; 117)
[2023-12-23T11:13:29.766+0000] {local_task_job_runner.py:234} INFO - Task exited with return code 1
[2023-12-23T11:13:29.778+0000] {taskinstance.py:3281} INFO - 0 downstream tasks scheduled from follow-on schedule check
[2023-12-23T19:21:57.399+0000] {taskinstance.py:1957} INFO - Dependencies all met for dep_context=non-requeueable deps ti=<TaskInstance: batch_layer.consume_data scheduled__2023-12-22T00:00:00+00:00 [queued]>
[2023-12-23T19:21:57.415+0000] {taskinstance.py:1957} INFO - Dependencies all met for dep_context=requeueable deps ti=<TaskInstance: batch_layer.consume_data scheduled__2023-12-22T00:00:00+00:00 [queued]>
[2023-12-23T19:21:57.416+0000] {taskinstance.py:2171} INFO - Starting attempt 1 of 2
[2023-12-23T19:21:57.435+0000] {taskinstance.py:2192} INFO - Executing <Task(PythonOperator): consume_data> on 2023-12-22 00:00:00+00:00
[2023-12-23T19:21:57.440+0000] {standard_task_runner.py:60} INFO - Started process 117 to run task
[2023-12-23T19:21:57.442+0000] {standard_task_runner.py:87} INFO - Running: ['airflow', 'tasks', 'run', 'batch_layer', 'consume_data', 'scheduled__2023-12-22T00:00:00+00:00', '--job-id', '3', '--raw', '--subdir', 'DAGS_FOLDER/BatchLayerDag.py', '--cfg-path', '/tmp/tmpb69vsrue']
[2023-12-23T19:21:57.444+0000] {standard_task_runner.py:88} INFO - Job 3: Subtask consume_data
[2023-12-23T19:21:57.472+0000] {task_command.py:423} INFO - Running <TaskInstance: batch_layer.consume_data scheduled__2023-12-22T00:00:00+00:00 [running]> on host 96b261be22d1
[2023-12-23T19:21:57.519+0000] {taskinstance.py:2481} INFO - Exporting env vars: AIRFLOW_CTX_DAG_EMAIL='airflow@example.com' AIRFLOW_CTX_DAG_OWNER='airflow' AIRFLOW_CTX_DAG_ID='batch_layer' AIRFLOW_CTX_TASK_ID='consume_data' AIRFLOW_CTX_EXECUTION_DATE='2023-12-22T00:00:00+00:00' AIRFLOW_CTX_TRY_NUMBER='1' AIRFLOW_CTX_DAG_RUN_ID='scheduled__2023-12-22T00:00:00+00:00'
[2023-12-23T19:22:05.526+0000] {TSocket.py:126} ERROR - failed to resolve sockaddr for hive-server:10000
Traceback (most recent call last):
  File "/home/airflow/.local/lib/python3.8/site-packages/thrift/transport/TSocket.py", line 123, in open
    addrs = self._resolveAddr()
  File "/home/airflow/.local/lib/python3.8/site-packages/thrift/transport/TSocket.py", line 37, in _resolveAddr
    return socket.getaddrinfo(self.host,
  File "/usr/local/lib/python3.8/socket.py", line 918, in getaddrinfo
    for res in _socket.getaddrinfo(host, port, family, type, proto, flags):
socket.gaierror: [Errno -3] Temporary failure in name resolution
[2023-12-23T19:22:05.530+0000] {taskinstance.py:2699} ERROR - Task failed with exception
Traceback (most recent call last):
  File "/home/airflow/.local/lib/python3.8/site-packages/thrift/transport/TSocket.py", line 123, in open
    addrs = self._resolveAddr()
  File "/home/airflow/.local/lib/python3.8/site-packages/thrift/transport/TSocket.py", line 37, in _resolveAddr
    return socket.getaddrinfo(self.host,
  File "/usr/local/lib/python3.8/socket.py", line 918, in getaddrinfo
    for res in _socket.getaddrinfo(host, port, family, type, proto, flags):
socket.gaierror: [Errno -3] Temporary failure in name resolution

During handling of the above exception, another exception occurred:

Traceback (most recent call last):
  File "/home/airflow/.local/lib/python3.8/site-packages/airflow/models/taskinstance.py", line 433, in _execute_task
    result = execute_callable(context=context, **execute_callable_kwargs)
  File "/home/airflow/.local/lib/python3.8/site-packages/airflow/operators/python.py", line 199, in execute
    return_value = self.execute_callable()
  File "/home/airflow/.local/lib/python3.8/site-packages/airflow/operators/python.py", line 216, in execute_callable
    return self.python_callable(*self.op_args, **self.op_kwargs)
  File "/opt/airflow/dags/BatchLayerDag.py", line 21, in save_data_to_hive
    hive_consumer.kafka_consumer_worker()
  File "/opt/airflow/dags/batch_consumer.py", line 124, in kafka_consumer_worker
    create_hive_table()
  File "/opt/airflow/dags/batch_consumer.py", line 52, in create_hive_table
    connection = hive.connect(host=hive_host, port=hive_port, database=hive_database)
  File "/home/airflow/.local/lib/python3.8/site-packages/pyhive/hive.py", line 143, in connect
    return Connection(*args, **kwargs)
  File "/home/airflow/.local/lib/python3.8/site-packages/pyhive/hive.py", line 269, in __init__
    self._transport.open()
  File "/home/airflow/.local/lib/python3.8/site-packages/thrift_sasl/__init__.py", line 74, in open
    self._trans.open()
  File "/home/airflow/.local/lib/python3.8/site-packages/thrift/transport/TSocket.py", line 127, in open
    raise TTransportException(type=TTransportException.NOT_OPEN, message=msg, inner=gai)
thrift.transport.TTransport.TTransportException: failed to resolve sockaddr for hive-server:10000
[2023-12-23T19:22:05.546+0000] {taskinstance.py:1138} INFO - Marking task as UP_FOR_RETRY. dag_id=batch_layer, task_id=consume_data, execution_date=20231222T000000, start_date=20231223T192157, end_date=20231223T192205
[2023-12-23T19:22:05.561+0000] {standard_task_runner.py:107} ERROR - Failed to execute job 3 for task consume_data (failed to resolve sockaddr for hive-server:10000; 117)
[2023-12-23T19:22:05.597+0000] {local_task_job_runner.py:234} INFO - Task exited with return code 1
[2023-12-23T19:22:05.616+0000] {taskinstance.py:3281} INFO - 0 downstream tasks scheduled from follow-on schedule check
[2023-12-23T19:44:11.718+0000] {taskinstance.py:1957} INFO - Dependencies all met for dep_context=non-requeueable deps ti=<TaskInstance: batch_layer.consume_data scheduled__2023-12-22T00:00:00+00:00 [queued]>
[2023-12-23T19:44:11.731+0000] {taskinstance.py:1957} INFO - Dependencies all met for dep_context=requeueable deps ti=<TaskInstance: batch_layer.consume_data scheduled__2023-12-22T00:00:00+00:00 [queued]>
[2023-12-23T19:44:11.732+0000] {taskinstance.py:2171} INFO - Starting attempt 1 of 2
[2023-12-23T19:44:11.751+0000] {taskinstance.py:2192} INFO - Executing <Task(PythonOperator): consume_data> on 2023-12-22 00:00:00+00:00
[2023-12-23T19:44:11.755+0000] {standard_task_runner.py:60} INFO - Started process 117 to run task
[2023-12-23T19:44:11.759+0000] {standard_task_runner.py:87} INFO - Running: ['airflow', 'tasks', 'run', 'batch_layer', 'consume_data', 'scheduled__2023-12-22T00:00:00+00:00', '--job-id', '3', '--raw', '--subdir', 'DAGS_FOLDER/BatchLayerDag.py', '--cfg-path', '/tmp/tmpgo29vpcb']
[2023-12-23T19:44:11.762+0000] {standard_task_runner.py:88} INFO - Job 3: Subtask consume_data
[2023-12-23T19:44:11.821+0000] {task_command.py:423} INFO - Running <TaskInstance: batch_layer.consume_data scheduled__2023-12-22T00:00:00+00:00 [running]> on host ffa69df0a26f
[2023-12-23T19:44:11.890+0000] {taskinstance.py:2481} INFO - Exporting env vars: AIRFLOW_CTX_DAG_EMAIL='airflow@example.com' AIRFLOW_CTX_DAG_OWNER='airflow' AIRFLOW_CTX_DAG_ID='batch_layer' AIRFLOW_CTX_TASK_ID='consume_data' AIRFLOW_CTX_EXECUTION_DATE='2023-12-22T00:00:00+00:00' AIRFLOW_CTX_TRY_NUMBER='1' AIRFLOW_CTX_DAG_RUN_ID='scheduled__2023-12-22T00:00:00+00:00'
[2023-12-23T19:44:11.893+0000] {TSocket.py:142} INFO - Could not connect to ('172.24.0.14', 10000)
Traceback (most recent call last):
  File "/home/airflow/.local/lib/python3.8/site-packages/thrift/transport/TSocket.py", line 137, in open
    handle.connect(sockaddr)
ConnectionRefusedError: [Errno 111] Connection refused
[2023-12-23T19:44:11.894+0000] {TSocket.py:145} ERROR - Could not connect to any of [('172.24.0.14', 10000)]
[2023-12-23T19:44:11.895+0000] {taskinstance.py:2699} ERROR - Task failed with exception
Traceback (most recent call last):
  File "/home/airflow/.local/lib/python3.8/site-packages/airflow/models/taskinstance.py", line 433, in _execute_task
    result = execute_callable(context=context, **execute_callable_kwargs)
  File "/home/airflow/.local/lib/python3.8/site-packages/airflow/operators/python.py", line 199, in execute
    return_value = self.execute_callable()
  File "/home/airflow/.local/lib/python3.8/site-packages/airflow/operators/python.py", line 216, in execute_callable
    return self.python_callable(*self.op_args, **self.op_kwargs)
  File "/opt/airflow/dags/BatchLayerDag.py", line 21, in save_data_to_hive
    hive_consumer.kafka_consumer_worker()
  File "/opt/airflow/dags/batch_consumer.py", line 124, in kafka_consumer_worker
    create_hive_table()
  File "/opt/airflow/dags/batch_consumer.py", line 52, in create_hive_table
    connection = hive.connect(host=hive_host, port=hive_port, database=hive_database)
  File "/home/airflow/.local/lib/python3.8/site-packages/pyhive/hive.py", line 143, in connect
    return Connection(*args, **kwargs)
  File "/home/airflow/.local/lib/python3.8/site-packages/pyhive/hive.py", line 269, in __init__
    self._transport.open()
  File "/home/airflow/.local/lib/python3.8/site-packages/thrift_sasl/__init__.py", line 74, in open
    self._trans.open()
  File "/home/airflow/.local/lib/python3.8/site-packages/thrift/transport/TSocket.py", line 146, in open
    raise TTransportException(type=TTransportException.NOT_OPEN, message=msg)
thrift.transport.TTransport.TTransportException: Could not connect to any of [('172.24.0.14', 10000)]
[2023-12-23T19:44:11.907+0000] {taskinstance.py:1138} INFO - Marking task as UP_FOR_RETRY. dag_id=batch_layer, task_id=consume_data, execution_date=20231222T000000, start_date=20231223T194411, end_date=20231223T194411
[2023-12-23T19:44:11.924+0000] {standard_task_runner.py:107} ERROR - Failed to execute job 3 for task consume_data (Could not connect to any of [('172.24.0.14', 10000)]; 117)
[2023-12-23T19:44:11.932+0000] {local_task_job_runner.py:234} INFO - Task exited with return code 1
[2023-12-23T19:44:11.952+0000] {taskinstance.py:3281} INFO - 0 downstream tasks scheduled from follow-on schedule check
