[2023-12-22T22:43:53.160+0000] {taskinstance.py:1957} INFO - Dependencies all met for dep_context=non-requeueable deps ti=<TaskInstance: batch_layer.batch_0 manual__2023-12-22T22:43:50.750966+00:00 [queued]>
[2023-12-22T22:43:53.164+0000] {taskinstance.py:1957} INFO - Dependencies all met for dep_context=requeueable deps ti=<TaskInstance: batch_layer.batch_0 manual__2023-12-22T22:43:50.750966+00:00 [queued]>
[2023-12-22T22:43:53.165+0000] {taskinstance.py:2171} INFO - Starting attempt 1 of 2
[2023-12-22T22:43:53.176+0000] {taskinstance.py:2192} INFO - Executing <Task(PythonOperator): batch_0> on 2023-12-22 22:43:50.750966+00:00
[2023-12-22T22:43:53.180+0000] {standard_task_runner.py:60} INFO - Started process 921 to run task
[2023-12-22T22:43:53.183+0000] {standard_task_runner.py:87} INFO - Running: ['airflow', 'tasks', 'run', 'batch_layer', 'batch_0', 'manual__2023-12-22T22:43:50.750966+00:00', '--job-id', '19', '--raw', '--subdir', 'DAGS_FOLDER/BatchLayerDag.py', '--cfg-path', '/tmp/tmp9ln02lj7']
[2023-12-22T22:43:53.185+0000] {standard_task_runner.py:88} INFO - Job 19: Subtask batch_0
[2023-12-22T22:43:53.231+0000] {task_command.py:423} INFO - Running <TaskInstance: batch_layer.batch_0 manual__2023-12-22T22:43:50.750966+00:00 [running]> on host f9bc372cbc19
[2023-12-22T22:43:53.280+0000] {taskinstance.py:2481} INFO - Exporting env vars: AIRFLOW_CTX_DAG_EMAIL='airflow@example.com' AIRFLOW_CTX_DAG_OWNER='airflow' AIRFLOW_CTX_DAG_ID='batch_layer' AIRFLOW_CTX_TASK_ID='batch_0' AIRFLOW_CTX_EXECUTION_DATE='2023-12-22T22:43:50.750966+00:00' AIRFLOW_CTX_TRY_NUMBER='1' AIRFLOW_CTX_DAG_RUN_ID='manual__2023-12-22T22:43:50.750966+00:00'
[2023-12-22T22:43:53.326+0000] {hive.py:475} INFO - USE `finnhub_db`
[2023-12-22T22:43:53.363+0000] {hive.py:475} INFO - 
                SELECT *
                FROM finnhub_table
                
            
[2023-12-22T22:43:54.197+0000] {logging_mixin.py:188} INFO -           date  hour           s         sum_v
0   2023-12-17    21     BINANCE      75.80916
1   2023-12-20    19        AAPL  409749.00000
2   2023-12-20    19        AMZN  504213.00000
3   2023-12-20    19  IC MARKETS       0.00000
4   2023-12-21    21        AAPL      56.00000
5   2023-12-21    21        AMZN       4.00000
6   2023-12-21    21     BINANCE      86.74595
7   2023-12-22    15        AAPL     544.00000
8   2023-12-22    15        AMZN     198.00000
9   2023-12-22    15     BINANCE       0.01098
10  2023-12-22    15        MSFT     246.00000
11  2023-12-22    20        AAPL    8458.00000
12  2023-12-22    20        AMZN    8286.00000
13  2023-12-22    20     BINANCE       1.71394
14  2023-12-22    20        MSFT    4834.00000
15  2023-12-22    21        AAPL    1862.00000
16  2023-12-22    21        AMZN       1.00000
17  2023-12-22    21     BINANCE      44.64550
[2023-12-22T22:43:54.200+0000] {python.py:201} INFO - Done. Returned value was: None
[2023-12-22T22:43:54.204+0000] {taskinstance.py:1138} INFO - Marking task as SUCCESS. dag_id=batch_layer, task_id=batch_0, execution_date=20231222T224350, start_date=20231222T224353, end_date=20231222T224354
[2023-12-22T22:43:54.319+0000] {local_task_job_runner.py:234} INFO - Task exited with return code 0
[2023-12-22T22:43:54.327+0000] {taskinstance.py:3281} INFO - 0 downstream tasks scheduled from follow-on schedule check
