[2023-12-26T13:17:21.225+0000] {taskinstance.py:1957} INFO - Dependencies all met for dep_context=non-requeueable deps ti=<TaskInstance: batch_layer.batch_1 manual__2023-12-26T13:06:57.360480+00:00 [queued]>
[2023-12-26T13:17:21.230+0000] {taskinstance.py:1957} INFO - Dependencies all met for dep_context=requeueable deps ti=<TaskInstance: batch_layer.batch_1 manual__2023-12-26T13:06:57.360480+00:00 [queued]>
[2023-12-26T13:17:21.231+0000] {taskinstance.py:2171} INFO - Starting attempt 1 of 2
[2023-12-26T13:17:21.242+0000] {taskinstance.py:2192} INFO - Executing <Task(PythonOperator): batch_1> on 2023-12-26 13:06:57.360480+00:00
[2023-12-26T13:17:21.247+0000] {standard_task_runner.py:60} INFO - Started process 499 to run task
[2023-12-26T13:17:21.249+0000] {standard_task_runner.py:87} INFO - Running: ['airflow', 'tasks', 'run', 'batch_layer', 'batch_1', 'manual__2023-12-26T13:06:57.360480+00:00', '--job-id', '12', '--raw', '--subdir', 'DAGS_FOLDER/BatchLayerDag.py', '--cfg-path', '/tmp/tmpftalg146']
[2023-12-26T13:17:21.251+0000] {standard_task_runner.py:88} INFO - Job 12: Subtask batch_1
[2023-12-26T13:17:21.281+0000] {task_command.py:423} INFO - Running <TaskInstance: batch_layer.batch_1 manual__2023-12-26T13:06:57.360480+00:00 [running]> on host 21f64a9239d6
[2023-12-26T13:17:21.335+0000] {taskinstance.py:2481} INFO - Exporting env vars: AIRFLOW_CTX_DAG_EMAIL='airflow@example.com' AIRFLOW_CTX_DAG_OWNER='airflow' AIRFLOW_CTX_DAG_ID='batch_layer' AIRFLOW_CTX_TASK_ID='batch_1' AIRFLOW_CTX_EXECUTION_DATE='2023-12-26T13:06:57.360480+00:00' AIRFLOW_CTX_TRY_NUMBER='1' AIRFLOW_CTX_DAG_RUN_ID='manual__2023-12-26T13:06:57.360480+00:00'
[2023-12-26T13:17:21.380+0000] {hive.py:475} INFO - USE `finnhub_db`
[2023-12-26T13:17:21.412+0000] {hive.py:475} INFO - 
                SELECT *
                FROM finnhub_table
            
[2023-12-26T13:17:27.631+0000] {logging_mixin.py:188} INFO -               p crypto_pair                       t        v
0      43694.01     BTCUSDT 2023-12-25 13:10:26.122  0.00095
1      43694.00     BTCUSDT 2023-12-25 13:10:26.314  0.00919
2      43693.84     BTCUSDT 2023-12-25 13:10:26.333  0.00229
3      43693.63     BTCUSDT 2023-12-25 13:10:26.333  0.00814
4      43693.35     BTCUSDT 2023-12-25 13:10:26.333  0.00229
...         ...         ...                     ...      ...
52420  43685.51     BTCUSDT 2023-12-25 13:10:27.614  0.00229
52421  43685.26     BTCUSDT 2023-12-25 13:10:27.614  0.00062
52422  43685.02     BTCUSDT 2023-12-25 13:10:27.614  0.00229
52423  43685.00     BTCUSDT 2023-12-25 13:10:27.614  0.00062
52424  43684.74     BTCUSDT 2023-12-25 13:10:27.614  0.00062

[52425 rows x 4 columns]
[2023-12-26T13:17:27.647+0000] {logging_mixin.py:188} INFO -                         p                             t         v
crypto_pair                                                      
BTCUSDT      43611.742777 2023-12-25 16:06:25.981068544  0.033511
ETHUSDT       2281.832031 2023-12-25 16:28:15.819448832  0.625621
None           319.594359 2023-12-26 12:45:17.112384512  9.333333
[2023-12-26T13:17:27.649+0000] {logging_mixin.py:188} INFO - File '/tmp/batchViews/parquet_output_1.parquet' already exists.
[2023-12-26T13:17:27.680+0000] {logging_mixin.py:188} INFO -                         p                          t         v
crypto_pair                                                   
BTCUSDT      43611.742777 2023-12-25 16:06:25.981068  0.033511
ETHUSDT       2281.832031 2023-12-25 16:28:15.819448  0.625621
None           319.594359 2023-12-26 12:45:17.112384  9.333333
[2023-12-26T13:17:27.687+0000] {python.py:201} INFO - Done. Returned value was: None
[2023-12-26T13:17:27.692+0000] {taskinstance.py:1138} INFO - Marking task as SUCCESS. dag_id=batch_layer, task_id=batch_1, execution_date=20231226T130657, start_date=20231226T131721, end_date=20231226T131727
[2023-12-26T13:17:27.714+0000] {local_task_job_runner.py:234} INFO - Task exited with return code 0
[2023-12-26T13:17:27.721+0000] {taskinstance.py:3281} INFO - 0 downstream tasks scheduled from follow-on schedule check
