[2023-12-22T16:07:43.341+0000] {taskinstance.py:1957} INFO - Dependencies all met for dep_context=non-requeueable deps ti=<TaskInstance: batch_layer.income_statement manual__2023-12-22T16:02:36.283763+00:00 [queued]>
[2023-12-22T16:07:43.409+0000] {taskinstance.py:1957} INFO - Dependencies all met for dep_context=requeueable deps ti=<TaskInstance: batch_layer.income_statement manual__2023-12-22T16:02:36.283763+00:00 [queued]>
[2023-12-22T16:07:43.409+0000] {taskinstance.py:2171} INFO - Starting attempt 2 of 2
[2023-12-22T16:07:43.420+0000] {taskinstance.py:2192} INFO - Executing <Task(SparkSubmitOperator): income_statement> on 2023-12-22 16:02:36.283763+00:00
[2023-12-22T16:07:43.423+0000] {standard_task_runner.py:60} INFO - Started process 733 to run task
[2023-12-22T16:07:43.427+0000] {standard_task_runner.py:87} INFO - Running: ['airflow', 'tasks', 'run', 'batch_layer', 'income_statement', 'manual__2023-12-22T16:02:36.283763+00:00', '--job-id', '8', '--raw', '--subdir', 'DAGS_FOLDER/BatchLayerDag.py', '--cfg-path', '/tmp/tmp929731h5']
[2023-12-22T16:07:43.429+0000] {standard_task_runner.py:88} INFO - Job 8: Subtask income_statement
[2023-12-22T16:07:43.459+0000] {task_command.py:423} INFO - Running <TaskInstance: batch_layer.income_statement manual__2023-12-22T16:02:36.283763+00:00 [running]> on host f1915694ab6b
[2023-12-22T16:07:43.495+0000] {taskinstance.py:2481} INFO - Exporting env vars: AIRFLOW_CTX_DAG_EMAIL='airflow@example.com' AIRFLOW_CTX_DAG_OWNER='airflow' AIRFLOW_CTX_DAG_ID='batch_layer' AIRFLOW_CTX_TASK_ID='income_statement' AIRFLOW_CTX_EXECUTION_DATE='2023-12-22T16:02:36.283763+00:00' AIRFLOW_CTX_TRY_NUMBER='2' AIRFLOW_CTX_DAG_RUN_ID='manual__2023-12-22T16:02:36.283763+00:00'
[2023-12-22T16:07:43.500+0000] {spark_submit.py:223} INFO - Could not load connection string spark-conn, defaulting to yarn
[2023-12-22T16:07:43.501+0000] {spark_submit.py:351} INFO - Spark-Submit cmd: spark-submit --master yarn --name arrow-spark ./batch_proc_0.py
[2023-12-22T16:07:44.315+0000] {spark_submit.py:521} INFO - Exception in thread "main" org.apache.spark.SparkException: When running with master 'yarn' either HADOOP_CONF_DIR or YARN_CONF_DIR must be set in the environment.
[2023-12-22T16:07:44.315+0000] {spark_submit.py:521} INFO - at org.apache.spark.deploy.SparkSubmitArguments.error(SparkSubmitArguments.scala:650)
[2023-12-22T16:07:44.316+0000] {spark_submit.py:521} INFO - at org.apache.spark.deploy.SparkSubmitArguments.validateSubmitArguments(SparkSubmitArguments.scala:281)
[2023-12-22T16:07:44.316+0000] {spark_submit.py:521} INFO - at org.apache.spark.deploy.SparkSubmitArguments.validateArguments(SparkSubmitArguments.scala:237)
[2023-12-22T16:07:44.317+0000] {spark_submit.py:521} INFO - at org.apache.spark.deploy.SparkSubmitArguments.<init>(SparkSubmitArguments.scala:122)
[2023-12-22T16:07:44.317+0000] {spark_submit.py:521} INFO - at org.apache.spark.deploy.SparkSubmit$$anon$2$$anon$3.<init>(SparkSubmit.scala:1103)
[2023-12-22T16:07:44.318+0000] {spark_submit.py:521} INFO - at org.apache.spark.deploy.SparkSubmit$$anon$2.parseArguments(SparkSubmit.scala:1103)
[2023-12-22T16:07:44.318+0000] {spark_submit.py:521} INFO - at org.apache.spark.deploy.SparkSubmit.doSubmit(SparkSubmit.scala:86)
[2023-12-22T16:07:44.318+0000] {spark_submit.py:521} INFO - at org.apache.spark.deploy.SparkSubmit$$anon$2.doSubmit(SparkSubmit.scala:1120)
[2023-12-22T16:07:44.319+0000] {spark_submit.py:521} INFO - at org.apache.spark.deploy.SparkSubmit$.main(SparkSubmit.scala:1129)
[2023-12-22T16:07:44.319+0000] {spark_submit.py:521} INFO - at org.apache.spark.deploy.SparkSubmit.main(SparkSubmit.scala)
[2023-12-22T16:07:44.327+0000] {taskinstance.py:2699} ERROR - Task failed with exception
Traceback (most recent call last):
  File "/home/airflow/.local/lib/python3.8/site-packages/airflow/models/taskinstance.py", line 433, in _execute_task
    result = execute_callable(context=context, **execute_callable_kwargs)
  File "/home/airflow/.local/lib/python3.8/site-packages/airflow/providers/apache/spark/operators/spark_submit.py", line 160, in execute
    self._hook.submit(self._application)
  File "/home/airflow/.local/lib/python3.8/site-packages/airflow/providers/apache/spark/hooks/spark_submit.py", line 452, in submit
    raise AirflowException(
airflow.exceptions.AirflowException: Cannot execute: spark-submit --master yarn --name arrow-spark ./batch_proc_0.py. Error code is: 1.
[2023-12-22T16:07:44.329+0000] {taskinstance.py:1138} INFO - Marking task as FAILED. dag_id=batch_layer, task_id=income_statement, execution_date=20231222T160236, start_date=20231222T160743, end_date=20231222T160744
[2023-12-22T16:07:44.338+0000] {standard_task_runner.py:107} ERROR - Failed to execute job 8 for task income_statement (Cannot execute: spark-submit --master yarn --name arrow-spark ./batch_proc_0.py. Error code is: 1.; 733)
[2023-12-22T16:07:44.361+0000] {local_task_job_runner.py:234} INFO - Task exited with return code 1
[2023-12-22T16:07:44.369+0000] {taskinstance.py:3281} INFO - 0 downstream tasks scheduled from follow-on schedule check
