[2023-12-25T13:10:48.575+0000] {taskinstance.py:1957} INFO - Dependencies all met for dep_context=non-requeueable deps ti=<TaskInstance: serving-layer.serving scheduled__2023-12-24T00:00:00+00:00 [queued]>
[2023-12-25T13:10:48.583+0000] {taskinstance.py:1957} INFO - Dependencies all met for dep_context=requeueable deps ti=<TaskInstance: serving-layer.serving scheduled__2023-12-24T00:00:00+00:00 [queued]>
[2023-12-25T13:10:48.584+0000] {taskinstance.py:2171} INFO - Starting attempt 1 of 2
[2023-12-25T13:10:48.601+0000] {taskinstance.py:2192} INFO - Executing <Task(PythonOperator): serving> on 2023-12-24 00:00:00+00:00
[2023-12-25T13:10:48.607+0000] {standard_task_runner.py:60} INFO - Started process 191 to run task
[2023-12-25T13:10:48.611+0000] {standard_task_runner.py:87} INFO - Running: ['airflow', 'tasks', 'run', 'serving-layer', 'serving', 'scheduled__2023-12-24T00:00:00+00:00', '--job-id', '6', '--raw', '--subdir', 'DAGS_FOLDER/servingLayer.py', '--cfg-path', '/tmp/tmpaijyzl6u']
[2023-12-25T13:10:48.613+0000] {standard_task_runner.py:88} INFO - Job 6: Subtask serving
[2023-12-25T13:10:48.659+0000] {task_command.py:423} INFO - Running <TaskInstance: serving-layer.serving scheduled__2023-12-24T00:00:00+00:00 [running]> on host f631e8536ec1
[2023-12-25T13:10:48.870+0000] {taskinstance.py:2481} INFO - Exporting env vars: AIRFLOW_CTX_DAG_EMAIL='airflow@example.com' AIRFLOW_CTX_DAG_OWNER='airflow' AIRFLOW_CTX_DAG_ID='serving-layer' AIRFLOW_CTX_TASK_ID='serving' AIRFLOW_CTX_EXECUTION_DATE='2023-12-24T00:00:00+00:00' AIRFLOW_CTX_TRY_NUMBER='1' AIRFLOW_CTX_DAG_RUN_ID='scheduled__2023-12-24T00:00:00+00:00'
[2023-12-25T13:10:56.876+0000] {logging_mixin.py:188} INFO - Error: could not translate host name "postgres" to address: Temporary failure in name resolution
[2023-12-25T13:10:56.877+0000] {taskinstance.py:2699} ERROR - Task failed with exception
Traceback (most recent call last):
  File "/home/airflow/.local/lib/python3.8/site-packages/airflow/models/taskinstance.py", line 433, in _execute_task
    result = execute_callable(context=context, **execute_callable_kwargs)
  File "/home/airflow/.local/lib/python3.8/site-packages/airflow/operators/python.py", line 199, in execute
    return_value = self.execute_callable()
  File "/home/airflow/.local/lib/python3.8/site-packages/airflow/operators/python.py", line 216, in execute_callable
    return self.python_callable(*self.op_args, **self.op_kwargs)
  File "/opt/airflow/dags/servingLayer.py", line 79, in process_parquet_files
    if cursor:
UnboundLocalError: local variable 'cursor' referenced before assignment
[2023-12-25T13:10:56.889+0000] {taskinstance.py:1138} INFO - Marking task as UP_FOR_RETRY. dag_id=serving-layer, task_id=serving, execution_date=20231224T000000, start_date=20231225T131048, end_date=20231225T131056
[2023-12-25T13:10:56.912+0000] {standard_task_runner.py:107} ERROR - Failed to execute job 6 for task serving (local variable 'cursor' referenced before assignment; 191)
[2023-12-25T13:10:56.925+0000] {local_task_job_runner.py:234} INFO - Task exited with return code 1
[2023-12-25T13:10:56.936+0000] {taskinstance.py:3281} INFO - 0 downstream tasks scheduled from follow-on schedule check
[2023-12-25T13:38:27.622+0000] {taskinstance.py:1957} INFO - Dependencies all met for dep_context=non-requeueable deps ti=<TaskInstance: serving-layer.serving scheduled__2023-12-24T00:00:00+00:00 [queued]>
[2023-12-25T13:38:27.628+0000] {taskinstance.py:1957} INFO - Dependencies all met for dep_context=requeueable deps ti=<TaskInstance: serving-layer.serving scheduled__2023-12-24T00:00:00+00:00 [queued]>
[2023-12-25T13:38:27.629+0000] {taskinstance.py:2171} INFO - Starting attempt 1 of 2
[2023-12-25T13:38:27.644+0000] {taskinstance.py:2192} INFO - Executing <Task(PythonOperator): serving> on 2023-12-24 00:00:00+00:00
[2023-12-25T13:38:27.649+0000] {standard_task_runner.py:60} INFO - Started process 191 to run task
[2023-12-25T13:38:27.652+0000] {standard_task_runner.py:87} INFO - Running: ['airflow', 'tasks', 'run', 'serving-layer', 'serving', 'scheduled__2023-12-24T00:00:00+00:00', '--job-id', '6', '--raw', '--subdir', 'DAGS_FOLDER/servingLayer.py', '--cfg-path', '/tmp/tmp2ygy2sxk']
[2023-12-25T13:38:27.655+0000] {standard_task_runner.py:88} INFO - Job 6: Subtask serving
[2023-12-25T13:38:27.690+0000] {task_command.py:423} INFO - Running <TaskInstance: serving-layer.serving scheduled__2023-12-24T00:00:00+00:00 [running]> on host f6690199a9a1
[2023-12-25T13:38:27.861+0000] {taskinstance.py:2481} INFO - Exporting env vars: AIRFLOW_CTX_DAG_EMAIL='airflow@example.com' AIRFLOW_CTX_DAG_OWNER='airflow' AIRFLOW_CTX_DAG_ID='serving-layer' AIRFLOW_CTX_TASK_ID='serving' AIRFLOW_CTX_EXECUTION_DATE='2023-12-24T00:00:00+00:00' AIRFLOW_CTX_TRY_NUMBER='1' AIRFLOW_CTX_DAG_RUN_ID='scheduled__2023-12-24T00:00:00+00:00'
[2023-12-25T13:38:35.869+0000] {logging_mixin.py:188} INFO - Error: could not translate host name "postgres" to address: Temporary failure in name resolution
[2023-12-25T13:38:35.870+0000] {taskinstance.py:2699} ERROR - Task failed with exception
Traceback (most recent call last):
  File "/home/airflow/.local/lib/python3.8/site-packages/airflow/models/taskinstance.py", line 433, in _execute_task
    result = execute_callable(context=context, **execute_callable_kwargs)
  File "/home/airflow/.local/lib/python3.8/site-packages/airflow/operators/python.py", line 199, in execute
    return_value = self.execute_callable()
  File "/home/airflow/.local/lib/python3.8/site-packages/airflow/operators/python.py", line 216, in execute_callable
    return self.python_callable(*self.op_args, **self.op_kwargs)
  File "/opt/airflow/dags/servingLayer.py", line 79, in process_parquet_files
    if cursor:
UnboundLocalError: local variable 'cursor' referenced before assignment
[2023-12-25T13:38:35.886+0000] {taskinstance.py:1138} INFO - Marking task as UP_FOR_RETRY. dag_id=serving-layer, task_id=serving, execution_date=20231224T000000, start_date=20231225T133827, end_date=20231225T133835
[2023-12-25T13:38:35.901+0000] {standard_task_runner.py:107} ERROR - Failed to execute job 6 for task serving (local variable 'cursor' referenced before assignment; 191)
[2023-12-25T13:38:35.947+0000] {local_task_job_runner.py:234} INFO - Task exited with return code 1
[2023-12-25T13:38:35.963+0000] {taskinstance.py:3281} INFO - 0 downstream tasks scheduled from follow-on schedule check
[2023-12-25T13:47:47.385+0000] {taskinstance.py:1957} INFO - Dependencies all met for dep_context=non-requeueable deps ti=<TaskInstance: serving-layer.serving scheduled__2023-12-24T00:00:00+00:00 [queued]>
[2023-12-25T13:47:47.389+0000] {taskinstance.py:1957} INFO - Dependencies all met for dep_context=requeueable deps ti=<TaskInstance: serving-layer.serving scheduled__2023-12-24T00:00:00+00:00 [queued]>
[2023-12-25T13:47:47.390+0000] {taskinstance.py:2171} INFO - Starting attempt 1 of 2
[2023-12-25T13:47:47.399+0000] {taskinstance.py:2192} INFO - Executing <Task(PythonOperator): serving> on 2023-12-24 00:00:00+00:00
[2023-12-25T13:47:47.403+0000] {standard_task_runner.py:60} INFO - Started process 191 to run task
[2023-12-25T13:47:47.405+0000] {standard_task_runner.py:87} INFO - Running: ['airflow', 'tasks', 'run', 'serving-layer', 'serving', 'scheduled__2023-12-24T00:00:00+00:00', '--job-id', '6', '--raw', '--subdir', 'DAGS_FOLDER/servingLayer.py', '--cfg-path', '/tmp/tmpwey50rlb']
[2023-12-25T13:47:47.407+0000] {standard_task_runner.py:88} INFO - Job 6: Subtask serving
[2023-12-25T13:47:47.431+0000] {task_command.py:423} INFO - Running <TaskInstance: serving-layer.serving scheduled__2023-12-24T00:00:00+00:00 [running]> on host 43991cd2d77a
[2023-12-25T13:47:47.555+0000] {taskinstance.py:2481} INFO - Exporting env vars: AIRFLOW_CTX_DAG_EMAIL='airflow@example.com' AIRFLOW_CTX_DAG_OWNER='airflow' AIRFLOW_CTX_DAG_ID='serving-layer' AIRFLOW_CTX_TASK_ID='serving' AIRFLOW_CTX_EXECUTION_DATE='2023-12-24T00:00:00+00:00' AIRFLOW_CTX_TRY_NUMBER='1' AIRFLOW_CTX_DAG_RUN_ID='scheduled__2023-12-24T00:00:00+00:00'
[2023-12-25T13:47:55.558+0000] {logging_mixin.py:188} INFO - Error: could not translate host name "postgres" to address: Temporary failure in name resolution
[2023-12-25T13:47:55.559+0000] {taskinstance.py:2699} ERROR - Task failed with exception
Traceback (most recent call last):
  File "/home/airflow/.local/lib/python3.8/site-packages/airflow/models/taskinstance.py", line 433, in _execute_task
    result = execute_callable(context=context, **execute_callable_kwargs)
  File "/home/airflow/.local/lib/python3.8/site-packages/airflow/operators/python.py", line 199, in execute
    return_value = self.execute_callable()
  File "/home/airflow/.local/lib/python3.8/site-packages/airflow/operators/python.py", line 216, in execute_callable
    return self.python_callable(*self.op_args, **self.op_kwargs)
  File "/opt/airflow/dags/servingLayer.py", line 79, in process_parquet_files
    if cursor:
UnboundLocalError: local variable 'cursor' referenced before assignment
[2023-12-25T13:47:55.565+0000] {taskinstance.py:1138} INFO - Marking task as UP_FOR_RETRY. dag_id=serving-layer, task_id=serving, execution_date=20231224T000000, start_date=20231225T134747, end_date=20231225T134755
[2023-12-25T13:47:55.601+0000] {standard_task_runner.py:107} ERROR - Failed to execute job 6 for task serving (local variable 'cursor' referenced before assignment; 191)
[2023-12-25T13:47:55.635+0000] {local_task_job_runner.py:234} INFO - Task exited with return code 1
[2023-12-25T13:47:55.643+0000] {taskinstance.py:3281} INFO - 0 downstream tasks scheduled from follow-on schedule check
[2023-12-25T14:11:31.821+0000] {taskinstance.py:1957} INFO - Dependencies all met for dep_context=non-requeueable deps ti=<TaskInstance: serving-layer.serving scheduled__2023-12-24T00:00:00+00:00 [queued]>
[2023-12-25T14:11:31.829+0000] {taskinstance.py:1957} INFO - Dependencies all met for dep_context=requeueable deps ti=<TaskInstance: serving-layer.serving scheduled__2023-12-24T00:00:00+00:00 [queued]>
[2023-12-25T14:11:31.829+0000] {taskinstance.py:2171} INFO - Starting attempt 1 of 2
[2023-12-25T14:11:31.843+0000] {taskinstance.py:2192} INFO - Executing <Task(PythonOperator): serving> on 2023-12-24 00:00:00+00:00
[2023-12-25T14:11:31.847+0000] {standard_task_runner.py:60} INFO - Started process 191 to run task
[2023-12-25T14:11:31.851+0000] {standard_task_runner.py:87} INFO - Running: ['airflow', 'tasks', 'run', 'serving-layer', 'serving', 'scheduled__2023-12-24T00:00:00+00:00', '--job-id', '6', '--raw', '--subdir', 'DAGS_FOLDER/servingLayer.py', '--cfg-path', '/tmp/tmp9u8u1w5u']
[2023-12-25T14:11:31.854+0000] {standard_task_runner.py:88} INFO - Job 6: Subtask serving
[2023-12-25T14:11:31.926+0000] {task_command.py:423} INFO - Running <TaskInstance: serving-layer.serving scheduled__2023-12-24T00:00:00+00:00 [running]> on host 9bdca13f3810
[2023-12-25T14:11:32.133+0000] {taskinstance.py:2481} INFO - Exporting env vars: AIRFLOW_CTX_DAG_EMAIL='airflow@example.com' AIRFLOW_CTX_DAG_OWNER='airflow' AIRFLOW_CTX_DAG_ID='serving-layer' AIRFLOW_CTX_TASK_ID='serving' AIRFLOW_CTX_EXECUTION_DATE='2023-12-24T00:00:00+00:00' AIRFLOW_CTX_TRY_NUMBER='1' AIRFLOW_CTX_DAG_RUN_ID='scheduled__2023-12-24T00:00:00+00:00'
[2023-12-25T14:11:40.138+0000] {logging_mixin.py:188} INFO - Error: could not translate host name "postgres" to address: Temporary failure in name resolution
[2023-12-25T14:11:40.139+0000] {taskinstance.py:2699} ERROR - Task failed with exception
Traceback (most recent call last):
  File "/home/airflow/.local/lib/python3.8/site-packages/airflow/models/taskinstance.py", line 433, in _execute_task
    result = execute_callable(context=context, **execute_callable_kwargs)
  File "/home/airflow/.local/lib/python3.8/site-packages/airflow/operators/python.py", line 199, in execute
    return_value = self.execute_callable()
  File "/home/airflow/.local/lib/python3.8/site-packages/airflow/operators/python.py", line 216, in execute_callable
    return self.python_callable(*self.op_args, **self.op_kwargs)
  File "/opt/airflow/dags/servingLayer.py", line 79, in process_parquet_files
    if cursor:
UnboundLocalError: local variable 'cursor' referenced before assignment
[2023-12-25T14:11:40.147+0000] {taskinstance.py:1138} INFO - Marking task as UP_FOR_RETRY. dag_id=serving-layer, task_id=serving, execution_date=20231224T000000, start_date=20231225T141131, end_date=20231225T141140
[2023-12-25T14:11:40.159+0000] {standard_task_runner.py:107} ERROR - Failed to execute job 6 for task serving (local variable 'cursor' referenced before assignment; 191)
[2023-12-25T14:11:40.193+0000] {local_task_job_runner.py:234} INFO - Task exited with return code 1
[2023-12-25T14:11:40.208+0000] {taskinstance.py:3281} INFO - 0 downstream tasks scheduled from follow-on schedule check
[2023-12-25T18:26:22.479+0000] {taskinstance.py:1957} INFO - Dependencies all met for dep_context=non-requeueable deps ti=<TaskInstance: serving-layer.serving scheduled__2023-12-24T00:00:00+00:00 [queued]>
[2023-12-25T18:26:22.486+0000] {taskinstance.py:1957} INFO - Dependencies all met for dep_context=requeueable deps ti=<TaskInstance: serving-layer.serving scheduled__2023-12-24T00:00:00+00:00 [queued]>
[2023-12-25T18:26:22.487+0000] {taskinstance.py:2171} INFO - Starting attempt 1 of 2
[2023-12-25T18:26:22.501+0000] {taskinstance.py:2192} INFO - Executing <Task(PythonOperator): serving> on 2023-12-24 00:00:00+00:00
[2023-12-25T18:26:22.506+0000] {standard_task_runner.py:60} INFO - Started process 191 to run task
[2023-12-25T18:26:22.509+0000] {standard_task_runner.py:87} INFO - Running: ['airflow', 'tasks', 'run', 'serving-layer', 'serving', 'scheduled__2023-12-24T00:00:00+00:00', '--job-id', '6', '--raw', '--subdir', 'DAGS_FOLDER/servingLayer.py', '--cfg-path', '/tmp/tmpb85znrjr']
[2023-12-25T18:26:22.511+0000] {standard_task_runner.py:88} INFO - Job 6: Subtask serving
[2023-12-25T18:26:22.542+0000] {task_command.py:423} INFO - Running <TaskInstance: serving-layer.serving scheduled__2023-12-24T00:00:00+00:00 [running]> on host e9f65bff2772
[2023-12-25T18:26:22.698+0000] {taskinstance.py:2481} INFO - Exporting env vars: AIRFLOW_CTX_DAG_EMAIL='airflow@example.com' AIRFLOW_CTX_DAG_OWNER='airflow' AIRFLOW_CTX_DAG_ID='serving-layer' AIRFLOW_CTX_TASK_ID='serving' AIRFLOW_CTX_EXECUTION_DATE='2023-12-24T00:00:00+00:00' AIRFLOW_CTX_TRY_NUMBER='1' AIRFLOW_CTX_DAG_RUN_ID='scheduled__2023-12-24T00:00:00+00:00'
[2023-12-25T18:26:30.704+0000] {logging_mixin.py:188} INFO - Error: could not translate host name "postgres" to address: Temporary failure in name resolution
[2023-12-25T18:26:30.705+0000] {taskinstance.py:2699} ERROR - Task failed with exception
Traceback (most recent call last):
  File "/home/airflow/.local/lib/python3.8/site-packages/airflow/models/taskinstance.py", line 433, in _execute_task
    result = execute_callable(context=context, **execute_callable_kwargs)
  File "/home/airflow/.local/lib/python3.8/site-packages/airflow/operators/python.py", line 199, in execute
    return_value = self.execute_callable()
  File "/home/airflow/.local/lib/python3.8/site-packages/airflow/operators/python.py", line 216, in execute_callable
    return self.python_callable(*self.op_args, **self.op_kwargs)
  File "/opt/airflow/dags/servingLayer.py", line 79, in process_parquet_files
    if cursor:
UnboundLocalError: local variable 'cursor' referenced before assignment
[2023-12-25T18:26:30.715+0000] {taskinstance.py:1138} INFO - Marking task as UP_FOR_RETRY. dag_id=serving-layer, task_id=serving, execution_date=20231224T000000, start_date=20231225T182622, end_date=20231225T182630
[2023-12-25T18:26:30.724+0000] {standard_task_runner.py:107} ERROR - Failed to execute job 6 for task serving (local variable 'cursor' referenced before assignment; 191)
[2023-12-25T18:26:30.741+0000] {local_task_job_runner.py:234} INFO - Task exited with return code 1
[2023-12-25T18:26:30.749+0000] {taskinstance.py:3281} INFO - 0 downstream tasks scheduled from follow-on schedule check
[2023-12-25T20:02:28.238+0000] {taskinstance.py:1957} INFO - Dependencies all met for dep_context=non-requeueable deps ti=<TaskInstance: serving-layer.serving scheduled__2023-12-24T00:00:00+00:00 [queued]>
[2023-12-25T20:02:28.244+0000] {taskinstance.py:1957} INFO - Dependencies all met for dep_context=requeueable deps ti=<TaskInstance: serving-layer.serving scheduled__2023-12-24T00:00:00+00:00 [queued]>
[2023-12-25T20:02:28.244+0000] {taskinstance.py:2171} INFO - Starting attempt 1 of 2
[2023-12-25T20:02:28.258+0000] {taskinstance.py:2192} INFO - Executing <Task(PythonOperator): serving> on 2023-12-24 00:00:00+00:00
[2023-12-25T20:02:28.261+0000] {standard_task_runner.py:60} INFO - Started process 191 to run task
[2023-12-25T20:02:28.265+0000] {standard_task_runner.py:87} INFO - Running: ['airflow', 'tasks', 'run', 'serving-layer', 'serving', 'scheduled__2023-12-24T00:00:00+00:00', '--job-id', '6', '--raw', '--subdir', 'DAGS_FOLDER/servingLayer.py', '--cfg-path', '/tmp/tmprw44lrca']
[2023-12-25T20:02:28.266+0000] {standard_task_runner.py:88} INFO - Job 6: Subtask serving
[2023-12-25T20:02:28.299+0000] {task_command.py:423} INFO - Running <TaskInstance: serving-layer.serving scheduled__2023-12-24T00:00:00+00:00 [running]> on host 9a3f62d5a7ea
[2023-12-25T20:02:28.457+0000] {taskinstance.py:2481} INFO - Exporting env vars: AIRFLOW_CTX_DAG_EMAIL='airflow@example.com' AIRFLOW_CTX_DAG_OWNER='airflow' AIRFLOW_CTX_DAG_ID='serving-layer' AIRFLOW_CTX_TASK_ID='serving' AIRFLOW_CTX_EXECUTION_DATE='2023-12-24T00:00:00+00:00' AIRFLOW_CTX_TRY_NUMBER='1' AIRFLOW_CTX_DAG_RUN_ID='scheduled__2023-12-24T00:00:00+00:00'
[2023-12-25T20:02:36.461+0000] {logging_mixin.py:188} INFO - Error: could not translate host name "postgres" to address: Temporary failure in name resolution
[2023-12-25T20:02:36.462+0000] {taskinstance.py:2699} ERROR - Task failed with exception
Traceback (most recent call last):
  File "/home/airflow/.local/lib/python3.8/site-packages/airflow/models/taskinstance.py", line 433, in _execute_task
    result = execute_callable(context=context, **execute_callable_kwargs)
  File "/home/airflow/.local/lib/python3.8/site-packages/airflow/operators/python.py", line 199, in execute
    return_value = self.execute_callable()
  File "/home/airflow/.local/lib/python3.8/site-packages/airflow/operators/python.py", line 216, in execute_callable
    return self.python_callable(*self.op_args, **self.op_kwargs)
  File "/opt/airflow/dags/servingLayer.py", line 79, in process_parquet_files
    if cursor:
UnboundLocalError: local variable 'cursor' referenced before assignment
[2023-12-25T20:02:36.468+0000] {taskinstance.py:1138} INFO - Marking task as UP_FOR_RETRY. dag_id=serving-layer, task_id=serving, execution_date=20231224T000000, start_date=20231225T200228, end_date=20231225T200236
[2023-12-25T20:02:36.498+0000] {standard_task_runner.py:107} ERROR - Failed to execute job 6 for task serving (local variable 'cursor' referenced before assignment; 191)
[2023-12-25T20:02:36.522+0000] {local_task_job_runner.py:234} INFO - Task exited with return code 1
[2023-12-25T20:02:36.532+0000] {taskinstance.py:3281} INFO - 0 downstream tasks scheduled from follow-on schedule check
[2023-12-25T20:21:07.796+0000] {taskinstance.py:1957} INFO - Dependencies all met for dep_context=non-requeueable deps ti=<TaskInstance: serving-layer.serving scheduled__2023-12-24T00:00:00+00:00 [queued]>
[2023-12-25T20:21:07.802+0000] {taskinstance.py:1957} INFO - Dependencies all met for dep_context=requeueable deps ti=<TaskInstance: serving-layer.serving scheduled__2023-12-24T00:00:00+00:00 [queued]>
[2023-12-25T20:21:07.803+0000] {taskinstance.py:2171} INFO - Starting attempt 1 of 2
[2023-12-25T20:21:07.824+0000] {taskinstance.py:2192} INFO - Executing <Task(PythonOperator): serving> on 2023-12-24 00:00:00+00:00
[2023-12-25T20:21:07.829+0000] {standard_task_runner.py:60} INFO - Started process 191 to run task
[2023-12-25T20:21:07.832+0000] {standard_task_runner.py:87} INFO - Running: ['airflow', 'tasks', 'run', 'serving-layer', 'serving', 'scheduled__2023-12-24T00:00:00+00:00', '--job-id', '6', '--raw', '--subdir', 'DAGS_FOLDER/servingLayer.py', '--cfg-path', '/tmp/tmpo25s2b5p']
[2023-12-25T20:21:07.834+0000] {standard_task_runner.py:88} INFO - Job 6: Subtask serving
[2023-12-25T20:21:07.869+0000] {task_command.py:423} INFO - Running <TaskInstance: serving-layer.serving scheduled__2023-12-24T00:00:00+00:00 [running]> on host ccce5d2e349d
[2023-12-25T20:21:08.122+0000] {taskinstance.py:2481} INFO - Exporting env vars: AIRFLOW_CTX_DAG_EMAIL='airflow@example.com' AIRFLOW_CTX_DAG_OWNER='airflow' AIRFLOW_CTX_DAG_ID='serving-layer' AIRFLOW_CTX_TASK_ID='serving' AIRFLOW_CTX_EXECUTION_DATE='2023-12-24T00:00:00+00:00' AIRFLOW_CTX_TRY_NUMBER='1' AIRFLOW_CTX_DAG_RUN_ID='scheduled__2023-12-24T00:00:00+00:00'
[2023-12-25T20:21:16.128+0000] {logging_mixin.py:188} INFO - Error: could not translate host name "postgres" to address: Temporary failure in name resolution
[2023-12-25T20:21:16.129+0000] {taskinstance.py:2699} ERROR - Task failed with exception
Traceback (most recent call last):
  File "/home/airflow/.local/lib/python3.8/site-packages/airflow/models/taskinstance.py", line 433, in _execute_task
    result = execute_callable(context=context, **execute_callable_kwargs)
  File "/home/airflow/.local/lib/python3.8/site-packages/airflow/operators/python.py", line 199, in execute
    return_value = self.execute_callable()
  File "/home/airflow/.local/lib/python3.8/site-packages/airflow/operators/python.py", line 216, in execute_callable
    return self.python_callable(*self.op_args, **self.op_kwargs)
  File "/opt/airflow/dags/servingLayer.py", line 79, in process_parquet_files
    if cursor:
UnboundLocalError: local variable 'cursor' referenced before assignment
[2023-12-25T20:21:16.147+0000] {taskinstance.py:1138} INFO - Marking task as UP_FOR_RETRY. dag_id=serving-layer, task_id=serving, execution_date=20231224T000000, start_date=20231225T202107, end_date=20231225T202116
[2023-12-25T20:21:16.165+0000] {standard_task_runner.py:107} ERROR - Failed to execute job 6 for task serving (local variable 'cursor' referenced before assignment; 191)
[2023-12-25T20:21:16.182+0000] {local_task_job_runner.py:234} INFO - Task exited with return code 1
[2023-12-25T20:21:16.191+0000] {taskinstance.py:3281} INFO - 0 downstream tasks scheduled from follow-on schedule check
[2023-12-25T20:40:12.324+0000] {taskinstance.py:1957} INFO - Dependencies all met for dep_context=non-requeueable deps ti=<TaskInstance: serving-layer.serving scheduled__2023-12-24T00:00:00+00:00 [queued]>
[2023-12-25T20:40:12.332+0000] {taskinstance.py:1957} INFO - Dependencies all met for dep_context=requeueable deps ti=<TaskInstance: serving-layer.serving scheduled__2023-12-24T00:00:00+00:00 [queued]>
[2023-12-25T20:40:12.333+0000] {taskinstance.py:2171} INFO - Starting attempt 1 of 2
[2023-12-25T20:40:12.350+0000] {taskinstance.py:2192} INFO - Executing <Task(PythonOperator): serving> on 2023-12-24 00:00:00+00:00
[2023-12-25T20:40:12.355+0000] {standard_task_runner.py:60} INFO - Started process 187 to run task
[2023-12-25T20:40:12.360+0000] {standard_task_runner.py:87} INFO - Running: ['airflow', 'tasks', 'run', 'serving-layer', 'serving', 'scheduled__2023-12-24T00:00:00+00:00', '--job-id', '6', '--raw', '--subdir', 'DAGS_FOLDER/servingLayer.py', '--cfg-path', '/tmp/tmpkncqawm0']
[2023-12-25T20:40:12.363+0000] {standard_task_runner.py:88} INFO - Job 6: Subtask serving
[2023-12-25T20:40:12.417+0000] {task_command.py:423} INFO - Running <TaskInstance: serving-layer.serving scheduled__2023-12-24T00:00:00+00:00 [running]> on host 95df9ca91b9b
[2023-12-25T20:40:12.699+0000] {taskinstance.py:2481} INFO - Exporting env vars: AIRFLOW_CTX_DAG_EMAIL='airflow@example.com' AIRFLOW_CTX_DAG_OWNER='airflow' AIRFLOW_CTX_DAG_ID='serving-layer' AIRFLOW_CTX_TASK_ID='serving' AIRFLOW_CTX_EXECUTION_DATE='2023-12-24T00:00:00+00:00' AIRFLOW_CTX_TRY_NUMBER='1' AIRFLOW_CTX_DAG_RUN_ID='scheduled__2023-12-24T00:00:00+00:00'
[2023-12-25T20:40:20.708+0000] {logging_mixin.py:188} INFO - Error: could not translate host name "postgres" to address: Temporary failure in name resolution
[2023-12-25T20:40:20.709+0000] {taskinstance.py:2699} ERROR - Task failed with exception
Traceback (most recent call last):
  File "/home/airflow/.local/lib/python3.8/site-packages/airflow/models/taskinstance.py", line 433, in _execute_task
    result = execute_callable(context=context, **execute_callable_kwargs)
  File "/home/airflow/.local/lib/python3.8/site-packages/airflow/operators/python.py", line 199, in execute
    return_value = self.execute_callable()
  File "/home/airflow/.local/lib/python3.8/site-packages/airflow/operators/python.py", line 216, in execute_callable
    return self.python_callable(*self.op_args, **self.op_kwargs)
  File "/opt/airflow/dags/servingLayer.py", line 79, in process_parquet_files
    if cursor:
UnboundLocalError: local variable 'cursor' referenced before assignment
[2023-12-25T20:40:20.726+0000] {taskinstance.py:1138} INFO - Marking task as UP_FOR_RETRY. dag_id=serving-layer, task_id=serving, execution_date=20231224T000000, start_date=20231225T204012, end_date=20231225T204020
[2023-12-25T20:40:20.743+0000] {standard_task_runner.py:107} ERROR - Failed to execute job 6 for task serving (local variable 'cursor' referenced before assignment; 187)
[2023-12-25T20:40:20.775+0000] {local_task_job_runner.py:234} INFO - Task exited with return code 1
[2023-12-25T20:40:20.790+0000] {taskinstance.py:3281} INFO - 0 downstream tasks scheduled from follow-on schedule check
[2023-12-25T20:48:58.990+0000] {taskinstance.py:1957} INFO - Dependencies all met for dep_context=non-requeueable deps ti=<TaskInstance: serving-layer.serving scheduled__2023-12-24T00:00:00+00:00 [queued]>
[2023-12-25T20:48:58.997+0000] {taskinstance.py:1957} INFO - Dependencies all met for dep_context=requeueable deps ti=<TaskInstance: serving-layer.serving scheduled__2023-12-24T00:00:00+00:00 [queued]>
[2023-12-25T20:48:58.998+0000] {taskinstance.py:2171} INFO - Starting attempt 1 of 2
[2023-12-25T20:48:59.019+0000] {taskinstance.py:2192} INFO - Executing <Task(PythonOperator): serving> on 2023-12-24 00:00:00+00:00
[2023-12-25T20:48:59.024+0000] {standard_task_runner.py:60} INFO - Started process 191 to run task
[2023-12-25T20:48:59.028+0000] {standard_task_runner.py:87} INFO - Running: ['airflow', 'tasks', 'run', 'serving-layer', 'serving', 'scheduled__2023-12-24T00:00:00+00:00', '--job-id', '6', '--raw', '--subdir', 'DAGS_FOLDER/servingLayer.py', '--cfg-path', '/tmp/tmppa4we0vw']
[2023-12-25T20:48:59.031+0000] {standard_task_runner.py:88} INFO - Job 6: Subtask serving
[2023-12-25T20:48:59.087+0000] {task_command.py:423} INFO - Running <TaskInstance: serving-layer.serving scheduled__2023-12-24T00:00:00+00:00 [running]> on host 358dd0754c02
[2023-12-25T20:48:59.321+0000] {taskinstance.py:2481} INFO - Exporting env vars: AIRFLOW_CTX_DAG_EMAIL='airflow@example.com' AIRFLOW_CTX_DAG_OWNER='airflow' AIRFLOW_CTX_DAG_ID='serving-layer' AIRFLOW_CTX_TASK_ID='serving' AIRFLOW_CTX_EXECUTION_DATE='2023-12-24T00:00:00+00:00' AIRFLOW_CTX_TRY_NUMBER='1' AIRFLOW_CTX_DAG_RUN_ID='scheduled__2023-12-24T00:00:00+00:00'
[2023-12-25T20:49:07.326+0000] {logging_mixin.py:188} INFO - Error: could not translate host name "postgres" to address: Temporary failure in name resolution
[2023-12-25T20:49:07.328+0000] {taskinstance.py:2699} ERROR - Task failed with exception
Traceback (most recent call last):
  File "/home/airflow/.local/lib/python3.8/site-packages/airflow/models/taskinstance.py", line 433, in _execute_task
    result = execute_callable(context=context, **execute_callable_kwargs)
  File "/home/airflow/.local/lib/python3.8/site-packages/airflow/operators/python.py", line 199, in execute
    return_value = self.execute_callable()
  File "/home/airflow/.local/lib/python3.8/site-packages/airflow/operators/python.py", line 216, in execute_callable
    return self.python_callable(*self.op_args, **self.op_kwargs)
  File "/opt/airflow/dags/servingLayer.py", line 79, in process_parquet_files
    if cursor:
UnboundLocalError: local variable 'cursor' referenced before assignment
[2023-12-25T20:49:07.340+0000] {taskinstance.py:1138} INFO - Marking task as UP_FOR_RETRY. dag_id=serving-layer, task_id=serving, execution_date=20231224T000000, start_date=20231225T204858, end_date=20231225T204907
[2023-12-25T20:49:07.354+0000] {standard_task_runner.py:107} ERROR - Failed to execute job 6 for task serving (local variable 'cursor' referenced before assignment; 191)
[2023-12-25T20:49:07.391+0000] {local_task_job_runner.py:234} INFO - Task exited with return code 1
[2023-12-25T20:49:07.408+0000] {taskinstance.py:3281} INFO - 0 downstream tasks scheduled from follow-on schedule check
[2023-12-25T20:50:36.132+0000] {taskinstance.py:1957} INFO - Dependencies all met for dep_context=non-requeueable deps ti=<TaskInstance: serving-layer.serving scheduled__2023-12-24T00:00:00+00:00 [queued]>
[2023-12-25T20:50:36.139+0000] {taskinstance.py:1957} INFO - Dependencies all met for dep_context=requeueable deps ti=<TaskInstance: serving-layer.serving scheduled__2023-12-24T00:00:00+00:00 [queued]>
[2023-12-25T20:50:36.140+0000] {taskinstance.py:2171} INFO - Starting attempt 1 of 2
[2023-12-25T20:50:36.157+0000] {taskinstance.py:2192} INFO - Executing <Task(PythonOperator): serving> on 2023-12-24 00:00:00+00:00
[2023-12-25T20:50:36.162+0000] {standard_task_runner.py:60} INFO - Started process 191 to run task
[2023-12-25T20:50:36.166+0000] {standard_task_runner.py:87} INFO - Running: ['airflow', 'tasks', 'run', 'serving-layer', 'serving', 'scheduled__2023-12-24T00:00:00+00:00', '--job-id', '6', '--raw', '--subdir', 'DAGS_FOLDER/servingLayer.py', '--cfg-path', '/tmp/tmpwlusoxxp']
[2023-12-25T20:50:36.179+0000] {standard_task_runner.py:88} INFO - Job 6: Subtask serving
[2023-12-25T20:50:36.257+0000] {task_command.py:423} INFO - Running <TaskInstance: serving-layer.serving scheduled__2023-12-24T00:00:00+00:00 [running]> on host 5e983ae2bbe8
[2023-12-25T20:50:36.531+0000] {taskinstance.py:2481} INFO - Exporting env vars: AIRFLOW_CTX_DAG_EMAIL='airflow@example.com' AIRFLOW_CTX_DAG_OWNER='airflow' AIRFLOW_CTX_DAG_ID='serving-layer' AIRFLOW_CTX_TASK_ID='serving' AIRFLOW_CTX_EXECUTION_DATE='2023-12-24T00:00:00+00:00' AIRFLOW_CTX_TRY_NUMBER='1' AIRFLOW_CTX_DAG_RUN_ID='scheduled__2023-12-24T00:00:00+00:00'
[2023-12-25T20:50:44.537+0000] {logging_mixin.py:188} INFO - Error: could not translate host name "postgres" to address: Temporary failure in name resolution
[2023-12-25T20:50:44.538+0000] {taskinstance.py:2699} ERROR - Task failed with exception
Traceback (most recent call last):
  File "/home/airflow/.local/lib/python3.8/site-packages/airflow/models/taskinstance.py", line 433, in _execute_task
    result = execute_callable(context=context, **execute_callable_kwargs)
  File "/home/airflow/.local/lib/python3.8/site-packages/airflow/operators/python.py", line 199, in execute
    return_value = self.execute_callable()
  File "/home/airflow/.local/lib/python3.8/site-packages/airflow/operators/python.py", line 216, in execute_callable
    return self.python_callable(*self.op_args, **self.op_kwargs)
  File "/opt/airflow/dags/servingLayer.py", line 79, in process_parquet_files
    if cursor:
UnboundLocalError: local variable 'cursor' referenced before assignment
[2023-12-25T20:50:44.550+0000] {taskinstance.py:1138} INFO - Marking task as UP_FOR_RETRY. dag_id=serving-layer, task_id=serving, execution_date=20231224T000000, start_date=20231225T205036, end_date=20231225T205044
[2023-12-25T20:50:44.566+0000] {standard_task_runner.py:107} ERROR - Failed to execute job 6 for task serving (local variable 'cursor' referenced before assignment; 191)
[2023-12-25T20:50:44.582+0000] {local_task_job_runner.py:234} INFO - Task exited with return code 1
[2023-12-25T20:50:44.602+0000] {taskinstance.py:3281} INFO - 0 downstream tasks scheduled from follow-on schedule check
