[2023-12-22T22:01:44.128+0000] {taskinstance.py:1957} INFO - Dependencies all met for dep_context=non-requeueable deps ti=<TaskInstance: batch_layer.consume_data manual__2023-12-22T22:01:40.398136+00:00 [queued]>
[2023-12-22T22:01:44.136+0000] {taskinstance.py:1957} INFO - Dependencies all met for dep_context=requeueable deps ti=<TaskInstance: batch_layer.consume_data manual__2023-12-22T22:01:40.398136+00:00 [queued]>
[2023-12-22T22:01:44.137+0000] {taskinstance.py:2171} INFO - Starting attempt 1 of 2
[2023-12-22T22:01:44.164+0000] {taskinstance.py:2192} INFO - Executing <Task(PythonOperator): consume_data> on 2023-12-22 22:01:40.398136+00:00
[2023-12-22T22:01:44.169+0000] {standard_task_runner.py:60} INFO - Started process 263 to run task
[2023-12-22T22:01:44.172+0000] {standard_task_runner.py:87} INFO - Running: ['airflow', 'tasks', 'run', 'batch_layer', 'consume_data', 'manual__2023-12-22T22:01:40.398136+00:00', '--job-id', '8', '--raw', '--subdir', 'DAGS_FOLDER/BatchLayerDag.py', '--cfg-path', '/tmp/tmp96az1t17']
[2023-12-22T22:01:44.175+0000] {standard_task_runner.py:88} INFO - Job 8: Subtask consume_data
[2023-12-22T22:01:44.211+0000] {task_command.py:423} INFO - Running <TaskInstance: batch_layer.consume_data manual__2023-12-22T22:01:40.398136+00:00 [running]> on host f9bc372cbc19
[2023-12-22T22:01:44.275+0000] {taskinstance.py:2481} INFO - Exporting env vars: AIRFLOW_CTX_DAG_EMAIL='airflow@example.com' AIRFLOW_CTX_DAG_OWNER='airflow' AIRFLOW_CTX_DAG_ID='batch_layer' AIRFLOW_CTX_TASK_ID='consume_data' AIRFLOW_CTX_EXECUTION_DATE='2023-12-22T22:01:40.398136+00:00' AIRFLOW_CTX_TRY_NUMBER='1' AIRFLOW_CTX_DAG_RUN_ID='manual__2023-12-22T22:01:40.398136+00:00'
[2023-12-22T22:01:44.354+0000] {hive.py:475} INFO - USE `finnhub_db`
[2023-12-22T22:01:44.435+0000] {hive.py:475} INFO - 
        CREATE TABLE IF NOT EXISTS finnhub_table
        ROW FORMAT SERDE 'org.apache.hadoop.hive.serde2.avro.AvroSerDe'
        STORED AS INPUTFORMAT 'org.apache.hadoop.hive.ql.io.avro.AvroContainerInputFormat'
        OUTPUTFORMAT 'org.apache.hadoop.hive.ql.io.avro.AvroContainerOutputFormat'
        TBLPROPERTIES ('avro.schema.literal'='{"type": "record", "name": "TradeRecord", "fields": [{"name": "p", "type": "double"}, {"name": "exchange", "type": "string"}, {"name": "crypto_pair", "type": "string"}, {"name": "t", "type": "long"}, {"name": "v", "type": "double"}]}')
    
[2023-12-22T22:01:44.546+0000] {hive.py:475} INFO - USE `finnhub_db`
[2023-12-22T22:01:44.623+0000] {hive.py:475} INFO - 
        CREATE TABLE IF NOT EXISTS temp_avro_data
        ROW FORMAT SERDE 'org.apache.hadoop.hive.serde2.avro.AvroSerDe'
        STORED AS INPUTFORMAT 'org.apache.hadoop.hive.ql.io.avro.AvroContainerInputFormat'
        OUTPUTFORMAT 'org.apache.hadoop.hive.ql.io.avro.AvroContainerOutputFormat'
        TBLPROPERTIES ('avro.schema.literal'='{"type": "record", "name": "TradeRecord", "fields": [{"name": "p", "type": "double"}, {"name": "exchange", "type": "string"}, {"name": "crypto_pair", "type": "string"}, {"name": "t", "type": "long"}, {"name": "v", "type": "double"}]}')
    
[2023-12-22T22:02:23.539+0000] {logging_mixin.py:188} INFO - [[{'c': None, 'p': 2314.02, 's': 'BINANCE:ETHUSDT', 't': 1703282225034, 'v': 0.4545}, {'c': None, 'p': 43706.25, 's': 'BINANCE:BTCUSDT', 't': 1703282225093, 'v': 0.001}], [{'c': None, 'p': 2314.02, 's': 'BINANCE:ETHUSDT', 't': 1703282225229, 'v': 0.457}, {'c': None, 'p': 2314.02, 's': 'BINANCE:ETHUSDT', 't': 1703282225439, 'v': 0.377}, {'c': None, 'p': 43706.24, 's': 'BINANCE:BTCUSDT', 't': 1703282225613, 'v': 0.00146}, {'c': None, 'p': 43706.24, 's': 'BINANCE:BTCUSDT', 't': 1703282225633, 'v': 0.00024}, {'c': None, 'p': 2314.02, 's': 'BINANCE:ETHUSDT', 't': 1703282225633, 'v': 0.536}, {'c': None, 'p': 43706.25, 's': 'BINANCE:BTCUSDT', 't': 1703282225665, 'v': 0.00024}, {'c': None, 'p': 2314.02, 's': 'BINANCE:ETHUSDT', 't': 1703282225820, 'v': 0.312}, {'c': None, 'p': 43706.25, 's': 'BINANCE:BTCUSDT', 't': 1703282225955, 'v': 0.00022}, {'c': None, 'p': 2314.02, 's': 'BINANCE:ETHUSDT', 't': 1703282225993, 'v': 0.0648}, {'c': None, 'p': 2314.02, 's': 'BINANCE:ETHUSDT', 't': 1703282226019, 'v': 0.423}], [{'c': None, 'p': 43706.24, 's': 'BINANCE:BTCUSDT', 't': 1703282226134, 'v': 0.0017}], [{'c': None, 'p': 2314.02, 's': 'BINANCE:ETHUSDT', 't': 1703282226235, 'v': 0.41}, {'c': None, 'p': 2314.02, 's': 'BINANCE:ETHUSDT', 't': 1703282226256, 'v': 0.0222}, {'c': None, 'p': 2314.02, 's': 'BINANCE:ETHUSDT', 't': 1703282226426, 'v': 0.347}, {'c': None, 'p': 2314.02, 's': 'BINANCE:ETHUSDT', 't': 1703282226638, 'v': 0.331}, {'c': None, 'p': 2314.01, 's': 'BINANCE:ETHUSDT', 't': 1703282226714, 'v': 0.5387}, {'c': None, 'p': 43706.25, 's': 'BINANCE:BTCUSDT', 't': 1703282226722, 'v': 0.05018}, {'c': None, 'p': 43706.25, 's': 'BINANCE:BTCUSDT', 't': 1703282226802, 'v': 0.13916}, {'c': None, 'p': 2314.02, 's': 'BINANCE:ETHUSDT', 't': 1703282226845, 'v': 0.338}, {'c': None, 'p': 43706.25, 's': 'BINANCE:BTCUSDT', 't': 1703282226951, 'v': 0.0025}, {'c': None, 'p': 43706.25, 's': 'BINANCE:BTCUSDT', 't': 1703282226996, 'v': 0.00131}], [{'c': None, 'p': 2314.02, 's': 'BINANCE:ETHUSDT', 't': 1703282227034, 'v': 0.48}], [{'c': None, 'p': 43706.24, 's': 'BINANCE:BTCUSDT', 't': 1703282227219, 'v': 0.00012}, {'c': None, 'p': 2314.02, 's': 'BINANCE:ETHUSDT', 't': 1703282227248, 'v': 0.305}, {'c': None, 'p': 2314.02, 's': 'BINANCE:ETHUSDT', 't': 1703282227432, 'v': 0.536}, {'c': None, 'p': 2314.01, 's': 'BINANCE:ETHUSDT', 't': 1703282227540, 'v': 0.0223}, {'c': None, 'p': 2314.02, 's': 'BINANCE:ETHUSDT', 't': 1703282227617, 'v': 0.0294}, {'c': None, 'p': 2314.02, 's': 'BINANCE:ETHUSDT', 't': 1703282227640, 'v': 0.37}, {'c': None, 'p': 2314.02, 's': 'BINANCE:ETHUSDT', 't': 1703282227835, 'v': 0.428}, {'c': None, 'p': 2314.02, 's': 'BINANCE:ETHUSDT', 't': 1703282227860, 'v': 0.3506}, {'c': None, 'p': 2314.02, 's': 'BINANCE:ETHUSDT', 't': 1703282228034, 'v': 0.468}], [{'c': None, 'p': 2314.02, 's': 'BINANCE:ETHUSDT', 't': 1703282228235, 'v': 0.0121}, {'c': None, 'p': 2314.02, 's': 'BINANCE:ETHUSDT', 't': 1703282228235, 'v': 0.4299}, {'c': None, 'p': 43706.25, 's': 'BINANCE:BTCUSDT', 't': 1703282228291, 'v': 0.40505}, {'c': None, 'p': 43706.24, 's': 'BINANCE:BTCUSDT', 't': 1703282228354, 'v': 0.00203}, {'c': None, 'p': 2314.02, 's': 'BINANCE:ETHUSDT', 't': 1703282228438, 'v': 0.369}, {'c': None, 'p': 43706.24, 's': 'BINANCE:BTCUSDT', 't': 1703282228504, 'v': 0.00031}, {'c': None, 'p': 43706.24, 's': 'BINANCE:BTCUSDT', 't': 1703282228630, 'v': 0.00091}, {'c': None, 'p': 2314.02, 's': 'BINANCE:ETHUSDT', 't': 1703282228635, 'v': 0.442}, {'c': None, 'p': 2314.02, 's': 'BINANCE:ETHUSDT', 't': 1703282228862, 'v': 0.2831}, {'c': None, 'p': 2314.02, 's': 'BINANCE:ETHUSDT', 't': 1703282228862, 'v': 0.0329}], [{'c': ['1', '24', '12'], 'p': 193.57, 's': 'AAPL', 't': 1703282229099, 'v': 4}, {'c': ['1', '24', '12'], 'p': 193.57, 's': 'AAPL', 't': 1703282229099, 'v': 2}, {'c': ['1', '8', '24', '12'], 'p': 193.57, 's': 'AAPL', 't': 1703282229099, 'v': 1}, {'c': ['1', '24', '12'], 'p': 193.56, 's': 'AAPL', 't': 1703282229100, 'v': 96}, {'c': ['1', '24', '12'], 'p': 193.56, 's': 'AAPL', 't': 1703282229100, 'v': 50}, {'c': ['1', '24'], 'p': 193.56, 's': 'AAPL', 't': 1703282229100, 'v': 100}, {'c': ['1', '24'], 'p': 193.56, 's': 'AAPL', 't': 1703282229100, 'v': 100}, {'c': ['1', '24', '12'], 'p': 193.56, 's': 'AAPL', 't': 1703282229100, 'v': 1}, {'c': ['1', '24', '12'], 'p': 193.56, 's': 'AAPL', 't': 1703282229100, 'v': 1}, {'c': ['1', '24'], 'p': 193.56, 's': 'AAPL', 't': 1703282229100, 'v': 100}], [{'c': ['1', '24', '12'], 'p': 193.56, 's': 'AAPL', 't': 1703282229101, 'v': 2}, {'c': ['1', '24', '12'], 'p': 193.56, 's': 'AAPL', 't': 1703282229101, 'v': 4}, {'c': ['1', '24', '12'], 'p': 193.56, 's': 'AAPL', 't': 1703282229101, 'v': 3}, {'c': ['1', '8', '24', '12'], 'p': 193.56, 's': 'AAPL', 't': 1703282229101, 'v': 9}, {'c': ['1', '24', '12'], 'p': 193.56, 's': 'AAPL', 't': 1703282229102, 'v': 37}, {'c': None, 'p': 2314.02, 's': 'BINANCE:ETHUSDT', 't': 1703282229043, 'v': 0.0068}, {'c': None, 'p': 2314.02, 's': 'BINANCE:ETHUSDT', 't': 1703282229043, 'v': 0.4832}, {'c': None, 'p': 43706.25, 's': 'BINANCE:BTCUSDT', 't': 1703282229116, 'v': 0.00035}], [{'c': None, 'p': 2314.02, 's': 'BINANCE:ETHUSDT', 't': 1703282229225, 'v': 0.1328}, {'c': None, 'p': 2314.02, 's': 'BINANCE:ETHUSDT', 't': 1703282229225, 'v': 0.1782}, {'c': None, 'p': 2314.02, 's': 'BINANCE:ETHUSDT', 't': 1703282229438, 'v': 0.448}, {'c': None, 'p': 2314.02, 's': 'BINANCE:ETHUSDT', 't': 1703282229519, 'v': 0.0074}, {'c': None, 'p': 2314.01, 's': 'BINANCE:ETHUSDT', 't': 1703282229569, 'v': 0.0058}, {'c': None, 'p': 2314.02, 's': 'BINANCE:ETHUSDT', 't': 1703282229640, 'v': 0.541}, {'c': None, 'p': 2314.02, 's': 'BINANCE:ETHUSDT', 't': 1703282229838, 'v': 0.458}, {'c': None, 'p': 43706.25, 's': 'BINANCE:BTCUSDT', 't': 1703282229969, 'v': 0.00051}, {'c': None, 'p': 2314.02, 's': 'BINANCE:ETHUSDT', 't': 1703282230043, 'v': 0.446}, {'c': None, 'p': 2314.01, 's': 'BINANCE:ETHUSDT', 't': 1703282230150, 'v': 0.0386}]]
[2023-12-22T22:02:23.541+0000] {hive.py:475} INFO - 
                            INSERT INTO temp_avro_data
                            VALUES (

                                2314.02,
                                'BINANCE',  -- New 'exchange' attribute
                                'ETHUSDT',  -- New 'crypto_pair' attribute
                                1703282225034,
                                0.4545
                            )
                        
[2023-12-22T22:02:26.354+0000] {hive.py:475} INFO - 
                            INSERT INTO temp_avro_data
                            VALUES (

                                43706.25,
                                'BINANCE',  -- New 'exchange' attribute
                                'BTCUSDT',  -- New 'crypto_pair' attribute
                                1703282225093,
                                0.001
                            )
                        
[2023-12-22T22:02:29.024+0000] {hive.py:475} INFO - 
                            INSERT INTO temp_avro_data
                            VALUES (

                                2314.02,
                                'BINANCE',  -- New 'exchange' attribute
                                'ETHUSDT',  -- New 'crypto_pair' attribute
                                1703282225229,
                                0.457
                            )
                        
[2023-12-22T22:02:32.024+0000] {hive.py:475} INFO - 
                            INSERT INTO temp_avro_data
                            VALUES (

                                2314.02,
                                'BINANCE',  -- New 'exchange' attribute
                                'ETHUSDT',  -- New 'crypto_pair' attribute
                                1703282225439,
                                0.377
                            )
                        
[2023-12-22T22:02:35.054+0000] {hive.py:475} INFO - 
                            INSERT INTO temp_avro_data
                            VALUES (

                                43706.24,
                                'BINANCE',  -- New 'exchange' attribute
                                'BTCUSDT',  -- New 'crypto_pair' attribute
                                1703282225613,
                                0.00146
                            )
                        
[2023-12-22T22:02:37.730+0000] {hive.py:475} INFO - 
                            INSERT INTO temp_avro_data
                            VALUES (

                                43706.24,
                                'BINANCE',  -- New 'exchange' attribute
                                'BTCUSDT',  -- New 'crypto_pair' attribute
                                1703282225633,
                                0.00024
                            )
                        
[2023-12-22T22:02:40.393+0000] {hive.py:475} INFO - 
                            INSERT INTO temp_avro_data
                            VALUES (

                                2314.02,
                                'BINANCE',  -- New 'exchange' attribute
                                'ETHUSDT',  -- New 'crypto_pair' attribute
                                1703282225633,
                                0.536
                            )
                        
[2023-12-22T22:02:43.424+0000] {hive.py:475} INFO - 
                            INSERT INTO temp_avro_data
                            VALUES (

                                43706.25,
                                'BINANCE',  -- New 'exchange' attribute
                                'BTCUSDT',  -- New 'crypto_pair' attribute
                                1703282225665,
                                0.00024
                            )
                        
[2023-12-22T22:02:45.966+0000] {hive.py:475} INFO - 
                            INSERT INTO temp_avro_data
                            VALUES (

                                2314.02,
                                'BINANCE',  -- New 'exchange' attribute
                                'ETHUSDT',  -- New 'crypto_pair' attribute
                                1703282225820,
                                0.312
                            )
                        
[2023-12-22T22:02:48.618+0000] {hive.py:475} INFO - 
                            INSERT INTO temp_avro_data
                            VALUES (

                                43706.25,
                                'BINANCE',  -- New 'exchange' attribute
                                'BTCUSDT',  -- New 'crypto_pair' attribute
                                1703282225955,
                                0.00022
                            )
                        
[2023-12-22T22:02:51.741+0000] {hive.py:475} INFO - 
                            INSERT INTO temp_avro_data
                            VALUES (

                                2314.02,
                                'BINANCE',  -- New 'exchange' attribute
                                'ETHUSDT',  -- New 'crypto_pair' attribute
                                1703282225993,
                                0.0648
                            )
                        
[2023-12-22T22:02:54.430+0000] {hive.py:475} INFO - 
                            INSERT INTO temp_avro_data
                            VALUES (

                                2314.02,
                                'BINANCE',  -- New 'exchange' attribute
                                'ETHUSDT',  -- New 'crypto_pair' attribute
                                1703282226019,
                                0.423
                            )
                        
[2023-12-22T22:02:57.075+0000] {hive.py:475} INFO - 
                            INSERT INTO temp_avro_data
                            VALUES (

                                43706.24,
                                'BINANCE',  -- New 'exchange' attribute
                                'BTCUSDT',  -- New 'crypto_pair' attribute
                                1703282226134,
                                0.0017
                            )
                        
[2023-12-22T22:02:59.710+0000] {hive.py:475} INFO - 
                            INSERT INTO temp_avro_data
                            VALUES (

                                2314.02,
                                'BINANCE',  -- New 'exchange' attribute
                                'ETHUSDT',  -- New 'crypto_pair' attribute
                                1703282226235,
                                0.41
                            )
                        
[2023-12-22T22:03:02.416+0000] {hive.py:475} INFO - 
                            INSERT INTO temp_avro_data
                            VALUES (

                                2314.02,
                                'BINANCE',  -- New 'exchange' attribute
                                'ETHUSDT',  -- New 'crypto_pair' attribute
                                1703282226256,
                                0.0222
                            )
                        
[2023-12-22T22:03:04.987+0000] {hive.py:475} INFO - 
                            INSERT INTO temp_avro_data
                            VALUES (

                                2314.02,
                                'BINANCE',  -- New 'exchange' attribute
                                'ETHUSDT',  -- New 'crypto_pair' attribute
                                1703282226426,
                                0.347
                            )
                        
[2023-12-22T22:03:07.546+0000] {hive.py:475} INFO - 
                            INSERT INTO temp_avro_data
                            VALUES (

                                2314.02,
                                'BINANCE',  -- New 'exchange' attribute
                                'ETHUSDT',  -- New 'crypto_pair' attribute
                                1703282226638,
                                0.331
                            )
                        
[2023-12-22T22:03:10.077+0000] {hive.py:475} INFO - 
                            INSERT INTO temp_avro_data
                            VALUES (

                                2314.01,
                                'BINANCE',  -- New 'exchange' attribute
                                'ETHUSDT',  -- New 'crypto_pair' attribute
                                1703282226714,
                                0.5387
                            )
                        
[2023-12-22T22:03:12.678+0000] {hive.py:475} INFO - 
                            INSERT INTO temp_avro_data
                            VALUES (

                                43706.25,
                                'BINANCE',  -- New 'exchange' attribute
                                'BTCUSDT',  -- New 'crypto_pair' attribute
                                1703282226722,
                                0.05018
                            )
                        
[2023-12-22T22:03:15.237+0000] {hive.py:475} INFO - 
                            INSERT INTO temp_avro_data
                            VALUES (

                                43706.25,
                                'BINANCE',  -- New 'exchange' attribute
                                'BTCUSDT',  -- New 'crypto_pair' attribute
                                1703282226802,
                                0.13916
                            )
                        
[2023-12-22T22:03:17.841+0000] {hive.py:475} INFO - 
                            INSERT INTO temp_avro_data
                            VALUES (

                                2314.02,
                                'BINANCE',  -- New 'exchange' attribute
                                'ETHUSDT',  -- New 'crypto_pair' attribute
                                1703282226845,
                                0.338
                            )
                        
[2023-12-22T22:03:20.482+0000] {hive.py:475} INFO - 
                            INSERT INTO temp_avro_data
                            VALUES (

                                43706.25,
                                'BINANCE',  -- New 'exchange' attribute
                                'BTCUSDT',  -- New 'crypto_pair' attribute
                                1703282226951,
                                0.0025
                            )
                        
[2023-12-22T22:03:23.534+0000] {hive.py:475} INFO - 
                            INSERT INTO temp_avro_data
                            VALUES (

                                43706.25,
                                'BINANCE',  -- New 'exchange' attribute
                                'BTCUSDT',  -- New 'crypto_pair' attribute
                                1703282226996,
                                0.00131
                            )
                        
[2023-12-22T22:03:26.164+0000] {hive.py:475} INFO - 
                            INSERT INTO temp_avro_data
                            VALUES (

                                2314.02,
                                'BINANCE',  -- New 'exchange' attribute
                                'ETHUSDT',  -- New 'crypto_pair' attribute
                                1703282227034,
                                0.48
                            )
                        
[2023-12-22T22:03:29.214+0000] {hive.py:475} INFO - 
                            INSERT INTO temp_avro_data
                            VALUES (

                                43706.24,
                                'BINANCE',  -- New 'exchange' attribute
                                'BTCUSDT',  -- New 'crypto_pair' attribute
                                1703282227219,
                                0.00012
                            )
                        
[2023-12-22T22:03:32.228+0000] {hive.py:475} INFO - 
                            INSERT INTO temp_avro_data
                            VALUES (

                                2314.02,
                                'BINANCE',  -- New 'exchange' attribute
                                'ETHUSDT',  -- New 'crypto_pair' attribute
                                1703282227248,
                                0.305
                            )
                        
[2023-12-22T22:03:34.781+0000] {hive.py:475} INFO - 
                            INSERT INTO temp_avro_data
                            VALUES (

                                2314.02,
                                'BINANCE',  -- New 'exchange' attribute
                                'ETHUSDT',  -- New 'crypto_pair' attribute
                                1703282227432,
                                0.536
                            )
                        
[2023-12-22T22:03:37.884+0000] {hive.py:475} INFO - 
                            INSERT INTO temp_avro_data
                            VALUES (

                                2314.01,
                                'BINANCE',  -- New 'exchange' attribute
                                'ETHUSDT',  -- New 'crypto_pair' attribute
                                1703282227540,
                                0.0223
                            )
                        
[2023-12-22T22:03:40.856+0000] {hive.py:475} INFO - 
                            INSERT INTO temp_avro_data
                            VALUES (

                                2314.02,
                                'BINANCE',  -- New 'exchange' attribute
                                'ETHUSDT',  -- New 'crypto_pair' attribute
                                1703282227617,
                                0.0294
                            )
                        
[2023-12-22T22:03:45.379+0000] {hive.py:475} INFO - 
                            INSERT INTO temp_avro_data
                            VALUES (

                                2314.02,
                                'BINANCE',  -- New 'exchange' attribute
                                'ETHUSDT',  -- New 'crypto_pair' attribute
                                1703282227640,
                                0.37
                            )
                        
[2023-12-22T22:03:49.081+0000] {hive.py:475} INFO - 
                            INSERT INTO temp_avro_data
                            VALUES (

                                2314.02,
                                'BINANCE',  -- New 'exchange' attribute
                                'ETHUSDT',  -- New 'crypto_pair' attribute
                                1703282227835,
                                0.428
                            )
                        
[2023-12-22T22:03:51.614+0000] {hive.py:475} INFO - 
                            INSERT INTO temp_avro_data
                            VALUES (

                                2314.02,
                                'BINANCE',  -- New 'exchange' attribute
                                'ETHUSDT',  -- New 'crypto_pair' attribute
                                1703282227860,
                                0.3506
                            )
                        
[2023-12-22T22:03:54.252+0000] {hive.py:475} INFO - 
                            INSERT INTO temp_avro_data
                            VALUES (

                                2314.02,
                                'BINANCE',  -- New 'exchange' attribute
                                'ETHUSDT',  -- New 'crypto_pair' attribute
                                1703282228034,
                                0.468
                            )
                        
[2023-12-22T22:03:58.190+0000] {hive.py:475} INFO - 
                            INSERT INTO temp_avro_data
                            VALUES (

                                2314.02,
                                'BINANCE',  -- New 'exchange' attribute
                                'ETHUSDT',  -- New 'crypto_pair' attribute
                                1703282228235,
                                0.0121
                            )
                        
[2023-12-22T22:04:00.819+0000] {hive.py:475} INFO - 
                            INSERT INTO temp_avro_data
                            VALUES (

                                2314.02,
                                'BINANCE',  -- New 'exchange' attribute
                                'ETHUSDT',  -- New 'crypto_pair' attribute
                                1703282228235,
                                0.4299
                            )
                        
[2023-12-22T22:04:04.821+0000] {hive.py:475} INFO - 
                            INSERT INTO temp_avro_data
                            VALUES (

                                43706.25,
                                'BINANCE',  -- New 'exchange' attribute
                                'BTCUSDT',  -- New 'crypto_pair' attribute
                                1703282228291,
                                0.40505
                            )
                        
[2023-12-22T22:04:07.744+0000] {hive.py:475} INFO - 
                            INSERT INTO temp_avro_data
                            VALUES (

                                43706.24,
                                'BINANCE',  -- New 'exchange' attribute
                                'BTCUSDT',  -- New 'crypto_pair' attribute
                                1703282228354,
                                0.00203
                            )
                        
[2023-12-22T22:04:10.660+0000] {hive.py:475} INFO - 
                            INSERT INTO temp_avro_data
                            VALUES (

                                2314.02,
                                'BINANCE',  -- New 'exchange' attribute
                                'ETHUSDT',  -- New 'crypto_pair' attribute
                                1703282228438,
                                0.369
                            )
                        
[2023-12-22T22:04:13.694+0000] {hive.py:475} INFO - 
                            INSERT INTO temp_avro_data
                            VALUES (

                                43706.24,
                                'BINANCE',  -- New 'exchange' attribute
                                'BTCUSDT',  -- New 'crypto_pair' attribute
                                1703282228504,
                                0.00031
                            )
                        
[2023-12-22T22:04:16.240+0000] {hive.py:475} INFO - 
                            INSERT INTO temp_avro_data
                            VALUES (

                                43706.24,
                                'BINANCE',  -- New 'exchange' attribute
                                'BTCUSDT',  -- New 'crypto_pair' attribute
                                1703282228630,
                                0.00091
                            )
                        
[2023-12-22T22:04:18.883+0000] {hive.py:475} INFO - 
                            INSERT INTO temp_avro_data
                            VALUES (

                                2314.02,
                                'BINANCE',  -- New 'exchange' attribute
                                'ETHUSDT',  -- New 'crypto_pair' attribute
                                1703282228635,
                                0.442
                            )
                        
[2023-12-22T22:04:21.394+0000] {hive.py:475} INFO - 
                            INSERT INTO temp_avro_data
                            VALUES (

                                2314.02,
                                'BINANCE',  -- New 'exchange' attribute
                                'ETHUSDT',  -- New 'crypto_pair' attribute
                                1703282228862,
                                0.2831
                            )
                        
[2023-12-22T22:04:23.964+0000] {hive.py:475} INFO - 
                            INSERT INTO temp_avro_data
                            VALUES (

                                2314.02,
                                'BINANCE',  -- New 'exchange' attribute
                                'ETHUSDT',  -- New 'crypto_pair' attribute
                                1703282228862,
                                0.0329
                            )
                        
[2023-12-22T22:04:26.968+0000] {hive.py:475} INFO - 
                            INSERT INTO temp_avro_data
                            VALUES (

                                193.57,
                                'AAPL',  -- New 'exchange' attribute
                                'None',  -- New 'crypto_pair' attribute
                                1703282229099,
                                4
                            )
                        
[2023-12-22T22:04:29.907+0000] {hive.py:475} INFO - 
                            INSERT INTO temp_avro_data
                            VALUES (

                                193.57,
                                'AAPL',  -- New 'exchange' attribute
                                'None',  -- New 'crypto_pair' attribute
                                1703282229099,
                                2
                            )
                        
[2023-12-22T22:04:32.436+0000] {hive.py:475} INFO - 
                            INSERT INTO temp_avro_data
                            VALUES (

                                193.57,
                                'AAPL',  -- New 'exchange' attribute
                                'None',  -- New 'crypto_pair' attribute
                                1703282229099,
                                1
                            )
                        
[2023-12-22T22:04:35.339+0000] {hive.py:475} INFO - 
                            INSERT INTO temp_avro_data
                            VALUES (

                                193.56,
                                'AAPL',  -- New 'exchange' attribute
                                'None',  -- New 'crypto_pair' attribute
                                1703282229100,
                                96
                            )
                        
[2023-12-22T22:04:38.255+0000] {hive.py:475} INFO - 
                            INSERT INTO temp_avro_data
                            VALUES (

                                193.56,
                                'AAPL',  -- New 'exchange' attribute
                                'None',  -- New 'crypto_pair' attribute
                                1703282229100,
                                50
                            )
                        
[2023-12-22T22:04:40.717+0000] {hive.py:475} INFO - 
                            INSERT INTO temp_avro_data
                            VALUES (

                                193.56,
                                'AAPL',  -- New 'exchange' attribute
                                'None',  -- New 'crypto_pair' attribute
                                1703282229100,
                                100
                            )
                        
[2023-12-22T22:04:43.171+0000] {hive.py:475} INFO - 
                            INSERT INTO temp_avro_data
                            VALUES (

                                193.56,
                                'AAPL',  -- New 'exchange' attribute
                                'None',  -- New 'crypto_pair' attribute
                                1703282229100,
                                100
                            )
                        
[2023-12-22T22:04:46.079+0000] {hive.py:475} INFO - 
                            INSERT INTO temp_avro_data
                            VALUES (

                                193.56,
                                'AAPL',  -- New 'exchange' attribute
                                'None',  -- New 'crypto_pair' attribute
                                1703282229100,
                                1
                            )
                        
[2023-12-22T22:04:48.989+0000] {hive.py:475} INFO - 
                            INSERT INTO temp_avro_data
                            VALUES (

                                193.56,
                                'AAPL',  -- New 'exchange' attribute
                                'None',  -- New 'crypto_pair' attribute
                                1703282229100,
                                1
                            )
                        
[2023-12-22T22:04:51.812+0000] {hive.py:475} INFO - 
                            INSERT INTO temp_avro_data
                            VALUES (

                                193.56,
                                'AAPL',  -- New 'exchange' attribute
                                'None',  -- New 'crypto_pair' attribute
                                1703282229100,
                                100
                            )
                        
[2023-12-22T22:04:54.727+0000] {hive.py:475} INFO - 
                            INSERT INTO temp_avro_data
                            VALUES (

                                193.56,
                                'AAPL',  -- New 'exchange' attribute
                                'None',  -- New 'crypto_pair' attribute
                                1703282229101,
                                2
                            )
                        
[2023-12-22T22:04:57.159+0000] {hive.py:475} INFO - 
                            INSERT INTO temp_avro_data
                            VALUES (

                                193.56,
                                'AAPL',  -- New 'exchange' attribute
                                'None',  -- New 'crypto_pair' attribute
                                1703282229101,
                                4
                            )
                        
[2023-12-22T22:04:59.977+0000] {hive.py:475} INFO - 
                            INSERT INTO temp_avro_data
                            VALUES (

                                193.56,
                                'AAPL',  -- New 'exchange' attribute
                                'None',  -- New 'crypto_pair' attribute
                                1703282229101,
                                3
                            )
                        
[2023-12-22T22:05:02.829+0000] {hive.py:475} INFO - 
                            INSERT INTO temp_avro_data
                            VALUES (

                                193.56,
                                'AAPL',  -- New 'exchange' attribute
                                'None',  -- New 'crypto_pair' attribute
                                1703282229101,
                                9
                            )
                        
[2023-12-22T22:05:05.722+0000] {hive.py:475} INFO - 
                            INSERT INTO temp_avro_data
                            VALUES (

                                193.56,
                                'AAPL',  -- New 'exchange' attribute
                                'None',  -- New 'crypto_pair' attribute
                                1703282229102,
                                37
                            )
                        
[2023-12-22T22:05:08.544+0000] {hive.py:475} INFO - 
                            INSERT INTO temp_avro_data
                            VALUES (

                                2314.02,
                                'BINANCE',  -- New 'exchange' attribute
                                'ETHUSDT',  -- New 'crypto_pair' attribute
                                1703282229043,
                                0.0068
                            )
                        
[2023-12-22T22:05:10.987+0000] {hive.py:475} INFO - 
                            INSERT INTO temp_avro_data
                            VALUES (

                                2314.02,
                                'BINANCE',  -- New 'exchange' attribute
                                'ETHUSDT',  -- New 'crypto_pair' attribute
                                1703282229043,
                                0.4832
                            )
                        
[2023-12-22T22:05:13.905+0000] {hive.py:475} INFO - 
                            INSERT INTO temp_avro_data
                            VALUES (

                                43706.25,
                                'BINANCE',  -- New 'exchange' attribute
                                'BTCUSDT',  -- New 'crypto_pair' attribute
                                1703282229116,
                                0.00035
                            )
                        
[2023-12-22T22:05:16.758+0000] {hive.py:475} INFO - 
                            INSERT INTO temp_avro_data
                            VALUES (

                                2314.02,
                                'BINANCE',  -- New 'exchange' attribute
                                'ETHUSDT',  -- New 'crypto_pair' attribute
                                1703282229225,
                                0.1328
                            )
                        
[2023-12-22T22:05:19.172+0000] {hive.py:475} INFO - 
                            INSERT INTO temp_avro_data
                            VALUES (

                                2314.02,
                                'BINANCE',  -- New 'exchange' attribute
                                'ETHUSDT',  -- New 'crypto_pair' attribute
                                1703282229225,
                                0.1782
                            )
                        
[2023-12-22T22:05:21.550+0000] {hive.py:475} INFO - 
                            INSERT INTO temp_avro_data
                            VALUES (

                                2314.02,
                                'BINANCE',  -- New 'exchange' attribute
                                'ETHUSDT',  -- New 'crypto_pair' attribute
                                1703282229438,
                                0.448
                            )
                        
[2023-12-22T22:05:24.365+0000] {hive.py:475} INFO - 
                            INSERT INTO temp_avro_data
                            VALUES (

                                2314.02,
                                'BINANCE',  -- New 'exchange' attribute
                                'ETHUSDT',  -- New 'crypto_pair' attribute
                                1703282229519,
                                0.0074
                            )
                        
[2023-12-22T22:05:27.198+0000] {hive.py:475} INFO - 
                            INSERT INTO temp_avro_data
                            VALUES (

                                2314.01,
                                'BINANCE',  -- New 'exchange' attribute
                                'ETHUSDT',  -- New 'crypto_pair' attribute
                                1703282229569,
                                0.0058
                            )
                        
[2023-12-22T22:05:29.619+0000] {hive.py:475} INFO - 
                            INSERT INTO temp_avro_data
                            VALUES (

                                2314.02,
                                'BINANCE',  -- New 'exchange' attribute
                                'ETHUSDT',  -- New 'crypto_pair' attribute
                                1703282229640,
                                0.541
                            )
                        
[2023-12-22T22:05:32.451+0000] {hive.py:475} INFO - 
                            INSERT INTO temp_avro_data
                            VALUES (

                                2314.02,
                                'BINANCE',  -- New 'exchange' attribute
                                'ETHUSDT',  -- New 'crypto_pair' attribute
                                1703282229838,
                                0.458
                            )
                        
[2023-12-22T22:05:35.246+0000] {hive.py:475} INFO - 
                            INSERT INTO temp_avro_data
                            VALUES (

                                43706.25,
                                'BINANCE',  -- New 'exchange' attribute
                                'BTCUSDT',  -- New 'crypto_pair' attribute
                                1703282229969,
                                0.00051
                            )
                        
[2023-12-22T22:05:38.088+0000] {hive.py:475} INFO - 
                            INSERT INTO temp_avro_data
                            VALUES (

                                2314.02,
                                'BINANCE',  -- New 'exchange' attribute
                                'ETHUSDT',  -- New 'crypto_pair' attribute
                                1703282230043,
                                0.446
                            )
                        
[2023-12-22T22:05:40.912+0000] {hive.py:475} INFO - 
                            INSERT INTO temp_avro_data
                            VALUES (

                                2314.01,
                                'BINANCE',  -- New 'exchange' attribute
                                'ETHUSDT',  -- New 'crypto_pair' attribute
                                1703282230150,
                                0.0386
                            )
                        
[2023-12-22T22:05:43.323+0000] {logging_mixin.py:188} INFO - 
Inserting batch into Hive...
[2023-12-22T22:05:43.329+0000] {hive.py:475} INFO - 
            INSERT INTO TABLE finnhub_table 
            SELECT *
            FROM temp_avro_data
        
[2023-12-22T22:08:26.376+0000] {logging_mixin.py:188} INFO - Batch successfully inserted into Hive.
[2023-12-22T22:08:26.377+0000] {logging_mixin.py:188} INFO - Error: KafkaError{code=_MAX_POLL_EXCEEDED,val=-147,str="Application maximum poll interval (300000ms) exceeded by 494ms"}
[2023-12-22T22:08:26.378+0000] {logging_mixin.py:188} INFO - finish
[2023-12-22T22:08:26.393+0000] {python.py:201} INFO - Done. Returned value was: None
[2023-12-22T22:08:26.401+0000] {taskinstance.py:1138} INFO - Marking task as SUCCESS. dag_id=batch_layer, task_id=consume_data, execution_date=20231222T220140, start_date=20231222T220144, end_date=20231222T220826
[2023-12-22T22:08:26.449+0000] {local_task_job_runner.py:234} INFO - Task exited with return code 0
[2023-12-22T22:08:26.460+0000] {taskinstance.py:3281} INFO - 0 downstream tasks scheduled from follow-on schedule check
