[2023-12-22T22:00:14.868+0000] {taskinstance.py:1957} INFO - Dependencies all met for dep_context=non-requeueable deps ti=<TaskInstance: batch_layer.consume_data manual__2023-12-22T22:00:10.646965+00:00 [queued]>
[2023-12-22T22:00:14.875+0000] {taskinstance.py:1957} INFO - Dependencies all met for dep_context=requeueable deps ti=<TaskInstance: batch_layer.consume_data manual__2023-12-22T22:00:10.646965+00:00 [queued]>
[2023-12-22T22:00:14.876+0000] {taskinstance.py:2171} INFO - Starting attempt 1 of 2
[2023-12-22T22:00:14.894+0000] {taskinstance.py:2192} INFO - Executing <Task(PythonOperator): consume_data> on 2023-12-22 22:00:10.646965+00:00
[2023-12-22T22:00:14.899+0000] {standard_task_runner.py:60} INFO - Started process 239 to run task
[2023-12-22T22:00:14.903+0000] {standard_task_runner.py:87} INFO - Running: ['airflow', 'tasks', 'run', 'batch_layer', 'consume_data', 'manual__2023-12-22T22:00:10.646965+00:00', '--job-id', '7', '--raw', '--subdir', 'DAGS_FOLDER/BatchLayerDag.py', '--cfg-path', '/tmp/tmpmw_p0ay1']
[2023-12-22T22:00:14.906+0000] {standard_task_runner.py:88} INFO - Job 7: Subtask consume_data
[2023-12-22T22:00:14.946+0000] {task_command.py:423} INFO - Running <TaskInstance: batch_layer.consume_data manual__2023-12-22T22:00:10.646965+00:00 [running]> on host f9bc372cbc19
[2023-12-22T22:00:15.009+0000] {taskinstance.py:2481} INFO - Exporting env vars: AIRFLOW_CTX_DAG_EMAIL='airflow@example.com' AIRFLOW_CTX_DAG_OWNER='airflow' AIRFLOW_CTX_DAG_ID='batch_layer' AIRFLOW_CTX_TASK_ID='consume_data' AIRFLOW_CTX_EXECUTION_DATE='2023-12-22T22:00:10.646965+00:00' AIRFLOW_CTX_TRY_NUMBER='1' AIRFLOW_CTX_DAG_RUN_ID='manual__2023-12-22T22:00:10.646965+00:00'
[2023-12-22T22:00:15.200+0000] {hive.py:475} INFO - USE `finnhub_db`
[2023-12-22T22:00:16.266+0000] {hive.py:475} INFO - 
        CREATE TABLE IF NOT EXISTS finnhub_table
        ROW FORMAT SERDE 'org.apache.hadoop.hive.serde2.avro.AvroSerDe'
        STORED AS INPUTFORMAT 'org.apache.hadoop.hive.ql.io.avro.AvroContainerInputFormat'
        OUTPUTFORMAT 'org.apache.hadoop.hive.ql.io.avro.AvroContainerOutputFormat'
        TBLPROPERTIES ('avro.schema.literal'='{"type": "record", "name": "TradeRecord", "fields": [{"name": "p", "type": "double"}, {"name": "exchange", "type": "string"}, {"name": "crypto_pair", "type": "string"}, {"name": "t", "type": "long"}, {"name": "v", "type": "double"}]}')
    
[2023-12-22T22:00:16.548+0000] {hive.py:475} INFO - USE `finnhub_db`
[2023-12-22T22:00:16.658+0000] {hive.py:475} INFO - 
        CREATE TABLE IF NOT EXISTS temp_avro_data
        ROW FORMAT SERDE 'org.apache.hadoop.hive.serde2.avro.AvroSerDe'
        STORED AS INPUTFORMAT 'org.apache.hadoop.hive.ql.io.avro.AvroContainerInputFormat'
        OUTPUTFORMAT 'org.apache.hadoop.hive.ql.io.avro.AvroContainerOutputFormat'
        TBLPROPERTIES ('avro.schema.literal'='{"type": "record", "name": "TradeRecord", "fields": [{"name": "p", "type": "double"}, {"name": "exchange", "type": "string"}, {"name": "crypto_pair", "type": "string"}, {"name": "t", "type": "long"}, {"name": "v", "type": "double"}]}')
    
[2023-12-22T22:00:17.705+0000] {logging_mixin.py:188} INFO - [[{'c': None, 'p': 2313.78, 's': 'BINANCE:ETHUSDT', 't': 1703282214180, 'v': 0.475}, {'c': None, 'p': 2313.78, 's': 'BINANCE:ETHUSDT', 't': 1703282214375, 'v': 0.453}, {'c': None, 'p': 2313.78, 's': 'BINANCE:ETHUSDT', 't': 1703282214503, 'v': 0.0043}, {'c': None, 'p': 2313.77, 's': 'BINANCE:ETHUSDT', 't': 1703282214519, 'v': 0.0815}, {'c': None, 'p': 2313.78, 's': 'BINANCE:ETHUSDT', 't': 1703282214581, 'v': 0.517}, {'c': None, 'p': 43704.1, 's': 'BINANCE:BTCUSDT', 't': 1703282214673, 'v': 0.00232}, {'c': None, 'p': 43704.1, 's': 'BINANCE:BTCUSDT', 't': 1703282214742, 'v': 0.00023}, {'c': None, 'p': 2313.78, 's': 'BINANCE:ETHUSDT', 't': 1703282214790, 'v': 0.484}, {'c': None, 'p': 2313.78, 's': 'BINANCE:ETHUSDT', 't': 1703282214988, 'v': 0.401}], [{'c': None, 'p': 2313.78, 's': 'BINANCE:ETHUSDT', 't': 1703282215169, 'v': 0.462}, {'c': None, 'p': 43704.1, 's': 'BINANCE:BTCUSDT', 't': 1703282215242, 'v': 0.00023}, {'c': None, 'p': 2313.78, 's': 'BINANCE:ETHUSDT', 't': 1703282215382, 'v': 0.444}, {'c': None, 'p': 2313.78, 's': 'BINANCE:ETHUSDT', 't': 1703282215583, 'v': 0.527}, {'c': None, 'p': 43704.1, 's': 'BINANCE:BTCUSDT', 't': 1703282215587, 'v': 0.00558}, {'c': None, 'p': 43704.1, 's': 'BINANCE:BTCUSDT', 't': 1703282215613, 'v': 0.01706}, {'c': None, 'p': 43704.1, 's': 'BINANCE:BTCUSDT', 't': 1703282215640, 'v': 0.00232}, {'c': None, 'p': 43704.11, 's': 'BINANCE:BTCUSDT', 't': 1703282215652, 'v': 0.00076}, {'c': None, 'p': 2313.78, 's': 'BINANCE:ETHUSDT', 't': 1703282215784, 'v': 0.368}, {'c': None, 'p': 2313.78, 's': 'BINANCE:ETHUSDT', 't': 1703282215980, 'v': 0.341}], [{'c': ['1', '24', '12'], 'p': 374.87, 's': 'MSFT', 't': 1703282216287, 'v': 20}, {'c': None, 'p': 2313.78, 's': 'BINANCE:ETHUSDT', 't': 1703282216184, 'v': 0.488}, {'c': None, 'p': 2313.78, 's': 'BINANCE:ETHUSDT', 't': 1703282216386, 'v': 0.417}, {'c': None, 'p': 2313.78, 's': 'BINANCE:ETHUSDT', 't': 1703282216583, 'v': 0.56}, {'c': None, 'p': 2313.78, 's': 'BINANCE:ETHUSDT', 't': 1703282216785, 'v': 0.511}, {'c': None, 'p': 43704.1, 's': 'BINANCE:BTCUSDT', 't': 1703282216862, 'v': 0.00084}, {'c': None, 'p': 2313.78, 's': 'BINANCE:ETHUSDT', 't': 1703282216975, 'v': 0.458}], [{'c': None, 'p': 2313.78, 's': 'BINANCE:ETHUSDT', 't': 1703282217186, 'v': 0.3436}, {'c': None, 'p': 2313.78, 's': 'BINANCE:ETHUSDT', 't': 1703282217186, 'v': 0.1224}, {'c': None, 'p': 43704.1, 's': 'BINANCE:BTCUSDT', 't': 1703282217204, 'v': 0.00361}, {'c': None, 'p': 2313.78, 's': 'BINANCE:ETHUSDT', 't': 1703282217381, 'v': 0.435}, {'c': None, 'p': 43704.11, 's': 'BINANCE:BTCUSDT', 't': 1703282217381, 'v': 0.00113}, {'c': None, 'p': 43704.11, 's': 'BINANCE:BTCUSDT', 't': 1703282217383, 'v': 0.00077}, {'c': None, 'p': 43704.1, 's': 'BINANCE:BTCUSDT', 't': 1703282217561, 'v': 0.04236}, {'c': None, 'p': 2313.78, 's': 'BINANCE:ETHUSDT', 't': 1703282217600, 'v': 0.323}, {'c': None, 'p': 2313.77, 's': 'BINANCE:ETHUSDT', 't': 1703282217712, 'v': 0.0129}, {'c': None, 'p': 2313.77, 's': 'BINANCE:ETHUSDT', 't': 1703282217712, 'v': 0.0234}], [{'c': None, 'p': 2313.77, 's': 'BINANCE:ETHUSDT', 't': 1703282217712, 'v': 0.1527}, {'c': None, 'p': 2313.77, 's': 'BINANCE:ETHUSDT', 't': 1703282217712, 'v': 0.0234}, {'c': None, 'p': 2313.77, 's': 'BINANCE:ETHUSDT', 't': 1703282217712, 'v': 0.0168}, {'c': None, 'p': 2313.77, 's': 'BINANCE:ETHUSDT', 't': 1703282217712, 'v': 0.0258}, {'c': None, 'p': 2313.78, 's': 'BINANCE:ETHUSDT', 't': 1703282217789, 'v': 0.312}, {'c': ['1', '24', '12'], 'p': 153.24, 's': 'AMZN', 't': 1703282217953, 'v': 1}, {'c': ['1', '24', '12'], 'p': 153.24, 's': 'AMZN', 't': 1703282217953, 'v': 16}, {'c': None, 'p': 2313.78, 's': 'BINANCE:ETHUSDT', 't': 1703282217871, 'v': 0.9807}, {'c': None, 'p': 2313.78, 's': 'BINANCE:ETHUSDT', 't': 1703282217999, 'v': 0.33}], [{'c': None, 'p': 2313.78, 's': 'BINANCE:ETHUSDT', 't': 1703282218203, 'v': 0.357}, {'c': ['1', '24', '12'], 'p': 153.25, 's': 'AMZN', 't': 1703282218435, 'v': 30}, {'c': None, 'p': 2313.78, 's': 'BINANCE:ETHUSDT', 't': 1703282218386, 'v': 0.368}, {'c': None, 'p': 2313.78, 's': 'BINANCE:ETHUSDT', 't': 1703282218502, 'v': 0.0033}, {'c': None, 'p': 2313.78, 's': 'BINANCE:ETHUSDT', 't': 1703282218583, 'v': 0.395}, {'c': None, 'p': 2313.78, 's': 'BINANCE:ETHUSDT', 't': 1703282218791, 'v': 0.483}, {'c': None, 'p': 43704.1, 's': 'BINANCE:BTCUSDT', 't': 1703282218918, 'v': 0.00061}, {'c': None, 'p': 2313.78, 's': 'BINANCE:ETHUSDT', 't': 1703282218994, 'v': 0.49}, {'c': None, 'p': 43704.11, 's': 'BINANCE:BTCUSDT', 't': 1703282219005, 'v': 0.0006}], [{'c': None, 'p': 2313.78, 's': 'BINANCE:ETHUSDT', 't': 1703282219224, 'v': 0.322}, {'c': None, 'p': 2313.77, 's': 'BINANCE:ETHUSDT', 't': 1703282219238, 'v': 0.0526}, {'c': None, 'p': 2313.77, 's': 'BINANCE:ETHUSDT', 't': 1703282219238, 'v': 0.0129}, {'c': None, 'p': 2313.77, 's': 'BINANCE:ETHUSDT', 't': 1703282219238, 'v': 0.0105}, {'c': None, 'p': 2313.77, 's': 'BINANCE:ETHUSDT', 't': 1703282219238, 'v': 0.042}, {'c': None, 'p': 2313.78, 's': 'BINANCE:ETHUSDT', 't': 1703282219414, 'v': 0.442}, {'c': None, 'p': 43704.1, 's': 'BINANCE:BTCUSDT', 't': 1703282219497, 'v': 0.0037}, {'c': None, 'p': 2313.77, 's': 'BINANCE:ETHUSDT', 't': 1703282219580, 'v': 0.0105}, {'c': None, 'p': 2313.78, 's': 'BINANCE:ETHUSDT', 't': 1703282219625, 'v': 0.3177}, {'c': None, 'p': 2313.78, 's': 'BINANCE:ETHUSDT', 't': 1703282219625, 'v': 0.0036}], [{'c': None, 'p': 2313.78, 's': 'BINANCE:ETHUSDT', 't': 1703282219625, 'v': 0.0787}, {'c': None, 'p': 2313.78, 's': 'BINANCE:ETHUSDT', 't': 1703282219824, 'v': 0.325}, {'c': ['1', '24', '12'], 'p': 153.25, 's': 'AMZN', 't': 1703282220031, 'v': 1}, {'c': ['1', '24', '12'], 'p': 153.25, 's': 'AMZN', 't': 1703282220095, 'v': 10}, {'c': None, 'p': 43704.11, 's': 'BINANCE:BTCUSDT', 't': 1703282219976, 'v': 0.00133}, {'c': None, 'p': 43704.1, 's': 'BINANCE:BTCUSDT', 't': 1703282219980, 'v': 0.00094}, {'c': None, 'p': 43704.11, 's': 'BINANCE:BTCUSDT', 't': 1703282219981, 'v': 0.00077}, {'c': None, 'p': 43704.11, 's': 'BINANCE:BTCUSDT', 't': 1703282219982, 'v': 0.00084}, {'c': None, 'p': 43704.1, 's': 'BINANCE:BTCUSDT', 't': 1703282219982, 'v': 0.00122}, {'c': None, 'p': 2313.77, 's': 'BINANCE:ETHUSDT', 't': 1703282219982, 'v': 0.0338}], [{'c': None, 'p': 2313.78, 's': 'BINANCE:ETHUSDT', 't': 1703282219983, 'v': 0.0278}, {'c': None, 'p': 2313.78, 's': 'BINANCE:ETHUSDT', 't': 1703282219983, 'v': 0.0068}, {'c': None, 'p': 43704.11, 's': 'BINANCE:BTCUSDT', 't': 1703282219984, 'v': 0.00244}, {'c': None, 'p': 43704.1, 's': 'BINANCE:BTCUSDT', 't': 1703282219985, 'v': 0.00128}, {'c': None, 'p': 2313.78, 's': 'BINANCE:ETHUSDT', 't': 1703282219986, 'v': 0.0391}, {'c': None, 'p': 2313.77, 's': 'BINANCE:ETHUSDT', 't': 1703282219986, 'v': 0.0216}, {'c': None, 'p': 43704.11, 's': 'BINANCE:BTCUSDT', 't': 1703282219987, 'v': 0.00047}, {'c': None, 'p': 2313.78, 's': 'BINANCE:ETHUSDT', 't': 1703282219987, 'v': 0.0179}, {'c': None, 'p': 43704.11, 's': 'BINANCE:BTCUSDT', 't': 1703282219988, 'v': 0.00221}, {'c': None, 'p': 2313.77, 's': 'BINANCE:ETHUSDT', 't': 1703282219989, 'v': 0.046}], [{'c': None, 'p': 43704.11, 's': 'BINANCE:BTCUSDT', 't': 1703282219989, 'v': 0.00135}, {'c': None, 'p': 2313.78, 's': 'BINANCE:ETHUSDT', 't': 1703282219990, 'v': 0.0397}, {'c': None, 'p': 43704.1, 's': 'BINANCE:BTCUSDT', 't': 1703282219990, 'v': 0.00183}, {'c': None, 'p': 2313.77, 's': 'BINANCE:ETHUSDT', 't': 1703282219990, 'v': 0.0472}, {'c': None, 'p': 2313.78, 's': 'BINANCE:ETHUSDT', 't': 1703282219990, 'v': 0.0043}, {'c': None, 'p': 2313.78, 's': 'BINANCE:ETHUSDT', 't': 1703282219990, 'v': 0.0124}, {'c': None, 'p': 2313.78, 's': 'BINANCE:ETHUSDT', 't': 1703282219990, 'v': 0.0054}, {'c': None, 'p': 2313.77, 's': 'BINANCE:ETHUSDT', 't': 1703282219990, 'v': 0.0408}, {'c': None, 'p': 43704.1, 's': 'BINANCE:BTCUSDT', 't': 1703282219990, 'v': 0.00053}, {'c': None, 'p': 43704.1, 's': 'BINANCE:BTCUSDT', 't': 1703282219991, 'v': 0.00076}]]
[2023-12-22T22:00:17.709+0000] {hive.py:475} INFO - 
                            INSERT INTO temp_avro_data
                            VALUES (

                                2313.78,
                                'BINANCE',  -- New 'exchange' attribute
                                'ETHUSDT',  -- New 'crypto_pair' attribute
                                1703282214180,
                                0.475
                            )
                        
[2023-12-22T22:00:25.584+0000] {hive.py:475} INFO - 
                            INSERT INTO temp_avro_data
                            VALUES (

                                2313.78,
                                'BINANCE',  -- New 'exchange' attribute
                                'ETHUSDT',  -- New 'crypto_pair' attribute
                                1703282214375,
                                0.453
                            )
                        
[2023-12-22T22:00:30.470+0000] {hive.py:475} INFO - 
                            INSERT INTO temp_avro_data
                            VALUES (

                                2313.78,
                                'BINANCE',  -- New 'exchange' attribute
                                'ETHUSDT',  -- New 'crypto_pair' attribute
                                1703282214503,
                                0.0043
                            )
                        
[2023-12-22T22:00:33.670+0000] {hive.py:475} INFO - 
                            INSERT INTO temp_avro_data
                            VALUES (

                                2313.77,
                                'BINANCE',  -- New 'exchange' attribute
                                'ETHUSDT',  -- New 'crypto_pair' attribute
                                1703282214519,
                                0.0815
                            )
                        
[2023-12-22T22:00:36.461+0000] {hive.py:475} INFO - 
                            INSERT INTO temp_avro_data
                            VALUES (

                                2313.78,
                                'BINANCE',  -- New 'exchange' attribute
                                'ETHUSDT',  -- New 'crypto_pair' attribute
                                1703282214581,
                                0.517
                            )
                        
[2023-12-22T22:00:39.187+0000] {hive.py:475} INFO - 
                            INSERT INTO temp_avro_data
                            VALUES (

                                43704.1,
                                'BINANCE',  -- New 'exchange' attribute
                                'BTCUSDT',  -- New 'crypto_pair' attribute
                                1703282214673,
                                0.00232
                            )
                        
[2023-12-22T22:00:40.218+0000] {local_task_job_runner.py:302} WARNING - State of this instance has been externally set to success. Terminating instance.
[2023-12-22T22:00:40.220+0000] {process_utils.py:131} INFO - Sending Signals.SIGTERM to group 239. PIDs of all processes in the group: [239]
[2023-12-22T22:00:40.221+0000] {process_utils.py:86} INFO - Sending the signal Signals.SIGTERM to group 239
[2023-12-22T22:00:40.221+0000] {taskinstance.py:2451} ERROR - Received SIGTERM. Terminating subprocesses.
[2023-12-22T22:00:40.222+0000] {logging_mixin.py:188} INFO - Error processing and inserting into Hive: Task received SIGTERM signal
[2023-12-22T22:00:40.223+0000] {logging_mixin.py:188} INFO - [[{'c': None, 'p': 43704.1, 's': 'BINANCE:BTCUSDT', 't': 1703282219991, 'v': 0.00135}, {'c': None, 'p': 43704.11, 's': 'BINANCE:BTCUSDT', 't': 1703282219992, 'v': 0.0004}, {'c': None, 'p': 43704.11, 's': 'BINANCE:BTCUSDT', 't': 1703282219992, 'v': 0.00027}, {'c': None, 'p': 2313.78, 's': 'BINANCE:ETHUSDT', 't': 1703282219993, 'v': 0.0111}, {'c': None, 'p': 2313.78, 's': 'BINANCE:ETHUSDT', 't': 1703282219993, 'v': 0.0072}, {'c': None, 'p': 2313.78, 's': 'BINANCE:ETHUSDT', 't': 1703282219993, 'v': 0.026}, {'c': None, 'p': 2313.78, 's': 'BINANCE:ETHUSDT', 't': 1703282219993, 'v': 0.0425}, {'c': None, 'p': 2313.78, 's': 'BINANCE:ETHUSDT', 't': 1703282219993, 'v': 0.0425}, {'c': None, 'p': 2313.78, 's': 'BINANCE:ETHUSDT', 't': 1703282219993, 'v': 0.0407}, {'c': None, 'p': 2313.78, 's': 'BINANCE:ETHUSDT', 't': 1703282219993, 'v': 0.0053}], [{'c': None, 'p': 2313.77, 's': 'BINANCE:ETHUSDT', 't': 1703282219993, 'v': 0.0435}, {'c': None, 'p': 2313.78, 's': 'BINANCE:ETHUSDT', 't': 1703282219993, 'v': 0.0112}, {'c': None, 'p': 43704.11, 's': 'BINANCE:BTCUSDT', 't': 1703282219994, 'v': 0.00117}, {'c': None, 'p': 43704.1, 's': 'BINANCE:BTCUSDT', 't': 1703282219994, 'v': 0.00061}, {'c': None, 'p': 2313.77, 's': 'BINANCE:ETHUSDT', 't': 1703282219995, 'v': 0.0129}, {'c': None, 'p': 43704.1, 's': 'BINANCE:BTCUSDT', 't': 1703282219996, 'v': 0.0025}, {'c': None, 'p': 2313.78, 's': 'BINANCE:ETHUSDT', 't': 1703282219997, 'v': 0.0238}, {'c': None, 'p': 43704.1, 's': 'BINANCE:BTCUSDT', 't': 1703282219997, 'v': 0.0007}, {'c': None, 'p': 2313.77, 's': 'BINANCE:ETHUSDT', 't': 1703282219997, 'v': 0.0248}, {'c': None, 'p': 2313.78, 's': 'BINANCE:ETHUSDT', 't': 1703282219998, 'v': 0.0445}], [{'c': None, 'p': 2313.77, 's': 'BINANCE:ETHUSDT', 't': 1703282219998, 'v': 0.0402}, {'c': None, 'p': 43704.1, 's': 'BINANCE:BTCUSDT', 't': 1703282219998, 'v': 0.00087}, {'c': None, 'p': 43704.1, 's': 'BINANCE:BTCUSDT', 't': 1703282219999, 'v': 0.00252}, {'c': None, 'p': 43704.11, 's': 'BINANCE:BTCUSDT', 't': 1703282219999, 'v': 0.00144}, {'c': None, 'p': 2313.78, 's': 'BINANCE:ETHUSDT', 't': 1703282220000, 'v': 0.0392}, {'c': None, 'p': 43704.1, 's': 'BINANCE:BTCUSDT', 't': 1703282220000, 'v': 0.00055}, {'c': None, 'p': 43704.11, 's': 'BINANCE:BTCUSDT', 't': 1703282220000, 'v': 0.00183}, {'c': None, 'p': 43704.11, 's': 'BINANCE:BTCUSDT', 't': 1703282220002, 'v': 0.00051}, {'c': None, 'p': 2313.77, 's': 'BINANCE:ETHUSDT', 't': 1703282220004, 'v': 0.0482}, {'c': None, 'p': 43704.11, 's': 'BINANCE:BTCUSDT', 't': 1703282220004, 'v': 0.0013}], [{'c': None, 'p': 43704.1, 's': 'BINANCE:BTCUSDT', 't': 1703282220004, 'v': 0.00176}, {'c': None, 'p': 2313.78, 's': 'BINANCE:ETHUSDT', 't': 1703282220004, 'v': 0.0209}, {'c': None, 'p': 2313.78, 's': 'BINANCE:ETHUSDT', 't': 1703282220004, 'v': 0.0209}, {'c': None, 'p': 2313.77, 's': 'BINANCE:ETHUSDT', 't': 1703282220004, 'v': 0.021}, {'c': None, 'p': 2313.78, 's': 'BINANCE:ETHUSDT', 't': 1703282220005, 'v': 0.0197}, {'c': None, 'p': 43704.11, 's': 'BINANCE:BTCUSDT', 't': 1703282220005, 'v': 0.00254}, {'c': None, 'p': 43704.11, 's': 'BINANCE:BTCUSDT', 't': 1703282220005, 'v': 0.00255}, {'c': None, 'p': 2313.77, 's': 'BINANCE:ETHUSDT', 't': 1703282220005, 'v': 0.0134}, {'c': None, 'p': 43704.1, 's': 'BINANCE:BTCUSDT', 't': 1703282220006, 'v': 0.00135}, {'c': None, 'p': 2313.78, 's': 'BINANCE:ETHUSDT', 't': 1703282220006, 'v': 0.0235}], [{'c': None, 'p': 2313.78, 's': 'BINANCE:ETHUSDT', 't': 1703282220007, 'v': 0.0076}, {'c': None, 'p': 43704.1, 's': 'BINANCE:BTCUSDT', 't': 1703282220007, 'v': 0.00173}, {'c': None, 'p': 2313.77, 's': 'BINANCE:ETHUSDT', 't': 1703282220007, 'v': 0.0108}, {'c': None, 'p': 2313.77, 's': 'BINANCE:ETHUSDT', 't': 1703282220007, 'v': 0.0056}, {'c': None, 'p': 43704.11, 's': 'BINANCE:BTCUSDT', 't': 1703282220008, 'v': 0.00203}, {'c': None, 'p': 2313.77, 's': 'BINANCE:ETHUSDT', 't': 1703282220008, 'v': 0.0193}, {'c': None, 'p': 2313.77, 's': 'BINANCE:ETHUSDT', 't': 1703282220009, 'v': 0.03}, {'c': None, 'p': 2313.78, 's': 'BINANCE:ETHUSDT', 't': 1703282220009, 'v': 0.0322}, {'c': None, 'p': 2313.77, 's': 'BINANCE:ETHUSDT', 't': 1703282220009, 'v': 0.0181}, {'c': None, 'p': 43704.1, 's': 'BINANCE:BTCUSDT', 't': 1703282220010, 'v': 0.00055}], [{'c': None, 'p': 43704.1, 's': 'BINANCE:BTCUSDT', 't': 1703282220010, 'v': 0.00176}, {'c': None, 'p': 43704.11, 's': 'BINANCE:BTCUSDT', 't': 1703282220010, 'v': 0.00188}, {'c': None, 'p': 2313.77, 's': 'BINANCE:ETHUSDT', 't': 1703282220010, 'v': 0.0418}, {'c': None, 'p': 2313.77, 's': 'BINANCE:ETHUSDT', 't': 1703282220011, 'v': 0.0389}, {'c': None, 'p': 2313.77, 's': 'BINANCE:ETHUSDT', 't': 1703282220011, 'v': 0.0071}, {'c': None, 'p': 2313.78, 's': 'BINANCE:ETHUSDT', 't': 1703282220011, 'v': 0.037}, {'c': None, 'p': 2313.77, 's': 'BINANCE:ETHUSDT', 't': 1703282220011, 'v': 0.0334}, {'c': None, 'p': 43704.11, 's': 'BINANCE:BTCUSDT', 't': 1703282220012, 'v': 0.00159}, {'c': None, 'p': 2313.77, 's': 'BINANCE:ETHUSDT', 't': 1703282220012, 'v': 0.0222}, {'c': None, 'p': 43704.11, 's': 'BINANCE:BTCUSDT', 't': 1703282220012, 'v': 0.00207}], [{'c': None, 'p': 43704.1, 's': 'BINANCE:BTCUSDT', 't': 1703282220013, 'v': 0.00252}, {'c': None, 'p': 2313.78, 's': 'BINANCE:ETHUSDT', 't': 1703282220013, 'v': 0.0173}, {'c': None, 'p': 43704.1, 's': 'BINANCE:BTCUSDT', 't': 1703282220014, 'v': 0.00119}, {'c': None, 'p': 43704.1, 's': 'BINANCE:BTCUSDT', 't': 1703282220014, 'v': 0.00179}, {'c': None, 'p': 2313.77, 's': 'BINANCE:ETHUSDT', 't': 1703282220014, 'v': 0.0219}, {'c': None, 'p': 2313.77, 's': 'BINANCE:ETHUSDT', 't': 1703282220014, 'v': 0.0312}, {'c': None, 'p': 43704.11, 's': 'BINANCE:BTCUSDT', 't': 1703282220016, 'v': 0.00119}, {'c': None, 'p': 2313.78, 's': 'BINANCE:ETHUSDT', 't': 1703282220016, 'v': 0.0402}, {'c': None, 'p': 2313.78, 's': 'BINANCE:ETHUSDT', 't': 1703282220017, 'v': 0.0459}, {'c': None, 'p': 43704.11, 's': 'BINANCE:BTCUSDT', 't': 1703282220018, 'v': 0.00061}], [{'c': None, 'p': 2313.78, 's': 'BINANCE:ETHUSDT', 't': 1703282220020, 'v': 0.0121}, {'c': None, 'p': 2313.78, 's': 'BINANCE:ETHUSDT', 't': 1703282220027, 'v': 1.7601}, {'c': None, 'p': 2313.78, 's': 'BINANCE:ETHUSDT', 't': 1703282220027, 'v': 1.6}, {'c': None, 'p': 2313.78, 's': 'BINANCE:ETHUSDT', 't': 1703282220027, 'v': 1.6}, {'c': None, 'p': 2313.78, 's': 'BINANCE:ETHUSDT', 't': 1703282220027, 'v': 3.2}, {'c': None, 'p': 2313.78, 's': 'BINANCE:ETHUSDT', 't': 1703282220027, 'v': 2.1746}, {'c': None, 'p': 2313.82, 's': 'BINANCE:ETHUSDT', 't': 1703282220033, 'v': 0.7623}, {'c': None, 'p': 2313.83, 's': 'BINANCE:ETHUSDT', 't': 1703282220037, 'v': 0.0318}, {'c': None, 'p': 2313.84, 's': 'BINANCE:ETHUSDT', 't': 1703282220037, 'v': 0.3507}, {'c': None, 'p': 2313.87, 's': 'BINANCE:ETHUSDT', 't': 1703282220037, 'v': 0.0127}], [{'c': None, 'p': 2313.88, 's': 'BINANCE:ETHUSDT', 't': 1703282220037, 'v': 0.0318}, {'c': None, 'p': 2313.93, 's': 'BINANCE:ETHUSDT', 't': 1703282220037, 'v': 0.0318}, {'c': None, 'p': 2313.93, 's': 'BINANCE:ETHUSDT', 't': 1703282220037, 'v': 0.0127}, {'c': None, 'p': 2313.96, 's': 'BINANCE:ETHUSDT', 't': 1703282220037, 'v': 0.0445}], []]
[2023-12-22T22:00:40.224+0000] {hive.py:475} INFO - 
                            INSERT INTO temp_avro_data
                            VALUES (

                                43704.1,
                                'BINANCE',  -- New 'exchange' attribute
                                'BTCUSDT',  -- New 'crypto_pair' attribute
                                1703282219991,
                                0.00135
                            )
                        
[2023-12-22T22:00:45.031+0000] {logging_mixin.py:188} INFO - Error processing and inserting into Hive: 'utf-8' codec can't decode byte 0xfb in position 1: invalid start byte
[2023-12-22T22:00:45.032+0000] {logging_mixin.py:188} INFO - [[{'c': None, 'p': 2313.96, 's': 'BINANCE:ETHUSDT', 't': 1703282220245, 'v': 0.0827}, {'c': None, 'p': 2313.96, 's': 'BINANCE:ETHUSDT', 't': 1703282220245, 'v': 0.3563}, {'c': None, 'p': 2313.96, 's': 'BINANCE:ETHUSDT', 't': 1703282220430, 'v': 0.492}, {'c': None, 'p': 43704.1, 's': 'BINANCE:BTCUSDT', 't': 1703282220469, 'v': 0.00135}, {'c': None, 'p': 2313.96, 's': 'BINANCE:ETHUSDT', 't': 1703282220628, 'v': 0.354}, {'c': None, 'p': 2313.96, 's': 'BINANCE:ETHUSDT', 't': 1703282220820, 'v': 0.462}, {'c': None, 'p': 43704.11, 's': 'BINANCE:BTCUSDT', 't': 1703282220881, 'v': 0.00223}, {'c': None, 'p': 2313.96, 's': 'BINANCE:ETHUSDT', 't': 1703282221029, 'v': 0.423}, {'c': None, 'p': 2313.95, 's': 'BINANCE:ETHUSDT', 't': 1703282221059, 'v': 0.0061}, {'c': None, 'p': 43704.11, 's': 'BINANCE:BTCUSDT', 't': 1703282221145, 'v': 0.04577}], [{'c': None, 'p': 43704.11, 's': 'BINANCE:BTCUSDT', 't': 1703282221166, 'v': 0.0009}, {'c': None, 'p': 2313.96, 's': 'BINANCE:ETHUSDT', 't': 1703282221239, 'v': 0.455}, {'c': None, 'p': 43704.11, 's': 'BINANCE:BTCUSDT', 't': 1703282221401, 'v': 0.04255}, {'c': None, 'p': 43704.11, 's': 'BINANCE:BTCUSDT', 't': 1703282221401, 'v': 0.00034}, {'c': None, 'p': 43704.11, 's': 'BINANCE:BTCUSDT', 't': 1703282221401, 'v': 0.11474}, {'c': None, 'p': 43704.11, 's': 'BINANCE:BTCUSDT', 't': 1703282221401, 'v': 0.11367}, {'c': None, 'p': 43704.11, 's': 'BINANCE:BTCUSDT', 't': 1703282221404, 'v': 0.00107}, {'c': None, 'p': 43704.11, 's': 'BINANCE:BTCUSDT', 't': 1703282221404, 'v': 0.005}, {'c': None, 'p': 43704.11, 's': 'BINANCE:BTCUSDT', 't': 1703282221404, 'v': 0.01197}, {'c': None, 'p': 2313.96, 's': 'BINANCE:ETHUSDT', 't': 1703282221405, 'v': 1.6}], [{'c': None, 'p': 2313.96, 's': 'BINANCE:ETHUSDT', 't': 1703282221405, 'v': 0.3044}, {'c': None, 'p': 2313.96, 's': 'BINANCE:ETHUSDT', 't': 1703282221430, 'v': 0.309}, {'c': None, 'p': 43704.11, 's': 'BINANCE:BTCUSDT', 't': 1703282221586, 'v': 0.01408}, {'c': None, 'p': 2313.98, 's': 'BINANCE:ETHUSDT', 't': 1703282221625, 'v': 0.0318}, {'c': None, 'p': 2313.98, 's': 'BINANCE:ETHUSDT', 't': 1703282221625, 'v': 0.2842}, {'c': None, 'p': 2313.99, 's': 'BINANCE:ETHUSDT', 't': 1703282221634, 'v': 0.0127}, {'c': None, 'p': 43704.11, 's': 'BINANCE:BTCUSDT', 't': 1703282221717, 'v': 0.06583}, {'c': None, 'p': 43704.11, 's': 'BINANCE:BTCUSDT', 't': 1703282221717, 'v': 0.00034}, {'c': None, 'p': 43704.5, 's': 'BINANCE:BTCUSDT', 't': 1703282221717, 'v': 0.00062}, {'c': None, 'p': 43704.76, 's': 'BINANCE:BTCUSDT', 't': 1703282221717, 'v': 0.00062}], [{'c': None, 'p': 43704.99, 's': 'BINANCE:BTCUSDT', 't': 1703282221717, 'v': 0.00223}, {'c': None, 'p': 43705.02, 's': 'BINANCE:BTCUSDT', 't': 1703282221717, 'v': 0.00062}, {'c': None, 'p': 43705.28, 's': 'BINANCE:BTCUSDT', 't': 1703282221717, 'v': 0.00062}, {'c': None, 'p': 43705.47, 's': 'BINANCE:BTCUSDT', 't': 1703282221717, 'v': 0.00223}, {'c': None, 'p': 43705.54, 's': 'BINANCE:BTCUSDT', 't': 1703282221717, 'v': 0.00062}, {'c': None, 'p': 43705.8, 's': 'BINANCE:BTCUSDT', 't': 1703282221717, 'v': 0.00062}, {'c': None, 'p': 43705.8, 's': 'BINANCE:BTCUSDT', 't': 1703282221717, 'v': 0.00084}, {'c': None, 'p': 43705.95, 's': 'BINANCE:BTCUSDT', 't': 1703282221717, 'v': 0.00223}, {'c': None, 'p': 43706.06, 's': 'BINANCE:BTCUSDT', 't': 1703282221717, 'v': 0.00062}, {'c': None, 'p': 2314.02, 's': 'BINANCE:ETHUSDT', 't': 1703282221830, 'v': 0.0023}], [{'c': None, 'p': 2314.02, 's': 'BINANCE:ETHUSDT', 't': 1703282221830, 'v': 0.4477}, {'c': ['1', '24'], 'p': 153.25, 's': 'AMZN', 't': 1703282222138, 'v': 200}, {'c': ['1', '24', '12'], 'p': 153.25, 's': 'AMZN', 't': 1703282222141, 'v': 9}, {'c': ['1', '24', '12'], 'p': 153.25, 's': 'AMZN', 't': 1703282222141, 'v': 20}, {'c': None, 'p': 2314.02, 's': 'BINANCE:ETHUSDT', 't': 1703282222031, 'v': 0.505}], [{'c': None, 'p': 2314.02, 's': 'BINANCE:ETHUSDT', 't': 1703282222230, 'v': 0.321}, {'c': None, 'p': 2314.02, 's': 'BINANCE:ETHUSDT', 't': 1703282222424, 'v': 0.397}, {'c': None, 'p': 43706.25, 's': 'BINANCE:BTCUSDT', 't': 1703282222497, 'v': 0.00015}, {'c': None, 'p': 2314.02, 's': 'BINANCE:ETHUSDT', 't': 1703282222523, 'v': 0.009}, {'c': None, 'p': 2314.02, 's': 'BINANCE:ETHUSDT', 't': 1703282222630, 'v': 0.558}, {'c': None, 'p': 2314.01, 's': 'BINANCE:ETHUSDT', 't': 1703282222639, 'v': 0.0085}, {'c': None, 'p': 2314.02, 's': 'BINANCE:ETHUSDT', 't': 1703282222770, 'v': 0.3093}, {'c': None, 'p': 2314.02, 's': 'BINANCE:ETHUSDT', 't': 1703282222789, 'v': 0.0086}, {'c': None, 'p': 2314.02, 's': 'BINANCE:ETHUSDT', 't': 1703282222835, 'v': 0.352}, {'c': None, 'p': 43706.24, 's': 'BINANCE:BTCUSDT', 't': 1703282222861, 'v': 0.0003}], [{'c': None, 'p': 2314.01, 's': 'BINANCE:ETHUSDT', 't': 1703282223014, 'v': 0.004}, {'c': None, 'p': 2314.02, 's': 'BINANCE:ETHUSDT', 't': 1703282223027, 'v': 0.51}, {'c': None, 'p': 2314.01, 's': 'BINANCE:ETHUSDT', 't': 1703282223113, 'v': 0.8232}, {'c': None, 'p': 2314.01, 's': 'BINANCE:ETHUSDT', 't': 1703282223113, 'v': 0.0356}], [{'c': None, 'p': 43706.24, 's': 'BINANCE:BTCUSDT', 't': 1703282223175, 'v': 0.00028}, {'c': None, 'p': 2314.02, 's': 'BINANCE:ETHUSDT', 't': 1703282223232, 'v': 0.525}, {'c': None, 'p': 2314.01, 's': 'BINANCE:ETHUSDT', 't': 1703282223257, 'v': 0.0075}, {'c': None, 'p': 43706.24, 's': 'BINANCE:BTCUSDT', 't': 1703282223359, 'v': 0.00035}, {'c': None, 'p': 43706.25, 's': 'BINANCE:BTCUSDT', 't': 1703282223400, 'v': 0.00058}, {'c': None, 'p': 43706.25, 's': 'BINANCE:BTCUSDT', 't': 1703282223410, 'v': 0.00046}, {'c': None, 'p': 2314.02, 's': 'BINANCE:ETHUSDT', 't': 1703282223427, 'v': 0.552}, {'c': None, 'p': 2314.02, 's': 'BINANCE:ETHUSDT', 't': 1703282223627, 'v': 0.393}, {'c': ['1', '24', '12'], 'p': 153.25, 's': 'AMZN', 't': 1703282223955, 'v': 1}, {'c': None, 'p': 2314.02, 's': 'BINANCE:ETHUSDT', 't': 1703282223839, 'v': 0.419}], [{'c': None, 'p': 43706.24, 's': 'BINANCE:BTCUSDT', 't': 1703282223971, 'v': 0.00361}, {'c': None, 'p': 2314.02, 's': 'BINANCE:ETHUSDT', 't': 1703282224033, 'v': 0.423}, {'c': None, 'p': 43706.25, 's': 'BINANCE:BTCUSDT', 't': 1703282224076, 'v': 0.00299}], [{'c': None, 'p': 2314.02, 's': 'BINANCE:ETHUSDT', 't': 1703282224229, 'v': 0.507}, {'c': None, 'p': 2314.02, 's': 'BINANCE:ETHUSDT', 't': 1703282224238, 'v': 0.0025}, {'c': None, 'p': 43706.25, 's': 'BINANCE:BTCUSDT', 't': 1703282224304, 'v': 0.01601}, {'c': None, 'p': 2314.02, 's': 'BINANCE:ETHUSDT', 't': 1703282224436, 'v': 0.401}, {'c': None, 'p': 43706.25, 's': 'BINANCE:BTCUSDT', 't': 1703282224462, 'v': 0.00102}, {'c': None, 'p': 2314.02, 's': 'BINANCE:ETHUSDT', 't': 1703282224629, 'v': 0.413}, {'c': None, 'p': 2314.02, 's': 'BINANCE:ETHUSDT', 't': 1703282224844, 'v': 0.1114}, {'c': None, 'p': 2314.02, 's': 'BINANCE:ETHUSDT', 't': 1703282224844, 'v': 0.2226}, {'c': None, 'p': 2314.02, 's': 'BINANCE:ETHUSDT', 't': 1703282225034, 'v': 0.0121}, {'c': None, 'p': 2314.02, 's': 'BINANCE:ETHUSDT', 't': 1703282225034, 'v': 0.0794}]]
[2023-12-22T22:00:45.033+0000] {hive.py:475} INFO - 
                            INSERT INTO temp_avro_data
                            VALUES (

                                2313.96,
                                'BINANCE',  -- New 'exchange' attribute
                                'ETHUSDT',  -- New 'crypto_pair' attribute
                                1703282220245,
                                0.0827
                            )
                        
[2023-12-22T22:01:40.228+0000] {process_utils.py:149} WARNING - process psutil.Process(pid=239, name='airflow task runner: batch_layer consume_data manual__2023-12-22T22:00:10.646965+00:00 7', status='sleeping', started='22:00:13') did not respond to SIGTERM. Trying SIGKILL
[2023-12-22T22:01:40.230+0000] {process_utils.py:86} INFO - Sending the signal Signals.SIGKILL to group 239
[2023-12-22T22:01:40.239+0000] {process_utils.py:79} INFO - Process psutil.Process(pid=239, name='airflow task runner: batch_layer consume_data manual__2023-12-22T22:00:10.646965+00:00 7', status='terminated', exitcode=<Negsignal.SIGKILL: -9>, started='22:00:13') (239) terminated with exit code Negsignal.SIGKILL
[2023-12-22T22:01:40.240+0000] {standard_task_runner.py:175} ERROR - Job 7 was killed before it finished (likely due to running out of memory)
