[2023-12-26T13:55:15.636+0000] {taskinstance.py:1957} INFO - Dependencies all met for dep_context=non-requeueable deps ti=<TaskInstance: batch_layer.batch_0 manual__2023-12-26T13:48:40.672363+00:00 [queued]>
[2023-12-26T13:55:15.642+0000] {taskinstance.py:1957} INFO - Dependencies all met for dep_context=requeueable deps ti=<TaskInstance: batch_layer.batch_0 manual__2023-12-26T13:48:40.672363+00:00 [queued]>
[2023-12-26T13:55:15.643+0000] {taskinstance.py:2171} INFO - Starting attempt 1 of 2
[2023-12-26T13:55:15.656+0000] {taskinstance.py:2192} INFO - Executing <Task(PythonOperator): batch_0> on 2023-12-26 13:48:40.672363+00:00
[2023-12-26T13:55:15.661+0000] {standard_task_runner.py:60} INFO - Started process 983 to run task
[2023-12-26T13:55:15.664+0000] {standard_task_runner.py:87} INFO - Running: ['airflow', 'tasks', 'run', 'batch_layer', 'batch_0', 'manual__2023-12-26T13:48:40.672363+00:00', '--job-id', '14', '--raw', '--subdir', 'DAGS_FOLDER/BatchLayerDag.py', '--cfg-path', '/tmp/tmpt2s9qxkd']
[2023-12-26T13:55:15.666+0000] {standard_task_runner.py:88} INFO - Job 14: Subtask batch_0
[2023-12-26T13:55:15.696+0000] {task_command.py:423} INFO - Running <TaskInstance: batch_layer.batch_0 manual__2023-12-26T13:48:40.672363+00:00 [running]> on host 21f64a9239d6
[2023-12-26T13:55:15.757+0000] {taskinstance.py:2481} INFO - Exporting env vars: AIRFLOW_CTX_DAG_EMAIL='airflow@example.com' AIRFLOW_CTX_DAG_OWNER='airflow' AIRFLOW_CTX_DAG_ID='batch_layer' AIRFLOW_CTX_TASK_ID='batch_0' AIRFLOW_CTX_EXECUTION_DATE='2023-12-26T13:48:40.672363+00:00' AIRFLOW_CTX_TRY_NUMBER='1' AIRFLOW_CTX_DAG_RUN_ID='manual__2023-12-26T13:48:40.672363+00:00'
[2023-12-26T13:55:15.829+0000] {hive.py:475} INFO - USE `finnhub_db`
[2023-12-26T13:55:15.881+0000] {hive.py:475} INFO - 
                SELECT *
                FROM finnhub_table
            
[2023-12-26T13:55:18.983+0000] {logging_mixin.py:188} INFO -          date  hour        s       sum_v
0  2023-12-25    13  BINANCE  2092.34136
1  2023-12-25    14  BINANCE  6734.12215
2  2023-12-25    18  BINANCE  4253.80534
3  2023-12-25    20  BINANCE   127.83916
4  2023-12-26    12     AAPL    55.00000
5  2023-12-26    12     AMZN    10.00000
6  2023-12-26    12  BINANCE   285.29300
7  2023-12-26    12     MSFT   436.00000
[2023-12-26T13:55:18.985+0000] {logging_mixin.py:188} INFO - File '/tmp/batchViews/parquet_output.parquet' already exists.
[2023-12-26T13:55:19.060+0000] {logging_mixin.py:188} INFO -          date  hour        s       sum_v
0  2023-12-25    13  BINANCE  2092.34136
1  2023-12-25    14  BINANCE  6734.12215
2  2023-12-25    18  BINANCE  4253.80534
3  2023-12-25    20  BINANCE   127.83916
4  2023-12-26    12     AAPL    55.00000
5  2023-12-26    12     AMZN    10.00000
6  2023-12-26    12  BINANCE   285.29300
7  2023-12-26    12     MSFT   436.00000
[2023-12-26T13:55:19.068+0000] {python.py:201} INFO - Done. Returned value was: None
[2023-12-26T13:55:19.073+0000] {taskinstance.py:1138} INFO - Marking task as SUCCESS. dag_id=batch_layer, task_id=batch_0, execution_date=20231226T134840, start_date=20231226T135515, end_date=20231226T135519
[2023-12-26T13:55:19.130+0000] {local_task_job_runner.py:234} INFO - Task exited with return code 0
[2023-12-26T13:55:19.140+0000] {taskinstance.py:3281} INFO - 0 downstream tasks scheduled from follow-on schedule check
