[2023-12-26T00:06:22.765+0000] {taskinstance.py:1957} INFO - Dependencies all met for dep_context=non-requeueable deps ti=<TaskInstance: batch_layer.batch_1 scheduled__2023-12-25T00:00:00+00:00 [queued]>
[2023-12-26T00:06:22.769+0000] {taskinstance.py:1957} INFO - Dependencies all met for dep_context=requeueable deps ti=<TaskInstance: batch_layer.batch_1 scheduled__2023-12-25T00:00:00+00:00 [queued]>
[2023-12-26T00:06:22.770+0000] {taskinstance.py:2171} INFO - Starting attempt 1 of 2
[2023-12-26T00:06:22.781+0000] {taskinstance.py:2192} INFO - Executing <Task(PythonOperator): batch_1> on 2023-12-25 00:00:00+00:00
[2023-12-26T00:06:22.786+0000] {standard_task_runner.py:60} INFO - Started process 2945 to run task
[2023-12-26T00:06:22.789+0000] {standard_task_runner.py:87} INFO - Running: ['airflow', 'tasks', 'run', 'batch_layer', 'batch_1', 'scheduled__2023-12-25T00:00:00+00:00', '--job-id', '16', '--raw', '--subdir', 'DAGS_FOLDER/BatchLayerDag.py', '--cfg-path', '/tmp/tmp1fnfaz71']
[2023-12-26T00:06:22.790+0000] {standard_task_runner.py:88} INFO - Job 16: Subtask batch_1
[2023-12-26T00:06:22.815+0000] {task_command.py:423} INFO - Running <TaskInstance: batch_layer.batch_1 scheduled__2023-12-25T00:00:00+00:00 [running]> on host 5e983ae2bbe8
[2023-12-26T00:06:22.862+0000] {taskinstance.py:2481} INFO - Exporting env vars: AIRFLOW_CTX_DAG_EMAIL='airflow@example.com' AIRFLOW_CTX_DAG_OWNER='airflow' AIRFLOW_CTX_DAG_ID='batch_layer' AIRFLOW_CTX_TASK_ID='batch_1' AIRFLOW_CTX_EXECUTION_DATE='2023-12-25T00:00:00+00:00' AIRFLOW_CTX_TRY_NUMBER='1' AIRFLOW_CTX_DAG_RUN_ID='scheduled__2023-12-25T00:00:00+00:00'
[2023-12-26T00:06:22.908+0000] {hive.py:475} INFO - USE `finnhub_db`
[2023-12-26T00:06:22.946+0000] {hive.py:475} INFO - 
                SELECT *
                FROM finnhub_table
            
[2023-12-26T00:06:28.202+0000] {logging_mixin.py:188} INFO -               p crypto_pair                       t        v
0      43694.01     BTCUSDT 2023-12-25 13:10:26.122  0.00095
1      43694.00     BTCUSDT 2023-12-25 13:10:26.314  0.00919
2      43693.84     BTCUSDT 2023-12-25 13:10:26.333  0.00229
3      43693.63     BTCUSDT 2023-12-25 13:10:26.333  0.00814
4      43693.35     BTCUSDT 2023-12-25 13:10:26.333  0.00229
...         ...         ...                     ...      ...
41399  43685.51     BTCUSDT 2023-12-25 13:10:27.614  0.00229
41400  43685.26     BTCUSDT 2023-12-25 13:10:27.614  0.00062
41401  43685.02     BTCUSDT 2023-12-25 13:10:27.614  0.00229
41402  43685.00     BTCUSDT 2023-12-25 13:10:27.614  0.00062
41403  43684.74     BTCUSDT 2023-12-25 13:10:27.614  0.00062

[41404 rows x 4 columns]
[2023-12-26T00:06:28.217+0000] {logging_mixin.py:188} INFO -                         p                             t         v
crypto_pair                                                      
BTCUSDT      43632.250055 2023-12-25 15:34:09.576247552  0.032621
ETHUSDT       2282.743594 2023-12-25 16:02:27.665790464  0.640953
[2023-12-26T00:06:28.219+0000] {logging_mixin.py:188} INFO - File '/tmp/batchViews/parquet_output_1.parquet' already exists.
[2023-12-26T00:06:28.255+0000] {logging_mixin.py:188} INFO -                         p                          t         v
crypto_pair                                                   
BTCUSDT      43632.250055 2023-12-25 15:34:09.576247  0.032621
ETHUSDT       2282.743594 2023-12-25 16:02:27.665790  0.640953
[2023-12-26T00:06:28.262+0000] {python.py:201} INFO - Done. Returned value was: None
[2023-12-26T00:06:28.266+0000] {taskinstance.py:1138} INFO - Marking task as SUCCESS. dag_id=batch_layer, task_id=batch_1, execution_date=20231225T000000, start_date=20231226T000622, end_date=20231226T000628
[2023-12-26T00:06:28.294+0000] {local_task_job_runner.py:234} INFO - Task exited with return code 0
[2023-12-26T00:06:28.302+0000] {taskinstance.py:3281} INFO - 0 downstream tasks scheduled from follow-on schedule check
[2023-12-26T13:00:41.452+0000] {taskinstance.py:1957} INFO - Dependencies all met for dep_context=non-requeueable deps ti=<TaskInstance: batch_layer.batch_1 scheduled__2023-12-25T00:00:00+00:00 [queued]>
[2023-12-26T13:00:41.457+0000] {taskinstance.py:1957} INFO - Dependencies all met for dep_context=requeueable deps ti=<TaskInstance: batch_layer.batch_1 scheduled__2023-12-25T00:00:00+00:00 [queued]>
[2023-12-26T13:00:41.457+0000] {taskinstance.py:2171} INFO - Starting attempt 1 of 2
[2023-12-26T13:00:41.470+0000] {taskinstance.py:2192} INFO - Executing <Task(PythonOperator): batch_1> on 2023-12-25 00:00:00+00:00
[2023-12-26T13:00:41.475+0000] {standard_task_runner.py:60} INFO - Started process 334 to run task
[2023-12-26T13:00:41.477+0000] {standard_task_runner.py:87} INFO - Running: ['airflow', 'tasks', 'run', 'batch_layer', 'batch_1', 'scheduled__2023-12-25T00:00:00+00:00', '--job-id', '9', '--raw', '--subdir', 'DAGS_FOLDER/BatchLayerDag.py', '--cfg-path', '/tmp/tmpvaosdiu0']
[2023-12-26T13:00:41.479+0000] {standard_task_runner.py:88} INFO - Job 9: Subtask batch_1
[2023-12-26T13:00:41.513+0000] {task_command.py:423} INFO - Running <TaskInstance: batch_layer.batch_1 scheduled__2023-12-25T00:00:00+00:00 [running]> on host 21f64a9239d6
[2023-12-26T13:00:41.578+0000] {taskinstance.py:2481} INFO - Exporting env vars: AIRFLOW_CTX_DAG_EMAIL='airflow@example.com' AIRFLOW_CTX_DAG_OWNER='airflow' AIRFLOW_CTX_DAG_ID='batch_layer' AIRFLOW_CTX_TASK_ID='batch_1' AIRFLOW_CTX_EXECUTION_DATE='2023-12-25T00:00:00+00:00' AIRFLOW_CTX_TRY_NUMBER='1' AIRFLOW_CTX_DAG_RUN_ID='scheduled__2023-12-25T00:00:00+00:00'
[2023-12-26T13:00:41.632+0000] {hive.py:475} INFO - USE `finnhub_db`
[2023-12-26T13:00:41.671+0000] {hive.py:475} INFO - 
                SELECT *
                FROM finnhub_table
            
[2023-12-26T13:00:48.276+0000] {logging_mixin.py:188} INFO -               p crypto_pair                       t        v
0      43694.01     BTCUSDT 2023-12-25 13:10:26.122  0.00095
1      43694.00     BTCUSDT 2023-12-25 13:10:26.314  0.00919
2      43693.84     BTCUSDT 2023-12-25 13:10:26.333  0.00229
3      43693.63     BTCUSDT 2023-12-25 13:10:26.333  0.00814
4      43693.35     BTCUSDT 2023-12-25 13:10:26.333  0.00229
...         ...         ...                     ...      ...
46764  43685.51     BTCUSDT 2023-12-25 13:10:27.614  0.00229
46765  43685.26     BTCUSDT 2023-12-25 13:10:27.614  0.00062
46766  43685.02     BTCUSDT 2023-12-25 13:10:27.614  0.00229
46767  43685.00     BTCUSDT 2023-12-25 13:10:27.614  0.00062
46768  43684.74     BTCUSDT 2023-12-25 13:10:27.614  0.00062

[46769 rows x 4 columns]
[2023-12-26T13:00:48.292+0000] {logging_mixin.py:188} INFO -                         p                             t         v
crypto_pair                                                      
BTCUSDT      43623.442691 2023-12-25 15:48:26.198073344  0.033140
ETHUSDT       2282.337988 2023-12-25 16:13:20.791364352  0.631367
None           330.078333 2023-12-26 12:45:16.779416576  9.666667
[2023-12-26T13:00:48.294+0000] {logging_mixin.py:188} INFO - File '/tmp/batchViews/parquet_output_1.parquet' already exists.
[2023-12-26T13:00:48.331+0000] {logging_mixin.py:188} INFO -                         p                          t         v
crypto_pair                                                   
BTCUSDT      43623.442691 2023-12-25 15:48:26.198073  0.033140
ETHUSDT       2282.337988 2023-12-25 16:13:20.791364  0.631367
None           330.078333 2023-12-26 12:45:16.779416  9.666667
[2023-12-26T13:00:48.340+0000] {python.py:201} INFO - Done. Returned value was: None
[2023-12-26T13:00:48.346+0000] {taskinstance.py:1138} INFO - Marking task as SUCCESS. dag_id=batch_layer, task_id=batch_1, execution_date=20231225T000000, start_date=20231226T130041, end_date=20231226T130048
[2023-12-26T13:00:48.423+0000] {local_task_job_runner.py:234} INFO - Task exited with return code 0
[2023-12-26T13:00:48.432+0000] {taskinstance.py:3281} INFO - 0 downstream tasks scheduled from follow-on schedule check
[2023-12-26T21:09:47.096+0000] {taskinstance.py:1957} INFO - Dependencies all met for dep_context=non-requeueable deps ti=<TaskInstance: batch_layer.batch_1 scheduled__2023-12-25T00:00:00+00:00 [queued]>
[2023-12-26T21:09:47.103+0000] {taskinstance.py:1957} INFO - Dependencies all met for dep_context=requeueable deps ti=<TaskInstance: batch_layer.batch_1 scheduled__2023-12-25T00:00:00+00:00 [queued]>
[2023-12-26T21:09:47.103+0000] {taskinstance.py:2171} INFO - Starting attempt 1 of 2
[2023-12-26T21:09:47.119+0000] {taskinstance.py:2192} INFO - Executing <Task(PythonOperator): batch_1> on 2023-12-25 00:00:00+00:00
[2023-12-26T21:09:47.123+0000] {standard_task_runner.py:60} INFO - Started process 341 to run task
[2023-12-26T21:09:47.126+0000] {standard_task_runner.py:87} INFO - Running: ['airflow', 'tasks', 'run', 'batch_layer', 'batch_1', 'scheduled__2023-12-25T00:00:00+00:00', '--job-id', '9', '--raw', '--subdir', 'DAGS_FOLDER/BatchLayerDag.py', '--cfg-path', '/tmp/tmp8b_5yotc']
[2023-12-26T21:09:47.128+0000] {standard_task_runner.py:88} INFO - Job 9: Subtask batch_1
[2023-12-26T21:09:47.157+0000] {task_command.py:423} INFO - Running <TaskInstance: batch_layer.batch_1 scheduled__2023-12-25T00:00:00+00:00 [running]> on host d26df5132269
[2023-12-26T21:09:47.205+0000] {taskinstance.py:2481} INFO - Exporting env vars: AIRFLOW_CTX_DAG_EMAIL='airflow@example.com' AIRFLOW_CTX_DAG_OWNER='airflow' AIRFLOW_CTX_DAG_ID='batch_layer' AIRFLOW_CTX_TASK_ID='batch_1' AIRFLOW_CTX_EXECUTION_DATE='2023-12-25T00:00:00+00:00' AIRFLOW_CTX_TRY_NUMBER='1' AIRFLOW_CTX_DAG_RUN_ID='scheduled__2023-12-25T00:00:00+00:00'
[2023-12-26T21:09:47.260+0000] {hive.py:475} INFO - USE `finnhub_db`
[2023-12-26T21:09:47.303+0000] {hive.py:475} INFO - 
                SELECT *
                FROM finnhub_table
            
[2023-12-26T21:09:49.648+0000] {logging_mixin.py:188} INFO -               p crypto_pair                       t        v
0      43694.01     BTCUSDT 2023-12-25 13:10:26.122  0.00095
1      43694.00     BTCUSDT 2023-12-25 13:10:26.314  0.00919
2      43693.84     BTCUSDT 2023-12-25 13:10:26.333  0.00229
3      43684.53     BTCUSDT 2023-12-25 13:10:27.614  0.00229
4      43571.98     BTCUSDT 2023-12-25 18:25:58.632  0.00414
...         ...         ...                     ...      ...
18241  43572.42     BTCUSDT 2023-12-25 18:25:58.632  0.00062
18242  43572.32     BTCUSDT 2023-12-25 18:25:58.632  0.00229
18243  43572.16     BTCUSDT 2023-12-25 18:25:58.632  0.00062
18244  43571.99     BTCUSDT 2023-12-25 18:25:58.632  0.00050
18245  43571.98     BTCUSDT 2023-12-25 18:25:58.632  0.00710

[18246 rows x 4 columns]
[2023-12-26T21:09:49.659+0000] {logging_mixin.py:188} INFO -                         p                             t          v
crypto_pair                                                       
BTCUSDT      43324.642127 2023-12-25 22:42:15.457124608   0.042317
ETHUSDT       2273.157960 2023-12-25 20:40:47.360464128   0.597138
None           238.274366 2023-12-26 16:35:25.357428480  52.514493
[2023-12-26T21:09:49.662+0000] {logging_mixin.py:188} INFO - File '/tmp/batchViews/parquet_output_1.parquet' already exists.
[2023-12-26T21:09:49.710+0000] {logging_mixin.py:188} INFO -                         p                          t          v
crypto_pair                                                    
BTCUSDT      43324.642127 2023-12-25 22:42:15.457124   0.042317
ETHUSDT       2273.157960 2023-12-25 20:40:47.360464   0.597138
None           238.274366 2023-12-26 16:35:25.357428  52.514493
[2023-12-26T21:09:49.713+0000] {python.py:201} INFO - Done. Returned value was: None
[2023-12-26T21:09:49.719+0000] {taskinstance.py:1138} INFO - Marking task as SUCCESS. dag_id=batch_layer, task_id=batch_1, execution_date=20231225T000000, start_date=20231226T210947, end_date=20231226T210949
[2023-12-26T21:09:49.750+0000] {local_task_job_runner.py:234} INFO - Task exited with return code 0
[2023-12-26T21:09:49.761+0000] {taskinstance.py:3281} INFO - 0 downstream tasks scheduled from follow-on schedule check
[2023-12-26T21:45:38.724+0000] {taskinstance.py:1957} INFO - Dependencies all met for dep_context=non-requeueable deps ti=<TaskInstance: batch_layer.batch_1 scheduled__2023-12-25T00:00:00+00:00 [queued]>
[2023-12-26T21:45:38.732+0000] {taskinstance.py:1957} INFO - Dependencies all met for dep_context=requeueable deps ti=<TaskInstance: batch_layer.batch_1 scheduled__2023-12-25T00:00:00+00:00 [queued]>
[2023-12-26T21:45:38.733+0000] {taskinstance.py:2171} INFO - Starting attempt 1 of 2
[2023-12-26T21:45:38.751+0000] {taskinstance.py:2192} INFO - Executing <Task(PythonOperator): batch_1> on 2023-12-25 00:00:00+00:00
[2023-12-26T21:45:38.756+0000] {standard_task_runner.py:60} INFO - Started process 333 to run task
[2023-12-26T21:45:38.759+0000] {standard_task_runner.py:87} INFO - Running: ['airflow', 'tasks', 'run', 'batch_layer', 'batch_1', 'scheduled__2023-12-25T00:00:00+00:00', '--job-id', '9', '--raw', '--subdir', 'DAGS_FOLDER/BatchLayerDag.py', '--cfg-path', '/tmp/tmppjzif67o']
[2023-12-26T21:45:38.762+0000] {standard_task_runner.py:88} INFO - Job 9: Subtask batch_1
[2023-12-26T21:45:38.798+0000] {task_command.py:423} INFO - Running <TaskInstance: batch_layer.batch_1 scheduled__2023-12-25T00:00:00+00:00 [running]> on host b20a8cc54a2d
[2023-12-26T21:45:38.851+0000] {taskinstance.py:2481} INFO - Exporting env vars: AIRFLOW_CTX_DAG_EMAIL='airflow@example.com' AIRFLOW_CTX_DAG_OWNER='airflow' AIRFLOW_CTX_DAG_ID='batch_layer' AIRFLOW_CTX_TASK_ID='batch_1' AIRFLOW_CTX_EXECUTION_DATE='2023-12-25T00:00:00+00:00' AIRFLOW_CTX_TRY_NUMBER='1' AIRFLOW_CTX_DAG_RUN_ID='scheduled__2023-12-25T00:00:00+00:00'
[2023-12-26T21:45:38.916+0000] {hive.py:475} INFO - USE `finnhub_db`
[2023-12-26T21:45:38.986+0000] {hive.py:475} INFO - 
                SELECT *
                FROM finnhub_table
            
[2023-12-26T21:45:42.865+0000] {logging_mixin.py:188} INFO -               p crypto_pair                       t        v
0      43694.01     BTCUSDT 2023-12-25 13:10:26.122  0.00095
1      43694.00     BTCUSDT 2023-12-25 13:10:26.314  0.00919
2      43693.84     BTCUSDT 2023-12-25 13:10:26.333  0.00229
3      43684.53     BTCUSDT 2023-12-25 13:10:27.614  0.00229
4      43571.98     BTCUSDT 2023-12-25 18:25:58.632  0.00414
...         ...         ...                     ...      ...
26235  43572.42     BTCUSDT 2023-12-25 18:25:58.632  0.00062
26236  43572.32     BTCUSDT 2023-12-25 18:25:58.632  0.00229
26237  43572.16     BTCUSDT 2023-12-25 18:25:58.632  0.00062
26238  43571.99     BTCUSDT 2023-12-25 18:25:58.632  0.00050
26239  43571.98     BTCUSDT 2023-12-25 18:25:58.632  0.00710

[26240 rows x 4 columns]
[2023-12-26T21:45:42.880+0000] {logging_mixin.py:188} INFO -                         p                             t          v
crypto_pair                                                       
BTCUSDT      43316.447317 2023-12-25 22:51:47.692853248   0.042184
ETHUSDT       2272.574999 2023-12-25 20:56:27.332467968   0.602715
None           238.167070 2023-12-26 17:13:34.198235136  56.601190
[2023-12-26T21:45:42.882+0000] {logging_mixin.py:188} INFO - File '/tmp/batchViews/parquet_output_1.parquet' already exists.
[2023-12-26T21:45:42.944+0000] {logging_mixin.py:188} INFO -                         p                          t          v
crypto_pair                                                    
BTCUSDT      43316.447317 2023-12-25 22:51:47.692853   0.042184
ETHUSDT       2272.574999 2023-12-25 20:56:27.332467   0.602715
None           238.167070 2023-12-26 17:13:34.198235  56.601190
[2023-12-26T21:45:42.949+0000] {python.py:201} INFO - Done. Returned value was: None
[2023-12-26T21:45:42.954+0000] {taskinstance.py:1138} INFO - Marking task as SUCCESS. dag_id=batch_layer, task_id=batch_1, execution_date=20231225T000000, start_date=20231226T214538, end_date=20231226T214542
[2023-12-26T21:45:42.990+0000] {local_task_job_runner.py:234} INFO - Task exited with return code 0
[2023-12-26T21:45:43.002+0000] {taskinstance.py:3281} INFO - 0 downstream tasks scheduled from follow-on schedule check
[2023-12-26T22:33:04.668+0000] {taskinstance.py:1957} INFO - Dependencies all met for dep_context=non-requeueable deps ti=<TaskInstance: batch_layer.batch_1 scheduled__2023-12-25T00:00:00+00:00 [queued]>
[2023-12-26T22:33:04.675+0000] {taskinstance.py:1957} INFO - Dependencies all met for dep_context=requeueable deps ti=<TaskInstance: batch_layer.batch_1 scheduled__2023-12-25T00:00:00+00:00 [queued]>
[2023-12-26T22:33:04.675+0000] {taskinstance.py:2171} INFO - Starting attempt 1 of 2
[2023-12-26T22:33:04.691+0000] {taskinstance.py:2192} INFO - Executing <Task(PythonOperator): batch_1> on 2023-12-25 00:00:00+00:00
[2023-12-26T22:33:04.696+0000] {standard_task_runner.py:60} INFO - Started process 332 to run task
[2023-12-26T22:33:04.700+0000] {standard_task_runner.py:87} INFO - Running: ['airflow', 'tasks', 'run', 'batch_layer', 'batch_1', 'scheduled__2023-12-25T00:00:00+00:00', '--job-id', '9', '--raw', '--subdir', 'DAGS_FOLDER/BatchLayerDag.py', '--cfg-path', '/tmp/tmpydk4bnzr']
[2023-12-26T22:33:04.703+0000] {standard_task_runner.py:88} INFO - Job 9: Subtask batch_1
[2023-12-26T22:33:04.742+0000] {task_command.py:423} INFO - Running <TaskInstance: batch_layer.batch_1 scheduled__2023-12-25T00:00:00+00:00 [running]> on host f81c64188a37
[2023-12-26T22:33:04.804+0000] {taskinstance.py:2481} INFO - Exporting env vars: AIRFLOW_CTX_DAG_EMAIL='airflow@example.com' AIRFLOW_CTX_DAG_OWNER='airflow' AIRFLOW_CTX_DAG_ID='batch_layer' AIRFLOW_CTX_TASK_ID='batch_1' AIRFLOW_CTX_EXECUTION_DATE='2023-12-25T00:00:00+00:00' AIRFLOW_CTX_TRY_NUMBER='1' AIRFLOW_CTX_DAG_RUN_ID='scheduled__2023-12-25T00:00:00+00:00'
[2023-12-26T22:33:04.873+0000] {hive.py:475} INFO - USE `finnhub_db`
[2023-12-26T22:33:04.923+0000] {hive.py:475} INFO - 
                SELECT *
                FROM finnhub_table
            
[2023-12-26T22:33:08.770+0000] {logging_mixin.py:188} INFO -               p crypto_pair                       t        v
0      43694.01     BTCUSDT 2023-12-25 13:10:26.122  0.00095
1      43694.00     BTCUSDT 2023-12-25 13:10:26.314  0.00919
2      43693.84     BTCUSDT 2023-12-25 13:10:26.333  0.00229
3      43684.53     BTCUSDT 2023-12-25 13:10:27.614  0.00229
4      43571.98     BTCUSDT 2023-12-25 18:25:58.632  0.00414
...         ...         ...                     ...      ...
30344  43572.42     BTCUSDT 2023-12-25 18:25:58.632  0.00062
30345  43572.32     BTCUSDT 2023-12-25 18:25:58.632  0.00229
30346  43572.16     BTCUSDT 2023-12-25 18:25:58.632  0.00062
30347  43571.99     BTCUSDT 2023-12-25 18:25:58.632  0.00050
30348  43571.98     BTCUSDT 2023-12-25 18:25:58.632  0.00710

[30349 rows x 4 columns]
[2023-12-26T22:33:08.783+0000] {logging_mixin.py:188} INFO -                         p                             t          v
crypto_pair                                                       
BTCUSDT      43310.026739 2023-12-25 23:01:35.468761600   0.041985
ETHUSDT       2272.296180 2023-12-25 21:04:15.603189248   0.604707
None           238.108845 2023-12-26 17:22:11.391680000  57.496159
[2023-12-26T22:33:08.785+0000] {logging_mixin.py:188} INFO - File '/tmp/batchViews/parquet_output_1.parquet' already exists.
[2023-12-26T22:33:08.831+0000] {logging_mixin.py:188} INFO -                         p                          t          v
crypto_pair                                                    
BTCUSDT      43310.026739 2023-12-25 23:01:35.468761   0.041985
ETHUSDT       2272.296180 2023-12-25 21:04:15.603189   0.604707
None           238.108845 2023-12-26 17:22:11.391680  57.496159
[2023-12-26T22:33:08.837+0000] {python.py:201} INFO - Done. Returned value was: None
[2023-12-26T22:33:08.842+0000] {taskinstance.py:1138} INFO - Marking task as SUCCESS. dag_id=batch_layer, task_id=batch_1, execution_date=20231225T000000, start_date=20231226T223304, end_date=20231226T223308
[2023-12-26T22:33:08.890+0000] {local_task_job_runner.py:234} INFO - Task exited with return code 0
[2023-12-26T22:33:08.903+0000] {taskinstance.py:3281} INFO - 0 downstream tasks scheduled from follow-on schedule check
