[2023-12-26T21:09:56.706+0000] {taskinstance.py:1957} INFO - Dependencies all met for dep_context=non-requeueable deps ti=<TaskInstance: batch_layer.batch_3 scheduled__2023-12-25T00:00:00+00:00 [queued]>
[2023-12-26T21:09:56.712+0000] {taskinstance.py:1957} INFO - Dependencies all met for dep_context=requeueable deps ti=<TaskInstance: batch_layer.batch_3 scheduled__2023-12-25T00:00:00+00:00 [queued]>
[2023-12-26T21:09:56.712+0000] {taskinstance.py:2171} INFO - Starting attempt 1 of 2
[2023-12-26T21:09:56.728+0000] {taskinstance.py:2192} INFO - Executing <Task(PythonOperator): batch_3> on 2023-12-25 00:00:00+00:00
[2023-12-26T21:09:56.732+0000] {standard_task_runner.py:60} INFO - Started process 393 to run task
[2023-12-26T21:09:56.735+0000] {standard_task_runner.py:87} INFO - Running: ['airflow', 'tasks', 'run', 'batch_layer', 'batch_3', 'scheduled__2023-12-25T00:00:00+00:00', '--job-id', '11', '--raw', '--subdir', 'DAGS_FOLDER/BatchLayerDag.py', '--cfg-path', '/tmp/tmp59rqzhg6']
[2023-12-26T21:09:56.737+0000] {standard_task_runner.py:88} INFO - Job 11: Subtask batch_3
[2023-12-26T21:09:56.767+0000] {task_command.py:423} INFO - Running <TaskInstance: batch_layer.batch_3 scheduled__2023-12-25T00:00:00+00:00 [running]> on host d26df5132269
[2023-12-26T21:09:56.813+0000] {taskinstance.py:2481} INFO - Exporting env vars: AIRFLOW_CTX_DAG_EMAIL='airflow@example.com' AIRFLOW_CTX_DAG_OWNER='airflow' AIRFLOW_CTX_DAG_ID='batch_layer' AIRFLOW_CTX_TASK_ID='batch_3' AIRFLOW_CTX_EXECUTION_DATE='2023-12-25T00:00:00+00:00' AIRFLOW_CTX_TRY_NUMBER='1' AIRFLOW_CTX_DAG_RUN_ID='scheduled__2023-12-25T00:00:00+00:00'
[2023-12-26T21:09:56.860+0000] {hive.py:475} INFO - USE `finnhub_db`
[2023-12-26T21:09:56.898+0000] {hive.py:475} INFO - 
                SELECT *
                FROM finnhub_table
            
[2023-12-26T21:09:57.475+0000] {logging_mixin.py:188} INFO -          date        s  max_price  min_price
0  2023-12-25  BTCUSDT   43694.01   43363.34
1  2023-12-25  ETHUSDT    2295.24    2268.24
2  2023-12-26  BTCUSDT   42749.48   42322.00
3  2023-12-26  ETHUSDT    2246.27    2224.05
4  2023-12-26     None     375.53     153.30
[2023-12-26T21:09:57.477+0000] {logging_mixin.py:188} INFO - File '/tmp/batchViews/parquet_output_3.parquet' already exists.
[2023-12-26T21:09:57.508+0000] {python.py:201} INFO - Done. Returned value was: None
[2023-12-26T21:09:57.513+0000] {taskinstance.py:1138} INFO - Marking task as SUCCESS. dag_id=batch_layer, task_id=batch_3, execution_date=20231225T000000, start_date=20231226T210956, end_date=20231226T210957
[2023-12-26T21:09:57.551+0000] {local_task_job_runner.py:234} INFO - Task exited with return code 0
[2023-12-26T21:09:57.559+0000] {taskinstance.py:3281} INFO - 0 downstream tasks scheduled from follow-on schedule check
[2023-12-26T21:45:50.975+0000] {taskinstance.py:1957} INFO - Dependencies all met for dep_context=non-requeueable deps ti=<TaskInstance: batch_layer.batch_3 scheduled__2023-12-25T00:00:00+00:00 [queued]>
[2023-12-26T21:45:50.982+0000] {taskinstance.py:1957} INFO - Dependencies all met for dep_context=requeueable deps ti=<TaskInstance: batch_layer.batch_3 scheduled__2023-12-25T00:00:00+00:00 [queued]>
[2023-12-26T21:45:50.983+0000] {taskinstance.py:2171} INFO - Starting attempt 1 of 2
[2023-12-26T21:45:50.997+0000] {taskinstance.py:2192} INFO - Executing <Task(PythonOperator): batch_3> on 2023-12-25 00:00:00+00:00
[2023-12-26T21:45:51.001+0000] {standard_task_runner.py:60} INFO - Started process 385 to run task
[2023-12-26T21:45:51.004+0000] {standard_task_runner.py:87} INFO - Running: ['airflow', 'tasks', 'run', 'batch_layer', 'batch_3', 'scheduled__2023-12-25T00:00:00+00:00', '--job-id', '11', '--raw', '--subdir', 'DAGS_FOLDER/BatchLayerDag.py', '--cfg-path', '/tmp/tmpoo7_5cbn']
[2023-12-26T21:45:51.006+0000] {standard_task_runner.py:88} INFO - Job 11: Subtask batch_3
[2023-12-26T21:45:51.046+0000] {task_command.py:423} INFO - Running <TaskInstance: batch_layer.batch_3 scheduled__2023-12-25T00:00:00+00:00 [running]> on host b20a8cc54a2d
[2023-12-26T21:45:51.097+0000] {taskinstance.py:2481} INFO - Exporting env vars: AIRFLOW_CTX_DAG_EMAIL='airflow@example.com' AIRFLOW_CTX_DAG_OWNER='airflow' AIRFLOW_CTX_DAG_ID='batch_layer' AIRFLOW_CTX_TASK_ID='batch_3' AIRFLOW_CTX_EXECUTION_DATE='2023-12-25T00:00:00+00:00' AIRFLOW_CTX_TRY_NUMBER='1' AIRFLOW_CTX_DAG_RUN_ID='scheduled__2023-12-25T00:00:00+00:00'
[2023-12-26T21:45:51.158+0000] {hive.py:475} INFO - USE `finnhub_db`
[2023-12-26T21:45:51.203+0000] {hive.py:475} INFO - 
                SELECT *
                FROM finnhub_table
            
[2023-12-26T21:45:52.117+0000] {logging_mixin.py:188} INFO -          date        s  max_price  min_price
0  2023-12-25  BTCUSDT   43694.01   43363.34
1  2023-12-25  ETHUSDT    2295.24    2268.24
2  2023-12-26  BTCUSDT   42749.48   42227.71
3  2023-12-26  ETHUSDT    2246.27    2218.91
4  2023-12-26     None     375.53     153.30
[2023-12-26T21:45:52.120+0000] {logging_mixin.py:188} INFO - File '/tmp/batchViews/parquet_output_3.parquet' already exists.
[2023-12-26T21:45:52.155+0000] {python.py:201} INFO - Done. Returned value was: None
[2023-12-26T21:45:52.160+0000] {taskinstance.py:1138} INFO - Marking task as SUCCESS. dag_id=batch_layer, task_id=batch_3, execution_date=20231225T000000, start_date=20231226T214550, end_date=20231226T214552
[2023-12-26T21:45:52.222+0000] {local_task_job_runner.py:234} INFO - Task exited with return code 0
[2023-12-26T21:45:52.232+0000] {taskinstance.py:3281} INFO - 0 downstream tasks scheduled from follow-on schedule check
[2023-12-26T22:33:15.984+0000] {taskinstance.py:1957} INFO - Dependencies all met for dep_context=non-requeueable deps ti=<TaskInstance: batch_layer.batch_3 scheduled__2023-12-25T00:00:00+00:00 [queued]>
[2023-12-26T22:33:15.989+0000] {taskinstance.py:1957} INFO - Dependencies all met for dep_context=requeueable deps ti=<TaskInstance: batch_layer.batch_3 scheduled__2023-12-25T00:00:00+00:00 [queued]>
[2023-12-26T22:33:15.990+0000] {taskinstance.py:2171} INFO - Starting attempt 1 of 2
[2023-12-26T22:33:16.017+0000] {taskinstance.py:2192} INFO - Executing <Task(PythonOperator): batch_3> on 2023-12-25 00:00:00+00:00
[2023-12-26T22:33:16.022+0000] {standard_task_runner.py:60} INFO - Started process 384 to run task
[2023-12-26T22:33:16.024+0000] {standard_task_runner.py:87} INFO - Running: ['airflow', 'tasks', 'run', 'batch_layer', 'batch_3', 'scheduled__2023-12-25T00:00:00+00:00', '--job-id', '11', '--raw', '--subdir', 'DAGS_FOLDER/BatchLayerDag.py', '--cfg-path', '/tmp/tmp1qynnncz']
[2023-12-26T22:33:16.025+0000] {standard_task_runner.py:88} INFO - Job 11: Subtask batch_3
[2023-12-26T22:33:16.068+0000] {task_command.py:423} INFO - Running <TaskInstance: batch_layer.batch_3 scheduled__2023-12-25T00:00:00+00:00 [running]> on host f81c64188a37
[2023-12-26T22:33:16.131+0000] {taskinstance.py:2481} INFO - Exporting env vars: AIRFLOW_CTX_DAG_EMAIL='airflow@example.com' AIRFLOW_CTX_DAG_OWNER='airflow' AIRFLOW_CTX_DAG_ID='batch_layer' AIRFLOW_CTX_TASK_ID='batch_3' AIRFLOW_CTX_EXECUTION_DATE='2023-12-25T00:00:00+00:00' AIRFLOW_CTX_TRY_NUMBER='1' AIRFLOW_CTX_DAG_RUN_ID='scheduled__2023-12-25T00:00:00+00:00'
[2023-12-26T22:33:16.194+0000] {hive.py:475} INFO - USE `finnhub_db`
[2023-12-26T22:33:16.230+0000] {hive.py:475} INFO - 
                SELECT *
                FROM finnhub_table
            
[2023-12-26T22:33:17.056+0000] {logging_mixin.py:188} INFO -          date        s  max_price  min_price
0  2023-12-25  BTCUSDT   43694.01   43363.34
1  2023-12-25  ETHUSDT    2295.24    2268.24
2  2023-12-26  BTCUSDT   42749.48   42227.71
3  2023-12-26  ETHUSDT    2246.27    2218.91
4  2023-12-26     None     375.53     153.30
[2023-12-26T22:33:17.058+0000] {logging_mixin.py:188} INFO - File '/tmp/batchViews/parquet_output_3.parquet' already exists.
[2023-12-26T22:33:17.089+0000] {python.py:201} INFO - Done. Returned value was: None
[2023-12-26T22:33:17.094+0000] {taskinstance.py:1138} INFO - Marking task as SUCCESS. dag_id=batch_layer, task_id=batch_3, execution_date=20231225T000000, start_date=20231226T223315, end_date=20231226T223317
[2023-12-26T22:33:17.120+0000] {local_task_job_runner.py:234} INFO - Task exited with return code 0
[2023-12-26T22:33:17.129+0000] {taskinstance.py:3281} INFO - 0 downstream tasks scheduled from follow-on schedule check
