[2023-12-23T15:36:19.429+0000] {taskinstance.py:1957} INFO - Dependencies all met for dep_context=non-requeueable deps ti=<TaskInstance: batch_layer.consume_data manual__2023-12-23T15:36:16.828599+00:00 [queued]>
[2023-12-23T15:36:19.434+0000] {taskinstance.py:1957} INFO - Dependencies all met for dep_context=requeueable deps ti=<TaskInstance: batch_layer.consume_data manual__2023-12-23T15:36:16.828599+00:00 [queued]>
[2023-12-23T15:36:19.434+0000] {taskinstance.py:2171} INFO - Starting attempt 1 of 2
[2023-12-23T15:36:19.446+0000] {taskinstance.py:2192} INFO - Executing <Task(PythonOperator): consume_data> on 2023-12-23 15:36:16.828599+00:00
[2023-12-23T15:36:19.450+0000] {standard_task_runner.py:60} INFO - Started process 3849 to run task
[2023-12-23T15:36:19.453+0000] {standard_task_runner.py:87} INFO - Running: ['airflow', 'tasks', 'run', 'batch_layer', 'consume_data', 'manual__2023-12-23T15:36:16.828599+00:00', '--job-id', '44', '--raw', '--subdir', 'DAGS_FOLDER/BatchLayerDag.py', '--cfg-path', '/tmp/tmpc4rbrb4i']
[2023-12-23T15:36:19.454+0000] {standard_task_runner.py:88} INFO - Job 44: Subtask consume_data
[2023-12-23T15:36:19.478+0000] {task_command.py:423} INFO - Running <TaskInstance: batch_layer.consume_data manual__2023-12-23T15:36:16.828599+00:00 [running]> on host 7de9f6b6c8f6
[2023-12-23T15:36:19.521+0000] {taskinstance.py:2481} INFO - Exporting env vars: AIRFLOW_CTX_DAG_EMAIL='airflow@example.com' AIRFLOW_CTX_DAG_OWNER='airflow' AIRFLOW_CTX_DAG_ID='batch_layer' AIRFLOW_CTX_TASK_ID='consume_data' AIRFLOW_CTX_EXECUTION_DATE='2023-12-23T15:36:16.828599+00:00' AIRFLOW_CTX_TRY_NUMBER='1' AIRFLOW_CTX_DAG_RUN_ID='manual__2023-12-23T15:36:16.828599+00:00'
[2023-12-23T15:36:19.566+0000] {hive.py:475} INFO - USE `finnhub_db`
[2023-12-23T15:36:19.608+0000] {hive.py:475} INFO - 
        CREATE TABLE IF NOT EXISTS finnhub_table
        ROW FORMAT SERDE 'org.apache.hadoop.hive.serde2.avro.AvroSerDe'
        STORED AS INPUTFORMAT 'org.apache.hadoop.hive.ql.io.avro.AvroContainerInputFormat'
        OUTPUTFORMAT 'org.apache.hadoop.hive.ql.io.avro.AvroContainerOutputFormat'
        TBLPROPERTIES ('avro.schema.literal'='{"type": "record", "name": "TradeRecord", "fields": [{"name": "p", "type": "double"}, {"name": "exchange", "type": "string"}, {"name": "crypto_pair", "type": "string"}, {"name": "t", "type": "long"}, {"name": "v", "type": "double"}]}')
    
[2023-12-23T15:36:19.656+0000] {hive.py:475} INFO - USE `finnhub_db`
[2023-12-23T15:36:19.699+0000] {hive.py:475} INFO - 
        CREATE TABLE IF NOT EXISTS temp_avro_data
        ROW FORMAT SERDE 'org.apache.hadoop.hive.serde2.avro.AvroSerDe'
        STORED AS INPUTFORMAT 'org.apache.hadoop.hive.ql.io.avro.AvroContainerInputFormat'
        OUTPUTFORMAT 'org.apache.hadoop.hive.ql.io.avro.AvroContainerOutputFormat'
        TBLPROPERTIES ('avro.schema.literal'='{"type": "record", "name": "TradeRecord", "fields": [{"name": "p", "type": "double"}, {"name": "exchange", "type": "string"}, {"name": "crypto_pair", "type": "string"}, {"name": "t", "type": "long"}, {"name": "v", "type": "double"}]}')
    
[2023-12-23T15:36:19.708+0000] {logging_mixin.py:188} INFO - [[{'c': None, 'p': 2291.05, 's': 'BINANCE:ETHUSDT', 't': 1703338927998, 'v': 0.0454}, {'c': None, 'p': 2291.05, 's': 'BINANCE:ETHUSDT', 't': 1703338927998, 'v': 0.0454}, {'c': None, 'p': 2291.05, 's': 'BINANCE:ETHUSDT', 't': 1703338927998, 'v': 0.0112}, {'c': None, 'p': 2291.05, 's': 'BINANCE:ETHUSDT', 't': 1703338927998, 'v': 0.0166}, {'c': None, 'p': 2291.05, 's': 'BINANCE:ETHUSDT', 't': 1703338927998, 'v': 0.6046}, {'c': None, 'p': 2291.05, 's': 'BINANCE:ETHUSDT', 't': 1703338928048, 'v': 0.014}], [{'c': None, 'p': 2291.05, 's': 'BINANCE:ETHUSDT', 't': 1703338928207, 'v': 0.078}, {'c': None, 'p': 43662.5, 's': 'BINANCE:BTCUSDT', 't': 1703338928441, 'v': 0.00021}, {'c': None, 'p': 43662.5, 's': 'BINANCE:BTCUSDT', 't': 1703338928782, 'v': 0.00017}, {'c': None, 'p': 2291.06, 's': 'BINANCE:ETHUSDT', 't': 1703338928928, 'v': 0.0372}], [{'c': None, 'p': 43662.5, 's': 'BINANCE:BTCUSDT', 't': 1703338929314, 'v': 0.00078}, {'c': None, 'p': 43662.5, 's': 'BINANCE:BTCUSDT', 't': 1703338929499, 'v': 0.00037}, {'c': None, 'p': 2291.05, 's': 'BINANCE:ETHUSDT', 't': 1703338929502, 'v': 0.0391}, {'c': None, 'p': 43662.5, 's': 'BINANCE:BTCUSDT', 't': 1703338929769, 'v': 0.01029}, {'c': None, 'p': 43662.5, 's': 'BINANCE:BTCUSDT', 't': 1703338929792, 'v': 0.00511}, {'c': None, 'p': 43662.5, 's': 'BINANCE:BTCUSDT', 't': 1703338929818, 'v': 0.00511}, {'c': None, 'p': 2291.06, 's': 'BINANCE:ETHUSDT', 't': 1703338929899, 'v': 0.0028}, {'c': None, 'p': 2291.05, 's': 'BINANCE:ETHUSDT', 't': 1703338929899, 'v': 0.0284}, {'c': None, 'p': 43662.5, 's': 'BINANCE:BTCUSDT', 't': 1703338929946, 'v': 0.00046}, {'c': None, 'p': 43662.51, 's': 'BINANCE:BTCUSDT', 't': 1703338929956, 'v': 0.00611}], [{'c': None, 'p': 43662.5, 's': 'BINANCE:BTCUSDT', 't': 1703338929973, 'v': 0.0003}, {'c': None, 'p': 43662.5, 's': 'BINANCE:BTCUSDT', 't': 1703338929973, 'v': 0.00078}], [{'c': None, 'p': 43662.5, 's': 'BINANCE:BTCUSDT', 't': 1703338930694, 'v': 0.06553}, {'c': None, 'p': 2291.06, 's': 'BINANCE:ETHUSDT', 't': 1703338930734, 'v': 0.2181}, {'c': None, 'p': 2291.06, 's': 'BINANCE:ETHUSDT', 't': 1703338931136, 'v': 0.0043}, {'c': None, 'p': 2291.06, 's': 'BINANCE:ETHUSDT', 't': 1703338931141, 'v': 0.0111}, {'c': None, 'p': 2291.06, 's': 'BINANCE:ETHUSDT', 't': 1703338930903, 'v': 0.0087}, {'c': None, 'p': 2291.05, 's': 'BINANCE:ETHUSDT', 't': 1703338930961, 'v': 0.1}], [{'c': None, 'p': 2291.05, 's': 'BINANCE:ETHUSDT', 't': 1703338931316, 'v': 7.9519}, {'c': None, 'p': 2291.05, 's': 'BINANCE:ETHUSDT', 't': 1703338931316, 'v': 6.3422}, {'c': None, 'p': 2291.05, 's': 'BINANCE:ETHUSDT', 't': 1703338931316, 'v': 1.5907}, {'c': None, 'p': 2291.05, 's': 'BINANCE:ETHUSDT', 't': 1703338931316, 'v': 0.0712}, {'c': None, 'p': 2291.05, 's': 'BINANCE:ETHUSDT', 't': 1703338931316, 'v': 0.218}, {'c': None, 'p': 2291.05, 's': 'BINANCE:ETHUSDT', 't': 1703338931316, 'v': 0.218}, {'c': None, 'p': 2291.05, 's': 'BINANCE:ETHUSDT', 't': 1703338931316, 'v': 5.9562}, {'c': None, 'p': 2291.05, 's': 'BINANCE:ETHUSDT', 't': 1703338931316, 'v': 0.2251}, {'c': None, 'p': 2291.05, 's': 'BINANCE:ETHUSDT', 't': 1703338931316, 'v': 9.7}, {'c': None, 'p': 2291.04, 's': 'BINANCE:ETHUSDT', 't': 1703338931316, 'v': 0.0127}], [{'c': None, 'p': 2291.03, 's': 'BINANCE:ETHUSDT', 't': 1703338931316, 'v': 0.0318}, {'c': None, 'p': 2291.02, 's': 'BINANCE:ETHUSDT', 't': 1703338931316, 'v': 0.0022}, {'c': None, 'p': 2291.02, 's': 'BINANCE:ETHUSDT', 't': 1703338931316, 'v': 0.0023}, {'c': None, 'p': 2291.01, 's': 'BINANCE:ETHUSDT', 't': 1703338931316, 'v': 0.004}, {'c': None, 'p': 2291.01, 's': 'BINANCE:ETHUSDT', 't': 1703338931316, 'v': 0.5}, {'c': None, 'p': 2291, 's': 'BINANCE:ETHUSDT', 't': 1703338931316, 'v': 0.0513}, {'c': None, 'p': 2291, 's': 'BINANCE:ETHUSDT', 't': 1703338931316, 'v': 2.1824}, {'c': None, 'p': 2291, 's': 'BINANCE:ETHUSDT', 't': 1703338931316, 'v': 0.0106}, {'c': None, 'p': 2291, 's': 'BINANCE:ETHUSDT', 't': 1703338931316, 'v': 4.7763}, {'c': None, 'p': 2291, 's': 'BINANCE:ETHUSDT', 't': 1703338931317, 'v': 3.2}], [{'c': None, 'p': 2291, 's': 'BINANCE:ETHUSDT', 't': 1703338931317, 'v': 50.5583}, {'c': None, 'p': 2291, 's': 'BINANCE:ETHUSDT', 't': 1703338931318, 'v': 1.6}, {'c': None, 'p': 2291, 's': 'BINANCE:ETHUSDT', 't': 1703338931319, 'v': 3.2}, {'c': None, 'p': 2291, 's': 'BINANCE:ETHUSDT', 't': 1703338931322, 'v': 0.8}, {'c': None, 'p': 2291, 's': 'BINANCE:ETHUSDT', 't': 1703338931324, 'v': 20.2044}, {'c': None, 'p': 2291, 's': 'BINANCE:ETHUSDT', 't': 1703338931324, 'v': 0.0022}, {'c': None, 'p': 2291, 's': 'BINANCE:ETHUSDT', 't': 1703338931324, 'v': 0.0048}, {'c': None, 'p': 2290.98, 's': 'BINANCE:ETHUSDT', 't': 1703338931324, 'v': 0.0318}, {'c': None, 'p': 2290.98, 's': 'BINANCE:ETHUSDT', 't': 1703338931324, 'v': 0.0127}, {'c': None, 'p': 2290.96, 's': 'BINANCE:ETHUSDT', 't': 1703338931324, 'v': 1.3651}], [{'c': None, 'p': 2290.93, 's': 'BINANCE:ETHUSDT', 't': 1703338931324, 'v': 0.0023}, {'c': None, 'p': 2290.93, 's': 'BINANCE:ETHUSDT', 't': 1703338931324, 'v': 0.0318}, {'c': None, 'p': 2290.92, 's': 'BINANCE:ETHUSDT', 't': 1703338931324, 'v': 0.0045}, {'c': None, 'p': 2290.92, 's': 'BINANCE:ETHUSDT', 't': 1703338931324, 'v': 4.3967}, {'c': None, 'p': 2290.92, 's': 'BINANCE:ETHUSDT', 't': 1703338931324, 'v': 0.1272}, {'c': None, 'p': 2290.92, 's': 'BINANCE:ETHUSDT', 't': 1703338931324, 'v': 0.0045}, {'c': None, 'p': 2290.92, 's': 'BINANCE:ETHUSDT', 't': 1703338931324, 'v': 0.013}, {'c': None, 'p': 2290.88, 's': 'BINANCE:ETHUSDT', 't': 1703338931324, 'v': 0.0023}, {'c': None, 'p': 2290.88, 's': 'BINANCE:ETHUSDT', 't': 1703338931324, 'v': 0.0318}, {'c': None, 'p': 2290.87, 's': 'BINANCE:ETHUSDT', 't': 1703338931324, 'v': 0.0031}], [{'c': None, 'p': 2290.86, 's': 'BINANCE:ETHUSDT', 't': 1703338931324, 'v': 0.0037}, {'c': None, 'p': 2290.84, 's': 'BINANCE:ETHUSDT', 't': 1703338931324, 'v': 0.0081}, {'c': None, 'p': 2290.83, 's': 'BINANCE:ETHUSDT', 't': 1703338931324, 'v': 0.0318}, {'c': None, 'p': 2290.82, 's': 'BINANCE:ETHUSDT', 't': 1703338931324, 'v': 6.5447}, {'c': None, 'p': 2290.8, 's': 'BINANCE:ETHUSDT', 't': 1703338931324, 'v': 2.169}, {'c': None, 'p': 2290.78, 's': 'BINANCE:ETHUSDT', 't': 1703338931324, 'v': 0.0109}, {'c': None, 'p': 2290.78, 's': 'BINANCE:ETHUSDT', 't': 1703338931324, 'v': 0.0318}, {'c': None, 'p': 2290.78, 's': 'BINANCE:ETHUSDT', 't': 1703338931324, 'v': 0.004}, {'c': None, 'p': 2290.73, 's': 'BINANCE:ETHUSDT', 't': 1703338931324, 'v': 0.0042}, {'c': None, 'p': 2290.73, 's': 'BINANCE:ETHUSDT', 't': 1703338931324, 'v': 0.0044}]]
[2023-12-23T15:36:19.708+0000] {hive.py:475} INFO - 
                            INSERT INTO temp_avro_data
                            VALUES (

                                2291.05,
                                'BINANCE',  -- New 'exchange' attribute
                                'ETHUSDT',  -- New 'crypto_pair' attribute
                                1703338927998,
                                0.0454
                            )
                        
[2023-12-23T15:36:22.299+0000] {hive.py:475} INFO - 
                            INSERT INTO temp_avro_data
                            VALUES (

                                2291.05,
                                'BINANCE',  -- New 'exchange' attribute
                                'ETHUSDT',  -- New 'crypto_pair' attribute
                                1703338927998,
                                0.0454
                            )
                        
[2023-12-23T15:36:24.995+0000] {hive.py:475} INFO - 
                            INSERT INTO temp_avro_data
                            VALUES (

                                2291.05,
                                'BINANCE',  -- New 'exchange' attribute
                                'ETHUSDT',  -- New 'crypto_pair' attribute
                                1703338927998,
                                0.0112
                            )
                        
[2023-12-23T15:36:27.709+0000] {hive.py:475} INFO - 
                            INSERT INTO temp_avro_data
                            VALUES (

                                2291.05,
                                'BINANCE',  -- New 'exchange' attribute
                                'ETHUSDT',  -- New 'crypto_pair' attribute
                                1703338927998,
                                0.0166
                            )
                        
[2023-12-23T15:36:30.402+0000] {hive.py:475} INFO - 
                            INSERT INTO temp_avro_data
                            VALUES (

                                2291.05,
                                'BINANCE',  -- New 'exchange' attribute
                                'ETHUSDT',  -- New 'crypto_pair' attribute
                                1703338927998,
                                0.6046
                            )
                        
[2023-12-23T15:36:33.152+0000] {hive.py:475} INFO - 
                            INSERT INTO temp_avro_data
                            VALUES (

                                2291.05,
                                'BINANCE',  -- New 'exchange' attribute
                                'ETHUSDT',  -- New 'crypto_pair' attribute
                                1703338928048,
                                0.014
                            )
                        
[2023-12-23T15:36:35.858+0000] {hive.py:475} INFO - 
                            INSERT INTO temp_avro_data
                            VALUES (

                                2291.05,
                                'BINANCE',  -- New 'exchange' attribute
                                'ETHUSDT',  -- New 'crypto_pair' attribute
                                1703338928207,
                                0.078
                            )
                        
[2023-12-23T15:36:38.619+0000] {hive.py:475} INFO - 
                            INSERT INTO temp_avro_data
                            VALUES (

                                43662.5,
                                'BINANCE',  -- New 'exchange' attribute
                                'BTCUSDT',  -- New 'crypto_pair' attribute
                                1703338928441,
                                0.00021
                            )
                        
[2023-12-23T15:36:41.519+0000] {hive.py:475} INFO - 
                            INSERT INTO temp_avro_data
                            VALUES (

                                43662.5,
                                'BINANCE',  -- New 'exchange' attribute
                                'BTCUSDT',  -- New 'crypto_pair' attribute
                                1703338928782,
                                0.00017
                            )
                        
[2023-12-23T15:36:44.236+0000] {hive.py:475} INFO - 
                            INSERT INTO temp_avro_data
                            VALUES (

                                2291.06,
                                'BINANCE',  -- New 'exchange' attribute
                                'ETHUSDT',  -- New 'crypto_pair' attribute
                                1703338928928,
                                0.0372
                            )
                        
[2023-12-23T15:36:46.971+0000] {hive.py:475} INFO - 
                            INSERT INTO temp_avro_data
                            VALUES (

                                43662.5,
                                'BINANCE',  -- New 'exchange' attribute
                                'BTCUSDT',  -- New 'crypto_pair' attribute
                                1703338929314,
                                0.00078
                            )
                        
[2023-12-23T15:36:49.702+0000] {hive.py:475} INFO - 
                            INSERT INTO temp_avro_data
                            VALUES (

                                43662.5,
                                'BINANCE',  -- New 'exchange' attribute
                                'BTCUSDT',  -- New 'crypto_pair' attribute
                                1703338929499,
                                0.00037
                            )
                        
[2023-12-23T15:36:52.393+0000] {hive.py:475} INFO - 
                            INSERT INTO temp_avro_data
                            VALUES (

                                2291.05,
                                'BINANCE',  -- New 'exchange' attribute
                                'ETHUSDT',  -- New 'crypto_pair' attribute
                                1703338929502,
                                0.0391
                            )
                        
[2023-12-23T15:36:55.268+0000] {hive.py:475} INFO - 
                            INSERT INTO temp_avro_data
                            VALUES (

                                43662.5,
                                'BINANCE',  -- New 'exchange' attribute
                                'BTCUSDT',  -- New 'crypto_pair' attribute
                                1703338929769,
                                0.01029
                            )
                        
[2023-12-23T15:36:58.191+0000] {hive.py:475} INFO - 
                            INSERT INTO temp_avro_data
                            VALUES (

                                43662.5,
                                'BINANCE',  -- New 'exchange' attribute
                                'BTCUSDT',  -- New 'crypto_pair' attribute
                                1703338929792,
                                0.00511
                            )
                        
[2023-12-23T15:37:00.938+0000] {hive.py:475} INFO - 
                            INSERT INTO temp_avro_data
                            VALUES (

                                43662.5,
                                'BINANCE',  -- New 'exchange' attribute
                                'BTCUSDT',  -- New 'crypto_pair' attribute
                                1703338929818,
                                0.00511
                            )
                        
[2023-12-23T15:37:03.695+0000] {hive.py:475} INFO - 
                            INSERT INTO temp_avro_data
                            VALUES (

                                2291.06,
                                'BINANCE',  -- New 'exchange' attribute
                                'ETHUSDT',  -- New 'crypto_pair' attribute
                                1703338929899,
                                0.0028
                            )
                        
[2023-12-23T15:37:06.522+0000] {hive.py:475} INFO - 
                            INSERT INTO temp_avro_data
                            VALUES (

                                2291.05,
                                'BINANCE',  -- New 'exchange' attribute
                                'ETHUSDT',  -- New 'crypto_pair' attribute
                                1703338929899,
                                0.0284
                            )
                        
[2023-12-23T15:37:09.408+0000] {hive.py:475} INFO - 
                            INSERT INTO temp_avro_data
                            VALUES (

                                43662.5,
                                'BINANCE',  -- New 'exchange' attribute
                                'BTCUSDT',  -- New 'crypto_pair' attribute
                                1703338929946,
                                0.00046
                            )
                        
[2023-12-23T15:37:12.243+0000] {hive.py:475} INFO - 
                            INSERT INTO temp_avro_data
                            VALUES (

                                43662.51,
                                'BINANCE',  -- New 'exchange' attribute
                                'BTCUSDT',  -- New 'crypto_pair' attribute
                                1703338929956,
                                0.00611
                            )
                        
[2023-12-23T15:37:15.171+0000] {hive.py:475} INFO - 
                            INSERT INTO temp_avro_data
                            VALUES (

                                43662.5,
                                'BINANCE',  -- New 'exchange' attribute
                                'BTCUSDT',  -- New 'crypto_pair' attribute
                                1703338929973,
                                0.0003
                            )
                        
[2023-12-23T15:37:18.137+0000] {hive.py:475} INFO - 
                            INSERT INTO temp_avro_data
                            VALUES (

                                43662.5,
                                'BINANCE',  -- New 'exchange' attribute
                                'BTCUSDT',  -- New 'crypto_pair' attribute
                                1703338929973,
                                0.00078
                            )
                        
[2023-12-23T15:37:20.996+0000] {hive.py:475} INFO - 
                            INSERT INTO temp_avro_data
                            VALUES (

                                43662.5,
                                'BINANCE',  -- New 'exchange' attribute
                                'BTCUSDT',  -- New 'crypto_pair' attribute
                                1703338930694,
                                0.06553
                            )
                        
[2023-12-23T15:37:23.840+0000] {hive.py:475} INFO - 
                            INSERT INTO temp_avro_data
                            VALUES (

                                2291.06,
                                'BINANCE',  -- New 'exchange' attribute
                                'ETHUSDT',  -- New 'crypto_pair' attribute
                                1703338930734,
                                0.2181
                            )
                        
[2023-12-23T15:37:26.674+0000] {hive.py:475} INFO - 
                            INSERT INTO temp_avro_data
                            VALUES (

                                2291.06,
                                'BINANCE',  -- New 'exchange' attribute
                                'ETHUSDT',  -- New 'crypto_pair' attribute
                                1703338931136,
                                0.0043
                            )
                        
[2023-12-23T15:37:29.577+0000] {hive.py:475} INFO - 
                            INSERT INTO temp_avro_data
                            VALUES (

                                2291.06,
                                'BINANCE',  -- New 'exchange' attribute
                                'ETHUSDT',  -- New 'crypto_pair' attribute
                                1703338931141,
                                0.0111
                            )
                        
[2023-12-23T15:37:32.402+0000] {hive.py:475} INFO - 
                            INSERT INTO temp_avro_data
                            VALUES (

                                2291.06,
                                'BINANCE',  -- New 'exchange' attribute
                                'ETHUSDT',  -- New 'crypto_pair' attribute
                                1703338930903,
                                0.0087
                            )
                        
[2023-12-23T15:37:35.198+0000] {hive.py:475} INFO - 
                            INSERT INTO temp_avro_data
                            VALUES (

                                2291.05,
                                'BINANCE',  -- New 'exchange' attribute
                                'ETHUSDT',  -- New 'crypto_pair' attribute
                                1703338930961,
                                0.1
                            )
                        
[2023-12-23T15:37:38.120+0000] {hive.py:475} INFO - 
                            INSERT INTO temp_avro_data
                            VALUES (

                                2291.05,
                                'BINANCE',  -- New 'exchange' attribute
                                'ETHUSDT',  -- New 'crypto_pair' attribute
                                1703338931316,
                                7.9519
                            )
                        
[2023-12-23T15:37:41.462+0000] {hive.py:475} INFO - 
                            INSERT INTO temp_avro_data
                            VALUES (

                                2291.05,
                                'BINANCE',  -- New 'exchange' attribute
                                'ETHUSDT',  -- New 'crypto_pair' attribute
                                1703338931316,
                                6.3422
                            )
                        
[2023-12-23T15:37:44.294+0000] {hive.py:475} INFO - 
                            INSERT INTO temp_avro_data
                            VALUES (

                                2291.05,
                                'BINANCE',  -- New 'exchange' attribute
                                'ETHUSDT',  -- New 'crypto_pair' attribute
                                1703338931316,
                                1.5907
                            )
                        
[2023-12-23T15:37:47.496+0000] {hive.py:475} INFO - 
                            INSERT INTO temp_avro_data
                            VALUES (

                                2291.05,
                                'BINANCE',  -- New 'exchange' attribute
                                'ETHUSDT',  -- New 'crypto_pair' attribute
                                1703338931316,
                                0.0712
                            )
                        
[2023-12-23T15:37:50.358+0000] {hive.py:475} INFO - 
                            INSERT INTO temp_avro_data
                            VALUES (

                                2291.05,
                                'BINANCE',  -- New 'exchange' attribute
                                'ETHUSDT',  -- New 'crypto_pair' attribute
                                1703338931316,
                                0.218
                            )
                        
[2023-12-23T15:37:53.200+0000] {hive.py:475} INFO - 
                            INSERT INTO temp_avro_data
                            VALUES (

                                2291.05,
                                'BINANCE',  -- New 'exchange' attribute
                                'ETHUSDT',  -- New 'crypto_pair' attribute
                                1703338931316,
                                0.218
                            )
                        
[2023-12-23T15:37:56.075+0000] {hive.py:475} INFO - 
                            INSERT INTO temp_avro_data
                            VALUES (

                                2291.05,
                                'BINANCE',  -- New 'exchange' attribute
                                'ETHUSDT',  -- New 'crypto_pair' attribute
                                1703338931316,
                                5.9562
                            )
                        
[2023-12-23T15:37:58.969+0000] {hive.py:475} INFO - 
                            INSERT INTO temp_avro_data
                            VALUES (

                                2291.05,
                                'BINANCE',  -- New 'exchange' attribute
                                'ETHUSDT',  -- New 'crypto_pair' attribute
                                1703338931316,
                                0.2251
                            )
                        
[2023-12-23T15:38:01.879+0000] {hive.py:475} INFO - 
                            INSERT INTO temp_avro_data
                            VALUES (

                                2291.05,
                                'BINANCE',  -- New 'exchange' attribute
                                'ETHUSDT',  -- New 'crypto_pair' attribute
                                1703338931316,
                                9.7
                            )
                        
[2023-12-23T15:38:04.871+0000] {hive.py:475} INFO - 
                            INSERT INTO temp_avro_data
                            VALUES (

                                2291.04,
                                'BINANCE',  -- New 'exchange' attribute
                                'ETHUSDT',  -- New 'crypto_pair' attribute
                                1703338931316,
                                0.0127
                            )
                        
[2023-12-23T15:38:07.818+0000] {hive.py:475} INFO - 
                            INSERT INTO temp_avro_data
                            VALUES (

                                2291.03,
                                'BINANCE',  -- New 'exchange' attribute
                                'ETHUSDT',  -- New 'crypto_pair' attribute
                                1703338931316,
                                0.0318
                            )
                        
[2023-12-23T15:38:10.694+0000] {hive.py:475} INFO - 
                            INSERT INTO temp_avro_data
                            VALUES (

                                2291.02,
                                'BINANCE',  -- New 'exchange' attribute
                                'ETHUSDT',  -- New 'crypto_pair' attribute
                                1703338931316,
                                0.0022
                            )
                        
[2023-12-23T15:38:13.972+0000] {hive.py:475} INFO - 
                            INSERT INTO temp_avro_data
                            VALUES (

                                2291.02,
                                'BINANCE',  -- New 'exchange' attribute
                                'ETHUSDT',  -- New 'crypto_pair' attribute
                                1703338931316,
                                0.0023
                            )
                        
[2023-12-23T15:38:16.896+0000] {hive.py:475} INFO - 
                            INSERT INTO temp_avro_data
                            VALUES (

                                2291.01,
                                'BINANCE',  -- New 'exchange' attribute
                                'ETHUSDT',  -- New 'crypto_pair' attribute
                                1703338931316,
                                0.004
                            )
                        
[2023-12-23T15:38:19.808+0000] {hive.py:475} INFO - 
                            INSERT INTO temp_avro_data
                            VALUES (

                                2291.01,
                                'BINANCE',  -- New 'exchange' attribute
                                'ETHUSDT',  -- New 'crypto_pair' attribute
                                1703338931316,
                                0.5
                            )
                        
[2023-12-23T15:38:22.699+0000] {hive.py:475} INFO - 
                            INSERT INTO temp_avro_data
                            VALUES (

                                2291,
                                'BINANCE',  -- New 'exchange' attribute
                                'ETHUSDT',  -- New 'crypto_pair' attribute
                                1703338931316,
                                0.0513
                            )
                        
[2023-12-23T15:38:25.576+0000] {hive.py:475} INFO - 
                            INSERT INTO temp_avro_data
                            VALUES (

                                2291,
                                'BINANCE',  -- New 'exchange' attribute
                                'ETHUSDT',  -- New 'crypto_pair' attribute
                                1703338931316,
                                2.1824
                            )
                        
[2023-12-23T15:38:28.409+0000] {hive.py:475} INFO - 
                            INSERT INTO temp_avro_data
                            VALUES (

                                2291,
                                'BINANCE',  -- New 'exchange' attribute
                                'ETHUSDT',  -- New 'crypto_pair' attribute
                                1703338931316,
                                0.0106
                            )
                        
[2023-12-23T15:38:31.236+0000] {hive.py:475} INFO - 
                            INSERT INTO temp_avro_data
                            VALUES (

                                2291,
                                'BINANCE',  -- New 'exchange' attribute
                                'ETHUSDT',  -- New 'crypto_pair' attribute
                                1703338931316,
                                4.7763
                            )
                        
[2023-12-23T15:38:34.170+0000] {hive.py:475} INFO - 
                            INSERT INTO temp_avro_data
                            VALUES (

                                2291,
                                'BINANCE',  -- New 'exchange' attribute
                                'ETHUSDT',  -- New 'crypto_pair' attribute
                                1703338931317,
                                3.2
                            )
                        
[2023-12-23T15:38:37.041+0000] {hive.py:475} INFO - 
                            INSERT INTO temp_avro_data
                            VALUES (

                                2291,
                                'BINANCE',  -- New 'exchange' attribute
                                'ETHUSDT',  -- New 'crypto_pair' attribute
                                1703338931317,
                                50.5583
                            )
                        
[2023-12-23T15:38:39.880+0000] {hive.py:475} INFO - 
                            INSERT INTO temp_avro_data
                            VALUES (

                                2291,
                                'BINANCE',  -- New 'exchange' attribute
                                'ETHUSDT',  -- New 'crypto_pair' attribute
                                1703338931318,
                                1.6
                            )
                        
[2023-12-23T15:38:42.791+0000] {hive.py:475} INFO - 
                            INSERT INTO temp_avro_data
                            VALUES (

                                2291,
                                'BINANCE',  -- New 'exchange' attribute
                                'ETHUSDT',  -- New 'crypto_pair' attribute
                                1703338931319,
                                3.2
                            )
                        
[2023-12-23T15:38:46.081+0000] {hive.py:475} INFO - 
                            INSERT INTO temp_avro_data
                            VALUES (

                                2291,
                                'BINANCE',  -- New 'exchange' attribute
                                'ETHUSDT',  -- New 'crypto_pair' attribute
                                1703338931322,
                                0.8
                            )
                        
[2023-12-23T15:38:49.114+0000] {hive.py:475} INFO - 
                            INSERT INTO temp_avro_data
                            VALUES (

                                2291,
                                'BINANCE',  -- New 'exchange' attribute
                                'ETHUSDT',  -- New 'crypto_pair' attribute
                                1703338931324,
                                20.2044
                            )
                        
[2023-12-23T15:38:52.202+0000] {hive.py:475} INFO - 
                            INSERT INTO temp_avro_data
                            VALUES (

                                2291,
                                'BINANCE',  -- New 'exchange' attribute
                                'ETHUSDT',  -- New 'crypto_pair' attribute
                                1703338931324,
                                0.0022
                            )
                        
[2023-12-23T15:38:55.255+0000] {hive.py:475} INFO - 
                            INSERT INTO temp_avro_data
                            VALUES (

                                2291,
                                'BINANCE',  -- New 'exchange' attribute
                                'ETHUSDT',  -- New 'crypto_pair' attribute
                                1703338931324,
                                0.0048
                            )
                        
[2023-12-23T15:38:58.236+0000] {hive.py:475} INFO - 
                            INSERT INTO temp_avro_data
                            VALUES (

                                2290.98,
                                'BINANCE',  -- New 'exchange' attribute
                                'ETHUSDT',  -- New 'crypto_pair' attribute
                                1703338931324,
                                0.0318
                            )
                        
[2023-12-23T15:39:01.180+0000] {hive.py:475} INFO - 
                            INSERT INTO temp_avro_data
                            VALUES (

                                2290.98,
                                'BINANCE',  -- New 'exchange' attribute
                                'ETHUSDT',  -- New 'crypto_pair' attribute
                                1703338931324,
                                0.0127
                            )
                        
[2023-12-23T15:39:04.109+0000] {hive.py:475} INFO - 
                            INSERT INTO temp_avro_data
                            VALUES (

                                2290.96,
                                'BINANCE',  -- New 'exchange' attribute
                                'ETHUSDT',  -- New 'crypto_pair' attribute
                                1703338931324,
                                1.3651
                            )
                        
[2023-12-23T15:39:07.005+0000] {hive.py:475} INFO - 
                            INSERT INTO temp_avro_data
                            VALUES (

                                2290.93,
                                'BINANCE',  -- New 'exchange' attribute
                                'ETHUSDT',  -- New 'crypto_pair' attribute
                                1703338931324,
                                0.0023
                            )
                        
[2023-12-23T15:39:09.923+0000] {hive.py:475} INFO - 
                            INSERT INTO temp_avro_data
                            VALUES (

                                2290.93,
                                'BINANCE',  -- New 'exchange' attribute
                                'ETHUSDT',  -- New 'crypto_pair' attribute
                                1703338931324,
                                0.0318
                            )
                        
[2023-12-23T15:39:12.869+0000] {hive.py:475} INFO - 
                            INSERT INTO temp_avro_data
                            VALUES (

                                2290.92,
                                'BINANCE',  -- New 'exchange' attribute
                                'ETHUSDT',  -- New 'crypto_pair' attribute
                                1703338931324,
                                0.0045
                            )
                        
[2023-12-23T15:39:15.800+0000] {hive.py:475} INFO - 
                            INSERT INTO temp_avro_data
                            VALUES (

                                2290.92,
                                'BINANCE',  -- New 'exchange' attribute
                                'ETHUSDT',  -- New 'crypto_pair' attribute
                                1703338931324,
                                4.3967
                            )
                        
[2023-12-23T15:39:18.781+0000] {hive.py:475} INFO - 
                            INSERT INTO temp_avro_data
                            VALUES (

                                2290.92,
                                'BINANCE',  -- New 'exchange' attribute
                                'ETHUSDT',  -- New 'crypto_pair' attribute
                                1703338931324,
                                0.1272
                            )
                        
[2023-12-23T15:39:21.782+0000] {hive.py:475} INFO - 
                            INSERT INTO temp_avro_data
                            VALUES (

                                2290.92,
                                'BINANCE',  -- New 'exchange' attribute
                                'ETHUSDT',  -- New 'crypto_pair' attribute
                                1703338931324,
                                0.0045
                            )
                        
[2023-12-23T15:39:24.769+0000] {hive.py:475} INFO - 
                            INSERT INTO temp_avro_data
                            VALUES (

                                2290.92,
                                'BINANCE',  -- New 'exchange' attribute
                                'ETHUSDT',  -- New 'crypto_pair' attribute
                                1703338931324,
                                0.013
                            )
                        
[2023-12-23T15:39:27.742+0000] {hive.py:475} INFO - 
                            INSERT INTO temp_avro_data
                            VALUES (

                                2290.88,
                                'BINANCE',  -- New 'exchange' attribute
                                'ETHUSDT',  -- New 'crypto_pair' attribute
                                1703338931324,
                                0.0023
                            )
                        
[2023-12-23T15:39:30.789+0000] {hive.py:475} INFO - 
                            INSERT INTO temp_avro_data
                            VALUES (

                                2290.88,
                                'BINANCE',  -- New 'exchange' attribute
                                'ETHUSDT',  -- New 'crypto_pair' attribute
                                1703338931324,
                                0.0318
                            )
                        
[2023-12-23T15:39:33.742+0000] {hive.py:475} INFO - 
                            INSERT INTO temp_avro_data
                            VALUES (

                                2290.87,
                                'BINANCE',  -- New 'exchange' attribute
                                'ETHUSDT',  -- New 'crypto_pair' attribute
                                1703338931324,
                                0.0031
                            )
                        
[2023-12-23T15:39:36.683+0000] {hive.py:475} INFO - 
                            INSERT INTO temp_avro_data
                            VALUES (

                                2290.86,
                                'BINANCE',  -- New 'exchange' attribute
                                'ETHUSDT',  -- New 'crypto_pair' attribute
                                1703338931324,
                                0.0037
                            )
                        
[2023-12-23T15:39:39.657+0000] {hive.py:475} INFO - 
                            INSERT INTO temp_avro_data
                            VALUES (

                                2290.84,
                                'BINANCE',  -- New 'exchange' attribute
                                'ETHUSDT',  -- New 'crypto_pair' attribute
                                1703338931324,
                                0.0081
                            )
                        
[2023-12-23T15:39:42.597+0000] {hive.py:475} INFO - 
                            INSERT INTO temp_avro_data
                            VALUES (

                                2290.83,
                                'BINANCE',  -- New 'exchange' attribute
                                'ETHUSDT',  -- New 'crypto_pair' attribute
                                1703338931324,
                                0.0318
                            )
                        
[2023-12-23T15:39:45.595+0000] {hive.py:475} INFO - 
                            INSERT INTO temp_avro_data
                            VALUES (

                                2290.82,
                                'BINANCE',  -- New 'exchange' attribute
                                'ETHUSDT',  -- New 'crypto_pair' attribute
                                1703338931324,
                                6.5447
                            )
                        
[2023-12-23T15:39:48.494+0000] {hive.py:475} INFO - 
                            INSERT INTO temp_avro_data
                            VALUES (

                                2290.8,
                                'BINANCE',  -- New 'exchange' attribute
                                'ETHUSDT',  -- New 'crypto_pair' attribute
                                1703338931324,
                                2.169
                            )
                        
[2023-12-23T15:39:51.438+0000] {hive.py:475} INFO - 
                            INSERT INTO temp_avro_data
                            VALUES (

                                2290.78,
                                'BINANCE',  -- New 'exchange' attribute
                                'ETHUSDT',  -- New 'crypto_pair' attribute
                                1703338931324,
                                0.0109
                            )
                        
[2023-12-23T15:39:54.731+0000] {hive.py:475} INFO - 
                            INSERT INTO temp_avro_data
                            VALUES (

                                2290.78,
                                'BINANCE',  -- New 'exchange' attribute
                                'ETHUSDT',  -- New 'crypto_pair' attribute
                                1703338931324,
                                0.0318
                            )
                        
[2023-12-23T15:39:57.797+0000] {hive.py:475} INFO - 
                            INSERT INTO temp_avro_data
                            VALUES (

                                2290.78,
                                'BINANCE',  -- New 'exchange' attribute
                                'ETHUSDT',  -- New 'crypto_pair' attribute
                                1703338931324,
                                0.004
                            )
                        
[2023-12-23T15:40:00.715+0000] {hive.py:475} INFO - 
                            INSERT INTO temp_avro_data
                            VALUES (

                                2290.73,
                                'BINANCE',  -- New 'exchange' attribute
                                'ETHUSDT',  -- New 'crypto_pair' attribute
                                1703338931324,
                                0.0042
                            )
                        
[2023-12-23T15:40:03.629+0000] {hive.py:475} INFO - 
                            INSERT INTO temp_avro_data
                            VALUES (

                                2290.73,
                                'BINANCE',  -- New 'exchange' attribute
                                'ETHUSDT',  -- New 'crypto_pair' attribute
                                1703338931324,
                                0.0044
                            )
                        
[2023-12-23T15:40:06.538+0000] {logging_mixin.py:188} INFO - 
Inserting batch into Hive...
[2023-12-23T15:40:06.542+0000] {hive.py:475} INFO - 
            INSERT INTO TABLE finnhub_table 
            SELECT *
            FROM temp_avro_data
        
[2023-12-23T15:43:07.320+0000] {logging_mixin.py:188} INFO - Batch successfully inserted into Hive.
[2023-12-23T15:43:07.321+0000] {logging_mixin.py:188} INFO - finish
[2023-12-23T15:43:07.332+0000] {python.py:201} INFO - Done. Returned value was: None
[2023-12-23T15:43:07.340+0000] {taskinstance.py:1138} INFO - Marking task as SUCCESS. dag_id=batch_layer, task_id=consume_data, execution_date=20231223T153616, start_date=20231223T153619, end_date=20231223T154307
[2023-12-23T15:43:07.386+0000] {local_task_job_runner.py:234} INFO - Task exited with return code 0
[2023-12-23T15:43:07.397+0000] {taskinstance.py:3281} INFO - 2 downstream tasks scheduled from follow-on schedule check
