[2023-12-23T19:27:31.664+0000] {taskinstance.py:1957} INFO - Dependencies all met for dep_context=non-requeueable deps ti=<TaskInstance: serving-layer.serving scheduled__2023-12-22T00:00:00+00:00 [queued]>
[2023-12-23T19:27:31.669+0000] {taskinstance.py:1957} INFO - Dependencies all met for dep_context=requeueable deps ti=<TaskInstance: serving-layer.serving scheduled__2023-12-22T00:00:00+00:00 [queued]>
[2023-12-23T19:27:31.670+0000] {taskinstance.py:2171} INFO - Starting attempt 2 of 2
[2023-12-23T19:27:31.681+0000] {taskinstance.py:2192} INFO - Executing <Task(PythonOperator): serving> on 2023-12-22 00:00:00+00:00
[2023-12-23T19:27:31.685+0000] {standard_task_runner.py:60} INFO - Started process 353 to run task
[2023-12-23T19:27:31.688+0000] {standard_task_runner.py:87} INFO - Running: ['airflow', 'tasks', 'run', 'serving-layer', 'serving', 'scheduled__2023-12-22T00:00:00+00:00', '--job-id', '10', '--raw', '--subdir', 'DAGS_FOLDER/servingLayer.py', '--cfg-path', '/tmp/tmpzjzzf2ea']
[2023-12-23T19:27:31.690+0000] {standard_task_runner.py:88} INFO - Job 10: Subtask serving
[2023-12-23T19:27:31.716+0000] {task_command.py:423} INFO - Running <TaskInstance: serving-layer.serving scheduled__2023-12-22T00:00:00+00:00 [running]> on host 96b261be22d1
[2023-12-23T19:27:31.837+0000] {taskinstance.py:2481} INFO - Exporting env vars: AIRFLOW_CTX_DAG_EMAIL='airflow@example.com' AIRFLOW_CTX_DAG_OWNER='airflow' AIRFLOW_CTX_DAG_ID='serving-layer' AIRFLOW_CTX_TASK_ID='serving' AIRFLOW_CTX_EXECUTION_DATE='2023-12-22T00:00:00+00:00' AIRFLOW_CTX_TRY_NUMBER='2' AIRFLOW_CTX_DAG_RUN_ID='scheduled__2023-12-22T00:00:00+00:00'
[2023-12-23T19:27:39.841+0000] {logging_mixin.py:188} INFO - Error: could not translate host name "postgres" to address: Temporary failure in name resolution
[2023-12-23T19:27:39.842+0000] {taskinstance.py:2699} ERROR - Task failed with exception
Traceback (most recent call last):
  File "/home/airflow/.local/lib/python3.8/site-packages/airflow/models/taskinstance.py", line 433, in _execute_task
    result = execute_callable(context=context, **execute_callable_kwargs)
  File "/home/airflow/.local/lib/python3.8/site-packages/airflow/operators/python.py", line 199, in execute
    return_value = self.execute_callable()
  File "/home/airflow/.local/lib/python3.8/site-packages/airflow/operators/python.py", line 216, in execute_callable
    return self.python_callable(*self.op_args, **self.op_kwargs)
  File "/opt/airflow/dags/servingLayer.py", line 79, in process_parquet_files
    if cursor:
UnboundLocalError: local variable 'cursor' referenced before assignment
[2023-12-23T19:27:39.848+0000] {taskinstance.py:1138} INFO - Marking task as FAILED. dag_id=serving-layer, task_id=serving, execution_date=20231222T000000, start_date=20231223T192731, end_date=20231223T192739
[2023-12-23T19:27:39.856+0000] {standard_task_runner.py:107} ERROR - Failed to execute job 10 for task serving (local variable 'cursor' referenced before assignment; 353)
[2023-12-23T19:27:39.878+0000] {local_task_job_runner.py:234} INFO - Task exited with return code 1
[2023-12-23T19:27:39.886+0000] {taskinstance.py:3281} INFO - 0 downstream tasks scheduled from follow-on schedule check
[2023-12-23T19:49:36.253+0000] {taskinstance.py:1957} INFO - Dependencies all met for dep_context=non-requeueable deps ti=<TaskInstance: serving-layer.serving scheduled__2023-12-22T00:00:00+00:00 [queued]>
[2023-12-23T19:49:36.258+0000] {taskinstance.py:1957} INFO - Dependencies all met for dep_context=requeueable deps ti=<TaskInstance: serving-layer.serving scheduled__2023-12-22T00:00:00+00:00 [queued]>
[2023-12-23T19:49:36.259+0000] {taskinstance.py:2171} INFO - Starting attempt 2 of 2
[2023-12-23T19:49:36.268+0000] {taskinstance.py:2192} INFO - Executing <Task(PythonOperator): serving> on 2023-12-22 00:00:00+00:00
[2023-12-23T19:49:36.273+0000] {standard_task_runner.py:60} INFO - Started process 351 to run task
[2023-12-23T19:49:36.275+0000] {standard_task_runner.py:87} INFO - Running: ['airflow', 'tasks', 'run', 'serving-layer', 'serving', 'scheduled__2023-12-22T00:00:00+00:00', '--job-id', '10', '--raw', '--subdir', 'DAGS_FOLDER/servingLayer.py', '--cfg-path', '/tmp/tmp1fadh8i5']
[2023-12-23T19:49:36.277+0000] {standard_task_runner.py:88} INFO - Job 10: Subtask serving
[2023-12-23T19:49:36.303+0000] {task_command.py:423} INFO - Running <TaskInstance: serving-layer.serving scheduled__2023-12-22T00:00:00+00:00 [running]> on host ffa69df0a26f
[2023-12-23T19:49:36.421+0000] {taskinstance.py:2481} INFO - Exporting env vars: AIRFLOW_CTX_DAG_EMAIL='airflow@example.com' AIRFLOW_CTX_DAG_OWNER='airflow' AIRFLOW_CTX_DAG_ID='serving-layer' AIRFLOW_CTX_TASK_ID='serving' AIRFLOW_CTX_EXECUTION_DATE='2023-12-22T00:00:00+00:00' AIRFLOW_CTX_TRY_NUMBER='2' AIRFLOW_CTX_DAG_RUN_ID='scheduled__2023-12-22T00:00:00+00:00'
[2023-12-23T19:49:44.426+0000] {logging_mixin.py:188} INFO - Error: could not translate host name "postgres" to address: Temporary failure in name resolution
[2023-12-23T19:49:44.426+0000] {taskinstance.py:2699} ERROR - Task failed with exception
Traceback (most recent call last):
  File "/home/airflow/.local/lib/python3.8/site-packages/airflow/models/taskinstance.py", line 433, in _execute_task
    result = execute_callable(context=context, **execute_callable_kwargs)
  File "/home/airflow/.local/lib/python3.8/site-packages/airflow/operators/python.py", line 199, in execute
    return_value = self.execute_callable()
  File "/home/airflow/.local/lib/python3.8/site-packages/airflow/operators/python.py", line 216, in execute_callable
    return self.python_callable(*self.op_args, **self.op_kwargs)
  File "/opt/airflow/dags/servingLayer.py", line 79, in process_parquet_files
    if cursor:
UnboundLocalError: local variable 'cursor' referenced before assignment
[2023-12-23T19:49:44.433+0000] {taskinstance.py:1138} INFO - Marking task as FAILED. dag_id=serving-layer, task_id=serving, execution_date=20231222T000000, start_date=20231223T194936, end_date=20231223T194944
[2023-12-23T19:49:44.441+0000] {standard_task_runner.py:107} ERROR - Failed to execute job 10 for task serving (local variable 'cursor' referenced before assignment; 351)
[2023-12-23T19:49:44.465+0000] {local_task_job_runner.py:234} INFO - Task exited with return code 1
[2023-12-23T19:49:44.473+0000] {taskinstance.py:3281} INFO - 0 downstream tasks scheduled from follow-on schedule check
