[2023-12-26T17:07:00.388+0000] {taskinstance.py:1957} INFO - Dependencies all met for dep_context=non-requeueable deps ti=<TaskInstance: batch_layer.batch_2 manual__2023-12-26T16:59:47.548435+00:00 [queued]>
[2023-12-26T17:07:00.392+0000] {taskinstance.py:1957} INFO - Dependencies all met for dep_context=requeueable deps ti=<TaskInstance: batch_layer.batch_2 manual__2023-12-26T16:59:47.548435+00:00 [queued]>
[2023-12-26T17:07:00.393+0000] {taskinstance.py:2171} INFO - Starting attempt 2 of 2
[2023-12-26T17:07:00.403+0000] {taskinstance.py:2192} INFO - Executing <Task(PythonOperator): batch_2> on 2023-12-26 16:59:47.548435+00:00
[2023-12-26T17:07:00.408+0000] {standard_task_runner.py:60} INFO - Started process 684 to run task
[2023-12-26T17:07:00.410+0000] {standard_task_runner.py:87} INFO - Running: ['airflow', 'tasks', 'run', 'batch_layer', 'batch_2', 'manual__2023-12-26T16:59:47.548435+00:00', '--job-id', '18', '--raw', '--subdir', 'DAGS_FOLDER/BatchLayerDag.py', '--cfg-path', '/tmp/tmppzyumjbd']
[2023-12-26T17:07:00.412+0000] {standard_task_runner.py:88} INFO - Job 18: Subtask batch_2
[2023-12-26T17:07:00.445+0000] {task_command.py:423} INFO - Running <TaskInstance: batch_layer.batch_2 manual__2023-12-26T16:59:47.548435+00:00 [running]> on host ba237c0dfd1a
[2023-12-26T17:07:00.480+0000] {taskinstance.py:2481} INFO - Exporting env vars: AIRFLOW_CTX_DAG_EMAIL='airflow@example.com' AIRFLOW_CTX_DAG_OWNER='airflow' AIRFLOW_CTX_DAG_ID='batch_layer' AIRFLOW_CTX_TASK_ID='batch_2' AIRFLOW_CTX_EXECUTION_DATE='2023-12-26T16:59:47.548435+00:00' AIRFLOW_CTX_TRY_NUMBER='2' AIRFLOW_CTX_DAG_RUN_ID='manual__2023-12-26T16:59:47.548435+00:00'
[2023-12-26T17:07:00.522+0000] {hive.py:475} INFO - USE `finnhub_db`
[2023-12-26T17:07:00.553+0000] {hive.py:475} INFO - 
                SELECT *
                FROM finnhub_table
            
[2023-12-26T17:07:00.926+0000] {taskinstance.py:2699} ERROR - Task failed with exception
Traceback (most recent call last):
  File "/home/airflow/.local/lib/python3.8/site-packages/airflow/models/taskinstance.py", line 433, in _execute_task
    result = execute_callable(context=context, **execute_callable_kwargs)
  File "/home/airflow/.local/lib/python3.8/site-packages/airflow/operators/python.py", line 199, in execute
    return_value = self.execute_callable()
  File "/home/airflow/.local/lib/python3.8/site-packages/airflow/operators/python.py", line 216, in execute_callable
    return self.python_callable(*self.op_args, **self.op_kwargs)
  File "/opt/airflow/dags/BatchLayerDag.py", line 29, in batch_2
    b2.batch_proc_2()
  File "/opt/airflow/dags/batch_proc_2.py", line 51, in batch_proc_2
    result = df.groupby(['date', 'exchange']).agg(max_price=('p', 'max'),min_price=('p','min')).reset_index()
  File "/home/airflow/.local/lib/python3.8/site-packages/pandas/core/frame.py", line 8252, in groupby
    return DataFrameGroupBy(
  File "/home/airflow/.local/lib/python3.8/site-packages/pandas/core/groupby/groupby.py", line 931, in __init__
    grouper, exclusions, obj = get_grouper(
  File "/home/airflow/.local/lib/python3.8/site-packages/pandas/core/groupby/grouper.py", line 985, in get_grouper
    raise KeyError(gpr)
KeyError: 'exchange'
[2023-12-26T17:07:00.937+0000] {taskinstance.py:1138} INFO - Marking task as FAILED. dag_id=batch_layer, task_id=batch_2, execution_date=20231226T165947, start_date=20231226T170700, end_date=20231226T170700
[2023-12-26T17:07:00.960+0000] {standard_task_runner.py:107} ERROR - Failed to execute job 18 for task batch_2 ('exchange'; 684)
[2023-12-26T17:07:00.985+0000] {local_task_job_runner.py:234} INFO - Task exited with return code 1
[2023-12-26T17:07:00.993+0000] {taskinstance.py:3281} INFO - 0 downstream tasks scheduled from follow-on schedule check
