[2023-12-23T15:25:33.782+0000] {taskinstance.py:1957} INFO - Dependencies all met for dep_context=non-requeueable deps ti=<TaskInstance: batch_layer.consume_data manual__2023-12-23T15:25:30.841788+00:00 [queued]>
[2023-12-23T15:25:33.786+0000] {taskinstance.py:1957} INFO - Dependencies all met for dep_context=requeueable deps ti=<TaskInstance: batch_layer.consume_data manual__2023-12-23T15:25:30.841788+00:00 [queued]>
[2023-12-23T15:25:33.786+0000] {taskinstance.py:2171} INFO - Starting attempt 1 of 2
[2023-12-23T15:25:33.796+0000] {taskinstance.py:2192} INFO - Executing <Task(PythonOperator): consume_data> on 2023-12-23 15:25:30.841788+00:00
[2023-12-23T15:25:33.800+0000] {standard_task_runner.py:60} INFO - Started process 3721 to run task
[2023-12-23T15:25:33.802+0000] {standard_task_runner.py:87} INFO - Running: ['airflow', 'tasks', 'run', 'batch_layer', 'consume_data', 'manual__2023-12-23T15:25:30.841788+00:00', '--job-id', '41', '--raw', '--subdir', 'DAGS_FOLDER/BatchLayerDag.py', '--cfg-path', '/tmp/tmpcuwt9ole']
[2023-12-23T15:25:33.804+0000] {standard_task_runner.py:88} INFO - Job 41: Subtask consume_data
[2023-12-23T15:25:33.832+0000] {task_command.py:423} INFO - Running <TaskInstance: batch_layer.consume_data manual__2023-12-23T15:25:30.841788+00:00 [running]> on host 7de9f6b6c8f6
[2023-12-23T15:25:33.875+0000] {taskinstance.py:2481} INFO - Exporting env vars: AIRFLOW_CTX_DAG_EMAIL='airflow@example.com' AIRFLOW_CTX_DAG_OWNER='airflow' AIRFLOW_CTX_DAG_ID='batch_layer' AIRFLOW_CTX_TASK_ID='consume_data' AIRFLOW_CTX_EXECUTION_DATE='2023-12-23T15:25:30.841788+00:00' AIRFLOW_CTX_TRY_NUMBER='1' AIRFLOW_CTX_DAG_RUN_ID='manual__2023-12-23T15:25:30.841788+00:00'
[2023-12-23T15:25:33.922+0000] {hive.py:475} INFO - USE `finnhub_db`
[2023-12-23T15:25:33.960+0000] {hive.py:475} INFO - 
        CREATE TABLE IF NOT EXISTS finnhub_table
        ROW FORMAT SERDE 'org.apache.hadoop.hive.serde2.avro.AvroSerDe'
        STORED AS INPUTFORMAT 'org.apache.hadoop.hive.ql.io.avro.AvroContainerInputFormat'
        OUTPUTFORMAT 'org.apache.hadoop.hive.ql.io.avro.AvroContainerOutputFormat'
        TBLPROPERTIES ('avro.schema.literal'='{"type": "record", "name": "TradeRecord", "fields": [{"name": "p", "type": "double"}, {"name": "exchange", "type": "string"}, {"name": "crypto_pair", "type": "string"}, {"name": "t", "type": "long"}, {"name": "v", "type": "double"}]}')
    
[2023-12-23T15:25:34.014+0000] {hive.py:475} INFO - USE `finnhub_db`
[2023-12-23T15:25:34.054+0000] {hive.py:475} INFO - 
        CREATE TABLE IF NOT EXISTS temp_avro_data
        ROW FORMAT SERDE 'org.apache.hadoop.hive.serde2.avro.AvroSerDe'
        STORED AS INPUTFORMAT 'org.apache.hadoop.hive.ql.io.avro.AvroContainerInputFormat'
        OUTPUTFORMAT 'org.apache.hadoop.hive.ql.io.avro.AvroContainerOutputFormat'
        TBLPROPERTIES ('avro.schema.literal'='{"type": "record", "name": "TradeRecord", "fields": [{"name": "p", "type": "double"}, {"name": "exchange", "type": "string"}, {"name": "crypto_pair", "type": "string"}, {"name": "t", "type": "long"}, {"name": "v", "type": "double"}]}')
    
[2023-12-23T15:25:34.064+0000] {logging_mixin.py:188} INFO - [[], [{'c': None, 'p': 43662.5, 's': 'BINANCE:BTCUSDT', 't': 1703338920206, 'v': 0.00098}, {'c': None, 'p': 43662.51, 's': 'BINANCE:BTCUSDT', 't': 1703338920243, 'v': 0.00093}, {'c': None, 'p': 43662.51, 's': 'BINANCE:BTCUSDT', 't': 1703338921077, 'v': 0.00458}, {'c': None, 'p': 2291.05, 's': 'BINANCE:ETHUSDT', 't': 1703338920546, 'v': 0.1321}, {'c': None, 'p': 43662.5, 's': 'BINANCE:BTCUSDT', 't': 1703338920562, 'v': 0.02083}, {'c': None, 'p': 43662.51, 's': 'BINANCE:BTCUSDT', 't': 1703338920916, 'v': 0.00759}, {'c': None, 'p': 43662.51, 's': 'BINANCE:BTCUSDT', 't': 1703338921086, 'v': 0.00625}, {'c': None, 'p': 2291.05, 's': 'BINANCE:ETHUSDT', 't': 1703338921039, 'v': 1.6615}], [{'c': None, 'p': 43662.5, 's': 'BINANCE:BTCUSDT', 't': 1703338921348, 'v': 0.00034}, {'c': None, 'p': 43662.51, 's': 'BINANCE:BTCUSDT', 't': 1703338921533, 'v': 0.03719}, {'c': None, 'p': 43662.5, 's': 'BINANCE:BTCUSDT', 't': 1703338921627, 'v': 0.01332}, {'c': None, 'p': 43662.5, 's': 'BINANCE:BTCUSDT', 't': 1703338921669, 'v': 0.00045}, {'c': None, 'p': 43662.51, 's': 'BINANCE:BTCUSDT', 't': 1703338921785, 'v': 0.00094}, {'c': None, 'p': 43662.51, 's': 'BINANCE:BTCUSDT', 't': 1703338921937, 'v': 0.00084}, {'c': None, 'p': 43662.5, 's': 'BINANCE:BTCUSDT', 't': 1703338921954, 'v': 0.00146}, {'c': None, 'p': 43662.51, 's': 'BINANCE:BTCUSDT', 't': 1703338921964, 'v': 0.00089}, {'c': None, 'p': 43662.51, 's': 'BINANCE:BTCUSDT', 't': 1703338922044, 'v': 0.02135}, {'c': None, 'p': 2291.06, 's': 'BINANCE:ETHUSDT', 't': 1703338922055, 'v': 0.1085}], [{'c': None, 'p': 2291.05, 's': 'BINANCE:ETHUSDT', 't': 1703338922115, 'v': 0.5}], [{'c': None, 'p': 43662.51, 's': 'BINANCE:BTCUSDT', 't': 1703338922147, 'v': 0.11499}, {'c': None, 'p': 43662.51, 's': 'BINANCE:BTCUSDT', 't': 1703338922409, 'v': 0.00114}, {'c': None, 'p': 43662.51, 's': 'BINANCE:BTCUSDT', 't': 1703338922543, 'v': 0.00044}, {'c': None, 'p': 43662.51, 's': 'BINANCE:BTCUSDT', 't': 1703338922572, 'v': 0.00013}, {'c': None, 'p': 43662.5, 's': 'BINANCE:BTCUSDT', 't': 1703338922776, 'v': 0.00065}, {'c': None, 'p': 43662.51, 's': 'BINANCE:BTCUSDT', 't': 1703338922889, 'v': 0.04581}, {'c': None, 'p': 43662.5, 's': 'BINANCE:BTCUSDT', 't': 1703338922913, 'v': 0.00093}, {'c': None, 'p': 43662.5, 's': 'BINANCE:BTCUSDT', 't': 1703338923094, 'v': 0.0103}], [{'c': None, 'p': 43662.5, 's': 'BINANCE:BTCUSDT', 't': 1703338923165, 'v': 0.00071}, {'c': None, 'p': 43662.5, 's': 'BINANCE:BTCUSDT', 't': 1703338923258, 'v': 0.04733}, {'c': None, 'p': 43662.51, 's': 'BINANCE:BTCUSDT', 't': 1703338923428, 'v': 0.015}, {'c': None, 'p': 43662.5, 's': 'BINANCE:BTCUSDT', 't': 1703338923660, 'v': 0.00036}, {'c': None, 'p': 43662.5, 's': 'BINANCE:BTCUSDT', 't': 1703338923684, 'v': 0.00029}, {'c': None, 'p': 43662.5, 's': 'BINANCE:BTCUSDT', 't': 1703338923871, 'v': 0.00035}], [{'c': None, 'p': 2291.06, 's': 'BINANCE:ETHUSDT', 't': 1703338924576, 'v': 0.218}, {'c': None, 'p': 43662.5, 's': 'BINANCE:BTCUSDT', 't': 1703338924730, 'v': 0.00075}, {'c': None, 'p': 43662.5, 's': 'BINANCE:BTCUSDT', 't': 1703338924771, 'v': 0.00114}, {'c': None, 'p': 2291.05, 's': 'BINANCE:ETHUSDT', 't': 1703338924862, 'v': 0.0054}, {'c': None, 'p': 2291.05, 's': 'BINANCE:ETHUSDT', 't': 1703338924903, 'v': 1.0674}, {'c': None, 'p': 2291.06, 's': 'BINANCE:ETHUSDT', 't': 1703338924904, 'v': 0.0047}, {'c': None, 'p': 2291.06, 's': 'BINANCE:ETHUSDT', 't': 1703338924904, 'v': 0.016}, {'c': None, 'p': 2291.06, 's': 'BINANCE:ETHUSDT', 't': 1703338924934, 'v': 0.0044}], [{'c': None, 'p': 43662.5, 's': 'BINANCE:BTCUSDT', 't': 1703338925229, 'v': 0.00364}, {'c': None, 'p': 2291.06, 's': 'BINANCE:ETHUSDT', 't': 1703338925600, 'v': 0.2181}, {'c': None, 'p': 43662.5, 's': 'BINANCE:BTCUSDT', 't': 1703338925611, 'v': 0.3}, {'c': None, 'p': 2291.06, 's': 'BINANCE:ETHUSDT', 't': 1703338925681, 'v': 0.6214}, {'c': None, 'p': 2291.06, 's': 'BINANCE:ETHUSDT', 't': 1703338925681, 'v': 0.05}, {'c': None, 'p': 2291.06, 's': 'BINANCE:ETHUSDT', 't': 1703338925681, 'v': 1.2265}, {'c': None, 'p': 43662.51, 's': 'BINANCE:BTCUSDT', 't': 1703338925715, 'v': 0.00022}, {'c': None, 'p': 43662.5, 's': 'BINANCE:BTCUSDT', 't': 1703338925874, 'v': 0.0004}], [{'c': None, 'p': 2291.06, 's': 'BINANCE:ETHUSDT', 't': 1703338926282, 'v': 0.0087}, {'c': None, 'p': 43662.51, 's': 'BINANCE:BTCUSDT', 't': 1703338926473, 'v': 0.0002}, {'c': None, 'p': 43662.5, 's': 'BINANCE:BTCUSDT', 't': 1703338926558, 'v': 0.00859}, {'c': None, 'p': 43662.5, 's': 'BINANCE:BTCUSDT', 't': 1703338926717, 'v': 0.00027}, {'c': None, 'p': 2291.05, 's': 'BINANCE:ETHUSDT', 't': 1703338926835, 'v': 0.0033}, {'c': None, 'p': 43662.51, 's': 'BINANCE:BTCUSDT', 't': 1703338927079, 'v': 0.01088}], [{'c': None, 'p': 43662.5, 's': 'BINANCE:BTCUSDT', 't': 1703338927301, 'v': 0.00053}, {'c': None, 'p': 2291.06, 's': 'BINANCE:ETHUSDT', 't': 1703338927495, 'v': 0.9145}, {'c': None, 'p': 2291.06, 's': 'BINANCE:ETHUSDT', 't': 1703338927495, 'v': 0.0623}, {'c': None, 'p': 2291.06, 's': 'BINANCE:ETHUSDT', 't': 1703338927495, 'v': 0.3326}, {'c': None, 'p': 43662.51, 's': 'BINANCE:BTCUSDT', 't': 1703338927500, 'v': 0.00229}, {'c': None, 'p': 2291.05, 's': 'BINANCE:ETHUSDT', 't': 1703338927527, 'v': 0.1224}, {'c': None, 'p': 43662.5, 's': 'BINANCE:BTCUSDT', 't': 1703338927604, 'v': 0.01261}, {'c': None, 'p': 43662.5, 's': 'BINANCE:BTCUSDT', 't': 1703338927770, 'v': 0.00304}, {'c': None, 'p': 2291.05, 's': 'BINANCE:ETHUSDT', 't': 1703338927998, 'v': 0.9756}, {'c': None, 'p': 2291.05, 's': 'BINANCE:ETHUSDT', 't': 1703338927998, 'v': 0.0455}]]
[2023-12-23T15:25:34.065+0000] {hive.py:475} INFO - 
                            INSERT INTO temp_avro_data
                            VALUES (

                                43662.5,
                                'BINANCE',  -- New 'exchange' attribute
                                'BTCUSDT',  -- New 'crypto_pair' attribute
                                1703338920206,
                                0.00098
                            )
                        
[2023-12-23T15:25:37.087+0000] {hive.py:475} INFO - 
                            INSERT INTO temp_avro_data
                            VALUES (

                                43662.51,
                                'BINANCE',  -- New 'exchange' attribute
                                'BTCUSDT',  -- New 'crypto_pair' attribute
                                1703338920243,
                                0.00093
                            )
                        
[2023-12-23T15:25:39.614+0000] {hive.py:475} INFO - 
                            INSERT INTO temp_avro_data
                            VALUES (

                                43662.51,
                                'BINANCE',  -- New 'exchange' attribute
                                'BTCUSDT',  -- New 'crypto_pair' attribute
                                1703338921077,
                                0.00458
                            )
                        
[2023-12-23T15:25:42.152+0000] {hive.py:475} INFO - 
                            INSERT INTO temp_avro_data
                            VALUES (

                                2291.05,
                                'BINANCE',  -- New 'exchange' attribute
                                'ETHUSDT',  -- New 'crypto_pair' attribute
                                1703338920546,
                                0.1321
                            )
                        
[2023-12-23T15:25:44.700+0000] {hive.py:475} INFO - 
                            INSERT INTO temp_avro_data
                            VALUES (

                                43662.5,
                                'BINANCE',  -- New 'exchange' attribute
                                'BTCUSDT',  -- New 'crypto_pair' attribute
                                1703338920562,
                                0.02083
                            )
                        
[2023-12-23T15:25:47.294+0000] {hive.py:475} INFO - 
                            INSERT INTO temp_avro_data
                            VALUES (

                                43662.51,
                                'BINANCE',  -- New 'exchange' attribute
                                'BTCUSDT',  -- New 'crypto_pair' attribute
                                1703338920916,
                                0.00759
                            )
                        
[2023-12-23T15:25:49.893+0000] {hive.py:475} INFO - 
                            INSERT INTO temp_avro_data
                            VALUES (

                                43662.51,
                                'BINANCE',  -- New 'exchange' attribute
                                'BTCUSDT',  -- New 'crypto_pair' attribute
                                1703338921086,
                                0.00625
                            )
                        
[2023-12-23T15:25:52.448+0000] {hive.py:475} INFO - 
                            INSERT INTO temp_avro_data
                            VALUES (

                                2291.05,
                                'BINANCE',  -- New 'exchange' attribute
                                'ETHUSDT',  -- New 'crypto_pair' attribute
                                1703338921039,
                                1.6615
                            )
                        
[2023-12-23T15:25:55.039+0000] {hive.py:475} INFO - 
                            INSERT INTO temp_avro_data
                            VALUES (

                                43662.5,
                                'BINANCE',  -- New 'exchange' attribute
                                'BTCUSDT',  -- New 'crypto_pair' attribute
                                1703338921348,
                                0.00034
                            )
                        
[2023-12-23T15:25:58.042+0000] {hive.py:475} INFO - 
                            INSERT INTO temp_avro_data
                            VALUES (

                                43662.51,
                                'BINANCE',  -- New 'exchange' attribute
                                'BTCUSDT',  -- New 'crypto_pair' attribute
                                1703338921533,
                                0.03719
                            )
                        
[2023-12-23T15:26:00.703+0000] {hive.py:475} INFO - 
                            INSERT INTO temp_avro_data
                            VALUES (

                                43662.5,
                                'BINANCE',  -- New 'exchange' attribute
                                'BTCUSDT',  -- New 'crypto_pair' attribute
                                1703338921627,
                                0.01332
                            )
                        
[2023-12-23T15:26:03.356+0000] {hive.py:475} INFO - 
                            INSERT INTO temp_avro_data
                            VALUES (

                                43662.5,
                                'BINANCE',  -- New 'exchange' attribute
                                'BTCUSDT',  -- New 'crypto_pair' attribute
                                1703338921669,
                                0.00045
                            )
                        
[2023-12-23T15:26:06.005+0000] {hive.py:475} INFO - 
                            INSERT INTO temp_avro_data
                            VALUES (

                                43662.51,
                                'BINANCE',  -- New 'exchange' attribute
                                'BTCUSDT',  -- New 'crypto_pair' attribute
                                1703338921785,
                                0.00094
                            )
                        
[2023-12-23T15:26:08.726+0000] {hive.py:475} INFO - 
                            INSERT INTO temp_avro_data
                            VALUES (

                                43662.51,
                                'BINANCE',  -- New 'exchange' attribute
                                'BTCUSDT',  -- New 'crypto_pair' attribute
                                1703338921937,
                                0.00084
                            )
                        
[2023-12-23T15:26:11.577+0000] {hive.py:475} INFO - 
                            INSERT INTO temp_avro_data
                            VALUES (

                                43662.5,
                                'BINANCE',  -- New 'exchange' attribute
                                'BTCUSDT',  -- New 'crypto_pair' attribute
                                1703338921954,
                                0.00146
                            )
                        
[2023-12-23T15:26:14.234+0000] {hive.py:475} INFO - 
                            INSERT INTO temp_avro_data
                            VALUES (

                                43662.51,
                                'BINANCE',  -- New 'exchange' attribute
                                'BTCUSDT',  -- New 'crypto_pair' attribute
                                1703338921964,
                                0.00089
                            )
                        
[2023-12-23T15:26:16.911+0000] {hive.py:475} INFO - 
                            INSERT INTO temp_avro_data
                            VALUES (

                                43662.51,
                                'BINANCE',  -- New 'exchange' attribute
                                'BTCUSDT',  -- New 'crypto_pair' attribute
                                1703338922044,
                                0.02135
                            )
                        
[2023-12-23T15:26:19.608+0000] {hive.py:475} INFO - 
                            INSERT INTO temp_avro_data
                            VALUES (

                                2291.06,
                                'BINANCE',  -- New 'exchange' attribute
                                'ETHUSDT',  -- New 'crypto_pair' attribute
                                1703338922055,
                                0.1085
                            )
                        
[2023-12-23T15:26:22.295+0000] {hive.py:475} INFO - 
                            INSERT INTO temp_avro_data
                            VALUES (

                                2291.05,
                                'BINANCE',  -- New 'exchange' attribute
                                'ETHUSDT',  -- New 'crypto_pair' attribute
                                1703338922115,
                                0.5
                            )
                        
[2023-12-23T15:26:25.027+0000] {hive.py:475} INFO - 
                            INSERT INTO temp_avro_data
                            VALUES (

                                43662.51,
                                'BINANCE',  -- New 'exchange' attribute
                                'BTCUSDT',  -- New 'crypto_pair' attribute
                                1703338922147,
                                0.11499
                            )
                        
[2023-12-23T15:26:27.914+0000] {hive.py:475} INFO - 
                            INSERT INTO temp_avro_data
                            VALUES (

                                43662.51,
                                'BINANCE',  -- New 'exchange' attribute
                                'BTCUSDT',  -- New 'crypto_pair' attribute
                                1703338922409,
                                0.00114
                            )
                        
[2023-12-23T15:26:30.571+0000] {hive.py:475} INFO - 
                            INSERT INTO temp_avro_data
                            VALUES (

                                43662.51,
                                'BINANCE',  -- New 'exchange' attribute
                                'BTCUSDT',  -- New 'crypto_pair' attribute
                                1703338922543,
                                0.00044
                            )
                        
[2023-12-23T15:26:33.226+0000] {hive.py:475} INFO - 
                            INSERT INTO temp_avro_data
                            VALUES (

                                43662.51,
                                'BINANCE',  -- New 'exchange' attribute
                                'BTCUSDT',  -- New 'crypto_pair' attribute
                                1703338922572,
                                0.00013
                            )
                        
[2023-12-23T15:26:35.912+0000] {hive.py:475} INFO - 
                            INSERT INTO temp_avro_data
                            VALUES (

                                43662.5,
                                'BINANCE',  -- New 'exchange' attribute
                                'BTCUSDT',  -- New 'crypto_pair' attribute
                                1703338922776,
                                0.00065
                            )
                        
[2023-12-23T15:26:38.619+0000] {hive.py:475} INFO - 
                            INSERT INTO temp_avro_data
                            VALUES (

                                43662.51,
                                'BINANCE',  -- New 'exchange' attribute
                                'BTCUSDT',  -- New 'crypto_pair' attribute
                                1703338922889,
                                0.04581
                            )
                        
[2023-12-23T15:26:41.295+0000] {hive.py:475} INFO - 
                            INSERT INTO temp_avro_data
                            VALUES (

                                43662.5,
                                'BINANCE',  -- New 'exchange' attribute
                                'BTCUSDT',  -- New 'crypto_pair' attribute
                                1703338922913,
                                0.00093
                            )
                        
[2023-12-23T15:26:44.063+0000] {hive.py:475} INFO - 
                            INSERT INTO temp_avro_data
                            VALUES (

                                43662.5,
                                'BINANCE',  -- New 'exchange' attribute
                                'BTCUSDT',  -- New 'crypto_pair' attribute
                                1703338923094,
                                0.0103
                            )
                        
[2023-12-23T15:26:46.738+0000] {hive.py:475} INFO - 
                            INSERT INTO temp_avro_data
                            VALUES (

                                43662.5,
                                'BINANCE',  -- New 'exchange' attribute
                                'BTCUSDT',  -- New 'crypto_pair' attribute
                                1703338923165,
                                0.00071
                            )
                        
[2023-12-23T15:26:49.421+0000] {hive.py:475} INFO - 
                            INSERT INTO temp_avro_data
                            VALUES (

                                43662.5,
                                'BINANCE',  -- New 'exchange' attribute
                                'BTCUSDT',  -- New 'crypto_pair' attribute
                                1703338923258,
                                0.04733
                            )
                        
[2023-12-23T15:26:52.084+0000] {hive.py:475} INFO - 
                            INSERT INTO temp_avro_data
                            VALUES (

                                43662.51,
                                'BINANCE',  -- New 'exchange' attribute
                                'BTCUSDT',  -- New 'crypto_pair' attribute
                                1703338923428,
                                0.015
                            )
                        
[2023-12-23T15:26:54.764+0000] {hive.py:475} INFO - 
                            INSERT INTO temp_avro_data
                            VALUES (

                                43662.5,
                                'BINANCE',  -- New 'exchange' attribute
                                'BTCUSDT',  -- New 'crypto_pair' attribute
                                1703338923660,
                                0.00036
                            )
                        
[2023-12-23T15:26:57.484+0000] {hive.py:475} INFO - 
                            INSERT INTO temp_avro_data
                            VALUES (

                                43662.5,
                                'BINANCE',  -- New 'exchange' attribute
                                'BTCUSDT',  -- New 'crypto_pair' attribute
                                1703338923684,
                                0.00029
                            )
                        
[2023-12-23T15:27:00.208+0000] {hive.py:475} INFO - 
                            INSERT INTO temp_avro_data
                            VALUES (

                                43662.5,
                                'BINANCE',  -- New 'exchange' attribute
                                'BTCUSDT',  -- New 'crypto_pair' attribute
                                1703338923871,
                                0.00035
                            )
                        
[2023-12-23T15:27:02.931+0000] {hive.py:475} INFO - 
                            INSERT INTO temp_avro_data
                            VALUES (

                                2291.06,
                                'BINANCE',  -- New 'exchange' attribute
                                'ETHUSDT',  -- New 'crypto_pair' attribute
                                1703338924576,
                                0.218
                            )
                        
[2023-12-23T15:27:05.594+0000] {hive.py:475} INFO - 
                            INSERT INTO temp_avro_data
                            VALUES (

                                43662.5,
                                'BINANCE',  -- New 'exchange' attribute
                                'BTCUSDT',  -- New 'crypto_pair' attribute
                                1703338924730,
                                0.00075
                            )
                        
[2023-12-23T15:27:08.273+0000] {hive.py:475} INFO - 
                            INSERT INTO temp_avro_data
                            VALUES (

                                43662.5,
                                'BINANCE',  -- New 'exchange' attribute
                                'BTCUSDT',  -- New 'crypto_pair' attribute
                                1703338924771,
                                0.00114
                            )
                        
[2023-12-23T15:27:11.134+0000] {hive.py:475} INFO - 
                            INSERT INTO temp_avro_data
                            VALUES (

                                2291.05,
                                'BINANCE',  -- New 'exchange' attribute
                                'ETHUSDT',  -- New 'crypto_pair' attribute
                                1703338924862,
                                0.0054
                            )
                        
[2023-12-23T15:27:13.882+0000] {hive.py:475} INFO - 
                            INSERT INTO temp_avro_data
                            VALUES (

                                2291.05,
                                'BINANCE',  -- New 'exchange' attribute
                                'ETHUSDT',  -- New 'crypto_pair' attribute
                                1703338924903,
                                1.0674
                            )
                        
[2023-12-23T15:27:16.592+0000] {hive.py:475} INFO - 
                            INSERT INTO temp_avro_data
                            VALUES (

                                2291.06,
                                'BINANCE',  -- New 'exchange' attribute
                                'ETHUSDT',  -- New 'crypto_pair' attribute
                                1703338924904,
                                0.0047
                            )
                        
[2023-12-23T15:27:19.522+0000] {hive.py:475} INFO - 
                            INSERT INTO temp_avro_data
                            VALUES (

                                2291.06,
                                'BINANCE',  -- New 'exchange' attribute
                                'ETHUSDT',  -- New 'crypto_pair' attribute
                                1703338924904,
                                0.016
                            )
                        
[2023-12-23T15:27:22.248+0000] {hive.py:475} INFO - 
                            INSERT INTO temp_avro_data
                            VALUES (

                                2291.06,
                                'BINANCE',  -- New 'exchange' attribute
                                'ETHUSDT',  -- New 'crypto_pair' attribute
                                1703338924934,
                                0.0044
                            )
                        
[2023-12-23T15:27:24.984+0000] {hive.py:475} INFO - 
                            INSERT INTO temp_avro_data
                            VALUES (

                                43662.5,
                                'BINANCE',  -- New 'exchange' attribute
                                'BTCUSDT',  -- New 'crypto_pair' attribute
                                1703338925229,
                                0.00364
                            )
                        
[2023-12-23T15:27:27.708+0000] {hive.py:475} INFO - 
                            INSERT INTO temp_avro_data
                            VALUES (

                                2291.06,
                                'BINANCE',  -- New 'exchange' attribute
                                'ETHUSDT',  -- New 'crypto_pair' attribute
                                1703338925600,
                                0.2181
                            )
                        
[2023-12-23T15:27:30.433+0000] {hive.py:475} INFO - 
                            INSERT INTO temp_avro_data
                            VALUES (

                                43662.5,
                                'BINANCE',  -- New 'exchange' attribute
                                'BTCUSDT',  -- New 'crypto_pair' attribute
                                1703338925611,
                                0.3
                            )
                        
[2023-12-23T15:27:33.357+0000] {hive.py:475} INFO - 
                            INSERT INTO temp_avro_data
                            VALUES (

                                2291.06,
                                'BINANCE',  -- New 'exchange' attribute
                                'ETHUSDT',  -- New 'crypto_pair' attribute
                                1703338925681,
                                0.6214
                            )
                        
[2023-12-23T15:27:36.141+0000] {hive.py:475} INFO - 
                            INSERT INTO temp_avro_data
                            VALUES (

                                2291.06,
                                'BINANCE',  -- New 'exchange' attribute
                                'ETHUSDT',  -- New 'crypto_pair' attribute
                                1703338925681,
                                0.05
                            )
                        
[2023-12-23T15:27:38.925+0000] {hive.py:475} INFO - 
                            INSERT INTO temp_avro_data
                            VALUES (

                                2291.06,
                                'BINANCE',  -- New 'exchange' attribute
                                'ETHUSDT',  -- New 'crypto_pair' attribute
                                1703338925681,
                                1.2265
                            )
                        
[2023-12-23T15:27:41.720+0000] {hive.py:475} INFO - 
                            INSERT INTO temp_avro_data
                            VALUES (

                                43662.51,
                                'BINANCE',  -- New 'exchange' attribute
                                'BTCUSDT',  -- New 'crypto_pair' attribute
                                1703338925715,
                                0.00022
                            )
                        
[2023-12-23T15:27:44.497+0000] {hive.py:475} INFO - 
                            INSERT INTO temp_avro_data
                            VALUES (

                                43662.5,
                                'BINANCE',  -- New 'exchange' attribute
                                'BTCUSDT',  -- New 'crypto_pair' attribute
                                1703338925874,
                                0.0004
                            )
                        
[2023-12-23T15:27:47.227+0000] {hive.py:475} INFO - 
                            INSERT INTO temp_avro_data
                            VALUES (

                                2291.06,
                                'BINANCE',  -- New 'exchange' attribute
                                'ETHUSDT',  -- New 'crypto_pair' attribute
                                1703338926282,
                                0.0087
                            )
                        
[2023-12-23T15:27:50.009+0000] {hive.py:475} INFO - 
                            INSERT INTO temp_avro_data
                            VALUES (

                                43662.51,
                                'BINANCE',  -- New 'exchange' attribute
                                'BTCUSDT',  -- New 'crypto_pair' attribute
                                1703338926473,
                                0.0002
                            )
                        
[2023-12-23T15:27:52.743+0000] {hive.py:475} INFO - 
                            INSERT INTO temp_avro_data
                            VALUES (

                                43662.5,
                                'BINANCE',  -- New 'exchange' attribute
                                'BTCUSDT',  -- New 'crypto_pair' attribute
                                1703338926558,
                                0.00859
                            )
                        
[2023-12-23T15:27:55.532+0000] {hive.py:475} INFO - 
                            INSERT INTO temp_avro_data
                            VALUES (

                                43662.5,
                                'BINANCE',  -- New 'exchange' attribute
                                'BTCUSDT',  -- New 'crypto_pair' attribute
                                1703338926717,
                                0.00027
                            )
                        
[2023-12-23T15:27:58.325+0000] {hive.py:475} INFO - 
                            INSERT INTO temp_avro_data
                            VALUES (

                                2291.05,
                                'BINANCE',  -- New 'exchange' attribute
                                'ETHUSDT',  -- New 'crypto_pair' attribute
                                1703338926835,
                                0.0033
                            )
                        
[2023-12-23T15:28:01.069+0000] {hive.py:475} INFO - 
                            INSERT INTO temp_avro_data
                            VALUES (

                                43662.51,
                                'BINANCE',  -- New 'exchange' attribute
                                'BTCUSDT',  -- New 'crypto_pair' attribute
                                1703338927079,
                                0.01088
                            )
                        
[2023-12-23T15:28:03.811+0000] {hive.py:475} INFO - 
                            INSERT INTO temp_avro_data
                            VALUES (

                                43662.5,
                                'BINANCE',  -- New 'exchange' attribute
                                'BTCUSDT',  -- New 'crypto_pair' attribute
                                1703338927301,
                                0.00053
                            )
                        
[2023-12-23T15:28:06.535+0000] {hive.py:475} INFO - 
                            INSERT INTO temp_avro_data
                            VALUES (

                                2291.06,
                                'BINANCE',  -- New 'exchange' attribute
                                'ETHUSDT',  -- New 'crypto_pair' attribute
                                1703338927495,
                                0.9145
                            )
                        
[2023-12-23T15:28:09.289+0000] {hive.py:475} INFO - 
                            INSERT INTO temp_avro_data
                            VALUES (

                                2291.06,
                                'BINANCE',  -- New 'exchange' attribute
                                'ETHUSDT',  -- New 'crypto_pair' attribute
                                1703338927495,
                                0.0623
                            )
                        
[2023-12-23T15:28:12.052+0000] {hive.py:475} INFO - 
                            INSERT INTO temp_avro_data
                            VALUES (

                                2291.06,
                                'BINANCE',  -- New 'exchange' attribute
                                'ETHUSDT',  -- New 'crypto_pair' attribute
                                1703338927495,
                                0.3326
                            )
                        
[2023-12-23T15:28:15.251+0000] {hive.py:475} INFO - 
                            INSERT INTO temp_avro_data
                            VALUES (

                                43662.51,
                                'BINANCE',  -- New 'exchange' attribute
                                'BTCUSDT',  -- New 'crypto_pair' attribute
                                1703338927500,
                                0.00229
                            )
                        
[2023-12-23T15:28:18.116+0000] {hive.py:475} INFO - 
                            INSERT INTO temp_avro_data
                            VALUES (

                                2291.05,
                                'BINANCE',  -- New 'exchange' attribute
                                'ETHUSDT',  -- New 'crypto_pair' attribute
                                1703338927527,
                                0.1224
                            )
                        
[2023-12-23T15:28:20.860+0000] {hive.py:475} INFO - 
                            INSERT INTO temp_avro_data
                            VALUES (

                                43662.5,
                                'BINANCE',  -- New 'exchange' attribute
                                'BTCUSDT',  -- New 'crypto_pair' attribute
                                1703338927604,
                                0.01261
                            )
                        
[2023-12-23T15:28:23.644+0000] {hive.py:475} INFO - 
                            INSERT INTO temp_avro_data
                            VALUES (

                                43662.5,
                                'BINANCE',  -- New 'exchange' attribute
                                'BTCUSDT',  -- New 'crypto_pair' attribute
                                1703338927770,
                                0.00304
                            )
                        
[2023-12-23T15:28:26.426+0000] {hive.py:475} INFO - 
                            INSERT INTO temp_avro_data
                            VALUES (

                                2291.05,
                                'BINANCE',  -- New 'exchange' attribute
                                'ETHUSDT',  -- New 'crypto_pair' attribute
                                1703338927998,
                                0.9756
                            )
                        
[2023-12-23T15:28:29.194+0000] {hive.py:475} INFO - 
                            INSERT INTO temp_avro_data
                            VALUES (

                                2291.05,
                                'BINANCE',  -- New 'exchange' attribute
                                'ETHUSDT',  -- New 'crypto_pair' attribute
                                1703338927998,
                                0.0455
                            )
                        
[2023-12-23T15:28:31.954+0000] {logging_mixin.py:188} INFO - 
Inserting batch into Hive...
[2023-12-23T15:28:31.957+0000] {hive.py:475} INFO - 
            INSERT INTO TABLE finnhub_table 
            SELECT *
            FROM temp_avro_data
        
[2023-12-23T15:31:58.720+0000] {logging_mixin.py:188} INFO - Batch successfully inserted into Hive.
[2023-12-23T15:31:58.721+0000] {logging_mixin.py:188} INFO - finish
[2023-12-23T15:31:58.738+0000] {python.py:201} INFO - Done. Returned value was: None
[2023-12-23T15:31:58.749+0000] {taskinstance.py:1138} INFO - Marking task as SUCCESS. dag_id=batch_layer, task_id=consume_data, execution_date=20231223T152530, start_date=20231223T152533, end_date=20231223T153158
[2023-12-23T15:31:58.778+0000] {local_task_job_runner.py:234} INFO - Task exited with return code 0
[2023-12-23T15:31:58.799+0000] {taskinstance.py:3281} INFO - 2 downstream tasks scheduled from follow-on schedule check
