[2023-12-26T19:03:53.217+0000] {taskinstance.py:1957} INFO - Dependencies all met for dep_context=non-requeueable deps ti=<TaskInstance: batch_layer.batch_1 manual__2023-12-26T18:56:33.546193+00:00 [queued]>
[2023-12-26T19:03:53.223+0000] {taskinstance.py:1957} INFO - Dependencies all met for dep_context=requeueable deps ti=<TaskInstance: batch_layer.batch_1 manual__2023-12-26T18:56:33.546193+00:00 [queued]>
[2023-12-26T19:03:53.223+0000] {taskinstance.py:2171} INFO - Starting attempt 1 of 2
[2023-12-26T19:03:53.233+0000] {taskinstance.py:2192} INFO - Executing <Task(PythonOperator): batch_1> on 2023-12-26 18:56:33.546193+00:00
[2023-12-26T19:03:53.238+0000] {standard_task_runner.py:60} INFO - Started process 2927 to run task
[2023-12-26T19:03:53.240+0000] {standard_task_runner.py:87} INFO - Running: ['airflow', 'tasks', 'run', 'batch_layer', 'batch_1', 'manual__2023-12-26T18:56:33.546193+00:00', '--job-id', '63', '--raw', '--subdir', 'DAGS_FOLDER/BatchLayerDag.py', '--cfg-path', '/tmp/tmpxb_dids1']
[2023-12-26T19:03:53.242+0000] {standard_task_runner.py:88} INFO - Job 63: Subtask batch_1
[2023-12-26T19:03:53.266+0000] {task_command.py:423} INFO - Running <TaskInstance: batch_layer.batch_1 manual__2023-12-26T18:56:33.546193+00:00 [running]> on host ba237c0dfd1a
[2023-12-26T19:03:53.308+0000] {taskinstance.py:2481} INFO - Exporting env vars: AIRFLOW_CTX_DAG_EMAIL='airflow@example.com' AIRFLOW_CTX_DAG_OWNER='airflow' AIRFLOW_CTX_DAG_ID='batch_layer' AIRFLOW_CTX_TASK_ID='batch_1' AIRFLOW_CTX_EXECUTION_DATE='2023-12-26T18:56:33.546193+00:00' AIRFLOW_CTX_TRY_NUMBER='1' AIRFLOW_CTX_DAG_RUN_ID='manual__2023-12-26T18:56:33.546193+00:00'
[2023-12-26T19:03:53.354+0000] {hive.py:475} INFO - USE `finnhub_db`
[2023-12-26T19:03:53.386+0000] {hive.py:475} INFO - 
                SELECT *
                FROM finnhub_table
            
[2023-12-26T19:03:55.070+0000] {logging_mixin.py:188} INFO -               p crypto_pair                       t        v
0      43694.01     BTCUSDT 2023-12-25 13:10:26.122  0.00095
1      43694.00     BTCUSDT 2023-12-25 13:10:26.314  0.00919
2      43693.84     BTCUSDT 2023-12-25 13:10:26.333  0.00229
3      43684.53     BTCUSDT 2023-12-25 13:10:27.614  0.00229
4      43571.98     BTCUSDT 2023-12-25 18:25:58.632  0.00414
...         ...         ...                     ...      ...
14374  43572.42     BTCUSDT 2023-12-25 18:25:58.632  0.00062
14375  43572.32     BTCUSDT 2023-12-25 18:25:58.632  0.00229
14376  43572.16     BTCUSDT 2023-12-25 18:25:58.632  0.00062
14377  43571.99     BTCUSDT 2023-12-25 18:25:58.632  0.00050
14378  43571.98     BTCUSDT 2023-12-25 18:25:58.632  0.00710

[14379 rows x 4 columns]
[2023-12-26T19:03:55.079+0000] {logging_mixin.py:188} INFO -                         p                             t          v
crypto_pair                                                       
BTCUSDT      43329.212475 2023-12-25 22:37:17.851808768   0.042404
ETHUSDT       2273.457946 2023-12-25 20:33:21.942060288   0.592630
None           239.289802 2023-12-26 16:14:09.538474752  49.085714
[2023-12-26T19:03:55.081+0000] {logging_mixin.py:188} INFO - File '/tmp/batchViews/parquet_output_1.parquet' already exists.
[2023-12-26T19:03:55.113+0000] {logging_mixin.py:188} INFO -                         p                          t          v
crypto_pair                                                    
BTCUSDT      43329.212475 2023-12-25 22:37:17.851808   0.042404
ETHUSDT       2273.457946 2023-12-25 20:33:21.942060   0.592630
None           239.289802 2023-12-26 16:14:09.538474  49.085714
[2023-12-26T19:03:55.116+0000] {python.py:201} INFO - Done. Returned value was: None
[2023-12-26T19:03:55.120+0000] {taskinstance.py:1138} INFO - Marking task as SUCCESS. dag_id=batch_layer, task_id=batch_1, execution_date=20231226T185633, start_date=20231226T190353, end_date=20231226T190355
[2023-12-26T19:03:55.140+0000] {local_task_job_runner.py:234} INFO - Task exited with return code 0
[2023-12-26T19:03:55.148+0000] {taskinstance.py:3281} INFO - 0 downstream tasks scheduled from follow-on schedule check
