[2023-12-26T21:25:53.605+0000] {taskinstance.py:1957} INFO - Dependencies all met for dep_context=non-requeueable deps ti=<TaskInstance: batch_layer.batch_3 manual__2023-12-26T21:17:55.410912+00:00 [queued]>
[2023-12-26T21:25:53.611+0000] {taskinstance.py:1957} INFO - Dependencies all met for dep_context=requeueable deps ti=<TaskInstance: batch_layer.batch_3 manual__2023-12-26T21:17:55.410912+00:00 [queued]>
[2023-12-26T21:25:53.611+0000] {taskinstance.py:2171} INFO - Starting attempt 1 of 2
[2023-12-26T21:25:53.626+0000] {taskinstance.py:2192} INFO - Executing <Task(PythonOperator): batch_3> on 2023-12-26 21:17:55.410912+00:00
[2023-12-26T21:25:53.632+0000] {standard_task_runner.py:60} INFO - Started process 635 to run task
[2023-12-26T21:25:53.634+0000] {standard_task_runner.py:87} INFO - Running: ['airflow', 'tasks', 'run', 'batch_layer', 'batch_3', 'manual__2023-12-26T21:17:55.410912+00:00', '--job-id', '16', '--raw', '--subdir', 'DAGS_FOLDER/BatchLayerDag.py', '--cfg-path', '/tmp/tmpx8bejk7e']
[2023-12-26T21:25:53.636+0000] {standard_task_runner.py:88} INFO - Job 16: Subtask batch_3
[2023-12-26T21:25:53.661+0000] {task_command.py:423} INFO - Running <TaskInstance: batch_layer.batch_3 manual__2023-12-26T21:17:55.410912+00:00 [running]> on host d26df5132269
[2023-12-26T21:25:53.714+0000] {taskinstance.py:2481} INFO - Exporting env vars: AIRFLOW_CTX_DAG_EMAIL='airflow@example.com' AIRFLOW_CTX_DAG_OWNER='airflow' AIRFLOW_CTX_DAG_ID='batch_layer' AIRFLOW_CTX_TASK_ID='batch_3' AIRFLOW_CTX_EXECUTION_DATE='2023-12-26T21:17:55.410912+00:00' AIRFLOW_CTX_TRY_NUMBER='1' AIRFLOW_CTX_DAG_RUN_ID='manual__2023-12-26T21:17:55.410912+00:00'
[2023-12-26T21:25:53.766+0000] {hive.py:475} INFO - USE `finnhub_db`
[2023-12-26T21:25:53.803+0000] {hive.py:475} INFO - 
                SELECT *
                FROM finnhub_table
            
[2023-12-26T21:25:54.522+0000] {logging_mixin.py:188} INFO -          date        s  max_price  min_price
0  2023-12-25  BTCUSDT   43694.01   43363.34
1  2023-12-25  ETHUSDT    2295.24    2268.24
2  2023-12-26  BTCUSDT   42749.48   42227.71
3  2023-12-26  ETHUSDT    2246.27    2218.91
4  2023-12-26     None     375.53     153.30
[2023-12-26T21:25:54.525+0000] {logging_mixin.py:188} INFO - File '/tmp/batchViews/parquet_output_3.parquet' already exists.
[2023-12-26T21:25:54.558+0000] {python.py:201} INFO - Done. Returned value was: None
[2023-12-26T21:25:54.563+0000] {taskinstance.py:1138} INFO - Marking task as SUCCESS. dag_id=batch_layer, task_id=batch_3, execution_date=20231226T211755, start_date=20231226T212553, end_date=20231226T212554
[2023-12-26T21:25:54.610+0000] {local_task_job_runner.py:234} INFO - Task exited with return code 0
[2023-12-26T21:25:54.618+0000] {taskinstance.py:3281} INFO - 0 downstream tasks scheduled from follow-on schedule check
