[2023-12-22T22:42:45.221+0000] {taskinstance.py:1957} INFO - Dependencies all met for dep_context=non-requeueable deps ti=<TaskInstance: batch_layer.batch_0 manual__2023-12-22T22:42:42.376772+00:00 [queued]>
[2023-12-22T22:42:45.225+0000] {taskinstance.py:1957} INFO - Dependencies all met for dep_context=requeueable deps ti=<TaskInstance: batch_layer.batch_0 manual__2023-12-22T22:42:42.376772+00:00 [queued]>
[2023-12-22T22:42:45.226+0000] {taskinstance.py:2171} INFO - Starting attempt 1 of 2
[2023-12-22T22:42:45.236+0000] {taskinstance.py:2192} INFO - Executing <Task(PythonOperator): batch_0> on 2023-12-22 22:42:42.376772+00:00
[2023-12-22T22:42:45.240+0000] {standard_task_runner.py:60} INFO - Started process 867 to run task
[2023-12-22T22:42:45.242+0000] {standard_task_runner.py:87} INFO - Running: ['airflow', 'tasks', 'run', 'batch_layer', 'batch_0', 'manual__2023-12-22T22:42:42.376772+00:00', '--job-id', '17', '--raw', '--subdir', 'DAGS_FOLDER/BatchLayerDag.py', '--cfg-path', '/tmp/tmpl2dovvs2']
[2023-12-22T22:42:45.244+0000] {standard_task_runner.py:88} INFO - Job 17: Subtask batch_0
[2023-12-22T22:42:45.292+0000] {task_command.py:423} INFO - Running <TaskInstance: batch_layer.batch_0 manual__2023-12-22T22:42:42.376772+00:00 [running]> on host f9bc372cbc19
[2023-12-22T22:42:45.339+0000] {taskinstance.py:2481} INFO - Exporting env vars: AIRFLOW_CTX_DAG_EMAIL='airflow@example.com' AIRFLOW_CTX_DAG_OWNER='airflow' AIRFLOW_CTX_DAG_ID='batch_layer' AIRFLOW_CTX_TASK_ID='batch_0' AIRFLOW_CTX_EXECUTION_DATE='2023-12-22T22:42:42.376772+00:00' AIRFLOW_CTX_TRY_NUMBER='1' AIRFLOW_CTX_DAG_RUN_ID='manual__2023-12-22T22:42:42.376772+00:00'
[2023-12-22T22:42:45.399+0000] {hive.py:475} INFO - USE `finnhub_db`
[2023-12-22T22:42:45.438+0000] {hive.py:475} INFO - 
                SELECT *
                FROM finnhub_table
                WHERE  t between 1702848258958 AND 1702848311837
            
[2023-12-22T22:42:46.081+0000] {logging_mixin.py:188} INFO -          date  hour        s    sum_v
0  2023-12-17    21  BINANCE  14.6454
[2023-12-22T22:42:46.082+0000] {python.py:201} INFO - Done. Returned value was: None
[2023-12-22T22:42:46.086+0000] {taskinstance.py:1138} INFO - Marking task as SUCCESS. dag_id=batch_layer, task_id=batch_0, execution_date=20231222T224242, start_date=20231222T224245, end_date=20231222T224246
[2023-12-22T22:42:46.137+0000] {local_task_job_runner.py:234} INFO - Task exited with return code 0
[2023-12-22T22:42:46.145+0000] {taskinstance.py:3281} INFO - 0 downstream tasks scheduled from follow-on schedule check
