[2023-12-26T17:05:42.306+0000] {taskinstance.py:1957} INFO - Dependencies all met for dep_context=non-requeueable deps ti=<TaskInstance: batch_layer.consume_data manual__2023-12-26T17:05:39.661689+00:00 [queued]>
[2023-12-26T17:05:42.311+0000] {taskinstance.py:1957} INFO - Dependencies all met for dep_context=requeueable deps ti=<TaskInstance: batch_layer.consume_data manual__2023-12-26T17:05:39.661689+00:00 [queued]>
[2023-12-26T17:05:42.311+0000] {taskinstance.py:2171} INFO - Starting attempt 1 of 2
[2023-12-26T17:05:42.322+0000] {taskinstance.py:2192} INFO - Executing <Task(PythonOperator): consume_data> on 2023-12-26 17:05:39.661689+00:00
[2023-12-26T17:05:42.326+0000] {standard_task_runner.py:60} INFO - Started process 658 to run task
[2023-12-26T17:05:42.328+0000] {standard_task_runner.py:87} INFO - Running: ['airflow', 'tasks', 'run', 'batch_layer', 'consume_data', 'manual__2023-12-26T17:05:39.661689+00:00', '--job-id', '17', '--raw', '--subdir', 'DAGS_FOLDER/BatchLayerDag.py', '--cfg-path', '/tmp/tmp2m_kglgy']
[2023-12-26T17:05:42.331+0000] {standard_task_runner.py:88} INFO - Job 17: Subtask consume_data
[2023-12-26T17:05:42.359+0000] {task_command.py:423} INFO - Running <TaskInstance: batch_layer.consume_data manual__2023-12-26T17:05:39.661689+00:00 [running]> on host ba237c0dfd1a
[2023-12-26T17:05:42.400+0000] {taskinstance.py:2481} INFO - Exporting env vars: AIRFLOW_CTX_DAG_EMAIL='airflow@example.com' AIRFLOW_CTX_DAG_OWNER='airflow' AIRFLOW_CTX_DAG_ID='batch_layer' AIRFLOW_CTX_TASK_ID='consume_data' AIRFLOW_CTX_EXECUTION_DATE='2023-12-26T17:05:39.661689+00:00' AIRFLOW_CTX_TRY_NUMBER='1' AIRFLOW_CTX_DAG_RUN_ID='manual__2023-12-26T17:05:39.661689+00:00'
[2023-12-26T17:05:42.448+0000] {hive.py:475} INFO - USE `finnhub_db`
[2023-12-26T17:05:42.487+0000] {hive.py:475} INFO - 
        CREATE TABLE IF NOT EXISTS finnhub_table
        ROW FORMAT SERDE 'org.apache.hadoop.hive.serde2.avro.AvroSerDe'
        STORED AS INPUTFORMAT 'org.apache.hadoop.hive.ql.io.avro.AvroContainerInputFormat'
        OUTPUTFORMAT 'org.apache.hadoop.hive.ql.io.avro.AvroContainerOutputFormat'
        TBLPROPERTIES ('avro.schema.literal'='{"type": "record", "name": "TradeRecord", "fields": [{"name": "p", "type": "double"}, {"name": "exchange", "type": "string"}, {"name": "crypto_pair", "type": "string"}, {"name": "t", "type": "long"}, {"name": "v", "type": "double"}]}')
    
[2023-12-26T17:05:42.548+0000] {hive.py:475} INFO - USE `finnhub_db`
[2023-12-26T17:05:42.584+0000] {hive.py:475} INFO - 
        CREATE TABLE IF NOT EXISTS temp_avro_data
        ROW FORMAT SERDE 'org.apache.hadoop.hive.serde2.avro.AvroSerDe'
        STORED AS INPUTFORMAT 'org.apache.hadoop.hive.ql.io.avro.AvroContainerInputFormat'
        OUTPUTFORMAT 'org.apache.hadoop.hive.ql.io.avro.AvroContainerOutputFormat'
        TBLPROPERTIES ('avro.schema.literal'='{"type": "record", "name": "TradeRecord", "fields": [{"name": "p", "type": "double"}, {"name": "exchange", "type": "string"}, {"name": "crypto_pair", "type": "string"}, {"name": "t", "type": "long"}, {"name": "v", "type": "double"}]}')
    
[2023-12-26T17:05:42.594+0000] {logging_mixin.py:188} INFO - [[{'c': ['1', '8', '12'], 'p': 153.41, 's': 'AMZN', 't': 1703608859189, 'v': 20}, {'c': ['1', '8', '12'], 'p': 153.41, 's': 'AMZN', 't': 1703608859189, 'v': 1}, {'c': ['1', '8', '12'], 'p': 153.41, 's': 'AMZN', 't': 1703608859189, 'v': 83}, {'c': ['1', '8', '12'], 'p': 153.41, 's': 'AMZN', 't': 1703608859189, 'v': 5}, {'c': ['1', '8', '12'], 'p': 153.41, 's': 'AMZN', 't': 1703608859189, 'v': 16}, {'c': ['1', '12'], 'p': 153.41, 's': 'AMZN', 't': 1703608859189, 'v': 1}, {'c': ['1', '12'], 'p': 153.41, 's': 'AMZN', 't': 1703608859189, 'v': 20}, {'c': ['1', '8', '12'], 'p': 153.41, 's': 'AMZN', 't': 1703608859189, 'v': 7}, {'c': ['1', '8', '12'], 'p': 153.41, 's': 'AMZN', 't': 1703608859189, 'v': 20}, {'c': ['1', '12'], 'p': 153.415, 's': 'AMZN', 't': 1703608859189, 'v': 1}], [{'c': ['1', '12'], 'p': 374.51, 's': 'MSFT', 't': 1703608859206, 'v': 25}, {'c': ['1', '8', '12'], 'p': 374.51, 's': 'MSFT', 't': 1703608859281, 'v': 3}, {'c': ['1', '12'], 'p': 374.5288, 's': 'MSFT', 't': 1703608859294, 'v': 1}, {'c': ['1', '12'], 'p': 153.4101, 's': 'AMZN', 't': 1703608859703, 'v': 10}, {'c': None, 'p': 2224.06, 's': 'BINANCE:ETHUSDT', 't': 1703608859166, 'v': 0.0899}, {'c': [], 'p': 374.495, 's': 'MSFT', 't': 1703608849881, 'v': 100}, {'c': ['1'], 'p': 193.09, 's': 'AAPL', 't': 1703608859339, 'v': 100}, {'c': ['1', '12'], 'p': 153.41, 's': 'AMZN', 't': 1703608859604, 'v': 1}, {'c': None, 'p': 42331.09, 's': 'BINANCE:BTCUSDT', 't': 1703608859455, 'v': 0.00752}], [{'c': None, 'p': 42331.1, 's': 'BINANCE:BTCUSDT', 't': 1703608859616, 'v': 0.00017}, {'c': ['1'], 'p': 193.085, 's': 'AAPL', 't': 1703608859788, 'v': 200}, {'c': ['1', '12'], 'p': 193.085, 's': 'AAPL', 't': 1703608859788, 'v': 27}, {'c': None, 'p': 42331.09, 's': 'BINANCE:BTCUSDT', 't': 1703608859835, 'v': 0.00016}, {'c': None, 'p': 42331.1, 's': 'BINANCE:BTCUSDT', 't': 1703608859912, 'v': 0.00325}, {'c': ['1', '12'], 'p': 193.085, 's': 'AAPL', 't': 1703608860100, 'v': 8}, {'c': None, 'p': 2224.05, 's': 'BINANCE:ETHUSDT', 't': 1703608859976, 'v': 0.0501}, {'c': None, 'p': 42331.1, 's': 'BINANCE:BTCUSDT', 't': 1703608859977, 'v': 0.0013}, {'c': None, 'p': 42331.09, 's': 'BINANCE:BTCUSDT', 't': 1703608859977, 'v': 0.00106}, {'c': None, 'p': 2224.06, 's': 'BINANCE:ETHUSDT', 't': 1703608859978, 'v': 0.0163}], [{'c': None, 'p': 42331.09, 's': 'BINANCE:BTCUSDT', 't': 1703608859978, 'v': 0.00076}, {'c': None, 'p': 2224.05, 's': 'BINANCE:ETHUSDT', 't': 1703608859978, 'v': 0.0115}, {'c': None, 'p': 2224.06, 's': 'BINANCE:ETHUSDT', 't': 1703608859978, 'v': 0.007}, {'c': None, 'p': 2224.05, 's': 'BINANCE:ETHUSDT', 't': 1703608859979, 'v': 0.0253}, {'c': None, 'p': 42331.09, 's': 'BINANCE:BTCUSDT', 't': 1703608859979, 'v': 0.00259}, {'c': None, 'p': 2224.06, 's': 'BINANCE:ETHUSDT', 't': 1703608859980, 'v': 0.0419}, {'c': None, 'p': 42331.1, 's': 'BINANCE:BTCUSDT', 't': 1703608859980, 'v': 0.00253}, {'c': None, 'p': 2224.05, 's': 'BINANCE:ETHUSDT', 't': 1703608859980, 'v': 0.0256}, {'c': None, 'p': 2224.06, 's': 'BINANCE:ETHUSDT', 't': 1703608859980, 'v': 0.035}, {'c': None, 'p': 42331.09, 's': 'BINANCE:BTCUSDT', 't': 1703608859980, 'v': 0.00168}], [{'c': None, 'p': 42331.1, 's': 'BINANCE:BTCUSDT', 't': 1703608859981, 'v': 0.00072}, {'c': None, 'p': 42331.09, 's': 'BINANCE:BTCUSDT', 't': 1703608859981, 'v': 0.00068}, {'c': None, 'p': 42331.09, 's': 'BINANCE:BTCUSDT', 't': 1703608859981, 'v': 0.00072}, {'c': None, 'p': 42331.09, 's': 'BINANCE:BTCUSDT', 't': 1703608859981, 'v': 0.00204}, {'c': None, 'p': 2224.05, 's': 'BINANCE:ETHUSDT', 't': 1703608859982, 'v': 0.0122}, {'c': None, 'p': 2224.05, 's': 'BINANCE:ETHUSDT', 't': 1703608859982, 'v': 0.0281}, {'c': None, 'p': 2224.06, 's': 'BINANCE:ETHUSDT', 't': 1703608859982, 'v': 0.0057}, {'c': None, 'p': 42331.1, 's': 'BINANCE:BTCUSDT', 't': 1703608859982, 'v': 0.00112}, {'c': None, 'p': 2224.06, 's': 'BINANCE:ETHUSDT', 't': 1703608859983, 'v': 0.0242}, {'c': None, 'p': 2224.06, 's': 'BINANCE:ETHUSDT', 't': 1703608859983, 'v': 0.0122}], [{'c': None, 'p': 2224.05, 's': 'BINANCE:ETHUSDT', 't': 1703608859983, 'v': 0.0492}, {'c': None, 'p': 42331.1, 's': 'BINANCE:BTCUSDT', 't': 1703608859984, 'v': 0.00239}, {'c': None, 'p': 42331.09, 's': 'BINANCE:BTCUSDT', 't': 1703608859984, 'v': 0.00253}, {'c': None, 'p': 42331.09, 's': 'BINANCE:BTCUSDT', 't': 1703608859984, 'v': 0.00126}, {'c': None, 'p': 2224.05, 's': 'BINANCE:ETHUSDT', 't': 1703608859985, 'v': 0.0134}, {'c': None, 'p': 42331.09, 's': 'BINANCE:BTCUSDT', 't': 1703608859985, 'v': 0.00062}, {'c': None, 'p': 2224.05, 's': 'BINANCE:ETHUSDT', 't': 1703608859986, 'v': 0.0358}, {'c': None, 'p': 2224.05, 's': 'BINANCE:ETHUSDT', 't': 1703608859986, 'v': 0.0346}, {'c': None, 'p': 42331.1, 's': 'BINANCE:BTCUSDT', 't': 1703608859986, 'v': 0.00109}, {'c': None, 'p': 2224.06, 's': 'BINANCE:ETHUSDT', 't': 1703608859987, 'v': 0.01}], [{'c': None, 'p': 42331.1, 's': 'BINANCE:BTCUSDT', 't': 1703608859987, 'v': 0.0026}, {'c': None, 'p': 42331.1, 's': 'BINANCE:BTCUSDT', 't': 1703608859987, 'v': 0.00203}, {'c': None, 'p': 42331.1, 's': 'BINANCE:BTCUSDT', 't': 1703608859987, 'v': 0.00046}, {'c': None, 'p': 2224.06, 's': 'BINANCE:ETHUSDT', 't': 1703608859987, 'v': 0.0318}, {'c': None, 'p': 42331.1, 's': 'BINANCE:BTCUSDT', 't': 1703608859988, 'v': 0.00084}, {'c': None, 'p': 42331.1, 's': 'BINANCE:BTCUSDT', 't': 1703608859988, 'v': 0.00066}, {'c': None, 'p': 2224.06, 's': 'BINANCE:ETHUSDT', 't': 1703608859988, 'v': 0.0482}, {'c': None, 'p': 42331.09, 's': 'BINANCE:BTCUSDT', 't': 1703608859988, 'v': 0.00183}, {'c': None, 'p': 2224.06, 's': 'BINANCE:ETHUSDT', 't': 1703608859988, 'v': 0.0478}, {'c': None, 'p': 2224.05, 's': 'BINANCE:ETHUSDT', 't': 1703608859988, 'v': 0.0493}], [{'c': None, 'p': 42331.1, 's': 'BINANCE:BTCUSDT', 't': 1703608859989, 'v': 0.00242}, {'c': None, 'p': 2224.06, 's': 'BINANCE:ETHUSDT', 't': 1703608859990, 'v': 0.0487}, {'c': None, 'p': 42331.09, 's': 'BINANCE:BTCUSDT', 't': 1703608859990, 'v': 0.00143}, {'c': None, 'p': 2224.05, 's': 'BINANCE:ETHUSDT', 't': 1703608859990, 'v': 0.028}, {'c': None, 'p': 42331.09, 's': 'BINANCE:BTCUSDT', 't': 1703608859990, 'v': 0.00151}, {'c': ['1', '12'], 'p': 193.085, 's': 'AAPL', 't': 1703608860702, 'v': 1}, {'c': None, 'p': 42331.1, 's': 'BINANCE:BTCUSDT', 't': 1703608859991, 'v': 0.00175}, {'c': None, 'p': 42331.1, 's': 'BINANCE:BTCUSDT', 't': 1703608859991, 'v': 0.00148}, {'c': None, 'p': 42331.09, 's': 'BINANCE:BTCUSDT', 't': 1703608859992, 'v': 0.00186}, {'c': None, 'p': 2224.06, 's': 'BINANCE:ETHUSDT', 't': 1703608859992, 'v': 0.0106}], [{'c': None, 'p': 42331.1, 's': 'BINANCE:BTCUSDT', 't': 1703608859992, 'v': 0.00072}, {'c': None, 'p': 42331.09, 's': 'BINANCE:BTCUSDT', 't': 1703608859993, 'v': 0.00146}, {'c': None, 'p': 42331.09, 's': 'BINANCE:BTCUSDT', 't': 1703608859993, 'v': 0.00084}, {'c': None, 'p': 2224.06, 's': 'BINANCE:ETHUSDT', 't': 1703608859995, 'v': 0.0282}, {'c': None, 'p': 42331.09, 's': 'BINANCE:BTCUSDT', 't': 1703608859995, 'v': 0.00087}, {'c': None, 'p': 2224.05, 's': 'BINANCE:ETHUSDT', 't': 1703608859996, 'v': 0.021}, {'c': None, 'p': 42331.1, 's': 'BINANCE:BTCUSDT', 't': 1703608859996, 'v': 0.00198}, {'c': None, 'p': 42331.1, 's': 'BINANCE:BTCUSDT', 't': 1703608859996, 'v': 0.00159}, {'c': None, 'p': 42331.1, 's': 'BINANCE:BTCUSDT', 't': 1703608859997, 'v': 0.00074}, {'c': None, 'p': 2224.05, 's': 'BINANCE:ETHUSDT', 't': 1703608859998, 'v': 0.0379}], [{'c': None, 'p': 2224.06, 's': 'BINANCE:ETHUSDT', 't': 1703608859999, 'v': 0.0467}, {'c': None, 'p': 42331.09, 's': 'BINANCE:BTCUSDT', 't': 1703608859999, 'v': 0.00067}, {'c': None, 'p': 2224.06, 's': 'BINANCE:ETHUSDT', 't': 1703608859999, 'v': 0.0284}, {'c': None, 'p': 42331.09, 's': 'BINANCE:BTCUSDT', 't': 1703608859999, 'v': 0.00123}, {'c': None, 'p': 2224.06, 's': 'BINANCE:ETHUSDT', 't': 1703608859999, 'v': 0.0129}, {'c': None, 'p': 42331.09, 's': 'BINANCE:BTCUSDT', 't': 1703608860000, 'v': 0.00182}, {'c': None, 'p': 2224.06, 's': 'BINANCE:ETHUSDT', 't': 1703608860001, 'v': 0.014}, {'c': None, 'p': 42331.09, 's': 'BINANCE:BTCUSDT', 't': 1703608860001, 'v': 0.00152}, {'c': None, 'p': 2224.05, 's': 'BINANCE:ETHUSDT', 't': 1703608860002, 'v': 0.0099}, {'c': None, 'p': 2224.05, 's': 'BINANCE:ETHUSDT', 't': 1703608860005, 'v': 0.0239}]]
[2023-12-26T17:05:42.595+0000] {hive.py:475} INFO - 
                            INSERT INTO temp_avro_data
                            VALUES (

                                153.41,
                                'AMZN',  -- New 'exchange' attribute
                                'None',  -- New 'crypto_pair' attribute
                                1703608859189,
                                20
                            )
                        
[2023-12-26T17:05:45.156+0000] {hive.py:475} INFO - 
                            INSERT INTO temp_avro_data
                            VALUES (

                                153.41,
                                'AMZN',  -- New 'exchange' attribute
                                'None',  -- New 'crypto_pair' attribute
                                1703608859189,
                                1
                            )
                        
[2023-12-26T17:05:47.730+0000] {hive.py:475} INFO - 
                            INSERT INTO temp_avro_data
                            VALUES (

                                153.41,
                                'AMZN',  -- New 'exchange' attribute
                                'None',  -- New 'crypto_pair' attribute
                                1703608859189,
                                83
                            )
                        
[2023-12-26T17:05:49.904+0000] {hive.py:475} INFO - 
                            INSERT INTO temp_avro_data
                            VALUES (

                                153.41,
                                'AMZN',  -- New 'exchange' attribute
                                'None',  -- New 'crypto_pair' attribute
                                1703608859189,
                                5
                            )
                        
[2023-12-26T17:05:51.994+0000] {hive.py:475} INFO - 
                            INSERT INTO temp_avro_data
                            VALUES (

                                153.41,
                                'AMZN',  -- New 'exchange' attribute
                                'None',  -- New 'crypto_pair' attribute
                                1703608859189,
                                16
                            )
                        
[2023-12-26T17:05:54.510+0000] {hive.py:475} INFO - 
                            INSERT INTO temp_avro_data
                            VALUES (

                                153.41,
                                'AMZN',  -- New 'exchange' attribute
                                'None',  -- New 'crypto_pair' attribute
                                1703608859189,
                                1
                            )
                        
[2023-12-26T17:05:57.086+0000] {hive.py:475} INFO - 
                            INSERT INTO temp_avro_data
                            VALUES (

                                153.41,
                                'AMZN',  -- New 'exchange' attribute
                                'None',  -- New 'crypto_pair' attribute
                                1703608859189,
                                20
                            )
                        
[2023-12-26T17:05:57.448+0000] {local_task_job_runner.py:302} WARNING - State of this instance has been externally set to success. Terminating instance.
[2023-12-26T17:05:57.449+0000] {process_utils.py:131} INFO - Sending Signals.SIGTERM to group 658. PIDs of all processes in the group: [658]
[2023-12-26T17:05:57.450+0000] {process_utils.py:86} INFO - Sending the signal Signals.SIGTERM to group 658
[2023-12-26T17:05:57.450+0000] {taskinstance.py:2451} ERROR - Received SIGTERM. Terminating subprocesses.
[2023-12-26T17:05:57.450+0000] {logging_mixin.py:188} INFO - Error processing and inserting into Hive: Task received SIGTERM signal
[2023-12-26T17:05:57.451+0000] {logging_mixin.py:188} INFO - [[{'c': None, 'p': 42331.1, 's': 'BINANCE:BTCUSDT', 't': 1703608860005, 'v': 0.00228}, {'c': None, 'p': 2224.05, 's': 'BINANCE:ETHUSDT', 't': 1703608860006, 'v': 0.0078}, {'c': None, 'p': 2224.05, 's': 'BINANCE:ETHUSDT', 't': 1703608860006, 'v': 0.032}, {'c': None, 'p': 2224.06, 's': 'BINANCE:ETHUSDT', 't': 1703608860006, 'v': 0.042}, {'c': None, 'p': 2224.06, 's': 'BINANCE:ETHUSDT', 't': 1703608860006, 'v': 0.0262}, {'c': None, 'p': 42331.1, 's': 'BINANCE:BTCUSDT', 't': 1703608860007, 'v': 0.00131}, {'c': None, 'p': 2224.05, 's': 'BINANCE:ETHUSDT', 't': 1703608860007, 'v': 0.0154}, {'c': None, 'p': 42331.09, 's': 'BINANCE:BTCUSDT', 't': 1703608860008, 'v': 0.0013}, {'c': None, 'p': 42331.09, 's': 'BINANCE:BTCUSDT', 't': 1703608860008, 'v': 0.00186}, {'c': None, 'p': 42331.09, 's': 'BINANCE:BTCUSDT', 't': 1703608860008, 'v': 0.00226}], [{'c': None, 'p': 42331.1, 's': 'BINANCE:BTCUSDT', 't': 1703608860008, 'v': 0.00079}, {'c': None, 'p': 42331.09, 's': 'BINANCE:BTCUSDT', 't': 1703608860008, 'v': 0.00168}, {'c': None, 'p': 42331.1, 's': 'BINANCE:BTCUSDT', 't': 1703608860008, 'v': 0.00166}, {'c': None, 'p': 2224.06, 's': 'BINANCE:ETHUSDT', 't': 1703608860008, 'v': 0.0222}, {'c': None, 'p': 42331.1, 's': 'BINANCE:BTCUSDT', 't': 1703608860570, 'v': 0.0003}, {'c': None, 'p': 2224.06, 's': 'BINANCE:ETHUSDT', 't': 1703608860008, 'v': 0.048}, {'c': None, 'p': 2224.05, 's': 'BINANCE:ETHUSDT', 't': 1703608860008, 'v': 0.0323}, {'c': None, 'p': 2224.06, 's': 'BINANCE:ETHUSDT', 't': 1703608860008, 'v': 0.0172}, {'c': None, 'p': 42331.09, 's': 'BINANCE:BTCUSDT', 't': 1703608860009, 'v': 0.00174}, {'c': None, 'p': 42331.1, 's': 'BINANCE:BTCUSDT', 't': 1703608860009, 'v': 0.00103}], [{'c': None, 'p': 2224.06, 's': 'BINANCE:ETHUSDT', 't': 1703608860009, 'v': 0.0146}, {'c': None, 'p': 2224.06, 's': 'BINANCE:ETHUSDT', 't': 1703608860009, 'v': 0.0108}, {'c': None, 'p': 2224.05, 's': 'BINANCE:ETHUSDT', 't': 1703608860009, 'v': 0.0111}, {'c': None, 'p': 42331.1, 's': 'BINANCE:BTCUSDT', 't': 1703608860009, 'v': 0.00122}, {'c': None, 'p': 42331.1, 's': 'BINANCE:BTCUSDT', 't': 1703608860009, 'v': 0.00046}, {'c': None, 'p': 2224.05, 's': 'BINANCE:ETHUSDT', 't': 1703608860010, 'v': 0.0166}, {'c': None, 'p': 42331.1, 's': 'BINANCE:BTCUSDT', 't': 1703608860010, 'v': 0.00155}, {'c': None, 'p': 42331.1, 's': 'BINANCE:BTCUSDT', 't': 1703608860011, 'v': 0.00139}, {'c': None, 'p': 42331.09, 's': 'BINANCE:BTCUSDT', 't': 1703608860012, 'v': 0.00046}, {'c': None, 'p': 42331.1, 's': 'BINANCE:BTCUSDT', 't': 1703608860013, 'v': 0.00091}], [{'c': None, 'p': 42331.1, 's': 'BINANCE:BTCUSDT', 't': 1703608860015, 'v': 0.001}, {'c': None, 'p': 2224.06, 's': 'BINANCE:ETHUSDT', 't': 1703608860021, 'v': 0.0232}, {'c': None, 'p': 2224.05, 's': 'BINANCE:ETHUSDT', 't': 1703608860022, 'v': 0.0476}, {'c': None, 'p': 42331.09, 's': 'BINANCE:BTCUSDT', 't': 1703608860086, 'v': 0.00059}, {'c': None, 'p': 42331.1, 's': 'BINANCE:BTCUSDT', 't': 1703608860108, 'v': 0.01044}, {'c': ['1', '12'], 'p': 153.415, 's': 'AMZN', 't': 1703608860292, 'v': 1}, {'c': ['1', '12'], 'p': 193.0879, 's': 'AAPL', 't': 1703608860326, 'v': 2}, {'c': None, 'p': 42331.09, 's': 'BINANCE:BTCUSDT', 't': 1703608860433, 'v': 0.00034}, {'c': None, 'p': 42331.09, 's': 'BINANCE:BTCUSDT', 't': 1703608860433, 'v': 0.00815}, {'c': None, 'p': 42331.1, 's': 'BINANCE:BTCUSDT', 't': 1703608860482, 'v': 0.00753}], [], [{'c': None, 'p': 2224.05, 's': 'BINANCE:ETHUSDT', 't': 1703608860617, 'v': 1.8307}, {'c': None, 'p': 2224.05, 's': 'BINANCE:ETHUSDT', 't': 1703608860619, 'v': 0.1331}, {'c': None, 'p': 2224.05, 's': 'BINANCE:ETHUSDT', 't': 1703608860619, 'v': 1.7205}, {'c': None, 'p': 42331.1, 's': 'BINANCE:BTCUSDT', 't': 1703608860673, 'v': 0.03543}, {'c': ['1', '12'], 'p': 153.415, 's': 'AMZN', 't': 1703608860905, 'v': 30}, {'c': ['1', '12'], 'p': 153.4174, 's': 'AMZN', 't': 1703608860935, 'v': 50}, {'c': None, 'p': 2224.06, 's': 'BINANCE:ETHUSDT', 't': 1703608860842, 'v': 0.681}, {'c': ['1', '12'], 'p': 374.49, 's': 'MSFT', 't': 1703608861000, 'v': 1}, {'c': None, 'p': 42331.1, 's': 'BINANCE:BTCUSDT', 't': 1703608860872, 'v': 0.00025}, {'c': ['1', '8', '12'], 'p': 374.51, 's': 'MSFT', 't': 1703608861055, 'v': 17}], [{'c': None, 'p': 42331.1, 's': 'BINANCE:BTCUSDT', 't': 1703608860896, 'v': 0.00025}, {'c': ['1'], 'p': 374.52, 's': 'MSFT', 't': 1703608861057, 'v': 150}, {'c': None, 'p': 42331.1, 's': 'BINANCE:BTCUSDT', 't': 1703608860921, 'v': 0.00025}, {'c': None, 'p': 42331.1, 's': 'BINANCE:BTCUSDT', 't': 1703608860944, 'v': 0.00025}, {'c': None, 'p': 42331.1, 's': 'BINANCE:BTCUSDT', 't': 1703608860967, 'v': 0.00025}, {'c': None, 'p': 2224.05, 's': 'BINANCE:ETHUSDT', 't': 1703608860968, 'v': 1.4978}, {'c': None, 'p': 42331.1, 's': 'BINANCE:BTCUSDT', 't': 1703608860991, 'v': 0.00025}, {'c': None, 'p': 2224.06, 's': 'BINANCE:ETHUSDT', 't': 1703608861001, 'v': 0.0999}, {'c': None, 'p': 42331.1, 's': 'BINANCE:BTCUSDT', 't': 1703608861014, 'v': 0.00025}, {'c': ['1', '12'], 'p': 153.415, 's': 'AMZN', 't': 1703608861183, 'v': 1}], [{'c': ['1', '12'], 'p': 153.41, 's': 'AMZN', 't': 1703608861185, 'v': 50}, {'c': None, 'p': 42331.1, 's': 'BINANCE:BTCUSDT', 't': 1703608861039, 'v': 0.00025}, {'c': None, 'p': 42331.1, 's': 'BINANCE:BTCUSDT', 't': 1703608861064, 'v': 0.00025}, {'c': None, 'p': 42331.1, 's': 'BINANCE:BTCUSDT', 't': 1703608861088, 'v': 0.00025}, {'c': ['1', '12'], 'p': 374.52, 's': 'MSFT', 't': 1703608861254, 'v': 1}, {'c': ['1', '12'], 'p': 374.52, 's': 'MSFT', 't': 1703608861255, 'v': 1}, {'c': ['1', '12'], 'p': 374.52, 's': 'MSFT', 't': 1703608861255, 'v': 3}, {'c': ['1', '12'], 'p': 374.52, 's': 'MSFT', 't': 1703608861255, 'v': 7}, {'c': ['1', '12'], 'p': 374.52, 's': 'MSFT', 't': 1703608861255, 'v': 1}, {'c': ['1', '12'], 'p': 374.52, 's': 'MSFT', 't': 1703608861255, 'v': 1}], [{'c': ['1', '12'], 'p': 374.528, 's': 'MSFT', 't': 1703608861257, 'v': 67}, {'c': ['1', '12'], 'p': 193.085, 's': 'AAPL', 't': 1703608861265, 'v': 14}, {'c': ['1', '12'], 'p': 193.09, 's': 'AAPL', 't': 1703608861268, 'v': 96}, {'c': ['1'], 'p': 193.09, 's': 'AAPL', 't': 1703608861268, 'v': 100}, {'c': ['1', '12'], 'p': 193.09, 's': 'AAPL', 't': 1703608861268, 'v': 1}, {'c': ['1'], 'p': 193.09, 's': 'AAPL', 't': 1703608861268, 'v': 100}, {'c': ['1', '12'], 'p': 193.09, 's': 'AAPL', 't': 1703608861268, 'v': 56}, {'c': ['1', '8', '12'], 'p': 193.09, 's': 'AAPL', 't': 1703608861268, 'v': 77}, {'c': ['1', '12'], 'p': 193.09, 's': 'AAPL', 't': 1703608861268, 'v': 24}, {'c': ['1', '12'], 'p': 193.09, 's': 'AAPL', 't': 1703608861268, 'v': 95}], [{'c': ['1'], 'p': 193.09, 's': 'AAPL', 't': 1703608861268, 'v': 273}, {'c': ['1'], 'p': 193.09, 's': 'AAPL', 't': 1703608861268, 'v': 100}, {'c': ['1'], 'p': 193.09, 's': 'AAPL', 't': 1703608861268, 'v': 100}, {'c': ['1', '12'], 'p': 193.09, 's': 'AAPL', 't': 1703608861268, 'v': 10}, {'c': ['1', '12'], 'p': 193.09, 's': 'AAPL', 't': 1703608861268, 'v': 50}, {'c': ['1'], 'p': 193.09, 's': 'AAPL', 't': 1703608861268, 'v': 100}, {'c': ['1'], 'p': 193.09, 's': 'AAPL', 't': 1703608861268, 'v': 100}, {'c': ['1', '12'], 'p': 193.09, 's': 'AAPL', 't': 1703608861268, 'v': 1}, {'c': ['1', '12'], 'p': 193.09, 's': 'AAPL', 't': 1703608861269, 'v': 64}, {'c': ['1'], 'p': 193.09, 's': 'AAPL', 't': 1703608861269, 'v': 886}]]
[2023-12-26T17:05:57.451+0000] {hive.py:475} INFO - 
                            INSERT INTO temp_avro_data
                            VALUES (

                                42331.1,
                                'BINANCE',  -- New 'exchange' attribute
                                'BTCUSDT',  -- New 'crypto_pair' attribute
                                1703608860005,
                                0.00228
                            )
                        
[2023-12-26T17:06:02.184+0000] {logging_mixin.py:188} INFO - Error processing and inserting into Hive: 'utf-8' codec can't decode byte 0xda in position 0: invalid continuation byte
[2023-12-26T17:06:02.184+0000] {logging_mixin.py:188} INFO - [[{'c': ['1', '8', '12'], 'p': 193.09, 's': 'AAPL', 't': 1703608861269, 'v': 11}, {'c': ['1', '12'], 'p': 193.09, 's': 'AAPL', 't': 1703608861269, 'v': 1}, {'c': ['1', '12'], 'p': 193.09, 's': 'AAPL', 't': 1703608861269, 'v': 1}, {'c': ['1'], 'p': 193.09, 's': 'AAPL', 't': 1703608861269, 'v': 100}, {'c': ['1', '12'], 'p': 193.09, 's': 'AAPL', 't': 1703608861269, 'v': 73}, {'c': ['1', '12'], 'p': 193.09, 's': 'AAPL', 't': 1703608861269, 'v': 2}, {'c': ['1', '12'], 'p': 193.09, 's': 'AAPL', 't': 1703608861269, 'v': 11}, {'c': ['1', '12'], 'p': 153.4186, 's': 'AMZN', 't': 1703608861272, 'v': 50}, {'c': ['1', '12'], 'p': 193.09, 's': 'AAPL', 't': 1703608861277, 'v': 12}, {'c': None, 'p': 2224.05, 's': 'BINANCE:ETHUSDT', 't': 1703608861128, 'v': 0.0135}], [{'c': ['1', '12'], 'p': 153.415, 's': 'AMZN', 't': 1703608861296, 'v': 10}, {'c': ['1', '12'], 'p': 374.5275, 's': 'MSFT', 't': 1703608861318, 'v': 1}, {'c': ['1'], 'p': 374.52, 's': 'MSFT', 't': 1703608861355, 'v': 100}, {'c': ['1', '32', '12'], 'p': 193.09, 's': 'AAPL', 't': 1703608861400, 'v': 1}, {'c': ['1', '12'], 'p': 193.09, 's': 'AAPL', 't': 1703608861403, 'v': 1}, {'c': None, 'p': 42331.1, 's': 'BINANCE:BTCUSDT', 't': 1703608861250, 'v': 0.0004}, {'c': ['1', '12'], 'p': 153.4185, 's': 'AMZN', 't': 1703608861465, 'v': 50}, {'c': None, 'p': 42331.09, 's': 'BINANCE:BTCUSDT', 't': 1703608861362, 'v': 0.00752}, {'c': None, 'p': 2224.05, 's': 'BINANCE:ETHUSDT', 't': 1703608861417, 'v': 0.495}, {'c': None, 'p': 2224.06, 's': 'BINANCE:ETHUSDT', 't': 1703608861460, 'v': 0.0077}], [{'c': None, 'p': 42331.1, 's': 'BINANCE:BTCUSDT', 't': 1703608861487, 'v': 0.00236}, {'c': ['1'], 'p': 193.095, 's': 'AAPL', 't': 1703608861645, 'v': 100}, {'c': ['1', '12'], 'p': 193.0988, 's': 'AAPL', 't': 1703608861657, 'v': 1}, {'c': None, 'p': 42331.09, 's': 'BINANCE:BTCUSDT', 't': 1703608861512, 'v': 0.00664}], [{'c': ['1', '12'], 'p': 193.098, 's': 'AAPL', 't': 1703608861783, 'v': 25}, {'c': None, 'p': 42331.09, 's': 'BINANCE:BTCUSDT', 't': 1703608861629, 'v': 0.00129}, {'c': None, 'p': 42331.09, 's': 'BINANCE:BTCUSDT', 't': 1703608861638, 'v': 0.0013}, {'c': ['1', '12'], 'p': 374.5109, 's': 'MSFT', 't': 1703608861820, 'v': 1}, {'c': None, 'p': 2224.06, 's': 'BINANCE:ETHUSDT', 't': 1703608861683, 'v': 0.0493}, {'c': ['1'], 'p': 153.415, 's': 'AMZN', 't': 1703608861871, 'v': 400}, {'c': ['1', '12'], 'p': 193.095, 's': 'AAPL', 't': 1703608861951, 'v': 1}, {'c': ['1', '12'], 'p': 193.1, 's': 'AAPL', 't': 1703608862048, 'v': 52}, {'c': None, 'p': 2224.05, 's': 'BINANCE:ETHUSDT', 't': 1703608861969, 'v': 0.0045}, {'c': None, 'p': 42331.1, 's': 'BINANCE:BTCUSDT', 't': 1703608861974, 'v': 0.00138}], [{'c': ['1', '12'], 'p': 374.51, 's': 'MSFT', 't': 1703608862177, 'v': 1}, {'c': ['1', '12'], 'p': 193.0979, 's': 'AAPL', 't': 1703608862187, 'v': 5}, {'c': None, 'p': 42331.1, 's': 'BINANCE:BTCUSDT', 't': 1703608862051, 'v': 0.00047}, {'c': ['1'], 'p': 374.52, 's': 'MSFT', 't': 1703608862291, 'v': 100}, {'c': ['1', '12'], 'p': 374.514, 's': 'MSFT', 't': 1703608862423, 'v': 1}, {'c': ['1', '12'], 'p': 374.51, 's': 'MSFT', 't': 1703608862443, 'v': 10}, {'c': ['1', '12'], 'p': 193.095, 's': 'AAPL', 't': 1703608862523, 'v': 5}, {'c': None, 'p': 42331.1, 's': 'BINANCE:BTCUSDT', 't': 1703608862369, 'v': 0.00193}, {'c': ['1'], 'p': 193.0915, 's': 'AAPL', 't': 1703608862592, 'v': 500}, {'c': ['1', '12'], 'p': 193.095, 's': 'AAPL', 't': 1703608862603, 'v': 50}], [{'c': ['1', '12'], 'p': 153.4188, 's': 'AMZN', 't': 1703608862608, 'v': 1}, {'c': None, 'p': 2224.05, 's': 'BINANCE:ETHUSDT', 't': 1703608862509, 'v': 0.0047}, {'c': ['1', '12'], 'p': 153.41, 's': 'AMZN', 't': 1703608862666, 'v': 5}, {'c': None, 'p': 2224.06, 's': 'BINANCE:ETHUSDT', 't': 1703608862567, 'v': 0.0025}, {'c': ['1', '12'], 'p': 374.5122, 's': 'MSFT', 't': 1703608862774, 'v': 1}, {'c': ['17'], 'p': 153.4101, 's': 'AMZN', 't': 1703608862820, 'v': 540}, {'c': None, 'p': 42331.1, 's': 'BINANCE:BTCUSDT', 't': 1703608862680, 'v': 0.00236}], [{'c': ['1', '12'], 'p': 374.525, 's': 'MSFT', 't': 1703608863041, 'v': 25}, {'c': ['1', '12'], 'p': 374.52, 's': 'MSFT', 't': 1703608863050, 'v': 1}, {'c': None, 'p': 42331.1, 's': 'BINANCE:BTCUSDT', 't': 1703608862895, 'v': 0.00509}, {'c': None, 'p': 42331.1, 's': 'BINANCE:BTCUSDT', 't': 1703608862895, 'v': 0.00244}, {'c': ['1', '12'], 'p': 193.0987, 's': 'AAPL', 't': 1703608863082, 'v': 2}, {'c': None, 'p': 42331.09, 's': 'BINANCE:BTCUSDT', 't': 1703608863107, 'v': 0.08873}, {'c': None, 'p': 42331.09, 's': 'BINANCE:BTCUSDT', 't': 1703608863107, 'v': 0.11363}, {'c': None, 'p': 42331.09, 's': 'BINANCE:BTCUSDT', 't': 1703608863107, 'v': 0.00033}, {'c': None, 'p': 42331.09, 's': 'BINANCE:BTCUSDT', 't': 1703608863107, 'v': 1.13058}, {'c': None, 'p': 42331.09, 's': 'BINANCE:BTCUSDT', 't': 1703608863107, 'v': 0.12906}], [{'c': None, 'p': 42331.09, 's': 'BINANCE:BTCUSDT', 't': 1703608863121, 'v': 0.34354}, {'c': None, 'p': 42331.09, 's': 'BINANCE:BTCUSDT', 't': 1703608863121, 'v': 0.2363}, {'c': None, 'p': 42331.09, 's': 'BINANCE:BTCUSDT', 't': 1703608863121, 'v': 0.3544}, {'c': None, 'p': 42331.09, 's': 'BINANCE:BTCUSDT', 't': 1703608863121, 'v': 0.03239}, {'c': None, 'p': 42331.09, 's': 'BINANCE:BTCUSDT', 't': 1703608863121, 'v': 0.1299}, {'c': None, 'p': 42331.09, 's': 'BINANCE:BTCUSDT', 't': 1703608863121, 'v': 0.0324}, {'c': None, 'p': 42331.09, 's': 'BINANCE:BTCUSDT', 't': 1703608863121, 'v': 0.005}, {'c': None, 'p': 42331.09, 's': 'BINANCE:BTCUSDT', 't': 1703608863121, 'v': 0.03543}, {'c': None, 'p': 42331.09, 's': 'BINANCE:BTCUSDT', 't': 1703608863121, 'v': 0.07459}, {'c': None, 'p': 42331.09, 's': 'BINANCE:BTCUSDT', 't': 1703608863121, 'v': 0.00034}], [{'c': None, 'p': 42331.09, 's': 'BINANCE:BTCUSDT', 't': 1703608863121, 'v': 0.02273}, {'c': None, 'p': 42331.09, 's': 'BINANCE:BTCUSDT', 't': 1703608863121, 'v': 0.00111}, {'c': None, 'p': 42331.09, 's': 'BINANCE:BTCUSDT', 't': 1703608863121, 'v': 0.03762}, {'c': None, 'p': 42331.09, 's': 'BINANCE:BTCUSDT', 't': 1703608863122, 'v': 0.07601}, {'c': None, 'p': 42331.09, 's': 'BINANCE:BTCUSDT', 't': 1703608863122, 'v': 0.00152}, {'c': None, 'p': 42331.09, 's': 'BINANCE:BTCUSDT', 't': 1703608863122, 'v': 0.00244}, {'c': None, 'p': 42331.09, 's': 'BINANCE:BTCUSDT', 't': 1703608863134, 'v': 0.00792}, {'c': None, 'p': 42331.09, 's': 'BINANCE:BTCUSDT', 't': 1703608863138, 'v': 0.58537}, {'c': None, 'p': 42331.09, 's': 'BINANCE:BTCUSDT', 't': 1703608863138, 'v': 0.03569}, {'c': ['1', '12'], 'p': 193.095, 's': 'AAPL', 't': 1703608863298, 'v': 1}], [{'c': ['1', '12'], 'p': 153.415, 's': 'AMZN', 't': 1703608863359, 'v': 1}, {'c': None, 'p': 2224.06, 's': 'BINANCE:ETHUSDT', 't': 1703608863208, 'v': 0.0201}, {'c': None, 'p': 42331.09, 's': 'BINANCE:BTCUSDT', 't': 1703608863236, 'v': 0.00021}, {'c': None, 'p': 2224.05, 's': 'BINANCE:ETHUSDT', 't': 1703608863241, 'v': 0.0093}, {'c': None, 'p': 2224.06, 's': 'BINANCE:ETHUSDT', 't': 1703608863320, 'v': 0.0223}, {'c': ['1', '12'], 'p': 193.1, 's': 'AAPL', 't': 1703608863480, 'v': 1}, {'c': ['1', '12'], 'p': 193.1, 's': 'AAPL', 't': 1703608863480, 'v': 1}, {'c': ['1', '12'], 'p': 193.095, 's': 'AAPL', 't': 1703608863481, 'v': 5}, {'c': None, 'p': 42331.1, 's': 'BINANCE:BTCUSDT', 't': 1703608863367, 'v': 0.02211}, {'c': None, 'p': 2224.06, 's': 'BINANCE:ETHUSDT', 't': 1703608863388, 'v': 0.1261}]]
[2023-12-26T17:06:02.185+0000] {hive.py:475} INFO - 
                            INSERT INTO temp_avro_data
                            VALUES (

                                193.09,
                                'AAPL',  -- New 'exchange' attribute
                                'None',  -- New 'crypto_pair' attribute
                                1703608861269,
                                11
                            )
                        
[2023-12-26T17:06:57.489+0000] {process_utils.py:149} WARNING - process psutil.Process(pid=658, name='airflow task runner: batch_layer consume_data manual__2023-12-26T17:05:39.661689+00:00 17', status='sleeping', started='17:05:42') did not respond to SIGTERM. Trying SIGKILL
[2023-12-26T17:06:57.491+0000] {process_utils.py:86} INFO - Sending the signal Signals.SIGKILL to group 658
[2023-12-26T17:06:57.499+0000] {process_utils.py:79} INFO - Process psutil.Process(pid=658, name='airflow task runner: batch_layer consume_data manual__2023-12-26T17:05:39.661689+00:00 17', status='terminated', exitcode=<Negsignal.SIGKILL: -9>, started='17:05:42') (658) terminated with exit code Negsignal.SIGKILL
[2023-12-26T17:06:57.500+0000] {standard_task_runner.py:175} ERROR - Job 17 was killed before it finished (likely due to running out of memory)
