[2023-12-26T19:04:00.980+0000] {taskinstance.py:1957} INFO - Dependencies all met for dep_context=non-requeueable deps ti=<TaskInstance: batch_layer.batch_3 manual__2023-12-26T18:56:33.546193+00:00 [queued]>
[2023-12-26T19:04:00.985+0000] {taskinstance.py:1957} INFO - Dependencies all met for dep_context=requeueable deps ti=<TaskInstance: batch_layer.batch_3 manual__2023-12-26T18:56:33.546193+00:00 [queued]>
[2023-12-26T19:04:00.985+0000] {taskinstance.py:2171} INFO - Starting attempt 1 of 2
[2023-12-26T19:04:00.996+0000] {taskinstance.py:2192} INFO - Executing <Task(PythonOperator): batch_3> on 2023-12-26 18:56:33.546193+00:00
[2023-12-26T19:04:01.001+0000] {standard_task_runner.py:60} INFO - Started process 2979 to run task
[2023-12-26T19:04:01.003+0000] {standard_task_runner.py:87} INFO - Running: ['airflow', 'tasks', 'run', 'batch_layer', 'batch_3', 'manual__2023-12-26T18:56:33.546193+00:00', '--job-id', '65', '--raw', '--subdir', 'DAGS_FOLDER/BatchLayerDag.py', '--cfg-path', '/tmp/tmp4g2gegml']
[2023-12-26T19:04:01.005+0000] {standard_task_runner.py:88} INFO - Job 65: Subtask batch_3
[2023-12-26T19:04:01.030+0000] {task_command.py:423} INFO - Running <TaskInstance: batch_layer.batch_3 manual__2023-12-26T18:56:33.546193+00:00 [running]> on host ba237c0dfd1a
[2023-12-26T19:04:01.075+0000] {taskinstance.py:2481} INFO - Exporting env vars: AIRFLOW_CTX_DAG_EMAIL='airflow@example.com' AIRFLOW_CTX_DAG_OWNER='airflow' AIRFLOW_CTX_DAG_ID='batch_layer' AIRFLOW_CTX_TASK_ID='batch_3' AIRFLOW_CTX_EXECUTION_DATE='2023-12-26T18:56:33.546193+00:00' AIRFLOW_CTX_TRY_NUMBER='1' AIRFLOW_CTX_DAG_RUN_ID='manual__2023-12-26T18:56:33.546193+00:00'
[2023-12-26T19:04:01.120+0000] {hive.py:475} INFO - USE `finnhub_db`
[2023-12-26T19:04:01.154+0000] {hive.py:475} INFO - 
                SELECT *
                FROM finnhub_table
            
[2023-12-26T19:04:01.571+0000] {logging_mixin.py:188} INFO -          date        s  max_price  min_price
0  2023-12-25  BTCUSDT   43694.01  43363.340
1  2023-12-25  ETHUSDT    2295.24   2268.240
2  2023-12-26  BTCUSDT   42749.48  42322.000
3  2023-12-26  ETHUSDT    2246.27   2224.050
4  2023-12-26     None     375.53    153.405
[2023-12-26T19:04:01.573+0000] {logging_mixin.py:188} INFO - File '/tmp/batchViews/parquet_output_3.parquet' already exists.
[2023-12-26T19:04:01.607+0000] {python.py:201} INFO - Done. Returned value was: None
[2023-12-26T19:04:01.612+0000] {taskinstance.py:1138} INFO - Marking task as SUCCESS. dag_id=batch_layer, task_id=batch_3, execution_date=20231226T185633, start_date=20231226T190400, end_date=20231226T190401
[2023-12-26T19:04:01.658+0000] {local_task_job_runner.py:234} INFO - Task exited with return code 0
[2023-12-26T19:04:01.666+0000] {taskinstance.py:3281} INFO - 0 downstream tasks scheduled from follow-on schedule check
