[2023-12-26T15:25:36.452+0000] {taskinstance.py:1957} INFO - Dependencies all met for dep_context=non-requeueable deps ti=<TaskInstance: batch_layer.batch_1 manual__2023-12-26T15:18:03.210328+00:00 [queued]>
[2023-12-26T15:25:36.459+0000] {taskinstance.py:1957} INFO - Dependencies all met for dep_context=requeueable deps ti=<TaskInstance: batch_layer.batch_1 manual__2023-12-26T15:18:03.210328+00:00 [queued]>
[2023-12-26T15:25:36.460+0000] {taskinstance.py:2171} INFO - Starting attempt 1 of 2
[2023-12-26T15:25:36.474+0000] {taskinstance.py:2192} INFO - Executing <Task(PythonOperator): batch_1> on 2023-12-26 15:18:03.210328+00:00
[2023-12-26T15:25:36.480+0000] {standard_task_runner.py:60} INFO - Started process 2208 to run task
[2023-12-26T15:25:36.482+0000] {standard_task_runner.py:87} INFO - Running: ['airflow', 'tasks', 'run', 'batch_layer', 'batch_1', 'manual__2023-12-26T15:18:03.210328+00:00', '--job-id', '21', '--raw', '--subdir', 'DAGS_FOLDER/BatchLayerDag.py', '--cfg-path', '/tmp/tmpj88midve']
[2023-12-26T15:25:36.484+0000] {standard_task_runner.py:88} INFO - Job 21: Subtask batch_1
[2023-12-26T15:25:36.515+0000] {task_command.py:423} INFO - Running <TaskInstance: batch_layer.batch_1 manual__2023-12-26T15:18:03.210328+00:00 [running]> on host 21f64a9239d6
[2023-12-26T15:25:36.570+0000] {taskinstance.py:2481} INFO - Exporting env vars: AIRFLOW_CTX_DAG_EMAIL='airflow@example.com' AIRFLOW_CTX_DAG_OWNER='airflow' AIRFLOW_CTX_DAG_ID='batch_layer' AIRFLOW_CTX_TASK_ID='batch_1' AIRFLOW_CTX_EXECUTION_DATE='2023-12-26T15:18:03.210328+00:00' AIRFLOW_CTX_TRY_NUMBER='1' AIRFLOW_CTX_DAG_RUN_ID='manual__2023-12-26T15:18:03.210328+00:00'
[2023-12-26T15:25:36.625+0000] {hive.py:475} INFO - USE `finnhub_db`
[2023-12-26T15:25:36.666+0000] {hive.py:475} INFO - 
                SELECT *
                FROM finnhub_table
            
[2023-12-26T15:25:45.472+0000] {logging_mixin.py:188} INFO -               p crypto_pair                       t        v
0      43694.01     BTCUSDT 2023-12-25 13:10:26.122  0.00095
1      43694.00     BTCUSDT 2023-12-25 13:10:26.314  0.00919
2      43693.84     BTCUSDT 2023-12-25 13:10:26.333  0.00229
3      43693.63     BTCUSDT 2023-12-25 13:10:26.333  0.00814
4      43693.35     BTCUSDT 2023-12-25 13:10:26.333  0.00229
...         ...         ...                     ...      ...
61550  43685.51     BTCUSDT 2023-12-25 13:10:27.614  0.00229
61551  43685.26     BTCUSDT 2023-12-25 13:10:27.614  0.00062
61552  43685.02     BTCUSDT 2023-12-25 13:10:27.614  0.00229
61553  43685.00     BTCUSDT 2023-12-25 13:10:27.614  0.00062
61554  43684.74     BTCUSDT 2023-12-25 13:10:27.614  0.00062

[61555 rows x 4 columns]
[2023-12-26T15:25:45.492+0000] {logging_mixin.py:188} INFO -                         p                             t         v
crypto_pair                                                      
BTCUSDT      43586.456986 2023-12-25 16:43:56.365988352  0.034621
ETHUSDT       2281.114816 2023-12-25 16:50:02.007666176  0.618798
None           295.636875 2023-12-26 12:45:19.642218752  8.510417
[2023-12-26T15:25:45.493+0000] {logging_mixin.py:188} INFO - File '/tmp/batchViews/parquet_output_1.parquet' already exists.
[2023-12-26T15:25:45.531+0000] {logging_mixin.py:188} INFO -                         p                          t         v
crypto_pair                                                   
BTCUSDT      43586.456986 2023-12-25 16:43:56.365988  0.034621
ETHUSDT       2281.114816 2023-12-25 16:50:02.007666  0.618798
None           295.636875 2023-12-26 12:45:19.642218  8.510417
[2023-12-26T15:25:45.542+0000] {python.py:201} INFO - Done. Returned value was: None
[2023-12-26T15:25:45.548+0000] {taskinstance.py:1138} INFO - Marking task as SUCCESS. dag_id=batch_layer, task_id=batch_1, execution_date=20231226T151803, start_date=20231226T152536, end_date=20231226T152545
[2023-12-26T15:25:45.603+0000] {local_task_job_runner.py:234} INFO - Task exited with return code 0
[2023-12-26T15:25:45.612+0000] {taskinstance.py:3281} INFO - 0 downstream tasks scheduled from follow-on schedule check
