[2023-12-22T17:10:11.903+0000] {taskinstance.py:1957} INFO - Dependencies all met for dep_context=non-requeueable deps ti=<TaskInstance: batch_layer.income_statement manual__2023-12-22T17:05:05.634748+00:00 [queued]>
[2023-12-22T17:10:11.907+0000] {taskinstance.py:1957} INFO - Dependencies all met for dep_context=requeueable deps ti=<TaskInstance: batch_layer.income_statement manual__2023-12-22T17:05:05.634748+00:00 [queued]>
[2023-12-22T17:10:11.907+0000] {taskinstance.py:2171} INFO - Starting attempt 2 of 2
[2023-12-22T17:10:11.977+0000] {taskinstance.py:2192} INFO - Executing <Task(SparkSubmitOperator): income_statement> on 2023-12-22 17:05:05.634748+00:00
[2023-12-22T17:10:11.981+0000] {standard_task_runner.py:60} INFO - Started process 822 to run task
[2023-12-22T17:10:11.983+0000] {standard_task_runner.py:87} INFO - Running: ['airflow', 'tasks', 'run', 'batch_layer', 'income_statement', 'manual__2023-12-22T17:05:05.634748+00:00', '--job-id', '10', '--raw', '--subdir', 'DAGS_FOLDER/BatchLayerDag.py', '--cfg-path', '/tmp/tmpgrgxkkg6']
[2023-12-22T17:10:11.985+0000] {standard_task_runner.py:88} INFO - Job 10: Subtask income_statement
[2023-12-22T17:10:12.012+0000] {task_command.py:423} INFO - Running <TaskInstance: batch_layer.income_statement manual__2023-12-22T17:05:05.634748+00:00 [running]> on host acbfdef87f0c
[2023-12-22T17:10:12.046+0000] {taskinstance.py:2481} INFO - Exporting env vars: AIRFLOW_CTX_DAG_EMAIL='airflow@example.com' AIRFLOW_CTX_DAG_OWNER='airflow' AIRFLOW_CTX_DAG_ID='batch_layer' AIRFLOW_CTX_TASK_ID='income_statement' AIRFLOW_CTX_EXECUTION_DATE='2023-12-22T17:05:05.634748+00:00' AIRFLOW_CTX_TRY_NUMBER='2' AIRFLOW_CTX_DAG_RUN_ID='manual__2023-12-22T17:05:05.634748+00:00'
[2023-12-22T17:10:12.050+0000] {spark_submit.py:223} INFO - Could not load connection string spark-conn, defaulting to yarn
[2023-12-22T17:10:12.051+0000] {spark_submit.py:351} INFO - Spark-Submit cmd: spark-submit --master yarn --name arrow-spark /opt/bitnami/spark/jobs/dags/batch_proc_0.py
[2023-12-22T17:10:13.172+0000] {spark_submit.py:521} INFO - Exception in thread "main" org.apache.spark.SparkException: When running with master 'yarn' either HADOOP_CONF_DIR or YARN_CONF_DIR must be set in the environment.
[2023-12-22T17:10:13.172+0000] {spark_submit.py:521} INFO - at org.apache.spark.deploy.SparkSubmitArguments.error(SparkSubmitArguments.scala:650)
[2023-12-22T17:10:13.173+0000] {spark_submit.py:521} INFO - at org.apache.spark.deploy.SparkSubmitArguments.validateSubmitArguments(SparkSubmitArguments.scala:281)
[2023-12-22T17:10:13.173+0000] {spark_submit.py:521} INFO - at org.apache.spark.deploy.SparkSubmitArguments.validateArguments(SparkSubmitArguments.scala:237)
[2023-12-22T17:10:13.174+0000] {spark_submit.py:521} INFO - at org.apache.spark.deploy.SparkSubmitArguments.<init>(SparkSubmitArguments.scala:122)
[2023-12-22T17:10:13.174+0000] {spark_submit.py:521} INFO - at org.apache.spark.deploy.SparkSubmit$$anon$2$$anon$3.<init>(SparkSubmit.scala:1103)
[2023-12-22T17:10:13.175+0000] {spark_submit.py:521} INFO - at org.apache.spark.deploy.SparkSubmit$$anon$2.parseArguments(SparkSubmit.scala:1103)
[2023-12-22T17:10:13.175+0000] {spark_submit.py:521} INFO - at org.apache.spark.deploy.SparkSubmit.doSubmit(SparkSubmit.scala:86)
[2023-12-22T17:10:13.175+0000] {spark_submit.py:521} INFO - at org.apache.spark.deploy.SparkSubmit$$anon$2.doSubmit(SparkSubmit.scala:1120)
[2023-12-22T17:10:13.176+0000] {spark_submit.py:521} INFO - at org.apache.spark.deploy.SparkSubmit$.main(SparkSubmit.scala:1129)
[2023-12-22T17:10:13.176+0000] {spark_submit.py:521} INFO - at org.apache.spark.deploy.SparkSubmit.main(SparkSubmit.scala)
[2023-12-22T17:10:13.187+0000] {taskinstance.py:2699} ERROR - Task failed with exception
Traceback (most recent call last):
  File "/home/airflow/.local/lib/python3.8/site-packages/airflow/models/taskinstance.py", line 433, in _execute_task
    result = execute_callable(context=context, **execute_callable_kwargs)
  File "/home/airflow/.local/lib/python3.8/site-packages/airflow/providers/apache/spark/operators/spark_submit.py", line 160, in execute
    self._hook.submit(self._application)
  File "/home/airflow/.local/lib/python3.8/site-packages/airflow/providers/apache/spark/hooks/spark_submit.py", line 452, in submit
    raise AirflowException(
airflow.exceptions.AirflowException: Cannot execute: spark-submit --master yarn --name arrow-spark /opt/bitnami/spark/jobs/dags/batch_proc_0.py. Error code is: 1.
[2023-12-22T17:10:13.189+0000] {taskinstance.py:1138} INFO - Marking task as FAILED. dag_id=batch_layer, task_id=income_statement, execution_date=20231222T170505, start_date=20231222T171011, end_date=20231222T171013
[2023-12-22T17:10:13.199+0000] {standard_task_runner.py:107} ERROR - Failed to execute job 10 for task income_statement (Cannot execute: spark-submit --master yarn --name arrow-spark /opt/bitnami/spark/jobs/dags/batch_proc_0.py. Error code is: 1.; 822)
[2023-12-22T17:10:13.240+0000] {local_task_job_runner.py:234} INFO - Task exited with return code 1
[2023-12-22T17:10:13.249+0000] {taskinstance.py:3281} INFO - 0 downstream tasks scheduled from follow-on schedule check
