[2023-12-23T16:43:44.411+0000] {taskinstance.py:1957} INFO - Dependencies all met for dep_context=non-requeueable deps ti=<TaskInstance: batch_layer.consume_data manual__2023-12-23T16:43:41.465941+00:00 [queued]>
[2023-12-23T16:43:44.417+0000] {taskinstance.py:1957} INFO - Dependencies all met for dep_context=requeueable deps ti=<TaskInstance: batch_layer.consume_data manual__2023-12-23T16:43:41.465941+00:00 [queued]>
[2023-12-23T16:43:44.417+0000] {taskinstance.py:2171} INFO - Starting attempt 1 of 2
[2023-12-23T16:43:44.431+0000] {taskinstance.py:2192} INFO - Executing <Task(PythonOperator): consume_data> on 2023-12-23 16:43:41.465941+00:00
[2023-12-23T16:43:44.435+0000] {standard_task_runner.py:60} INFO - Started process 5199 to run task
[2023-12-23T16:43:44.438+0000] {standard_task_runner.py:87} INFO - Running: ['airflow', 'tasks', 'run', 'batch_layer', 'consume_data', 'manual__2023-12-23T16:43:41.465941+00:00', '--job-id', '78', '--raw', '--subdir', 'DAGS_FOLDER/BatchLayerDag.py', '--cfg-path', '/tmp/tmplaultmsj']
[2023-12-23T16:43:44.442+0000] {standard_task_runner.py:88} INFO - Job 78: Subtask consume_data
[2023-12-23T16:43:44.471+0000] {task_command.py:423} INFO - Running <TaskInstance: batch_layer.consume_data manual__2023-12-23T16:43:41.465941+00:00 [running]> on host 7de9f6b6c8f6
[2023-12-23T16:43:44.519+0000] {taskinstance.py:2481} INFO - Exporting env vars: AIRFLOW_CTX_DAG_EMAIL='airflow@example.com' AIRFLOW_CTX_DAG_OWNER='airflow' AIRFLOW_CTX_DAG_ID='batch_layer' AIRFLOW_CTX_TASK_ID='consume_data' AIRFLOW_CTX_EXECUTION_DATE='2023-12-23T16:43:41.465941+00:00' AIRFLOW_CTX_TRY_NUMBER='1' AIRFLOW_CTX_DAG_RUN_ID='manual__2023-12-23T16:43:41.465941+00:00'
[2023-12-23T16:43:44.568+0000] {hive.py:475} INFO - USE `finnhub_db`
[2023-12-23T16:43:44.611+0000] {hive.py:475} INFO - 
        CREATE TABLE IF NOT EXISTS finnhub_table
        ROW FORMAT SERDE 'org.apache.hadoop.hive.serde2.avro.AvroSerDe'
        STORED AS INPUTFORMAT 'org.apache.hadoop.hive.ql.io.avro.AvroContainerInputFormat'
        OUTPUTFORMAT 'org.apache.hadoop.hive.ql.io.avro.AvroContainerOutputFormat'
        TBLPROPERTIES ('avro.schema.literal'='{"type": "record", "name": "TradeRecord", "fields": [{"name": "p", "type": "double"}, {"name": "exchange", "type": "string"}, {"name": "crypto_pair", "type": "string"}, {"name": "t", "type": "long"}, {"name": "v", "type": "double"}]}')
    
[2023-12-23T16:43:44.666+0000] {hive.py:475} INFO - USE `finnhub_db`
[2023-12-23T16:43:44.700+0000] {hive.py:475} INFO - 
        CREATE TABLE IF NOT EXISTS temp_avro_data
        ROW FORMAT SERDE 'org.apache.hadoop.hive.serde2.avro.AvroSerDe'
        STORED AS INPUTFORMAT 'org.apache.hadoop.hive.ql.io.avro.AvroContainerInputFormat'
        OUTPUTFORMAT 'org.apache.hadoop.hive.ql.io.avro.AvroContainerOutputFormat'
        TBLPROPERTIES ('avro.schema.literal'='{"type": "record", "name": "TradeRecord", "fields": [{"name": "p", "type": "double"}, {"name": "exchange", "type": "string"}, {"name": "crypto_pair", "type": "string"}, {"name": "t", "type": "long"}, {"name": "v", "type": "double"}]}')
    
[2023-12-23T16:43:45.211+0000] {logging_mixin.py:188} INFO - finish
[2023-12-23T16:43:45.216+0000] {python.py:201} INFO - Done. Returned value was: None
[2023-12-23T16:43:45.220+0000] {taskinstance.py:1138} INFO - Marking task as SUCCESS. dag_id=batch_layer, task_id=consume_data, execution_date=20231223T164341, start_date=20231223T164344, end_date=20231223T164345
[2023-12-23T16:43:45.253+0000] {local_task_job_runner.py:234} INFO - Task exited with return code 0
[2023-12-23T16:43:45.264+0000] {taskinstance.py:3281} INFO - 2 downstream tasks scheduled from follow-on schedule check
