[2023-12-26T18:56:36.637+0000] {taskinstance.py:1957} INFO - Dependencies all met for dep_context=non-requeueable deps ti=<TaskInstance: batch_layer.consume_data manual__2023-12-26T18:56:33.546193+00:00 [queued]>
[2023-12-26T18:56:36.642+0000] {taskinstance.py:1957} INFO - Dependencies all met for dep_context=requeueable deps ti=<TaskInstance: batch_layer.consume_data manual__2023-12-26T18:56:33.546193+00:00 [queued]>
[2023-12-26T18:56:36.643+0000] {taskinstance.py:2171} INFO - Starting attempt 1 of 2
[2023-12-26T18:56:36.654+0000] {taskinstance.py:2192} INFO - Executing <Task(PythonOperator): consume_data> on 2023-12-26 18:56:33.546193+00:00
[2023-12-26T18:56:36.659+0000] {standard_task_runner.py:60} INFO - Started process 2875 to run task
[2023-12-26T18:56:36.663+0000] {standard_task_runner.py:87} INFO - Running: ['airflow', 'tasks', 'run', 'batch_layer', 'consume_data', 'manual__2023-12-26T18:56:33.546193+00:00', '--job-id', '61', '--raw', '--subdir', 'DAGS_FOLDER/BatchLayerDag.py', '--cfg-path', '/tmp/tmpm8iaxg52']
[2023-12-26T18:56:36.667+0000] {standard_task_runner.py:88} INFO - Job 61: Subtask consume_data
[2023-12-26T18:56:36.709+0000] {task_command.py:423} INFO - Running <TaskInstance: batch_layer.consume_data manual__2023-12-26T18:56:33.546193+00:00 [running]> on host ba237c0dfd1a
[2023-12-26T18:56:36.763+0000] {taskinstance.py:2481} INFO - Exporting env vars: AIRFLOW_CTX_DAG_EMAIL='airflow@example.com' AIRFLOW_CTX_DAG_OWNER='airflow' AIRFLOW_CTX_DAG_ID='batch_layer' AIRFLOW_CTX_TASK_ID='consume_data' AIRFLOW_CTX_EXECUTION_DATE='2023-12-26T18:56:33.546193+00:00' AIRFLOW_CTX_TRY_NUMBER='1' AIRFLOW_CTX_DAG_RUN_ID='manual__2023-12-26T18:56:33.546193+00:00'
[2023-12-26T18:56:36.813+0000] {hive.py:475} INFO - USE `finnhub_db`
[2023-12-26T18:56:36.848+0000] {hive.py:475} INFO - 
        CREATE TABLE IF NOT EXISTS finnhub_table
        ROW FORMAT SERDE 'org.apache.hadoop.hive.serde2.avro.AvroSerDe'
        STORED AS INPUTFORMAT 'org.apache.hadoop.hive.ql.io.avro.AvroContainerInputFormat'
        OUTPUTFORMAT 'org.apache.hadoop.hive.ql.io.avro.AvroContainerOutputFormat'
        TBLPROPERTIES ('avro.schema.literal'='{"type": "record", "name": "TradeRecord", "fields": [{"name": "p", "type": "double"}, {"name": "exchange", "type": "string"}, {"name": "crypto_pair", "type": "string"}, {"name": "t", "type": "long"}, {"name": "v", "type": "double"}]}')
    
[2023-12-26T18:56:36.904+0000] {hive.py:475} INFO - USE `finnhub_db`
[2023-12-26T18:56:36.943+0000] {hive.py:475} INFO - 
        CREATE TABLE IF NOT EXISTS temp_avro_data
        ROW FORMAT SERDE 'org.apache.hadoop.hive.serde2.avro.AvroSerDe'
        STORED AS INPUTFORMAT 'org.apache.hadoop.hive.ql.io.avro.AvroContainerInputFormat'
        OUTPUTFORMAT 'org.apache.hadoop.hive.ql.io.avro.AvroContainerOutputFormat'
        TBLPROPERTIES ('avro.schema.literal'='{"type": "record", "name": "TradeRecord", "fields": [{"name": "p", "type": "double"}, {"name": "exchange", "type": "string"}, {"name": "crypto_pair", "type": "string"}, {"name": "t", "type": "long"}, {"name": "v", "type": "double"}]}')
    
[2023-12-26T18:56:36.953+0000] {logging_mixin.py:188} INFO - [[{'c': ['1', '8'], 'p': 193.14, 's': 'AAPL', 't': 1703608888774, 'v': 100}, {'c': ['1', '8', '12'], 'p': 193.14, 's': 'AAPL', 't': 1703608888774, 'v': 75}, {'c': ['1', '8'], 'p': 193.14, 's': 'AAPL', 't': 1703608888775, 'v': 100}, {'c': ['1', '8', '12'], 'p': 193.14, 's': 'AAPL', 't': 1703608888775, 'v': 9}, {'c': ['1', '8'], 'p': 193.14, 's': 'AAPL', 't': 1703608888775, 'v': 100}, {'c': ['1', '8', '12'], 'p': 193.14, 's': 'AAPL', 't': 1703608888775, 'v': 9}, {'c': ['1', '8'], 'p': 193.14, 's': 'AAPL', 't': 1703608888775, 'v': 300}, {'c': ['1', '8'], 'p': 193.14, 's': 'AAPL', 't': 1703608888775, 'v': 100}, {'c': ['1', '8'], 'p': 193.14, 's': 'AAPL', 't': 1703608888775, 'v': 100}, {'c': ['1', '8'], 'p': 193.135, 's': 'AAPL', 't': 1703608888775, 'v': 100}], [{'c': ['1', '8'], 'p': 193.14, 's': 'AAPL', 't': 1703608888775, 'v': 100}, {'c': ['1', '8'], 'p': 193.14, 's': 'AAPL', 't': 1703608888775, 'v': 100}, {'c': ['1', '8', '12'], 'p': 193.14, 's': 'AAPL', 't': 1703608888775, 'v': 38}, {'c': ['1', '8'], 'p': 193.14, 's': 'AAPL', 't': 1703608888775, 'v': 100}, {'c': ['1', '8', '12'], 'p': 193.14, 's': 'AAPL', 't': 1703608888775, 'v': 2}, {'c': ['1', '8'], 'p': 193.14, 's': 'AAPL', 't': 1703608888775, 'v': 100}, {'c': ['1', '8'], 'p': 193.14, 's': 'AAPL', 't': 1703608888775, 'v': 100}, {'c': ['1', '8'], 'p': 193.135, 's': 'AAPL', 't': 1703608888775, 'v': 100}, {'c': ['1', '8'], 'p': 193.14, 's': 'AAPL', 't': 1703608888775, 'v': 230}, {'c': ['1', '8', '12'], 'p': 193.14, 's': 'AAPL', 't': 1703608888775, 'v': 98}], [{'c': ['1', '8'], 'p': 193.14, 's': 'AAPL', 't': 1703608888775, 'v': 100}, {'c': ['1', '8'], 'p': 193.14, 's': 'AAPL', 't': 1703608888775, 'v': 100}, {'c': ['1', '8'], 'p': 193.14, 's': 'AAPL', 't': 1703608888775, 'v': 100}, {'c': ['1', '12'], 'p': 193.14, 's': 'AAPL', 't': 1703608888775, 'v': 2}, {'c': ['1', '12'], 'p': 193.14, 's': 'AAPL', 't': 1703608888775, 'v': 2}, {'c': ['1', '12'], 'p': 193.14, 's': 'AAPL', 't': 1703608888775, 'v': 2}, {'c': ['1', '8', '12'], 'p': 193.14, 's': 'AAPL', 't': 1703608888776, 'v': 3}, {'c': None, 'p': 42337.52, 's': 'BINANCE:BTCUSDT', 't': 1703608888638, 'v': 0.00472}, {'c': ['1', '12'], 'p': 374.61, 's': 'MSFT', 't': 1703608888848, 'v': 1}, {'c': ['1', '12'], 'p': 374.6, 's': 'MSFT', 't': 1703608888848, 'v': 25}], [{'c': ['1', '12'], 'p': 374.61, 's': 'MSFT', 't': 1703608888849, 'v': 1}, {'c': ['1', '12'], 'p': 153.42, 's': 'AMZN', 't': 1703608888873, 'v': 1}, {'c': ['1', '12'], 'p': 153.42, 's': 'AMZN', 't': 1703608888873, 'v': 1}, {'c': ['1'], 'p': 153.415, 's': 'AMZN', 't': 1703608888880, 'v': 200}, {'c': ['1', '12'], 'p': 193.1403, 's': 'AAPL', 't': 1703608889048, 'v': 41}, {'c': ['1', '12'], 'p': 193.15, 's': 'AAPL', 't': 1703608889049, 'v': 41}, {'c': ['1', '12'], 'p': 153.42, 's': 'AMZN', 't': 1703608889075, 'v': 31}, {'c': None, 'p': 42337.51, 's': 'BINANCE:BTCUSDT', 't': 1703608888921, 'v': 0.00152}, {'c': ['1', '12'], 'p': 374.6, 's': 'MSFT', 't': 1703608889081, 'v': 5}, {'c': ['1'], 'p': 374.59, 's': 'MSFT', 't': 1703608889082, 'v': 185}], [{'c': ['1', '12'], 'p': 374.605, 's': 'MSFT', 't': 1703608889103, 'v': 50}, {'c': ['1', '12'], 'p': 193.1469, 's': 'AAPL', 't': 1703608889105, 'v': 1}, {'c': ['1', '12'], 'p': 193.1469, 's': 'AAPL', 't': 1703608889105, 'v': 4}, {'c': ['1', '12'], 'p': 193.1409, 's': 'AAPL', 't': 1703608889108, 'v': 75}, {'c': ['1', '8', '12'], 'p': 153.42, 's': 'AMZN', 't': 1703608889116, 'v': 2}, {'c': ['1', '12'], 'p': 193.14, 's': 'AAPL', 't': 1703608889124, 'v': 2}, {'c': ['1', '8'], 'p': 193.14, 's': 'AAPL', 't': 1703608889124, 'v': 100}, {'c': ['1', '8', '12'], 'p': 193.14, 's': 'AAPL', 't': 1703608889124, 'v': 60}, {'c': ['1', '12'], 'p': 193.14, 's': 'AAPL', 't': 1703608889124, 'v': 98}, {'c': ['1', '12'], 'p': 193.14, 's': 'AAPL', 't': 1703608889124, 'v': 65}], [{'c': ['1', '8', '12'], 'p': 193.14, 's': 'AAPL', 't': 1703608889124, 'v': 13}, {'c': ['1', '12'], 'p': 193.14, 's': 'AAPL', 't': 1703608889124, 'v': 87}, {'c': ['1'], 'p': 193.14, 's': 'AAPL', 't': 1703608889124, 'v': 100}, {'c': ['1'], 'p': 193.14, 's': 'AAPL', 't': 1703608889124, 'v': 100}, {'c': ['1', '8'], 'p': 193.14, 's': 'AAPL', 't': 1703608889125, 'v': 100}, {'c': ['1', '12'], 'p': 193.14, 's': 'AAPL', 't': 1703608889125, 'v': 18}, {'c': ['1', '8'], 'p': 153.42, 's': 'AMZN', 't': 1703608889214, 'v': 100}, {'c': ['1', '8'], 'p': 153.42, 's': 'AMZN', 't': 1703608889214, 'v': 100}, {'c': ['1', '12'], 'p': 153.42, 's': 'AMZN', 't': 1703608889215, 'v': 1}, {'c': ['1'], 'p': 153.43, 's': 'AMZN', 't': 1703608889219, 'v': 100}], [{'c': ['1'], 'p': 153.43, 's': 'AMZN', 't': 1703608889219, 'v': 100}, {'c': ['1'], 'p': 153.43, 's': 'AMZN', 't': 1703608889219, 'v': 100}, {'c': ['1'], 'p': 153.425, 's': 'AMZN', 't': 1703608889219, 'v': 100}, {'c': ['1'], 'p': 153.43, 's': 'AMZN', 't': 1703608889219, 'v': 100}, {'c': ['1', '12'], 'p': 153.425, 's': 'AMZN', 't': 1703608889219, 'v': 14}, {'c': None, 'p': 2225.18, 's': 'BINANCE:ETHUSDT', 't': 1703608889122, 'v': 0.3653}, {'c': None, 'p': 42337.51, 's': 'BINANCE:BTCUSDT', 't': 1703608889163, 'v': 0.0003}, {'c': None, 'p': 2225.19, 's': 'BINANCE:ETHUSDT', 't': 1703608889194, 'v': 0.0476}, {'c': ['1', '12'], 'p': 374.6081, 's': 'MSFT', 't': 1703608889360, 'v': 8}], [{'c': ['1', '12'], 'p': 374.62, 's': 'MSFT', 't': 1703608890267, 'v': 1}, {'c': ['1', '12'], 'p': 374.6, 's': 'MSFT', 't': 1703608889399, 'v': 22}, {'c': None, 'p': 42337.51, 's': 'BINANCE:BTCUSDT', 't': 1703608889266, 'v': 0.00348}, {'c': ['1'], 'p': 193.135, 's': 'AAPL', 't': 1703608889449, 'v': 200}, {'c': ['1', '12'], 'p': 374.62, 's': 'MSFT', 't': 1703608889498, 'v': 1}, {'c': ['1'], 'p': 374.62, 's': 'MSFT', 't': 1703608889499, 'v': 237}, {'c': ['1'], 'p': 374.61, 's': 'MSFT', 't': 1703608889515, 'v': 263}, {'c': ['1'], 'p': 374.62, 's': 'MSFT', 't': 1703608889531, 'v': 499}, {'c': ['1', '12'], 'p': 153.4299, 's': 'AMZN', 't': 1703608889561, 'v': 1}, {'c': ['1', '12'], 'p': 153.43, 's': 'AMZN', 't': 1703608889590, 'v': 50}], [{'c': ['1'], 'p': 193.1381, 's': 'AAPL', 't': 1703608889607, 'v': 126}, {'c': ['1'], 'p': 193.1361, 's': 'AAPL', 't': 1703608889618, 'v': 100}, {'c': ['1', '12'], 'p': 193.14, 's': 'AAPL', 't': 1703608889623, 'v': 1}, {'c': None, 'p': 2225.18, 's': 'BINANCE:ETHUSDT', 't': 1703608889473, 'v': 1.2493}, {'c': None, 'p': 2225.18, 's': 'BINANCE:ETHUSDT', 't': 1703608889473, 'v': 2.2528}, {'c': None, 'p': 2225.18, 's': 'BINANCE:ETHUSDT', 't': 1703608889473, 'v': 0.007}, {'c': None, 'p': 2225.18, 's': 'BINANCE:ETHUSDT', 't': 1703608889473, 'v': 0.1219}, {'c': None, 'p': 2225.14, 's': 'BINANCE:ETHUSDT', 't': 1703608889474, 'v': 1.1882}, {'c': None, 'p': 2225.14, 's': 'BINANCE:ETHUSDT', 't': 1703608889475, 'v': 2.8249}, {'c': None, 'p': 2225.14, 's': 'BINANCE:ETHUSDT', 't': 1703608889477, 'v': 0.9869}], [{'c': None, 'p': 2225.14, 's': 'BINANCE:ETHUSDT', 't': 1703608889478, 'v': 0.6247}, {'c': None, 'p': 2225.09, 's': 'BINANCE:ETHUSDT', 't': 1703608889479, 'v': 0.4145}, {'c': None, 'p': 2225.08, 's': 'BINANCE:ETHUSDT', 't': 1703608889479, 'v': 0.0023}, {'c': None, 'p': 2225.02, 's': 'BINANCE:ETHUSDT', 't': 1703608889483, 'v': 0.8}, {'c': None, 'p': 2225.02, 's': 'BINANCE:ETHUSDT', 't': 1703608889483, 'v': 0.8686}, {'c': None, 'p': 2224.97, 's': 'BINANCE:ETHUSDT', 't': 1703608889537, 'v': 0.0023}, {'c': None, 'p': 2224.97, 's': 'BINANCE:ETHUSDT', 't': 1703608889537, 'v': 0.6231}, {'c': None, 'p': 2224.97, 's': 'BINANCE:ETHUSDT', 't': 1703608889541, 'v': 0.0024}, {'c': None, 'p': 2224.8, 's': 'BINANCE:ETHUSDT', 't': 1703608890146, 'v': 0.0035}, {'c': None, 'p': 42337.51, 's': 'BINANCE:BTCUSDT', 't': 1703608889619, 'v': 0.00029}]]
[2023-12-26T18:56:36.954+0000] {hive.py:475} INFO - 
                            INSERT INTO temp_avro_data
                            VALUES (

                                193.14,
                                'AAPL',  -- New 'exchange' attribute
                                'None',  -- New 'crypto_pair' attribute
                                1703608888774,
                                100
                            )
                        
[2023-12-26T18:56:39.396+0000] {hive.py:475} INFO - 
                            INSERT INTO temp_avro_data
                            VALUES (

                                193.14,
                                'AAPL',  -- New 'exchange' attribute
                                'None',  -- New 'crypto_pair' attribute
                                1703608888774,
                                75
                            )
                        
[2023-12-26T18:56:42.003+0000] {hive.py:475} INFO - 
                            INSERT INTO temp_avro_data
                            VALUES (

                                193.14,
                                'AAPL',  -- New 'exchange' attribute
                                'None',  -- New 'crypto_pair' attribute
                                1703608888775,
                                100
                            )
                        
[2023-12-26T18:56:44.565+0000] {hive.py:475} INFO - 
                            INSERT INTO temp_avro_data
                            VALUES (

                                193.14,
                                'AAPL',  -- New 'exchange' attribute
                                'None',  -- New 'crypto_pair' attribute
                                1703608888775,
                                9
                            )
                        
[2023-12-26T18:56:47.135+0000] {hive.py:475} INFO - 
                            INSERT INTO temp_avro_data
                            VALUES (

                                193.14,
                                'AAPL',  -- New 'exchange' attribute
                                'None',  -- New 'crypto_pair' attribute
                                1703608888775,
                                100
                            )
                        
[2023-12-26T18:56:49.285+0000] {hive.py:475} INFO - 
                            INSERT INTO temp_avro_data
                            VALUES (

                                193.14,
                                'AAPL',  -- New 'exchange' attribute
                                'None',  -- New 'crypto_pair' attribute
                                1703608888775,
                                9
                            )
                        
[2023-12-26T18:56:51.844+0000] {hive.py:475} INFO - 
                            INSERT INTO temp_avro_data
                            VALUES (

                                193.14,
                                'AAPL',  -- New 'exchange' attribute
                                'None',  -- New 'crypto_pair' attribute
                                1703608888775,
                                300
                            )
                        
[2023-12-26T18:56:54.415+0000] {hive.py:475} INFO - 
                            INSERT INTO temp_avro_data
                            VALUES (

                                193.14,
                                'AAPL',  -- New 'exchange' attribute
                                'None',  -- New 'crypto_pair' attribute
                                1703608888775,
                                100
                            )
                        
[2023-12-26T18:56:56.971+0000] {hive.py:475} INFO - 
                            INSERT INTO temp_avro_data
                            VALUES (

                                193.14,
                                'AAPL',  -- New 'exchange' attribute
                                'None',  -- New 'crypto_pair' attribute
                                1703608888775,
                                100
                            )
                        
[2023-12-26T18:56:59.127+0000] {hive.py:475} INFO - 
                            INSERT INTO temp_avro_data
                            VALUES (

                                193.135,
                                'AAPL',  -- New 'exchange' attribute
                                'None',  -- New 'crypto_pair' attribute
                                1703608888775,
                                100
                            )
                        
[2023-12-26T18:57:01.290+0000] {hive.py:475} INFO - 
                            INSERT INTO temp_avro_data
                            VALUES (

                                193.14,
                                'AAPL',  -- New 'exchange' attribute
                                'None',  -- New 'crypto_pair' attribute
                                1703608888775,
                                100
                            )
                        
[2023-12-26T18:57:03.861+0000] {hive.py:475} INFO - 
                            INSERT INTO temp_avro_data
                            VALUES (

                                193.14,
                                'AAPL',  -- New 'exchange' attribute
                                'None',  -- New 'crypto_pair' attribute
                                1703608888775,
                                100
                            )
                        
[2023-12-26T18:57:06.041+0000] {hive.py:475} INFO - 
                            INSERT INTO temp_avro_data
                            VALUES (

                                193.14,
                                'AAPL',  -- New 'exchange' attribute
                                'None',  -- New 'crypto_pair' attribute
                                1703608888775,
                                38
                            )
                        
[2023-12-26T18:57:08.233+0000] {hive.py:475} INFO - 
                            INSERT INTO temp_avro_data
                            VALUES (

                                193.14,
                                'AAPL',  -- New 'exchange' attribute
                                'None',  -- New 'crypto_pair' attribute
                                1703608888775,
                                100
                            )
                        
[2023-12-26T18:57:10.414+0000] {hive.py:475} INFO - 
                            INSERT INTO temp_avro_data
                            VALUES (

                                193.14,
                                'AAPL',  -- New 'exchange' attribute
                                'None',  -- New 'crypto_pair' attribute
                                1703608888775,
                                2
                            )
                        
[2023-12-26T18:57:12.680+0000] {hive.py:475} INFO - 
                            INSERT INTO temp_avro_data
                            VALUES (

                                193.14,
                                'AAPL',  -- New 'exchange' attribute
                                'None',  -- New 'crypto_pair' attribute
                                1703608888775,
                                100
                            )
                        
[2023-12-26T18:57:15.295+0000] {hive.py:475} INFO - 
                            INSERT INTO temp_avro_data
                            VALUES (

                                193.14,
                                'AAPL',  -- New 'exchange' attribute
                                'None',  -- New 'crypto_pair' attribute
                                1703608888775,
                                100
                            )
                        
[2023-12-26T18:57:17.844+0000] {hive.py:475} INFO - 
                            INSERT INTO temp_avro_data
                            VALUES (

                                193.135,
                                'AAPL',  -- New 'exchange' attribute
                                'None',  -- New 'crypto_pair' attribute
                                1703608888775,
                                100
                            )
                        
[2023-12-26T18:57:20.585+0000] {hive.py:475} INFO - 
                            INSERT INTO temp_avro_data
                            VALUES (

                                193.14,
                                'AAPL',  -- New 'exchange' attribute
                                'None',  -- New 'crypto_pair' attribute
                                1703608888775,
                                230
                            )
                        
[2023-12-26T18:57:22.732+0000] {hive.py:475} INFO - 
                            INSERT INTO temp_avro_data
                            VALUES (

                                193.14,
                                'AAPL',  -- New 'exchange' attribute
                                'None',  -- New 'crypto_pair' attribute
                                1703608888775,
                                98
                            )
                        
[2023-12-26T18:57:24.908+0000] {hive.py:475} INFO - 
                            INSERT INTO temp_avro_data
                            VALUES (

                                193.14,
                                'AAPL',  -- New 'exchange' attribute
                                'None',  -- New 'crypto_pair' attribute
                                1703608888775,
                                100
                            )
                        
[2023-12-26T18:57:27.467+0000] {hive.py:475} INFO - 
                            INSERT INTO temp_avro_data
                            VALUES (

                                193.14,
                                'AAPL',  -- New 'exchange' attribute
                                'None',  -- New 'crypto_pair' attribute
                                1703608888775,
                                100
                            )
                        
[2023-12-26T18:57:29.691+0000] {hive.py:475} INFO - 
                            INSERT INTO temp_avro_data
                            VALUES (

                                193.14,
                                'AAPL',  -- New 'exchange' attribute
                                'None',  -- New 'crypto_pair' attribute
                                1703608888775,
                                100
                            )
                        
[2023-12-26T18:57:31.906+0000] {hive.py:475} INFO - 
                            INSERT INTO temp_avro_data
                            VALUES (

                                193.14,
                                'AAPL',  -- New 'exchange' attribute
                                'None',  -- New 'crypto_pair' attribute
                                1703608888775,
                                2
                            )
                        
[2023-12-26T18:57:34.626+0000] {hive.py:475} INFO - 
                            INSERT INTO temp_avro_data
                            VALUES (

                                193.14,
                                'AAPL',  -- New 'exchange' attribute
                                'None',  -- New 'crypto_pair' attribute
                                1703608888775,
                                2
                            )
                        
[2023-12-26T18:57:37.276+0000] {hive.py:475} INFO - 
                            INSERT INTO temp_avro_data
                            VALUES (

                                193.14,
                                'AAPL',  -- New 'exchange' attribute
                                'None',  -- New 'crypto_pair' attribute
                                1703608888775,
                                2
                            )
                        
[2023-12-26T18:57:39.451+0000] {hive.py:475} INFO - 
                            INSERT INTO temp_avro_data
                            VALUES (

                                193.14,
                                'AAPL',  -- New 'exchange' attribute
                                'None',  -- New 'crypto_pair' attribute
                                1703608888776,
                                3
                            )
                        
[2023-12-26T18:57:41.658+0000] {hive.py:475} INFO - 
                            INSERT INTO temp_avro_data
                            VALUES (

                                42337.52,
                                'BINANCE',  -- New 'exchange' attribute
                                'BTCUSDT',  -- New 'crypto_pair' attribute
                                1703608888638,
                                0.00472
                            )
                        
[2023-12-26T18:57:43.810+0000] {hive.py:475} INFO - 
                            INSERT INTO temp_avro_data
                            VALUES (

                                374.61,
                                'MSFT',  -- New 'exchange' attribute
                                'None',  -- New 'crypto_pair' attribute
                                1703608888848,
                                1
                            )
                        
[2023-12-26T18:57:46.374+0000] {hive.py:475} INFO - 
                            INSERT INTO temp_avro_data
                            VALUES (

                                374.6,
                                'MSFT',  -- New 'exchange' attribute
                                'None',  -- New 'crypto_pair' attribute
                                1703608888848,
                                25
                            )
                        
[2023-12-26T18:57:48.559+0000] {hive.py:475} INFO - 
                            INSERT INTO temp_avro_data
                            VALUES (

                                374.61,
                                'MSFT',  -- New 'exchange' attribute
                                'None',  -- New 'crypto_pair' attribute
                                1703608888849,
                                1
                            )
                        
[2023-12-26T18:57:50.741+0000] {hive.py:475} INFO - 
                            INSERT INTO temp_avro_data
                            VALUES (

                                153.42,
                                'AMZN',  -- New 'exchange' attribute
                                'None',  -- New 'crypto_pair' attribute
                                1703608888873,
                                1
                            )
                        
[2023-12-26T18:57:52.917+0000] {hive.py:475} INFO - 
                            INSERT INTO temp_avro_data
                            VALUES (

                                153.42,
                                'AMZN',  -- New 'exchange' attribute
                                'None',  -- New 'crypto_pair' attribute
                                1703608888873,
                                1
                            )
                        
[2023-12-26T18:57:55.507+0000] {hive.py:475} INFO - 
                            INSERT INTO temp_avro_data
                            VALUES (

                                153.415,
                                'AMZN',  -- New 'exchange' attribute
                                'None',  -- New 'crypto_pair' attribute
                                1703608888880,
                                200
                            )
                        
[2023-12-26T18:57:57.690+0000] {hive.py:475} INFO - 
                            INSERT INTO temp_avro_data
                            VALUES (

                                193.1403,
                                'AAPL',  -- New 'exchange' attribute
                                'None',  -- New 'crypto_pair' attribute
                                1703608889048,
                                41
                            )
                        
[2023-12-26T18:58:00.270+0000] {hive.py:475} INFO - 
                            INSERT INTO temp_avro_data
                            VALUES (

                                193.15,
                                'AAPL',  -- New 'exchange' attribute
                                'None',  -- New 'crypto_pair' attribute
                                1703608889049,
                                41
                            )
                        
[2023-12-26T18:58:02.460+0000] {hive.py:475} INFO - 
                            INSERT INTO temp_avro_data
                            VALUES (

                                153.42,
                                'AMZN',  -- New 'exchange' attribute
                                'None',  -- New 'crypto_pair' attribute
                                1703608889075,
                                31
                            )
                        
[2023-12-26T18:58:04.612+0000] {hive.py:475} INFO - 
                            INSERT INTO temp_avro_data
                            VALUES (

                                42337.51,
                                'BINANCE',  -- New 'exchange' attribute
                                'BTCUSDT',  -- New 'crypto_pair' attribute
                                1703608888921,
                                0.00152
                            )
                        
[2023-12-26T18:58:06.834+0000] {hive.py:475} INFO - 
                            INSERT INTO temp_avro_data
                            VALUES (

                                374.6,
                                'MSFT',  -- New 'exchange' attribute
                                'None',  -- New 'crypto_pair' attribute
                                1703608889081,
                                5
                            )
                        
[2023-12-26T18:58:09.029+0000] {hive.py:475} INFO - 
                            INSERT INTO temp_avro_data
                            VALUES (

                                374.59,
                                'MSFT',  -- New 'exchange' attribute
                                'None',  -- New 'crypto_pair' attribute
                                1703608889082,
                                185
                            )
                        
[2023-12-26T18:58:11.435+0000] {hive.py:475} INFO - 
                            INSERT INTO temp_avro_data
                            VALUES (

                                374.605,
                                'MSFT',  -- New 'exchange' attribute
                                'None',  -- New 'crypto_pair' attribute
                                1703608889103,
                                50
                            )
                        
[2023-12-26T18:58:13.853+0000] {hive.py:475} INFO - 
                            INSERT INTO temp_avro_data
                            VALUES (

                                193.1469,
                                'AAPL',  -- New 'exchange' attribute
                                'None',  -- New 'crypto_pair' attribute
                                1703608889105,
                                1
                            )
                        
[2023-12-26T18:58:16.485+0000] {hive.py:475} INFO - 
                            INSERT INTO temp_avro_data
                            VALUES (

                                193.1469,
                                'AAPL',  -- New 'exchange' attribute
                                'None',  -- New 'crypto_pair' attribute
                                1703608889105,
                                4
                            )
                        
[2023-12-26T18:58:18.870+0000] {hive.py:475} INFO - 
                            INSERT INTO temp_avro_data
                            VALUES (

                                193.1409,
                                'AAPL',  -- New 'exchange' attribute
                                'None',  -- New 'crypto_pair' attribute
                                1703608889108,
                                75
                            )
                        
[2023-12-26T18:58:21.618+0000] {hive.py:475} INFO - 
                            INSERT INTO temp_avro_data
                            VALUES (

                                153.42,
                                'AMZN',  -- New 'exchange' attribute
                                'None',  -- New 'crypto_pair' attribute
                                1703608889116,
                                2
                            )
                        
[2023-12-26T18:58:24.255+0000] {hive.py:475} INFO - 
                            INSERT INTO temp_avro_data
                            VALUES (

                                193.14,
                                'AAPL',  -- New 'exchange' attribute
                                'None',  -- New 'crypto_pair' attribute
                                1703608889124,
                                2
                            )
                        
[2023-12-26T18:58:26.526+0000] {hive.py:475} INFO - 
                            INSERT INTO temp_avro_data
                            VALUES (

                                193.14,
                                'AAPL',  -- New 'exchange' attribute
                                'None',  -- New 'crypto_pair' attribute
                                1703608889124,
                                100
                            )
                        
[2023-12-26T18:58:29.191+0000] {hive.py:475} INFO - 
                            INSERT INTO temp_avro_data
                            VALUES (

                                193.14,
                                'AAPL',  -- New 'exchange' attribute
                                'None',  -- New 'crypto_pair' attribute
                                1703608889124,
                                60
                            )
                        
[2023-12-26T18:58:31.440+0000] {hive.py:475} INFO - 
                            INSERT INTO temp_avro_data
                            VALUES (

                                193.14,
                                'AAPL',  -- New 'exchange' attribute
                                'None',  -- New 'crypto_pair' attribute
                                1703608889124,
                                98
                            )
                        
[2023-12-26T18:58:34.024+0000] {hive.py:475} INFO - 
                            INSERT INTO temp_avro_data
                            VALUES (

                                193.14,
                                'AAPL',  -- New 'exchange' attribute
                                'None',  -- New 'crypto_pair' attribute
                                1703608889124,
                                65
                            )
                        
[2023-12-26T18:58:36.299+0000] {hive.py:475} INFO - 
                            INSERT INTO temp_avro_data
                            VALUES (

                                193.14,
                                'AAPL',  -- New 'exchange' attribute
                                'None',  -- New 'crypto_pair' attribute
                                1703608889124,
                                13
                            )
                        
[2023-12-26T18:58:38.948+0000] {hive.py:475} INFO - 
                            INSERT INTO temp_avro_data
                            VALUES (

                                193.14,
                                'AAPL',  -- New 'exchange' attribute
                                'None',  -- New 'crypto_pair' attribute
                                1703608889124,
                                87
                            )
                        
[2023-12-26T18:58:41.153+0000] {hive.py:475} INFO - 
                            INSERT INTO temp_avro_data
                            VALUES (

                                193.14,
                                'AAPL',  -- New 'exchange' attribute
                                'None',  -- New 'crypto_pair' attribute
                                1703608889124,
                                100
                            )
                        
[2023-12-26T18:58:43.409+0000] {hive.py:475} INFO - 
                            INSERT INTO temp_avro_data
                            VALUES (

                                193.14,
                                'AAPL',  -- New 'exchange' attribute
                                'None',  -- New 'crypto_pair' attribute
                                1703608889124,
                                100
                            )
                        
[2023-12-26T18:58:45.626+0000] {hive.py:475} INFO - 
                            INSERT INTO temp_avro_data
                            VALUES (

                                193.14,
                                'AAPL',  -- New 'exchange' attribute
                                'None',  -- New 'crypto_pair' attribute
                                1703608889125,
                                100
                            )
                        
[2023-12-26T18:58:47.849+0000] {hive.py:475} INFO - 
                            INSERT INTO temp_avro_data
                            VALUES (

                                193.14,
                                'AAPL',  -- New 'exchange' attribute
                                'None',  -- New 'crypto_pair' attribute
                                1703608889125,
                                18
                            )
                        
[2023-12-26T18:58:50.612+0000] {hive.py:475} INFO - 
                            INSERT INTO temp_avro_data
                            VALUES (

                                153.42,
                                'AMZN',  -- New 'exchange' attribute
                                'None',  -- New 'crypto_pair' attribute
                                1703608889214,
                                100
                            )
                        
[2023-12-26T18:58:52.834+0000] {hive.py:475} INFO - 
                            INSERT INTO temp_avro_data
                            VALUES (

                                153.42,
                                'AMZN',  -- New 'exchange' attribute
                                'None',  -- New 'crypto_pair' attribute
                                1703608889214,
                                100
                            )
                        
[2023-12-26T18:58:55.452+0000] {hive.py:475} INFO - 
                            INSERT INTO temp_avro_data
                            VALUES (

                                153.42,
                                'AMZN',  -- New 'exchange' attribute
                                'None',  -- New 'crypto_pair' attribute
                                1703608889215,
                                1
                            )
                        
[2023-12-26T18:58:58.055+0000] {hive.py:475} INFO - 
                            INSERT INTO temp_avro_data
                            VALUES (

                                153.43,
                                'AMZN',  -- New 'exchange' attribute
                                'None',  -- New 'crypto_pair' attribute
                                1703608889219,
                                100
                            )
                        
[2023-12-26T18:59:00.241+0000] {hive.py:475} INFO - 
                            INSERT INTO temp_avro_data
                            VALUES (

                                153.43,
                                'AMZN',  -- New 'exchange' attribute
                                'None',  -- New 'crypto_pair' attribute
                                1703608889219,
                                100
                            )
                        
[2023-12-26T18:59:02.882+0000] {hive.py:475} INFO - 
                            INSERT INTO temp_avro_data
                            VALUES (

                                153.43,
                                'AMZN',  -- New 'exchange' attribute
                                'None',  -- New 'crypto_pair' attribute
                                1703608889219,
                                100
                            )
                        
[2023-12-26T18:59:05.436+0000] {hive.py:475} INFO - 
                            INSERT INTO temp_avro_data
                            VALUES (

                                153.425,
                                'AMZN',  -- New 'exchange' attribute
                                'None',  -- New 'crypto_pair' attribute
                                1703608889219,
                                100
                            )
                        
[2023-12-26T18:59:07.987+0000] {hive.py:475} INFO - 
                            INSERT INTO temp_avro_data
                            VALUES (

                                153.43,
                                'AMZN',  -- New 'exchange' attribute
                                'None',  -- New 'crypto_pair' attribute
                                1703608889219,
                                100
                            )
                        
[2023-12-26T18:59:10.549+0000] {hive.py:475} INFO - 
                            INSERT INTO temp_avro_data
                            VALUES (

                                153.425,
                                'AMZN',  -- New 'exchange' attribute
                                'None',  -- New 'crypto_pair' attribute
                                1703608889219,
                                14
                            )
                        
[2023-12-26T18:59:12.921+0000] {hive.py:475} INFO - 
                            INSERT INTO temp_avro_data
                            VALUES (

                                2225.18,
                                'BINANCE',  -- New 'exchange' attribute
                                'ETHUSDT',  -- New 'crypto_pair' attribute
                                1703608889122,
                                0.3653
                            )
                        
[2023-12-26T18:59:15.726+0000] {hive.py:475} INFO - 
                            INSERT INTO temp_avro_data
                            VALUES (

                                42337.51,
                                'BINANCE',  -- New 'exchange' attribute
                                'BTCUSDT',  -- New 'crypto_pair' attribute
                                1703608889163,
                                0.0003
                            )
                        
[2023-12-26T18:59:18.526+0000] {hive.py:475} INFO - 
                            INSERT INTO temp_avro_data
                            VALUES (

                                2225.19,
                                'BINANCE',  -- New 'exchange' attribute
                                'ETHUSDT',  -- New 'crypto_pair' attribute
                                1703608889194,
                                0.0476
                            )
                        
[2023-12-26T18:59:20.944+0000] {hive.py:475} INFO - 
                            INSERT INTO temp_avro_data
                            VALUES (

                                374.6081,
                                'MSFT',  -- New 'exchange' attribute
                                'None',  -- New 'crypto_pair' attribute
                                1703608889360,
                                8
                            )
                        
[2023-12-26T18:59:23.232+0000] {hive.py:475} INFO - 
                            INSERT INTO temp_avro_data
                            VALUES (

                                374.62,
                                'MSFT',  -- New 'exchange' attribute
                                'None',  -- New 'crypto_pair' attribute
                                1703608890267,
                                1
                            )
                        
[2023-12-26T18:59:25.919+0000] {hive.py:475} INFO - 
                            INSERT INTO temp_avro_data
                            VALUES (

                                374.6,
                                'MSFT',  -- New 'exchange' attribute
                                'None',  -- New 'crypto_pair' attribute
                                1703608889399,
                                22
                            )
                        
[2023-12-26T18:59:28.586+0000] {hive.py:475} INFO - 
                            INSERT INTO temp_avro_data
                            VALUES (

                                42337.51,
                                'BINANCE',  -- New 'exchange' attribute
                                'BTCUSDT',  -- New 'crypto_pair' attribute
                                1703608889266,
                                0.00348
                            )
                        
[2023-12-26T18:59:30.845+0000] {hive.py:475} INFO - 
                            INSERT INTO temp_avro_data
                            VALUES (

                                193.135,
                                'AAPL',  -- New 'exchange' attribute
                                'None',  -- New 'crypto_pair' attribute
                                1703608889449,
                                200
                            )
                        
[2023-12-26T18:59:33.100+0000] {hive.py:475} INFO - 
                            INSERT INTO temp_avro_data
                            VALUES (

                                374.62,
                                'MSFT',  -- New 'exchange' attribute
                                'None',  -- New 'crypto_pair' attribute
                                1703608889498,
                                1
                            )
                        
[2023-12-26T18:59:35.777+0000] {hive.py:475} INFO - 
                            INSERT INTO temp_avro_data
                            VALUES (

                                374.62,
                                'MSFT',  -- New 'exchange' attribute
                                'None',  -- New 'crypto_pair' attribute
                                1703608889499,
                                237
                            )
                        
[2023-12-26T18:59:38.448+0000] {hive.py:475} INFO - 
                            INSERT INTO temp_avro_data
                            VALUES (

                                374.61,
                                'MSFT',  -- New 'exchange' attribute
                                'None',  -- New 'crypto_pair' attribute
                                1703608889515,
                                263
                            )
                        
[2023-12-26T18:59:40.752+0000] {hive.py:475} INFO - 
                            INSERT INTO temp_avro_data
                            VALUES (

                                374.62,
                                'MSFT',  -- New 'exchange' attribute
                                'None',  -- New 'crypto_pair' attribute
                                1703608889531,
                                499
                            )
                        
[2023-12-26T18:59:42.954+0000] {hive.py:475} INFO - 
                            INSERT INTO temp_avro_data
                            VALUES (

                                153.4299,
                                'AMZN',  -- New 'exchange' attribute
                                'None',  -- New 'crypto_pair' attribute
                                1703608889561,
                                1
                            )
                        
[2023-12-26T18:59:45.574+0000] {hive.py:475} INFO - 
                            INSERT INTO temp_avro_data
                            VALUES (

                                153.43,
                                'AMZN',  -- New 'exchange' attribute
                                'None',  -- New 'crypto_pair' attribute
                                1703608889590,
                                50
                            )
                        
[2023-12-26T18:59:47.789+0000] {hive.py:475} INFO - 
                            INSERT INTO temp_avro_data
                            VALUES (

                                193.1381,
                                'AAPL',  -- New 'exchange' attribute
                                'None',  -- New 'crypto_pair' attribute
                                1703608889607,
                                126
                            )
                        
[2023-12-26T18:59:50.025+0000] {hive.py:475} INFO - 
                            INSERT INTO temp_avro_data
                            VALUES (

                                193.1361,
                                'AAPL',  -- New 'exchange' attribute
                                'None',  -- New 'crypto_pair' attribute
                                1703608889618,
                                100
                            )
                        
[2023-12-26T18:59:52.662+0000] {hive.py:475} INFO - 
                            INSERT INTO temp_avro_data
                            VALUES (

                                193.14,
                                'AAPL',  -- New 'exchange' attribute
                                'None',  -- New 'crypto_pair' attribute
                                1703608889623,
                                1
                            )
                        
[2023-12-26T18:59:54.988+0000] {hive.py:475} INFO - 
                            INSERT INTO temp_avro_data
                            VALUES (

                                2225.18,
                                'BINANCE',  -- New 'exchange' attribute
                                'ETHUSDT',  -- New 'crypto_pair' attribute
                                1703608889473,
                                1.2493
                            )
                        
[2023-12-26T18:59:57.251+0000] {hive.py:475} INFO - 
                            INSERT INTO temp_avro_data
                            VALUES (

                                2225.18,
                                'BINANCE',  -- New 'exchange' attribute
                                'ETHUSDT',  -- New 'crypto_pair' attribute
                                1703608889473,
                                2.2528
                            )
                        
[2023-12-26T18:59:59.921+0000] {hive.py:475} INFO - 
                            INSERT INTO temp_avro_data
                            VALUES (

                                2225.18,
                                'BINANCE',  -- New 'exchange' attribute
                                'ETHUSDT',  -- New 'crypto_pair' attribute
                                1703608889473,
                                0.007
                            )
                        
[2023-12-26T19:00:02.805+0000] {hive.py:475} INFO - 
                            INSERT INTO temp_avro_data
                            VALUES (

                                2225.18,
                                'BINANCE',  -- New 'exchange' attribute
                                'ETHUSDT',  -- New 'crypto_pair' attribute
                                1703608889473,
                                0.1219
                            )
                        
[2023-12-26T19:00:05.131+0000] {hive.py:475} INFO - 
                            INSERT INTO temp_avro_data
                            VALUES (

                                2225.14,
                                'BINANCE',  -- New 'exchange' attribute
                                'ETHUSDT',  -- New 'crypto_pair' attribute
                                1703608889474,
                                1.1882
                            )
                        
[2023-12-26T19:00:07.405+0000] {hive.py:475} INFO - 
                            INSERT INTO temp_avro_data
                            VALUES (

                                2225.14,
                                'BINANCE',  -- New 'exchange' attribute
                                'ETHUSDT',  -- New 'crypto_pair' attribute
                                1703608889475,
                                2.8249
                            )
                        
[2023-12-26T19:00:09.657+0000] {hive.py:475} INFO - 
                            INSERT INTO temp_avro_data
                            VALUES (

                                2225.14,
                                'BINANCE',  -- New 'exchange' attribute
                                'ETHUSDT',  -- New 'crypto_pair' attribute
                                1703608889477,
                                0.9869
                            )
                        
[2023-12-26T19:00:11.960+0000] {hive.py:475} INFO - 
                            INSERT INTO temp_avro_data
                            VALUES (

                                2225.14,
                                'BINANCE',  -- New 'exchange' attribute
                                'ETHUSDT',  -- New 'crypto_pair' attribute
                                1703608889478,
                                0.6247
                            )
                        
[2023-12-26T19:00:14.352+0000] {hive.py:475} INFO - 
                            INSERT INTO temp_avro_data
                            VALUES (

                                2225.09,
                                'BINANCE',  -- New 'exchange' attribute
                                'ETHUSDT',  -- New 'crypto_pair' attribute
                                1703608889479,
                                0.4145
                            )
                        
[2023-12-26T19:00:17.224+0000] {hive.py:475} INFO - 
                            INSERT INTO temp_avro_data
                            VALUES (

                                2225.08,
                                'BINANCE',  -- New 'exchange' attribute
                                'ETHUSDT',  -- New 'crypto_pair' attribute
                                1703608889479,
                                0.0023
                            )
                        
[2023-12-26T19:00:19.532+0000] {hive.py:475} INFO - 
                            INSERT INTO temp_avro_data
                            VALUES (

                                2225.02,
                                'BINANCE',  -- New 'exchange' attribute
                                'ETHUSDT',  -- New 'crypto_pair' attribute
                                1703608889483,
                                0.8
                            )
                        
[2023-12-26T19:00:22.279+0000] {hive.py:475} INFO - 
                            INSERT INTO temp_avro_data
                            VALUES (

                                2225.02,
                                'BINANCE',  -- New 'exchange' attribute
                                'ETHUSDT',  -- New 'crypto_pair' attribute
                                1703608889483,
                                0.8686
                            )
                        
[2023-12-26T19:00:25.052+0000] {hive.py:475} INFO - 
                            INSERT INTO temp_avro_data
                            VALUES (

                                2224.97,
                                'BINANCE',  -- New 'exchange' attribute
                                'ETHUSDT',  -- New 'crypto_pair' attribute
                                1703608889537,
                                0.0023
                            )
                        
[2023-12-26T19:00:27.481+0000] {hive.py:475} INFO - 
                            INSERT INTO temp_avro_data
                            VALUES (

                                2224.97,
                                'BINANCE',  -- New 'exchange' attribute
                                'ETHUSDT',  -- New 'crypto_pair' attribute
                                1703608889537,
                                0.6231
                            )
                        
[2023-12-26T19:00:30.197+0000] {hive.py:475} INFO - 
                            INSERT INTO temp_avro_data
                            VALUES (

                                2224.97,
                                'BINANCE',  -- New 'exchange' attribute
                                'ETHUSDT',  -- New 'crypto_pair' attribute
                                1703608889541,
                                0.0024
                            )
                        
[2023-12-26T19:00:32.865+0000] {hive.py:475} INFO - 
                            INSERT INTO temp_avro_data
                            VALUES (

                                2224.8,
                                'BINANCE',  -- New 'exchange' attribute
                                'ETHUSDT',  -- New 'crypto_pair' attribute
                                1703608890146,
                                0.0035
                            )
                        
[2023-12-26T19:00:35.126+0000] {hive.py:475} INFO - 
                            INSERT INTO temp_avro_data
                            VALUES (

                                42337.51,
                                'BINANCE',  -- New 'exchange' attribute
                                'BTCUSDT',  -- New 'crypto_pair' attribute
                                1703608889619,
                                0.00029
                            )
                        
[2023-12-26T19:00:37.409+0000] {logging_mixin.py:188} INFO - 
Inserting batch into Hive...
[2023-12-26T19:00:37.412+0000] {hive.py:475} INFO - 
            INSERT INTO TABLE finnhub_table 
            SELECT *
            FROM temp_avro_data
        
[2023-12-26T19:03:46.084+0000] {logging_mixin.py:188} INFO - Batch successfully inserted into Hive.
[2023-12-26T19:03:46.091+0000] {logging_mixin.py:188} INFO - Error: KafkaError{code=_MAX_POLL_EXCEEDED,val=-147,str="Application maximum poll interval (300000ms) exceeded by 499ms"}
[2023-12-26T19:03:46.092+0000] {logging_mixin.py:188} INFO - finish
[2023-12-26T19:03:46.100+0000] {python.py:201} INFO - Done. Returned value was: None
[2023-12-26T19:03:46.108+0000] {taskinstance.py:1138} INFO - Marking task as SUCCESS. dag_id=batch_layer, task_id=consume_data, execution_date=20231226T185633, start_date=20231226T185636, end_date=20231226T190346
[2023-12-26T19:03:46.132+0000] {local_task_job_runner.py:234} INFO - Task exited with return code 0
[2023-12-26T19:03:46.147+0000] {taskinstance.py:3281} INFO - 4 downstream tasks scheduled from follow-on schedule check
