[2023-12-23T14:36:56.948+0000] {taskinstance.py:1957} INFO - Dependencies all met for dep_context=non-requeueable deps ti=<TaskInstance: batch_layer.consume_data manual__2023-12-23T14:36:53.822270+00:00 [queued]>
[2023-12-23T14:36:56.952+0000] {taskinstance.py:1957} INFO - Dependencies all met for dep_context=requeueable deps ti=<TaskInstance: batch_layer.consume_data manual__2023-12-23T14:36:53.822270+00:00 [queued]>
[2023-12-23T14:36:56.953+0000] {taskinstance.py:2171} INFO - Starting attempt 1 of 2
[2023-12-23T14:36:56.965+0000] {taskinstance.py:2192} INFO - Executing <Task(PythonOperator): consume_data> on 2023-12-23 14:36:53.822270+00:00
[2023-12-23T14:36:56.970+0000] {standard_task_runner.py:60} INFO - Started process 2968 to run task
[2023-12-23T14:36:56.982+0000] {standard_task_runner.py:87} INFO - Running: ['airflow', 'tasks', 'run', 'batch_layer', 'consume_data', 'manual__2023-12-23T14:36:53.822270+00:00', '--job-id', '29', '--raw', '--subdir', 'DAGS_FOLDER/BatchLayerDag.py', '--cfg-path', '/tmp/tmp4ovbmfsw']
[2023-12-23T14:36:56.989+0000] {standard_task_runner.py:88} INFO - Job 29: Subtask consume_data
[2023-12-23T14:36:57.053+0000] {task_command.py:423} INFO - Running <TaskInstance: batch_layer.consume_data manual__2023-12-23T14:36:53.822270+00:00 [running]> on host 7de9f6b6c8f6
[2023-12-23T14:36:57.183+0000] {taskinstance.py:2481} INFO - Exporting env vars: AIRFLOW_CTX_DAG_EMAIL='airflow@example.com' AIRFLOW_CTX_DAG_OWNER='airflow' AIRFLOW_CTX_DAG_ID='batch_layer' AIRFLOW_CTX_TASK_ID='consume_data' AIRFLOW_CTX_EXECUTION_DATE='2023-12-23T14:36:53.822270+00:00' AIRFLOW_CTX_TRY_NUMBER='1' AIRFLOW_CTX_DAG_RUN_ID='manual__2023-12-23T14:36:53.822270+00:00'
[2023-12-23T14:36:57.255+0000] {hive.py:475} INFO - USE `finnhub_db`
[2023-12-23T14:36:57.324+0000] {hive.py:475} INFO - 
        CREATE TABLE IF NOT EXISTS finnhub_table
        ROW FORMAT SERDE 'org.apache.hadoop.hive.serde2.avro.AvroSerDe'
        STORED AS INPUTFORMAT 'org.apache.hadoop.hive.ql.io.avro.AvroContainerInputFormat'
        OUTPUTFORMAT 'org.apache.hadoop.hive.ql.io.avro.AvroContainerOutputFormat'
        TBLPROPERTIES ('avro.schema.literal'='{"type": "record", "name": "TradeRecord", "fields": [{"name": "p", "type": "double"}, {"name": "exchange", "type": "string"}, {"name": "crypto_pair", "type": "string"}, {"name": "t", "type": "long"}, {"name": "v", "type": "double"}]}')
    
[2023-12-23T14:36:57.396+0000] {hive.py:475} INFO - USE `finnhub_db`
[2023-12-23T14:36:57.437+0000] {hive.py:475} INFO - 
        CREATE TABLE IF NOT EXISTS temp_avro_data
        ROW FORMAT SERDE 'org.apache.hadoop.hive.serde2.avro.AvroSerDe'
        STORED AS INPUTFORMAT 'org.apache.hadoop.hive.ql.io.avro.AvroContainerInputFormat'
        OUTPUTFORMAT 'org.apache.hadoop.hive.ql.io.avro.AvroContainerOutputFormat'
        TBLPROPERTIES ('avro.schema.literal'='{"type": "record", "name": "TradeRecord", "fields": [{"name": "p", "type": "double"}, {"name": "exchange", "type": "string"}, {"name": "crypto_pair", "type": "string"}, {"name": "t", "type": "long"}, {"name": "v", "type": "double"}]}')
    
[2023-12-23T14:36:57.468+0000] {logging_mixin.py:188} INFO - [[{'c': None, 'p': 43664.67, 's': 'BINANCE:BTCUSDT', 't': 1703338904735, 'v': 0.00028}, {'c': None, 'p': 43664.51, 's': 'BINANCE:BTCUSDT', 't': 1703338904735, 'v': 0.0229}, {'c': None, 'p': 43664.51, 's': 'BINANCE:BTCUSDT', 't': 1703338904735, 'v': 0.00234}, {'c': None, 'p': 2291.65, 's': 'BINANCE:ETHUSDT', 't': 1703338904766, 'v': 0.2402}, {'c': None, 'p': 43664.46, 's': 'BINANCE:BTCUSDT', 't': 1703338904774, 'v': 0.00062}, {'c': None, 'p': 43664.46, 's': 'BINANCE:BTCUSDT', 't': 1703338904774, 'v': 0.01}, {'c': None, 'p': 43664.46, 's': 'BINANCE:BTCUSDT', 't': 1703338904774, 'v': 0.00318}, {'c': None, 'p': 43664.45, 's': 'BINANCE:BTCUSDT', 't': 1703338904774, 'v': 0.00019}, {'c': None, 'p': 43664.33, 's': 'BINANCE:BTCUSDT', 't': 1703338904774, 'v': 0.00219}, {'c': None, 'p': 43664.2, 's': 'BINANCE:BTCUSDT', 't': 1703338904774, 'v': 0.00062}], [{'c': None, 'p': 43663.98, 's': 'BINANCE:BTCUSDT', 't': 1703338904774, 'v': 0.01542}, {'c': None, 'p': 43663.98, 's': 'BINANCE:BTCUSDT', 't': 1703338904774, 'v': 0.00363}, {'c': None, 'p': 43663.94, 's': 'BINANCE:BTCUSDT', 't': 1703338904774, 'v': 0.00062}, {'c': None, 'p': 43663.86, 's': 'BINANCE:BTCUSDT', 't': 1703338904774, 'v': 0.00219}, {'c': None, 'p': 43663.82, 's': 'BINANCE:BTCUSDT', 't': 1703338904774, 'v': 0.00022}, {'c': None, 'p': 43663.81, 's': 'BINANCE:BTCUSDT', 't': 1703338904774, 'v': 0.01097}, {'c': None, 'p': 43663.81, 's': 'BINANCE:BTCUSDT', 't': 1703338904774, 'v': 0.00655}, {'c': None, 'p': 2291.64, 's': 'BINANCE:ETHUSDT', 't': 1703338904799, 'v': 0.0127}, {'c': None, 'p': 2291.63, 's': 'BINANCE:ETHUSDT', 't': 1703338904799, 'v': 0.0318}, {'c': None, 'p': 2291.61, 's': 'BINANCE:ETHUSDT', 't': 1703338904799, 'v': 0.0044}], [{'c': None, 'p': 2291.61, 's': 'BINANCE:ETHUSDT', 't': 1703338904799, 'v': 0.004}, {'c': None, 'p': 2291.6, 's': 'BINANCE:ETHUSDT', 't': 1703338904799, 'v': 0.0045}, {'c': None, 'p': 2291.58, 's': 'BINANCE:ETHUSDT', 't': 1703338904799, 'v': 0.0318}, {'c': None, 'p': 2291.58, 's': 'BINANCE:ETHUSDT', 't': 1703338904799, 'v': 0.0127}, {'c': None, 'p': 2291.57, 's': 'BINANCE:ETHUSDT', 't': 1703338904799, 'v': 0.0567}, {'c': None, 'p': 2291.56, 's': 'BINANCE:ETHUSDT', 't': 1703338904799, 'v': 0.1272}, {'c': None, 'p': 2291.53, 's': 'BINANCE:ETHUSDT', 't': 1703338904799, 'v': 0.0318}, {'c': None, 'p': 2291.52, 's': 'BINANCE:ETHUSDT', 't': 1703338904799, 'v': 0.0127}, {'c': None, 'p': 2291.51, 's': 'BINANCE:ETHUSDT', 't': 1703338904799, 'v': 0.217}, {'c': None, 'p': 2291.48, 's': 'BINANCE:ETHUSDT', 't': 1703338904799, 'v': 0.0318}], [{'c': None, 'p': 2291.47, 's': 'BINANCE:ETHUSDT', 't': 1703338904799, 'v': 0.0072}, {'c': None, 'p': 2291.47, 's': 'BINANCE:ETHUSDT', 't': 1703338904799, 'v': 0.2855}, {'c': None, 'p': 2291.47, 's': 'BINANCE:ETHUSDT', 't': 1703338904927, 'v': 0.0222}, {'c': None, 'p': 2291.47, 's': 'BINANCE:ETHUSDT', 't': 1703338904949, 'v': 0.033}], [{'c': None, 'p': 43663.71, 's': 'BINANCE:BTCUSDT', 't': 1703338905091, 'v': 0.004}, {'c': None, 'p': 43663.68, 's': 'BINANCE:BTCUSDT', 't': 1703338905091, 'v': 0.00062}, {'c': None, 'p': 43663.59, 's': 'BINANCE:BTCUSDT', 't': 1703338905091, 'v': 0.00022}, {'c': None, 'p': 43663.42, 's': 'BINANCE:BTCUSDT', 't': 1703338905091, 'v': 0.00062}, {'c': None, 'p': 43663.39, 's': 'BINANCE:BTCUSDT', 't': 1703338905091, 'v': 0.00219}, {'c': None, 'p': 43663.16, 's': 'BINANCE:BTCUSDT', 't': 1703338905164, 'v': 0.00062}, {'c': None, 'p': 43663.09, 's': 'BINANCE:BTCUSDT', 't': 1703338905164, 'v': 0.01542}, {'c': None, 'p': 43662.92, 's': 'BINANCE:BTCUSDT', 't': 1703338905164, 'v': 0.00219}, {'c': None, 'p': 43662.9, 's': 'BINANCE:BTCUSDT', 't': 1703338905164, 'v': 0.00062}, {'c': None, 'p': 43662.64, 's': 'BINANCE:BTCUSDT', 't': 1703338905164, 'v': 0.00062}], [{'c': None, 'p': 2291.46, 's': 'BINANCE:ETHUSDT', 't': 1703338905254, 'v': 0.0127}, {'c': None, 'p': 2291.43, 's': 'BINANCE:ETHUSDT', 't': 1703338905254, 'v': 0.0318}, {'c': None, 'p': 2291.4, 's': 'BINANCE:ETHUSDT', 't': 1703338905254, 'v': 0.1272}, {'c': None, 'p': 2291.4, 's': 'BINANCE:ETHUSDT', 't': 1703338905254, 'v': 0.0127}, {'c': None, 'p': 2291.4, 's': 'BINANCE:ETHUSDT', 't': 1703338905254, 'v': 1.7173}, {'c': None, 'p': 2291.4, 's': 'BINANCE:ETHUSDT', 't': 1703338905302, 'v': 0.0188}, {'c': None, 'p': 2291.41, 's': 'BINANCE:ETHUSDT', 't': 1703338905414, 'v': 0.0843}, {'c': None, 'p': 43662.5, 's': 'BINANCE:BTCUSDT', 't': 1703338905654, 'v': 0.00022}, {'c': None, 'p': 43662.5, 's': 'BINANCE:BTCUSDT', 't': 1703338905659, 'v': 0.00365}, {'c': None, 'p': 2291.38, 's': 'BINANCE:ETHUSDT', 't': 1703338905769, 'v': 0.0318}], [{'c': None, 'p': 2291.37, 's': 'BINANCE:ETHUSDT', 't': 1703338905769, 'v': 0.0032}, {'c': None, 'p': 2291.37, 's': 'BINANCE:ETHUSDT', 't': 1703338905769, 'v': 0.537}, {'c': None, 'p': 43662.5, 's': 'BINANCE:BTCUSDT', 't': 1703338905775, 'v': 0.00208}, {'c': None, 'p': 2291.37, 's': 'BINANCE:ETHUSDT', 't': 1703338905836, 'v': 0.4618}, {'c': None, 'p': 2291.37, 's': 'BINANCE:ETHUSDT', 't': 1703338905836, 'v': 0.0356}, {'c': None, 'p': 2291.38, 's': 'BINANCE:ETHUSDT', 't': 1703338905939, 'v': 0.008}], [{'c': None, 'p': 2291.35, 's': 'BINANCE:ETHUSDT', 't': 1703338906088, 'v': 0.004}, {'c': None, 'p': 2291.34, 's': 'BINANCE:ETHUSDT', 't': 1703338906088, 'v': 0.0097}, {'c': None, 'p': 2291.34, 's': 'BINANCE:ETHUSDT', 't': 1703338906118, 'v': 0.003}, {'c': None, 'p': 2291.33, 's': 'BINANCE:ETHUSDT', 't': 1703338906118, 'v': 0.0318}, {'c': None, 'p': 2291.3, 's': 'BINANCE:ETHUSDT', 't': 1703338906118, 'v': 0.0039}, {'c': None, 'p': 2291.3, 's': 'BINANCE:ETHUSDT', 't': 1703338906118, 'v': 0.0065}, {'c': None, 'p': 2291.3, 's': 'BINANCE:ETHUSDT', 't': 1703338906118, 'v': 0.013}, {'c': None, 'p': 2291.29, 's': 'BINANCE:ETHUSDT', 't': 1703338906118, 'v': 0.0128}, {'c': None, 'p': 2291.29, 's': 'BINANCE:ETHUSDT', 't': 1703338906118, 'v': 0.4229}, {'c': None, 'p': 2291.28, 's': 'BINANCE:ETHUSDT', 't': 1703338906118, 'v': 0.0025}], [{'c': None, 'p': 2291.28, 's': 'BINANCE:ETHUSDT', 't': 1703338906118, 'v': 0.0052}, {'c': None, 'p': 2291.28, 's': 'BINANCE:ETHUSDT', 't': 1703338906118, 'v': 0.0318}, {'c': None, 'p': 2291.28, 's': 'BINANCE:ETHUSDT', 't': 1703338906118, 'v': 0.0127}, {'c': None, 'p': 2291.26, 's': 'BINANCE:ETHUSDT', 't': 1703338906118, 'v': 0.2389}, {'c': None, 'p': 2291.27, 's': 'BINANCE:ETHUSDT', 't': 1703338906128, 'v': 0.015}, {'c': None, 'p': 43662.51, 's': 'BINANCE:BTCUSDT', 't': 1703338906297, 'v': 0.00114}, {'c': None, 'p': 2291.24, 's': 'BINANCE:ETHUSDT', 't': 1703338906361, 'v': 0.0043}, {'c': None, 'p': 2291.24, 's': 'BINANCE:ETHUSDT', 't': 1703338906361, 'v': 0.1272}, {'c': None, 'p': 2291.24, 's': 'BINANCE:ETHUSDT', 't': 1703338906361, 'v': 0.0269}, {'c': None, 'p': 43662.51, 's': 'BINANCE:BTCUSDT', 't': 1703338906378, 'v': 0.00074}], [{'c': None, 'p': 43662.5, 's': 'BINANCE:BTCUSDT', 't': 1703338906417, 'v': 0.02258}, {'c': None, 'p': 43662.51, 's': 'BINANCE:BTCUSDT', 't': 1703338906470, 'v': 0.00014}, {'c': None, 'p': 2291.23, 's': 'BINANCE:ETHUSDT', 't': 1703338906735, 'v': 0.0318}, {'c': None, 'p': 2291.23, 's': 'BINANCE:ETHUSDT', 't': 1703338906735, 'v': 0.8599}, {'c': None, 'p': 2291.23, 's': 'BINANCE:ETHUSDT', 't': 1703338906735, 'v': 0.8599}, {'c': None, 'p': 2291.23, 's': 'BINANCE:ETHUSDT', 't': 1703338906735, 'v': 4}, {'c': None, 'p': 43662.5, 's': 'BINANCE:BTCUSDT', 't': 1703338906812, 'v': 0.0003}, {'c': None, 'p': 2291.22, 's': 'BINANCE:ETHUSDT', 't': 1703338906852, 'v': 0.0127}, {'c': None, 'p': 43662.5, 's': 'BINANCE:BTCUSDT', 't': 1703338906855, 'v': 0.00589}, {'c': None, 'p': 2291.18, 's': 'BINANCE:ETHUSDT', 't': 1703338906934, 'v': 0.0051}]]
[2023-12-23T14:36:57.469+0000] {hive.py:475} INFO - 
                            INSERT INTO temp_avro_data
                            VALUES (

                                43664.67,
                                'BINANCE',  -- New 'exchange' attribute
                                'BTCUSDT',  -- New 'crypto_pair' attribute
                                1703338904735,
                                0.00028
                            )
                        
[2023-12-23T14:37:00.847+0000] {hive.py:475} INFO - 
                            INSERT INTO temp_avro_data
                            VALUES (

                                43664.51,
                                'BINANCE',  -- New 'exchange' attribute
                                'BTCUSDT',  -- New 'crypto_pair' attribute
                                1703338904735,
                                0.0229
                            )
                        
[2023-12-23T14:37:03.461+0000] {hive.py:475} INFO - 
                            INSERT INTO temp_avro_data
                            VALUES (

                                43664.51,
                                'BINANCE',  -- New 'exchange' attribute
                                'BTCUSDT',  -- New 'crypto_pair' attribute
                                1703338904735,
                                0.00234
                            )
                        
[2023-12-23T14:37:06.021+0000] {hive.py:475} INFO - 
                            INSERT INTO temp_avro_data
                            VALUES (

                                2291.65,
                                'BINANCE',  -- New 'exchange' attribute
                                'ETHUSDT',  -- New 'crypto_pair' attribute
                                1703338904766,
                                0.2402
                            )
                        
[2023-12-23T14:37:08.612+0000] {hive.py:475} INFO - 
                            INSERT INTO temp_avro_data
                            VALUES (

                                43664.46,
                                'BINANCE',  -- New 'exchange' attribute
                                'BTCUSDT',  -- New 'crypto_pair' attribute
                                1703338904774,
                                0.00062
                            )
                        
[2023-12-23T14:37:11.295+0000] {hive.py:475} INFO - 
                            INSERT INTO temp_avro_data
                            VALUES (

                                43664.46,
                                'BINANCE',  -- New 'exchange' attribute
                                'BTCUSDT',  -- New 'crypto_pair' attribute
                                1703338904774,
                                0.01
                            )
                        
[2023-12-23T14:37:13.908+0000] {hive.py:475} INFO - 
                            INSERT INTO temp_avro_data
                            VALUES (

                                43664.46,
                                'BINANCE',  -- New 'exchange' attribute
                                'BTCUSDT',  -- New 'crypto_pair' attribute
                                1703338904774,
                                0.00318
                            )
                        
[2023-12-23T14:37:16.575+0000] {hive.py:475} INFO - 
                            INSERT INTO temp_avro_data
                            VALUES (

                                43664.45,
                                'BINANCE',  -- New 'exchange' attribute
                                'BTCUSDT',  -- New 'crypto_pair' attribute
                                1703338904774,
                                0.00019
                            )
                        
[2023-12-23T14:37:19.205+0000] {hive.py:475} INFO - 
                            INSERT INTO temp_avro_data
                            VALUES (

                                43664.33,
                                'BINANCE',  -- New 'exchange' attribute
                                'BTCUSDT',  -- New 'crypto_pair' attribute
                                1703338904774,
                                0.00219
                            )
                        
[2023-12-23T14:37:21.780+0000] {hive.py:475} INFO - 
                            INSERT INTO temp_avro_data
                            VALUES (

                                43664.2,
                                'BINANCE',  -- New 'exchange' attribute
                                'BTCUSDT',  -- New 'crypto_pair' attribute
                                1703338904774,
                                0.00062
                            )
                        
[2023-12-23T14:37:24.380+0000] {hive.py:475} INFO - 
                            INSERT INTO temp_avro_data
                            VALUES (

                                43663.98,
                                'BINANCE',  -- New 'exchange' attribute
                                'BTCUSDT',  -- New 'crypto_pair' attribute
                                1703338904774,
                                0.01542
                            )
                        
[2023-12-23T14:37:26.927+0000] {hive.py:475} INFO - 
                            INSERT INTO temp_avro_data
                            VALUES (

                                43663.98,
                                'BINANCE',  -- New 'exchange' attribute
                                'BTCUSDT',  -- New 'crypto_pair' attribute
                                1703338904774,
                                0.00363
                            )
                        
[2023-12-23T14:37:29.571+0000] {hive.py:475} INFO - 
                            INSERT INTO temp_avro_data
                            VALUES (

                                43663.94,
                                'BINANCE',  -- New 'exchange' attribute
                                'BTCUSDT',  -- New 'crypto_pair' attribute
                                1703338904774,
                                0.00062
                            )
                        
[2023-12-23T14:37:32.194+0000] {hive.py:475} INFO - 
                            INSERT INTO temp_avro_data
                            VALUES (

                                43663.86,
                                'BINANCE',  -- New 'exchange' attribute
                                'BTCUSDT',  -- New 'crypto_pair' attribute
                                1703338904774,
                                0.00219
                            )
                        
[2023-12-23T14:37:34.991+0000] {hive.py:475} INFO - 
                            INSERT INTO temp_avro_data
                            VALUES (

                                43663.82,
                                'BINANCE',  -- New 'exchange' attribute
                                'BTCUSDT',  -- New 'crypto_pair' attribute
                                1703338904774,
                                0.00022
                            )
                        
[2023-12-23T14:37:37.571+0000] {hive.py:475} INFO - 
                            INSERT INTO temp_avro_data
                            VALUES (

                                43663.81,
                                'BINANCE',  -- New 'exchange' attribute
                                'BTCUSDT',  -- New 'crypto_pair' attribute
                                1703338904774,
                                0.01097
                            )
                        
[2023-12-23T14:37:40.202+0000] {hive.py:475} INFO - 
                            INSERT INTO temp_avro_data
                            VALUES (

                                43663.81,
                                'BINANCE',  -- New 'exchange' attribute
                                'BTCUSDT',  -- New 'crypto_pair' attribute
                                1703338904774,
                                0.00655
                            )
                        
[2023-12-23T14:37:42.865+0000] {hive.py:475} INFO - 
                            INSERT INTO temp_avro_data
                            VALUES (

                                2291.64,
                                'BINANCE',  -- New 'exchange' attribute
                                'ETHUSDT',  -- New 'crypto_pair' attribute
                                1703338904799,
                                0.0127
                            )
                        
[2023-12-23T14:37:45.485+0000] {hive.py:475} INFO - 
                            INSERT INTO temp_avro_data
                            VALUES (

                                2291.63,
                                'BINANCE',  -- New 'exchange' attribute
                                'ETHUSDT',  -- New 'crypto_pair' attribute
                                1703338904799,
                                0.0318
                            )
                        
[2023-12-23T14:37:48.127+0000] {hive.py:475} INFO - 
                            INSERT INTO temp_avro_data
                            VALUES (

                                2291.61,
                                'BINANCE',  -- New 'exchange' attribute
                                'ETHUSDT',  -- New 'crypto_pair' attribute
                                1703338904799,
                                0.0044
                            )
                        
[2023-12-23T14:37:50.762+0000] {hive.py:475} INFO - 
                            INSERT INTO temp_avro_data
                            VALUES (

                                2291.61,
                                'BINANCE',  -- New 'exchange' attribute
                                'ETHUSDT',  -- New 'crypto_pair' attribute
                                1703338904799,
                                0.004
                            )
                        
[2023-12-23T14:37:53.459+0000] {hive.py:475} INFO - 
                            INSERT INTO temp_avro_data
                            VALUES (

                                2291.6,
                                'BINANCE',  -- New 'exchange' attribute
                                'ETHUSDT',  -- New 'crypto_pair' attribute
                                1703338904799,
                                0.0045
                            )
                        
[2023-12-23T14:37:56.091+0000] {hive.py:475} INFO - 
                            INSERT INTO temp_avro_data
                            VALUES (

                                2291.58,
                                'BINANCE',  -- New 'exchange' attribute
                                'ETHUSDT',  -- New 'crypto_pair' attribute
                                1703338904799,
                                0.0318
                            )
                        
[2023-12-23T14:37:58.743+0000] {hive.py:475} INFO - 
                            INSERT INTO temp_avro_data
                            VALUES (

                                2291.58,
                                'BINANCE',  -- New 'exchange' attribute
                                'ETHUSDT',  -- New 'crypto_pair' attribute
                                1703338904799,
                                0.0127
                            )
                        
[2023-12-23T14:38:01.366+0000] {hive.py:475} INFO - 
                            INSERT INTO temp_avro_data
                            VALUES (

                                2291.57,
                                'BINANCE',  -- New 'exchange' attribute
                                'ETHUSDT',  -- New 'crypto_pair' attribute
                                1703338904799,
                                0.0567
                            )
                        
[2023-12-23T14:38:03.986+0000] {hive.py:475} INFO - 
                            INSERT INTO temp_avro_data
                            VALUES (

                                2291.56,
                                'BINANCE',  -- New 'exchange' attribute
                                'ETHUSDT',  -- New 'crypto_pair' attribute
                                1703338904799,
                                0.1272
                            )
                        
[2023-12-23T14:38:06.627+0000] {hive.py:475} INFO - 
                            INSERT INTO temp_avro_data
                            VALUES (

                                2291.53,
                                'BINANCE',  -- New 'exchange' attribute
                                'ETHUSDT',  -- New 'crypto_pair' attribute
                                1703338904799,
                                0.0318
                            )
                        
[2023-12-23T14:38:09.274+0000] {hive.py:475} INFO - 
                            INSERT INTO temp_avro_data
                            VALUES (

                                2291.52,
                                'BINANCE',  -- New 'exchange' attribute
                                'ETHUSDT',  -- New 'crypto_pair' attribute
                                1703338904799,
                                0.0127
                            )
                        
[2023-12-23T14:38:12.376+0000] {hive.py:475} INFO - 
                            INSERT INTO temp_avro_data
                            VALUES (

                                2291.51,
                                'BINANCE',  -- New 'exchange' attribute
                                'ETHUSDT',  -- New 'crypto_pair' attribute
                                1703338904799,
                                0.217
                            )
                        
[2023-12-23T14:38:15.144+0000] {hive.py:475} INFO - 
                            INSERT INTO temp_avro_data
                            VALUES (

                                2291.48,
                                'BINANCE',  -- New 'exchange' attribute
                                'ETHUSDT',  -- New 'crypto_pair' attribute
                                1703338904799,
                                0.0318
                            )
                        
[2023-12-23T14:38:17.830+0000] {hive.py:475} INFO - 
                            INSERT INTO temp_avro_data
                            VALUES (

                                2291.47,
                                'BINANCE',  -- New 'exchange' attribute
                                'ETHUSDT',  -- New 'crypto_pair' attribute
                                1703338904799,
                                0.0072
                            )
                        
[2023-12-23T14:38:20.466+0000] {hive.py:475} INFO - 
                            INSERT INTO temp_avro_data
                            VALUES (

                                2291.47,
                                'BINANCE',  -- New 'exchange' attribute
                                'ETHUSDT',  -- New 'crypto_pair' attribute
                                1703338904799,
                                0.2855
                            )
                        
[2023-12-23T14:38:23.102+0000] {hive.py:475} INFO - 
                            INSERT INTO temp_avro_data
                            VALUES (

                                2291.47,
                                'BINANCE',  -- New 'exchange' attribute
                                'ETHUSDT',  -- New 'crypto_pair' attribute
                                1703338904927,
                                0.0222
                            )
                        
[2023-12-23T14:38:25.769+0000] {hive.py:475} INFO - 
                            INSERT INTO temp_avro_data
                            VALUES (

                                2291.47,
                                'BINANCE',  -- New 'exchange' attribute
                                'ETHUSDT',  -- New 'crypto_pair' attribute
                                1703338904949,
                                0.033
                            )
                        
[2023-12-23T14:38:28.490+0000] {hive.py:475} INFO - 
                            INSERT INTO temp_avro_data
                            VALUES (

                                43663.71,
                                'BINANCE',  -- New 'exchange' attribute
                                'BTCUSDT',  -- New 'crypto_pair' attribute
                                1703338905091,
                                0.004
                            )
                        
[2023-12-23T14:38:31.135+0000] {hive.py:475} INFO - 
                            INSERT INTO temp_avro_data
                            VALUES (

                                43663.68,
                                'BINANCE',  -- New 'exchange' attribute
                                'BTCUSDT',  -- New 'crypto_pair' attribute
                                1703338905091,
                                0.00062
                            )
                        
[2023-12-23T14:38:33.817+0000] {hive.py:475} INFO - 
                            INSERT INTO temp_avro_data
                            VALUES (

                                43663.59,
                                'BINANCE',  -- New 'exchange' attribute
                                'BTCUSDT',  -- New 'crypto_pair' attribute
                                1703338905091,
                                0.00022
                            )
                        
[2023-12-23T14:38:36.549+0000] {hive.py:475} INFO - 
                            INSERT INTO temp_avro_data
                            VALUES (

                                43663.42,
                                'BINANCE',  -- New 'exchange' attribute
                                'BTCUSDT',  -- New 'crypto_pair' attribute
                                1703338905091,
                                0.00062
                            )
                        
[2023-12-23T14:38:39.227+0000] {hive.py:475} INFO - 
                            INSERT INTO temp_avro_data
                            VALUES (

                                43663.39,
                                'BINANCE',  -- New 'exchange' attribute
                                'BTCUSDT',  -- New 'crypto_pair' attribute
                                1703338905091,
                                0.00219
                            )
                        
[2023-12-23T14:38:41.988+0000] {hive.py:475} INFO - 
                            INSERT INTO temp_avro_data
                            VALUES (

                                43663.16,
                                'BINANCE',  -- New 'exchange' attribute
                                'BTCUSDT',  -- New 'crypto_pair' attribute
                                1703338905164,
                                0.00062
                            )
                        
[2023-12-23T14:38:44.676+0000] {hive.py:475} INFO - 
                            INSERT INTO temp_avro_data
                            VALUES (

                                43663.09,
                                'BINANCE',  -- New 'exchange' attribute
                                'BTCUSDT',  -- New 'crypto_pair' attribute
                                1703338905164,
                                0.01542
                            )
                        
[2023-12-23T14:38:47.754+0000] {hive.py:475} INFO - 
                            INSERT INTO temp_avro_data
                            VALUES (

                                43662.92,
                                'BINANCE',  -- New 'exchange' attribute
                                'BTCUSDT',  -- New 'crypto_pair' attribute
                                1703338905164,
                                0.00219
                            )
                        
[2023-12-23T14:38:50.447+0000] {hive.py:475} INFO - 
                            INSERT INTO temp_avro_data
                            VALUES (

                                43662.9,
                                'BINANCE',  -- New 'exchange' attribute
                                'BTCUSDT',  -- New 'crypto_pair' attribute
                                1703338905164,
                                0.00062
                            )
                        
[2023-12-23T14:38:53.195+0000] {hive.py:475} INFO - 
                            INSERT INTO temp_avro_data
                            VALUES (

                                43662.64,
                                'BINANCE',  -- New 'exchange' attribute
                                'BTCUSDT',  -- New 'crypto_pair' attribute
                                1703338905164,
                                0.00062
                            )
                        
[2023-12-23T14:38:55.869+0000] {hive.py:475} INFO - 
                            INSERT INTO temp_avro_data
                            VALUES (

                                2291.46,
                                'BINANCE',  -- New 'exchange' attribute
                                'ETHUSDT',  -- New 'crypto_pair' attribute
                                1703338905254,
                                0.0127
                            )
                        
[2023-12-23T14:38:58.548+0000] {hive.py:475} INFO - 
                            INSERT INTO temp_avro_data
                            VALUES (

                                2291.43,
                                'BINANCE',  -- New 'exchange' attribute
                                'ETHUSDT',  -- New 'crypto_pair' attribute
                                1703338905254,
                                0.0318
                            )
                        
[2023-12-23T14:39:01.352+0000] {hive.py:475} INFO - 
                            INSERT INTO temp_avro_data
                            VALUES (

                                2291.4,
                                'BINANCE',  -- New 'exchange' attribute
                                'ETHUSDT',  -- New 'crypto_pair' attribute
                                1703338905254,
                                0.1272
                            )
                        
[2023-12-23T14:39:04.029+0000] {hive.py:475} INFO - 
                            INSERT INTO temp_avro_data
                            VALUES (

                                2291.4,
                                'BINANCE',  -- New 'exchange' attribute
                                'ETHUSDT',  -- New 'crypto_pair' attribute
                                1703338905254,
                                0.0127
                            )
                        
[2023-12-23T14:39:07.170+0000] {hive.py:475} INFO - 
                            INSERT INTO temp_avro_data
                            VALUES (

                                2291.4,
                                'BINANCE',  -- New 'exchange' attribute
                                'ETHUSDT',  -- New 'crypto_pair' attribute
                                1703338905254,
                                1.7173
                            )
                        
[2023-12-23T14:39:09.843+0000] {hive.py:475} INFO - 
                            INSERT INTO temp_avro_data
                            VALUES (

                                2291.4,
                                'BINANCE',  -- New 'exchange' attribute
                                'ETHUSDT',  -- New 'crypto_pair' attribute
                                1703338905302,
                                0.0188
                            )
                        
[2023-12-23T14:39:12.595+0000] {hive.py:475} INFO - 
                            INSERT INTO temp_avro_data
                            VALUES (

                                2291.41,
                                'BINANCE',  -- New 'exchange' attribute
                                'ETHUSDT',  -- New 'crypto_pair' attribute
                                1703338905414,
                                0.0843
                            )
                        
[2023-12-23T14:39:15.321+0000] {hive.py:475} INFO - 
                            INSERT INTO temp_avro_data
                            VALUES (

                                43662.5,
                                'BINANCE',  -- New 'exchange' attribute
                                'BTCUSDT',  -- New 'crypto_pair' attribute
                                1703338905654,
                                0.00022
                            )
                        
[2023-12-23T14:39:18.074+0000] {hive.py:475} INFO - 
                            INSERT INTO temp_avro_data
                            VALUES (

                                43662.5,
                                'BINANCE',  -- New 'exchange' attribute
                                'BTCUSDT',  -- New 'crypto_pair' attribute
                                1703338905659,
                                0.00365
                            )
                        
[2023-12-23T14:39:20.857+0000] {hive.py:475} INFO - 
                            INSERT INTO temp_avro_data
                            VALUES (

                                2291.38,
                                'BINANCE',  -- New 'exchange' attribute
                                'ETHUSDT',  -- New 'crypto_pair' attribute
                                1703338905769,
                                0.0318
                            )
                        
[2023-12-23T14:39:23.585+0000] {hive.py:475} INFO - 
                            INSERT INTO temp_avro_data
                            VALUES (

                                2291.37,
                                'BINANCE',  -- New 'exchange' attribute
                                'ETHUSDT',  -- New 'crypto_pair' attribute
                                1703338905769,
                                0.0032
                            )
                        
[2023-12-23T14:39:26.279+0000] {hive.py:475} INFO - 
                            INSERT INTO temp_avro_data
                            VALUES (

                                2291.37,
                                'BINANCE',  -- New 'exchange' attribute
                                'ETHUSDT',  -- New 'crypto_pair' attribute
                                1703338905769,
                                0.537
                            )
                        
[2023-12-23T14:39:28.960+0000] {hive.py:475} INFO - 
                            INSERT INTO temp_avro_data
                            VALUES (

                                43662.5,
                                'BINANCE',  -- New 'exchange' attribute
                                'BTCUSDT',  -- New 'crypto_pair' attribute
                                1703338905775,
                                0.00208
                            )
                        
[2023-12-23T14:39:31.654+0000] {hive.py:475} INFO - 
                            INSERT INTO temp_avro_data
                            VALUES (

                                2291.37,
                                'BINANCE',  -- New 'exchange' attribute
                                'ETHUSDT',  -- New 'crypto_pair' attribute
                                1703338905836,
                                0.4618
                            )
                        
[2023-12-23T14:39:34.343+0000] {hive.py:475} INFO - 
                            INSERT INTO temp_avro_data
                            VALUES (

                                2291.37,
                                'BINANCE',  -- New 'exchange' attribute
                                'ETHUSDT',  -- New 'crypto_pair' attribute
                                1703338905836,
                                0.0356
                            )
                        
[2023-12-23T14:39:37.011+0000] {hive.py:475} INFO - 
                            INSERT INTO temp_avro_data
                            VALUES (

                                2291.38,
                                'BINANCE',  -- New 'exchange' attribute
                                'ETHUSDT',  -- New 'crypto_pair' attribute
                                1703338905939,
                                0.008
                            )
                        
[2023-12-23T14:39:39.758+0000] {hive.py:475} INFO - 
                            INSERT INTO temp_avro_data
                            VALUES (

                                2291.35,
                                'BINANCE',  -- New 'exchange' attribute
                                'ETHUSDT',  -- New 'crypto_pair' attribute
                                1703338906088,
                                0.004
                            )
                        
[2023-12-23T14:39:42.497+0000] {hive.py:475} INFO - 
                            INSERT INTO temp_avro_data
                            VALUES (

                                2291.34,
                                'BINANCE',  -- New 'exchange' attribute
                                'ETHUSDT',  -- New 'crypto_pair' attribute
                                1703338906088,
                                0.0097
                            )
                        
[2023-12-23T14:39:45.163+0000] {hive.py:475} INFO - 
                            INSERT INTO temp_avro_data
                            VALUES (

                                2291.34,
                                'BINANCE',  -- New 'exchange' attribute
                                'ETHUSDT',  -- New 'crypto_pair' attribute
                                1703338906118,
                                0.003
                            )
                        
[2023-12-23T14:39:47.895+0000] {hive.py:475} INFO - 
                            INSERT INTO temp_avro_data
                            VALUES (

                                2291.33,
                                'BINANCE',  -- New 'exchange' attribute
                                'ETHUSDT',  -- New 'crypto_pair' attribute
                                1703338906118,
                                0.0318
                            )
                        
[2023-12-23T14:39:50.627+0000] {hive.py:475} INFO - 
                            INSERT INTO temp_avro_data
                            VALUES (

                                2291.3,
                                'BINANCE',  -- New 'exchange' attribute
                                'ETHUSDT',  -- New 'crypto_pair' attribute
                                1703338906118,
                                0.0039
                            )
                        
[2023-12-23T14:39:53.351+0000] {hive.py:475} INFO - 
                            INSERT INTO temp_avro_data
                            VALUES (

                                2291.3,
                                'BINANCE',  -- New 'exchange' attribute
                                'ETHUSDT',  -- New 'crypto_pair' attribute
                                1703338906118,
                                0.0065
                            )
                        
[2023-12-23T14:39:56.127+0000] {hive.py:475} INFO - 
                            INSERT INTO temp_avro_data
                            VALUES (

                                2291.3,
                                'BINANCE',  -- New 'exchange' attribute
                                'ETHUSDT',  -- New 'crypto_pair' attribute
                                1703338906118,
                                0.013
                            )
                        
[2023-12-23T14:39:58.920+0000] {hive.py:475} INFO - 
                            INSERT INTO temp_avro_data
                            VALUES (

                                2291.29,
                                'BINANCE',  -- New 'exchange' attribute
                                'ETHUSDT',  -- New 'crypto_pair' attribute
                                1703338906118,
                                0.0128
                            )
                        
[2023-12-23T14:40:01.661+0000] {hive.py:475} INFO - 
                            INSERT INTO temp_avro_data
                            VALUES (

                                2291.29,
                                'BINANCE',  -- New 'exchange' attribute
                                'ETHUSDT',  -- New 'crypto_pair' attribute
                                1703338906118,
                                0.4229
                            )
                        
[2023-12-23T14:40:04.373+0000] {hive.py:475} INFO - 
                            INSERT INTO temp_avro_data
                            VALUES (

                                2291.28,
                                'BINANCE',  -- New 'exchange' attribute
                                'ETHUSDT',  -- New 'crypto_pair' attribute
                                1703338906118,
                                0.0025
                            )
                        
[2023-12-23T14:40:07.124+0000] {hive.py:475} INFO - 
                            INSERT INTO temp_avro_data
                            VALUES (

                                2291.28,
                                'BINANCE',  -- New 'exchange' attribute
                                'ETHUSDT',  -- New 'crypto_pair' attribute
                                1703338906118,
                                0.0052
                            )
                        
[2023-12-23T14:40:09.842+0000] {hive.py:475} INFO - 
                            INSERT INTO temp_avro_data
                            VALUES (

                                2291.28,
                                'BINANCE',  -- New 'exchange' attribute
                                'ETHUSDT',  -- New 'crypto_pair' attribute
                                1703338906118,
                                0.0318
                            )
                        
[2023-12-23T14:40:12.576+0000] {hive.py:475} INFO - 
                            INSERT INTO temp_avro_data
                            VALUES (

                                2291.28,
                                'BINANCE',  -- New 'exchange' attribute
                                'ETHUSDT',  -- New 'crypto_pair' attribute
                                1703338906118,
                                0.0127
                            )
                        
[2023-12-23T14:40:15.241+0000] {hive.py:475} INFO - 
                            INSERT INTO temp_avro_data
                            VALUES (

                                2291.26,
                                'BINANCE',  -- New 'exchange' attribute
                                'ETHUSDT',  -- New 'crypto_pair' attribute
                                1703338906118,
                                0.2389
                            )
                        
[2023-12-23T14:40:18.368+0000] {hive.py:475} INFO - 
                            INSERT INTO temp_avro_data
                            VALUES (

                                2291.27,
                                'BINANCE',  -- New 'exchange' attribute
                                'ETHUSDT',  -- New 'crypto_pair' attribute
                                1703338906128,
                                0.015
                            )
                        
[2023-12-23T14:40:21.108+0000] {hive.py:475} INFO - 
                            INSERT INTO temp_avro_data
                            VALUES (

                                43662.51,
                                'BINANCE',  -- New 'exchange' attribute
                                'BTCUSDT',  -- New 'crypto_pair' attribute
                                1703338906297,
                                0.00114
                            )
                        
[2023-12-23T14:40:23.849+0000] {hive.py:475} INFO - 
                            INSERT INTO temp_avro_data
                            VALUES (

                                2291.24,
                                'BINANCE',  -- New 'exchange' attribute
                                'ETHUSDT',  -- New 'crypto_pair' attribute
                                1703338906361,
                                0.0043
                            )
                        
[2023-12-23T14:40:26.607+0000] {hive.py:475} INFO - 
                            INSERT INTO temp_avro_data
                            VALUES (

                                2291.24,
                                'BINANCE',  -- New 'exchange' attribute
                                'ETHUSDT',  -- New 'crypto_pair' attribute
                                1703338906361,
                                0.1272
                            )
                        
[2023-12-23T14:40:29.315+0000] {hive.py:475} INFO - 
                            INSERT INTO temp_avro_data
                            VALUES (

                                2291.24,
                                'BINANCE',  -- New 'exchange' attribute
                                'ETHUSDT',  -- New 'crypto_pair' attribute
                                1703338906361,
                                0.0269
                            )
                        
[2023-12-23T14:40:32.039+0000] {hive.py:475} INFO - 
                            INSERT INTO temp_avro_data
                            VALUES (

                                43662.51,
                                'BINANCE',  -- New 'exchange' attribute
                                'BTCUSDT',  -- New 'crypto_pair' attribute
                                1703338906378,
                                0.00074
                            )
                        
[2023-12-23T14:40:34.734+0000] {hive.py:475} INFO - 
                            INSERT INTO temp_avro_data
                            VALUES (

                                43662.5,
                                'BINANCE',  -- New 'exchange' attribute
                                'BTCUSDT',  -- New 'crypto_pair' attribute
                                1703338906417,
                                0.02258
                            )
                        
[2023-12-23T14:40:37.812+0000] {hive.py:475} INFO - 
                            INSERT INTO temp_avro_data
                            VALUES (

                                43662.51,
                                'BINANCE',  -- New 'exchange' attribute
                                'BTCUSDT',  -- New 'crypto_pair' attribute
                                1703338906470,
                                0.00014
                            )
                        
[2023-12-23T14:40:40.493+0000] {hive.py:475} INFO - 
                            INSERT INTO temp_avro_data
                            VALUES (

                                2291.23,
                                'BINANCE',  -- New 'exchange' attribute
                                'ETHUSDT',  -- New 'crypto_pair' attribute
                                1703338906735,
                                0.0318
                            )
                        
[2023-12-23T14:40:43.189+0000] {hive.py:475} INFO - 
                            INSERT INTO temp_avro_data
                            VALUES (

                                2291.23,
                                'BINANCE',  -- New 'exchange' attribute
                                'ETHUSDT',  -- New 'crypto_pair' attribute
                                1703338906735,
                                0.8599
                            )
                        
[2023-12-23T14:40:45.987+0000] {hive.py:475} INFO - 
                            INSERT INTO temp_avro_data
                            VALUES (

                                2291.23,
                                'BINANCE',  -- New 'exchange' attribute
                                'ETHUSDT',  -- New 'crypto_pair' attribute
                                1703338906735,
                                0.8599
                            )
                        
[2023-12-23T14:40:49.048+0000] {hive.py:475} INFO - 
                            INSERT INTO temp_avro_data
                            VALUES (

                                2291.23,
                                'BINANCE',  -- New 'exchange' attribute
                                'ETHUSDT',  -- New 'crypto_pair' attribute
                                1703338906735,
                                4
                            )
                        
[2023-12-23T14:40:51.706+0000] {hive.py:475} INFO - 
                            INSERT INTO temp_avro_data
                            VALUES (

                                43662.5,
                                'BINANCE',  -- New 'exchange' attribute
                                'BTCUSDT',  -- New 'crypto_pair' attribute
                                1703338906812,
                                0.0003
                            )
                        
[2023-12-23T14:40:54.458+0000] {hive.py:475} INFO - 
                            INSERT INTO temp_avro_data
                            VALUES (

                                2291.22,
                                'BINANCE',  -- New 'exchange' attribute
                                'ETHUSDT',  -- New 'crypto_pair' attribute
                                1703338906852,
                                0.0127
                            )
                        
[2023-12-23T14:40:57.220+0000] {hive.py:475} INFO - 
                            INSERT INTO temp_avro_data
                            VALUES (

                                43662.5,
                                'BINANCE',  -- New 'exchange' attribute
                                'BTCUSDT',  -- New 'crypto_pair' attribute
                                1703338906855,
                                0.00589
                            )
                        
[2023-12-23T14:41:00.357+0000] {hive.py:475} INFO - 
                            INSERT INTO temp_avro_data
                            VALUES (

                                2291.18,
                                'BINANCE',  -- New 'exchange' attribute
                                'ETHUSDT',  -- New 'crypto_pair' attribute
                                1703338906934,
                                0.0051
                            )
                        
[2023-12-23T14:41:03.354+0000] {logging_mixin.py:188} INFO - 
Inserting batch into Hive...
[2023-12-23T14:41:03.357+0000] {hive.py:475} INFO - 
            INSERT INTO TABLE finnhub_table 
            SELECT *
            FROM temp_avro_data
        
[2023-12-23T14:44:05.079+0000] {logging_mixin.py:188} INFO - Batch successfully inserted into Hive.
[2023-12-23T14:44:05.080+0000] {logging_mixin.py:188} INFO - finish
[2023-12-23T14:44:05.093+0000] {python.py:201} INFO - Done. Returned value was: None
[2023-12-23T14:44:05.101+0000] {taskinstance.py:1138} INFO - Marking task as SUCCESS. dag_id=batch_layer, task_id=consume_data, execution_date=20231223T143653, start_date=20231223T143656, end_date=20231223T144405
[2023-12-23T14:44:05.141+0000] {local_task_job_runner.py:234} INFO - Task exited with return code 0
[2023-12-23T14:44:05.155+0000] {taskinstance.py:3281} INFO - 2 downstream tasks scheduled from follow-on schedule check
