[2023-12-25T13:10:39.814+0000] {taskinstance.py:1957} INFO - Dependencies all met for dep_context=non-requeueable deps ti=<TaskInstance: batch.print_date scheduled__2023-12-24T00:00:00+00:00 [queued]>
[2023-12-25T13:10:39.822+0000] {taskinstance.py:1957} INFO - Dependencies all met for dep_context=requeueable deps ti=<TaskInstance: batch.print_date scheduled__2023-12-24T00:00:00+00:00 [queued]>
[2023-12-25T13:10:39.823+0000] {taskinstance.py:2171} INFO - Starting attempt 1 of 2
[2023-12-25T13:10:39.844+0000] {taskinstance.py:2192} INFO - Executing <Task(PythonOperator): print_date> on 2023-12-24 00:00:00+00:00
[2023-12-25T13:10:39.849+0000] {standard_task_runner.py:60} INFO - Started process 137 to run task
[2023-12-25T13:10:39.853+0000] {standard_task_runner.py:87} INFO - Running: ['airflow', 'tasks', 'run', 'batch', 'print_date', 'scheduled__2023-12-24T00:00:00+00:00', '--job-id', '4', '--raw', '--subdir', 'DAGS_FOLDER/batchlayer.py', '--cfg-path', '/tmp/tmpln6zuhcn']
[2023-12-25T13:10:39.855+0000] {standard_task_runner.py:88} INFO - Job 4: Subtask print_date
[2023-12-25T13:10:39.903+0000] {task_command.py:423} INFO - Running <TaskInstance: batch.print_date scheduled__2023-12-24T00:00:00+00:00 [running]> on host f631e8536ec1
[2023-12-25T13:10:40.115+0000] {taskinstance.py:2481} INFO - Exporting env vars: AIRFLOW_CTX_DAG_EMAIL='airflow@example.com' AIRFLOW_CTX_DAG_OWNER='airflow' AIRFLOW_CTX_DAG_ID='batch' AIRFLOW_CTX_TASK_ID='print_date' AIRFLOW_CTX_EXECUTION_DATE='2023-12-24T00:00:00+00:00' AIRFLOW_CTX_TRY_NUMBER='1' AIRFLOW_CTX_DAG_RUN_ID='scheduled__2023-12-24T00:00:00+00:00'
[2023-12-25T13:10:40.135+0000] {logging_mixin.py:188} INFO - hamza
[2023-12-25T13:10:41.143+0000] {logging_mixin.py:188} INFO - hamza
[2023-12-25T13:10:41.146+0000] {logging_mixin.py:188} INFO - hamza
[2023-12-25T13:10:41.150+0000] {logging_mixin.py:188} INFO - hamza
[2023-12-25T13:10:41.152+0000] {logging_mixin.py:188} INFO - hamza
[2023-12-25T13:10:41.155+0000] {logging_mixin.py:188} INFO - hamza
[2023-12-25T13:10:41.158+0000] {logging_mixin.py:188} INFO - hamza
[2023-12-25T13:10:41.161+0000] {logging_mixin.py:188} INFO - hamza
[2023-12-25T13:10:41.165+0000] {logging_mixin.py:188} INFO - hamza
[2023-12-25T13:10:41.168+0000] {logging_mixin.py:188} INFO - hamza
[2023-12-25T13:10:41.171+0000] {logging_mixin.py:188} INFO - hamza
[2023-12-25T13:10:41.173+0000] {logging_mixin.py:188} INFO - hamza
[2023-12-25T13:10:41.176+0000] {logging_mixin.py:188} INFO - hamza
[2023-12-25T13:10:41.178+0000] {logging_mixin.py:188} INFO - hamza
[2023-12-25T13:10:41.181+0000] {logging_mixin.py:188} INFO - hamza
[2023-12-25T13:10:41.183+0000] {logging_mixin.py:188} INFO - hamza
[2023-12-25T13:10:41.185+0000] {logging_mixin.py:188} INFO - hamza
[2023-12-25T13:10:41.188+0000] {logging_mixin.py:188} INFO - hamza
[2023-12-25T13:10:41.190+0000] {logging_mixin.py:188} INFO - hamza
[2023-12-25T13:10:41.192+0000] {logging_mixin.py:188} INFO - hamza
[2023-12-25T13:10:41.194+0000] {logging_mixin.py:188} INFO - hamza
[2023-12-25T13:10:41.196+0000] {logging_mixin.py:188} INFO - hamza
[2023-12-25T13:10:41.198+0000] {logging_mixin.py:188} INFO - hamza
[2023-12-25T13:10:41.201+0000] {logging_mixin.py:188} INFO - hamza
[2023-12-25T13:10:41.203+0000] {logging_mixin.py:188} INFO - hamza
[2023-12-25T13:10:41.205+0000] {logging_mixin.py:188} INFO - hamza
[2023-12-25T13:10:41.208+0000] {logging_mixin.py:188} INFO - hamza
[2023-12-25T13:10:41.210+0000] {logging_mixin.py:188} INFO - hamza
[2023-12-25T13:10:41.212+0000] {logging_mixin.py:188} INFO - hamza
[2023-12-25T13:10:41.215+0000] {logging_mixin.py:188} INFO - hamza
[2023-12-25T13:10:41.217+0000] {logging_mixin.py:188} INFO - hamza
[2023-12-25T13:10:41.219+0000] {logging_mixin.py:188} INFO - hamza
[2023-12-25T13:10:41.221+0000] {logging_mixin.py:188} INFO - hamza
[2023-12-25T13:10:41.223+0000] {logging_mixin.py:188} INFO - hamza
[2023-12-25T13:10:41.226+0000] {logging_mixin.py:188} INFO - hamza
[2023-12-25T13:10:41.228+0000] {logging_mixin.py:188} INFO - hamza
[2023-12-25T13:10:41.230+0000] {logging_mixin.py:188} INFO - hamza
[2023-12-25T13:10:41.232+0000] {logging_mixin.py:188} INFO - hamza
[2023-12-25T13:10:41.234+0000] {logging_mixin.py:188} INFO - hamza
[2023-12-25T13:10:41.237+0000] {logging_mixin.py:188} INFO - hamza
[2023-12-25T13:10:41.239+0000] {logging_mixin.py:188} INFO - hamza
[2023-12-25T13:10:41.241+0000] {logging_mixin.py:188} INFO - hamza
[2023-12-25T13:10:41.244+0000] {logging_mixin.py:188} INFO - hamza
[2023-12-25T13:10:41.246+0000] {logging_mixin.py:188} INFO - hamza
[2023-12-25T13:10:41.249+0000] {logging_mixin.py:188} INFO - hamza
[2023-12-25T13:10:41.251+0000] {logging_mixin.py:188} INFO - hamza
[2023-12-25T13:10:41.255+0000] {logging_mixin.py:188} INFO - hamza
[2023-12-25T13:10:41.257+0000] {logging_mixin.py:188} INFO - hamza
[2023-12-25T13:10:41.260+0000] {logging_mixin.py:188} INFO - hamza
[2023-12-25T13:10:41.262+0000] {logging_mixin.py:188} INFO - hamza
[2023-12-25T13:10:41.265+0000] {logging_mixin.py:188} INFO - hamza
[2023-12-25T13:10:41.267+0000] {logging_mixin.py:188} INFO - hamza
[2023-12-25T13:10:41.269+0000] {logging_mixin.py:188} INFO - hamza
[2023-12-25T13:10:41.271+0000] {logging_mixin.py:188} INFO - hamza
[2023-12-25T13:10:41.273+0000] {logging_mixin.py:188} INFO - hamza
[2023-12-25T13:10:41.275+0000] {logging_mixin.py:188} INFO - hamza
[2023-12-25T13:10:41.277+0000] {logging_mixin.py:188} INFO - hamza
[2023-12-25T13:10:41.279+0000] {logging_mixin.py:188} INFO - hamza
[2023-12-25T13:10:41.281+0000] {logging_mixin.py:188} INFO - hamza
[2023-12-25T13:10:41.283+0000] {logging_mixin.py:188} INFO - hamza
[2023-12-25T13:10:41.285+0000] {logging_mixin.py:188} INFO - hamza
[2023-12-25T13:10:41.287+0000] {logging_mixin.py:188} INFO - hamza
[2023-12-25T13:10:41.289+0000] {logging_mixin.py:188} INFO - hamza
[2023-12-25T13:10:41.291+0000] {logging_mixin.py:188} INFO - hamza
[2023-12-25T13:10:41.293+0000] {logging_mixin.py:188} INFO - hamza
[2023-12-25T13:10:41.295+0000] {logging_mixin.py:188} INFO - hamza
[2023-12-25T13:10:41.298+0000] {logging_mixin.py:188} INFO - hamza
[2023-12-25T13:10:41.300+0000] {logging_mixin.py:188} INFO - hamza
[2023-12-25T13:10:41.302+0000] {logging_mixin.py:188} INFO - hamza
[2023-12-25T13:10:41.304+0000] {logging_mixin.py:188} INFO - hamza
[2023-12-25T13:10:41.307+0000] {logging_mixin.py:188} INFO - hamza
[2023-12-25T13:10:41.309+0000] {logging_mixin.py:188} INFO - hamza
[2023-12-25T13:10:41.311+0000] {logging_mixin.py:188} INFO - hamza
[2023-12-25T13:10:41.313+0000] {logging_mixin.py:188} INFO - hamza
[2023-12-25T13:10:41.315+0000] {logging_mixin.py:188} INFO - hamza
[2023-12-25T13:10:41.317+0000] {logging_mixin.py:188} INFO - hamza
[2023-12-25T13:10:41.320+0000] {logging_mixin.py:188} INFO - hamza
[2023-12-25T13:10:41.322+0000] {logging_mixin.py:188} INFO - hamza
[2023-12-25T13:10:41.324+0000] {logging_mixin.py:188} INFO - hamza
[2023-12-25T13:10:41.326+0000] {logging_mixin.py:188} INFO - hamza
[2023-12-25T13:10:41.328+0000] {logging_mixin.py:188} INFO - hamza
[2023-12-25T13:10:41.330+0000] {logging_mixin.py:188} INFO - hamza
[2023-12-25T13:10:41.332+0000] {logging_mixin.py:188} INFO - hamza
[2023-12-25T13:10:41.334+0000] {logging_mixin.py:188} INFO - hamza
[2023-12-25T13:10:41.336+0000] {logging_mixin.py:188} INFO - hamza
[2023-12-25T13:10:41.338+0000] {logging_mixin.py:188} INFO - hamza
[2023-12-25T13:10:41.341+0000] {logging_mixin.py:188} INFO - hamza
[2023-12-25T13:10:41.343+0000] {logging_mixin.py:188} INFO - hamza
[2023-12-25T13:10:41.345+0000] {logging_mixin.py:188} INFO - hamza
[2023-12-25T13:10:41.347+0000] {logging_mixin.py:188} INFO - hamza
[2023-12-25T13:10:41.349+0000] {logging_mixin.py:188} INFO - hamza
[2023-12-25T13:10:41.352+0000] {logging_mixin.py:188} INFO - hamza
[2023-12-25T13:10:41.354+0000] {logging_mixin.py:188} INFO - hamza
[2023-12-25T13:10:41.356+0000] {logging_mixin.py:188} INFO - hamza
[2023-12-25T13:10:41.359+0000] {logging_mixin.py:188} INFO - hamza
[2023-12-25T13:10:41.361+0000] {logging_mixin.py:188} INFO - hamza
[2023-12-25T13:10:41.363+0000] {logging_mixin.py:188} INFO - hamza
[2023-12-25T13:10:41.366+0000] {logging_mixin.py:188} INFO - hamza
[2023-12-25T13:10:41.368+0000] {logging_mixin.py:188} INFO - hamza
[2023-12-25T13:10:41.370+0000] {python.py:201} INFO - Done. Returned value was: None
[2023-12-25T13:10:41.377+0000] {taskinstance.py:1138} INFO - Marking task as SUCCESS. dag_id=batch, task_id=print_date, execution_date=20231224T000000, start_date=20231225T131039, end_date=20231225T131041
[2023-12-25T13:10:41.434+0000] {local_task_job_runner.py:234} INFO - Task exited with return code 0
[2023-12-25T13:10:41.446+0000] {taskinstance.py:3281} INFO - 0 downstream tasks scheduled from follow-on schedule check
[2023-12-25T13:38:16.054+0000] {taskinstance.py:1957} INFO - Dependencies all met for dep_context=non-requeueable deps ti=<TaskInstance: batch.print_date scheduled__2023-12-24T00:00:00+00:00 [queued]>
[2023-12-25T13:38:16.061+0000] {taskinstance.py:1957} INFO - Dependencies all met for dep_context=requeueable deps ti=<TaskInstance: batch.print_date scheduled__2023-12-24T00:00:00+00:00 [queued]>
[2023-12-25T13:38:16.062+0000] {taskinstance.py:2171} INFO - Starting attempt 1 of 2
[2023-12-25T13:38:16.108+0000] {taskinstance.py:2192} INFO - Executing <Task(PythonOperator): print_date> on 2023-12-24 00:00:00+00:00
[2023-12-25T13:38:16.113+0000] {standard_task_runner.py:60} INFO - Started process 136 to run task
[2023-12-25T13:38:16.117+0000] {standard_task_runner.py:87} INFO - Running: ['airflow', 'tasks', 'run', 'batch', 'print_date', 'scheduled__2023-12-24T00:00:00+00:00', '--job-id', '4', '--raw', '--subdir', 'DAGS_FOLDER/batchlayer.py', '--cfg-path', '/tmp/tmpt0b7foy1']
[2023-12-25T13:38:16.120+0000] {standard_task_runner.py:88} INFO - Job 4: Subtask print_date
[2023-12-25T13:38:16.164+0000] {task_command.py:423} INFO - Running <TaskInstance: batch.print_date scheduled__2023-12-24T00:00:00+00:00 [running]> on host f6690199a9a1
[2023-12-25T13:38:16.371+0000] {taskinstance.py:2481} INFO - Exporting env vars: AIRFLOW_CTX_DAG_EMAIL='airflow@example.com' AIRFLOW_CTX_DAG_OWNER='airflow' AIRFLOW_CTX_DAG_ID='batch' AIRFLOW_CTX_TASK_ID='print_date' AIRFLOW_CTX_EXECUTION_DATE='2023-12-24T00:00:00+00:00' AIRFLOW_CTX_TRY_NUMBER='1' AIRFLOW_CTX_DAG_RUN_ID='scheduled__2023-12-24T00:00:00+00:00'
[2023-12-25T13:38:16.376+0000] {logging_mixin.py:188} INFO - hamza
[2023-12-25T13:38:17.383+0000] {logging_mixin.py:188} INFO - hamza
[2023-12-25T13:38:17.386+0000] {logging_mixin.py:188} INFO - hamza
[2023-12-25T13:38:17.388+0000] {logging_mixin.py:188} INFO - hamza
[2023-12-25T13:38:17.391+0000] {logging_mixin.py:188} INFO - hamza
[2023-12-25T13:38:17.393+0000] {logging_mixin.py:188} INFO - hamza
[2023-12-25T13:38:17.395+0000] {logging_mixin.py:188} INFO - hamza
[2023-12-25T13:38:17.398+0000] {logging_mixin.py:188} INFO - hamza
[2023-12-25T13:38:17.400+0000] {logging_mixin.py:188} INFO - hamza
[2023-12-25T13:38:17.401+0000] {logging_mixin.py:188} INFO - hamza
[2023-12-25T13:38:17.404+0000] {logging_mixin.py:188} INFO - hamza
[2023-12-25T13:38:17.406+0000] {logging_mixin.py:188} INFO - hamza
[2023-12-25T13:38:17.408+0000] {logging_mixin.py:188} INFO - hamza
[2023-12-25T13:38:17.409+0000] {logging_mixin.py:188} INFO - hamza
[2023-12-25T13:38:17.412+0000] {logging_mixin.py:188} INFO - hamza
[2023-12-25T13:38:17.414+0000] {logging_mixin.py:188} INFO - hamza
[2023-12-25T13:38:17.416+0000] {logging_mixin.py:188} INFO - hamza
[2023-12-25T13:38:17.417+0000] {logging_mixin.py:188} INFO - hamza
[2023-12-25T13:38:17.419+0000] {logging_mixin.py:188} INFO - hamza
[2023-12-25T13:38:17.421+0000] {logging_mixin.py:188} INFO - hamza
[2023-12-25T13:38:17.423+0000] {logging_mixin.py:188} INFO - hamza
[2023-12-25T13:38:17.425+0000] {logging_mixin.py:188} INFO - hamza
[2023-12-25T13:38:17.427+0000] {logging_mixin.py:188} INFO - hamza
[2023-12-25T13:38:17.429+0000] {logging_mixin.py:188} INFO - hamza
[2023-12-25T13:38:17.432+0000] {logging_mixin.py:188} INFO - hamza
[2023-12-25T13:38:17.433+0000] {logging_mixin.py:188} INFO - hamza
[2023-12-25T13:38:17.435+0000] {logging_mixin.py:188} INFO - hamza
[2023-12-25T13:38:17.438+0000] {logging_mixin.py:188} INFO - hamza
[2023-12-25T13:38:17.440+0000] {logging_mixin.py:188} INFO - hamza
[2023-12-25T13:38:17.442+0000] {logging_mixin.py:188} INFO - hamza
[2023-12-25T13:38:17.444+0000] {logging_mixin.py:188} INFO - hamza
[2023-12-25T13:38:17.446+0000] {logging_mixin.py:188} INFO - hamza
[2023-12-25T13:38:17.448+0000] {logging_mixin.py:188} INFO - hamza
[2023-12-25T13:38:17.450+0000] {logging_mixin.py:188} INFO - hamza
[2023-12-25T13:38:17.451+0000] {logging_mixin.py:188} INFO - hamza
[2023-12-25T13:38:17.454+0000] {logging_mixin.py:188} INFO - hamza
[2023-12-25T13:38:17.455+0000] {logging_mixin.py:188} INFO - hamza
[2023-12-25T13:38:17.457+0000] {logging_mixin.py:188} INFO - hamza
[2023-12-25T13:38:17.460+0000] {logging_mixin.py:188} INFO - hamza
[2023-12-25T13:38:17.462+0000] {logging_mixin.py:188} INFO - hamza
[2023-12-25T13:38:17.464+0000] {logging_mixin.py:188} INFO - hamza
[2023-12-25T13:38:17.466+0000] {logging_mixin.py:188} INFO - hamza
[2023-12-25T13:38:17.468+0000] {logging_mixin.py:188} INFO - hamza
[2023-12-25T13:38:17.470+0000] {logging_mixin.py:188} INFO - hamza
[2023-12-25T13:38:17.472+0000] {logging_mixin.py:188} INFO - hamza
[2023-12-25T13:38:17.474+0000] {logging_mixin.py:188} INFO - hamza
[2023-12-25T13:38:17.477+0000] {logging_mixin.py:188} INFO - hamza
[2023-12-25T13:38:17.478+0000] {logging_mixin.py:188} INFO - hamza
[2023-12-25T13:38:17.480+0000] {logging_mixin.py:188} INFO - hamza
[2023-12-25T13:38:17.482+0000] {logging_mixin.py:188} INFO - hamza
[2023-12-25T13:38:17.483+0000] {logging_mixin.py:188} INFO - hamza
[2023-12-25T13:38:17.486+0000] {logging_mixin.py:188} INFO - hamza
[2023-12-25T13:38:17.487+0000] {logging_mixin.py:188} INFO - hamza
[2023-12-25T13:38:17.489+0000] {logging_mixin.py:188} INFO - hamza
[2023-12-25T13:38:17.491+0000] {logging_mixin.py:188} INFO - hamza
[2023-12-25T13:38:17.493+0000] {logging_mixin.py:188} INFO - hamza
[2023-12-25T13:38:17.495+0000] {logging_mixin.py:188} INFO - hamza
[2023-12-25T13:38:17.497+0000] {logging_mixin.py:188} INFO - hamza
[2023-12-25T13:38:17.499+0000] {logging_mixin.py:188} INFO - hamza
[2023-12-25T13:38:17.501+0000] {logging_mixin.py:188} INFO - hamza
[2023-12-25T13:38:17.502+0000] {logging_mixin.py:188} INFO - hamza
[2023-12-25T13:38:17.504+0000] {logging_mixin.py:188} INFO - hamza
[2023-12-25T13:38:17.507+0000] {logging_mixin.py:188} INFO - hamza
[2023-12-25T13:38:17.508+0000] {logging_mixin.py:188} INFO - hamza
[2023-12-25T13:38:17.510+0000] {logging_mixin.py:188} INFO - hamza
[2023-12-25T13:38:17.513+0000] {logging_mixin.py:188} INFO - hamza
[2023-12-25T13:38:17.515+0000] {logging_mixin.py:188} INFO - hamza
[2023-12-25T13:38:17.517+0000] {logging_mixin.py:188} INFO - hamza
[2023-12-25T13:38:17.519+0000] {logging_mixin.py:188} INFO - hamza
[2023-12-25T13:38:17.521+0000] {logging_mixin.py:188} INFO - hamza
[2023-12-25T13:38:17.523+0000] {logging_mixin.py:188} INFO - hamza
[2023-12-25T13:38:17.526+0000] {logging_mixin.py:188} INFO - hamza
[2023-12-25T13:38:17.528+0000] {logging_mixin.py:188} INFO - hamza
[2023-12-25T13:38:17.530+0000] {logging_mixin.py:188} INFO - hamza
[2023-12-25T13:38:17.532+0000] {logging_mixin.py:188} INFO - hamza
[2023-12-25T13:38:17.534+0000] {logging_mixin.py:188} INFO - hamza
[2023-12-25T13:38:17.536+0000] {logging_mixin.py:188} INFO - hamza
[2023-12-25T13:38:17.537+0000] {logging_mixin.py:188} INFO - hamza
[2023-12-25T13:38:17.540+0000] {logging_mixin.py:188} INFO - hamza
[2023-12-25T13:38:17.542+0000] {logging_mixin.py:188} INFO - hamza
[2023-12-25T13:38:17.544+0000] {logging_mixin.py:188} INFO - hamza
[2023-12-25T13:38:17.545+0000] {logging_mixin.py:188} INFO - hamza
[2023-12-25T13:38:17.548+0000] {logging_mixin.py:188} INFO - hamza
[2023-12-25T13:38:17.550+0000] {logging_mixin.py:188} INFO - hamza
[2023-12-25T13:38:17.552+0000] {logging_mixin.py:188} INFO - hamza
[2023-12-25T13:38:17.556+0000] {logging_mixin.py:188} INFO - hamza
[2023-12-25T13:38:17.559+0000] {logging_mixin.py:188} INFO - hamza
[2023-12-25T13:38:17.561+0000] {logging_mixin.py:188} INFO - hamza
[2023-12-25T13:38:17.563+0000] {logging_mixin.py:188} INFO - hamza
[2023-12-25T13:38:17.565+0000] {logging_mixin.py:188} INFO - hamza
[2023-12-25T13:38:17.567+0000] {logging_mixin.py:188} INFO - hamza
[2023-12-25T13:38:17.570+0000] {logging_mixin.py:188} INFO - hamza
[2023-12-25T13:38:17.572+0000] {logging_mixin.py:188} INFO - hamza
[2023-12-25T13:38:17.574+0000] {logging_mixin.py:188} INFO - hamza
[2023-12-25T13:38:17.576+0000] {logging_mixin.py:188} INFO - hamza
[2023-12-25T13:38:17.579+0000] {logging_mixin.py:188} INFO - hamza
[2023-12-25T13:38:17.581+0000] {logging_mixin.py:188} INFO - hamza
[2023-12-25T13:38:17.584+0000] {logging_mixin.py:188} INFO - hamza
[2023-12-25T13:38:17.586+0000] {logging_mixin.py:188} INFO - hamza
[2023-12-25T13:38:17.590+0000] {python.py:201} INFO - Done. Returned value was: None
[2023-12-25T13:38:17.596+0000] {taskinstance.py:1138} INFO - Marking task as SUCCESS. dag_id=batch, task_id=print_date, execution_date=20231224T000000, start_date=20231225T133816, end_date=20231225T133817
[2023-12-25T13:38:17.657+0000] {local_task_job_runner.py:234} INFO - Task exited with return code 0
[2023-12-25T13:38:17.669+0000] {taskinstance.py:3281} INFO - 0 downstream tasks scheduled from follow-on schedule check
[2023-12-25T13:47:39.973+0000] {taskinstance.py:1957} INFO - Dependencies all met for dep_context=non-requeueable deps ti=<TaskInstance: batch.print_date scheduled__2023-12-24T00:00:00+00:00 [queued]>
[2023-12-25T13:47:39.978+0000] {taskinstance.py:1957} INFO - Dependencies all met for dep_context=requeueable deps ti=<TaskInstance: batch.print_date scheduled__2023-12-24T00:00:00+00:00 [queued]>
[2023-12-25T13:47:39.978+0000] {taskinstance.py:2171} INFO - Starting attempt 1 of 2
[2023-12-25T13:47:39.992+0000] {taskinstance.py:2192} INFO - Executing <Task(PythonOperator): print_date> on 2023-12-24 00:00:00+00:00
[2023-12-25T13:47:39.995+0000] {standard_task_runner.py:60} INFO - Started process 136 to run task
[2023-12-25T13:47:39.997+0000] {standard_task_runner.py:87} INFO - Running: ['airflow', 'tasks', 'run', 'batch', 'print_date', 'scheduled__2023-12-24T00:00:00+00:00', '--job-id', '4', '--raw', '--subdir', 'DAGS_FOLDER/batchlayer.py', '--cfg-path', '/tmp/tmppqkpp7yy']
[2023-12-25T13:47:39.999+0000] {standard_task_runner.py:88} INFO - Job 4: Subtask print_date
[2023-12-25T13:47:40.040+0000] {task_command.py:423} INFO - Running <TaskInstance: batch.print_date scheduled__2023-12-24T00:00:00+00:00 [running]> on host 43991cd2d77a
[2023-12-25T13:47:40.214+0000] {taskinstance.py:2481} INFO - Exporting env vars: AIRFLOW_CTX_DAG_EMAIL='airflow@example.com' AIRFLOW_CTX_DAG_OWNER='airflow' AIRFLOW_CTX_DAG_ID='batch' AIRFLOW_CTX_TASK_ID='print_date' AIRFLOW_CTX_EXECUTION_DATE='2023-12-24T00:00:00+00:00' AIRFLOW_CTX_TRY_NUMBER='1' AIRFLOW_CTX_DAG_RUN_ID='scheduled__2023-12-24T00:00:00+00:00'
[2023-12-25T13:47:40.216+0000] {logging_mixin.py:188} INFO - hamza
[2023-12-25T13:47:41.227+0000] {logging_mixin.py:188} INFO - hamza
[2023-12-25T13:47:41.229+0000] {logging_mixin.py:188} INFO - hamza
[2023-12-25T13:47:41.231+0000] {logging_mixin.py:188} INFO - hamza
[2023-12-25T13:47:41.233+0000] {logging_mixin.py:188} INFO - hamza
[2023-12-25T13:47:41.234+0000] {logging_mixin.py:188} INFO - hamza
[2023-12-25T13:47:41.235+0000] {logging_mixin.py:188} INFO - hamza
[2023-12-25T13:47:41.236+0000] {logging_mixin.py:188} INFO - hamza
[2023-12-25T13:47:41.238+0000] {logging_mixin.py:188} INFO - hamza
[2023-12-25T13:47:41.239+0000] {logging_mixin.py:188} INFO - hamza
[2023-12-25T13:47:41.241+0000] {logging_mixin.py:188} INFO - hamza
[2023-12-25T13:47:41.242+0000] {logging_mixin.py:188} INFO - hamza
[2023-12-25T13:47:41.243+0000] {logging_mixin.py:188} INFO - hamza
[2023-12-25T13:47:41.244+0000] {logging_mixin.py:188} INFO - hamza
[2023-12-25T13:47:41.247+0000] {logging_mixin.py:188} INFO - hamza
[2023-12-25T13:47:41.248+0000] {logging_mixin.py:188} INFO - hamza
[2023-12-25T13:47:41.249+0000] {logging_mixin.py:188} INFO - hamza
[2023-12-25T13:47:41.251+0000] {logging_mixin.py:188} INFO - hamza
[2023-12-25T13:47:41.252+0000] {logging_mixin.py:188} INFO - hamza
[2023-12-25T13:47:41.253+0000] {logging_mixin.py:188} INFO - hamza
[2023-12-25T13:47:41.254+0000] {logging_mixin.py:188} INFO - hamza
[2023-12-25T13:47:41.256+0000] {logging_mixin.py:188} INFO - hamza
[2023-12-25T13:47:41.257+0000] {logging_mixin.py:188} INFO - hamza
[2023-12-25T13:47:41.258+0000] {logging_mixin.py:188} INFO - hamza
[2023-12-25T13:47:41.259+0000] {logging_mixin.py:188} INFO - hamza
[2023-12-25T13:47:41.260+0000] {logging_mixin.py:188} INFO - hamza
[2023-12-25T13:47:41.261+0000] {logging_mixin.py:188} INFO - hamza
[2023-12-25T13:47:41.262+0000] {logging_mixin.py:188} INFO - hamza
[2023-12-25T13:47:41.263+0000] {logging_mixin.py:188} INFO - hamza
[2023-12-25T13:47:41.264+0000] {logging_mixin.py:188} INFO - hamza
[2023-12-25T13:47:41.265+0000] {logging_mixin.py:188} INFO - hamza
[2023-12-25T13:47:41.266+0000] {logging_mixin.py:188} INFO - hamza
[2023-12-25T13:47:41.267+0000] {logging_mixin.py:188} INFO - hamza
[2023-12-25T13:47:41.268+0000] {logging_mixin.py:188} INFO - hamza
[2023-12-25T13:47:41.269+0000] {logging_mixin.py:188} INFO - hamza
[2023-12-25T13:47:41.270+0000] {logging_mixin.py:188} INFO - hamza
[2023-12-25T13:47:41.272+0000] {logging_mixin.py:188} INFO - hamza
[2023-12-25T13:47:41.273+0000] {logging_mixin.py:188} INFO - hamza
[2023-12-25T13:47:41.274+0000] {logging_mixin.py:188} INFO - hamza
[2023-12-25T13:47:41.275+0000] {logging_mixin.py:188} INFO - hamza
[2023-12-25T13:47:41.276+0000] {logging_mixin.py:188} INFO - hamza
[2023-12-25T13:47:41.277+0000] {logging_mixin.py:188} INFO - hamza
[2023-12-25T13:47:41.278+0000] {logging_mixin.py:188} INFO - hamza
[2023-12-25T13:47:41.279+0000] {logging_mixin.py:188} INFO - hamza
[2023-12-25T13:47:41.280+0000] {logging_mixin.py:188} INFO - hamza
[2023-12-25T13:47:41.281+0000] {logging_mixin.py:188} INFO - hamza
[2023-12-25T13:47:41.282+0000] {logging_mixin.py:188} INFO - hamza
[2023-12-25T13:47:41.283+0000] {logging_mixin.py:188} INFO - hamza
[2023-12-25T13:47:41.284+0000] {logging_mixin.py:188} INFO - hamza
[2023-12-25T13:47:41.285+0000] {logging_mixin.py:188} INFO - hamza
[2023-12-25T13:47:41.286+0000] {logging_mixin.py:188} INFO - hamza
[2023-12-25T13:47:41.287+0000] {logging_mixin.py:188} INFO - hamza
[2023-12-25T13:47:41.288+0000] {logging_mixin.py:188} INFO - hamza
[2023-12-25T13:47:41.289+0000] {logging_mixin.py:188} INFO - hamza
[2023-12-25T13:47:41.290+0000] {logging_mixin.py:188} INFO - hamza
[2023-12-25T13:47:41.291+0000] {logging_mixin.py:188} INFO - hamza
[2023-12-25T13:47:41.292+0000] {logging_mixin.py:188} INFO - hamza
[2023-12-25T13:47:41.293+0000] {logging_mixin.py:188} INFO - hamza
[2023-12-25T13:47:41.294+0000] {logging_mixin.py:188} INFO - hamza
[2023-12-25T13:47:41.295+0000] {logging_mixin.py:188} INFO - hamza
[2023-12-25T13:47:41.296+0000] {logging_mixin.py:188} INFO - hamza
[2023-12-25T13:47:41.297+0000] {logging_mixin.py:188} INFO - hamza
[2023-12-25T13:47:41.298+0000] {logging_mixin.py:188} INFO - hamza
[2023-12-25T13:47:41.299+0000] {logging_mixin.py:188} INFO - hamza
[2023-12-25T13:47:41.300+0000] {logging_mixin.py:188} INFO - hamza
[2023-12-25T13:47:41.301+0000] {logging_mixin.py:188} INFO - hamza
[2023-12-25T13:47:41.302+0000] {logging_mixin.py:188} INFO - hamza
[2023-12-25T13:47:41.303+0000] {logging_mixin.py:188} INFO - hamza
[2023-12-25T13:47:41.304+0000] {logging_mixin.py:188} INFO - hamza
[2023-12-25T13:47:41.305+0000] {logging_mixin.py:188} INFO - hamza
[2023-12-25T13:47:41.306+0000] {logging_mixin.py:188} INFO - hamza
[2023-12-25T13:47:41.307+0000] {logging_mixin.py:188} INFO - hamza
[2023-12-25T13:47:41.309+0000] {logging_mixin.py:188} INFO - hamza
[2023-12-25T13:47:41.310+0000] {logging_mixin.py:188} INFO - hamza
[2023-12-25T13:47:41.311+0000] {logging_mixin.py:188} INFO - hamza
[2023-12-25T13:47:41.312+0000] {logging_mixin.py:188} INFO - hamza
[2023-12-25T13:47:41.313+0000] {logging_mixin.py:188} INFO - hamza
[2023-12-25T13:47:41.314+0000] {logging_mixin.py:188} INFO - hamza
[2023-12-25T13:47:41.315+0000] {logging_mixin.py:188} INFO - hamza
[2023-12-25T13:47:41.316+0000] {logging_mixin.py:188} INFO - hamza
[2023-12-25T13:47:41.317+0000] {logging_mixin.py:188} INFO - hamza
[2023-12-25T13:47:41.318+0000] {logging_mixin.py:188} INFO - hamza
[2023-12-25T13:47:41.319+0000] {logging_mixin.py:188} INFO - hamza
[2023-12-25T13:47:41.320+0000] {logging_mixin.py:188} INFO - hamza
[2023-12-25T13:47:41.321+0000] {logging_mixin.py:188} INFO - hamza
[2023-12-25T13:47:41.321+0000] {logging_mixin.py:188} INFO - hamza
[2023-12-25T13:47:41.322+0000] {logging_mixin.py:188} INFO - hamza
[2023-12-25T13:47:41.323+0000] {logging_mixin.py:188} INFO - hamza
[2023-12-25T13:47:41.324+0000] {logging_mixin.py:188} INFO - hamza
[2023-12-25T13:47:41.325+0000] {logging_mixin.py:188} INFO - hamza
[2023-12-25T13:47:41.326+0000] {logging_mixin.py:188} INFO - hamza
[2023-12-25T13:47:41.327+0000] {logging_mixin.py:188} INFO - hamza
[2023-12-25T13:47:41.328+0000] {logging_mixin.py:188} INFO - hamza
[2023-12-25T13:47:41.329+0000] {logging_mixin.py:188} INFO - hamza
[2023-12-25T13:47:41.330+0000] {logging_mixin.py:188} INFO - hamza
[2023-12-25T13:47:41.330+0000] {logging_mixin.py:188} INFO - hamza
[2023-12-25T13:47:41.331+0000] {logging_mixin.py:188} INFO - hamza
[2023-12-25T13:47:41.332+0000] {logging_mixin.py:188} INFO - hamza
[2023-12-25T13:47:41.333+0000] {logging_mixin.py:188} INFO - hamza
[2023-12-25T13:47:41.334+0000] {python.py:201} INFO - Done. Returned value was: None
[2023-12-25T13:47:41.338+0000] {taskinstance.py:1138} INFO - Marking task as SUCCESS. dag_id=batch, task_id=print_date, execution_date=20231224T000000, start_date=20231225T134739, end_date=20231225T134741
[2023-12-25T13:47:42.097+0000] {local_task_job_runner.py:234} INFO - Task exited with return code 0
[2023-12-25T13:47:42.106+0000] {taskinstance.py:3281} INFO - 0 downstream tasks scheduled from follow-on schedule check
[2023-12-25T14:11:24.017+0000] {taskinstance.py:1957} INFO - Dependencies all met for dep_context=non-requeueable deps ti=<TaskInstance: batch.print_date scheduled__2023-12-24T00:00:00+00:00 [queued]>
[2023-12-25T14:11:24.021+0000] {taskinstance.py:1957} INFO - Dependencies all met for dep_context=requeueable deps ti=<TaskInstance: batch.print_date scheduled__2023-12-24T00:00:00+00:00 [queued]>
[2023-12-25T14:11:24.022+0000] {taskinstance.py:2171} INFO - Starting attempt 1 of 2
[2023-12-25T14:11:24.033+0000] {taskinstance.py:2192} INFO - Executing <Task(PythonOperator): print_date> on 2023-12-24 00:00:00+00:00
[2023-12-25T14:11:24.036+0000] {standard_task_runner.py:60} INFO - Started process 141 to run task
[2023-12-25T14:11:24.038+0000] {standard_task_runner.py:87} INFO - Running: ['airflow', 'tasks', 'run', 'batch', 'print_date', 'scheduled__2023-12-24T00:00:00+00:00', '--job-id', '4', '--raw', '--subdir', 'DAGS_FOLDER/batchlayer.py', '--cfg-path', '/tmp/tmpwu0b3_8f']
[2023-12-25T14:11:24.039+0000] {standard_task_runner.py:88} INFO - Job 4: Subtask print_date
[2023-12-25T14:11:24.067+0000] {task_command.py:423} INFO - Running <TaskInstance: batch.print_date scheduled__2023-12-24T00:00:00+00:00 [running]> on host 9bdca13f3810
[2023-12-25T14:11:24.228+0000] {taskinstance.py:2481} INFO - Exporting env vars: AIRFLOW_CTX_DAG_EMAIL='airflow@example.com' AIRFLOW_CTX_DAG_OWNER='airflow' AIRFLOW_CTX_DAG_ID='batch' AIRFLOW_CTX_TASK_ID='print_date' AIRFLOW_CTX_EXECUTION_DATE='2023-12-24T00:00:00+00:00' AIRFLOW_CTX_TRY_NUMBER='1' AIRFLOW_CTX_DAG_RUN_ID='scheduled__2023-12-24T00:00:00+00:00'
[2023-12-25T14:11:24.243+0000] {logging_mixin.py:188} INFO - hamza
[2023-12-25T14:11:25.247+0000] {logging_mixin.py:188} INFO - hamza
[2023-12-25T14:11:25.249+0000] {logging_mixin.py:188} INFO - hamza
[2023-12-25T14:11:25.251+0000] {logging_mixin.py:188} INFO - hamza
[2023-12-25T14:11:25.252+0000] {logging_mixin.py:188} INFO - hamza
[2023-12-25T14:11:25.253+0000] {logging_mixin.py:188} INFO - hamza
[2023-12-25T14:11:25.254+0000] {logging_mixin.py:188} INFO - hamza
[2023-12-25T14:11:25.255+0000] {logging_mixin.py:188} INFO - hamza
[2023-12-25T14:11:25.256+0000] {logging_mixin.py:188} INFO - hamza
[2023-12-25T14:11:25.257+0000] {logging_mixin.py:188} INFO - hamza
[2023-12-25T14:11:25.258+0000] {logging_mixin.py:188} INFO - hamza
[2023-12-25T14:11:25.259+0000] {logging_mixin.py:188} INFO - hamza
[2023-12-25T14:11:25.260+0000] {logging_mixin.py:188} INFO - hamza
[2023-12-25T14:11:25.261+0000] {logging_mixin.py:188} INFO - hamza
[2023-12-25T14:11:25.262+0000] {logging_mixin.py:188} INFO - hamza
[2023-12-25T14:11:25.263+0000] {logging_mixin.py:188} INFO - hamza
[2023-12-25T14:11:25.264+0000] {logging_mixin.py:188} INFO - hamza
[2023-12-25T14:11:25.265+0000] {logging_mixin.py:188} INFO - hamza
[2023-12-25T14:11:25.266+0000] {logging_mixin.py:188} INFO - hamza
[2023-12-25T14:11:25.267+0000] {logging_mixin.py:188} INFO - hamza
[2023-12-25T14:11:25.268+0000] {logging_mixin.py:188} INFO - hamza
[2023-12-25T14:11:25.269+0000] {logging_mixin.py:188} INFO - hamza
[2023-12-25T14:11:25.269+0000] {logging_mixin.py:188} INFO - hamza
[2023-12-25T14:11:25.270+0000] {logging_mixin.py:188} INFO - hamza
[2023-12-25T14:11:25.271+0000] {logging_mixin.py:188} INFO - hamza
[2023-12-25T14:11:25.272+0000] {logging_mixin.py:188} INFO - hamza
[2023-12-25T14:11:25.273+0000] {logging_mixin.py:188} INFO - hamza
[2023-12-25T14:11:25.274+0000] {logging_mixin.py:188} INFO - hamza
[2023-12-25T14:11:25.275+0000] {logging_mixin.py:188} INFO - hamza
[2023-12-25T14:11:25.276+0000] {logging_mixin.py:188} INFO - hamza
[2023-12-25T14:11:25.276+0000] {logging_mixin.py:188} INFO - hamza
[2023-12-25T14:11:25.277+0000] {logging_mixin.py:188} INFO - hamza
[2023-12-25T14:11:25.278+0000] {logging_mixin.py:188} INFO - hamza
[2023-12-25T14:11:25.279+0000] {logging_mixin.py:188} INFO - hamza
[2023-12-25T14:11:25.280+0000] {logging_mixin.py:188} INFO - hamza
[2023-12-25T14:11:25.281+0000] {logging_mixin.py:188} INFO - hamza
[2023-12-25T14:11:25.281+0000] {logging_mixin.py:188} INFO - hamza
[2023-12-25T14:11:25.282+0000] {logging_mixin.py:188} INFO - hamza
[2023-12-25T14:11:25.283+0000] {logging_mixin.py:188} INFO - hamza
[2023-12-25T14:11:25.284+0000] {logging_mixin.py:188} INFO - hamza
[2023-12-25T14:11:25.285+0000] {logging_mixin.py:188} INFO - hamza
[2023-12-25T14:11:25.286+0000] {logging_mixin.py:188} INFO - hamza
[2023-12-25T14:11:25.287+0000] {logging_mixin.py:188} INFO - hamza
[2023-12-25T14:11:25.288+0000] {logging_mixin.py:188} INFO - hamza
[2023-12-25T14:11:25.289+0000] {logging_mixin.py:188} INFO - hamza
[2023-12-25T14:11:25.289+0000] {logging_mixin.py:188} INFO - hamza
[2023-12-25T14:11:25.290+0000] {logging_mixin.py:188} INFO - hamza
[2023-12-25T14:11:25.291+0000] {logging_mixin.py:188} INFO - hamza
[2023-12-25T14:11:25.292+0000] {logging_mixin.py:188} INFO - hamza
[2023-12-25T14:11:25.293+0000] {logging_mixin.py:188} INFO - hamza
[2023-12-25T14:11:25.294+0000] {logging_mixin.py:188} INFO - hamza
[2023-12-25T14:11:25.295+0000] {logging_mixin.py:188} INFO - hamza
[2023-12-25T14:11:25.295+0000] {logging_mixin.py:188} INFO - hamza
[2023-12-25T14:11:25.296+0000] {logging_mixin.py:188} INFO - hamza
[2023-12-25T14:11:25.297+0000] {logging_mixin.py:188} INFO - hamza
[2023-12-25T14:11:25.298+0000] {logging_mixin.py:188} INFO - hamza
[2023-12-25T14:11:25.299+0000] {logging_mixin.py:188} INFO - hamza
[2023-12-25T14:11:25.300+0000] {logging_mixin.py:188} INFO - hamza
[2023-12-25T14:11:25.301+0000] {logging_mixin.py:188} INFO - hamza
[2023-12-25T14:11:25.301+0000] {logging_mixin.py:188} INFO - hamza
[2023-12-25T14:11:25.302+0000] {logging_mixin.py:188} INFO - hamza
[2023-12-25T14:11:25.303+0000] {logging_mixin.py:188} INFO - hamza
[2023-12-25T14:11:25.304+0000] {logging_mixin.py:188} INFO - hamza
[2023-12-25T14:11:25.305+0000] {logging_mixin.py:188} INFO - hamza
[2023-12-25T14:11:25.306+0000] {logging_mixin.py:188} INFO - hamza
[2023-12-25T14:11:25.307+0000] {logging_mixin.py:188} INFO - hamza
[2023-12-25T14:11:25.308+0000] {logging_mixin.py:188} INFO - hamza
[2023-12-25T14:11:25.309+0000] {logging_mixin.py:188} INFO - hamza
[2023-12-25T14:11:25.310+0000] {logging_mixin.py:188} INFO - hamza
[2023-12-25T14:11:25.311+0000] {logging_mixin.py:188} INFO - hamza
[2023-12-25T14:11:25.312+0000] {logging_mixin.py:188} INFO - hamza
[2023-12-25T14:11:25.313+0000] {logging_mixin.py:188} INFO - hamza
[2023-12-25T14:11:25.314+0000] {logging_mixin.py:188} INFO - hamza
[2023-12-25T14:11:25.315+0000] {logging_mixin.py:188} INFO - hamza
[2023-12-25T14:11:25.316+0000] {logging_mixin.py:188} INFO - hamza
[2023-12-25T14:11:25.317+0000] {logging_mixin.py:188} INFO - hamza
[2023-12-25T14:11:25.319+0000] {logging_mixin.py:188} INFO - hamza
[2023-12-25T14:11:25.320+0000] {logging_mixin.py:188} INFO - hamza
[2023-12-25T14:11:25.320+0000] {logging_mixin.py:188} INFO - hamza
[2023-12-25T14:11:25.321+0000] {logging_mixin.py:188} INFO - hamza
[2023-12-25T14:11:25.322+0000] {logging_mixin.py:188} INFO - hamza
[2023-12-25T14:11:25.323+0000] {logging_mixin.py:188} INFO - hamza
[2023-12-25T14:11:25.324+0000] {logging_mixin.py:188} INFO - hamza
[2023-12-25T14:11:25.325+0000] {logging_mixin.py:188} INFO - hamza
[2023-12-25T14:11:25.326+0000] {logging_mixin.py:188} INFO - hamza
[2023-12-25T14:11:25.327+0000] {logging_mixin.py:188} INFO - hamza
[2023-12-25T14:11:25.328+0000] {logging_mixin.py:188} INFO - hamza
[2023-12-25T14:11:25.328+0000] {logging_mixin.py:188} INFO - hamza
[2023-12-25T14:11:25.329+0000] {logging_mixin.py:188} INFO - hamza
[2023-12-25T14:11:25.330+0000] {logging_mixin.py:188} INFO - hamza
[2023-12-25T14:11:25.331+0000] {logging_mixin.py:188} INFO - hamza
[2023-12-25T14:11:25.332+0000] {logging_mixin.py:188} INFO - hamza
[2023-12-25T14:11:25.332+0000] {logging_mixin.py:188} INFO - hamza
[2023-12-25T14:11:25.333+0000] {logging_mixin.py:188} INFO - hamza
[2023-12-25T14:11:25.334+0000] {logging_mixin.py:188} INFO - hamza
[2023-12-25T14:11:25.335+0000] {logging_mixin.py:188} INFO - hamza
[2023-12-25T14:11:25.336+0000] {logging_mixin.py:188} INFO - hamza
[2023-12-25T14:11:25.336+0000] {logging_mixin.py:188} INFO - hamza
[2023-12-25T14:11:25.337+0000] {logging_mixin.py:188} INFO - hamza
[2023-12-25T14:11:25.338+0000] {python.py:201} INFO - Done. Returned value was: None
[2023-12-25T14:11:25.342+0000] {taskinstance.py:1138} INFO - Marking task as SUCCESS. dag_id=batch, task_id=print_date, execution_date=20231224T000000, start_date=20231225T141124, end_date=20231225T141125
[2023-12-25T14:11:25.375+0000] {local_task_job_runner.py:234} INFO - Task exited with return code 0
[2023-12-25T14:11:25.383+0000] {taskinstance.py:3281} INFO - 0 downstream tasks scheduled from follow-on schedule check
[2023-12-25T18:26:14.734+0000] {taskinstance.py:1957} INFO - Dependencies all met for dep_context=non-requeueable deps ti=<TaskInstance: batch.print_date scheduled__2023-12-24T00:00:00+00:00 [queued]>
[2023-12-25T18:26:14.739+0000] {taskinstance.py:1957} INFO - Dependencies all met for dep_context=requeueable deps ti=<TaskInstance: batch.print_date scheduled__2023-12-24T00:00:00+00:00 [queued]>
[2023-12-25T18:26:14.739+0000] {taskinstance.py:2171} INFO - Starting attempt 1 of 2
[2023-12-25T18:26:14.751+0000] {taskinstance.py:2192} INFO - Executing <Task(PythonOperator): print_date> on 2023-12-24 00:00:00+00:00
[2023-12-25T18:26:14.754+0000] {standard_task_runner.py:60} INFO - Started process 141 to run task
[2023-12-25T18:26:14.757+0000] {standard_task_runner.py:87} INFO - Running: ['airflow', 'tasks', 'run', 'batch', 'print_date', 'scheduled__2023-12-24T00:00:00+00:00', '--job-id', '4', '--raw', '--subdir', 'DAGS_FOLDER/batchlayer.py', '--cfg-path', '/tmp/tmpuo8mhmii']
[2023-12-25T18:26:14.759+0000] {standard_task_runner.py:88} INFO - Job 4: Subtask print_date
[2023-12-25T18:26:14.791+0000] {task_command.py:423} INFO - Running <TaskInstance: batch.print_date scheduled__2023-12-24T00:00:00+00:00 [running]> on host e9f65bff2772
[2023-12-25T18:26:14.954+0000] {taskinstance.py:2481} INFO - Exporting env vars: AIRFLOW_CTX_DAG_EMAIL='airflow@example.com' AIRFLOW_CTX_DAG_OWNER='airflow' AIRFLOW_CTX_DAG_ID='batch' AIRFLOW_CTX_TASK_ID='print_date' AIRFLOW_CTX_EXECUTION_DATE='2023-12-24T00:00:00+00:00' AIRFLOW_CTX_TRY_NUMBER='1' AIRFLOW_CTX_DAG_RUN_ID='scheduled__2023-12-24T00:00:00+00:00'
[2023-12-25T18:26:14.971+0000] {logging_mixin.py:188} INFO - hamza
[2023-12-25T18:26:15.977+0000] {logging_mixin.py:188} INFO - hamza
[2023-12-25T18:26:15.980+0000] {logging_mixin.py:188} INFO - hamza
[2023-12-25T18:26:15.982+0000] {logging_mixin.py:188} INFO - hamza
[2023-12-25T18:26:15.985+0000] {logging_mixin.py:188} INFO - hamza
[2023-12-25T18:26:15.987+0000] {logging_mixin.py:188} INFO - hamza
[2023-12-25T18:26:15.989+0000] {logging_mixin.py:188} INFO - hamza
[2023-12-25T18:26:15.990+0000] {logging_mixin.py:188} INFO - hamza
[2023-12-25T18:26:15.993+0000] {logging_mixin.py:188} INFO - hamza
[2023-12-25T18:26:15.995+0000] {logging_mixin.py:188} INFO - hamza
[2023-12-25T18:26:15.997+0000] {logging_mixin.py:188} INFO - hamza
[2023-12-25T18:26:16.000+0000] {logging_mixin.py:188} INFO - hamza
[2023-12-25T18:26:16.002+0000] {logging_mixin.py:188} INFO - hamza
[2023-12-25T18:26:16.004+0000] {logging_mixin.py:188} INFO - hamza
[2023-12-25T18:26:16.006+0000] {logging_mixin.py:188} INFO - hamza
[2023-12-25T18:26:16.009+0000] {logging_mixin.py:188} INFO - hamza
[2023-12-25T18:26:16.011+0000] {logging_mixin.py:188} INFO - hamza
[2023-12-25T18:26:16.013+0000] {logging_mixin.py:188} INFO - hamza
[2023-12-25T18:26:16.014+0000] {logging_mixin.py:188} INFO - hamza
[2023-12-25T18:26:16.016+0000] {logging_mixin.py:188} INFO - hamza
[2023-12-25T18:26:16.018+0000] {logging_mixin.py:188} INFO - hamza
[2023-12-25T18:26:16.020+0000] {logging_mixin.py:188} INFO - hamza
[2023-12-25T18:26:16.022+0000] {logging_mixin.py:188} INFO - hamza
[2023-12-25T18:26:16.024+0000] {logging_mixin.py:188} INFO - hamza
[2023-12-25T18:26:16.025+0000] {logging_mixin.py:188} INFO - hamza
[2023-12-25T18:26:16.027+0000] {logging_mixin.py:188} INFO - hamza
[2023-12-25T18:26:16.029+0000] {logging_mixin.py:188} INFO - hamza
[2023-12-25T18:26:16.030+0000] {logging_mixin.py:188} INFO - hamza
[2023-12-25T18:26:16.031+0000] {logging_mixin.py:188} INFO - hamza
[2023-12-25T18:26:16.033+0000] {logging_mixin.py:188} INFO - hamza
[2023-12-25T18:26:16.034+0000] {logging_mixin.py:188} INFO - hamza
[2023-12-25T18:26:16.036+0000] {logging_mixin.py:188} INFO - hamza
[2023-12-25T18:26:16.037+0000] {logging_mixin.py:188} INFO - hamza
[2023-12-25T18:26:16.038+0000] {logging_mixin.py:188} INFO - hamza
[2023-12-25T18:26:16.039+0000] {logging_mixin.py:188} INFO - hamza
[2023-12-25T18:26:16.041+0000] {logging_mixin.py:188} INFO - hamza
[2023-12-25T18:26:16.042+0000] {logging_mixin.py:188} INFO - hamza
[2023-12-25T18:26:16.044+0000] {logging_mixin.py:188} INFO - hamza
[2023-12-25T18:26:16.046+0000] {logging_mixin.py:188} INFO - hamza
[2023-12-25T18:26:16.048+0000] {logging_mixin.py:188} INFO - hamza
[2023-12-25T18:26:16.051+0000] {logging_mixin.py:188} INFO - hamza
[2023-12-25T18:26:16.053+0000] {logging_mixin.py:188} INFO - hamza
[2023-12-25T18:26:16.055+0000] {logging_mixin.py:188} INFO - hamza
[2023-12-25T18:26:16.056+0000] {logging_mixin.py:188} INFO - hamza
[2023-12-25T18:26:16.058+0000] {logging_mixin.py:188} INFO - hamza
[2023-12-25T18:26:16.059+0000] {logging_mixin.py:188} INFO - hamza
[2023-12-25T18:26:16.061+0000] {logging_mixin.py:188} INFO - hamza
[2023-12-25T18:26:16.062+0000] {logging_mixin.py:188} INFO - hamza
[2023-12-25T18:26:16.063+0000] {logging_mixin.py:188} INFO - hamza
[2023-12-25T18:26:16.065+0000] {logging_mixin.py:188} INFO - hamza
[2023-12-25T18:26:16.066+0000] {logging_mixin.py:188} INFO - hamza
[2023-12-25T18:26:16.067+0000] {logging_mixin.py:188} INFO - hamza
[2023-12-25T18:26:16.068+0000] {logging_mixin.py:188} INFO - hamza
[2023-12-25T18:26:16.070+0000] {logging_mixin.py:188} INFO - hamza
[2023-12-25T18:26:16.071+0000] {logging_mixin.py:188} INFO - hamza
[2023-12-25T18:26:16.073+0000] {logging_mixin.py:188} INFO - hamza
[2023-12-25T18:26:16.074+0000] {logging_mixin.py:188} INFO - hamza
[2023-12-25T18:26:16.075+0000] {logging_mixin.py:188} INFO - hamza
[2023-12-25T18:26:16.077+0000] {logging_mixin.py:188} INFO - hamza
[2023-12-25T18:26:16.078+0000] {logging_mixin.py:188} INFO - hamza
[2023-12-25T18:26:16.080+0000] {logging_mixin.py:188} INFO - hamza
[2023-12-25T18:26:16.082+0000] {logging_mixin.py:188} INFO - hamza
[2023-12-25T18:26:16.084+0000] {logging_mixin.py:188} INFO - hamza
[2023-12-25T18:26:16.085+0000] {logging_mixin.py:188} INFO - hamza
[2023-12-25T18:26:16.087+0000] {logging_mixin.py:188} INFO - hamza
[2023-12-25T18:26:16.089+0000] {logging_mixin.py:188} INFO - hamza
[2023-12-25T18:26:16.090+0000] {logging_mixin.py:188} INFO - hamza
[2023-12-25T18:26:16.093+0000] {logging_mixin.py:188} INFO - hamza
[2023-12-25T18:26:16.095+0000] {logging_mixin.py:188} INFO - hamza
[2023-12-25T18:26:16.096+0000] {logging_mixin.py:188} INFO - hamza
[2023-12-25T18:26:16.098+0000] {logging_mixin.py:188} INFO - hamza
[2023-12-25T18:26:16.099+0000] {logging_mixin.py:188} INFO - hamza
[2023-12-25T18:26:16.100+0000] {logging_mixin.py:188} INFO - hamza
[2023-12-25T18:26:16.102+0000] {logging_mixin.py:188} INFO - hamza
[2023-12-25T18:26:16.103+0000] {logging_mixin.py:188} INFO - hamza
[2023-12-25T18:26:16.104+0000] {logging_mixin.py:188} INFO - hamza
[2023-12-25T18:26:16.106+0000] {logging_mixin.py:188} INFO - hamza
[2023-12-25T18:26:16.107+0000] {logging_mixin.py:188} INFO - hamza
[2023-12-25T18:26:16.108+0000] {logging_mixin.py:188} INFO - hamza
[2023-12-25T18:26:16.109+0000] {logging_mixin.py:188} INFO - hamza
[2023-12-25T18:26:16.111+0000] {logging_mixin.py:188} INFO - hamza
[2023-12-25T18:26:16.112+0000] {logging_mixin.py:188} INFO - hamza
[2023-12-25T18:26:16.114+0000] {logging_mixin.py:188} INFO - hamza
[2023-12-25T18:26:16.115+0000] {logging_mixin.py:188} INFO - hamza
[2023-12-25T18:26:16.116+0000] {logging_mixin.py:188} INFO - hamza
[2023-12-25T18:26:16.117+0000] {logging_mixin.py:188} INFO - hamza
[2023-12-25T18:26:16.119+0000] {logging_mixin.py:188} INFO - hamza
[2023-12-25T18:26:16.120+0000] {logging_mixin.py:188} INFO - hamza
[2023-12-25T18:26:16.121+0000] {logging_mixin.py:188} INFO - hamza
[2023-12-25T18:26:16.122+0000] {logging_mixin.py:188} INFO - hamza
[2023-12-25T18:26:16.123+0000] {logging_mixin.py:188} INFO - hamza
[2023-12-25T18:26:16.125+0000] {logging_mixin.py:188} INFO - hamza
[2023-12-25T18:26:16.126+0000] {logging_mixin.py:188} INFO - hamza
[2023-12-25T18:26:16.127+0000] {logging_mixin.py:188} INFO - hamza
[2023-12-25T18:26:16.128+0000] {logging_mixin.py:188} INFO - hamza
[2023-12-25T18:26:16.129+0000] {logging_mixin.py:188} INFO - hamza
[2023-12-25T18:26:16.130+0000] {logging_mixin.py:188} INFO - hamza
[2023-12-25T18:26:16.132+0000] {logging_mixin.py:188} INFO - hamza
[2023-12-25T18:26:16.133+0000] {logging_mixin.py:188} INFO - hamza
[2023-12-25T18:26:16.134+0000] {python.py:201} INFO - Done. Returned value was: None
[2023-12-25T18:26:16.139+0000] {taskinstance.py:1138} INFO - Marking task as SUCCESS. dag_id=batch, task_id=print_date, execution_date=20231224T000000, start_date=20231225T182614, end_date=20231225T182616
[2023-12-25T18:26:16.174+0000] {local_task_job_runner.py:234} INFO - Task exited with return code 0
[2023-12-25T18:26:16.184+0000] {taskinstance.py:3281} INFO - 0 downstream tasks scheduled from follow-on schedule check
[2023-12-25T20:02:19.355+0000] {taskinstance.py:1957} INFO - Dependencies all met for dep_context=non-requeueable deps ti=<TaskInstance: batch.print_date scheduled__2023-12-24T00:00:00+00:00 [queued]>
[2023-12-25T20:02:19.360+0000] {taskinstance.py:1957} INFO - Dependencies all met for dep_context=requeueable deps ti=<TaskInstance: batch.print_date scheduled__2023-12-24T00:00:00+00:00 [queued]>
[2023-12-25T20:02:19.361+0000] {taskinstance.py:2171} INFO - Starting attempt 1 of 2
[2023-12-25T20:02:19.375+0000] {taskinstance.py:2192} INFO - Executing <Task(PythonOperator): print_date> on 2023-12-24 00:00:00+00:00
[2023-12-25T20:02:19.379+0000] {standard_task_runner.py:60} INFO - Started process 136 to run task
[2023-12-25T20:02:19.381+0000] {standard_task_runner.py:87} INFO - Running: ['airflow', 'tasks', 'run', 'batch', 'print_date', 'scheduled__2023-12-24T00:00:00+00:00', '--job-id', '4', '--raw', '--subdir', 'DAGS_FOLDER/batchlayer.py', '--cfg-path', '/tmp/tmpb1ryorub']
[2023-12-25T20:02:19.383+0000] {standard_task_runner.py:88} INFO - Job 4: Subtask print_date
[2023-12-25T20:02:19.416+0000] {task_command.py:423} INFO - Running <TaskInstance: batch.print_date scheduled__2023-12-24T00:00:00+00:00 [running]> on host 9a3f62d5a7ea
[2023-12-25T20:02:19.580+0000] {taskinstance.py:2481} INFO - Exporting env vars: AIRFLOW_CTX_DAG_EMAIL='airflow@example.com' AIRFLOW_CTX_DAG_OWNER='airflow' AIRFLOW_CTX_DAG_ID='batch' AIRFLOW_CTX_TASK_ID='print_date' AIRFLOW_CTX_EXECUTION_DATE='2023-12-24T00:00:00+00:00' AIRFLOW_CTX_TRY_NUMBER='1' AIRFLOW_CTX_DAG_RUN_ID='scheduled__2023-12-24T00:00:00+00:00'
[2023-12-25T20:02:19.592+0000] {logging_mixin.py:188} INFO - hamza
[2023-12-25T20:02:20.596+0000] {logging_mixin.py:188} INFO - hamza
[2023-12-25T20:02:20.598+0000] {logging_mixin.py:188} INFO - hamza
[2023-12-25T20:02:20.600+0000] {logging_mixin.py:188} INFO - hamza
[2023-12-25T20:02:20.602+0000] {logging_mixin.py:188} INFO - hamza
[2023-12-25T20:02:20.606+0000] {logging_mixin.py:188} INFO - hamza
[2023-12-25T20:02:20.608+0000] {logging_mixin.py:188} INFO - hamza
[2023-12-25T20:02:20.609+0000] {logging_mixin.py:188} INFO - hamza
[2023-12-25T20:02:20.611+0000] {logging_mixin.py:188} INFO - hamza
[2023-12-25T20:02:20.612+0000] {logging_mixin.py:188} INFO - hamza
[2023-12-25T20:02:20.613+0000] {logging_mixin.py:188} INFO - hamza
[2023-12-25T20:02:20.615+0000] {logging_mixin.py:188} INFO - hamza
[2023-12-25T20:02:20.616+0000] {logging_mixin.py:188} INFO - hamza
[2023-12-25T20:02:20.617+0000] {logging_mixin.py:188} INFO - hamza
[2023-12-25T20:02:20.619+0000] {logging_mixin.py:188} INFO - hamza
[2023-12-25T20:02:20.620+0000] {logging_mixin.py:188} INFO - hamza
[2023-12-25T20:02:20.621+0000] {logging_mixin.py:188} INFO - hamza
[2023-12-25T20:02:20.623+0000] {logging_mixin.py:188} INFO - hamza
[2023-12-25T20:02:20.625+0000] {logging_mixin.py:188} INFO - hamza
[2023-12-25T20:02:20.627+0000] {logging_mixin.py:188} INFO - hamza
[2023-12-25T20:02:20.628+0000] {logging_mixin.py:188} INFO - hamza
[2023-12-25T20:02:20.630+0000] {logging_mixin.py:188} INFO - hamza
[2023-12-25T20:02:20.632+0000] {logging_mixin.py:188} INFO - hamza
[2023-12-25T20:02:20.633+0000] {logging_mixin.py:188} INFO - hamza
[2023-12-25T20:02:20.634+0000] {logging_mixin.py:188} INFO - hamza
[2023-12-25T20:02:20.636+0000] {logging_mixin.py:188} INFO - hamza
[2023-12-25T20:02:20.637+0000] {logging_mixin.py:188} INFO - hamza
[2023-12-25T20:02:20.639+0000] {logging_mixin.py:188} INFO - hamza
[2023-12-25T20:02:20.641+0000] {logging_mixin.py:188} INFO - hamza
[2023-12-25T20:02:20.643+0000] {logging_mixin.py:188} INFO - hamza
[2023-12-25T20:02:20.644+0000] {logging_mixin.py:188} INFO - hamza
[2023-12-25T20:02:20.646+0000] {logging_mixin.py:188} INFO - hamza
[2023-12-25T20:02:20.648+0000] {logging_mixin.py:188} INFO - hamza
[2023-12-25T20:02:20.650+0000] {logging_mixin.py:188} INFO - hamza
[2023-12-25T20:02:20.652+0000] {logging_mixin.py:188} INFO - hamza
[2023-12-25T20:02:20.653+0000] {logging_mixin.py:188} INFO - hamza
[2023-12-25T20:02:20.655+0000] {logging_mixin.py:188} INFO - hamza
[2023-12-25T20:02:20.657+0000] {logging_mixin.py:188} INFO - hamza
[2023-12-25T20:02:20.658+0000] {logging_mixin.py:188} INFO - hamza
[2023-12-25T20:02:20.660+0000] {logging_mixin.py:188} INFO - hamza
[2023-12-25T20:02:20.662+0000] {logging_mixin.py:188} INFO - hamza
[2023-12-25T20:02:20.663+0000] {logging_mixin.py:188} INFO - hamza
[2023-12-25T20:02:20.665+0000] {logging_mixin.py:188} INFO - hamza
[2023-12-25T20:02:20.667+0000] {logging_mixin.py:188} INFO - hamza
[2023-12-25T20:02:20.668+0000] {logging_mixin.py:188} INFO - hamza
[2023-12-25T20:02:20.670+0000] {logging_mixin.py:188} INFO - hamza
[2023-12-25T20:02:20.671+0000] {logging_mixin.py:188} INFO - hamza
[2023-12-25T20:02:20.673+0000] {logging_mixin.py:188} INFO - hamza
[2023-12-25T20:02:20.675+0000] {logging_mixin.py:188} INFO - hamza
[2023-12-25T20:02:20.677+0000] {logging_mixin.py:188} INFO - hamza
[2023-12-25T20:02:20.678+0000] {logging_mixin.py:188} INFO - hamza
[2023-12-25T20:02:20.680+0000] {logging_mixin.py:188} INFO - hamza
[2023-12-25T20:02:20.682+0000] {logging_mixin.py:188} INFO - hamza
[2023-12-25T20:02:20.683+0000] {logging_mixin.py:188} INFO - hamza
[2023-12-25T20:02:20.685+0000] {logging_mixin.py:188} INFO - hamza
[2023-12-25T20:02:20.687+0000] {logging_mixin.py:188} INFO - hamza
[2023-12-25T20:02:20.688+0000] {logging_mixin.py:188} INFO - hamza
[2023-12-25T20:02:20.690+0000] {logging_mixin.py:188} INFO - hamza
[2023-12-25T20:02:20.691+0000] {logging_mixin.py:188} INFO - hamza
[2023-12-25T20:02:20.692+0000] {logging_mixin.py:188} INFO - hamza
[2023-12-25T20:02:20.694+0000] {logging_mixin.py:188} INFO - hamza
[2023-12-25T20:02:20.696+0000] {logging_mixin.py:188} INFO - hamza
[2023-12-25T20:02:20.697+0000] {logging_mixin.py:188} INFO - hamza
[2023-12-25T20:02:20.698+0000] {logging_mixin.py:188} INFO - hamza
[2023-12-25T20:02:20.700+0000] {logging_mixin.py:188} INFO - hamza
[2023-12-25T20:02:20.701+0000] {logging_mixin.py:188} INFO - hamza
[2023-12-25T20:02:20.703+0000] {logging_mixin.py:188} INFO - hamza
[2023-12-25T20:02:20.704+0000] {logging_mixin.py:188} INFO - hamza
[2023-12-25T20:02:20.705+0000] {logging_mixin.py:188} INFO - hamza
[2023-12-25T20:02:20.706+0000] {logging_mixin.py:188} INFO - hamza
[2023-12-25T20:02:20.707+0000] {logging_mixin.py:188} INFO - hamza
[2023-12-25T20:02:20.709+0000] {logging_mixin.py:188} INFO - hamza
[2023-12-25T20:02:20.710+0000] {logging_mixin.py:188} INFO - hamza
[2023-12-25T20:02:20.712+0000] {logging_mixin.py:188} INFO - hamza
[2023-12-25T20:02:20.713+0000] {logging_mixin.py:188} INFO - hamza
[2023-12-25T20:02:20.715+0000] {logging_mixin.py:188} INFO - hamza
[2023-12-25T20:02:20.716+0000] {logging_mixin.py:188} INFO - hamza
[2023-12-25T20:02:20.718+0000] {logging_mixin.py:188} INFO - hamza
[2023-12-25T20:02:20.719+0000] {logging_mixin.py:188} INFO - hamza
[2023-12-25T20:02:20.721+0000] {logging_mixin.py:188} INFO - hamza
[2023-12-25T20:02:20.722+0000] {logging_mixin.py:188} INFO - hamza
[2023-12-25T20:02:20.723+0000] {logging_mixin.py:188} INFO - hamza
[2023-12-25T20:02:20.725+0000] {logging_mixin.py:188} INFO - hamza
[2023-12-25T20:02:20.726+0000] {logging_mixin.py:188} INFO - hamza
[2023-12-25T20:02:20.727+0000] {logging_mixin.py:188} INFO - hamza
[2023-12-25T20:02:20.729+0000] {logging_mixin.py:188} INFO - hamza
[2023-12-25T20:02:20.730+0000] {logging_mixin.py:188} INFO - hamza
[2023-12-25T20:02:20.732+0000] {logging_mixin.py:188} INFO - hamza
[2023-12-25T20:02:20.733+0000] {logging_mixin.py:188} INFO - hamza
[2023-12-25T20:02:20.735+0000] {logging_mixin.py:188} INFO - hamza
[2023-12-25T20:02:20.736+0000] {logging_mixin.py:188} INFO - hamza
[2023-12-25T20:02:20.738+0000] {logging_mixin.py:188} INFO - hamza
[2023-12-25T20:02:20.739+0000] {logging_mixin.py:188} INFO - hamza
[2023-12-25T20:02:20.741+0000] {logging_mixin.py:188} INFO - hamza
[2023-12-25T20:02:20.742+0000] {logging_mixin.py:188} INFO - hamza
[2023-12-25T20:02:20.744+0000] {logging_mixin.py:188} INFO - hamza
[2023-12-25T20:02:20.745+0000] {logging_mixin.py:188} INFO - hamza
[2023-12-25T20:02:20.746+0000] {logging_mixin.py:188} INFO - hamza
[2023-12-25T20:02:20.748+0000] {logging_mixin.py:188} INFO - hamza
[2023-12-25T20:02:20.750+0000] {python.py:201} INFO - Done. Returned value was: None
[2023-12-25T20:02:20.755+0000] {taskinstance.py:1138} INFO - Marking task as SUCCESS. dag_id=batch, task_id=print_date, execution_date=20231224T000000, start_date=20231225T200219, end_date=20231225T200220
[2023-12-25T20:02:20.799+0000] {local_task_job_runner.py:234} INFO - Task exited with return code 0
[2023-12-25T20:02:20.810+0000] {taskinstance.py:3281} INFO - 0 downstream tasks scheduled from follow-on schedule check
[2023-12-25T20:20:58.626+0000] {taskinstance.py:1957} INFO - Dependencies all met for dep_context=non-requeueable deps ti=<TaskInstance: batch.print_date scheduled__2023-12-24T00:00:00+00:00 [queued]>
[2023-12-25T20:20:58.632+0000] {taskinstance.py:1957} INFO - Dependencies all met for dep_context=requeueable deps ti=<TaskInstance: batch.print_date scheduled__2023-12-24T00:00:00+00:00 [queued]>
[2023-12-25T20:20:58.632+0000] {taskinstance.py:2171} INFO - Starting attempt 1 of 2
[2023-12-25T20:20:58.647+0000] {taskinstance.py:2192} INFO - Executing <Task(PythonOperator): print_date> on 2023-12-24 00:00:00+00:00
[2023-12-25T20:20:58.652+0000] {standard_task_runner.py:60} INFO - Started process 136 to run task
[2023-12-25T20:20:58.654+0000] {standard_task_runner.py:87} INFO - Running: ['airflow', 'tasks', 'run', 'batch', 'print_date', 'scheduled__2023-12-24T00:00:00+00:00', '--job-id', '4', '--raw', '--subdir', 'DAGS_FOLDER/batchlayer.py', '--cfg-path', '/tmp/tmpx1s67hjx']
[2023-12-25T20:20:58.656+0000] {standard_task_runner.py:88} INFO - Job 4: Subtask print_date
[2023-12-25T20:20:59.075+0000] {task_command.py:423} INFO - Running <TaskInstance: batch.print_date scheduled__2023-12-24T00:00:00+00:00 [running]> on host ccce5d2e349d
[2023-12-25T20:20:59.278+0000] {taskinstance.py:2481} INFO - Exporting env vars: AIRFLOW_CTX_DAG_EMAIL='airflow@example.com' AIRFLOW_CTX_DAG_OWNER='airflow' AIRFLOW_CTX_DAG_ID='batch' AIRFLOW_CTX_TASK_ID='print_date' AIRFLOW_CTX_EXECUTION_DATE='2023-12-24T00:00:00+00:00' AIRFLOW_CTX_TRY_NUMBER='1' AIRFLOW_CTX_DAG_RUN_ID='scheduled__2023-12-24T00:00:00+00:00'
[2023-12-25T20:20:59.296+0000] {logging_mixin.py:188} INFO - hamza
[2023-12-25T20:21:00.301+0000] {logging_mixin.py:188} INFO - hamza
[2023-12-25T20:21:00.303+0000] {logging_mixin.py:188} INFO - hamza
[2023-12-25T20:21:00.304+0000] {logging_mixin.py:188} INFO - hamza
[2023-12-25T20:21:00.305+0000] {logging_mixin.py:188} INFO - hamza
[2023-12-25T20:21:00.306+0000] {logging_mixin.py:188} INFO - hamza
[2023-12-25T20:21:00.308+0000] {logging_mixin.py:188} INFO - hamza
[2023-12-25T20:21:00.310+0000] {logging_mixin.py:188} INFO - hamza
[2023-12-25T20:21:00.311+0000] {logging_mixin.py:188} INFO - hamza
[2023-12-25T20:21:00.312+0000] {logging_mixin.py:188} INFO - hamza
[2023-12-25T20:21:00.313+0000] {logging_mixin.py:188} INFO - hamza
[2023-12-25T20:21:00.314+0000] {logging_mixin.py:188} INFO - hamza
[2023-12-25T20:21:00.315+0000] {logging_mixin.py:188} INFO - hamza
[2023-12-25T20:21:00.316+0000] {logging_mixin.py:188} INFO - hamza
[2023-12-25T20:21:00.317+0000] {logging_mixin.py:188} INFO - hamza
[2023-12-25T20:21:00.318+0000] {logging_mixin.py:188} INFO - hamza
[2023-12-25T20:21:00.319+0000] {logging_mixin.py:188} INFO - hamza
[2023-12-25T20:21:00.320+0000] {logging_mixin.py:188} INFO - hamza
[2023-12-25T20:21:00.321+0000] {logging_mixin.py:188} INFO - hamza
[2023-12-25T20:21:00.322+0000] {logging_mixin.py:188} INFO - hamza
[2023-12-25T20:21:00.324+0000] {logging_mixin.py:188} INFO - hamza
[2023-12-25T20:21:00.325+0000] {logging_mixin.py:188} INFO - hamza
[2023-12-25T20:21:00.326+0000] {logging_mixin.py:188} INFO - hamza
[2023-12-25T20:21:00.327+0000] {logging_mixin.py:188} INFO - hamza
[2023-12-25T20:21:00.328+0000] {logging_mixin.py:188} INFO - hamza
[2023-12-25T20:21:00.329+0000] {logging_mixin.py:188} INFO - hamza
[2023-12-25T20:21:00.330+0000] {logging_mixin.py:188} INFO - hamza
[2023-12-25T20:21:00.331+0000] {logging_mixin.py:188} INFO - hamza
[2023-12-25T20:21:00.333+0000] {logging_mixin.py:188} INFO - hamza
[2023-12-25T20:21:00.334+0000] {logging_mixin.py:188} INFO - hamza
[2023-12-25T20:21:00.335+0000] {logging_mixin.py:188} INFO - hamza
[2023-12-25T20:21:00.336+0000] {logging_mixin.py:188} INFO - hamza
[2023-12-25T20:21:00.337+0000] {logging_mixin.py:188} INFO - hamza
[2023-12-25T20:21:00.338+0000] {logging_mixin.py:188} INFO - hamza
[2023-12-25T20:21:00.339+0000] {logging_mixin.py:188} INFO - hamza
[2023-12-25T20:21:00.341+0000] {logging_mixin.py:188} INFO - hamza
[2023-12-25T20:21:00.342+0000] {logging_mixin.py:188} INFO - hamza
[2023-12-25T20:21:00.343+0000] {logging_mixin.py:188} INFO - hamza
[2023-12-25T20:21:00.344+0000] {logging_mixin.py:188} INFO - hamza
[2023-12-25T20:21:00.345+0000] {logging_mixin.py:188} INFO - hamza
[2023-12-25T20:21:00.347+0000] {logging_mixin.py:188} INFO - hamza
[2023-12-25T20:21:00.348+0000] {logging_mixin.py:188} INFO - hamza
[2023-12-25T20:21:00.349+0000] {logging_mixin.py:188} INFO - hamza
[2023-12-25T20:21:00.350+0000] {logging_mixin.py:188} INFO - hamza
[2023-12-25T20:21:00.351+0000] {logging_mixin.py:188} INFO - hamza
[2023-12-25T20:21:00.352+0000] {logging_mixin.py:188} INFO - hamza
[2023-12-25T20:21:00.354+0000] {logging_mixin.py:188} INFO - hamza
[2023-12-25T20:21:00.355+0000] {logging_mixin.py:188} INFO - hamza
[2023-12-25T20:21:00.356+0000] {logging_mixin.py:188} INFO - hamza
[2023-12-25T20:21:00.357+0000] {logging_mixin.py:188} INFO - hamza
[2023-12-25T20:21:00.358+0000] {logging_mixin.py:188} INFO - hamza
[2023-12-25T20:21:00.359+0000] {logging_mixin.py:188} INFO - hamza
[2023-12-25T20:21:00.360+0000] {logging_mixin.py:188} INFO - hamza
[2023-12-25T20:21:00.361+0000] {logging_mixin.py:188} INFO - hamza
[2023-12-25T20:21:00.362+0000] {logging_mixin.py:188} INFO - hamza
[2023-12-25T20:21:00.364+0000] {logging_mixin.py:188} INFO - hamza
[2023-12-25T20:21:00.365+0000] {logging_mixin.py:188} INFO - hamza
[2023-12-25T20:21:00.366+0000] {logging_mixin.py:188} INFO - hamza
[2023-12-25T20:21:00.367+0000] {logging_mixin.py:188} INFO - hamza
[2023-12-25T20:21:00.368+0000] {logging_mixin.py:188} INFO - hamza
[2023-12-25T20:21:00.369+0000] {logging_mixin.py:188} INFO - hamza
[2023-12-25T20:21:00.370+0000] {logging_mixin.py:188} INFO - hamza
[2023-12-25T20:21:00.371+0000] {logging_mixin.py:188} INFO - hamza
[2023-12-25T20:21:00.373+0000] {logging_mixin.py:188} INFO - hamza
[2023-12-25T20:21:00.374+0000] {logging_mixin.py:188} INFO - hamza
[2023-12-25T20:21:00.375+0000] {logging_mixin.py:188} INFO - hamza
[2023-12-25T20:21:00.376+0000] {logging_mixin.py:188} INFO - hamza
[2023-12-25T20:21:00.377+0000] {logging_mixin.py:188} INFO - hamza
[2023-12-25T20:21:00.378+0000] {logging_mixin.py:188} INFO - hamza
[2023-12-25T20:21:00.379+0000] {logging_mixin.py:188} INFO - hamza
[2023-12-25T20:21:00.380+0000] {logging_mixin.py:188} INFO - hamza
[2023-12-25T20:21:00.381+0000] {logging_mixin.py:188} INFO - hamza
[2023-12-25T20:21:00.382+0000] {logging_mixin.py:188} INFO - hamza
[2023-12-25T20:21:00.383+0000] {logging_mixin.py:188} INFO - hamza
[2023-12-25T20:21:00.384+0000] {logging_mixin.py:188} INFO - hamza
[2023-12-25T20:21:00.386+0000] {logging_mixin.py:188} INFO - hamza
[2023-12-25T20:21:00.387+0000] {logging_mixin.py:188} INFO - hamza
[2023-12-25T20:21:00.388+0000] {logging_mixin.py:188} INFO - hamza
[2023-12-25T20:21:00.389+0000] {logging_mixin.py:188} INFO - hamza
[2023-12-25T20:21:00.390+0000] {logging_mixin.py:188} INFO - hamza
[2023-12-25T20:21:00.391+0000] {logging_mixin.py:188} INFO - hamza
[2023-12-25T20:21:00.392+0000] {logging_mixin.py:188} INFO - hamza
[2023-12-25T20:21:00.393+0000] {logging_mixin.py:188} INFO - hamza
[2023-12-25T20:21:00.394+0000] {logging_mixin.py:188} INFO - hamza
[2023-12-25T20:21:00.395+0000] {logging_mixin.py:188} INFO - hamza
[2023-12-25T20:21:00.396+0000] {logging_mixin.py:188} INFO - hamza
[2023-12-25T20:21:00.398+0000] {logging_mixin.py:188} INFO - hamza
[2023-12-25T20:21:00.399+0000] {logging_mixin.py:188} INFO - hamza
[2023-12-25T20:21:00.400+0000] {logging_mixin.py:188} INFO - hamza
[2023-12-25T20:21:00.401+0000] {logging_mixin.py:188} INFO - hamza
[2023-12-25T20:21:00.402+0000] {logging_mixin.py:188} INFO - hamza
[2023-12-25T20:21:00.403+0000] {logging_mixin.py:188} INFO - hamza
[2023-12-25T20:21:00.404+0000] {logging_mixin.py:188} INFO - hamza
[2023-12-25T20:21:00.405+0000] {logging_mixin.py:188} INFO - hamza
[2023-12-25T20:21:00.406+0000] {logging_mixin.py:188} INFO - hamza
[2023-12-25T20:21:00.407+0000] {logging_mixin.py:188} INFO - hamza
[2023-12-25T20:21:00.408+0000] {logging_mixin.py:188} INFO - hamza
[2023-12-25T20:21:00.409+0000] {logging_mixin.py:188} INFO - hamza
[2023-12-25T20:21:00.410+0000] {logging_mixin.py:188} INFO - hamza
[2023-12-25T20:21:00.412+0000] {python.py:201} INFO - Done. Returned value was: None
[2023-12-25T20:21:00.417+0000] {taskinstance.py:1138} INFO - Marking task as SUCCESS. dag_id=batch, task_id=print_date, execution_date=20231224T000000, start_date=20231225T202058, end_date=20231225T202100
[2023-12-25T20:21:00.473+0000] {local_task_job_runner.py:234} INFO - Task exited with return code 0
[2023-12-25T20:21:00.483+0000] {taskinstance.py:3281} INFO - 0 downstream tasks scheduled from follow-on schedule check
[2023-12-25T20:39:58.617+0000] {taskinstance.py:1957} INFO - Dependencies all met for dep_context=non-requeueable deps ti=<TaskInstance: batch.print_date scheduled__2023-12-24T00:00:00+00:00 [queued]>
[2023-12-25T20:39:58.627+0000] {taskinstance.py:1957} INFO - Dependencies all met for dep_context=requeueable deps ti=<TaskInstance: batch.print_date scheduled__2023-12-24T00:00:00+00:00 [queued]>
[2023-12-25T20:39:58.628+0000] {taskinstance.py:2171} INFO - Starting attempt 1 of 2
[2023-12-25T20:39:58.648+0000] {taskinstance.py:2192} INFO - Executing <Task(PythonOperator): print_date> on 2023-12-24 00:00:00+00:00
[2023-12-25T20:39:58.653+0000] {standard_task_runner.py:60} INFO - Started process 136 to run task
[2023-12-25T20:39:58.657+0000] {standard_task_runner.py:87} INFO - Running: ['airflow', 'tasks', 'run', 'batch', 'print_date', 'scheduled__2023-12-24T00:00:00+00:00', '--job-id', '4', '--raw', '--subdir', 'DAGS_FOLDER/batchlayer.py', '--cfg-path', '/tmp/tmp0pgotmoa']
[2023-12-25T20:39:58.662+0000] {standard_task_runner.py:88} INFO - Job 4: Subtask print_date
[2023-12-25T20:39:58.732+0000] {task_command.py:423} INFO - Running <TaskInstance: batch.print_date scheduled__2023-12-24T00:00:00+00:00 [running]> on host 95df9ca91b9b
[2023-12-25T20:39:59.044+0000] {taskinstance.py:2481} INFO - Exporting env vars: AIRFLOW_CTX_DAG_EMAIL='airflow@example.com' AIRFLOW_CTX_DAG_OWNER='airflow' AIRFLOW_CTX_DAG_ID='batch' AIRFLOW_CTX_TASK_ID='print_date' AIRFLOW_CTX_EXECUTION_DATE='2023-12-24T00:00:00+00:00' AIRFLOW_CTX_TRY_NUMBER='1' AIRFLOW_CTX_DAG_RUN_ID='scheduled__2023-12-24T00:00:00+00:00'
[2023-12-25T20:39:59.061+0000] {logging_mixin.py:188} INFO - hamza
[2023-12-25T20:40:00.070+0000] {logging_mixin.py:188} INFO - hamza
[2023-12-25T20:40:00.072+0000] {logging_mixin.py:188} INFO - hamza
[2023-12-25T20:40:00.075+0000] {logging_mixin.py:188} INFO - hamza
[2023-12-25T20:40:00.079+0000] {logging_mixin.py:188} INFO - hamza
[2023-12-25T20:40:00.081+0000] {logging_mixin.py:188} INFO - hamza
[2023-12-25T20:40:00.083+0000] {logging_mixin.py:188} INFO - hamza
[2023-12-25T20:40:00.086+0000] {logging_mixin.py:188} INFO - hamza
[2023-12-25T20:40:00.089+0000] {logging_mixin.py:188} INFO - hamza
[2023-12-25T20:40:00.092+0000] {logging_mixin.py:188} INFO - hamza
[2023-12-25T20:40:00.094+0000] {logging_mixin.py:188} INFO - hamza
[2023-12-25T20:40:00.096+0000] {logging_mixin.py:188} INFO - hamza
[2023-12-25T20:40:00.099+0000] {logging_mixin.py:188} INFO - hamza
[2023-12-25T20:40:00.102+0000] {logging_mixin.py:188} INFO - hamza
[2023-12-25T20:40:00.104+0000] {logging_mixin.py:188} INFO - hamza
[2023-12-25T20:40:00.106+0000] {logging_mixin.py:188} INFO - hamza
[2023-12-25T20:40:00.108+0000] {logging_mixin.py:188} INFO - hamza
[2023-12-25T20:40:00.110+0000] {logging_mixin.py:188} INFO - hamza
[2023-12-25T20:40:00.112+0000] {logging_mixin.py:188} INFO - hamza
[2023-12-25T20:40:00.114+0000] {logging_mixin.py:188} INFO - hamza
[2023-12-25T20:40:00.116+0000] {logging_mixin.py:188} INFO - hamza
[2023-12-25T20:40:00.118+0000] {logging_mixin.py:188} INFO - hamza
[2023-12-25T20:40:00.120+0000] {logging_mixin.py:188} INFO - hamza
[2023-12-25T20:40:00.122+0000] {logging_mixin.py:188} INFO - hamza
[2023-12-25T20:40:00.124+0000] {logging_mixin.py:188} INFO - hamza
[2023-12-25T20:40:00.126+0000] {logging_mixin.py:188} INFO - hamza
[2023-12-25T20:40:00.128+0000] {logging_mixin.py:188} INFO - hamza
[2023-12-25T20:40:00.130+0000] {logging_mixin.py:188} INFO - hamza
[2023-12-25T20:40:00.134+0000] {logging_mixin.py:188} INFO - hamza
[2023-12-25T20:40:00.136+0000] {logging_mixin.py:188} INFO - hamza
[2023-12-25T20:40:00.138+0000] {logging_mixin.py:188} INFO - hamza
[2023-12-25T20:40:00.141+0000] {logging_mixin.py:188} INFO - hamza
[2023-12-25T20:40:00.143+0000] {logging_mixin.py:188} INFO - hamza
[2023-12-25T20:40:00.145+0000] {logging_mixin.py:188} INFO - hamza
[2023-12-25T20:40:00.147+0000] {logging_mixin.py:188} INFO - hamza
[2023-12-25T20:40:00.150+0000] {logging_mixin.py:188} INFO - hamza
[2023-12-25T20:40:00.153+0000] {logging_mixin.py:188} INFO - hamza
[2023-12-25T20:40:00.156+0000] {logging_mixin.py:188} INFO - hamza
[2023-12-25T20:40:00.158+0000] {logging_mixin.py:188} INFO - hamza
[2023-12-25T20:40:00.160+0000] {logging_mixin.py:188} INFO - hamza
[2023-12-25T20:40:00.162+0000] {logging_mixin.py:188} INFO - hamza
[2023-12-25T20:40:00.164+0000] {logging_mixin.py:188} INFO - hamza
[2023-12-25T20:40:00.166+0000] {logging_mixin.py:188} INFO - hamza
[2023-12-25T20:40:00.169+0000] {logging_mixin.py:188} INFO - hamza
[2023-12-25T20:40:00.172+0000] {logging_mixin.py:188} INFO - hamza
[2023-12-25T20:40:00.175+0000] {logging_mixin.py:188} INFO - hamza
[2023-12-25T20:40:00.176+0000] {logging_mixin.py:188} INFO - hamza
[2023-12-25T20:40:00.179+0000] {logging_mixin.py:188} INFO - hamza
[2023-12-25T20:40:00.182+0000] {logging_mixin.py:188} INFO - hamza
[2023-12-25T20:40:00.185+0000] {logging_mixin.py:188} INFO - hamza
[2023-12-25T20:40:00.187+0000] {logging_mixin.py:188} INFO - hamza
[2023-12-25T20:40:00.189+0000] {logging_mixin.py:188} INFO - hamza
[2023-12-25T20:40:00.192+0000] {logging_mixin.py:188} INFO - hamza
[2023-12-25T20:40:00.194+0000] {logging_mixin.py:188} INFO - hamza
[2023-12-25T20:40:00.196+0000] {logging_mixin.py:188} INFO - hamza
[2023-12-25T20:40:00.200+0000] {logging_mixin.py:188} INFO - hamza
[2023-12-25T20:40:00.202+0000] {logging_mixin.py:188} INFO - hamza
[2023-12-25T20:40:00.204+0000] {logging_mixin.py:188} INFO - hamza
[2023-12-25T20:40:00.206+0000] {logging_mixin.py:188} INFO - hamza
[2023-12-25T20:40:00.208+0000] {logging_mixin.py:188} INFO - hamza
[2023-12-25T20:40:00.211+0000] {logging_mixin.py:188} INFO - hamza
[2023-12-25T20:40:00.214+0000] {logging_mixin.py:188} INFO - hamza
[2023-12-25T20:40:00.216+0000] {logging_mixin.py:188} INFO - hamza
[2023-12-25T20:40:00.219+0000] {logging_mixin.py:188} INFO - hamza
[2023-12-25T20:40:00.222+0000] {logging_mixin.py:188} INFO - hamza
[2023-12-25T20:40:00.225+0000] {logging_mixin.py:188} INFO - hamza
[2023-12-25T20:40:00.227+0000] {logging_mixin.py:188} INFO - hamza
[2023-12-25T20:40:00.229+0000] {logging_mixin.py:188} INFO - hamza
[2023-12-25T20:40:00.231+0000] {logging_mixin.py:188} INFO - hamza
[2023-12-25T20:40:00.233+0000] {logging_mixin.py:188} INFO - hamza
[2023-12-25T20:40:00.235+0000] {logging_mixin.py:188} INFO - hamza
[2023-12-25T20:40:00.237+0000] {logging_mixin.py:188} INFO - hamza
[2023-12-25T20:40:00.239+0000] {logging_mixin.py:188} INFO - hamza
[2023-12-25T20:40:00.241+0000] {logging_mixin.py:188} INFO - hamza
[2023-12-25T20:40:00.244+0000] {logging_mixin.py:188} INFO - hamza
[2023-12-25T20:40:00.246+0000] {logging_mixin.py:188} INFO - hamza
[2023-12-25T20:40:00.248+0000] {logging_mixin.py:188} INFO - hamza
[2023-12-25T20:40:00.250+0000] {logging_mixin.py:188} INFO - hamza
[2023-12-25T20:40:00.252+0000] {logging_mixin.py:188} INFO - hamza
[2023-12-25T20:40:00.254+0000] {logging_mixin.py:188} INFO - hamza
[2023-12-25T20:40:00.257+0000] {logging_mixin.py:188} INFO - hamza
[2023-12-25T20:40:00.259+0000] {logging_mixin.py:188} INFO - hamza
[2023-12-25T20:40:00.261+0000] {logging_mixin.py:188} INFO - hamza
[2023-12-25T20:40:00.263+0000] {logging_mixin.py:188} INFO - hamza
[2023-12-25T20:40:00.265+0000] {logging_mixin.py:188} INFO - hamza
[2023-12-25T20:40:00.267+0000] {logging_mixin.py:188} INFO - hamza
[2023-12-25T20:40:00.269+0000] {logging_mixin.py:188} INFO - hamza
[2023-12-25T20:40:00.270+0000] {logging_mixin.py:188} INFO - hamza
[2023-12-25T20:40:00.273+0000] {logging_mixin.py:188} INFO - hamza
[2023-12-25T20:40:00.275+0000] {logging_mixin.py:188} INFO - hamza
[2023-12-25T20:40:00.276+0000] {logging_mixin.py:188} INFO - hamza
[2023-12-25T20:40:00.278+0000] {logging_mixin.py:188} INFO - hamza
[2023-12-25T20:40:00.280+0000] {logging_mixin.py:188} INFO - hamza
[2023-12-25T20:40:00.282+0000] {logging_mixin.py:188} INFO - hamza
[2023-12-25T20:40:00.285+0000] {logging_mixin.py:188} INFO - hamza
[2023-12-25T20:40:00.287+0000] {logging_mixin.py:188} INFO - hamza
[2023-12-25T20:40:00.290+0000] {logging_mixin.py:188} INFO - hamza
[2023-12-25T20:40:00.292+0000] {logging_mixin.py:188} INFO - hamza
[2023-12-25T20:40:00.295+0000] {logging_mixin.py:188} INFO - hamza
[2023-12-25T20:40:00.297+0000] {python.py:201} INFO - Done. Returned value was: None
[2023-12-25T20:40:00.306+0000] {taskinstance.py:1138} INFO - Marking task as SUCCESS. dag_id=batch, task_id=print_date, execution_date=20231224T000000, start_date=20231225T203958, end_date=20231225T204000
[2023-12-25T20:40:00.357+0000] {local_task_job_runner.py:234} INFO - Task exited with return code 0
[2023-12-25T20:40:00.378+0000] {taskinstance.py:3281} INFO - 0 downstream tasks scheduled from follow-on schedule check
[2023-12-25T20:48:46.873+0000] {taskinstance.py:1957} INFO - Dependencies all met for dep_context=non-requeueable deps ti=<TaskInstance: batch.print_date scheduled__2023-12-24T00:00:00+00:00 [queued]>
[2023-12-25T20:48:46.881+0000] {taskinstance.py:1957} INFO - Dependencies all met for dep_context=requeueable deps ti=<TaskInstance: batch.print_date scheduled__2023-12-24T00:00:00+00:00 [queued]>
[2023-12-25T20:48:46.882+0000] {taskinstance.py:2171} INFO - Starting attempt 1 of 2
[2023-12-25T20:48:46.901+0000] {taskinstance.py:2192} INFO - Executing <Task(PythonOperator): print_date> on 2023-12-24 00:00:00+00:00
[2023-12-25T20:48:46.906+0000] {standard_task_runner.py:60} INFO - Started process 137 to run task
[2023-12-25T20:48:46.911+0000] {standard_task_runner.py:87} INFO - Running: ['airflow', 'tasks', 'run', 'batch', 'print_date', 'scheduled__2023-12-24T00:00:00+00:00', '--job-id', '4', '--raw', '--subdir', 'DAGS_FOLDER/batchlayer.py', '--cfg-path', '/tmp/tmp32cm1_ti']
[2023-12-25T20:48:46.915+0000] {standard_task_runner.py:88} INFO - Job 4: Subtask print_date
[2023-12-25T20:48:46.967+0000] {task_command.py:423} INFO - Running <TaskInstance: batch.print_date scheduled__2023-12-24T00:00:00+00:00 [running]> on host 358dd0754c02
[2023-12-25T20:48:47.181+0000] {taskinstance.py:2481} INFO - Exporting env vars: AIRFLOW_CTX_DAG_EMAIL='airflow@example.com' AIRFLOW_CTX_DAG_OWNER='airflow' AIRFLOW_CTX_DAG_ID='batch' AIRFLOW_CTX_TASK_ID='print_date' AIRFLOW_CTX_EXECUTION_DATE='2023-12-24T00:00:00+00:00' AIRFLOW_CTX_TRY_NUMBER='1' AIRFLOW_CTX_DAG_RUN_ID='scheduled__2023-12-24T00:00:00+00:00'
[2023-12-25T20:48:47.192+0000] {logging_mixin.py:188} INFO - hamza
[2023-12-25T20:48:48.200+0000] {logging_mixin.py:188} INFO - hamza
[2023-12-25T20:48:48.202+0000] {logging_mixin.py:188} INFO - hamza
[2023-12-25T20:48:48.205+0000] {logging_mixin.py:188} INFO - hamza
[2023-12-25T20:48:48.208+0000] {logging_mixin.py:188} INFO - hamza
[2023-12-25T20:48:48.212+0000] {logging_mixin.py:188} INFO - hamza
[2023-12-25T20:48:48.215+0000] {logging_mixin.py:188} INFO - hamza
[2023-12-25T20:48:48.217+0000] {logging_mixin.py:188} INFO - hamza
[2023-12-25T20:48:48.219+0000] {logging_mixin.py:188} INFO - hamza
[2023-12-25T20:48:48.221+0000] {logging_mixin.py:188} INFO - hamza
[2023-12-25T20:48:48.224+0000] {logging_mixin.py:188} INFO - hamza
[2023-12-25T20:48:48.227+0000] {logging_mixin.py:188} INFO - hamza
[2023-12-25T20:48:48.229+0000] {logging_mixin.py:188} INFO - hamza
[2023-12-25T20:48:48.232+0000] {logging_mixin.py:188} INFO - hamza
[2023-12-25T20:48:48.235+0000] {logging_mixin.py:188} INFO - hamza
[2023-12-25T20:48:48.238+0000] {logging_mixin.py:188} INFO - hamza
[2023-12-25T20:48:48.241+0000] {logging_mixin.py:188} INFO - hamza
[2023-12-25T20:48:48.244+0000] {logging_mixin.py:188} INFO - hamza
[2023-12-25T20:48:48.247+0000] {logging_mixin.py:188} INFO - hamza
[2023-12-25T20:48:48.250+0000] {logging_mixin.py:188} INFO - hamza
[2023-12-25T20:48:48.252+0000] {logging_mixin.py:188} INFO - hamza
[2023-12-25T20:48:48.255+0000] {logging_mixin.py:188} INFO - hamza
[2023-12-25T20:48:48.258+0000] {logging_mixin.py:188} INFO - hamza
[2023-12-25T20:48:48.260+0000] {logging_mixin.py:188} INFO - hamza
[2023-12-25T20:48:48.263+0000] {logging_mixin.py:188} INFO - hamza
[2023-12-25T20:48:48.266+0000] {logging_mixin.py:188} INFO - hamza
[2023-12-25T20:48:48.268+0000] {logging_mixin.py:188} INFO - hamza
[2023-12-25T20:48:48.270+0000] {logging_mixin.py:188} INFO - hamza
[2023-12-25T20:48:48.274+0000] {logging_mixin.py:188} INFO - hamza
[2023-12-25T20:48:48.279+0000] {logging_mixin.py:188} INFO - hamza
[2023-12-25T20:48:48.282+0000] {logging_mixin.py:188} INFO - hamza
[2023-12-25T20:48:48.284+0000] {logging_mixin.py:188} INFO - hamza
[2023-12-25T20:48:48.287+0000] {logging_mixin.py:188} INFO - hamza
[2023-12-25T20:48:48.290+0000] {logging_mixin.py:188} INFO - hamza
[2023-12-25T20:48:48.292+0000] {logging_mixin.py:188} INFO - hamza
[2023-12-25T20:48:48.294+0000] {logging_mixin.py:188} INFO - hamza
[2023-12-25T20:48:48.298+0000] {logging_mixin.py:188} INFO - hamza
[2023-12-25T20:48:48.302+0000] {logging_mixin.py:188} INFO - hamza
[2023-12-25T20:48:48.304+0000] {logging_mixin.py:188} INFO - hamza
[2023-12-25T20:48:48.307+0000] {logging_mixin.py:188} INFO - hamza
[2023-12-25T20:48:48.310+0000] {logging_mixin.py:188} INFO - hamza
[2023-12-25T20:48:48.313+0000] {logging_mixin.py:188} INFO - hamza
[2023-12-25T20:48:48.318+0000] {logging_mixin.py:188} INFO - hamza
[2023-12-25T20:48:48.320+0000] {logging_mixin.py:188} INFO - hamza
[2023-12-25T20:48:48.323+0000] {logging_mixin.py:188} INFO - hamza
[2023-12-25T20:48:48.326+0000] {logging_mixin.py:188} INFO - hamza
[2023-12-25T20:48:48.329+0000] {logging_mixin.py:188} INFO - hamza
[2023-12-25T20:48:48.331+0000] {logging_mixin.py:188} INFO - hamza
[2023-12-25T20:48:48.333+0000] {logging_mixin.py:188} INFO - hamza
[2023-12-25T20:48:48.336+0000] {logging_mixin.py:188} INFO - hamza
[2023-12-25T20:48:48.337+0000] {logging_mixin.py:188} INFO - hamza
[2023-12-25T20:48:48.340+0000] {logging_mixin.py:188} INFO - hamza
[2023-12-25T20:48:48.343+0000] {logging_mixin.py:188} INFO - hamza
[2023-12-25T20:48:48.346+0000] {logging_mixin.py:188} INFO - hamza
[2023-12-25T20:48:48.348+0000] {logging_mixin.py:188} INFO - hamza
[2023-12-25T20:48:48.350+0000] {logging_mixin.py:188} INFO - hamza
[2023-12-25T20:48:48.352+0000] {logging_mixin.py:188} INFO - hamza
[2023-12-25T20:48:48.355+0000] {logging_mixin.py:188} INFO - hamza
[2023-12-25T20:48:48.358+0000] {logging_mixin.py:188} INFO - hamza
[2023-12-25T20:48:48.362+0000] {logging_mixin.py:188} INFO - hamza
[2023-12-25T20:48:48.365+0000] {logging_mixin.py:188} INFO - hamza
[2023-12-25T20:48:48.367+0000] {logging_mixin.py:188} INFO - hamza
[2023-12-25T20:48:48.369+0000] {logging_mixin.py:188} INFO - hamza
[2023-12-25T20:48:48.370+0000] {logging_mixin.py:188} INFO - hamza
[2023-12-25T20:48:48.374+0000] {logging_mixin.py:188} INFO - hamza
[2023-12-25T20:48:48.378+0000] {logging_mixin.py:188} INFO - hamza
[2023-12-25T20:48:48.380+0000] {logging_mixin.py:188} INFO - hamza
[2023-12-25T20:48:48.383+0000] {logging_mixin.py:188} INFO - hamza
[2023-12-25T20:48:48.386+0000] {logging_mixin.py:188} INFO - hamza
[2023-12-25T20:48:48.388+0000] {logging_mixin.py:188} INFO - hamza
[2023-12-25T20:48:48.391+0000] {logging_mixin.py:188} INFO - hamza
[2023-12-25T20:48:48.394+0000] {logging_mixin.py:188} INFO - hamza
[2023-12-25T20:48:48.397+0000] {logging_mixin.py:188} INFO - hamza
[2023-12-25T20:48:48.399+0000] {logging_mixin.py:188} INFO - hamza
[2023-12-25T20:48:48.401+0000] {logging_mixin.py:188} INFO - hamza
[2023-12-25T20:48:48.403+0000] {logging_mixin.py:188} INFO - hamza
[2023-12-25T20:48:48.406+0000] {logging_mixin.py:188} INFO - hamza
[2023-12-25T20:48:48.409+0000] {logging_mixin.py:188} INFO - hamza
[2023-12-25T20:48:48.411+0000] {logging_mixin.py:188} INFO - hamza
[2023-12-25T20:48:48.414+0000] {logging_mixin.py:188} INFO - hamza
[2023-12-25T20:48:48.417+0000] {logging_mixin.py:188} INFO - hamza
[2023-12-25T20:48:48.418+0000] {logging_mixin.py:188} INFO - hamza
[2023-12-25T20:48:48.421+0000] {logging_mixin.py:188} INFO - hamza
[2023-12-25T20:48:48.425+0000] {logging_mixin.py:188} INFO - hamza
[2023-12-25T20:48:48.428+0000] {logging_mixin.py:188} INFO - hamza
[2023-12-25T20:48:48.431+0000] {logging_mixin.py:188} INFO - hamza
[2023-12-25T20:48:48.433+0000] {logging_mixin.py:188} INFO - hamza
[2023-12-25T20:48:48.435+0000] {logging_mixin.py:188} INFO - hamza
[2023-12-25T20:48:48.437+0000] {logging_mixin.py:188} INFO - hamza
[2023-12-25T20:48:48.440+0000] {logging_mixin.py:188} INFO - hamza
[2023-12-25T20:48:48.442+0000] {logging_mixin.py:188} INFO - hamza
[2023-12-25T20:48:48.445+0000] {logging_mixin.py:188} INFO - hamza
[2023-12-25T20:48:48.448+0000] {logging_mixin.py:188} INFO - hamza
[2023-12-25T20:48:48.451+0000] {logging_mixin.py:188} INFO - hamza
[2023-12-25T20:48:48.452+0000] {logging_mixin.py:188} INFO - hamza
[2023-12-25T20:48:48.454+0000] {logging_mixin.py:188} INFO - hamza
[2023-12-25T20:48:48.457+0000] {logging_mixin.py:188} INFO - hamza
[2023-12-25T20:48:48.460+0000] {logging_mixin.py:188} INFO - hamza
[2023-12-25T20:48:48.464+0000] {logging_mixin.py:188} INFO - hamza
[2023-12-25T20:48:48.467+0000] {python.py:201} INFO - Done. Returned value was: None
[2023-12-25T20:48:48.474+0000] {taskinstance.py:1138} INFO - Marking task as SUCCESS. dag_id=batch, task_id=print_date, execution_date=20231224T000000, start_date=20231225T204846, end_date=20231225T204848
[2023-12-25T20:48:48.531+0000] {local_task_job_runner.py:234} INFO - Task exited with return code 0
[2023-12-25T20:48:48.546+0000] {taskinstance.py:3281} INFO - 0 downstream tasks scheduled from follow-on schedule check
[2023-12-25T20:50:24.429+0000] {taskinstance.py:1957} INFO - Dependencies all met for dep_context=non-requeueable deps ti=<TaskInstance: batch.print_date scheduled__2023-12-24T00:00:00+00:00 [queued]>
[2023-12-25T20:50:24.437+0000] {taskinstance.py:1957} INFO - Dependencies all met for dep_context=requeueable deps ti=<TaskInstance: batch.print_date scheduled__2023-12-24T00:00:00+00:00 [queued]>
[2023-12-25T20:50:24.437+0000] {taskinstance.py:2171} INFO - Starting attempt 1 of 2
[2023-12-25T20:50:24.454+0000] {taskinstance.py:2192} INFO - Executing <Task(PythonOperator): print_date> on 2023-12-24 00:00:00+00:00
[2023-12-25T20:50:24.459+0000] {standard_task_runner.py:60} INFO - Started process 136 to run task
[2023-12-25T20:50:24.464+0000] {standard_task_runner.py:87} INFO - Running: ['airflow', 'tasks', 'run', 'batch', 'print_date', 'scheduled__2023-12-24T00:00:00+00:00', '--job-id', '4', '--raw', '--subdir', 'DAGS_FOLDER/batchlayer.py', '--cfg-path', '/tmp/tmp6i6k0vru']
[2023-12-25T20:50:24.467+0000] {standard_task_runner.py:88} INFO - Job 4: Subtask print_date
[2023-12-25T20:50:24.522+0000] {task_command.py:423} INFO - Running <TaskInstance: batch.print_date scheduled__2023-12-24T00:00:00+00:00 [running]> on host 5e983ae2bbe8
[2023-12-25T20:50:24.926+0000] {taskinstance.py:2481} INFO - Exporting env vars: AIRFLOW_CTX_DAG_EMAIL='airflow@example.com' AIRFLOW_CTX_DAG_OWNER='airflow' AIRFLOW_CTX_DAG_ID='batch' AIRFLOW_CTX_TASK_ID='print_date' AIRFLOW_CTX_EXECUTION_DATE='2023-12-24T00:00:00+00:00' AIRFLOW_CTX_TRY_NUMBER='1' AIRFLOW_CTX_DAG_RUN_ID='scheduled__2023-12-24T00:00:00+00:00'
[2023-12-25T20:50:24.930+0000] {logging_mixin.py:188} INFO - hamza
[2023-12-25T20:50:25.939+0000] {logging_mixin.py:188} INFO - hamza
[2023-12-25T20:50:25.942+0000] {logging_mixin.py:188} INFO - hamza
[2023-12-25T20:50:25.945+0000] {logging_mixin.py:188} INFO - hamza
[2023-12-25T20:50:25.948+0000] {logging_mixin.py:188} INFO - hamza
[2023-12-25T20:50:25.950+0000] {logging_mixin.py:188} INFO - hamza
[2023-12-25T20:50:25.952+0000] {logging_mixin.py:188} INFO - hamza
[2023-12-25T20:50:25.954+0000] {logging_mixin.py:188} INFO - hamza
[2023-12-25T20:50:25.956+0000] {logging_mixin.py:188} INFO - hamza
[2023-12-25T20:50:25.958+0000] {logging_mixin.py:188} INFO - hamza
[2023-12-25T20:50:25.961+0000] {logging_mixin.py:188} INFO - hamza
[2023-12-25T20:50:25.963+0000] {logging_mixin.py:188} INFO - hamza
[2023-12-25T20:50:25.965+0000] {logging_mixin.py:188} INFO - hamza
[2023-12-25T20:50:25.967+0000] {logging_mixin.py:188} INFO - hamza
[2023-12-25T20:50:25.969+0000] {logging_mixin.py:188} INFO - hamza
[2023-12-25T20:50:25.971+0000] {logging_mixin.py:188} INFO - hamza
[2023-12-25T20:50:25.973+0000] {logging_mixin.py:188} INFO - hamza
[2023-12-25T20:50:25.975+0000] {logging_mixin.py:188} INFO - hamza
[2023-12-25T20:50:25.979+0000] {logging_mixin.py:188} INFO - hamza
[2023-12-25T20:50:25.981+0000] {logging_mixin.py:188} INFO - hamza
[2023-12-25T20:50:25.983+0000] {logging_mixin.py:188} INFO - hamza
[2023-12-25T20:50:25.985+0000] {logging_mixin.py:188} INFO - hamza
[2023-12-25T20:50:25.987+0000] {logging_mixin.py:188} INFO - hamza
[2023-12-25T20:50:25.990+0000] {logging_mixin.py:188} INFO - hamza
[2023-12-25T20:50:25.992+0000] {logging_mixin.py:188} INFO - hamza
[2023-12-25T20:50:25.993+0000] {logging_mixin.py:188} INFO - hamza
[2023-12-25T20:50:25.996+0000] {logging_mixin.py:188} INFO - hamza
[2023-12-25T20:50:25.997+0000] {logging_mixin.py:188} INFO - hamza
[2023-12-25T20:50:25.999+0000] {logging_mixin.py:188} INFO - hamza
[2023-12-25T20:50:26.001+0000] {logging_mixin.py:188} INFO - hamza
[2023-12-25T20:50:26.003+0000] {logging_mixin.py:188} INFO - hamza
[2023-12-25T20:50:26.005+0000] {logging_mixin.py:188} INFO - hamza
[2023-12-25T20:50:26.007+0000] {logging_mixin.py:188} INFO - hamza
[2023-12-25T20:50:26.009+0000] {logging_mixin.py:188} INFO - hamza
[2023-12-25T20:50:26.011+0000] {logging_mixin.py:188} INFO - hamza
[2023-12-25T20:50:26.013+0000] {logging_mixin.py:188} INFO - hamza
[2023-12-25T20:50:26.015+0000] {logging_mixin.py:188} INFO - hamza
[2023-12-25T20:50:26.017+0000] {logging_mixin.py:188} INFO - hamza
[2023-12-25T20:50:26.019+0000] {logging_mixin.py:188} INFO - hamza
[2023-12-25T20:50:26.021+0000] {logging_mixin.py:188} INFO - hamza
[2023-12-25T20:50:26.023+0000] {logging_mixin.py:188} INFO - hamza
[2023-12-25T20:50:26.024+0000] {logging_mixin.py:188} INFO - hamza
[2023-12-25T20:50:26.027+0000] {logging_mixin.py:188} INFO - hamza
[2023-12-25T20:50:26.028+0000] {logging_mixin.py:188} INFO - hamza
[2023-12-25T20:50:26.030+0000] {logging_mixin.py:188} INFO - hamza
[2023-12-25T20:50:26.032+0000] {logging_mixin.py:188} INFO - hamza
[2023-12-25T20:50:26.034+0000] {logging_mixin.py:188} INFO - hamza
[2023-12-25T20:50:26.035+0000] {logging_mixin.py:188} INFO - hamza
[2023-12-25T20:50:26.038+0000] {logging_mixin.py:188} INFO - hamza
[2023-12-25T20:50:26.040+0000] {logging_mixin.py:188} INFO - hamza
[2023-12-25T20:50:26.042+0000] {logging_mixin.py:188} INFO - hamza
[2023-12-25T20:50:26.044+0000] {logging_mixin.py:188} INFO - hamza
[2023-12-25T20:50:26.046+0000] {logging_mixin.py:188} INFO - hamza
[2023-12-25T20:50:26.048+0000] {logging_mixin.py:188} INFO - hamza
[2023-12-25T20:50:26.050+0000] {logging_mixin.py:188} INFO - hamza
[2023-12-25T20:50:26.052+0000] {logging_mixin.py:188} INFO - hamza
[2023-12-25T20:50:26.053+0000] {logging_mixin.py:188} INFO - hamza
[2023-12-25T20:50:26.055+0000] {logging_mixin.py:188} INFO - hamza
[2023-12-25T20:50:26.058+0000] {logging_mixin.py:188} INFO - hamza
[2023-12-25T20:50:26.060+0000] {logging_mixin.py:188} INFO - hamza
[2023-12-25T20:50:26.061+0000] {logging_mixin.py:188} INFO - hamza
[2023-12-25T20:50:26.064+0000] {logging_mixin.py:188} INFO - hamza
[2023-12-25T20:50:26.066+0000] {logging_mixin.py:188} INFO - hamza
[2023-12-25T20:50:26.068+0000] {logging_mixin.py:188} INFO - hamza
[2023-12-25T20:50:26.070+0000] {logging_mixin.py:188} INFO - hamza
[2023-12-25T20:50:26.073+0000] {logging_mixin.py:188} INFO - hamza
[2023-12-25T20:50:26.075+0000] {logging_mixin.py:188} INFO - hamza
[2023-12-25T20:50:26.078+0000] {logging_mixin.py:188} INFO - hamza
[2023-12-25T20:50:26.079+0000] {logging_mixin.py:188} INFO - hamza
[2023-12-25T20:50:26.081+0000] {logging_mixin.py:188} INFO - hamza
[2023-12-25T20:50:26.083+0000] {logging_mixin.py:188} INFO - hamza
[2023-12-25T20:50:26.085+0000] {logging_mixin.py:188} INFO - hamza
[2023-12-25T20:50:26.087+0000] {logging_mixin.py:188} INFO - hamza
[2023-12-25T20:50:26.089+0000] {logging_mixin.py:188} INFO - hamza
[2023-12-25T20:50:26.092+0000] {logging_mixin.py:188} INFO - hamza
[2023-12-25T20:50:26.094+0000] {logging_mixin.py:188} INFO - hamza
[2023-12-25T20:50:26.096+0000] {logging_mixin.py:188} INFO - hamza
[2023-12-25T20:50:26.098+0000] {logging_mixin.py:188} INFO - hamza
[2023-12-25T20:50:26.100+0000] {logging_mixin.py:188} INFO - hamza
[2023-12-25T20:50:26.102+0000] {logging_mixin.py:188} INFO - hamza
[2023-12-25T20:50:26.104+0000] {logging_mixin.py:188} INFO - hamza
[2023-12-25T20:50:26.106+0000] {logging_mixin.py:188} INFO - hamza
[2023-12-25T20:50:26.108+0000] {logging_mixin.py:188} INFO - hamza
[2023-12-25T20:50:26.110+0000] {logging_mixin.py:188} INFO - hamza
[2023-12-25T20:50:26.112+0000] {logging_mixin.py:188} INFO - hamza
[2023-12-25T20:50:26.115+0000] {logging_mixin.py:188} INFO - hamza
[2023-12-25T20:50:26.117+0000] {logging_mixin.py:188} INFO - hamza
[2023-12-25T20:50:26.119+0000] {logging_mixin.py:188} INFO - hamza
[2023-12-25T20:50:26.121+0000] {logging_mixin.py:188} INFO - hamza
[2023-12-25T20:50:26.123+0000] {logging_mixin.py:188} INFO - hamza
[2023-12-25T20:50:26.126+0000] {logging_mixin.py:188} INFO - hamza
[2023-12-25T20:50:26.127+0000] {logging_mixin.py:188} INFO - hamza
[2023-12-25T20:50:26.129+0000] {logging_mixin.py:188} INFO - hamza
[2023-12-25T20:50:26.131+0000] {logging_mixin.py:188} INFO - hamza
[2023-12-25T20:50:26.133+0000] {logging_mixin.py:188} INFO - hamza
[2023-12-25T20:50:26.135+0000] {logging_mixin.py:188} INFO - hamza
[2023-12-25T20:50:26.136+0000] {logging_mixin.py:188} INFO - hamza
[2023-12-25T20:50:26.138+0000] {logging_mixin.py:188} INFO - hamza
[2023-12-25T20:50:26.139+0000] {logging_mixin.py:188} INFO - hamza
[2023-12-25T20:50:26.141+0000] {python.py:201} INFO - Done. Returned value was: None
[2023-12-25T20:50:26.149+0000] {taskinstance.py:1138} INFO - Marking task as SUCCESS. dag_id=batch, task_id=print_date, execution_date=20231224T000000, start_date=20231225T205024, end_date=20231225T205026
[2023-12-25T20:50:26.205+0000] {local_task_job_runner.py:234} INFO - Task exited with return code 0
[2023-12-25T20:50:26.219+0000] {taskinstance.py:3281} INFO - 0 downstream tasks scheduled from follow-on schedule check
