[2023-12-23T12:50:16.422+0000] {taskinstance.py:1957} INFO - Dependencies all met for dep_context=non-requeueable deps ti=<TaskInstance: batch_layer.consume_data manual__2023-12-23T12:50:13.665797+00:00 [queued]>
[2023-12-23T12:50:16.427+0000] {taskinstance.py:1957} INFO - Dependencies all met for dep_context=requeueable deps ti=<TaskInstance: batch_layer.consume_data manual__2023-12-23T12:50:13.665797+00:00 [queued]>
[2023-12-23T12:50:16.427+0000] {taskinstance.py:2171} INFO - Starting attempt 1 of 2
[2023-12-23T12:50:16.439+0000] {taskinstance.py:2192} INFO - Executing <Task(PythonOperator): consume_data> on 2023-12-23 12:50:13.665797+00:00
[2023-12-23T12:50:16.444+0000] {standard_task_runner.py:60} INFO - Started process 1584 to run task
[2023-12-23T12:50:16.446+0000] {standard_task_runner.py:87} INFO - Running: ['airflow', 'tasks', 'run', 'batch_layer', 'consume_data', 'manual__2023-12-23T12:50:13.665797+00:00', '--job-id', '22', '--raw', '--subdir', 'DAGS_FOLDER/BatchLayerDag.py', '--cfg-path', '/tmp/tmp1mn7cig7']
[2023-12-23T12:50:16.447+0000] {standard_task_runner.py:88} INFO - Job 22: Subtask consume_data
[2023-12-23T12:50:16.470+0000] {task_command.py:423} INFO - Running <TaskInstance: batch_layer.consume_data manual__2023-12-23T12:50:13.665797+00:00 [running]> on host 7de9f6b6c8f6
[2023-12-23T12:50:16.514+0000] {taskinstance.py:2481} INFO - Exporting env vars: AIRFLOW_CTX_DAG_EMAIL='airflow@example.com' AIRFLOW_CTX_DAG_OWNER='airflow' AIRFLOW_CTX_DAG_ID='batch_layer' AIRFLOW_CTX_TASK_ID='consume_data' AIRFLOW_CTX_EXECUTION_DATE='2023-12-23T12:50:13.665797+00:00' AIRFLOW_CTX_TRY_NUMBER='1' AIRFLOW_CTX_DAG_RUN_ID='manual__2023-12-23T12:50:13.665797+00:00'
[2023-12-23T12:50:16.566+0000] {hive.py:475} INFO - USE `finnhub_db`
[2023-12-23T12:50:16.606+0000] {hive.py:475} INFO - 
        CREATE TABLE IF NOT EXISTS finnhub_table
        ROW FORMAT SERDE 'org.apache.hadoop.hive.serde2.avro.AvroSerDe'
        STORED AS INPUTFORMAT 'org.apache.hadoop.hive.ql.io.avro.AvroContainerInputFormat'
        OUTPUTFORMAT 'org.apache.hadoop.hive.ql.io.avro.AvroContainerOutputFormat'
        TBLPROPERTIES ('avro.schema.literal'='{"type": "record", "name": "TradeRecord", "fields": [{"name": "p", "type": "double"}, {"name": "exchange", "type": "string"}, {"name": "crypto_pair", "type": "string"}, {"name": "t", "type": "long"}, {"name": "v", "type": "double"}]}')
    
[2023-12-23T12:50:16.664+0000] {hive.py:475} INFO - USE `finnhub_db`
[2023-12-23T12:50:16.701+0000] {hive.py:475} INFO - 
        CREATE TABLE IF NOT EXISTS temp_avro_data
        ROW FORMAT SERDE 'org.apache.hadoop.hive.serde2.avro.AvroSerDe'
        STORED AS INPUTFORMAT 'org.apache.hadoop.hive.ql.io.avro.AvroContainerInputFormat'
        OUTPUTFORMAT 'org.apache.hadoop.hive.ql.io.avro.AvroContainerOutputFormat'
        TBLPROPERTIES ('avro.schema.literal'='{"type": "record", "name": "TradeRecord", "fields": [{"name": "p", "type": "double"}, {"name": "exchange", "type": "string"}, {"name": "crypto_pair", "type": "string"}, {"name": "t", "type": "long"}, {"name": "v", "type": "double"}]}')
    
[2023-12-23T12:50:16.711+0000] {logging_mixin.py:188} INFO - [[{'c': None, 'p': 2282.24, 's': 'BINANCE:ETHUSDT', 't': 1703330018866, 'v': 0.02}, {'c': None, 'p': 43535.79, 's': 'BINANCE:BTCUSDT', 't': 1703330018923, 'v': 0.00098}, {'c': None, 'p': 2282.25, 's': 'BINANCE:ETHUSDT', 't': 1703330019085, 'v': 0.4998}, {'c': None, 'p': 43535.8, 's': 'BINANCE:BTCUSDT', 't': 1703330019207, 'v': 0.00214}], [{'c': None, 'p': 43535.8, 's': 'BINANCE:BTCUSDT', 't': 1703330020019, 'v': 0.00023}, {'c': None, 'p': 43535.8, 's': 'BINANCE:BTCUSDT', 't': 1703330020467, 'v': 0.00023}, {'c': None, 'p': 43535.79, 's': 'BINANCE:BTCUSDT', 't': 1703330020544, 'v': 0.00637}, {'c': None, 'p': 43535.79, 's': 'BINANCE:BTCUSDT', 't': 1703330020551, 'v': 0.00021}], [{'c': None, 'p': 43535.8, 's': 'BINANCE:BTCUSDT', 't': 1703330021105, 'v': 0.00071}, {'c': None, 'p': 43535.79, 's': 'BINANCE:BTCUSDT', 't': 1703330021414, 'v': 0.00191}, {'c': None, 'p': 43535.8, 's': 'BINANCE:BTCUSDT', 't': 1703330021434, 'v': 0.00045}, {'c': None, 'p': 43535.8, 's': 'BINANCE:BTCUSDT', 't': 1703330021504, 'v': 0.00035}], [{'c': None, 'p': 43535.8, 's': 'BINANCE:BTCUSDT', 't': 1703330022130, 'v': 0.00012}], [{'c': None, 'p': 43535.79, 's': 'BINANCE:BTCUSDT', 't': 1703330022874, 'v': 0.00063}, {'c': None, 'p': 43535.79, 's': 'BINANCE:BTCUSDT', 't': 1703330023124, 'v': 0.00026}, {'c': None, 'p': 2282.24, 's': 'BINANCE:ETHUSDT', 't': 1703330023148, 'v': 0.0076}, {'c': None, 'p': 2282.24, 's': 'BINANCE:ETHUSDT', 't': 1703330023171, 'v': 0.0047}, {'c': None, 'p': 43535.79, 's': 'BINANCE:BTCUSDT', 't': 1703330023195, 'v': 0.00045}, {'c': None, 'p': 43535.79, 's': 'BINANCE:BTCUSDT', 't': 1703330023386, 'v': 0.00024}, {'c': None, 'p': 43535.79, 's': 'BINANCE:BTCUSDT', 't': 1703330023409, 'v': 0.00025}, {'c': None, 'p': 43535.79, 's': 'BINANCE:BTCUSDT', 't': 1703330023431, 'v': 0.00022}, {'c': None, 'p': 43535.8, 's': 'BINANCE:BTCUSDT', 't': 1703330023541, 'v': 0.00103}, {'c': None, 'p': 2282.25, 's': 'BINANCE:ETHUSDT', 't': 1703330023548, 'v': 0.0052}], [{'c': None, 'p': 43535.8, 's': 'BINANCE:BTCUSDT', 't': 1703330024070, 'v': 0.00089}, {'c': None, 'p': 2282.24, 's': 'BINANCE:ETHUSDT', 't': 1703330024219, 'v': 0.3647}, {'c': None, 'p': 2282.24, 's': 'BINANCE:ETHUSDT', 't': 1703330024287, 'v': 0.0219}, {'c': None, 'p': 43535.8, 's': 'BINANCE:BTCUSDT', 't': 1703330024330, 'v': 0.00035}, {'c': None, 'p': 43535.79, 's': 'BINANCE:BTCUSDT', 't': 1703330024352, 'v': 0.00075}, {'c': None, 'p': 43535.8, 's': 'BINANCE:BTCUSDT', 't': 1703330024746, 'v': 0.02366}, {'c': None, 'p': 43535.8, 's': 'BINANCE:BTCUSDT', 't': 1703330024428, 'v': 0.00507}, {'c': None, 'p': 43535.8, 's': 'BINANCE:BTCUSDT', 't': 1703330024432, 'v': 0.00507}, {'c': None, 'p': 43535.79, 's': 'BINANCE:BTCUSDT', 't': 1703330024553, 'v': 0.002}, {'c': None, 'p': 43535.79, 's': 'BINANCE:BTCUSDT', 't': 1703330024553, 'v': 0.001}], [{'c': None, 'p': 2282.25, 's': 'BINANCE:ETHUSDT', 't': 1703330024791, 'v': 0.2141}, {'c': None, 'p': 43535.8, 's': 'BINANCE:BTCUSDT', 't': 1703330024803, 'v': 0.00023}, {'c': None, 'p': 43535.8, 's': 'BINANCE:BTCUSDT', 't': 1703330024805, 'v': 0.00843}, {'c': None, 'p': 2282.24, 's': 'BINANCE:ETHUSDT', 't': 1703330024867, 'v': 0.0342}, {'c': None, 'p': 43535.79, 's': 'BINANCE:BTCUSDT', 't': 1703330024902, 'v': 0.00752}, {'c': None, 'p': 43535.8, 's': 'BINANCE:BTCUSDT', 't': 1703330025139, 'v': 0.00047}, {'c': None, 'p': 43535.8, 's': 'BINANCE:BTCUSDT', 't': 1703330025617, 'v': 0.00218}], [{'c': None, 'p': 43535.79, 's': 'BINANCE:BTCUSDT', 't': 1703330026149, 'v': 0.00229}, {'c': None, 'p': 43535.8, 's': 'BINANCE:BTCUSDT', 't': 1703330026672, 'v': 0.00028}], [{'c': None, 'p': 43535.79, 's': 'BINANCE:BTCUSDT', 't': 1703330026906, 'v': 0.00062}, {'c': None, 'p': 2282.24, 's': 'BINANCE:ETHUSDT', 't': 1703330027235, 'v': 0.0425}], [{'c': None, 'p': 43535.8, 's': 'BINANCE:BTCUSDT', 't': 1703330027776, 'v': 0.00047}, {'c': None, 'p': 43535.79, 's': 'BINANCE:BTCUSDT', 't': 1703330027981, 'v': 0.00218}, {'c': None, 'p': 2282.25, 's': 'BINANCE:ETHUSDT', 't': 1703330028089, 'v': 0.2}, {'c': None, 'p': 2282.24, 's': 'BINANCE:ETHUSDT', 't': 1703330028356, 'v': 1.3561}, {'c': None, 'p': 2282.24, 's': 'BINANCE:ETHUSDT', 't': 1703330028440, 'v': 0.0093}]]
[2023-12-23T12:50:16.712+0000] {hive.py:475} INFO - 
                            INSERT INTO temp_avro_data
                            VALUES (

                                2282.24,
                                'BINANCE',  -- New 'exchange' attribute
                                'ETHUSDT',  -- New 'crypto_pair' attribute
                                1703330018866,
                                0.02
                            )
                        
[2023-12-23T12:50:19.672+0000] {hive.py:475} INFO - 
                            INSERT INTO temp_avro_data
                            VALUES (

                                43535.79,
                                'BINANCE',  -- New 'exchange' attribute
                                'BTCUSDT',  -- New 'crypto_pair' attribute
                                1703330018923,
                                0.00098
                            )
                        
[2023-12-23T12:50:22.102+0000] {hive.py:475} INFO - 
                            INSERT INTO temp_avro_data
                            VALUES (

                                2282.25,
                                'BINANCE',  -- New 'exchange' attribute
                                'ETHUSDT',  -- New 'crypto_pair' attribute
                                1703330019085,
                                0.4998
                            )
                        
[2023-12-23T12:50:24.491+0000] {hive.py:475} INFO - 
                            INSERT INTO temp_avro_data
                            VALUES (

                                43535.8,
                                'BINANCE',  -- New 'exchange' attribute
                                'BTCUSDT',  -- New 'crypto_pair' attribute
                                1703330019207,
                                0.00214
                            )
                        
[2023-12-23T12:50:26.905+0000] {hive.py:475} INFO - 
                            INSERT INTO temp_avro_data
                            VALUES (

                                43535.8,
                                'BINANCE',  -- New 'exchange' attribute
                                'BTCUSDT',  -- New 'crypto_pair' attribute
                                1703330020019,
                                0.00023
                            )
                        
[2023-12-23T12:50:29.290+0000] {hive.py:475} INFO - 
                            INSERT INTO temp_avro_data
                            VALUES (

                                43535.8,
                                'BINANCE',  -- New 'exchange' attribute
                                'BTCUSDT',  -- New 'crypto_pair' attribute
                                1703330020467,
                                0.00023
                            )
                        
[2023-12-23T12:50:31.724+0000] {hive.py:475} INFO - 
                            INSERT INTO temp_avro_data
                            VALUES (

                                43535.79,
                                'BINANCE',  -- New 'exchange' attribute
                                'BTCUSDT',  -- New 'crypto_pair' attribute
                                1703330020544,
                                0.00637
                            )
                        
[2023-12-23T12:50:34.208+0000] {hive.py:475} INFO - 
                            INSERT INTO temp_avro_data
                            VALUES (

                                43535.79,
                                'BINANCE',  -- New 'exchange' attribute
                                'BTCUSDT',  -- New 'crypto_pair' attribute
                                1703330020551,
                                0.00021
                            )
                        
[2023-12-23T12:50:36.578+0000] {hive.py:475} INFO - 
                            INSERT INTO temp_avro_data
                            VALUES (

                                43535.8,
                                'BINANCE',  -- New 'exchange' attribute
                                'BTCUSDT',  -- New 'crypto_pair' attribute
                                1703330021105,
                                0.00071
                            )
                        
[2023-12-23T12:50:39.445+0000] {hive.py:475} INFO - 
                            INSERT INTO temp_avro_data
                            VALUES (

                                43535.79,
                                'BINANCE',  -- New 'exchange' attribute
                                'BTCUSDT',  -- New 'crypto_pair' attribute
                                1703330021414,
                                0.00191
                            )
                        
[2023-12-23T12:50:41.934+0000] {hive.py:475} INFO - 
                            INSERT INTO temp_avro_data
                            VALUES (

                                43535.8,
                                'BINANCE',  -- New 'exchange' attribute
                                'BTCUSDT',  -- New 'crypto_pair' attribute
                                1703330021434,
                                0.00045
                            )
                        
[2023-12-23T12:50:44.520+0000] {hive.py:475} INFO - 
                            INSERT INTO temp_avro_data
                            VALUES (

                                43535.8,
                                'BINANCE',  -- New 'exchange' attribute
                                'BTCUSDT',  -- New 'crypto_pair' attribute
                                1703330021504,
                                0.00035
                            )
                        
[2023-12-23T12:50:46.953+0000] {hive.py:475} INFO - 
                            INSERT INTO temp_avro_data
                            VALUES (

                                43535.8,
                                'BINANCE',  -- New 'exchange' attribute
                                'BTCUSDT',  -- New 'crypto_pair' attribute
                                1703330022130,
                                0.00012
                            )
                        
[2023-12-23T12:50:49.394+0000] {hive.py:475} INFO - 
                            INSERT INTO temp_avro_data
                            VALUES (

                                43535.79,
                                'BINANCE',  -- New 'exchange' attribute
                                'BTCUSDT',  -- New 'crypto_pair' attribute
                                1703330022874,
                                0.00063
                            )
                        
[2023-12-23T12:50:51.808+0000] {hive.py:475} INFO - 
                            INSERT INTO temp_avro_data
                            VALUES (

                                43535.79,
                                'BINANCE',  -- New 'exchange' attribute
                                'BTCUSDT',  -- New 'crypto_pair' attribute
                                1703330023124,
                                0.00026
                            )
                        
[2023-12-23T12:50:54.286+0000] {hive.py:475} INFO - 
                            INSERT INTO temp_avro_data
                            VALUES (

                                2282.24,
                                'BINANCE',  -- New 'exchange' attribute
                                'ETHUSDT',  -- New 'crypto_pair' attribute
                                1703330023148,
                                0.0076
                            )
                        
[2023-12-23T12:50:56.761+0000] {hive.py:475} INFO - 
                            INSERT INTO temp_avro_data
                            VALUES (

                                2282.24,
                                'BINANCE',  -- New 'exchange' attribute
                                'ETHUSDT',  -- New 'crypto_pair' attribute
                                1703330023171,
                                0.0047
                            )
                        
[2023-12-23T12:50:59.632+0000] {hive.py:475} INFO - 
                            INSERT INTO temp_avro_data
                            VALUES (

                                43535.79,
                                'BINANCE',  -- New 'exchange' attribute
                                'BTCUSDT',  -- New 'crypto_pair' attribute
                                1703330023195,
                                0.00045
                            )
                        
[2023-12-23T12:51:02.089+0000] {hive.py:475} INFO - 
                            INSERT INTO temp_avro_data
                            VALUES (

                                43535.79,
                                'BINANCE',  -- New 'exchange' attribute
                                'BTCUSDT',  -- New 'crypto_pair' attribute
                                1703330023386,
                                0.00024
                            )
                        
[2023-12-23T12:51:04.535+0000] {hive.py:475} INFO - 
                            INSERT INTO temp_avro_data
                            VALUES (

                                43535.79,
                                'BINANCE',  -- New 'exchange' attribute
                                'BTCUSDT',  -- New 'crypto_pair' attribute
                                1703330023409,
                                0.00025
                            )
                        
[2023-12-23T12:51:06.972+0000] {hive.py:475} INFO - 
                            INSERT INTO temp_avro_data
                            VALUES (

                                43535.79,
                                'BINANCE',  -- New 'exchange' attribute
                                'BTCUSDT',  -- New 'crypto_pair' attribute
                                1703330023431,
                                0.00022
                            )
                        
[2023-12-23T12:51:09.824+0000] {hive.py:475} INFO - 
                            INSERT INTO temp_avro_data
                            VALUES (

                                43535.8,
                                'BINANCE',  -- New 'exchange' attribute
                                'BTCUSDT',  -- New 'crypto_pair' attribute
                                1703330023541,
                                0.00103
                            )
                        
[2023-12-23T12:51:12.289+0000] {hive.py:475} INFO - 
                            INSERT INTO temp_avro_data
                            VALUES (

                                2282.25,
                                'BINANCE',  -- New 'exchange' attribute
                                'ETHUSDT',  -- New 'crypto_pair' attribute
                                1703330023548,
                                0.0052
                            )
                        
[2023-12-23T12:51:14.736+0000] {hive.py:475} INFO - 
                            INSERT INTO temp_avro_data
                            VALUES (

                                43535.8,
                                'BINANCE',  -- New 'exchange' attribute
                                'BTCUSDT',  -- New 'crypto_pair' attribute
                                1703330024070,
                                0.00089
                            )
                        
[2023-12-23T12:51:17.191+0000] {hive.py:475} INFO - 
                            INSERT INTO temp_avro_data
                            VALUES (

                                2282.24,
                                'BINANCE',  -- New 'exchange' attribute
                                'ETHUSDT',  -- New 'crypto_pair' attribute
                                1703330024219,
                                0.3647
                            )
                        
[2023-12-23T12:51:20.074+0000] {hive.py:475} INFO - 
                            INSERT INTO temp_avro_data
                            VALUES (

                                2282.24,
                                'BINANCE',  -- New 'exchange' attribute
                                'ETHUSDT',  -- New 'crypto_pair' attribute
                                1703330024287,
                                0.0219
                            )
                        
[2023-12-23T12:51:22.569+0000] {hive.py:475} INFO - 
                            INSERT INTO temp_avro_data
                            VALUES (

                                43535.8,
                                'BINANCE',  -- New 'exchange' attribute
                                'BTCUSDT',  -- New 'crypto_pair' attribute
                                1703330024330,
                                0.00035
                            )
                        
[2023-12-23T12:51:24.981+0000] {hive.py:475} INFO - 
                            INSERT INTO temp_avro_data
                            VALUES (

                                43535.79,
                                'BINANCE',  -- New 'exchange' attribute
                                'BTCUSDT',  -- New 'crypto_pair' attribute
                                1703330024352,
                                0.00075
                            )
                        
[2023-12-23T12:51:27.411+0000] {hive.py:475} INFO - 
                            INSERT INTO temp_avro_data
                            VALUES (

                                43535.8,
                                'BINANCE',  -- New 'exchange' attribute
                                'BTCUSDT',  -- New 'crypto_pair' attribute
                                1703330024746,
                                0.02366
                            )
                        
[2023-12-23T12:51:29.849+0000] {hive.py:475} INFO - 
                            INSERT INTO temp_avro_data
                            VALUES (

                                43535.8,
                                'BINANCE',  -- New 'exchange' attribute
                                'BTCUSDT',  -- New 'crypto_pair' attribute
                                1703330024428,
                                0.00507
                            )
                        
[2023-12-23T12:51:32.306+0000] {hive.py:475} INFO - 
                            INSERT INTO temp_avro_data
                            VALUES (

                                43535.8,
                                'BINANCE',  -- New 'exchange' attribute
                                'BTCUSDT',  -- New 'crypto_pair' attribute
                                1703330024432,
                                0.00507
                            )
                        
[2023-12-23T12:51:34.746+0000] {hive.py:475} INFO - 
                            INSERT INTO temp_avro_data
                            VALUES (

                                43535.79,
                                'BINANCE',  -- New 'exchange' attribute
                                'BTCUSDT',  -- New 'crypto_pair' attribute
                                1703330024553,
                                0.002
                            )
                        
[2023-12-23T12:51:37.206+0000] {hive.py:475} INFO - 
                            INSERT INTO temp_avro_data
                            VALUES (

                                43535.79,
                                'BINANCE',  -- New 'exchange' attribute
                                'BTCUSDT',  -- New 'crypto_pair' attribute
                                1703330024553,
                                0.001
                            )
                        
[2023-12-23T12:51:39.908+0000] {hive.py:475} INFO - 
                            INSERT INTO temp_avro_data
                            VALUES (

                                2282.25,
                                'BINANCE',  -- New 'exchange' attribute
                                'ETHUSDT',  -- New 'crypto_pair' attribute
                                1703330024791,
                                0.2141
                            )
                        
[2023-12-23T12:51:42.367+0000] {hive.py:475} INFO - 
                            INSERT INTO temp_avro_data
                            VALUES (

                                43535.8,
                                'BINANCE',  -- New 'exchange' attribute
                                'BTCUSDT',  -- New 'crypto_pair' attribute
                                1703330024803,
                                0.00023
                            )
                        
[2023-12-23T12:51:44.829+0000] {hive.py:475} INFO - 
                            INSERT INTO temp_avro_data
                            VALUES (

                                43535.8,
                                'BINANCE',  -- New 'exchange' attribute
                                'BTCUSDT',  -- New 'crypto_pair' attribute
                                1703330024805,
                                0.00843
                            )
                        
[2023-12-23T12:51:47.275+0000] {hive.py:475} INFO - 
                            INSERT INTO temp_avro_data
                            VALUES (

                                2282.24,
                                'BINANCE',  -- New 'exchange' attribute
                                'ETHUSDT',  -- New 'crypto_pair' attribute
                                1703330024867,
                                0.0342
                            )
                        
[2023-12-23T12:51:49.713+0000] {hive.py:475} INFO - 
                            INSERT INTO temp_avro_data
                            VALUES (

                                43535.79,
                                'BINANCE',  -- New 'exchange' attribute
                                'BTCUSDT',  -- New 'crypto_pair' attribute
                                1703330024902,
                                0.00752
                            )
                        
[2023-12-23T12:51:52.200+0000] {hive.py:475} INFO - 
                            INSERT INTO temp_avro_data
                            VALUES (

                                43535.8,
                                'BINANCE',  -- New 'exchange' attribute
                                'BTCUSDT',  -- New 'crypto_pair' attribute
                                1703330025139,
                                0.00047
                            )
                        
[2023-12-23T12:51:54.657+0000] {hive.py:475} INFO - 
                            INSERT INTO temp_avro_data
                            VALUES (

                                43535.8,
                                'BINANCE',  -- New 'exchange' attribute
                                'BTCUSDT',  -- New 'crypto_pair' attribute
                                1703330025617,
                                0.00218
                            )
                        
[2023-12-23T12:51:57.142+0000] {hive.py:475} INFO - 
                            INSERT INTO temp_avro_data
                            VALUES (

                                43535.79,
                                'BINANCE',  -- New 'exchange' attribute
                                'BTCUSDT',  -- New 'crypto_pair' attribute
                                1703330026149,
                                0.00229
                            )
                        
[2023-12-23T12:51:59.595+0000] {hive.py:475} INFO - 
                            INSERT INTO temp_avro_data
                            VALUES (

                                43535.8,
                                'BINANCE',  -- New 'exchange' attribute
                                'BTCUSDT',  -- New 'crypto_pair' attribute
                                1703330026672,
                                0.00028
                            )
                        
[2023-12-23T12:52:02.100+0000] {hive.py:475} INFO - 
                            INSERT INTO temp_avro_data
                            VALUES (

                                43535.79,
                                'BINANCE',  -- New 'exchange' attribute
                                'BTCUSDT',  -- New 'crypto_pair' attribute
                                1703330026906,
                                0.00062
                            )
                        
[2023-12-23T12:52:04.640+0000] {hive.py:475} INFO - 
                            INSERT INTO temp_avro_data
                            VALUES (

                                2282.24,
                                'BINANCE',  -- New 'exchange' attribute
                                'ETHUSDT',  -- New 'crypto_pair' attribute
                                1703330027235,
                                0.0425
                            )
                        
[2023-12-23T12:52:07.149+0000] {hive.py:475} INFO - 
                            INSERT INTO temp_avro_data
                            VALUES (

                                43535.8,
                                'BINANCE',  -- New 'exchange' attribute
                                'BTCUSDT',  -- New 'crypto_pair' attribute
                                1703330027776,
                                0.00047
                            )
                        
[2023-12-23T12:52:10.020+0000] {hive.py:475} INFO - 
                            INSERT INTO temp_avro_data
                            VALUES (

                                43535.79,
                                'BINANCE',  -- New 'exchange' attribute
                                'BTCUSDT',  -- New 'crypto_pair' attribute
                                1703330027981,
                                0.00218
                            )
                        
[2023-12-23T12:52:12.524+0000] {hive.py:475} INFO - 
                            INSERT INTO temp_avro_data
                            VALUES (

                                2282.25,
                                'BINANCE',  -- New 'exchange' attribute
                                'ETHUSDT',  -- New 'crypto_pair' attribute
                                1703330028089,
                                0.2
                            )
                        
[2023-12-23T12:52:15.081+0000] {hive.py:475} INFO - 
                            INSERT INTO temp_avro_data
                            VALUES (

                                2282.24,
                                'BINANCE',  -- New 'exchange' attribute
                                'ETHUSDT',  -- New 'crypto_pair' attribute
                                1703330028356,
                                1.3561
                            )
                        
[2023-12-23T12:52:17.598+0000] {hive.py:475} INFO - 
                            INSERT INTO temp_avro_data
                            VALUES (

                                2282.24,
                                'BINANCE',  -- New 'exchange' attribute
                                'ETHUSDT',  -- New 'crypto_pair' attribute
                                1703330028440,
                                0.0093
                            )
                        
[2023-12-23T12:52:20.062+0000] {logging_mixin.py:188} INFO - 
Inserting batch into Hive...
[2023-12-23T12:52:20.064+0000] {hive.py:475} INFO - 
            INSERT INTO TABLE finnhub_table 
            SELECT *
            FROM temp_avro_data
        
[2023-12-23T12:54:40.673+0000] {logging_mixin.py:188} INFO - Batch successfully inserted into Hive.
[2023-12-23T12:54:40.673+0000] {logging_mixin.py:188} INFO - finish
[2023-12-23T12:54:40.682+0000] {python.py:201} INFO - Done. Returned value was: None
[2023-12-23T12:54:40.689+0000] {taskinstance.py:1138} INFO - Marking task as SUCCESS. dag_id=batch_layer, task_id=consume_data, execution_date=20231223T125013, start_date=20231223T125016, end_date=20231223T125440
[2023-12-23T12:54:40.737+0000] {local_task_job_runner.py:234} INFO - Task exited with return code 0
[2023-12-23T12:54:40.748+0000] {taskinstance.py:3281} INFO - 1 downstream tasks scheduled from follow-on schedule check
