[2023-12-23T16:11:54.687+0000] {taskinstance.py:1957} INFO - Dependencies all met for dep_context=non-requeueable deps ti=<TaskInstance: batch_layer.consume_data manual__2023-12-23T16:11:51.977312+00:00 [queued]>
[2023-12-23T16:11:54.692+0000] {taskinstance.py:1957} INFO - Dependencies all met for dep_context=requeueable deps ti=<TaskInstance: batch_layer.consume_data manual__2023-12-23T16:11:51.977312+00:00 [queued]>
[2023-12-23T16:11:54.693+0000] {taskinstance.py:2171} INFO - Starting attempt 1 of 2
[2023-12-23T16:11:54.704+0000] {taskinstance.py:2192} INFO - Executing <Task(PythonOperator): consume_data> on 2023-12-23 16:11:51.977312+00:00
[2023-12-23T16:11:54.708+0000] {standard_task_runner.py:60} INFO - Started process 4415 to run task
[2023-12-23T16:11:54.710+0000] {standard_task_runner.py:87} INFO - Running: ['airflow', 'tasks', 'run', 'batch_layer', 'consume_data', 'manual__2023-12-23T16:11:51.977312+00:00', '--job-id', '58', '--raw', '--subdir', 'DAGS_FOLDER/BatchLayerDag.py', '--cfg-path', '/tmp/tmpmsjyo716']
[2023-12-23T16:11:54.712+0000] {standard_task_runner.py:88} INFO - Job 58: Subtask consume_data
[2023-12-23T16:11:54.737+0000] {task_command.py:423} INFO - Running <TaskInstance: batch_layer.consume_data manual__2023-12-23T16:11:51.977312+00:00 [running]> on host 7de9f6b6c8f6
[2023-12-23T16:11:54.783+0000] {taskinstance.py:2481} INFO - Exporting env vars: AIRFLOW_CTX_DAG_EMAIL='airflow@example.com' AIRFLOW_CTX_DAG_OWNER='airflow' AIRFLOW_CTX_DAG_ID='batch_layer' AIRFLOW_CTX_TASK_ID='consume_data' AIRFLOW_CTX_EXECUTION_DATE='2023-12-23T16:11:51.977312+00:00' AIRFLOW_CTX_TRY_NUMBER='1' AIRFLOW_CTX_DAG_RUN_ID='manual__2023-12-23T16:11:51.977312+00:00'
[2023-12-23T16:11:54.827+0000] {hive.py:475} INFO - USE `finnhub_db`
[2023-12-23T16:11:54.862+0000] {hive.py:475} INFO - 
        CREATE TABLE IF NOT EXISTS finnhub_table
        ROW FORMAT SERDE 'org.apache.hadoop.hive.serde2.avro.AvroSerDe'
        STORED AS INPUTFORMAT 'org.apache.hadoop.hive.ql.io.avro.AvroContainerInputFormat'
        OUTPUTFORMAT 'org.apache.hadoop.hive.ql.io.avro.AvroContainerOutputFormat'
        TBLPROPERTIES ('avro.schema.literal'='{"type": "record", "name": "TradeRecord", "fields": [{"name": "p", "type": "double"}, {"name": "exchange", "type": "string"}, {"name": "crypto_pair", "type": "string"}, {"name": "t", "type": "long"}, {"name": "v", "type": "double"}]}')
    
[2023-12-23T16:11:54.911+0000] {hive.py:475} INFO - USE `finnhub_db`
[2023-12-23T16:11:54.942+0000] {hive.py:475} INFO - 
        CREATE TABLE IF NOT EXISTS temp_avro_data
        ROW FORMAT SERDE 'org.apache.hadoop.hive.serde2.avro.AvroSerDe'
        STORED AS INPUTFORMAT 'org.apache.hadoop.hive.ql.io.avro.AvroContainerInputFormat'
        OUTPUTFORMAT 'org.apache.hadoop.hive.ql.io.avro.AvroContainerOutputFormat'
        TBLPROPERTIES ('avro.schema.literal'='{"type": "record", "name": "TradeRecord", "fields": [{"name": "p", "type": "double"}, {"name": "exchange", "type": "string"}, {"name": "crypto_pair", "type": "string"}, {"name": "t", "type": "long"}, {"name": "v", "type": "double"}]}')
    
[2023-12-23T16:12:09.837+0000] {local_task_job_runner.py:302} WARNING - State of this instance has been externally set to success. Terminating instance.
[2023-12-23T16:12:09.839+0000] {process_utils.py:131} INFO - Sending Signals.SIGTERM to group 4415. PIDs of all processes in the group: [4415]
[2023-12-23T16:12:09.839+0000] {process_utils.py:86} INFO - Sending the signal Signals.SIGTERM to group 4415
[2023-12-23T16:13:09.854+0000] {process_utils.py:149} WARNING - process psutil.Process(pid=4415, name='airflow task runner: batch_layer consume_data manual__2023-12-23T16:11:51.977312+00:00 58', status='sleeping', started='16:11:54') did not respond to SIGTERM. Trying SIGKILL
[2023-12-23T16:13:09.856+0000] {process_utils.py:86} INFO - Sending the signal Signals.SIGKILL to group 4415
[2023-12-23T16:13:09.864+0000] {process_utils.py:79} INFO - Process psutil.Process(pid=4415, name='airflow task runner: batch_layer consume_data manual__2023-12-23T16:11:51.977312+00:00 58', status='terminated', exitcode=<Negsignal.SIGKILL: -9>, started='16:11:54') (4415) terminated with exit code Negsignal.SIGKILL
[2023-12-23T16:13:09.865+0000] {standard_task_runner.py:175} ERROR - Job 58 was killed before it finished (likely due to running out of memory)
