[2023-12-23T14:59:30.468+0000] {taskinstance.py:1957} INFO - Dependencies all met for dep_context=non-requeueable deps ti=<TaskInstance: batch_layer.consume_data manual__2023-12-23T14:59:27.701541+00:00 [queued]>
[2023-12-23T14:59:30.473+0000] {taskinstance.py:1957} INFO - Dependencies all met for dep_context=requeueable deps ti=<TaskInstance: batch_layer.consume_data manual__2023-12-23T14:59:27.701541+00:00 [queued]>
[2023-12-23T14:59:30.473+0000] {taskinstance.py:2171} INFO - Starting attempt 1 of 2
[2023-12-23T14:59:30.485+0000] {taskinstance.py:2192} INFO - Executing <Task(PythonOperator): consume_data> on 2023-12-23 14:59:27.701541+00:00
[2023-12-23T14:59:30.489+0000] {standard_task_runner.py:60} INFO - Started process 3374 to run task
[2023-12-23T14:59:30.491+0000] {standard_task_runner.py:87} INFO - Running: ['airflow', 'tasks', 'run', 'batch_layer', 'consume_data', 'manual__2023-12-23T14:59:27.701541+00:00', '--job-id', '37', '--raw', '--subdir', 'DAGS_FOLDER/BatchLayerDag.py', '--cfg-path', '/tmp/tmp9781elt6']
[2023-12-23T14:59:30.495+0000] {standard_task_runner.py:88} INFO - Job 37: Subtask consume_data
[2023-12-23T14:59:30.523+0000] {task_command.py:423} INFO - Running <TaskInstance: batch_layer.consume_data manual__2023-12-23T14:59:27.701541+00:00 [running]> on host 7de9f6b6c8f6
[2023-12-23T14:59:30.570+0000] {taskinstance.py:2481} INFO - Exporting env vars: AIRFLOW_CTX_DAG_EMAIL='airflow@example.com' AIRFLOW_CTX_DAG_OWNER='airflow' AIRFLOW_CTX_DAG_ID='batch_layer' AIRFLOW_CTX_TASK_ID='consume_data' AIRFLOW_CTX_EXECUTION_DATE='2023-12-23T14:59:27.701541+00:00' AIRFLOW_CTX_TRY_NUMBER='1' AIRFLOW_CTX_DAG_RUN_ID='manual__2023-12-23T14:59:27.701541+00:00'
[2023-12-23T14:59:30.618+0000] {hive.py:475} INFO - USE `finnhub_db`
[2023-12-23T14:59:30.652+0000] {hive.py:475} INFO - 
        CREATE TABLE IF NOT EXISTS finnhub_table
        ROW FORMAT SERDE 'org.apache.hadoop.hive.serde2.avro.AvroSerDe'
        STORED AS INPUTFORMAT 'org.apache.hadoop.hive.ql.io.avro.AvroContainerInputFormat'
        OUTPUTFORMAT 'org.apache.hadoop.hive.ql.io.avro.AvroContainerOutputFormat'
        TBLPROPERTIES ('avro.schema.literal'='{"type": "record", "name": "TradeRecord", "fields": [{"name": "p", "type": "double"}, {"name": "exchange", "type": "string"}, {"name": "crypto_pair", "type": "string"}, {"name": "t", "type": "long"}, {"name": "v", "type": "double"}]}')
    
[2023-12-23T14:59:30.705+0000] {hive.py:475} INFO - USE `finnhub_db`
[2023-12-23T14:59:30.742+0000] {hive.py:475} INFO - 
        CREATE TABLE IF NOT EXISTS temp_avro_data
        ROW FORMAT SERDE 'org.apache.hadoop.hive.serde2.avro.AvroSerDe'
        STORED AS INPUTFORMAT 'org.apache.hadoop.hive.ql.io.avro.AvroContainerInputFormat'
        OUTPUTFORMAT 'org.apache.hadoop.hive.ql.io.avro.AvroContainerOutputFormat'
        TBLPROPERTIES ('avro.schema.literal'='{"type": "record", "name": "TradeRecord", "fields": [{"name": "p", "type": "double"}, {"name": "exchange", "type": "string"}, {"name": "crypto_pair", "type": "string"}, {"name": "t", "type": "long"}, {"name": "v", "type": "double"}]}')
    
[2023-12-23T14:59:30.752+0000] {logging_mixin.py:188} INFO - [[{'c': None, 'p': 43662.51, 's': 'BINANCE:BTCUSDT', 't': 1703338919990, 'v': 0.00166}, {'c': None, 'p': 43662.51, 's': 'BINANCE:BTCUSDT', 't': 1703338919990, 'v': 0.00086}, {'c': None, 'p': 2291.05, 's': 'BINANCE:ETHUSDT', 't': 1703338919990, 'v': 0.0141}, {'c': None, 'p': 43662.51, 's': 'BINANCE:BTCUSDT', 't': 1703338919991, 'v': 0.0019}, {'c': None, 'p': 43662.5, 's': 'BINANCE:BTCUSDT', 't': 1703338919992, 'v': 0.00155}, {'c': None, 'p': 43662.5, 's': 'BINANCE:BTCUSDT', 't': 1703338919992, 'v': 0.00107}, {'c': None, 'p': 2291.05, 's': 'BINANCE:ETHUSDT', 't': 1703338919993, 'v': 0.0459}, {'c': None, 'p': 43662.51, 's': 'BINANCE:BTCUSDT', 't': 1703338919994, 'v': 0.00075}, {'c': None, 'p': 43662.5, 's': 'BINANCE:BTCUSDT', 't': 1703338919994, 'v': 0.00135}, {'c': None, 'p': 2291.05, 's': 'BINANCE:ETHUSDT', 't': 1703338919994, 'v': 0.0203}], [{'c': None, 'p': 43662.51, 's': 'BINANCE:BTCUSDT', 't': 1703338919994, 'v': 0.00124}, {'c': None, 'p': 43662.51, 's': 'BINANCE:BTCUSDT', 't': 1703338919995, 'v': 0.00034}, {'c': None, 'p': 2291.06, 's': 'BINANCE:ETHUSDT', 't': 1703338919995, 'v': 0.0382}, {'c': None, 'p': 2291.06, 's': 'BINANCE:ETHUSDT', 't': 1703338919995, 'v': 0.0061}, {'c': None, 'p': 2291.05, 's': 'BINANCE:ETHUSDT', 't': 1703338919996, 'v': 0.0198}, {'c': None, 'p': 43662.51, 's': 'BINANCE:BTCUSDT', 't': 1703338919996, 'v': 0.00198}, {'c': None, 'p': 2291.06, 's': 'BINANCE:ETHUSDT', 't': 1703338919997, 'v': 0.034}, {'c': None, 'p': 43662.5, 's': 'BINANCE:BTCUSDT', 't': 1703338919997, 'v': 0.00054}, {'c': None, 'p': 43662.5, 's': 'BINANCE:BTCUSDT', 't': 1703338919997, 'v': 0.00185}, {'c': None, 'p': 2291.05, 's': 'BINANCE:ETHUSDT', 't': 1703338919998, 'v': 0.0391}], [{'c': None, 'p': 2291.06, 's': 'BINANCE:ETHUSDT', 't': 1703338919998, 'v': 0.0099}, {'c': None, 'p': 43662.5, 's': 'BINANCE:BTCUSDT', 't': 1703338919999, 'v': 0.00079}, {'c': None, 'p': 2291.05, 's': 'BINANCE:ETHUSDT', 't': 1703338919999, 'v': 0.0116}, {'c': None, 'p': 2291.06, 's': 'BINANCE:ETHUSDT', 't': 1703338919999, 'v': 0.026}, {'c': None, 'p': 43662.5, 's': 'BINANCE:BTCUSDT', 't': 1703338920000, 'v': 0.0017}, {'c': None, 'p': 2291.05, 's': 'BINANCE:ETHUSDT', 't': 1703338920000, 'v': 0.0128}, {'c': None, 'p': 43662.51, 's': 'BINANCE:BTCUSDT', 't': 1703338920000, 'v': 0.00121}, {'c': None, 'p': 2291.06, 's': 'BINANCE:ETHUSDT', 't': 1703338920001, 'v': 0.0317}, {'c': None, 'p': 2291.06, 's': 'BINANCE:ETHUSDT', 't': 1703338920001, 'v': 0.0448}, {'c': None, 'p': 2291.06, 's': 'BINANCE:ETHUSDT', 't': 1703338920001, 'v': 0.0295}], [{'c': None, 'p': 2291.05, 's': 'BINANCE:ETHUSDT', 't': 1703338920003, 'v': 0.0187}, {'c': None, 'p': 43662.51, 's': 'BINANCE:BTCUSDT', 't': 1703338920005, 'v': 0.00136}, {'c': None, 'p': 2291.06, 's': 'BINANCE:ETHUSDT', 't': 1703338920006, 'v': 0.0349}, {'c': None, 'p': 2291.05, 's': 'BINANCE:ETHUSDT', 't': 1703338920007, 'v': 0.0463}, {'c': None, 'p': 43662.51, 's': 'BINANCE:BTCUSDT', 't': 1703338920007, 'v': 0.0014}, {'c': None, 'p': 2291.05, 's': 'BINANCE:ETHUSDT', 't': 1703338920008, 'v': 0.0332}, {'c': None, 'p': 43662.51, 's': 'BINANCE:BTCUSDT', 't': 1703338920008, 'v': 0.00036}, {'c': None, 'p': 43662.51, 's': 'BINANCE:BTCUSDT', 't': 1703338920008, 'v': 0.00191}, {'c': None, 'p': 43662.5, 's': 'BINANCE:BTCUSDT', 't': 1703338920008, 'v': 0.00165}, {'c': None, 'p': 43662.5, 's': 'BINANCE:BTCUSDT', 't': 1703338920008, 'v': 0.00169}], [{'c': None, 'p': 43662.51, 's': 'BINANCE:BTCUSDT', 't': 1703338920008, 'v': 0.00103}, {'c': None, 'p': 43662.51, 's': 'BINANCE:BTCUSDT', 't': 1703338920009, 'v': 0.00256}, {'c': None, 'p': 2291.06, 's': 'BINANCE:ETHUSDT', 't': 1703338920009, 'v': 0.006}, {'c': None, 'p': 43662.5, 's': 'BINANCE:BTCUSDT', 't': 1703338920009, 'v': 0.00158}, {'c': None, 'p': 43662.5, 's': 'BINANCE:BTCUSDT', 't': 1703338920009, 'v': 0.00242}, {'c': None, 'p': 2291.06, 's': 'BINANCE:ETHUSDT', 't': 1703338920009, 'v': 0.0187}, {'c': None, 'p': 2291.06, 's': 'BINANCE:ETHUSDT', 't': 1703338920009, 'v': 0.0231}, {'c': None, 'p': 2291.05, 's': 'BINANCE:ETHUSDT', 't': 1703338920009, 'v': 0.0155}, {'c': None, 'p': 43662.5, 's': 'BINANCE:BTCUSDT', 't': 1703338920009, 'v': 0.00091}, {'c': None, 'p': 43662.51, 's': 'BINANCE:BTCUSDT', 't': 1703338920009, 'v': 0.00174}], [{'c': None, 'p': 43662.5, 's': 'BINANCE:BTCUSDT', 't': 1703338920009, 'v': 0.00233}, {'c': None, 'p': 2291.05, 's': 'BINANCE:ETHUSDT', 't': 1703338920010, 'v': 0.0233}, {'c': None, 'p': 2291.05, 's': 'BINANCE:ETHUSDT', 't': 1703338920010, 'v': 0.0428}, {'c': None, 'p': 2291.06, 's': 'BINANCE:ETHUSDT', 't': 1703338920010, 'v': 0.0267}, {'c': None, 'p': 43662.5, 's': 'BINANCE:BTCUSDT', 't': 1703338920010, 'v': 0.00193}, {'c': None, 'p': 2291.06, 's': 'BINANCE:ETHUSDT', 't': 1703338920010, 'v': 0.028}, {'c': None, 'p': 43662.5, 's': 'BINANCE:BTCUSDT', 't': 1703338920010, 'v': 0.00118}, {'c': None, 'p': 2291.05, 's': 'BINANCE:ETHUSDT', 't': 1703338920010, 'v': 0.0468}, {'c': None, 'p': 2291.06, 's': 'BINANCE:ETHUSDT', 't': 1703338920011, 'v': 0.0161}, {'c': None, 'p': 2291.05, 's': 'BINANCE:ETHUSDT', 't': 1703338920011, 'v': 0.0264}], [{'c': None, 'p': 43662.51, 's': 'BINANCE:BTCUSDT', 't': 1703338920011, 'v': 0.00203}, {'c': None, 'p': 43662.5, 's': 'BINANCE:BTCUSDT', 't': 1703338920011, 'v': 0.00139}, {'c': None, 'p': 43662.5, 's': 'BINANCE:BTCUSDT', 't': 1703338920011, 'v': 0.00077}, {'c': None, 'p': 2291.05, 's': 'BINANCE:ETHUSDT', 't': 1703338920011, 'v': 0.0075}, {'c': None, 'p': 2291.05, 's': 'BINANCE:ETHUSDT', 't': 1703338920012, 'v': 0.0127}, {'c': None, 'p': 43662.5, 's': 'BINANCE:BTCUSDT', 't': 1703338920012, 'v': 0.00027}, {'c': None, 'p': 43662.5, 's': 'BINANCE:BTCUSDT', 't': 1703338920012, 'v': 0.00077}, {'c': None, 'p': 43662.5, 's': 'BINANCE:BTCUSDT', 't': 1703338920012, 'v': 0.00239}, {'c': None, 'p': 2291.06, 's': 'BINANCE:ETHUSDT', 't': 1703338920012, 'v': 0.032}, {'c': None, 'p': 2291.05, 's': 'BINANCE:ETHUSDT', 't': 1703338920013, 'v': 0.0088}], [{'c': None, 'p': 2291.06, 's': 'BINANCE:ETHUSDT', 't': 1703338920013, 'v': 0.0188}, {'c': None, 'p': 2291.05, 's': 'BINANCE:ETHUSDT', 't': 1703338920014, 'v': 0.0428}, {'c': None, 'p': 2291.06, 's': 'BINANCE:ETHUSDT', 't': 1703338920016, 'v': 0.0104}, {'c': None, 'p': 2291.06, 's': 'BINANCE:ETHUSDT', 't': 1703338920016, 'v': 0.0105}, {'c': None, 'p': 2291.06, 's': 'BINANCE:ETHUSDT', 't': 1703338920020, 'v': 0.031}, {'c': None, 'p': 43662.5, 's': 'BINANCE:BTCUSDT', 't': 1703338920021, 'v': 0.00202}, {'c': None, 'p': 2291.06, 's': 'BINANCE:ETHUSDT', 't': 1703338920022, 'v': 0.0069}, {'c': None, 'p': 43662.51, 's': 'BINANCE:BTCUSDT', 't': 1703338920024, 'v': 0.00168}, {'c': None, 'p': 2291.06, 's': 'BINANCE:ETHUSDT', 't': 1703338920026, 'v': 0.0191}, {'c': None, 'p': 43662.51, 's': 'BINANCE:BTCUSDT', 't': 1703338920026, 'v': 0.00063}], [{'c': None, 'p': 43662.5, 's': 'BINANCE:BTCUSDT', 't': 1703338920030, 'v': 0.00228}, {'c': None, 'p': 2291.06, 's': 'BINANCE:ETHUSDT', 't': 1703338920031, 'v': 0.0113}, {'c': None, 'p': 2291.05, 's': 'BINANCE:ETHUSDT', 't': 1703338920038, 'v': 0.0209}, {'c': None, 'p': 2291.05, 's': 'BINANCE:ETHUSDT', 't': 1703338920040, 'v': 0.0314}, {'c': None, 'p': 43662.51, 's': 'BINANCE:BTCUSDT', 't': 1703338920040, 'v': 0.00179}, {'c': None, 'p': 43662.5, 's': 'BINANCE:BTCUSDT', 't': 1703338920041, 'v': 0.00091}, {'c': None, 'p': 2291.05, 's': 'BINANCE:ETHUSDT', 't': 1703338920045, 'v': 0.0135}, {'c': None, 'p': 2291.05, 's': 'BINANCE:ETHUSDT', 't': 1703338920046, 'v': 0.0406}, {'c': None, 'p': 43662.5, 's': 'BINANCE:BTCUSDT', 't': 1703338920046, 'v': 0.00063}, {'c': None, 'p': 43662.5, 's': 'BINANCE:BTCUSDT', 't': 1703338920047, 'v': 0.00145}], [{'c': None, 'p': 2291.05, 's': 'BINANCE:ETHUSDT', 't': 1703338920050, 'v': 0.0478}, {'c': None, 'p': 2291.06, 's': 'BINANCE:ETHUSDT', 't': 1703338920052, 'v': 0.0163}, {'c': None, 'p': 2291.06, 's': 'BINANCE:ETHUSDT', 't': 1703338920057, 'v': 0.0369}]]
[2023-12-23T14:59:30.753+0000] {hive.py:475} INFO - 
                            INSERT INTO temp_avro_data
                            VALUES (

                                43662.51,
                                'BINANCE',  -- New 'exchange' attribute
                                'BTCUSDT',  -- New 'crypto_pair' attribute
                                1703338919990,
                                0.00166
                            )
                        
[2023-12-23T14:59:33.299+0000] {hive.py:475} INFO - 
                            INSERT INTO temp_avro_data
                            VALUES (

                                43662.51,
                                'BINANCE',  -- New 'exchange' attribute
                                'BTCUSDT',  -- New 'crypto_pair' attribute
                                1703338919990,
                                0.00086
                            )
                        
[2023-12-23T14:59:35.975+0000] {hive.py:475} INFO - 
                            INSERT INTO temp_avro_data
                            VALUES (

                                2291.05,
                                'BINANCE',  -- New 'exchange' attribute
                                'ETHUSDT',  -- New 'crypto_pair' attribute
                                1703338919990,
                                0.0141
                            )
                        
[2023-12-23T14:59:38.676+0000] {hive.py:475} INFO - 
                            INSERT INTO temp_avro_data
                            VALUES (

                                43662.51,
                                'BINANCE',  -- New 'exchange' attribute
                                'BTCUSDT',  -- New 'crypto_pair' attribute
                                1703338919991,
                                0.0019
                            )
                        
[2023-12-23T14:59:41.351+0000] {hive.py:475} INFO - 
                            INSERT INTO temp_avro_data
                            VALUES (

                                43662.5,
                                'BINANCE',  -- New 'exchange' attribute
                                'BTCUSDT',  -- New 'crypto_pair' attribute
                                1703338919992,
                                0.00155
                            )
                        
[2023-12-23T14:59:44.133+0000] {hive.py:475} INFO - 
                            INSERT INTO temp_avro_data
                            VALUES (

                                43662.5,
                                'BINANCE',  -- New 'exchange' attribute
                                'BTCUSDT',  -- New 'crypto_pair' attribute
                                1703338919992,
                                0.00107
                            )
                        
[2023-12-23T14:59:46.826+0000] {hive.py:475} INFO - 
                            INSERT INTO temp_avro_data
                            VALUES (

                                2291.05,
                                'BINANCE',  -- New 'exchange' attribute
                                'ETHUSDT',  -- New 'crypto_pair' attribute
                                1703338919993,
                                0.0459
                            )
                        
[2023-12-23T14:59:50.194+0000] {hive.py:475} INFO - 
                            INSERT INTO temp_avro_data
                            VALUES (

                                43662.51,
                                'BINANCE',  -- New 'exchange' attribute
                                'BTCUSDT',  -- New 'crypto_pair' attribute
                                1703338919994,
                                0.00075
                            )
                        
[2023-12-23T14:59:52.947+0000] {hive.py:475} INFO - 
                            INSERT INTO temp_avro_data
                            VALUES (

                                43662.5,
                                'BINANCE',  -- New 'exchange' attribute
                                'BTCUSDT',  -- New 'crypto_pair' attribute
                                1703338919994,
                                0.00135
                            )
                        
[2023-12-23T14:59:55.645+0000] {hive.py:475} INFO - 
                            INSERT INTO temp_avro_data
                            VALUES (

                                2291.05,
                                'BINANCE',  -- New 'exchange' attribute
                                'ETHUSDT',  -- New 'crypto_pair' attribute
                                1703338919994,
                                0.0203
                            )
                        
[2023-12-23T14:59:58.282+0000] {hive.py:475} INFO - 
                            INSERT INTO temp_avro_data
                            VALUES (

                                43662.51,
                                'BINANCE',  -- New 'exchange' attribute
                                'BTCUSDT',  -- New 'crypto_pair' attribute
                                1703338919994,
                                0.00124
                            )
                        
[2023-12-23T15:00:01.132+0000] {hive.py:475} INFO - 
                            INSERT INTO temp_avro_data
                            VALUES (

                                43662.51,
                                'BINANCE',  -- New 'exchange' attribute
                                'BTCUSDT',  -- New 'crypto_pair' attribute
                                1703338919995,
                                0.00034
                            )
                        
[2023-12-23T15:00:03.950+0000] {hive.py:475} INFO - 
                            INSERT INTO temp_avro_data
                            VALUES (

                                2291.06,
                                'BINANCE',  -- New 'exchange' attribute
                                'ETHUSDT',  -- New 'crypto_pair' attribute
                                1703338919995,
                                0.0382
                            )
                        
[2023-12-23T15:00:06.818+0000] {hive.py:475} INFO - 
                            INSERT INTO temp_avro_data
                            VALUES (

                                2291.06,
                                'BINANCE',  -- New 'exchange' attribute
                                'ETHUSDT',  -- New 'crypto_pair' attribute
                                1703338919995,
                                0.0061
                            )
                        
[2023-12-23T15:00:09.630+0000] {hive.py:475} INFO - 
                            INSERT INTO temp_avro_data
                            VALUES (

                                2291.05,
                                'BINANCE',  -- New 'exchange' attribute
                                'ETHUSDT',  -- New 'crypto_pair' attribute
                                1703338919996,
                                0.0198
                            )
                        
[2023-12-23T15:00:12.388+0000] {hive.py:475} INFO - 
                            INSERT INTO temp_avro_data
                            VALUES (

                                43662.51,
                                'BINANCE',  -- New 'exchange' attribute
                                'BTCUSDT',  -- New 'crypto_pair' attribute
                                1703338919996,
                                0.00198
                            )
                        
[2023-12-23T15:00:15.154+0000] {hive.py:475} INFO - 
                            INSERT INTO temp_avro_data
                            VALUES (

                                2291.06,
                                'BINANCE',  -- New 'exchange' attribute
                                'ETHUSDT',  -- New 'crypto_pair' attribute
                                1703338919997,
                                0.034
                            )
                        
[2023-12-23T15:00:18.019+0000] {hive.py:475} INFO - 
                            INSERT INTO temp_avro_data
                            VALUES (

                                43662.5,
                                'BINANCE',  -- New 'exchange' attribute
                                'BTCUSDT',  -- New 'crypto_pair' attribute
                                1703338919997,
                                0.00054
                            )
                        
[2023-12-23T15:00:20.955+0000] {hive.py:475} INFO - 
                            INSERT INTO temp_avro_data
                            VALUES (

                                43662.5,
                                'BINANCE',  -- New 'exchange' attribute
                                'BTCUSDT',  -- New 'crypto_pair' attribute
                                1703338919997,
                                0.00185
                            )
                        
[2023-12-23T15:00:23.800+0000] {hive.py:475} INFO - 
                            INSERT INTO temp_avro_data
                            VALUES (

                                2291.05,
                                'BINANCE',  -- New 'exchange' attribute
                                'ETHUSDT',  -- New 'crypto_pair' attribute
                                1703338919998,
                                0.0391
                            )
                        
[2023-12-23T15:00:26.983+0000] {hive.py:475} INFO - 
                            INSERT INTO temp_avro_data
                            VALUES (

                                2291.06,
                                'BINANCE',  -- New 'exchange' attribute
                                'ETHUSDT',  -- New 'crypto_pair' attribute
                                1703338919998,
                                0.0099
                            )
                        
[2023-12-23T15:00:29.841+0000] {hive.py:475} INFO - 
                            INSERT INTO temp_avro_data
                            VALUES (

                                43662.5,
                                'BINANCE',  -- New 'exchange' attribute
                                'BTCUSDT',  -- New 'crypto_pair' attribute
                                1703338919999,
                                0.00079
                            )
                        
[2023-12-23T15:00:32.752+0000] {hive.py:475} INFO - 
                            INSERT INTO temp_avro_data
                            VALUES (

                                2291.05,
                                'BINANCE',  -- New 'exchange' attribute
                                'ETHUSDT',  -- New 'crypto_pair' attribute
                                1703338919999,
                                0.0116
                            )
                        
[2023-12-23T15:00:35.746+0000] {hive.py:475} INFO - 
                            INSERT INTO temp_avro_data
                            VALUES (

                                2291.06,
                                'BINANCE',  -- New 'exchange' attribute
                                'ETHUSDT',  -- New 'crypto_pair' attribute
                                1703338919999,
                                0.026
                            )
                        
[2023-12-23T15:00:38.574+0000] {hive.py:475} INFO - 
                            INSERT INTO temp_avro_data
                            VALUES (

                                43662.5,
                                'BINANCE',  -- New 'exchange' attribute
                                'BTCUSDT',  -- New 'crypto_pair' attribute
                                1703338920000,
                                0.0017
                            )
                        
[2023-12-23T15:00:41.393+0000] {hive.py:475} INFO - 
                            INSERT INTO temp_avro_data
                            VALUES (

                                2291.05,
                                'BINANCE',  -- New 'exchange' attribute
                                'ETHUSDT',  -- New 'crypto_pair' attribute
                                1703338920000,
                                0.0128
                            )
                        
[2023-12-23T15:00:44.650+0000] {hive.py:475} INFO - 
                            INSERT INTO temp_avro_data
                            VALUES (

                                43662.51,
                                'BINANCE',  -- New 'exchange' attribute
                                'BTCUSDT',  -- New 'crypto_pair' attribute
                                1703338920000,
                                0.00121
                            )
                        
[2023-12-23T15:00:47.512+0000] {hive.py:475} INFO - 
                            INSERT INTO temp_avro_data
                            VALUES (

                                2291.06,
                                'BINANCE',  -- New 'exchange' attribute
                                'ETHUSDT',  -- New 'crypto_pair' attribute
                                1703338920001,
                                0.0317
                            )
                        
[2023-12-23T15:00:50.504+0000] {hive.py:475} INFO - 
                            INSERT INTO temp_avro_data
                            VALUES (

                                2291.06,
                                'BINANCE',  -- New 'exchange' attribute
                                'ETHUSDT',  -- New 'crypto_pair' attribute
                                1703338920001,
                                0.0448
                            )
                        
[2023-12-23T15:00:53.481+0000] {hive.py:475} INFO - 
                            INSERT INTO temp_avro_data
                            VALUES (

                                2291.06,
                                'BINANCE',  -- New 'exchange' attribute
                                'ETHUSDT',  -- New 'crypto_pair' attribute
                                1703338920001,
                                0.0295
                            )
                        
[2023-12-23T15:00:56.397+0000] {hive.py:475} INFO - 
                            INSERT INTO temp_avro_data
                            VALUES (

                                2291.05,
                                'BINANCE',  -- New 'exchange' attribute
                                'ETHUSDT',  -- New 'crypto_pair' attribute
                                1703338920003,
                                0.0187
                            )
                        
[2023-12-23T15:00:59.255+0000] {hive.py:475} INFO - 
                            INSERT INTO temp_avro_data
                            VALUES (

                                43662.51,
                                'BINANCE',  -- New 'exchange' attribute
                                'BTCUSDT',  -- New 'crypto_pair' attribute
                                1703338920005,
                                0.00136
                            )
                        
[2023-12-23T15:01:02.063+0000] {hive.py:475} INFO - 
                            INSERT INTO temp_avro_data
                            VALUES (

                                2291.06,
                                'BINANCE',  -- New 'exchange' attribute
                                'ETHUSDT',  -- New 'crypto_pair' attribute
                                1703338920006,
                                0.0349
                            )
                        
[2023-12-23T15:01:04.868+0000] {hive.py:475} INFO - 
                            INSERT INTO temp_avro_data
                            VALUES (

                                2291.05,
                                'BINANCE',  -- New 'exchange' attribute
                                'ETHUSDT',  -- New 'crypto_pair' attribute
                                1703338920007,
                                0.0463
                            )
                        
[2023-12-23T15:01:08.293+0000] {hive.py:475} INFO - 
                            INSERT INTO temp_avro_data
                            VALUES (

                                43662.51,
                                'BINANCE',  -- New 'exchange' attribute
                                'BTCUSDT',  -- New 'crypto_pair' attribute
                                1703338920007,
                                0.0014
                            )
                        
[2023-12-23T15:01:11.550+0000] {hive.py:475} INFO - 
                            INSERT INTO temp_avro_data
                            VALUES (

                                2291.05,
                                'BINANCE',  -- New 'exchange' attribute
                                'ETHUSDT',  -- New 'crypto_pair' attribute
                                1703338920008,
                                0.0332
                            )
                        
[2023-12-23T15:01:14.552+0000] {hive.py:475} INFO - 
                            INSERT INTO temp_avro_data
                            VALUES (

                                43662.51,
                                'BINANCE',  -- New 'exchange' attribute
                                'BTCUSDT',  -- New 'crypto_pair' attribute
                                1703338920008,
                                0.00036
                            )
                        
[2023-12-23T15:01:17.351+0000] {hive.py:475} INFO - 
                            INSERT INTO temp_avro_data
                            VALUES (

                                43662.51,
                                'BINANCE',  -- New 'exchange' attribute
                                'BTCUSDT',  -- New 'crypto_pair' attribute
                                1703338920008,
                                0.00191
                            )
                        
[2023-12-23T15:01:20.253+0000] {hive.py:475} INFO - 
                            INSERT INTO temp_avro_data
                            VALUES (

                                43662.5,
                                'BINANCE',  -- New 'exchange' attribute
                                'BTCUSDT',  -- New 'crypto_pair' attribute
                                1703338920008,
                                0.00165
                            )
                        
[2023-12-23T15:01:23.168+0000] {hive.py:475} INFO - 
                            INSERT INTO temp_avro_data
                            VALUES (

                                43662.5,
                                'BINANCE',  -- New 'exchange' attribute
                                'BTCUSDT',  -- New 'crypto_pair' attribute
                                1703338920008,
                                0.00169
                            )
                        
[2023-12-23T15:01:25.981+0000] {hive.py:475} INFO - 
                            INSERT INTO temp_avro_data
                            VALUES (

                                43662.51,
                                'BINANCE',  -- New 'exchange' attribute
                                'BTCUSDT',  -- New 'crypto_pair' attribute
                                1703338920008,
                                0.00103
                            )
                        
[2023-12-23T15:01:28.819+0000] {hive.py:475} INFO - 
                            INSERT INTO temp_avro_data
                            VALUES (

                                43662.51,
                                'BINANCE',  -- New 'exchange' attribute
                                'BTCUSDT',  -- New 'crypto_pair' attribute
                                1703338920009,
                                0.00256
                            )
                        
[2023-12-23T15:01:31.759+0000] {hive.py:475} INFO - 
                            INSERT INTO temp_avro_data
                            VALUES (

                                2291.06,
                                'BINANCE',  -- New 'exchange' attribute
                                'ETHUSDT',  -- New 'crypto_pair' attribute
                                1703338920009,
                                0.006
                            )
                        
[2023-12-23T15:01:35.334+0000] {hive.py:475} INFO - 
                            INSERT INTO temp_avro_data
                            VALUES (

                                43662.5,
                                'BINANCE',  -- New 'exchange' attribute
                                'BTCUSDT',  -- New 'crypto_pair' attribute
                                1703338920009,
                                0.00158
                            )
                        
[2023-12-23T15:01:38.180+0000] {hive.py:475} INFO - 
                            INSERT INTO temp_avro_data
                            VALUES (

                                43662.5,
                                'BINANCE',  -- New 'exchange' attribute
                                'BTCUSDT',  -- New 'crypto_pair' attribute
                                1703338920009,
                                0.00242
                            )
                        
[2023-12-23T15:01:41.132+0000] {hive.py:475} INFO - 
                            INSERT INTO temp_avro_data
                            VALUES (

                                2291.06,
                                'BINANCE',  -- New 'exchange' attribute
                                'ETHUSDT',  -- New 'crypto_pair' attribute
                                1703338920009,
                                0.0187
                            )
                        
[2023-12-23T15:01:43.936+0000] {hive.py:475} INFO - 
                            INSERT INTO temp_avro_data
                            VALUES (

                                2291.06,
                                'BINANCE',  -- New 'exchange' attribute
                                'ETHUSDT',  -- New 'crypto_pair' attribute
                                1703338920009,
                                0.0231
                            )
                        
[2023-12-23T15:01:46.820+0000] {hive.py:475} INFO - 
                            INSERT INTO temp_avro_data
                            VALUES (

                                2291.05,
                                'BINANCE',  -- New 'exchange' attribute
                                'ETHUSDT',  -- New 'crypto_pair' attribute
                                1703338920009,
                                0.0155
                            )
                        
[2023-12-23T15:01:49.701+0000] {hive.py:475} INFO - 
                            INSERT INTO temp_avro_data
                            VALUES (

                                43662.5,
                                'BINANCE',  -- New 'exchange' attribute
                                'BTCUSDT',  -- New 'crypto_pair' attribute
                                1703338920009,
                                0.00091
                            )
                        
[2023-12-23T15:01:52.486+0000] {hive.py:475} INFO - 
                            INSERT INTO temp_avro_data
                            VALUES (

                                43662.51,
                                'BINANCE',  -- New 'exchange' attribute
                                'BTCUSDT',  -- New 'crypto_pair' attribute
                                1703338920009,
                                0.00174
                            )
                        
[2023-12-23T15:01:55.366+0000] {hive.py:475} INFO - 
                            INSERT INTO temp_avro_data
                            VALUES (

                                43662.5,
                                'BINANCE',  -- New 'exchange' attribute
                                'BTCUSDT',  -- New 'crypto_pair' attribute
                                1703338920009,
                                0.00233
                            )
                        
[2023-12-23T15:01:58.197+0000] {hive.py:475} INFO - 
                            INSERT INTO temp_avro_data
                            VALUES (

                                2291.05,
                                'BINANCE',  -- New 'exchange' attribute
                                'ETHUSDT',  -- New 'crypto_pair' attribute
                                1703338920010,
                                0.0233
                            )
                        
[2023-12-23T15:02:01.064+0000] {hive.py:475} INFO - 
                            INSERT INTO temp_avro_data
                            VALUES (

                                2291.05,
                                'BINANCE',  -- New 'exchange' attribute
                                'ETHUSDT',  -- New 'crypto_pair' attribute
                                1703338920010,
                                0.0428
                            )
                        
[2023-12-23T15:02:03.982+0000] {hive.py:475} INFO - 
                            INSERT INTO temp_avro_data
                            VALUES (

                                2291.06,
                                'BINANCE',  -- New 'exchange' attribute
                                'ETHUSDT',  -- New 'crypto_pair' attribute
                                1703338920010,
                                0.0267
                            )
                        
[2023-12-23T15:02:06.799+0000] {hive.py:475} INFO - 
                            INSERT INTO temp_avro_data
                            VALUES (

                                43662.5,
                                'BINANCE',  -- New 'exchange' attribute
                                'BTCUSDT',  -- New 'crypto_pair' attribute
                                1703338920010,
                                0.00193
                            )
                        
[2023-12-23T15:02:09.579+0000] {hive.py:475} INFO - 
                            INSERT INTO temp_avro_data
                            VALUES (

                                2291.06,
                                'BINANCE',  -- New 'exchange' attribute
                                'ETHUSDT',  -- New 'crypto_pair' attribute
                                1703338920010,
                                0.028
                            )
                        
[2023-12-23T15:02:12.454+0000] {hive.py:475} INFO - 
                            INSERT INTO temp_avro_data
                            VALUES (

                                43662.5,
                                'BINANCE',  -- New 'exchange' attribute
                                'BTCUSDT',  -- New 'crypto_pair' attribute
                                1703338920010,
                                0.00118
                            )
                        
[2023-12-23T15:02:15.907+0000] {hive.py:475} INFO - 
                            INSERT INTO temp_avro_data
                            VALUES (

                                2291.05,
                                'BINANCE',  -- New 'exchange' attribute
                                'ETHUSDT',  -- New 'crypto_pair' attribute
                                1703338920010,
                                0.0468
                            )
                        
[2023-12-23T15:02:18.728+0000] {hive.py:475} INFO - 
                            INSERT INTO temp_avro_data
                            VALUES (

                                2291.06,
                                'BINANCE',  -- New 'exchange' attribute
                                'ETHUSDT',  -- New 'crypto_pair' attribute
                                1703338920011,
                                0.0161
                            )
                        
[2023-12-23T15:02:21.617+0000] {hive.py:475} INFO - 
                            INSERT INTO temp_avro_data
                            VALUES (

                                2291.05,
                                'BINANCE',  -- New 'exchange' attribute
                                'ETHUSDT',  -- New 'crypto_pair' attribute
                                1703338920011,
                                0.0264
                            )
                        
[2023-12-23T15:02:24.896+0000] {hive.py:475} INFO - 
                            INSERT INTO temp_avro_data
                            VALUES (

                                43662.51,
                                'BINANCE',  -- New 'exchange' attribute
                                'BTCUSDT',  -- New 'crypto_pair' attribute
                                1703338920011,
                                0.00203
                            )
                        
[2023-12-23T15:02:27.750+0000] {hive.py:475} INFO - 
                            INSERT INTO temp_avro_data
                            VALUES (

                                43662.5,
                                'BINANCE',  -- New 'exchange' attribute
                                'BTCUSDT',  -- New 'crypto_pair' attribute
                                1703338920011,
                                0.00139
                            )
                        
[2023-12-23T15:02:30.582+0000] {hive.py:475} INFO - 
                            INSERT INTO temp_avro_data
                            VALUES (

                                43662.5,
                                'BINANCE',  -- New 'exchange' attribute
                                'BTCUSDT',  -- New 'crypto_pair' attribute
                                1703338920011,
                                0.00077
                            )
                        
[2023-12-23T15:02:33.394+0000] {hive.py:475} INFO - 
                            INSERT INTO temp_avro_data
                            VALUES (

                                2291.05,
                                'BINANCE',  -- New 'exchange' attribute
                                'ETHUSDT',  -- New 'crypto_pair' attribute
                                1703338920011,
                                0.0075
                            )
                        
[2023-12-23T15:02:36.198+0000] {hive.py:475} INFO - 
                            INSERT INTO temp_avro_data
                            VALUES (

                                2291.05,
                                'BINANCE',  -- New 'exchange' attribute
                                'ETHUSDT',  -- New 'crypto_pair' attribute
                                1703338920012,
                                0.0127
                            )
                        
[2023-12-23T15:02:39.022+0000] {hive.py:475} INFO - 
                            INSERT INTO temp_avro_data
                            VALUES (

                                43662.5,
                                'BINANCE',  -- New 'exchange' attribute
                                'BTCUSDT',  -- New 'crypto_pair' attribute
                                1703338920012,
                                0.00027
                            )
                        
[2023-12-23T15:02:42.232+0000] {hive.py:475} INFO - 
                            INSERT INTO temp_avro_data
                            VALUES (

                                43662.5,
                                'BINANCE',  -- New 'exchange' attribute
                                'BTCUSDT',  -- New 'crypto_pair' attribute
                                1703338920012,
                                0.00077
                            )
                        
[2023-12-23T15:02:45.045+0000] {hive.py:475} INFO - 
                            INSERT INTO temp_avro_data
                            VALUES (

                                43662.5,
                                'BINANCE',  -- New 'exchange' attribute
                                'BTCUSDT',  -- New 'crypto_pair' attribute
                                1703338920012,
                                0.00239
                            )
                        
[2023-12-23T15:02:47.963+0000] {hive.py:475} INFO - 
                            INSERT INTO temp_avro_data
                            VALUES (

                                2291.06,
                                'BINANCE',  -- New 'exchange' attribute
                                'ETHUSDT',  -- New 'crypto_pair' attribute
                                1703338920012,
                                0.032
                            )
                        
[2023-12-23T15:02:50.793+0000] {hive.py:475} INFO - 
                            INSERT INTO temp_avro_data
                            VALUES (

                                2291.05,
                                'BINANCE',  -- New 'exchange' attribute
                                'ETHUSDT',  -- New 'crypto_pair' attribute
                                1703338920013,
                                0.0088
                            )
                        
[2023-12-23T15:02:53.658+0000] {hive.py:475} INFO - 
                            INSERT INTO temp_avro_data
                            VALUES (

                                2291.06,
                                'BINANCE',  -- New 'exchange' attribute
                                'ETHUSDT',  -- New 'crypto_pair' attribute
                                1703338920013,
                                0.0188
                            )
                        
[2023-12-23T15:02:56.547+0000] {hive.py:475} INFO - 
                            INSERT INTO temp_avro_data
                            VALUES (

                                2291.05,
                                'BINANCE',  -- New 'exchange' attribute
                                'ETHUSDT',  -- New 'crypto_pair' attribute
                                1703338920014,
                                0.0428
                            )
                        
[2023-12-23T15:02:59.339+0000] {hive.py:475} INFO - 
                            INSERT INTO temp_avro_data
                            VALUES (

                                2291.06,
                                'BINANCE',  -- New 'exchange' attribute
                                'ETHUSDT',  -- New 'crypto_pair' attribute
                                1703338920016,
                                0.0104
                            )
                        
[2023-12-23T15:03:02.154+0000] {hive.py:475} INFO - 
                            INSERT INTO temp_avro_data
                            VALUES (

                                2291.06,
                                'BINANCE',  -- New 'exchange' attribute
                                'ETHUSDT',  -- New 'crypto_pair' attribute
                                1703338920016,
                                0.0105
                            )
                        
[2023-12-23T15:03:04.955+0000] {hive.py:475} INFO - 
                            INSERT INTO temp_avro_data
                            VALUES (

                                2291.06,
                                'BINANCE',  -- New 'exchange' attribute
                                'ETHUSDT',  -- New 'crypto_pair' attribute
                                1703338920020,
                                0.031
                            )
                        
[2023-12-23T15:03:07.772+0000] {hive.py:475} INFO - 
                            INSERT INTO temp_avro_data
                            VALUES (

                                43662.5,
                                'BINANCE',  -- New 'exchange' attribute
                                'BTCUSDT',  -- New 'crypto_pair' attribute
                                1703338920021,
                                0.00202
                            )
                        
[2023-12-23T15:03:10.599+0000] {hive.py:475} INFO - 
                            INSERT INTO temp_avro_data
                            VALUES (

                                2291.06,
                                'BINANCE',  -- New 'exchange' attribute
                                'ETHUSDT',  -- New 'crypto_pair' attribute
                                1703338920022,
                                0.0069
                            )
                        
[2023-12-23T15:03:13.439+0000] {hive.py:475} INFO - 
                            INSERT INTO temp_avro_data
                            VALUES (

                                43662.51,
                                'BINANCE',  -- New 'exchange' attribute
                                'BTCUSDT',  -- New 'crypto_pair' attribute
                                1703338920024,
                                0.00168
                            )
                        
[2023-12-23T15:03:16.260+0000] {hive.py:475} INFO - 
                            INSERT INTO temp_avro_data
                            VALUES (

                                2291.06,
                                'BINANCE',  -- New 'exchange' attribute
                                'ETHUSDT',  -- New 'crypto_pair' attribute
                                1703338920026,
                                0.0191
                            )
                        
[2023-12-23T15:03:19.288+0000] {hive.py:475} INFO - 
                            INSERT INTO temp_avro_data
                            VALUES (

                                43662.51,
                                'BINANCE',  -- New 'exchange' attribute
                                'BTCUSDT',  -- New 'crypto_pair' attribute
                                1703338920026,
                                0.00063
                            )
                        
[2023-12-23T15:03:22.233+0000] {hive.py:475} INFO - 
                            INSERT INTO temp_avro_data
                            VALUES (

                                43662.5,
                                'BINANCE',  -- New 'exchange' attribute
                                'BTCUSDT',  -- New 'crypto_pair' attribute
                                1703338920030,
                                0.00228
                            )
                        
[2023-12-23T15:03:25.167+0000] {hive.py:475} INFO - 
                            INSERT INTO temp_avro_data
                            VALUES (

                                2291.06,
                                'BINANCE',  -- New 'exchange' attribute
                                'ETHUSDT',  -- New 'crypto_pair' attribute
                                1703338920031,
                                0.0113
                            )
                        
[2023-12-23T15:03:28.027+0000] {hive.py:475} INFO - 
                            INSERT INTO temp_avro_data
                            VALUES (

                                2291.05,
                                'BINANCE',  -- New 'exchange' attribute
                                'ETHUSDT',  -- New 'crypto_pair' attribute
                                1703338920038,
                                0.0209
                            )
                        
[2023-12-23T15:03:31.005+0000] {hive.py:475} INFO - 
                            INSERT INTO temp_avro_data
                            VALUES (

                                2291.05,
                                'BINANCE',  -- New 'exchange' attribute
                                'ETHUSDT',  -- New 'crypto_pair' attribute
                                1703338920040,
                                0.0314
                            )
                        
[2023-12-23T15:03:33.911+0000] {hive.py:475} INFO - 
                            INSERT INTO temp_avro_data
                            VALUES (

                                43662.51,
                                'BINANCE',  -- New 'exchange' attribute
                                'BTCUSDT',  -- New 'crypto_pair' attribute
                                1703338920040,
                                0.00179
                            )
                        
[2023-12-23T15:03:36.853+0000] {hive.py:475} INFO - 
                            INSERT INTO temp_avro_data
                            VALUES (

                                43662.5,
                                'BINANCE',  -- New 'exchange' attribute
                                'BTCUSDT',  -- New 'crypto_pair' attribute
                                1703338920041,
                                0.00091
                            )
                        
[2023-12-23T15:03:39.800+0000] {hive.py:475} INFO - 
                            INSERT INTO temp_avro_data
                            VALUES (

                                2291.05,
                                'BINANCE',  -- New 'exchange' attribute
                                'ETHUSDT',  -- New 'crypto_pair' attribute
                                1703338920045,
                                0.0135
                            )
                        
[2023-12-23T15:03:42.746+0000] {hive.py:475} INFO - 
                            INSERT INTO temp_avro_data
                            VALUES (

                                2291.05,
                                'BINANCE',  -- New 'exchange' attribute
                                'ETHUSDT',  -- New 'crypto_pair' attribute
                                1703338920046,
                                0.0406
                            )
                        
[2023-12-23T15:03:45.698+0000] {hive.py:475} INFO - 
                            INSERT INTO temp_avro_data
                            VALUES (

                                43662.5,
                                'BINANCE',  -- New 'exchange' attribute
                                'BTCUSDT',  -- New 'crypto_pair' attribute
                                1703338920046,
                                0.00063
                            )
                        
[2023-12-23T15:03:48.756+0000] {hive.py:475} INFO - 
                            INSERT INTO temp_avro_data
                            VALUES (

                                43662.5,
                                'BINANCE',  -- New 'exchange' attribute
                                'BTCUSDT',  -- New 'crypto_pair' attribute
                                1703338920047,
                                0.00145
                            )
                        
[2023-12-23T15:03:51.710+0000] {hive.py:475} INFO - 
                            INSERT INTO temp_avro_data
                            VALUES (

                                2291.05,
                                'BINANCE',  -- New 'exchange' attribute
                                'ETHUSDT',  -- New 'crypto_pair' attribute
                                1703338920050,
                                0.0478
                            )
                        
[2023-12-23T15:03:54.659+0000] {hive.py:475} INFO - 
                            INSERT INTO temp_avro_data
                            VALUES (

                                2291.06,
                                'BINANCE',  -- New 'exchange' attribute
                                'ETHUSDT',  -- New 'crypto_pair' attribute
                                1703338920052,
                                0.0163
                            )
                        
[2023-12-23T15:03:57.598+0000] {hive.py:475} INFO - 
                            INSERT INTO temp_avro_data
                            VALUES (

                                2291.06,
                                'BINANCE',  -- New 'exchange' attribute
                                'ETHUSDT',  -- New 'crypto_pair' attribute
                                1703338920057,
                                0.0369
                            )
                        
[2023-12-23T15:04:00.509+0000] {logging_mixin.py:188} INFO - 
Inserting batch into Hive...
[2023-12-23T15:04:00.512+0000] {hive.py:475} INFO - 
            INSERT INTO TABLE finnhub_table 
            SELECT *
            FROM temp_avro_data
        
[2023-12-23T15:06:50.263+0000] {logging_mixin.py:188} INFO - Batch successfully inserted into Hive.
[2023-12-23T15:06:50.264+0000] {logging_mixin.py:188} INFO - finish
[2023-12-23T15:06:50.275+0000] {python.py:201} INFO - Done. Returned value was: None
[2023-12-23T15:06:50.284+0000] {taskinstance.py:1138} INFO - Marking task as SUCCESS. dag_id=batch_layer, task_id=consume_data, execution_date=20231223T145927, start_date=20231223T145930, end_date=20231223T150650
[2023-12-23T15:06:50.304+0000] {local_task_job_runner.py:234} INFO - Task exited with return code 0
[2023-12-23T15:06:50.318+0000] {taskinstance.py:3281} INFO - 2 downstream tasks scheduled from follow-on schedule check
