[2023-12-26T17:01:19.193+0000] {taskinstance.py:1957} INFO - Dependencies all met for dep_context=non-requeueable deps ti=<TaskInstance: batch_layer.batch_0 manual__2023-12-26T16:47:30.882707+00:00 [queued]>
[2023-12-26T17:01:19.198+0000] {taskinstance.py:1957} INFO - Dependencies all met for dep_context=requeueable deps ti=<TaskInstance: batch_layer.batch_0 manual__2023-12-26T16:47:30.882707+00:00 [queued]>
[2023-12-26T17:01:19.199+0000] {taskinstance.py:2171} INFO - Starting attempt 2 of 2
[2023-12-26T17:01:19.211+0000] {taskinstance.py:2192} INFO - Executing <Task(PythonOperator): batch_0> on 2023-12-26 16:47:30.882707+00:00
[2023-12-26T17:01:19.217+0000] {standard_task_runner.py:60} INFO - Started process 481 to run task
[2023-12-26T17:01:19.220+0000] {standard_task_runner.py:87} INFO - Running: ['airflow', 'tasks', 'run', 'batch_layer', 'batch_0', 'manual__2023-12-26T16:47:30.882707+00:00', '--job-id', '12', '--raw', '--subdir', 'DAGS_FOLDER/BatchLayerDag.py', '--cfg-path', '/tmp/tmpvwero9g9']
[2023-12-26T17:01:19.222+0000] {standard_task_runner.py:88} INFO - Job 12: Subtask batch_0
[2023-12-26T17:01:19.253+0000] {task_command.py:423} INFO - Running <TaskInstance: batch_layer.batch_0 manual__2023-12-26T16:47:30.882707+00:00 [running]> on host ba237c0dfd1a
[2023-12-26T17:01:19.304+0000] {taskinstance.py:2481} INFO - Exporting env vars: AIRFLOW_CTX_DAG_EMAIL='airflow@example.com' AIRFLOW_CTX_DAG_OWNER='airflow' AIRFLOW_CTX_DAG_ID='batch_layer' AIRFLOW_CTX_TASK_ID='batch_0' AIRFLOW_CTX_EXECUTION_DATE='2023-12-26T16:47:30.882707+00:00' AIRFLOW_CTX_TRY_NUMBER='2' AIRFLOW_CTX_DAG_RUN_ID='manual__2023-12-26T16:47:30.882707+00:00'
[2023-12-26T17:01:19.354+0000] {hive.py:475} INFO - USE `finnhub_db`
[2023-12-26T17:01:19.389+0000] {hive.py:475} INFO - 
                SELECT *
                FROM finnhub_table
            
[2023-12-26T17:01:19.544+0000] {logging_mixin.py:188} INFO -           date  hour        s       sum_v
0   2023-12-25    13  BINANCE    62.28281
1   2023-12-25    14  BINANCE   227.07593
2   2023-12-25    18  BINANCE   248.11809
3   2023-12-25    20  BINANCE    19.48171
4   2023-12-26    12     AAPL    19.00000
5   2023-12-26    12     AMZN    30.00000
6   2023-12-26    12  BINANCE   127.23323
7   2023-12-26    12     MSFT   110.00000
8   2023-12-26    16     AAPL  1580.00000
9   2023-12-26    16     AMZN  1125.00000
10  2023-12-26    16  BINANCE    14.58642
11  2023-12-26    16     MSFT   422.00000
[2023-12-26T17:01:19.546+0000] {logging_mixin.py:188} INFO - File '/tmp/batchViews/parquet_output_0.parquet' already exists.
[2023-12-26T17:01:19.578+0000] {logging_mixin.py:188} INFO -           date  hour        s       sum_v
0   2023-12-25    13  BINANCE    62.28281
1   2023-12-25    14  BINANCE   227.07593
2   2023-12-25    18  BINANCE   248.11809
3   2023-12-25    20  BINANCE    19.48171
4   2023-12-26    12     AAPL    19.00000
5   2023-12-26    12     AMZN    30.00000
6   2023-12-26    12  BINANCE   127.23323
7   2023-12-26    12     MSFT   110.00000
8   2023-12-26    16     AAPL  1580.00000
9   2023-12-26    16     AMZN  1125.00000
10  2023-12-26    16  BINANCE    14.58642
11  2023-12-26    16     MSFT   422.00000
[2023-12-26T17:01:19.579+0000] {python.py:201} INFO - Done. Returned value was: None
[2023-12-26T17:01:19.583+0000] {taskinstance.py:1138} INFO - Marking task as SUCCESS. dag_id=batch_layer, task_id=batch_0, execution_date=20231226T164730, start_date=20231226T170119, end_date=20231226T170119
[2023-12-26T17:01:19.633+0000] {local_task_job_runner.py:234} INFO - Task exited with return code 0
[2023-12-26T17:01:19.641+0000] {taskinstance.py:3281} INFO - 0 downstream tasks scheduled from follow-on schedule check
