[2023-12-26T18:29:53.126+0000] {taskinstance.py:1957} INFO - Dependencies all met for dep_context=non-requeueable deps ti=<TaskInstance: batch_layer.batch_0 manual__2023-12-26T18:22:49.187475+00:00 [queued]>
[2023-12-26T18:29:53.131+0000] {taskinstance.py:1957} INFO - Dependencies all met for dep_context=requeueable deps ti=<TaskInstance: batch_layer.batch_0 manual__2023-12-26T18:22:49.187475+00:00 [queued]>
[2023-12-26T18:29:53.131+0000] {taskinstance.py:2171} INFO - Starting attempt 1 of 2
[2023-12-26T18:29:53.144+0000] {taskinstance.py:2192} INFO - Executing <Task(PythonOperator): batch_0> on 2023-12-26 18:22:49.187475+00:00
[2023-12-26T18:29:53.151+0000] {standard_task_runner.py:60} INFO - Started process 2406 to run task
[2023-12-26T18:29:53.155+0000] {standard_task_runner.py:87} INFO - Running: ['airflow', 'tasks', 'run', 'batch_layer', 'batch_0', 'manual__2023-12-26T18:22:49.187475+00:00', '--job-id', '57', '--raw', '--subdir', 'DAGS_FOLDER/BatchLayerDag.py', '--cfg-path', '/tmp/tmpriqg5fbb']
[2023-12-26T18:29:53.156+0000] {standard_task_runner.py:88} INFO - Job 57: Subtask batch_0
[2023-12-26T18:29:53.181+0000] {task_command.py:423} INFO - Running <TaskInstance: batch_layer.batch_0 manual__2023-12-26T18:22:49.187475+00:00 [running]> on host ba237c0dfd1a
[2023-12-26T18:29:53.231+0000] {taskinstance.py:2481} INFO - Exporting env vars: AIRFLOW_CTX_DAG_EMAIL='airflow@example.com' AIRFLOW_CTX_DAG_OWNER='airflow' AIRFLOW_CTX_DAG_ID='batch_layer' AIRFLOW_CTX_TASK_ID='batch_0' AIRFLOW_CTX_EXECUTION_DATE='2023-12-26T18:22:49.187475+00:00' AIRFLOW_CTX_TRY_NUMBER='1' AIRFLOW_CTX_DAG_RUN_ID='manual__2023-12-26T18:22:49.187475+00:00'
[2023-12-26T18:29:53.283+0000] {hive.py:475} INFO - USE `finnhub_db`
[2023-12-26T18:29:53.321+0000] {hive.py:475} INFO - 
                SELECT *
                FROM finnhub_table
            
[2023-12-26T18:29:53.692+0000] {logging_mixin.py:188} INFO -           date  hour        s       sum_v
0   2023-12-25    13  BINANCE   186.84843
1   2023-12-25    14  BINANCE   681.22779
2   2023-12-25    18  BINANCE   744.35427
3   2023-12-25    20  BINANCE    58.44513
4   2023-12-26    12     AAPL    57.00000
5   2023-12-26    12     AMZN    90.00000
6   2023-12-26    12  BINANCE   381.69969
7   2023-12-26    12     MSFT   330.00000
8   2023-12-26    16     AAPL  8026.00000
9   2023-12-26    16     AMZN  7755.00000
10  2023-12-26    16  BINANCE   124.17261
11  2023-12-26    16     MSFT  3169.00000
[2023-12-26T18:29:53.695+0000] {logging_mixin.py:188} INFO - File '/tmp/batchViews/parquet_output_0.parquet' already exists.
[2023-12-26T18:29:53.746+0000] {logging_mixin.py:188} INFO -           date  hour        s       sum_v
0   2023-12-25    13  BINANCE   186.84843
1   2023-12-25    14  BINANCE   681.22779
2   2023-12-25    18  BINANCE   744.35427
3   2023-12-25    20  BINANCE    58.44513
4   2023-12-26    12     AAPL    57.00000
5   2023-12-26    12     AMZN    90.00000
6   2023-12-26    12  BINANCE   381.69969
7   2023-12-26    12     MSFT   330.00000
8   2023-12-26    16     AAPL  8026.00000
9   2023-12-26    16     AMZN  7755.00000
10  2023-12-26    16  BINANCE   124.17261
11  2023-12-26    16     MSFT  3169.00000
[2023-12-26T18:29:53.748+0000] {python.py:201} INFO - Done. Returned value was: None
[2023-12-26T18:29:53.753+0000] {taskinstance.py:1138} INFO - Marking task as SUCCESS. dag_id=batch_layer, task_id=batch_0, execution_date=20231226T182249, start_date=20231226T182953, end_date=20231226T182953
[2023-12-26T18:29:53.809+0000] {local_task_job_runner.py:234} INFO - Task exited with return code 0
[2023-12-26T18:29:53.817+0000] {taskinstance.py:3281} INFO - 0 downstream tasks scheduled from follow-on schedule check
