[2023-12-23T14:55:02.471+0000] {taskinstance.py:1957} INFO - Dependencies all met for dep_context=non-requeueable deps ti=<TaskInstance: batch_layer.consume_data manual__2023-12-23T14:54:59.794368+00:00 [queued]>
[2023-12-23T14:55:02.476+0000] {taskinstance.py:1957} INFO - Dependencies all met for dep_context=requeueable deps ti=<TaskInstance: batch_layer.consume_data manual__2023-12-23T14:54:59.794368+00:00 [queued]>
[2023-12-23T14:55:02.476+0000] {taskinstance.py:2171} INFO - Starting attempt 1 of 2
[2023-12-23T14:55:02.488+0000] {taskinstance.py:2192} INFO - Executing <Task(PythonOperator): consume_data> on 2023-12-23 14:54:59.794368+00:00
[2023-12-23T14:55:02.491+0000] {standard_task_runner.py:60} INFO - Started process 3227 to run task
[2023-12-23T14:55:02.496+0000] {standard_task_runner.py:87} INFO - Running: ['airflow', 'tasks', 'run', 'batch_layer', 'consume_data', 'manual__2023-12-23T14:54:59.794368+00:00', '--job-id', '33', '--raw', '--subdir', 'DAGS_FOLDER/BatchLayerDag.py', '--cfg-path', '/tmp/tmpk6fie8fi']
[2023-12-23T14:55:02.503+0000] {standard_task_runner.py:88} INFO - Job 33: Subtask consume_data
[2023-12-23T14:55:02.538+0000] {task_command.py:423} INFO - Running <TaskInstance: batch_layer.consume_data manual__2023-12-23T14:54:59.794368+00:00 [running]> on host 7de9f6b6c8f6
[2023-12-23T14:55:02.583+0000] {taskinstance.py:2481} INFO - Exporting env vars: AIRFLOW_CTX_DAG_EMAIL='airflow@example.com' AIRFLOW_CTX_DAG_OWNER='airflow' AIRFLOW_CTX_DAG_ID='batch_layer' AIRFLOW_CTX_TASK_ID='consume_data' AIRFLOW_CTX_EXECUTION_DATE='2023-12-23T14:54:59.794368+00:00' AIRFLOW_CTX_TRY_NUMBER='1' AIRFLOW_CTX_DAG_RUN_ID='manual__2023-12-23T14:54:59.794368+00:00'
[2023-12-23T14:55:02.626+0000] {hive.py:475} INFO - USE `finnhub_db`
[2023-12-23T14:55:02.657+0000] {hive.py:475} INFO - 
        CREATE TABLE IF NOT EXISTS finnhub_table
        ROW FORMAT SERDE 'org.apache.hadoop.hive.serde2.avro.AvroSerDe'
        STORED AS INPUTFORMAT 'org.apache.hadoop.hive.ql.io.avro.AvroContainerInputFormat'
        OUTPUTFORMAT 'org.apache.hadoop.hive.ql.io.avro.AvroContainerOutputFormat'
        TBLPROPERTIES ('avro.schema.literal'='{"type": "record", "name": "TradeRecord", "fields": [{"name": "p", "type": "double"}, {"name": "exchange", "type": "string"}, {"name": "crypto_pair", "type": "string"}, {"name": "t", "type": "long"}, {"name": "v", "type": "double"}]}')
    
[2023-12-23T14:55:02.703+0000] {hive.py:475} INFO - USE `finnhub_db`
[2023-12-23T14:55:02.736+0000] {hive.py:475} INFO - 
        CREATE TABLE IF NOT EXISTS temp_avro_data
        ROW FORMAT SERDE 'org.apache.hadoop.hive.serde2.avro.AvroSerDe'
        STORED AS INPUTFORMAT 'org.apache.hadoop.hive.ql.io.avro.AvroContainerInputFormat'
        OUTPUTFORMAT 'org.apache.hadoop.hive.ql.io.avro.AvroContainerOutputFormat'
        TBLPROPERTIES ('avro.schema.literal'='{"type": "record", "name": "TradeRecord", "fields": [{"name": "p", "type": "double"}, {"name": "exchange", "type": "string"}, {"name": "crypto_pair", "type": "string"}, {"name": "t", "type": "long"}, {"name": "v", "type": "double"}]}')
    
[2023-12-23T14:55:12.608+0000] {local_task_job_runner.py:302} WARNING - State of this instance has been externally set to success. Terminating instance.
[2023-12-23T14:55:12.610+0000] {process_utils.py:131} INFO - Sending Signals.SIGTERM to group 3227. PIDs of all processes in the group: [3227]
[2023-12-23T14:55:12.611+0000] {process_utils.py:86} INFO - Sending the signal Signals.SIGTERM to group 3227
[2023-12-23T14:55:21.048+0000] {taskinstance.py:2451} ERROR - Received SIGTERM. Terminating subprocesses.
[2023-12-23T14:55:21.076+0000] {process_utils.py:79} INFO - Process psutil.Process(pid=3227, status='terminated', exitcode=0, started='14:55:02') (3227) terminated with exit code 0
