[2023-12-22T20:02:13.972+0000] {taskinstance.py:1957} INFO - Dependencies all met for dep_context=non-requeueable deps ti=<TaskInstance: batch_layer.income_statement manual__2023-12-22T19:57:08.228767+00:00 [queued]>
[2023-12-22T20:02:14.042+0000] {taskinstance.py:1957} INFO - Dependencies all met for dep_context=requeueable deps ti=<TaskInstance: batch_layer.income_statement manual__2023-12-22T19:57:08.228767+00:00 [queued]>
[2023-12-22T20:02:14.043+0000] {taskinstance.py:2171} INFO - Starting attempt 2 of 2
[2023-12-22T20:02:14.054+0000] {taskinstance.py:2192} INFO - Executing <Task(SparkSubmitOperator): income_statement> on 2023-12-22 19:57:08.228767+00:00
[2023-12-22T20:02:14.058+0000] {standard_task_runner.py:60} INFO - Started process 793 to run task
[2023-12-22T20:02:14.060+0000] {standard_task_runner.py:87} INFO - Running: ['airflow', 'tasks', 'run', 'batch_layer', 'income_statement', 'manual__2023-12-22T19:57:08.228767+00:00', '--job-id', '16', '--raw', '--subdir', 'DAGS_FOLDER/BatchLayerDag.py', '--cfg-path', '/tmp/tmppdn7ye69']
[2023-12-22T20:02:14.063+0000] {standard_task_runner.py:88} INFO - Job 16: Subtask income_statement
[2023-12-22T20:02:14.092+0000] {task_command.py:423} INFO - Running <TaskInstance: batch_layer.income_statement manual__2023-12-22T19:57:08.228767+00:00 [running]> on host 1e7ecb9f94ff
[2023-12-22T20:02:14.130+0000] {taskinstance.py:2481} INFO - Exporting env vars: AIRFLOW_CTX_DAG_EMAIL='airflow@example.com' AIRFLOW_CTX_DAG_OWNER='airflow' AIRFLOW_CTX_DAG_ID='batch_layer' AIRFLOW_CTX_TASK_ID='income_statement' AIRFLOW_CTX_EXECUTION_DATE='2023-12-22T19:57:08.228767+00:00' AIRFLOW_CTX_TRY_NUMBER='2' AIRFLOW_CTX_DAG_RUN_ID='manual__2023-12-22T19:57:08.228767+00:00'
[2023-12-22T20:02:14.137+0000] {base.py:83} INFO - Using connection ID 'spark-conn' for task execution.
[2023-12-22T20:02:14.138+0000] {taskinstance.py:2699} ERROR - Task failed with exception
Traceback (most recent call last):
  File "/home/airflow/.local/lib/python3.8/site-packages/airflow/models/taskinstance.py", line 433, in _execute_task
    result = execute_callable(context=context, **execute_callable_kwargs)
  File "/home/airflow/.local/lib/python3.8/site-packages/airflow/providers/apache/spark/operators/spark_submit.py", line 159, in execute
    self._hook = self._get_hook()
  File "/home/airflow/.local/lib/python3.8/site-packages/airflow/providers/apache/spark/operators/spark_submit.py", line 168, in _get_hook
    return SparkSubmitHook(
  File "/home/airflow/.local/lib/python3.8/site-packages/airflow/providers/apache/spark/hooks/spark_submit.py", line 159, in __init__
    self._is_yarn = "yarn" in self._connection["master"]
TypeError: argument of type 'NoneType' is not iterable
[2023-12-22T20:02:14.143+0000] {taskinstance.py:1138} INFO - Marking task as FAILED. dag_id=batch_layer, task_id=income_statement, execution_date=20231222T195708, start_date=20231222T200213, end_date=20231222T200214
[2023-12-22T20:02:14.151+0000] {standard_task_runner.py:107} ERROR - Failed to execute job 16 for task income_statement (argument of type 'NoneType' is not iterable; 793)
[2023-12-22T20:02:14.193+0000] {local_task_job_runner.py:234} INFO - Task exited with return code 1
[2023-12-22T20:02:14.201+0000] {taskinstance.py:3281} INFO - 0 downstream tasks scheduled from follow-on schedule check
