[2023-12-24T15:46:46.401+0000] {taskinstance.py:1957} INFO - Dependencies all met for dep_context=non-requeueable deps ti=<TaskInstance: batch_layer.consume_data scheduled__2023-12-23T00:00:00+00:00 [queued]>
[2023-12-24T15:46:46.407+0000] {taskinstance.py:1957} INFO - Dependencies all met for dep_context=requeueable deps ti=<TaskInstance: batch_layer.consume_data scheduled__2023-12-23T00:00:00+00:00 [queued]>
[2023-12-24T15:46:46.408+0000] {taskinstance.py:2171} INFO - Starting attempt 2 of 2
[2023-12-24T15:46:46.426+0000] {taskinstance.py:2192} INFO - Executing <Task(PythonOperator): consume_data> on 2023-12-23 00:00:00+00:00
[2023-12-24T15:46:46.434+0000] {standard_task_runner.py:60} INFO - Started process 274 to run task
[2023-12-24T15:46:46.442+0000] {standard_task_runner.py:87} INFO - Running: ['airflow', 'tasks', 'run', 'batch_layer', 'consume_data', 'scheduled__2023-12-23T00:00:00+00:00', '--job-id', '7', '--raw', '--subdir', 'DAGS_FOLDER/BatchLayerDag.py', '--cfg-path', '/tmp/tmp6bkj73wo']
[2023-12-24T15:46:46.450+0000] {standard_task_runner.py:88} INFO - Job 7: Subtask consume_data
[2023-12-24T15:46:46.531+0000] {task_command.py:423} INFO - Running <TaskInstance: batch_layer.consume_data scheduled__2023-12-23T00:00:00+00:00 [running]> on host 83b53490fe78
[2023-12-24T15:46:46.617+0000] {taskinstance.py:2481} INFO - Exporting env vars: AIRFLOW_CTX_DAG_EMAIL='airflow@example.com' AIRFLOW_CTX_DAG_OWNER='airflow' AIRFLOW_CTX_DAG_ID='batch_layer' AIRFLOW_CTX_TASK_ID='consume_data' AIRFLOW_CTX_EXECUTION_DATE='2023-12-23T00:00:00+00:00' AIRFLOW_CTX_TRY_NUMBER='2' AIRFLOW_CTX_DAG_RUN_ID='scheduled__2023-12-23T00:00:00+00:00'
[2023-12-24T15:46:46.824+0000] {hive.py:475} INFO - USE `finnhub_db`
[2023-12-24T15:46:47.878+0000] {hive.py:475} INFO - 
        CREATE TABLE IF NOT EXISTS finnhub_table
        ROW FORMAT SERDE 'org.apache.hadoop.hive.serde2.avro.AvroSerDe'
        STORED AS INPUTFORMAT 'org.apache.hadoop.hive.ql.io.avro.AvroContainerInputFormat'
        OUTPUTFORMAT 'org.apache.hadoop.hive.ql.io.avro.AvroContainerOutputFormat'
        TBLPROPERTIES ('avro.schema.literal'='{"type": "record", "name": "TradeRecord", "fields": [{"name": "p", "type": "double"}, {"name": "exchange", "type": "string"}, {"name": "crypto_pair", "type": "string"}, {"name": "t", "type": "long"}, {"name": "v", "type": "double"}]}')
    
[2023-12-24T15:46:48.155+0000] {hive.py:475} INFO - USE `finnhub_db`
[2023-12-24T15:46:48.261+0000] {hive.py:475} INFO - 
        CREATE TABLE IF NOT EXISTS temp_avro_data
        ROW FORMAT SERDE 'org.apache.hadoop.hive.serde2.avro.AvroSerDe'
        STORED AS INPUTFORMAT 'org.apache.hadoop.hive.ql.io.avro.AvroContainerInputFormat'
        OUTPUTFORMAT 'org.apache.hadoop.hive.ql.io.avro.AvroContainerOutputFormat'
        TBLPROPERTIES ('avro.schema.literal'='{"type": "record", "name": "TradeRecord", "fields": [{"name": "p", "type": "double"}, {"name": "exchange", "type": "string"}, {"name": "crypto_pair", "type": "string"}, {"name": "t", "type": "long"}, {"name": "v", "type": "double"}]}')
    
[2023-12-24T15:46:49.298+0000] {logging_mixin.py:188} INFO - finish
[2023-12-24T15:46:49.310+0000] {python.py:201} INFO - Done. Returned value was: None
[2023-12-24T15:46:49.317+0000] {taskinstance.py:1138} INFO - Marking task as SUCCESS. dag_id=batch_layer, task_id=consume_data, execution_date=20231223T000000, start_date=20231224T154646, end_date=20231224T154649
[2023-12-24T15:46:49.350+0000] {local_task_job_runner.py:234} INFO - Task exited with return code 0
[2023-12-24T15:46:49.366+0000] {taskinstance.py:3281} INFO - 2 downstream tasks scheduled from follow-on schedule check
[2023-12-24T15:56:20.034+0000] {taskinstance.py:1957} INFO - Dependencies all met for dep_context=non-requeueable deps ti=<TaskInstance: batch_layer.consume_data scheduled__2023-12-23T00:00:00+00:00 [queued]>
[2023-12-24T15:56:20.039+0000] {taskinstance.py:1957} INFO - Dependencies all met for dep_context=requeueable deps ti=<TaskInstance: batch_layer.consume_data scheduled__2023-12-23T00:00:00+00:00 [queued]>
[2023-12-24T15:56:20.039+0000] {taskinstance.py:2171} INFO - Starting attempt 2 of 2
[2023-12-24T15:56:20.052+0000] {taskinstance.py:2192} INFO - Executing <Task(PythonOperator): consume_data> on 2023-12-23 00:00:00+00:00
[2023-12-24T15:56:20.058+0000] {standard_task_runner.py:60} INFO - Started process 273 to run task
[2023-12-24T15:56:20.063+0000] {standard_task_runner.py:87} INFO - Running: ['airflow', 'tasks', 'run', 'batch_layer', 'consume_data', 'scheduled__2023-12-23T00:00:00+00:00', '--job-id', '7', '--raw', '--subdir', 'DAGS_FOLDER/BatchLayerDag.py', '--cfg-path', '/tmp/tmpj10ya9h6']
[2023-12-24T15:56:20.067+0000] {standard_task_runner.py:88} INFO - Job 7: Subtask consume_data
[2023-12-24T15:56:20.113+0000] {task_command.py:423} INFO - Running <TaskInstance: batch_layer.consume_data scheduled__2023-12-23T00:00:00+00:00 [running]> on host be1f0ffa1f05
[2023-12-24T15:56:20.153+0000] {taskinstance.py:2481} INFO - Exporting env vars: AIRFLOW_CTX_DAG_EMAIL='airflow@example.com' AIRFLOW_CTX_DAG_OWNER='airflow' AIRFLOW_CTX_DAG_ID='batch_layer' AIRFLOW_CTX_TASK_ID='consume_data' AIRFLOW_CTX_EXECUTION_DATE='2023-12-23T00:00:00+00:00' AIRFLOW_CTX_TRY_NUMBER='2' AIRFLOW_CTX_DAG_RUN_ID='scheduled__2023-12-23T00:00:00+00:00'
[2023-12-24T15:56:20.270+0000] {hive.py:475} INFO - USE `finnhub_db`
[2023-12-24T15:56:20.996+0000] {hive.py:475} INFO - 
        CREATE TABLE IF NOT EXISTS finnhub_table
        ROW FORMAT SERDE 'org.apache.hadoop.hive.serde2.avro.AvroSerDe'
        STORED AS INPUTFORMAT 'org.apache.hadoop.hive.ql.io.avro.AvroContainerInputFormat'
        OUTPUTFORMAT 'org.apache.hadoop.hive.ql.io.avro.AvroContainerOutputFormat'
        TBLPROPERTIES ('avro.schema.literal'='{"type": "record", "name": "TradeRecord", "fields": [{"name": "p", "type": "double"}, {"name": "exchange", "type": "string"}, {"name": "crypto_pair", "type": "string"}, {"name": "t", "type": "long"}, {"name": "v", "type": "double"}]}')
    
[2023-12-24T15:56:21.168+0000] {hive.py:475} INFO - USE `finnhub_db`
[2023-12-24T15:56:21.231+0000] {hive.py:475} INFO - 
        CREATE TABLE IF NOT EXISTS temp_avro_data
        ROW FORMAT SERDE 'org.apache.hadoop.hive.serde2.avro.AvroSerDe'
        STORED AS INPUTFORMAT 'org.apache.hadoop.hive.ql.io.avro.AvroContainerInputFormat'
        OUTPUTFORMAT 'org.apache.hadoop.hive.ql.io.avro.AvroContainerOutputFormat'
        TBLPROPERTIES ('avro.schema.literal'='{"type": "record", "name": "TradeRecord", "fields": [{"name": "p", "type": "double"}, {"name": "exchange", "type": "string"}, {"name": "crypto_pair", "type": "string"}, {"name": "t", "type": "long"}, {"name": "v", "type": "double"}]}')
    
[2023-12-24T15:56:22.296+0000] {logging_mixin.py:188} INFO - finish
[2023-12-24T15:56:22.304+0000] {python.py:201} INFO - Done. Returned value was: None
[2023-12-24T15:56:22.309+0000] {taskinstance.py:1138} INFO - Marking task as SUCCESS. dag_id=batch_layer, task_id=consume_data, execution_date=20231223T000000, start_date=20231224T155620, end_date=20231224T155622
[2023-12-24T15:56:22.325+0000] {local_task_job_runner.py:234} INFO - Task exited with return code 0
[2023-12-24T15:56:22.338+0000] {taskinstance.py:3281} INFO - 2 downstream tasks scheduled from follow-on schedule check
[2023-12-24T17:08:04.022+0000] {taskinstance.py:1957} INFO - Dependencies all met for dep_context=non-requeueable deps ti=<TaskInstance: batch_layer.consume_data scheduled__2023-12-23T00:00:00+00:00 [queued]>
[2023-12-24T17:08:04.027+0000] {taskinstance.py:1957} INFO - Dependencies all met for dep_context=requeueable deps ti=<TaskInstance: batch_layer.consume_data scheduled__2023-12-23T00:00:00+00:00 [queued]>
[2023-12-24T17:08:04.027+0000] {taskinstance.py:2171} INFO - Starting attempt 2 of 2
[2023-12-24T17:08:04.039+0000] {taskinstance.py:2192} INFO - Executing <Task(PythonOperator): consume_data> on 2023-12-23 00:00:00+00:00
[2023-12-24T17:08:04.044+0000] {standard_task_runner.py:60} INFO - Started process 273 to run task
[2023-12-24T17:08:04.047+0000] {standard_task_runner.py:87} INFO - Running: ['airflow', 'tasks', 'run', 'batch_layer', 'consume_data', 'scheduled__2023-12-23T00:00:00+00:00', '--job-id', '7', '--raw', '--subdir', 'DAGS_FOLDER/BatchLayerDag.py', '--cfg-path', '/tmp/tmpr3pu8h2x']
[2023-12-24T17:08:04.049+0000] {standard_task_runner.py:88} INFO - Job 7: Subtask consume_data
[2023-12-24T17:08:04.111+0000] {task_command.py:423} INFO - Running <TaskInstance: batch_layer.consume_data scheduled__2023-12-23T00:00:00+00:00 [running]> on host 1e3b18e1227a
[2023-12-24T17:08:04.175+0000] {taskinstance.py:2481} INFO - Exporting env vars: AIRFLOW_CTX_DAG_EMAIL='airflow@example.com' AIRFLOW_CTX_DAG_OWNER='airflow' AIRFLOW_CTX_DAG_ID='batch_layer' AIRFLOW_CTX_TASK_ID='consume_data' AIRFLOW_CTX_EXECUTION_DATE='2023-12-23T00:00:00+00:00' AIRFLOW_CTX_TRY_NUMBER='2' AIRFLOW_CTX_DAG_RUN_ID='scheduled__2023-12-23T00:00:00+00:00'
[2023-12-24T17:08:04.294+0000] {hive.py:475} INFO - USE `finnhub_db`
[2023-12-24T17:08:05.047+0000] {hive.py:475} INFO - 
        CREATE TABLE IF NOT EXISTS finnhub_table
        ROW FORMAT SERDE 'org.apache.hadoop.hive.serde2.avro.AvroSerDe'
        STORED AS INPUTFORMAT 'org.apache.hadoop.hive.ql.io.avro.AvroContainerInputFormat'
        OUTPUTFORMAT 'org.apache.hadoop.hive.ql.io.avro.AvroContainerOutputFormat'
        TBLPROPERTIES ('avro.schema.literal'='{"type": "record", "name": "TradeRecord", "fields": [{"name": "p", "type": "double"}, {"name": "exchange", "type": "string"}, {"name": "crypto_pair", "type": "string"}, {"name": "t", "type": "long"}, {"name": "v", "type": "double"}]}')
    
[2023-12-24T17:08:05.226+0000] {hive.py:475} INFO - USE `finnhub_db`
[2023-12-24T17:08:05.291+0000] {hive.py:475} INFO - 
        CREATE TABLE IF NOT EXISTS temp_avro_data
        ROW FORMAT SERDE 'org.apache.hadoop.hive.serde2.avro.AvroSerDe'
        STORED AS INPUTFORMAT 'org.apache.hadoop.hive.ql.io.avro.AvroContainerInputFormat'
        OUTPUTFORMAT 'org.apache.hadoop.hive.ql.io.avro.AvroContainerOutputFormat'
        TBLPROPERTIES ('avro.schema.literal'='{"type": "record", "name": "TradeRecord", "fields": [{"name": "p", "type": "double"}, {"name": "exchange", "type": "string"}, {"name": "crypto_pair", "type": "string"}, {"name": "t", "type": "long"}, {"name": "v", "type": "double"}]}')
    
[2023-12-24T17:08:06.351+0000] {logging_mixin.py:188} INFO - finish
[2023-12-24T17:08:06.358+0000] {python.py:201} INFO - Done. Returned value was: None
[2023-12-24T17:08:06.362+0000] {taskinstance.py:1138} INFO - Marking task as SUCCESS. dag_id=batch_layer, task_id=consume_data, execution_date=20231223T000000, start_date=20231224T170804, end_date=20231224T170806
[2023-12-24T17:08:06.389+0000] {local_task_job_runner.py:234} INFO - Task exited with return code 0
[2023-12-24T17:08:06.400+0000] {taskinstance.py:3281} INFO - 2 downstream tasks scheduled from follow-on schedule check
[2023-12-24T18:16:16.592+0000] {taskinstance.py:1957} INFO - Dependencies all met for dep_context=non-requeueable deps ti=<TaskInstance: batch_layer.consume_data scheduled__2023-12-23T00:00:00+00:00 [queued]>
[2023-12-24T18:16:16.597+0000] {taskinstance.py:1957} INFO - Dependencies all met for dep_context=requeueable deps ti=<TaskInstance: batch_layer.consume_data scheduled__2023-12-23T00:00:00+00:00 [queued]>
[2023-12-24T18:16:16.598+0000] {taskinstance.py:2171} INFO - Starting attempt 2 of 2
[2023-12-24T18:16:16.609+0000] {taskinstance.py:2192} INFO - Executing <Task(PythonOperator): consume_data> on 2023-12-23 00:00:00+00:00
[2023-12-24T18:16:16.614+0000] {standard_task_runner.py:60} INFO - Started process 273 to run task
[2023-12-24T18:16:16.617+0000] {standard_task_runner.py:87} INFO - Running: ['airflow', 'tasks', 'run', 'batch_layer', 'consume_data', 'scheduled__2023-12-23T00:00:00+00:00', '--job-id', '7', '--raw', '--subdir', 'DAGS_FOLDER/BatchLayerDag.py', '--cfg-path', '/tmp/tmpytiif63l']
[2023-12-24T18:16:16.619+0000] {standard_task_runner.py:88} INFO - Job 7: Subtask consume_data
[2023-12-24T18:16:16.660+0000] {task_command.py:423} INFO - Running <TaskInstance: batch_layer.consume_data scheduled__2023-12-23T00:00:00+00:00 [running]> on host c0475b589502
[2023-12-24T18:16:16.700+0000] {taskinstance.py:2481} INFO - Exporting env vars: AIRFLOW_CTX_DAG_EMAIL='airflow@example.com' AIRFLOW_CTX_DAG_OWNER='airflow' AIRFLOW_CTX_DAG_ID='batch_layer' AIRFLOW_CTX_TASK_ID='consume_data' AIRFLOW_CTX_EXECUTION_DATE='2023-12-23T00:00:00+00:00' AIRFLOW_CTX_TRY_NUMBER='2' AIRFLOW_CTX_DAG_RUN_ID='scheduled__2023-12-23T00:00:00+00:00'
[2023-12-24T18:16:16.816+0000] {hive.py:475} INFO - USE `finnhub_db`
[2023-12-24T18:16:17.563+0000] {hive.py:475} INFO - 
        CREATE TABLE IF NOT EXISTS finnhub_table
        ROW FORMAT SERDE 'org.apache.hadoop.hive.serde2.avro.AvroSerDe'
        STORED AS INPUTFORMAT 'org.apache.hadoop.hive.ql.io.avro.AvroContainerInputFormat'
        OUTPUTFORMAT 'org.apache.hadoop.hive.ql.io.avro.AvroContainerOutputFormat'
        TBLPROPERTIES ('avro.schema.literal'='{"type": "record", "name": "TradeRecord", "fields": [{"name": "p", "type": "double"}, {"name": "exchange", "type": "string"}, {"name": "crypto_pair", "type": "string"}, {"name": "t", "type": "long"}, {"name": "v", "type": "double"}]}')
    
[2023-12-24T18:16:18.650+0000] {hive.py:475} INFO - USE `finnhub_db`
[2023-12-24T18:16:18.709+0000] {hive.py:475} INFO - 
        CREATE TABLE IF NOT EXISTS temp_avro_data
        ROW FORMAT SERDE 'org.apache.hadoop.hive.serde2.avro.AvroSerDe'
        STORED AS INPUTFORMAT 'org.apache.hadoop.hive.ql.io.avro.AvroContainerInputFormat'
        OUTPUTFORMAT 'org.apache.hadoop.hive.ql.io.avro.AvroContainerOutputFormat'
        TBLPROPERTIES ('avro.schema.literal'='{"type": "record", "name": "TradeRecord", "fields": [{"name": "p", "type": "double"}, {"name": "exchange", "type": "string"}, {"name": "crypto_pair", "type": "string"}, {"name": "t", "type": "long"}, {"name": "v", "type": "double"}]}')
    
[2023-12-24T18:16:19.766+0000] {logging_mixin.py:188} INFO - finish
[2023-12-24T18:16:19.773+0000] {python.py:201} INFO - Done. Returned value was: None
[2023-12-24T18:16:19.778+0000] {taskinstance.py:1138} INFO - Marking task as SUCCESS. dag_id=batch_layer, task_id=consume_data, execution_date=20231223T000000, start_date=20231224T181616, end_date=20231224T181619
[2023-12-24T18:16:19.801+0000] {local_task_job_runner.py:234} INFO - Task exited with return code 0
[2023-12-24T18:16:19.814+0000] {taskinstance.py:3281} INFO - 2 downstream tasks scheduled from follow-on schedule check
[2023-12-24T19:11:03.985+0000] {taskinstance.py:1957} INFO - Dependencies all met for dep_context=non-requeueable deps ti=<TaskInstance: batch_layer.consume_data scheduled__2023-12-23T00:00:00+00:00 [queued]>
[2023-12-24T19:11:03.989+0000] {taskinstance.py:1957} INFO - Dependencies all met for dep_context=requeueable deps ti=<TaskInstance: batch_layer.consume_data scheduled__2023-12-23T00:00:00+00:00 [queued]>
[2023-12-24T19:11:03.990+0000] {taskinstance.py:2171} INFO - Starting attempt 2 of 2
[2023-12-24T19:11:04.001+0000] {taskinstance.py:2192} INFO - Executing <Task(PythonOperator): consume_data> on 2023-12-23 00:00:00+00:00
[2023-12-24T19:11:04.005+0000] {standard_task_runner.py:60} INFO - Started process 273 to run task
[2023-12-24T19:11:04.009+0000] {standard_task_runner.py:87} INFO - Running: ['airflow', 'tasks', 'run', 'batch_layer', 'consume_data', 'scheduled__2023-12-23T00:00:00+00:00', '--job-id', '7', '--raw', '--subdir', 'DAGS_FOLDER/BatchLayerDag.py', '--cfg-path', '/tmp/tmp291vwi6w']
[2023-12-24T19:11:04.011+0000] {standard_task_runner.py:88} INFO - Job 7: Subtask consume_data
[2023-12-24T19:11:04.038+0000] {task_command.py:423} INFO - Running <TaskInstance: batch_layer.consume_data scheduled__2023-12-23T00:00:00+00:00 [running]> on host 465cb068660d
[2023-12-24T19:11:04.073+0000] {taskinstance.py:2481} INFO - Exporting env vars: AIRFLOW_CTX_DAG_EMAIL='airflow@example.com' AIRFLOW_CTX_DAG_OWNER='airflow' AIRFLOW_CTX_DAG_ID='batch_layer' AIRFLOW_CTX_TASK_ID='consume_data' AIRFLOW_CTX_EXECUTION_DATE='2023-12-23T00:00:00+00:00' AIRFLOW_CTX_TRY_NUMBER='2' AIRFLOW_CTX_DAG_RUN_ID='scheduled__2023-12-23T00:00:00+00:00'
[2023-12-24T19:11:04.224+0000] {hive.py:475} INFO - USE `finnhub_db`
[2023-12-24T19:11:05.176+0000] {hive.py:475} INFO - 
        CREATE TABLE IF NOT EXISTS finnhub_table
        ROW FORMAT SERDE 'org.apache.hadoop.hive.serde2.avro.AvroSerDe'
        STORED AS INPUTFORMAT 'org.apache.hadoop.hive.ql.io.avro.AvroContainerInputFormat'
        OUTPUTFORMAT 'org.apache.hadoop.hive.ql.io.avro.AvroContainerOutputFormat'
        TBLPROPERTIES ('avro.schema.literal'='{"type": "record", "name": "TradeRecord", "fields": [{"name": "p", "type": "double"}, {"name": "exchange", "type": "string"}, {"name": "crypto_pair", "type": "string"}, {"name": "t", "type": "long"}, {"name": "v", "type": "double"}]}')
    
[2023-12-24T19:11:05.367+0000] {hive.py:475} INFO - USE `finnhub_db`
[2023-12-24T19:11:05.431+0000] {hive.py:475} INFO - 
        CREATE TABLE IF NOT EXISTS temp_avro_data
        ROW FORMAT SERDE 'org.apache.hadoop.hive.serde2.avro.AvroSerDe'
        STORED AS INPUTFORMAT 'org.apache.hadoop.hive.ql.io.avro.AvroContainerInputFormat'
        OUTPUTFORMAT 'org.apache.hadoop.hive.ql.io.avro.AvroContainerOutputFormat'
        TBLPROPERTIES ('avro.schema.literal'='{"type": "record", "name": "TradeRecord", "fields": [{"name": "p", "type": "double"}, {"name": "exchange", "type": "string"}, {"name": "crypto_pair", "type": "string"}, {"name": "t", "type": "long"}, {"name": "v", "type": "double"}]}')
    
[2023-12-24T19:11:06.542+0000] {logging_mixin.py:188} INFO - finish
[2023-12-24T19:11:06.549+0000] {python.py:201} INFO - Done. Returned value was: None
[2023-12-24T19:11:06.555+0000] {taskinstance.py:1138} INFO - Marking task as SUCCESS. dag_id=batch_layer, task_id=consume_data, execution_date=20231223T000000, start_date=20231224T191103, end_date=20231224T191106
[2023-12-24T19:11:06.593+0000] {local_task_job_runner.py:234} INFO - Task exited with return code 0
[2023-12-24T19:11:06.606+0000] {taskinstance.py:3281} INFO - 2 downstream tasks scheduled from follow-on schedule check
