[2023-12-26T17:43:42.484+0000] {taskinstance.py:1957} INFO - Dependencies all met for dep_context=non-requeueable deps ti=<TaskInstance: batch_layer.consume_data manual__2023-12-26T17:43:39.175446+00:00 [queued]>
[2023-12-26T17:43:42.489+0000] {taskinstance.py:1957} INFO - Dependencies all met for dep_context=requeueable deps ti=<TaskInstance: batch_layer.consume_data manual__2023-12-26T17:43:39.175446+00:00 [queued]>
[2023-12-26T17:43:42.490+0000] {taskinstance.py:2171} INFO - Starting attempt 1 of 2
[2023-12-26T17:43:42.500+0000] {taskinstance.py:2192} INFO - Executing <Task(PythonOperator): consume_data> on 2023-12-26 17:43:39.175446+00:00
[2023-12-26T17:43:42.505+0000] {standard_task_runner.py:60} INFO - Started process 1726 to run task
[2023-12-26T17:43:42.514+0000] {standard_task_runner.py:87} INFO - Running: ['airflow', 'tasks', 'run', 'batch_layer', 'consume_data', 'manual__2023-12-26T17:43:39.175446+00:00', '--job-id', '51', '--raw', '--subdir', 'DAGS_FOLDER/BatchLayerDag.py', '--cfg-path', '/tmp/tmpxy49vwsa']
[2023-12-26T17:43:42.520+0000] {standard_task_runner.py:88} INFO - Job 51: Subtask consume_data
[2023-12-26T17:43:42.560+0000] {task_command.py:423} INFO - Running <TaskInstance: batch_layer.consume_data manual__2023-12-26T17:43:39.175446+00:00 [running]> on host ba237c0dfd1a
[2023-12-26T17:43:42.613+0000] {taskinstance.py:2481} INFO - Exporting env vars: AIRFLOW_CTX_DAG_EMAIL='airflow@example.com' AIRFLOW_CTX_DAG_OWNER='airflow' AIRFLOW_CTX_DAG_ID='batch_layer' AIRFLOW_CTX_TASK_ID='consume_data' AIRFLOW_CTX_EXECUTION_DATE='2023-12-26T17:43:39.175446+00:00' AIRFLOW_CTX_TRY_NUMBER='1' AIRFLOW_CTX_DAG_RUN_ID='manual__2023-12-26T17:43:39.175446+00:00'
[2023-12-26T17:43:42.662+0000] {hive.py:475} INFO - USE `finnhub_db`
[2023-12-26T17:43:42.701+0000] {hive.py:475} INFO - 
        CREATE TABLE IF NOT EXISTS finnhub_table
        ROW FORMAT SERDE 'org.apache.hadoop.hive.serde2.avro.AvroSerDe'
        STORED AS INPUTFORMAT 'org.apache.hadoop.hive.ql.io.avro.AvroContainerInputFormat'
        OUTPUTFORMAT 'org.apache.hadoop.hive.ql.io.avro.AvroContainerOutputFormat'
        TBLPROPERTIES ('avro.schema.literal'='{"type": "record", "name": "TradeRecord", "fields": [{"name": "p", "type": "double"}, {"name": "exchange", "type": "string"}, {"name": "crypto_pair", "type": "string"}, {"name": "t", "type": "long"}, {"name": "v", "type": "double"}]}')
    
[2023-12-26T17:43:42.763+0000] {hive.py:475} INFO - USE `finnhub_db`
[2023-12-26T17:43:42.796+0000] {hive.py:475} INFO - 
        CREATE TABLE IF NOT EXISTS temp_avro_data
        ROW FORMAT SERDE 'org.apache.hadoop.hive.serde2.avro.AvroSerDe'
        STORED AS INPUTFORMAT 'org.apache.hadoop.hive.ql.io.avro.AvroContainerInputFormat'
        OUTPUTFORMAT 'org.apache.hadoop.hive.ql.io.avro.AvroContainerOutputFormat'
        TBLPROPERTIES ('avro.schema.literal'='{"type": "record", "name": "TradeRecord", "fields": [{"name": "p", "type": "double"}, {"name": "exchange", "type": "string"}, {"name": "crypto_pair", "type": "string"}, {"name": "t", "type": "long"}, {"name": "v", "type": "double"}]}')
    
[2023-12-26T17:43:42.813+0000] {logging_mixin.py:188} INFO - [[{'c': ['1', '12'], 'p': 374.6, 's': 'MSFT', 't': 1703608880652, 'v': 30}, {'c': ['1'], 'p': 374.6, 's': 'MSFT', 't': 1703608880652, 'v': 200}, {'c': ['1', '12'], 'p': 374.6, 's': 'MSFT', 't': 1703608880652, 'v': 20}, {'c': ['1', '12'], 'p': 374.59, 's': 'MSFT', 't': 1703608880652, 'v': 1}, {'c': ['1', '12'], 'p': 374.59, 's': 'MSFT', 't': 1703608880652, 'v': 2}, {'c': ['1', '12'], 'p': 374.61, 's': 'MSFT', 't': 1703608880652, 'v': 18}, {'c': ['1', '12'], 'p': 374.6, 's': 'MSFT', 't': 1703608880653, 'v': 1}, {'c': ['1', '12'], 'p': 374.61, 's': 'MSFT', 't': 1703608880653, 'v': 9}, {'c': ['1', '12'], 'p': 374.61, 's': 'MSFT', 't': 1703608880653, 'v': 1}, {'c': ['1'], 'p': 374.59, 's': 'MSFT', 't': 1703608880653, 'v': 100}], [{'c': ['1', '12'], 'p': 193.1301, 's': 'AAPL', 't': 1703608880667, 'v': 25}, {'c': ['1', '12'], 'p': 153.4301, 's': 'AMZN', 't': 1703608880680, 'v': 50}, {'c': None, 'p': 42337.51, 's': 'BINANCE:BTCUSDT', 't': 1703608880528, 'v': 0.00989}, {'c': ['1', '12'], 'p': 193.1399, 's': 'AAPL', 't': 1703608880685, 'v': 15}, {'c': None, 'p': 2225.19, 's': 'BINANCE:ETHUSDT', 't': 1703608880552, 'v': 0.0108}, {'c': None, 'p': 42337.52, 's': 'BINANCE:BTCUSDT', 't': 1703608880555, 'v': 0.00521}, {'c': ['1', '12'], 'p': 374.59, 's': 'MSFT', 't': 1703608880786, 'v': 1}, {'c': ['1', '12'], 'p': 153.435, 's': 'AMZN', 't': 1703608880794, 'v': 1}, {'c': None, 'p': 42337.51, 's': 'BINANCE:BTCUSDT', 't': 1703608880725, 'v': 0.00752}, {'c': None, 'p': 42337.52, 's': 'BINANCE:BTCUSDT', 't': 1703608880821, 'v': 0.00147}], [{'c': None, 'p': 2225.18, 's': 'BINANCE:ETHUSDT', 't': 1703608880861, 'v': 0.2616}, {'c': None, 'p': 2225.18, 's': 'BINANCE:ETHUSDT', 't': 1703608880861, 'v': 1.3904}, {'c': ['1', '12'], 'p': 153.43, 's': 'AMZN', 't': 1703608881093, 'v': 5}], [{'c': ['1', '12'], 'p': 374.61, 's': 'MSFT', 't': 1703608881248, 'v': 50}, {'c': None, 'p': 42337.52, 's': 'BINANCE:BTCUSDT', 't': 1703608881138, 'v': 0.00042}, {'c': None, 'p': 42337.52, 's': 'BINANCE:BTCUSDT', 't': 1703608881161, 'v': 0.0005}, {'c': None, 'p': 42337.52, 's': 'BINANCE:BTCUSDT', 't': 1703608881184, 'v': 0.0005}, {'c': None, 'p': 42337.52, 's': 'BINANCE:BTCUSDT', 't': 1703608881209, 'v': 0.0005}, {'c': None, 'p': 42337.52, 's': 'BINANCE:BTCUSDT', 't': 1703608881234, 'v': 0.0005}, {'c': None, 'p': 42337.52, 's': 'BINANCE:BTCUSDT', 't': 1703608881257, 'v': 0.0005}, {'c': None, 'p': 42337.52, 's': 'BINANCE:BTCUSDT', 't': 1703608881279, 'v': 0.0005}, {'c': ['1', '12'], 'p': 374.6, 's': 'MSFT', 't': 1703608881446, 'v': 1}, {'c': None, 'p': 42337.52, 's': 'BINANCE:BTCUSDT', 't': 1703608881304, 'v': 0.0005}], [{'c': ['1'], 'p': 193.1301, 's': 'AAPL', 't': 1703608881467, 'v': 115}, {'c': ['1', '12'], 'p': 193.135, 's': 'AAPL', 't': 1703608881477, 'v': 10}, {'c': None, 'p': 42337.52, 's': 'BINANCE:BTCUSDT', 't': 1703608881330, 'v': 0.00042}, {'c': None, 'p': 42337.52, 's': 'BINANCE:BTCUSDT', 't': 1703608881352, 'v': 0.00022}, {'c': ['1'], 'p': 374.6007, 's': 'MSFT', 't': 1703608881543, 'v': 100}, {'c': ['1', '12'], 'p': 153.435, 's': 'AMZN', 't': 1703608881594, 'v': 4}, {'c': ['1', '12'], 'p': 374.63, 's': 'MSFT', 't': 1703608882143, 'v': 50}, {'c': ['1', '32', '12'], 'p': 193.135, 's': 'AAPL', 't': 1703608881615, 'v': 1}, {'c': None, 'p': 42337.51, 's': 'BINANCE:BTCUSDT', 't': 1703608881551, 'v': 0.00014}, {'c': ['1'], 'p': 153.436, 's': 'AMZN', 't': 1703608881817, 'v': 2500}], [{'c': ['1', '32', '12'], 'p': 153.4227, 's': 'AMZN', 't': 1703608881818, 'v': 51}, {'c': None, 'p': 42337.52, 's': 'BINANCE:BTCUSDT', 't': 1703608881684, 'v': 0.01}, {'c': None, 'p': 42337.51, 's': 'BINANCE:BTCUSDT', 't': 1703608881706, 'v': 0.00019}, {'c': None, 'p': 42337.52, 's': 'BINANCE:BTCUSDT', 't': 1703608881776, 'v': 0.00753}, {'c': None, 'p': 42337.52, 's': 'BINANCE:BTCUSDT', 't': 1703608881854, 'v': 0.00581}, {'c': ['1'], 'p': 153.44, 's': 'AMZN', 't': 1703608882034, 'v': 100}, {'c': ['1', '12'], 'p': 193.14, 's': 'AAPL', 't': 1703608882034, 'v': 30}, {'c': ['1', '12'], 'p': 193.14, 's': 'AAPL', 't': 1703608882037, 'v': 20}, {'c': ['1'], 'p': 193.14, 's': 'AAPL', 't': 1703608882037, 'v': 100}, {'c': ['1', '12'], 'p': 193.14, 's': 'AAPL', 't': 1703608882037, 'v': 20}], [{'c': ['1', '8', '12'], 'p': 193.14, 's': 'AAPL', 't': 1703608882037, 'v': 1}, {'c': ['1', '8'], 'p': 193.14, 's': 'AAPL', 't': 1703608882037, 'v': 100}, {'c': ['1', '12'], 'p': 193.14, 's': 'AAPL', 't': 1703608882037, 'v': 5}, {'c': ['1'], 'p': 193.14, 's': 'AAPL', 't': 1703608882037, 'v': 125}, {'c': ['1', '8'], 'p': 193.14, 's': 'AAPL', 't': 1703608882037, 'v': 175}, {'c': ['1', '8', '12'], 'p': 193.14, 's': 'AAPL', 't': 1703608882037, 'v': 70}, {'c': ['1', '8', '12'], 'p': 193.14, 's': 'AAPL', 't': 1703608882038, 'v': 28}, {'c': ['1', '8', '12'], 'p': 193.14, 's': 'AAPL', 't': 1703608882038, 'v': 25}, {'c': ['1', '8', '12'], 'p': 193.14, 's': 'AAPL', 't': 1703608882038, 'v': 1}, {'c': ['1', '8', '12'], 'p': 193.14, 's': 'AAPL', 't': 1703608882038, 'v': 1}], [{'c': ['1', '12'], 'p': 193.14, 's': 'AAPL', 't': 1703608882038, 'v': 9}, {'c': ['1'], 'p': 193.14, 's': 'AAPL', 't': 1703608882042, 'v': 120}, {'c': ['1'], 'p': 153.435, 's': 'AMZN', 't': 1703608882049, 'v': 100}, {'c': ['1'], 'p': 153.435, 's': 'AMZN', 't': 1703608882060, 'v': 100}, {'c': ['1', '12'], 'p': 374.62, 's': 'MSFT', 't': 1703608882061, 'v': 27}, {'c': ['1', '12'], 'p': 374.62, 's': 'MSFT', 't': 1703608882061, 'v': 1}, {'c': ['1', '12'], 'p': 374.62, 's': 'MSFT', 't': 1703608882061, 'v': 2}, {'c': ['1', '12'], 'p': 374.62, 's': 'MSFT', 't': 1703608882061, 'v': 4}, {'c': ['1', '12'], 'p': 374.62, 's': 'MSFT', 't': 1703608882061, 'v': 70}, {'c': ['1', '12'], 'p': 374.63, 's': 'MSFT', 't': 1703608882061, 'v': 12}], [{'c': ['1', '8'], 'p': 153.44, 's': 'AMZN', 't': 1703608882062, 'v': 100}, {'c': ['1', '8', '12'], 'p': 153.44, 's': 'AMZN', 't': 1703608882062, 'v': 38}, {'c': ['1', '8'], 'p': 153.44, 's': 'AMZN', 't': 1703608882062, 'v': 139}, {'c': ['1', '8', '12'], 'p': 153.44, 's': 'AMZN', 't': 1703608882062, 'v': 22}, {'c': ['1', '8'], 'p': 153.44, 's': 'AMZN', 't': 1703608882062, 'v': 200}, {'c': ['1', '8', '12'], 'p': 153.44, 's': 'AMZN', 't': 1703608882062, 'v': 1}, {'c': ['1', '8'], 'p': 153.44, 's': 'AMZN', 't': 1703608882062, 'v': 100}, {'c': ['1', '12'], 'p': 374.63, 's': 'MSFT', 't': 1703608882062, 'v': 1}, {'c': ['1'], 'p': 153.435, 's': 'AMZN', 't': 1703608882063, 'v': 100}, {'c': ['1', '12'], 'p': 153.44, 's': 'AMZN', 't': 1703608882065, 'v': 18}], [{'c': ['1', '12'], 'p': 153.445, 's': 'AMZN', 't': 1703608882065, 'v': 24}, {'c': ['1', '12'], 'p': 153.445, 's': 'AMZN', 't': 1703608882065, 'v': 22}, {'c': ['1'], 'p': 153.44, 's': 'AMZN', 't': 1703608882065, 'v': 182}, {'c': ['1', '12'], 'p': 153.445, 's': 'AMZN', 't': 1703608882065, 'v': 54}, {'c': ['1', '12'], 'p': 153.44, 's': 'AMZN', 't': 1703608882065, 'v': 5}, {'c': ['1'], 'p': 153.44, 's': 'AMZN', 't': 1703608882065, 'v': 100}, {'c': ['1', '12'], 'p': 153.44, 's': 'AMZN', 't': 1703608882065, 'v': 34}, {'c': ['1', '12'], 'p': 153.44, 's': 'AMZN', 't': 1703608882065, 'v': 66}, {'c': ['1'], 'p': 153.44, 's': 'AMZN', 't': 1703608882065, 'v': 100}, {'c': ['1'], 'p': 153.44, 's': 'AMZN', 't': 1703608882065, 'v': 100}]]
[2023-12-26T17:43:42.814+0000] {hive.py:475} INFO - 
                            INSERT INTO temp_avro_data
                            VALUES (

                                374.6,
                                'MSFT',  -- New 'exchange' attribute
                                'None',  -- New 'crypto_pair' attribute
                                1703608880652,
                                30
                            )
                        
[2023-12-26T17:43:45.413+0000] {hive.py:475} INFO - 
                            INSERT INTO temp_avro_data
                            VALUES (

                                374.6,
                                'MSFT',  -- New 'exchange' attribute
                                'None',  -- New 'crypto_pair' attribute
                                1703608880652,
                                200
                            )
                        
[2023-12-26T17:43:47.561+0000] {hive.py:475} INFO - 
                            INSERT INTO temp_avro_data
                            VALUES (

                                374.6,
                                'MSFT',  -- New 'exchange' attribute
                                'None',  -- New 'crypto_pair' attribute
                                1703608880652,
                                20
                            )
                        
[2023-12-26T17:43:49.717+0000] {hive.py:475} INFO - 
                            INSERT INTO temp_avro_data
                            VALUES (

                                374.59,
                                'MSFT',  -- New 'exchange' attribute
                                'None',  -- New 'crypto_pair' attribute
                                1703608880652,
                                1
                            )
                        
[2023-12-26T17:43:51.870+0000] {hive.py:475} INFO - 
                            INSERT INTO temp_avro_data
                            VALUES (

                                374.59,
                                'MSFT',  -- New 'exchange' attribute
                                'None',  -- New 'crypto_pair' attribute
                                1703608880652,
                                2
                            )
                        
[2023-12-26T17:43:54.031+0000] {hive.py:475} INFO - 
                            INSERT INTO temp_avro_data
                            VALUES (

                                374.61,
                                'MSFT',  -- New 'exchange' attribute
                                'None',  -- New 'crypto_pair' attribute
                                1703608880652,
                                18
                            )
                        
[2023-12-26T17:43:56.167+0000] {hive.py:475} INFO - 
                            INSERT INTO temp_avro_data
                            VALUES (

                                374.6,
                                'MSFT',  -- New 'exchange' attribute
                                'None',  -- New 'crypto_pair' attribute
                                1703608880653,
                                1
                            )
                        
[2023-12-26T17:43:57.626+0000] {local_task_job_runner.py:302} WARNING - State of this instance has been externally set to success. Terminating instance.
[2023-12-26T17:43:57.629+0000] {process_utils.py:131} INFO - Sending Signals.SIGTERM to group 1726. PIDs of all processes in the group: [1726]
[2023-12-26T17:43:57.629+0000] {process_utils.py:86} INFO - Sending the signal Signals.SIGTERM to group 1726
[2023-12-26T17:43:57.630+0000] {taskinstance.py:2451} ERROR - Received SIGTERM. Terminating subprocesses.
[2023-12-26T17:43:57.630+0000] {logging_mixin.py:188} INFO - Error processing and inserting into Hive: Task received SIGTERM signal
[2023-12-26T17:43:57.631+0000] {logging_mixin.py:188} INFO - [[{'c': ['1', '8', '12'], 'p': 153.44, 's': 'AMZN', 't': 1703608882070, 'v': 1}, {'c': ['1', '12'], 'p': 374.6277, 's': 'MSFT', 't': 1703608882080, 'v': 6}], [{'c': ['1', '12'], 'p': 193.14, 's': 'AAPL', 't': 1703608882238, 'v': 9}, {'c': None, 'p': 42337.51, 's': 'BINANCE:BTCUSDT', 't': 1703608882116, 'v': 0.00014}, {'c': ['1', '12'], 'p': 374.63, 's': 'MSFT', 't': 1703608882272, 'v': 1}, {'c': ['1'], 'p': 193.135, 's': 'AAPL', 't': 1703608882306, 'v': 185}, {'c': ['1', '12'], 'p': 153.43, 's': 'AMZN', 't': 1703608882326, 'v': 7}, {'c': ['1', '12'], 'p': 193.145, 's': 'AAPL', 't': 1703608882398, 'v': 1}, {'c': ['1', '12'], 'p': 374.625, 's': 'MSFT', 't': 1703608882413, 'v': 60}, {'c': ['1', '12'], 'p': 374.6201, 's': 'MSFT', 't': 1703608882446, 'v': 1}, {'c': ['1', '12'], 'p': 193.1449, 's': 'AAPL', 't': 1703608882521, 'v': 84}, {'c': ['1', '12'], 'p': 193.145, 's': 'AAPL', 't': 1703608882647, 'v': 20}], [{'c': ['1', '12'], 'p': 374.63, 's': 'MSFT', 't': 1703608882714, 'v': 12}, {'c': ['1'], 'p': 374.63, 's': 'MSFT', 't': 1703608882714, 'v': 171}, {'c': ['1', '8', '12'], 'p': 374.63, 's': 'MSFT', 't': 1703608882714, 'v': 50}, {'c': ['1', '12'], 'p': 374.63, 's': 'MSFT', 't': 1703608882715, 'v': 51}, {'c': ['1'], 'p': 374.63, 's': 'MSFT', 't': 1703608882715, 'v': 126}, {'c': ['1'], 'p': 374.63, 's': 'MSFT', 't': 1703608882715, 'v': 178}, {'c': ['1', '12'], 'p': 374.63, 's': 'MSFT', 't': 1703608882715, 'v': 10}, {'c': ['1', '8', '12'], 'p': 374.64, 's': 'MSFT', 't': 1703608882715, 'v': 8}, {'c': ['1', '8', '12'], 'p': 374.64, 's': 'MSFT', 't': 1703608882715, 'v': 1}, {'c': ['1', '8', '12'], 'p': 374.64, 's': 'MSFT', 't': 1703608882716, 'v': 1}], [{'c': ['1', '8', '12'], 'p': 374.65, 's': 'MSFT', 't': 1703608882716, 'v': 94}, {'c': ['1', '8', '12'], 'p': 374.64, 's': 'MSFT', 't': 1703608882716, 'v': 1}, {'c': ['1', '12'], 'p': 374.64, 's': 'MSFT', 't': 1703608882716, 'v': 5}, {'c': ['1'], 'p': 374.63, 's': 'MSFT', 't': 1703608882717, 'v': 599}, {'c': ['1'], 'p': 374.65, 's': 'MSFT', 't': 1703608882724, 'v': 100}, {'c': ['1', '12'], 'p': 374.65, 's': 'MSFT', 't': 1703608882725, 'v': 50}, {'c': None, 'p': 42337.51, 's': 'BINANCE:BTCUSDT', 't': 1703608882572, 'v': 0.0003}, {'c': None, 'p': 42337.52, 's': 'BINANCE:BTCUSDT', 't': 1703608882578, 'v': 0.00028}, {'c': ['1'], 'p': 374.65, 's': 'MSFT', 't': 1703608882737, 'v': 100}, {'c': ['1', '12'], 'p': 374.6475, 's': 'MSFT', 't': 1703608882767, 'v': 75}], [{'c': ['1', '12'], 'p': 374.6322, 's': 'MSFT', 't': 1703608882771, 'v': 5}, {'c': ['1', '12'], 'p': 374.65, 's': 'MSFT', 't': 1703608882782, 'v': 1}, {'c': None, 'p': 2225.18, 's': 'BINANCE:ETHUSDT', 't': 1703608882698, 'v': 0.0069}, {'c': None, 'p': 42337.51, 's': 'BINANCE:BTCUSDT', 't': 1703608882715, 'v': 0.00752}, {'c': ['1'], 'p': 193.15, 's': 'AAPL', 't': 1703608882883, 'v': 127}, {'c': ['1', '8', '12'], 'p': 374.63, 's': 'MSFT', 't': 1703608882884, 'v': 11}, {'c': ['1', '8', '12'], 'p': 374.63, 's': 'MSFT', 't': 1703608882884, 'v': 6}, {'c': None, 'p': 42337.51, 's': 'BINANCE:BTCUSDT', 't': 1703608882746, 'v': 0.00013}, {'c': ['1', '12'], 'p': 374.6201, 's': 'MSFT', 't': 1703608882970, 'v': 1}, {'c': ['1', '12'], 'p': 193.145, 's': 'AAPL', 't': 1703608882972, 'v': 1}], [{'c': ['1', '12'], 'p': 193.145, 's': 'AAPL', 't': 1703608882996, 'v': 1}, {'c': ['1'], 'p': 374.65, 's': 'MSFT', 't': 1703608883008, 'v': 100}, {'c': ['1', '12'], 'p': 193.1401, 's': 'AAPL', 't': 1703608883025, 'v': 1}, {'c': ['1', '32', '12'], 'p': 153.4451, 's': 'AMZN', 't': 1703608883097, 'v': 32}, {'c': ['1', '12'], 'p': 374.6374, 's': 'MSFT', 't': 1703608883123, 'v': 1}], [{'c': ['1', '12'], 'p': 193.145, 's': 'AAPL', 't': 1703608883254, 'v': 1}, {'c': ['1', '12'], 'p': 374.635, 's': 'MSFT', 't': 1703608883308, 'v': 10}, {'c': ['1', '12'], 'p': 193.14, 's': 'AAPL', 't': 1703608883338, 'v': 1}, {'c': ['1', '12'], 'p': 153.435, 's': 'AMZN', 't': 1703608883362, 'v': 1}, {'c': ['1', '12'], 'p': 153.435, 's': 'AMZN', 't': 1703608883388, 'v': 60}, {'c': None, 'p': 2225.18, 's': 'BINANCE:ETHUSDT', 't': 1703608883288, 'v': 0.0027}, {'c': None, 'p': 2225.18, 's': 'BINANCE:ETHUSDT', 't': 1703608883288, 'v': 0.9825}, {'c': ['1', '12'], 'p': 374.6207, 's': 'MSFT', 't': 1703608883471, 'v': 25}, {'c': None, 'p': 2225.19, 's': 'BINANCE:ETHUSDT', 't': 1703608883321, 'v': 0.0125}, {'c': None, 'p': 2225.18, 's': 'BINANCE:ETHUSDT', 't': 1703608883328, 'v': 1.0148}], [{'c': None, 'p': 2225.18, 's': 'BINANCE:ETHUSDT', 't': 1703608883343, 'v': 2.0001}, {'c': ['1'], 'p': 153.4386, 's': 'AMZN', 't': 1703608883575, 'v': 700}, {'c': None, 'p': 42337.52, 's': 'BINANCE:BTCUSDT', 't': 1703608883428, 'v': 0.06}, {'c': None, 'p': 2225.18, 's': 'BINANCE:ETHUSDT', 't': 1703608883487, 'v': 0.2035}, {'c': None, 'p': 2225.18, 's': 'BINANCE:ETHUSDT', 't': 1703608883487, 'v': 2.0003}, {'c': None, 'p': 2225.18, 's': 'BINANCE:ETHUSDT', 't': 1703608883488, 'v': 0.7964}, {'c': ['1'], 'p': 193.145, 's': 'AAPL', 't': 1703608883678, 'v': 110}, {'c': None, 'p': 42337.52, 's': 'BINANCE:BTCUSDT', 't': 1703608883584, 'v': 0.0564}, {'c': None, 'p': 42337.52, 's': 'BINANCE:BTCUSDT', 't': 1703608883584, 'v': 0.11363}, {'c': None, 'p': 42337.52, 's': 'BINANCE:BTCUSDT', 't': 1703608883584, 'v': 0.11363}], [{'c': None, 'p': 42337.52, 's': 'BINANCE:BTCUSDT', 't': 1703608883584, 'v': 0.21634}, {'c': None, 'p': 2225.19, 's': 'BINANCE:ETHUSDT', 't': 1703608883613, 'v': 0.1334}, {'c': None, 'p': 42337.51, 's': 'BINANCE:BTCUSDT', 't': 1703608883638, 'v': 0.0047}, {'c': ['1', '12'], 'p': 374.62, 's': 'MSFT', 't': 1703608883822, 'v': 50}, {'c': None, 'p': 42337.52, 's': 'BINANCE:BTCUSDT', 't': 1703608883673, 'v': 0.00692}, {'c': None, 'p': 2225.18, 's': 'BINANCE:ETHUSDT', 't': 1703608883684, 'v': 0.3949}, {'c': ['1'], 'p': 374.635, 's': 'MSFT', 't': 1703608884199, 'v': 150}, {'c': None, 'p': 42337.52, 's': 'BINANCE:BTCUSDT', 't': 1703608883729, 'v': 0.00187}, {'c': ['1', '12'], 'p': 374.626, 's': 'MSFT', 't': 1703608883910, 'v': 1}, {'c': ['1', '12'], 'p': 193.1476, 's': 'AAPL', 't': 1703608883980, 'v': 20}], [{'c': ['1', '8', '12'], 'p': 193.145, 's': 'AAPL', 't': 1703608883997, 'v': 29}, {'c': None, 'p': 42337.52, 's': 'BINANCE:BTCUSDT', 't': 1703608884079, 'v': 0.00017}, {'c': None, 'p': 2225.18, 's': 'BINANCE:ETHUSDT', 't': 1703608883923, 'v': 0.5174}, {'c': ['1'], 'p': 153.435, 's': 'AMZN', 't': 1703608884107, 'v': 100}, {'c': None, 'p': 2225.18, 's': 'BINANCE:ETHUSDT', 't': 1703608883956, 'v': 0.6052}, {'c': ['1', '12'], 'p': 374.635, 's': 'MSFT', 't': 1703608884122, 'v': 10}, {'c': ['1', '12'], 'p': 374.635, 's': 'MSFT', 't': 1703608884246, 'v': 50}]]
[2023-12-26T17:43:57.631+0000] {hive.py:475} INFO - 
                            INSERT INTO temp_avro_data
                            VALUES (

                                153.44,
                                'AMZN',  -- New 'exchange' attribute
                                'None',  -- New 'crypto_pair' attribute
                                1703608882070,
                                1
                            )
                        
[2023-12-26T17:44:00.798+0000] {logging_mixin.py:188} INFO - Error processing and inserting into Hive: 'utf-8' codec can't decode byte 0x9e in position 2: invalid start byte
[2023-12-26T17:44:00.799+0000] {logging_mixin.py:188} INFO - [[{'c': None, 'p': 42337.51, 's': 'BINANCE:BTCUSDT', 't': 1703608884212, 'v': 0.00583}, {'c': None, 'p': 42337.51, 's': 'BINANCE:BTCUSDT', 't': 1703608884243, 'v': 0.02833}, {'c': None, 'p': 42337.51, 's': 'BINANCE:BTCUSDT', 't': 1703608884257, 'v': 0.02833}, {'c': ['1'], 'p': 193.145, 's': 'AAPL', 't': 1703608884422, 'v': 100}, {'c': None, 'p': 42337.52, 's': 'BINANCE:BTCUSDT', 't': 1703608884283, 'v': 0.00753}, {'c': ['1', '12'], 'p': 153.435, 's': 'AMZN', 't': 1703608884465, 'v': 1}, {'c': None, 'p': 42337.51, 's': 'BINANCE:BTCUSDT', 't': 1703608884321, 'v': 0.00076}, {'c': ['1', '12'], 'p': 193.14, 's': 'AAPL', 't': 1703608884584, 'v': 2}, {'c': ['1'], 'p': 153.4384, 's': 'AMZN', 't': 1703608884748, 'v': 326}, {'c': None, 'p': 42337.51, 's': 'BINANCE:BTCUSDT', 't': 1703608884632, 'v': 0.00128}], [{'c': None, 'p': 42337.51, 's': 'BINANCE:BTCUSDT', 't': 1703608884663, 'v': 0.001}, {'c': None, 'p': 2225.18, 's': 'BINANCE:ETHUSDT', 't': 1703608885050, 'v': 1}, {'c': None, 'p': 2225.18, 's': 'BINANCE:ETHUSDT', 't': 1703608885050, 'v': 2.0001}, {'c': ['1', '8', '12'], 'p': 153.43, 's': 'AMZN', 't': 1703608885223, 'v': 1}, {'c': ['1', '8'], 'p': 153.43, 's': 'AMZN', 't': 1703608885223, 'v': 100}, {'c': ['1', '12'], 'p': 153.43, 's': 'AMZN', 't': 1703608885224, 'v': 1}, {'c': ['1', '12'], 'p': 153.43, 's': 'AMZN', 't': 1703608885224, 'v': 2}, {'c': ['1', '12'], 'p': 153.43, 's': 'AMZN', 't': 1703608885224, 'v': 1}, {'c': ['1', '12'], 'p': 193.145, 's': 'AAPL', 't': 1703608884962, 'v': 50}, {'c': ['1', '12'], 'p': 153.44, 's': 'AMZN', 't': 1703608885103, 'v': 10}], [{'c': ['1', '12'], 'p': 193.14, 's': 'AAPL', 't': 1703608885118, 'v': 1}, {'c': None, 'p': 42337.51, 's': 'BINANCE:BTCUSDT', 't': 1703608884963, 'v': 0.00191}, {'c': None, 'p': 2225.19, 's': 'BINANCE:ETHUSDT', 't': 1703608884985, 'v': 0.0048}, {'c': ['1', '12'], 'p': 193.15, 's': 'AAPL', 't': 1703608885146, 'v': 1}, {'c': None, 'p': 2225.18, 's': 'BINANCE:ETHUSDT', 't': 1703608885078, 'v': 0.9999}, {'c': None, 'p': 2225.18, 's': 'BINANCE:ETHUSDT', 't': 1703608885078, 'v': 1.0001}], [{'c': None, 'p': 2225.18, 's': 'BINANCE:ETHUSDT', 't': 1703608885134, 'v': 0.2539}, {'c': None, 'p': 2225.18, 's': 'BINANCE:ETHUSDT', 't': 1703608885135, 'v': 0.746}, {'c': ['1', '12'], 'p': 374.635, 's': 'MSFT', 't': 1703608885302, 'v': 1}, {'c': None, 'p': 42337.51, 's': 'BINANCE:BTCUSDT', 't': 1703608885159, 'v': 0.01779}, {'c': None, 'p': 42337.51, 's': 'BINANCE:BTCUSDT', 't': 1703608885272, 'v': 0.00056}, {'c': None, 'p': 42337.51, 's': 'BINANCE:BTCUSDT', 't': 1703608885274, 'v': 0.00235}, {'c': ['1', '12'], 'p': 193.14, 's': 'AAPL', 't': 1703608885430, 'v': 1}, {'c': None, 'p': 42337.51, 's': 'BINANCE:BTCUSDT', 't': 1703608885282, 'v': 0.01301}, {'c': ['1', '12'], 'p': 193.15, 's': 'AAPL', 't': 1703608885458, 'v': 8}, {'c': None, 'p': 42337.51, 's': 'BINANCE:BTCUSDT', 't': 1703608885309, 'v': 0.00161}], [{'c': None, 'p': 42337.51, 's': 'BINANCE:BTCUSDT', 't': 1703608885375, 'v': 0.00192}, {'c': None, 'p': 42337.51, 's': 'BINANCE:BTCUSDT', 't': 1703608885395, 'v': 0.0031}, {'c': None, 'p': 2225.18, 's': 'BINANCE:ETHUSDT', 't': 1703608885406, 'v': 0.0135}, {'c': ['1'], 'p': 193.1455, 's': 'AAPL', 't': 1703608885562, 'v': 500}, {'c': ['1', '12'], 'p': 193.142, 's': 'AAPL', 't': 1703608885623, 'v': 3}, {'c': ['1', '12'], 'p': 193.15, 's': 'AAPL', 't': 1703608885636, 'v': 50}, {'c': ['1', '12'], 'p': 374.64, 's': 'MSFT', 't': 1703608885690, 'v': 25}, {'c': None, 'p': 42337.52, 's': 'BINANCE:BTCUSDT', 't': 1703608885659, 'v': 0.00016}, {'c': None, 'p': 42337.52, 's': 'BINANCE:BTCUSDT', 't': 1703608885770, 'v': 0.00031}, {'c': None, 'p': 2225.18, 's': 'BINANCE:ETHUSDT', 't': 1703608885823, 'v': 0.006}], [{'c': ['1', '12'], 'p': 153.42, 's': 'AMZN', 't': 1703608885986, 'v': 11}, {'c': ['1', '12'], 'p': 153.4194, 's': 'AMZN', 't': 1703608885995, 'v': 50}, {'c': None, 'p': 42337.52, 's': 'BINANCE:BTCUSDT', 't': 1703608885854, 'v': 0.00592}, {'c': ['1', '12'], 'p': 153.4288, 's': 'AMZN', 't': 1703608886142, 'v': 1}, {'c': ['1', '8', '12'], 'p': 193.14, 's': 'AAPL', 't': 1703608886143, 'v': 14}, {'c': ['1', '12'], 'p': 193.14, 's': 'AAPL', 't': 1703608886143, 'v': 81}, {'c': ['1'], 'p': 193.14, 's': 'AAPL', 't': 1703608886143, 'v': 100}, {'c': ['1', '8', '12'], 'p': 193.14, 's': 'AAPL', 't': 1703608886143, 'v': 8}, {'c': ['1'], 'p': 374.63, 's': 'MSFT', 't': 1703608886145, 'v': 100}, {'c': ['1', '12'], 'p': 374.63, 's': 'MSFT', 't': 1703608886158, 'v': 10}], [{'c': None, 'p': 42337.51, 's': 'BINANCE:BTCUSDT', 't': 1703608886176, 'v': 0.00399}, {'c': None, 'p': 42337.52, 's': 'BINANCE:BTCUSDT', 't': 1703608886177, 'v': 0.00189}, {'c': None, 'p': 42337.52, 's': 'BINANCE:BTCUSDT', 't': 1703608886179, 'v': 0.00047}, {'c': ['1', '8', '12'], 'p': 374.63, 's': 'MSFT', 't': 1703608886342, 'v': 30}, {'c': None, 'p': 42337.52, 's': 'BINANCE:BTCUSDT', 't': 1703608887096, 'v': 0.00019}, {'c': ['1', '12'], 'p': 374.64, 's': 'MSFT', 't': 1703608886351, 'v': 10}, {'c': ['1', '12'], 'p': 193.14, 's': 'AAPL', 't': 1703608886374, 'v': 10}, {'c': None, 'p': 42337.51, 's': 'BINANCE:BTCUSDT', 't': 1703608886225, 'v': 0.00591}, {'c': ['1', '12'], 'p': 374.63, 's': 'MSFT', 't': 1703608886389, 'v': 1}, {'c': None, 'p': 2225.18, 's': 'BINANCE:ETHUSDT', 't': 1703608886260, 'v': 0.0054}], [{'c': ['1', '12'], 'p': 193.14, 's': 'AAPL', 't': 1703608886432, 'v': 1}, {'c': ['1', '12'], 'p': 374.63, 's': 'MSFT', 't': 1703608886484, 'v': 25}, {'c': ['1', '12'], 'p': 374.63, 's': 'MSFT', 't': 1703608886572, 'v': 1}, {'c': ['1', '12'], 'p': 193.1413, 's': 'AAPL', 't': 1703608886575, 'v': 8}, {'c': ['1', '12'], 'p': 153.42, 's': 'AMZN', 't': 1703608886585, 'v': 1}, {'c': ['1'], 'p': 374.64, 's': 'MSFT', 't': 1703608886646, 'v': 100}, {'c': None, 'p': 42337.52, 's': 'BINANCE:BTCUSDT', 't': 1703608886545, 'v': 0.00177}, {'c': None, 'p': 42337.51, 's': 'BINANCE:BTCUSDT', 't': 1703608886559, 'v': 0.00124}, {'c': None, 'p': 42337.51, 's': 'BINANCE:BTCUSDT', 't': 1703608886562, 'v': 0.00037}, {'c': ['1', '12'], 'p': 193.145, 's': 'AAPL', 't': 1703608886719, 'v': 1}], [{'c': None, 'p': 42337.52, 's': 'BINANCE:BTCUSDT', 't': 1703608886632, 'v': 0.0007}, {'c': None, 'p': 42337.51, 's': 'BINANCE:BTCUSDT', 't': 1703608886643, 'v': 0.00753}, {'c': None, 'p': 2225.18, 's': 'BINANCE:ETHUSDT', 't': 1703608886648, 'v': 0.4737}, {'c': None, 'p': 2225.18, 's': 'BINANCE:ETHUSDT', 't': 1703608886648, 'v': 0.0048}, {'c': None, 'p': 2225.18, 's': 'BINANCE:ETHUSDT', 't': 1703608886648, 'v': 0.0103}, {'c': None, 'p': 2225.18, 's': 'BINANCE:ETHUSDT', 't': 1703608886648, 'v': 0.0954}, {'c': ['1', '12'], 'p': 193.145, 's': 'AAPL', 't': 1703608886828, 'v': 3}, {'c': ['1', '12'], 'p': 374.6201, 's': 'MSFT', 't': 1703608886837, 'v': 1}, {'c': None, 'p': 42337.52, 's': 'BINANCE:BTCUSDT', 't': 1703608886658, 'v': 0.0007}, {'c': None, 'p': 42337.52, 's': 'BINANCE:BTCUSDT', 't': 1703608886681, 'v': 0.0007}], [{'c': ['1', '12'], 'p': 153.4196, 's': 'AMZN', 't': 1703608887015, 'v': 2}, {'c': None, 'p': 42337.52, 's': 'BINANCE:BTCUSDT', 't': 1703608886884, 'v': 0.00019}, {'c': None, 'p': 42337.52, 's': 'BINANCE:BTCUSDT', 't': 1703608886907, 'v': 0.00019}, {'c': None, 'p': 42337.52, 's': 'BINANCE:BTCUSDT', 't': 1703608886930, 'v': 0.00019}, {'c': None, 'p': 42337.52, 's': 'BINANCE:BTCUSDT', 't': 1703608886953, 'v': 0.00019}, {'c': ['1'], 'p': 153.4249, 's': 'AMZN', 't': 1703608887118, 'v': 100}, {'c': None, 'p': 42337.52, 's': 'BINANCE:BTCUSDT', 't': 1703608886977, 'v': 0.00019}, {'c': ['1', '12'], 'p': 193.1469, 's': 'AAPL', 't': 1703608887138, 'v': 5}, {'c': ['1', '12'], 'p': 193.15, 's': 'AAPL', 't': 1703608887138, 'v': 5}, {'c': None, 'p': 42337.52, 's': 'BINANCE:BTCUSDT', 't': 1703608887001, 'v': 0.00019}]]
[2023-12-26T17:44:00.799+0000] {hive.py:475} INFO - 
                            INSERT INTO temp_avro_data
                            VALUES (

                                42337.51,
                                'BINANCE',  -- New 'exchange' attribute
                                'BTCUSDT',  -- New 'crypto_pair' attribute
                                1703608884212,
                                0.00583
                            )
                        
[2023-12-26T17:44:57.631+0000] {process_utils.py:149} WARNING - process psutil.Process(pid=1726, name='airflow task runner: batch_layer consume_data manual__2023-12-26T17:43:39.175446+00:00 51', status='sleeping', started='17:43:42') did not respond to SIGTERM. Trying SIGKILL
[2023-12-26T17:44:57.633+0000] {process_utils.py:86} INFO - Sending the signal Signals.SIGKILL to group 1726
[2023-12-26T17:44:57.641+0000] {process_utils.py:79} INFO - Process psutil.Process(pid=1726, name='airflow task runner: batch_layer consume_data manual__2023-12-26T17:43:39.175446+00:00 51', status='terminated', exitcode=<Negsignal.SIGKILL: -9>, started='17:43:42') (1726) terminated with exit code Negsignal.SIGKILL
[2023-12-26T17:44:57.642+0000] {standard_task_runner.py:175} ERROR - Job 51 was killed before it finished (likely due to running out of memory)
