[2023-12-26T00:06:02.526+0000] {taskinstance.py:1957} INFO - Dependencies all met for dep_context=non-requeueable deps ti=<TaskInstance: parquet.parquet scheduled__2023-12-25T00:00:00+00:00 [queued]>
[2023-12-26T00:06:02.531+0000] {taskinstance.py:1957} INFO - Dependencies all met for dep_context=requeueable deps ti=<TaskInstance: parquet.parquet scheduled__2023-12-25T00:00:00+00:00 [queued]>
[2023-12-26T00:06:02.531+0000] {taskinstance.py:2171} INFO - Starting attempt 1 of 2
[2023-12-26T00:06:02.545+0000] {taskinstance.py:2192} INFO - Executing <Task(PythonOperator): parquet> on 2023-12-25 00:00:00+00:00
[2023-12-26T00:06:02.552+0000] {standard_task_runner.py:60} INFO - Started process 2873 to run task
[2023-12-26T00:06:02.558+0000] {standard_task_runner.py:87} INFO - Running: ['airflow', 'tasks', 'run', 'parquet', 'parquet', 'scheduled__2023-12-25T00:00:00+00:00', '--job-id', '13', '--raw', '--subdir', 'DAGS_FOLDER/parquet.py', '--cfg-path', '/tmp/tmpal70un5s']
[2023-12-26T00:06:02.562+0000] {standard_task_runner.py:88} INFO - Job 13: Subtask parquet
[2023-12-26T00:06:02.622+0000] {task_command.py:423} INFO - Running <TaskInstance: parquet.parquet scheduled__2023-12-25T00:00:00+00:00 [running]> on host 5e983ae2bbe8
[2023-12-26T00:06:02.690+0000] {taskinstance.py:2481} INFO - Exporting env vars: AIRFLOW_CTX_DAG_EMAIL='airflow@example.com' AIRFLOW_CTX_DAG_OWNER='airflow' AIRFLOW_CTX_DAG_ID='parquet' AIRFLOW_CTX_TASK_ID='parquet' AIRFLOW_CTX_EXECUTION_DATE='2023-12-25T00:00:00+00:00' AIRFLOW_CTX_TRY_NUMBER='1' AIRFLOW_CTX_DAG_RUN_ID='scheduled__2023-12-25T00:00:00+00:00'
[2023-12-26T00:06:02.696+0000] {logging_mixin.py:188} INFO - File '/tmp/batchViews/df.parquet' already exists.
[2023-12-26T00:06:02.823+0000] {logging_mixin.py:188} INFO -    column1 column2
0        1  value1
1        2  value2
[2023-12-26T00:06:02.824+0000] {python.py:201} INFO - Done. Returned value was: None
[2023-12-26T00:06:02.829+0000] {taskinstance.py:1138} INFO - Marking task as SUCCESS. dag_id=parquet, task_id=parquet, execution_date=20231225T000000, start_date=20231226T000602, end_date=20231226T000602
[2023-12-26T00:06:02.852+0000] {local_task_job_runner.py:234} INFO - Task exited with return code 0
[2023-12-26T00:06:02.860+0000] {taskinstance.py:3281} INFO - 0 downstream tasks scheduled from follow-on schedule check
[2023-12-26T12:45:45.200+0000] {taskinstance.py:1957} INFO - Dependencies all met for dep_context=non-requeueable deps ti=<TaskInstance: parquet.parquet scheduled__2023-12-25T00:00:00+00:00 [queued]>
[2023-12-26T12:45:45.206+0000] {taskinstance.py:1957} INFO - Dependencies all met for dep_context=requeueable deps ti=<TaskInstance: parquet.parquet scheduled__2023-12-25T00:00:00+00:00 [queued]>
[2023-12-26T12:45:45.206+0000] {taskinstance.py:2171} INFO - Starting attempt 1 of 2
[2023-12-26T12:45:45.249+0000] {taskinstance.py:2192} INFO - Executing <Task(PythonOperator): parquet> on 2023-12-25 00:00:00+00:00
[2023-12-26T12:45:45.252+0000] {standard_task_runner.py:60} INFO - Started process 165 to run task
[2023-12-26T12:45:45.255+0000] {standard_task_runner.py:87} INFO - Running: ['airflow', 'tasks', 'run', 'parquet', 'parquet', 'scheduled__2023-12-25T00:00:00+00:00', '--job-id', '5', '--raw', '--subdir', 'DAGS_FOLDER/parquet.py', '--cfg-path', '/tmp/tmpjo5ktv2z']
[2023-12-26T12:45:45.257+0000] {standard_task_runner.py:88} INFO - Job 5: Subtask parquet
[2023-12-26T12:45:45.291+0000] {task_command.py:423} INFO - Running <TaskInstance: parquet.parquet scheduled__2023-12-25T00:00:00+00:00 [running]> on host 21f64a9239d6
[2023-12-26T12:45:45.336+0000] {taskinstance.py:2481} INFO - Exporting env vars: AIRFLOW_CTX_DAG_EMAIL='airflow@example.com' AIRFLOW_CTX_DAG_OWNER='airflow' AIRFLOW_CTX_DAG_ID='parquet' AIRFLOW_CTX_TASK_ID='parquet' AIRFLOW_CTX_EXECUTION_DATE='2023-12-25T00:00:00+00:00' AIRFLOW_CTX_TRY_NUMBER='1' AIRFLOW_CTX_DAG_RUN_ID='scheduled__2023-12-25T00:00:00+00:00'
[2023-12-26T12:45:45.339+0000] {logging_mixin.py:188} INFO - File '/tmp/batchViews/df.parquet' already exists.
[2023-12-26T12:45:45.424+0000] {logging_mixin.py:188} INFO -    column1 column2
0        1  value1
1        2  value2
[2023-12-26T12:45:45.425+0000] {python.py:201} INFO - Done. Returned value was: None
[2023-12-26T12:45:45.430+0000] {taskinstance.py:1138} INFO - Marking task as SUCCESS. dag_id=parquet, task_id=parquet, execution_date=20231225T000000, start_date=20231226T124545, end_date=20231226T124545
[2023-12-26T12:45:45.468+0000] {local_task_job_runner.py:234} INFO - Task exited with return code 0
[2023-12-26T12:45:45.476+0000] {taskinstance.py:3281} INFO - 0 downstream tasks scheduled from follow-on schedule check
[2023-12-26T16:40:31.217+0000] {taskinstance.py:1957} INFO - Dependencies all met for dep_context=non-requeueable deps ti=<TaskInstance: parquet.parquet scheduled__2023-12-25T00:00:00+00:00 [queued]>
[2023-12-26T16:40:31.222+0000] {taskinstance.py:1957} INFO - Dependencies all met for dep_context=requeueable deps ti=<TaskInstance: parquet.parquet scheduled__2023-12-25T00:00:00+00:00 [queued]>
[2023-12-26T16:40:31.222+0000] {taskinstance.py:2171} INFO - Starting attempt 1 of 2
[2023-12-26T16:40:31.261+0000] {taskinstance.py:2192} INFO - Executing <Task(PythonOperator): parquet> on 2023-12-25 00:00:00+00:00
[2023-12-26T16:40:31.266+0000] {standard_task_runner.py:60} INFO - Started process 165 to run task
[2023-12-26T16:40:31.268+0000] {standard_task_runner.py:87} INFO - Running: ['airflow', 'tasks', 'run', 'parquet', 'parquet', 'scheduled__2023-12-25T00:00:00+00:00', '--job-id', '5', '--raw', '--subdir', 'DAGS_FOLDER/parquet.py', '--cfg-path', '/tmp/tmpp_e5tfas']
[2023-12-26T16:40:31.270+0000] {standard_task_runner.py:88} INFO - Job 5: Subtask parquet
[2023-12-26T16:40:31.296+0000] {task_command.py:423} INFO - Running <TaskInstance: parquet.parquet scheduled__2023-12-25T00:00:00+00:00 [running]> on host ba237c0dfd1a
[2023-12-26T16:40:31.339+0000] {taskinstance.py:2481} INFO - Exporting env vars: AIRFLOW_CTX_DAG_EMAIL='airflow@example.com' AIRFLOW_CTX_DAG_OWNER='airflow' AIRFLOW_CTX_DAG_ID='parquet' AIRFLOW_CTX_TASK_ID='parquet' AIRFLOW_CTX_EXECUTION_DATE='2023-12-25T00:00:00+00:00' AIRFLOW_CTX_TRY_NUMBER='1' AIRFLOW_CTX_DAG_RUN_ID='scheduled__2023-12-25T00:00:00+00:00'
[2023-12-26T16:40:31.342+0000] {logging_mixin.py:188} INFO - File '/tmp/batchViews/df.parquet' already exists.
[2023-12-26T16:40:31.412+0000] {logging_mixin.py:188} INFO -    column1 column2
0        1  value1
1        2  value2
[2023-12-26T16:40:31.412+0000] {python.py:201} INFO - Done. Returned value was: None
[2023-12-26T16:40:31.416+0000] {taskinstance.py:1138} INFO - Marking task as SUCCESS. dag_id=parquet, task_id=parquet, execution_date=20231225T000000, start_date=20231226T164031, end_date=20231226T164031
[2023-12-26T16:40:31.441+0000] {local_task_job_runner.py:234} INFO - Task exited with return code 0
[2023-12-26T16:40:31.448+0000] {taskinstance.py:3281} INFO - 0 downstream tasks scheduled from follow-on schedule check
[2023-12-26T20:57:53.782+0000] {taskinstance.py:1957} INFO - Dependencies all met for dep_context=non-requeueable deps ti=<TaskInstance: parquet.parquet scheduled__2023-12-25T00:00:00+00:00 [queued]>
[2023-12-26T20:57:53.795+0000] {taskinstance.py:1957} INFO - Dependencies all met for dep_context=requeueable deps ti=<TaskInstance: parquet.parquet scheduled__2023-12-25T00:00:00+00:00 [queued]>
[2023-12-26T20:57:53.795+0000] {taskinstance.py:2171} INFO - Starting attempt 1 of 2
[2023-12-26T20:57:53.816+0000] {taskinstance.py:2192} INFO - Executing <Task(PythonOperator): parquet> on 2023-12-25 00:00:00+00:00
[2023-12-26T20:57:53.820+0000] {standard_task_runner.py:60} INFO - Started process 161 to run task
[2023-12-26T20:57:53.823+0000] {standard_task_runner.py:87} INFO - Running: ['airflow', 'tasks', 'run', 'parquet', 'parquet', 'scheduled__2023-12-25T00:00:00+00:00', '--job-id', '5', '--raw', '--subdir', 'DAGS_FOLDER/parquet.py', '--cfg-path', '/tmp/tmppagrfdny']
[2023-12-26T20:57:53.825+0000] {standard_task_runner.py:88} INFO - Job 5: Subtask parquet
[2023-12-26T20:57:53.858+0000] {task_command.py:423} INFO - Running <TaskInstance: parquet.parquet scheduled__2023-12-25T00:00:00+00:00 [running]> on host d26df5132269
[2023-12-26T20:57:53.940+0000] {taskinstance.py:2481} INFO - Exporting env vars: AIRFLOW_CTX_DAG_EMAIL='airflow@example.com' AIRFLOW_CTX_DAG_OWNER='airflow' AIRFLOW_CTX_DAG_ID='parquet' AIRFLOW_CTX_TASK_ID='parquet' AIRFLOW_CTX_EXECUTION_DATE='2023-12-25T00:00:00+00:00' AIRFLOW_CTX_TRY_NUMBER='1' AIRFLOW_CTX_DAG_RUN_ID='scheduled__2023-12-25T00:00:00+00:00'
[2023-12-26T20:57:53.943+0000] {logging_mixin.py:188} INFO - File '/tmp/batchViews/df.parquet' already exists.
[2023-12-26T20:57:54.053+0000] {logging_mixin.py:188} INFO -    column1 column2
0        1  value1
1        2  value2
[2023-12-26T20:57:54.054+0000] {python.py:201} INFO - Done. Returned value was: None
[2023-12-26T20:57:54.059+0000] {taskinstance.py:1138} INFO - Marking task as SUCCESS. dag_id=parquet, task_id=parquet, execution_date=20231225T000000, start_date=20231226T205753, end_date=20231226T205754
[2023-12-26T20:57:54.116+0000] {local_task_job_runner.py:234} INFO - Task exited with return code 0
[2023-12-26T20:57:54.127+0000] {taskinstance.py:3281} INFO - 0 downstream tasks scheduled from follow-on schedule check
[2023-12-26T21:33:43.445+0000] {taskinstance.py:1957} INFO - Dependencies all met for dep_context=non-requeueable deps ti=<TaskInstance: parquet.parquet scheduled__2023-12-25T00:00:00+00:00 [queued]>
[2023-12-26T21:33:43.451+0000] {taskinstance.py:1957} INFO - Dependencies all met for dep_context=requeueable deps ti=<TaskInstance: parquet.parquet scheduled__2023-12-25T00:00:00+00:00 [queued]>
[2023-12-26T21:33:43.451+0000] {taskinstance.py:2171} INFO - Starting attempt 1 of 2
[2023-12-26T21:33:43.464+0000] {taskinstance.py:2192} INFO - Executing <Task(PythonOperator): parquet> on 2023-12-25 00:00:00+00:00
[2023-12-26T21:33:43.468+0000] {standard_task_runner.py:60} INFO - Started process 162 to run task
[2023-12-26T21:33:43.471+0000] {standard_task_runner.py:87} INFO - Running: ['airflow', 'tasks', 'run', 'parquet', 'parquet', 'scheduled__2023-12-25T00:00:00+00:00', '--job-id', '5', '--raw', '--subdir', 'DAGS_FOLDER/parquet.py', '--cfg-path', '/tmp/tmpe5soysll']
[2023-12-26T21:33:43.473+0000] {standard_task_runner.py:88} INFO - Job 5: Subtask parquet
[2023-12-26T21:33:43.505+0000] {task_command.py:423} INFO - Running <TaskInstance: parquet.parquet scheduled__2023-12-25T00:00:00+00:00 [running]> on host b20a8cc54a2d
[2023-12-26T21:33:43.554+0000] {taskinstance.py:2481} INFO - Exporting env vars: AIRFLOW_CTX_DAG_EMAIL='airflow@example.com' AIRFLOW_CTX_DAG_OWNER='airflow' AIRFLOW_CTX_DAG_ID='parquet' AIRFLOW_CTX_TASK_ID='parquet' AIRFLOW_CTX_EXECUTION_DATE='2023-12-25T00:00:00+00:00' AIRFLOW_CTX_TRY_NUMBER='1' AIRFLOW_CTX_DAG_RUN_ID='scheduled__2023-12-25T00:00:00+00:00'
[2023-12-26T21:33:43.559+0000] {logging_mixin.py:188} INFO - File '/tmp/batchViews/df.parquet' created successfully.
[2023-12-26T21:33:43.609+0000] {logging_mixin.py:188} INFO -    column1 column2
0        1  value1
1        2  value2
[2023-12-26T21:33:43.610+0000] {python.py:201} INFO - Done. Returned value was: None
[2023-12-26T21:33:43.614+0000] {taskinstance.py:1138} INFO - Marking task as SUCCESS. dag_id=parquet, task_id=parquet, execution_date=20231225T000000, start_date=20231226T213343, end_date=20231226T213343
[2023-12-26T21:33:43.644+0000] {local_task_job_runner.py:234} INFO - Task exited with return code 0
[2023-12-26T21:33:43.652+0000] {taskinstance.py:3281} INFO - 0 downstream tasks scheduled from follow-on schedule check
[2023-12-26T22:20:29.111+0000] {taskinstance.py:1957} INFO - Dependencies all met for dep_context=non-requeueable deps ti=<TaskInstance: parquet.parquet scheduled__2023-12-25T00:00:00+00:00 [queued]>
[2023-12-26T22:20:29.117+0000] {taskinstance.py:1957} INFO - Dependencies all met for dep_context=requeueable deps ti=<TaskInstance: parquet.parquet scheduled__2023-12-25T00:00:00+00:00 [queued]>
[2023-12-26T22:20:29.117+0000] {taskinstance.py:2171} INFO - Starting attempt 1 of 2
[2023-12-26T22:20:29.128+0000] {taskinstance.py:2192} INFO - Executing <Task(PythonOperator): parquet> on 2023-12-25 00:00:00+00:00
[2023-12-26T22:20:29.132+0000] {standard_task_runner.py:60} INFO - Started process 161 to run task
[2023-12-26T22:20:29.134+0000] {standard_task_runner.py:87} INFO - Running: ['airflow', 'tasks', 'run', 'parquet', 'parquet', 'scheduled__2023-12-25T00:00:00+00:00', '--job-id', '5', '--raw', '--subdir', 'DAGS_FOLDER/parquet.py', '--cfg-path', '/tmp/tmp8nikam85']
[2023-12-26T22:20:29.136+0000] {standard_task_runner.py:88} INFO - Job 5: Subtask parquet
[2023-12-26T22:20:29.166+0000] {task_command.py:423} INFO - Running <TaskInstance: parquet.parquet scheduled__2023-12-25T00:00:00+00:00 [running]> on host f81c64188a37
[2023-12-26T22:20:29.218+0000] {taskinstance.py:2481} INFO - Exporting env vars: AIRFLOW_CTX_DAG_EMAIL='airflow@example.com' AIRFLOW_CTX_DAG_OWNER='airflow' AIRFLOW_CTX_DAG_ID='parquet' AIRFLOW_CTX_TASK_ID='parquet' AIRFLOW_CTX_EXECUTION_DATE='2023-12-25T00:00:00+00:00' AIRFLOW_CTX_TRY_NUMBER='1' AIRFLOW_CTX_DAG_RUN_ID='scheduled__2023-12-25T00:00:00+00:00'
[2023-12-26T22:20:29.222+0000] {logging_mixin.py:188} INFO - File '/tmp/batchViews/df.parquet' created successfully.
[2023-12-26T22:20:29.315+0000] {logging_mixin.py:188} INFO -    column1 column2
0        1  value1
1        2  value2
[2023-12-26T22:20:29.316+0000] {python.py:201} INFO - Done. Returned value was: None
[2023-12-26T22:20:29.320+0000] {taskinstance.py:1138} INFO - Marking task as SUCCESS. dag_id=parquet, task_id=parquet, execution_date=20231225T000000, start_date=20231226T222029, end_date=20231226T222029
[2023-12-26T22:20:29.347+0000] {local_task_job_runner.py:234} INFO - Task exited with return code 0
[2023-12-26T22:20:29.355+0000] {taskinstance.py:3281} INFO - 0 downstream tasks scheduled from follow-on schedule check
