[2023-12-26T17:01:24.727+0000] {taskinstance.py:1957} INFO - Dependencies all met for dep_context=non-requeueable deps ti=<TaskInstance: batch_layer.batch_1 manual__2023-12-26T16:59:47.548435+00:00 [queued]>
[2023-12-26T17:01:24.732+0000] {taskinstance.py:1957} INFO - Dependencies all met for dep_context=requeueable deps ti=<TaskInstance: batch_layer.batch_1 manual__2023-12-26T16:59:47.548435+00:00 [queued]>
[2023-12-26T17:01:24.732+0000] {taskinstance.py:2171} INFO - Starting attempt 1 of 2
[2023-12-26T17:01:24.745+0000] {taskinstance.py:2192} INFO - Executing <Task(PythonOperator): batch_1> on 2023-12-26 16:59:47.548435+00:00
[2023-12-26T17:01:24.750+0000] {standard_task_runner.py:60} INFO - Started process 533 to run task
[2023-12-26T17:01:24.752+0000] {standard_task_runner.py:87} INFO - Running: ['airflow', 'tasks', 'run', 'batch_layer', 'batch_1', 'manual__2023-12-26T16:59:47.548435+00:00', '--job-id', '14', '--raw', '--subdir', 'DAGS_FOLDER/BatchLayerDag.py', '--cfg-path', '/tmp/tmp40w7dyei']
[2023-12-26T17:01:24.754+0000] {standard_task_runner.py:88} INFO - Job 14: Subtask batch_1
[2023-12-26T17:01:24.780+0000] {task_command.py:423} INFO - Running <TaskInstance: batch_layer.batch_1 manual__2023-12-26T16:59:47.548435+00:00 [running]> on host ba237c0dfd1a
[2023-12-26T17:01:24.826+0000] {taskinstance.py:2481} INFO - Exporting env vars: AIRFLOW_CTX_DAG_EMAIL='airflow@example.com' AIRFLOW_CTX_DAG_OWNER='airflow' AIRFLOW_CTX_DAG_ID='batch_layer' AIRFLOW_CTX_TASK_ID='batch_1' AIRFLOW_CTX_EXECUTION_DATE='2023-12-26T16:59:47.548435+00:00' AIRFLOW_CTX_TRY_NUMBER='1' AIRFLOW_CTX_DAG_RUN_ID='manual__2023-12-26T16:59:47.548435+00:00'
[2023-12-26T17:01:24.883+0000] {hive.py:475} INFO - USE `finnhub_db`
[2023-12-26T17:01:24.916+0000] {hive.py:475} INFO - 
                SELECT *
                FROM finnhub_table
            
[2023-12-26T17:01:25.293+0000] {logging_mixin.py:188} INFO -              p crypto_pair                       t        v
0     43694.01     BTCUSDT 2023-12-25 13:10:26.122  0.00095
1     43694.00     BTCUSDT 2023-12-25 13:10:26.314  0.00919
2     43693.84     BTCUSDT 2023-12-25 13:10:26.333  0.00229
3     43684.53     BTCUSDT 2023-12-25 13:10:27.614  0.00229
4     43571.98     BTCUSDT 2023-12-25 18:25:58.632  0.00414
...        ...         ...                     ...      ...
3382  43572.42     BTCUSDT 2023-12-25 18:25:58.632  0.00062
3383  43572.32     BTCUSDT 2023-12-25 18:25:58.632  0.00229
3384  43572.16     BTCUSDT 2023-12-25 18:25:58.632  0.00062
3385  43571.99     BTCUSDT 2023-12-25 18:25:58.632  0.00050
3386  43571.98     BTCUSDT 2023-12-25 18:25:58.632  0.00710

[3387 rows x 4 columns]
[2023-12-26T17:01:25.299+0000] {logging_mixin.py:188} INFO -                         p                             t          v
crypto_pair                                                       
BTCUSDT      43367.322105 2023-12-25 21:55:57.897255424   0.042593
ETHUSDT       2274.734280 2023-12-25 20:01:54.674024704   0.571292
None           225.760210 2023-12-26 15:45:15.835876352  36.921348
[2023-12-26T17:01:25.301+0000] {logging_mixin.py:188} INFO - File '/tmp/batchViews/parquet_output_1.parquet' already exists.
[2023-12-26T17:01:25.332+0000] {logging_mixin.py:188} INFO -                         p                          t          v
crypto_pair                                                    
BTCUSDT      43367.322105 2023-12-25 21:55:57.897255   0.042593
ETHUSDT       2274.734280 2023-12-25 20:01:54.674024   0.571292
None           225.760210 2023-12-26 15:45:15.835876  36.921348
[2023-12-26T17:01:25.333+0000] {python.py:201} INFO - Done. Returned value was: None
[2023-12-26T17:01:25.337+0000] {taskinstance.py:1138} INFO - Marking task as SUCCESS. dag_id=batch_layer, task_id=batch_1, execution_date=20231226T165947, start_date=20231226T170124, end_date=20231226T170125
[2023-12-26T17:01:25.366+0000] {local_task_job_runner.py:234} INFO - Task exited with return code 0
[2023-12-26T17:01:25.374+0000] {taskinstance.py:3281} INFO - 0 downstream tasks scheduled from follow-on schedule check
