[2023-12-26T18:22:53.133+0000] {taskinstance.py:1957} INFO - Dependencies all met for dep_context=non-requeueable deps ti=<TaskInstance: batch_layer.consume_data manual__2023-12-26T18:22:49.187475+00:00 [queued]>
[2023-12-26T18:22:53.137+0000] {taskinstance.py:1957} INFO - Dependencies all met for dep_context=requeueable deps ti=<TaskInstance: batch_layer.consume_data manual__2023-12-26T18:22:49.187475+00:00 [queued]>
[2023-12-26T18:22:53.138+0000] {taskinstance.py:2171} INFO - Starting attempt 1 of 2
[2023-12-26T18:22:53.149+0000] {taskinstance.py:2192} INFO - Executing <Task(PythonOperator): consume_data> on 2023-12-26 18:22:49.187475+00:00
[2023-12-26T18:22:53.153+0000] {standard_task_runner.py:60} INFO - Started process 2380 to run task
[2023-12-26T18:22:53.158+0000] {standard_task_runner.py:87} INFO - Running: ['airflow', 'tasks', 'run', 'batch_layer', 'consume_data', 'manual__2023-12-26T18:22:49.187475+00:00', '--job-id', '56', '--raw', '--subdir', 'DAGS_FOLDER/BatchLayerDag.py', '--cfg-path', '/tmp/tmpi8zidrjg']
[2023-12-26T18:22:53.164+0000] {standard_task_runner.py:88} INFO - Job 56: Subtask consume_data
[2023-12-26T18:22:53.212+0000] {task_command.py:423} INFO - Running <TaskInstance: batch_layer.consume_data manual__2023-12-26T18:22:49.187475+00:00 [running]> on host ba237c0dfd1a
[2023-12-26T18:22:53.300+0000] {taskinstance.py:2481} INFO - Exporting env vars: AIRFLOW_CTX_DAG_EMAIL='airflow@example.com' AIRFLOW_CTX_DAG_OWNER='airflow' AIRFLOW_CTX_DAG_ID='batch_layer' AIRFLOW_CTX_TASK_ID='consume_data' AIRFLOW_CTX_EXECUTION_DATE='2023-12-26T18:22:49.187475+00:00' AIRFLOW_CTX_TRY_NUMBER='1' AIRFLOW_CTX_DAG_RUN_ID='manual__2023-12-26T18:22:49.187475+00:00'
[2023-12-26T18:22:53.374+0000] {hive.py:475} INFO - USE `finnhub_db`
[2023-12-26T18:22:53.525+0000] {hive.py:475} INFO - 
        CREATE TABLE IF NOT EXISTS finnhub_table
        ROW FORMAT SERDE 'org.apache.hadoop.hive.serde2.avro.AvroSerDe'
        STORED AS INPUTFORMAT 'org.apache.hadoop.hive.ql.io.avro.AvroContainerInputFormat'
        OUTPUTFORMAT 'org.apache.hadoop.hive.ql.io.avro.AvroContainerOutputFormat'
        TBLPROPERTIES ('avro.schema.literal'='{"type": "record", "name": "TradeRecord", "fields": [{"name": "p", "type": "double"}, {"name": "exchange", "type": "string"}, {"name": "crypto_pair", "type": "string"}, {"name": "t", "type": "long"}, {"name": "v", "type": "double"}]}')
    
[2023-12-26T18:22:53.622+0000] {hive.py:475} INFO - USE `finnhub_db`
[2023-12-26T18:22:53.727+0000] {hive.py:475} INFO - 
        CREATE TABLE IF NOT EXISTS temp_avro_data
        ROW FORMAT SERDE 'org.apache.hadoop.hive.serde2.avro.AvroSerDe'
        STORED AS INPUTFORMAT 'org.apache.hadoop.hive.ql.io.avro.AvroContainerInputFormat'
        OUTPUTFORMAT 'org.apache.hadoop.hive.ql.io.avro.AvroContainerOutputFormat'
        TBLPROPERTIES ('avro.schema.literal'='{"type": "record", "name": "TradeRecord", "fields": [{"name": "p", "type": "double"}, {"name": "exchange", "type": "string"}, {"name": "crypto_pair", "type": "string"}, {"name": "t", "type": "long"}, {"name": "v", "type": "double"}]}')
    
[2023-12-26T18:22:53.745+0000] {logging_mixin.py:188} INFO - [[{'c': ['1', '12'], 'p': 153.42, 's': 'AMZN', 't': 1703608887177, 'v': 1}, {'c': None, 'p': 42337.52, 's': 'BINANCE:BTCUSDT', 't': 1703608887026, 'v': 0.00019}, {'c': None, 'p': 42337.52, 's': 'BINANCE:BTCUSDT', 't': 1703608887049, 'v': 0.00019}, {'c': None, 'p': 42337.52, 's': 'BINANCE:BTCUSDT', 't': 1703608887074, 'v': 0.00019}, {'c': ['1'], 'p': 193.14, 's': 'AAPL', 't': 1703608887285, 'v': 500}, {'c': ['1', '8', '12'], 'p': 193.14, 's': 'AAPL', 't': 1703608887285, 'v': 1}, {'c': ['1', '8', '12'], 'p': 193.14, 's': 'AAPL', 't': 1703608887285, 'v': 99}, {'c': ['1', '8', '12'], 'p': 193.14, 's': 'AAPL', 't': 1703608887285, 'v': 1}, {'c': ['1'], 'p': 193.14, 's': 'AAPL', 't': 1703608887285, 'v': 100}, {'c': ['1', '8'], 'p': 193.14, 's': 'AAPL', 't': 1703608887285, 'v': 100}], [{'c': ['1', '12'], 'p': 193.14, 's': 'AAPL', 't': 1703608887285, 'v': 2}, {'c': ['1'], 'p': 193.14, 's': 'AAPL', 't': 1703608887285, 'v': 200}, {'c': ['1', '12'], 'p': 193.14, 's': 'AAPL', 't': 1703608887285, 'v': 1}, {'c': ['1', '12'], 'p': 193.14, 's': 'AAPL', 't': 1703608887286, 'v': 1}, {'c': ['1', '12'], 'p': 193.14, 's': 'AAPL', 't': 1703608887287, 'v': 50}, {'c': ['1', '12'], 'p': 193.14, 's': 'AAPL', 't': 1703608887287, 'v': 50}, {'c': ['1', '12'], 'p': 193.145, 's': 'AAPL', 't': 1703608887315, 'v': 1}, {'c': None, 'p': 42337.52, 's': 'BINANCE:BTCUSDT', 't': 1703608887163, 'v': 0.00481}], [{'c': None, 'p': 42337.52, 's': 'BINANCE:BTCUSDT', 't': 1703608887209, 'v': 0.00024}, {'c': ['1', '12'], 'p': 193.13, 's': 'AAPL', 't': 1703608887371, 'v': 10}, {'c': ['1', '12'], 'p': 374.63, 's': 'MSFT', 't': 1703608887371, 'v': 1}, {'c': ['1', '12'], 'p': 374.637, 's': 'MSFT', 't': 1703608887396, 'v': 3}, {'c': ['1', '12'], 'p': 374.6321, 's': 'MSFT', 't': 1703608888265, 'v': 25}, {'c': ['1', '12'], 'p': 193.1388, 's': 'AAPL', 't': 1703608887434, 'v': 1}, {'c': ['1', '12'], 'p': 193.13, 's': 'AAPL', 't': 1703608887438, 'v': 1}, {'c': ['1', '12'], 'p': 193.14, 's': 'AAPL', 't': 1703608887582, 'v': 7}, {'c': ['1', '12'], 'p': 193.135, 's': 'AAPL', 't': 1703608887591, 'v': 1}, {'c': ['1'], 'p': 374.64, 's': 'MSFT', 't': 1703608887621, 'v': 100}], [{'c': ['1', '32'], 'p': 193.1063, 's': 'AAPL', 't': 1703608887625, 'v': 100}, {'c': ['1', '8', '12'], 'p': 374.63, 's': 'MSFT', 't': 1703608887705, 'v': 15}, {'c': None, 'p': 42337.52, 's': 'BINANCE:BTCUSDT', 't': 1703608887574, 'v': 0.09446}, {'c': None, 'p': 42337.52, 's': 'BINANCE:BTCUSDT', 't': 1703608887693, 'v': 0.00753}, {'c': ['1', '12'], 'p': 153.418, 's': 'AMZN', 't': 1703608887882, 'v': 1}, {'c': None, 'p': 2225.19, 's': 'BINANCE:ETHUSDT', 't': 1703608887736, 'v': 0.08}, {'c': None, 'p': 2225.18, 's': 'BINANCE:ETHUSDT', 't': 1703608887748, 'v': 0.0453}, {'c': None, 'p': 2225.18, 's': 'BINANCE:ETHUSDT', 't': 1703608887748, 'v': 0.586}, {'c': ['1', '12'], 'p': 193.13, 's': 'AAPL', 't': 1703608887954, 'v': 1}, {'c': ['1', '12'], 'p': 193.14, 's': 'AAPL', 't': 1703608887961, 'v': 2}], [{'c': None, 'p': 2225.18, 's': 'BINANCE:ETHUSDT', 't': 1703608887821, 'v': 0.0034}, {'c': None, 'p': 2225.18, 's': 'BINANCE:ETHUSDT', 't': 1703608887860, 'v': 0.05}, {'c': ['1'], 'p': 193.1301, 's': 'AAPL', 't': 1703608888025, 'v': 330}, {'c': ['1', '12'], 'p': 193.135, 's': 'AAPL', 't': 1703608888117, 'v': 1}, {'c': ['1', '8'], 'p': 153.42, 's': 'AMZN', 't': 1703608888171, 'v': 100}, {'c': ['1', '12'], 'p': 153.42, 's': 'AMZN', 't': 1703608888172, 'v': 1}, {'c': ['1'], 'p': 153.42, 's': 'AMZN', 't': 1703608888178, 'v': 500}, {'c': None, 'p': 42337.51, 's': 'BINANCE:BTCUSDT', 't': 1703608888158, 'v': 0.00986}, {'c': None, 'p': 42337.51, 's': 'BINANCE:BTCUSDT', 't': 1703608888158, 'v': 0.00449}, {'c': None, 'p': 42337.51, 's': 'BINANCE:BTCUSDT', 't': 1703608888159, 'v': 0.00026}], [{'c': None, 'p': 42337.51, 's': 'BINANCE:BTCUSDT', 't': 1703608888185, 'v': 0.00259}, {'c': ['1', '12'], 'p': 193.135, 's': 'AAPL', 't': 1703608888196, 'v': 50}, {'c': ['1', '12'], 'p': 374.64, 's': 'MSFT', 't': 1703608888192, 'v': 1}], [{'c': None, 'p': 42337.52, 's': 'BINANCE:BTCUSDT', 't': 1703608888226, 'v': 0.00202}, {'c': ['1', '12'], 'p': 193.136, 's': 'AAPL', 't': 1703608889267, 'v': 3}, {'c': ['1', '12'], 'p': 193.1372, 's': 'AAPL', 't': 1703608888486, 'v': 1}, {'c': None, 'p': 42337.52, 's': 'BINANCE:BTCUSDT', 't': 1703608888341, 'v': 0.00189}, {'c': None, 'p': 42337.52, 's': 'BINANCE:BTCUSDT', 't': 1703608888341, 'v': 0.00189}, {'c': None, 'p': 42337.52, 's': 'BINANCE:BTCUSDT', 't': 1703608888342, 'v': 0.02089}, {'c': None, 'p': 42337.52, 's': 'BINANCE:BTCUSDT', 't': 1703608888343, 'v': 0.00047}, {'c': None, 'p': 42337.52, 's': 'BINANCE:BTCUSDT', 't': 1703608888343, 'v': 0.00047}, {'c': None, 'p': 42337.51, 's': 'BINANCE:BTCUSDT', 't': 1703608888436, 'v': 0.00733}, {'c': ['1'], 'p': 374.62, 's': 'MSFT', 't': 1703608888593, 'v': 100}], [{'c': ['1', '12'], 'p': 374.62, 's': 'MSFT', 't': 1703608888593, 'v': 69}, {'c': ['1', '12'], 'p': 374.62, 's': 'MSFT', 't': 1703608888593, 'v': 10}, {'c': ['1', '12'], 'p': 374.62, 's': 'MSFT', 't': 1703608888593, 'v': 1}, {'c': ['1', '12'], 'p': 374.62, 's': 'MSFT', 't': 1703608888593, 'v': 2}, {'c': ['1', '12'], 'p': 374.62, 's': 'MSFT', 't': 1703608888593, 'v': 2}, {'c': ['1', '12'], 'p': 374.62, 's': 'MSFT', 't': 1703608888593, 'v': 16}, {'c': ['1', '8', '12'], 'p': 374.62, 's': 'MSFT', 't': 1703608888593, 'v': 14}, {'c': ['1', '12'], 'p': 374.62, 's': 'MSFT', 't': 1703608888593, 'v': 1}, {'c': ['1'], 'p': 374.62, 's': 'MSFT', 't': 1703608888593, 'v': 100}, {'c': ['1', '12'], 'p': 374.62, 's': 'MSFT', 't': 1703608888593, 'v': 8}], [{'c': ['1', '12'], 'p': 374.62, 's': 'MSFT', 't': 1703608888593, 'v': 9}, {'c': ['1', '12'], 'p': 374.62, 's': 'MSFT', 't': 1703608888593, 'v': 71}, {'c': ['1', '12'], 'p': 374.62, 's': 'MSFT', 't': 1703608888593, 'v': 21}, {'c': ['1', '12'], 'p': 374.62, 's': 'MSFT', 't': 1703608888593, 'v': 4}, {'c': ['1', '12'], 'p': 374.62, 's': 'MSFT', 't': 1703608888593, 'v': 29}, {'c': ['1', '12'], 'p': 374.62, 's': 'MSFT', 't': 1703608888594, 'v': 1}, {'c': ['1', '12'], 'p': 374.63, 's': 'MSFT', 't': 1703608888594, 'v': 24}, {'c': ['1'], 'p': 374.63, 's': 'MSFT', 't': 1703608888594, 'v': 100}, {'c': ['1', '12'], 'p': 374.63, 's': 'MSFT', 't': 1703608888594, 'v': 46}, {'c': ['1', '12'], 'p': 374.63, 's': 'MSFT', 't': 1703608888594, 'v': 11}], [{'c': ['1', '12'], 'p': 374.63, 's': 'MSFT', 't': 1703608888594, 'v': 3}, {'c': ['1', '12'], 'p': 374.63, 's': 'MSFT', 't': 1703608888594, 'v': 16}, {'c': ['1', '12'], 'p': 374.62, 's': 'MSFT', 't': 1703608888594, 'v': 84}, {'c': ['1', '8', '12'], 'p': 374.62, 's': 'MSFT', 't': 1703608888594, 'v': 16}, {'c': ['1', '12'], 'p': 193.135, 's': 'AAPL', 't': 1703608888647, 'v': 4}, {'c': None, 'p': 42337.51, 's': 'BINANCE:BTCUSDT', 't': 1703608888545, 'v': 0.00752}, {'c': ['1', '8'], 'p': 193.135, 's': 'AAPL', 't': 1703608888774, 'v': 100}, {'c': ['1', '8', '12'], 'p': 193.14, 's': 'AAPL', 't': 1703608888774, 'v': 99}, {'c': ['1', '8', '12'], 'p': 193.14, 's': 'AAPL', 't': 1703608888774, 'v': 40}, {'c': ['1', '8'], 'p': 193.14, 's': 'AAPL', 't': 1703608888774, 'v': 100}]]
[2023-12-26T18:22:53.746+0000] {hive.py:475} INFO - 
                            INSERT INTO temp_avro_data
                            VALUES (

                                153.42,
                                'AMZN',  -- New 'exchange' attribute
                                'None',  -- New 'crypto_pair' attribute
                                1703608887177,
                                1
                            )
                        
[2023-12-26T18:22:56.751+0000] {hive.py:475} INFO - 
                            INSERT INTO temp_avro_data
                            VALUES (

                                42337.52,
                                'BINANCE',  -- New 'exchange' attribute
                                'BTCUSDT',  -- New 'crypto_pair' attribute
                                1703608887026,
                                0.00019
                            )
                        
[2023-12-26T18:22:58.961+0000] {hive.py:475} INFO - 
                            INSERT INTO temp_avro_data
                            VALUES (

                                42337.52,
                                'BINANCE',  -- New 'exchange' attribute
                                'BTCUSDT',  -- New 'crypto_pair' attribute
                                1703608887049,
                                0.00019
                            )
                        
[2023-12-26T18:23:01.167+0000] {hive.py:475} INFO - 
                            INSERT INTO temp_avro_data
                            VALUES (

                                42337.52,
                                'BINANCE',  -- New 'exchange' attribute
                                'BTCUSDT',  -- New 'crypto_pair' attribute
                                1703608887074,
                                0.00019
                            )
                        
[2023-12-26T18:23:03.410+0000] {hive.py:475} INFO - 
                            INSERT INTO temp_avro_data
                            VALUES (

                                193.14,
                                'AAPL',  -- New 'exchange' attribute
                                'None',  -- New 'crypto_pair' attribute
                                1703608887285,
                                500
                            )
                        
[2023-12-26T18:23:05.779+0000] {hive.py:475} INFO - 
                            INSERT INTO temp_avro_data
                            VALUES (

                                193.14,
                                'AAPL',  -- New 'exchange' attribute
                                'None',  -- New 'crypto_pair' attribute
                                1703608887285,
                                1
                            )
                        
[2023-12-26T18:23:08.006+0000] {hive.py:475} INFO - 
                            INSERT INTO temp_avro_data
                            VALUES (

                                193.14,
                                'AAPL',  -- New 'exchange' attribute
                                'None',  -- New 'crypto_pair' attribute
                                1703608887285,
                                99
                            )
                        
[2023-12-26T18:23:10.519+0000] {hive.py:475} INFO - 
                            INSERT INTO temp_avro_data
                            VALUES (

                                193.14,
                                'AAPL',  -- New 'exchange' attribute
                                'None',  -- New 'crypto_pair' attribute
                                1703608887285,
                                1
                            )
                        
[2023-12-26T18:23:13.078+0000] {hive.py:475} INFO - 
                            INSERT INTO temp_avro_data
                            VALUES (

                                193.14,
                                'AAPL',  -- New 'exchange' attribute
                                'None',  -- New 'crypto_pair' attribute
                                1703608887285,
                                100
                            )
                        
[2023-12-26T18:23:15.231+0000] {hive.py:475} INFO - 
                            INSERT INTO temp_avro_data
                            VALUES (

                                193.14,
                                'AAPL',  -- New 'exchange' attribute
                                'None',  -- New 'crypto_pair' attribute
                                1703608887285,
                                100
                            )
                        
[2023-12-26T18:23:17.406+0000] {hive.py:475} INFO - 
                            INSERT INTO temp_avro_data
                            VALUES (

                                193.14,
                                'AAPL',  -- New 'exchange' attribute
                                'None',  -- New 'crypto_pair' attribute
                                1703608887285,
                                2
                            )
                        
[2023-12-26T18:23:20.043+0000] {hive.py:475} INFO - 
                            INSERT INTO temp_avro_data
                            VALUES (

                                193.14,
                                'AAPL',  -- New 'exchange' attribute
                                'None',  -- New 'crypto_pair' attribute
                                1703608887285,
                                200
                            )
                        
[2023-12-26T18:23:22.285+0000] {hive.py:475} INFO - 
                            INSERT INTO temp_avro_data
                            VALUES (

                                193.14,
                                'AAPL',  -- New 'exchange' attribute
                                'None',  -- New 'crypto_pair' attribute
                                1703608887285,
                                1
                            )
                        
[2023-12-26T18:23:24.469+0000] {hive.py:475} INFO - 
                            INSERT INTO temp_avro_data
                            VALUES (

                                193.14,
                                'AAPL',  -- New 'exchange' attribute
                                'None',  -- New 'crypto_pair' attribute
                                1703608887286,
                                1
                            )
                        
[2023-12-26T18:23:26.683+0000] {hive.py:475} INFO - 
                            INSERT INTO temp_avro_data
                            VALUES (

                                193.14,
                                'AAPL',  -- New 'exchange' attribute
                                'None',  -- New 'crypto_pair' attribute
                                1703608887287,
                                50
                            )
                        
[2023-12-26T18:23:29.307+0000] {hive.py:475} INFO - 
                            INSERT INTO temp_avro_data
                            VALUES (

                                193.14,
                                'AAPL',  -- New 'exchange' attribute
                                'None',  -- New 'crypto_pair' attribute
                                1703608887287,
                                50
                            )
                        
[2023-12-26T18:23:31.542+0000] {hive.py:475} INFO - 
                            INSERT INTO temp_avro_data
                            VALUES (

                                193.145,
                                'AAPL',  -- New 'exchange' attribute
                                'None',  -- New 'crypto_pair' attribute
                                1703608887315,
                                1
                            )
                        
[2023-12-26T18:23:33.746+0000] {hive.py:475} INFO - 
                            INSERT INTO temp_avro_data
                            VALUES (

                                42337.52,
                                'BINANCE',  -- New 'exchange' attribute
                                'BTCUSDT',  -- New 'crypto_pair' attribute
                                1703608887163,
                                0.00481
                            )
                        
[2023-12-26T18:23:36.363+0000] {hive.py:475} INFO - 
                            INSERT INTO temp_avro_data
                            VALUES (

                                42337.52,
                                'BINANCE',  -- New 'exchange' attribute
                                'BTCUSDT',  -- New 'crypto_pair' attribute
                                1703608887209,
                                0.00024
                            )
                        
[2023-12-26T18:23:38.963+0000] {hive.py:475} INFO - 
                            INSERT INTO temp_avro_data
                            VALUES (

                                193.13,
                                'AAPL',  -- New 'exchange' attribute
                                'None',  -- New 'crypto_pair' attribute
                                1703608887371,
                                10
                            )
                        
[2023-12-26T18:23:41.138+0000] {hive.py:475} INFO - 
                            INSERT INTO temp_avro_data
                            VALUES (

                                374.63,
                                'MSFT',  -- New 'exchange' attribute
                                'None',  -- New 'crypto_pair' attribute
                                1703608887371,
                                1
                            )
                        
[2023-12-26T18:23:43.734+0000] {hive.py:475} INFO - 
                            INSERT INTO temp_avro_data
                            VALUES (

                                374.637,
                                'MSFT',  -- New 'exchange' attribute
                                'None',  -- New 'crypto_pair' attribute
                                1703608887396,
                                3
                            )
                        
[2023-12-26T18:23:45.938+0000] {hive.py:475} INFO - 
                            INSERT INTO temp_avro_data
                            VALUES (

                                374.6321,
                                'MSFT',  -- New 'exchange' attribute
                                'None',  -- New 'crypto_pair' attribute
                                1703608888265,
                                25
                            )
                        
[2023-12-26T18:23:48.191+0000] {hive.py:475} INFO - 
                            INSERT INTO temp_avro_data
                            VALUES (

                                193.1388,
                                'AAPL',  -- New 'exchange' attribute
                                'None',  -- New 'crypto_pair' attribute
                                1703608887434,
                                1
                            )
                        
[2023-12-26T18:23:50.748+0000] {hive.py:475} INFO - 
                            INSERT INTO temp_avro_data
                            VALUES (

                                193.13,
                                'AAPL',  -- New 'exchange' attribute
                                'None',  -- New 'crypto_pair' attribute
                                1703608887438,
                                1
                            )
                        
[2023-12-26T18:23:52.937+0000] {hive.py:475} INFO - 
                            INSERT INTO temp_avro_data
                            VALUES (

                                193.14,
                                'AAPL',  -- New 'exchange' attribute
                                'None',  -- New 'crypto_pair' attribute
                                1703608887582,
                                7
                            )
                        
[2023-12-26T18:23:55.085+0000] {hive.py:475} INFO - 
                            INSERT INTO temp_avro_data
                            VALUES (

                                193.135,
                                'AAPL',  -- New 'exchange' attribute
                                'None',  -- New 'crypto_pair' attribute
                                1703608887591,
                                1
                            )
                        
[2023-12-26T18:23:57.685+0000] {hive.py:475} INFO - 
                            INSERT INTO temp_avro_data
                            VALUES (

                                374.64,
                                'MSFT',  -- New 'exchange' attribute
                                'None',  -- New 'crypto_pair' attribute
                                1703608887621,
                                100
                            )
                        
[2023-12-26T18:23:59.824+0000] {hive.py:475} INFO - 
                            INSERT INTO temp_avro_data
                            VALUES (

                                193.1063,
                                'AAPL',  -- New 'exchange' attribute
                                'None',  -- New 'crypto_pair' attribute
                                1703608887625,
                                100
                            )
                        
[2023-12-26T18:24:02.398+0000] {hive.py:475} INFO - 
                            INSERT INTO temp_avro_data
                            VALUES (

                                374.63,
                                'MSFT',  -- New 'exchange' attribute
                                'None',  -- New 'crypto_pair' attribute
                                1703608887705,
                                15
                            )
                        
[2023-12-26T18:24:04.575+0000] {hive.py:475} INFO - 
                            INSERT INTO temp_avro_data
                            VALUES (

                                42337.52,
                                'BINANCE',  -- New 'exchange' attribute
                                'BTCUSDT',  -- New 'crypto_pair' attribute
                                1703608887574,
                                0.09446
                            )
                        
[2023-12-26T18:24:06.793+0000] {hive.py:475} INFO - 
                            INSERT INTO temp_avro_data
                            VALUES (

                                42337.52,
                                'BINANCE',  -- New 'exchange' attribute
                                'BTCUSDT',  -- New 'crypto_pair' attribute
                                1703608887693,
                                0.00753
                            )
                        
[2023-12-26T18:24:08.980+0000] {hive.py:475} INFO - 
                            INSERT INTO temp_avro_data
                            VALUES (

                                153.418,
                                'AMZN',  -- New 'exchange' attribute
                                'None',  -- New 'crypto_pair' attribute
                                1703608887882,
                                1
                            )
                        
[2023-12-26T18:24:11.566+0000] {hive.py:475} INFO - 
                            INSERT INTO temp_avro_data
                            VALUES (

                                2225.19,
                                'BINANCE',  -- New 'exchange' attribute
                                'ETHUSDT',  -- New 'crypto_pair' attribute
                                1703608887736,
                                0.08
                            )
                        
[2023-12-26T18:24:13.750+0000] {hive.py:475} INFO - 
                            INSERT INTO temp_avro_data
                            VALUES (

                                2225.18,
                                'BINANCE',  -- New 'exchange' attribute
                                'ETHUSDT',  -- New 'crypto_pair' attribute
                                1703608887748,
                                0.0453
                            )
                        
[2023-12-26T18:24:16.339+0000] {hive.py:475} INFO - 
                            INSERT INTO temp_avro_data
                            VALUES (

                                2225.18,
                                'BINANCE',  -- New 'exchange' attribute
                                'ETHUSDT',  -- New 'crypto_pair' attribute
                                1703608887748,
                                0.586
                            )
                        
[2023-12-26T18:24:18.977+0000] {hive.py:475} INFO - 
                            INSERT INTO temp_avro_data
                            VALUES (

                                193.13,
                                'AAPL',  -- New 'exchange' attribute
                                'None',  -- New 'crypto_pair' attribute
                                1703608887954,
                                1
                            )
                        
[2023-12-26T18:24:21.588+0000] {hive.py:475} INFO - 
                            INSERT INTO temp_avro_data
                            VALUES (

                                193.14,
                                'AAPL',  -- New 'exchange' attribute
                                'None',  -- New 'crypto_pair' attribute
                                1703608887961,
                                2
                            )
                        
[2023-12-26T18:24:23.807+0000] {hive.py:475} INFO - 
                            INSERT INTO temp_avro_data
                            VALUES (

                                2225.18,
                                'BINANCE',  -- New 'exchange' attribute
                                'ETHUSDT',  -- New 'crypto_pair' attribute
                                1703608887821,
                                0.0034
                            )
                        
[2023-12-26T18:24:26.404+0000] {hive.py:475} INFO - 
                            INSERT INTO temp_avro_data
                            VALUES (

                                2225.18,
                                'BINANCE',  -- New 'exchange' attribute
                                'ETHUSDT',  -- New 'crypto_pair' attribute
                                1703608887860,
                                0.05
                            )
                        
[2023-12-26T18:24:28.565+0000] {hive.py:475} INFO - 
                            INSERT INTO temp_avro_data
                            VALUES (

                                193.1301,
                                'AAPL',  -- New 'exchange' attribute
                                'None',  -- New 'crypto_pair' attribute
                                1703608888025,
                                330
                            )
                        
[2023-12-26T18:24:30.759+0000] {hive.py:475} INFO - 
                            INSERT INTO temp_avro_data
                            VALUES (

                                193.135,
                                'AAPL',  -- New 'exchange' attribute
                                'None',  -- New 'crypto_pair' attribute
                                1703608888117,
                                1
                            )
                        
[2023-12-26T18:24:32.955+0000] {hive.py:475} INFO - 
                            INSERT INTO temp_avro_data
                            VALUES (

                                153.42,
                                'AMZN',  -- New 'exchange' attribute
                                'None',  -- New 'crypto_pair' attribute
                                1703608888171,
                                100
                            )
                        
[2023-12-26T18:24:35.157+0000] {hive.py:475} INFO - 
                            INSERT INTO temp_avro_data
                            VALUES (

                                153.42,
                                'AMZN',  -- New 'exchange' attribute
                                'None',  -- New 'crypto_pair' attribute
                                1703608888172,
                                1
                            )
                        
[2023-12-26T18:24:37.328+0000] {hive.py:475} INFO - 
                            INSERT INTO temp_avro_data
                            VALUES (

                                153.42,
                                'AMZN',  -- New 'exchange' attribute
                                'None',  -- New 'crypto_pair' attribute
                                1703608888178,
                                500
                            )
                        
[2023-12-26T18:24:39.559+0000] {hive.py:475} INFO - 
                            INSERT INTO temp_avro_data
                            VALUES (

                                42337.51,
                                'BINANCE',  -- New 'exchange' attribute
                                'BTCUSDT',  -- New 'crypto_pair' attribute
                                1703608888158,
                                0.00986
                            )
                        
[2023-12-26T18:24:41.757+0000] {hive.py:475} INFO - 
                            INSERT INTO temp_avro_data
                            VALUES (

                                42337.51,
                                'BINANCE',  -- New 'exchange' attribute
                                'BTCUSDT',  -- New 'crypto_pair' attribute
                                1703608888158,
                                0.00449
                            )
                        
[2023-12-26T18:24:44.382+0000] {hive.py:475} INFO - 
                            INSERT INTO temp_avro_data
                            VALUES (

                                42337.51,
                                'BINANCE',  -- New 'exchange' attribute
                                'BTCUSDT',  -- New 'crypto_pair' attribute
                                1703608888159,
                                0.00026
                            )
                        
[2023-12-26T18:24:46.731+0000] {hive.py:475} INFO - 
                            INSERT INTO temp_avro_data
                            VALUES (

                                42337.51,
                                'BINANCE',  -- New 'exchange' attribute
                                'BTCUSDT',  -- New 'crypto_pair' attribute
                                1703608888185,
                                0.00259
                            )
                        
[2023-12-26T18:24:49.024+0000] {hive.py:475} INFO - 
                            INSERT INTO temp_avro_data
                            VALUES (

                                193.135,
                                'AAPL',  -- New 'exchange' attribute
                                'None',  -- New 'crypto_pair' attribute
                                1703608888196,
                                50
                            )
                        
[2023-12-26T18:24:51.765+0000] {hive.py:475} INFO - 
                            INSERT INTO temp_avro_data
                            VALUES (

                                374.64,
                                'MSFT',  -- New 'exchange' attribute
                                'None',  -- New 'crypto_pair' attribute
                                1703608888192,
                                1
                            )
                        
[2023-12-26T18:24:53.978+0000] {hive.py:475} INFO - 
                            INSERT INTO temp_avro_data
                            VALUES (

                                42337.52,
                                'BINANCE',  -- New 'exchange' attribute
                                'BTCUSDT',  -- New 'crypto_pair' attribute
                                1703608888226,
                                0.00202
                            )
                        
[2023-12-26T18:24:56.672+0000] {hive.py:475} INFO - 
                            INSERT INTO temp_avro_data
                            VALUES (

                                193.136,
                                'AAPL',  -- New 'exchange' attribute
                                'None',  -- New 'crypto_pair' attribute
                                1703608889267,
                                3
                            )
                        
[2023-12-26T18:24:58.860+0000] {hive.py:475} INFO - 
                            INSERT INTO temp_avro_data
                            VALUES (

                                193.1372,
                                'AAPL',  -- New 'exchange' attribute
                                'None',  -- New 'crypto_pair' attribute
                                1703608888486,
                                1
                            )
                        
[2023-12-26T18:25:01.445+0000] {hive.py:475} INFO - 
                            INSERT INTO temp_avro_data
                            VALUES (

                                42337.52,
                                'BINANCE',  -- New 'exchange' attribute
                                'BTCUSDT',  -- New 'crypto_pair' attribute
                                1703608888341,
                                0.00189
                            )
                        
[2023-12-26T18:25:03.673+0000] {hive.py:475} INFO - 
                            INSERT INTO temp_avro_data
                            VALUES (

                                42337.52,
                                'BINANCE',  -- New 'exchange' attribute
                                'BTCUSDT',  -- New 'crypto_pair' attribute
                                1703608888341,
                                0.00189
                            )
                        
[2023-12-26T18:25:06.403+0000] {hive.py:475} INFO - 
                            INSERT INTO temp_avro_data
                            VALUES (

                                42337.52,
                                'BINANCE',  -- New 'exchange' attribute
                                'BTCUSDT',  -- New 'crypto_pair' attribute
                                1703608888342,
                                0.02089
                            )
                        
[2023-12-26T18:25:08.577+0000] {hive.py:475} INFO - 
                            INSERT INTO temp_avro_data
                            VALUES (

                                42337.52,
                                'BINANCE',  -- New 'exchange' attribute
                                'BTCUSDT',  -- New 'crypto_pair' attribute
                                1703608888343,
                                0.00047
                            )
                        
[2023-12-26T18:25:11.258+0000] {hive.py:475} INFO - 
                            INSERT INTO temp_avro_data
                            VALUES (

                                42337.52,
                                'BINANCE',  -- New 'exchange' attribute
                                'BTCUSDT',  -- New 'crypto_pair' attribute
                                1703608888343,
                                0.00047
                            )
                        
[2023-12-26T18:25:13.533+0000] {hive.py:475} INFO - 
                            INSERT INTO temp_avro_data
                            VALUES (

                                42337.51,
                                'BINANCE',  -- New 'exchange' attribute
                                'BTCUSDT',  -- New 'crypto_pair' attribute
                                1703608888436,
                                0.00733
                            )
                        
[2023-12-26T18:25:16.215+0000] {hive.py:475} INFO - 
                            INSERT INTO temp_avro_data
                            VALUES (

                                374.62,
                                'MSFT',  -- New 'exchange' attribute
                                'None',  -- New 'crypto_pair' attribute
                                1703608888593,
                                100
                            )
                        
[2023-12-26T18:25:18.521+0000] {hive.py:475} INFO - 
                            INSERT INTO temp_avro_data
                            VALUES (

                                374.62,
                                'MSFT',  -- New 'exchange' attribute
                                'None',  -- New 'crypto_pair' attribute
                                1703608888593,
                                69
                            )
                        
[2023-12-26T18:25:21.466+0000] {hive.py:475} INFO - 
                            INSERT INTO temp_avro_data
                            VALUES (

                                374.62,
                                'MSFT',  -- New 'exchange' attribute
                                'None',  -- New 'crypto_pair' attribute
                                1703608888593,
                                10
                            )
                        
[2023-12-26T18:25:24.152+0000] {hive.py:475} INFO - 
                            INSERT INTO temp_avro_data
                            VALUES (

                                374.62,
                                'MSFT',  -- New 'exchange' attribute
                                'None',  -- New 'crypto_pair' attribute
                                1703608888593,
                                1
                            )
                        
[2023-12-26T18:25:26.975+0000] {hive.py:475} INFO - 
                            INSERT INTO temp_avro_data
                            VALUES (

                                374.62,
                                'MSFT',  -- New 'exchange' attribute
                                'None',  -- New 'crypto_pair' attribute
                                1703608888593,
                                2
                            )
                        
[2023-12-26T18:25:29.231+0000] {hive.py:475} INFO - 
                            INSERT INTO temp_avro_data
                            VALUES (

                                374.62,
                                'MSFT',  -- New 'exchange' attribute
                                'None',  -- New 'crypto_pair' attribute
                                1703608888593,
                                2
                            )
                        
[2023-12-26T18:25:31.516+0000] {hive.py:475} INFO - 
                            INSERT INTO temp_avro_data
                            VALUES (

                                374.62,
                                'MSFT',  -- New 'exchange' attribute
                                'None',  -- New 'crypto_pair' attribute
                                1703608888593,
                                16
                            )
                        
[2023-12-26T18:25:33.748+0000] {hive.py:475} INFO - 
                            INSERT INTO temp_avro_data
                            VALUES (

                                374.62,
                                'MSFT',  -- New 'exchange' attribute
                                'None',  -- New 'crypto_pair' attribute
                                1703608888593,
                                14
                            )
                        
[2023-12-26T18:25:35.991+0000] {hive.py:475} INFO - 
                            INSERT INTO temp_avro_data
                            VALUES (

                                374.62,
                                'MSFT',  -- New 'exchange' attribute
                                'None',  -- New 'crypto_pair' attribute
                                1703608888593,
                                1
                            )
                        
[2023-12-26T18:25:38.275+0000] {hive.py:475} INFO - 
                            INSERT INTO temp_avro_data
                            VALUES (

                                374.62,
                                'MSFT',  -- New 'exchange' attribute
                                'None',  -- New 'crypto_pair' attribute
                                1703608888593,
                                100
                            )
                        
[2023-12-26T18:25:40.459+0000] {hive.py:475} INFO - 
                            INSERT INTO temp_avro_data
                            VALUES (

                                374.62,
                                'MSFT',  -- New 'exchange' attribute
                                'None',  -- New 'crypto_pair' attribute
                                1703608888593,
                                8
                            )
                        
[2023-12-26T18:25:42.654+0000] {hive.py:475} INFO - 
                            INSERT INTO temp_avro_data
                            VALUES (

                                374.62,
                                'MSFT',  -- New 'exchange' attribute
                                'None',  -- New 'crypto_pair' attribute
                                1703608888593,
                                9
                            )
                        
[2023-12-26T18:25:44.861+0000] {hive.py:475} INFO - 
                            INSERT INTO temp_avro_data
                            VALUES (

                                374.62,
                                'MSFT',  -- New 'exchange' attribute
                                'None',  -- New 'crypto_pair' attribute
                                1703608888593,
                                71
                            )
                        
[2023-12-26T18:25:47.124+0000] {hive.py:475} INFO - 
                            INSERT INTO temp_avro_data
                            VALUES (

                                374.62,
                                'MSFT',  -- New 'exchange' attribute
                                'None',  -- New 'crypto_pair' attribute
                                1703608888593,
                                21
                            )
                        
[2023-12-26T18:25:49.648+0000] {hive.py:475} INFO - 
                            INSERT INTO temp_avro_data
                            VALUES (

                                374.62,
                                'MSFT',  -- New 'exchange' attribute
                                'None',  -- New 'crypto_pair' attribute
                                1703608888593,
                                4
                            )
                        
[2023-12-26T18:25:51.894+0000] {hive.py:475} INFO - 
                            INSERT INTO temp_avro_data
                            VALUES (

                                374.62,
                                'MSFT',  -- New 'exchange' attribute
                                'None',  -- New 'crypto_pair' attribute
                                1703608888593,
                                29
                            )
                        
[2023-12-26T18:25:54.266+0000] {hive.py:475} INFO - 
                            INSERT INTO temp_avro_data
                            VALUES (

                                374.62,
                                'MSFT',  -- New 'exchange' attribute
                                'None',  -- New 'crypto_pair' attribute
                                1703608888594,
                                1
                            )
                        
[2023-12-26T18:25:56.664+0000] {hive.py:475} INFO - 
                            INSERT INTO temp_avro_data
                            VALUES (

                                374.63,
                                'MSFT',  -- New 'exchange' attribute
                                'None',  -- New 'crypto_pair' attribute
                                1703608888594,
                                24
                            )
                        
[2023-12-26T18:25:58.964+0000] {hive.py:475} INFO - 
                            INSERT INTO temp_avro_data
                            VALUES (

                                374.63,
                                'MSFT',  -- New 'exchange' attribute
                                'None',  -- New 'crypto_pair' attribute
                                1703608888594,
                                100
                            )
                        
[2023-12-26T18:26:01.326+0000] {hive.py:475} INFO - 
                            INSERT INTO temp_avro_data
                            VALUES (

                                374.63,
                                'MSFT',  -- New 'exchange' attribute
                                'None',  -- New 'crypto_pair' attribute
                                1703608888594,
                                46
                            )
                        
[2023-12-26T18:26:04.050+0000] {hive.py:475} INFO - 
                            INSERT INTO temp_avro_data
                            VALUES (

                                374.63,
                                'MSFT',  -- New 'exchange' attribute
                                'None',  -- New 'crypto_pair' attribute
                                1703608888594,
                                11
                            )
                        
[2023-12-26T18:26:06.907+0000] {hive.py:475} INFO - 
                            INSERT INTO temp_avro_data
                            VALUES (

                                374.63,
                                'MSFT',  -- New 'exchange' attribute
                                'None',  -- New 'crypto_pair' attribute
                                1703608888594,
                                3
                            )
                        
[2023-12-26T18:26:09.280+0000] {hive.py:475} INFO - 
                            INSERT INTO temp_avro_data
                            VALUES (

                                374.63,
                                'MSFT',  -- New 'exchange' attribute
                                'None',  -- New 'crypto_pair' attribute
                                1703608888594,
                                16
                            )
                        
[2023-12-26T18:26:11.561+0000] {hive.py:475} INFO - 
                            INSERT INTO temp_avro_data
                            VALUES (

                                374.62,
                                'MSFT',  -- New 'exchange' attribute
                                'None',  -- New 'crypto_pair' attribute
                                1703608888594,
                                84
                            )
                        
[2023-12-26T18:26:13.832+0000] {hive.py:475} INFO - 
                            INSERT INTO temp_avro_data
                            VALUES (

                                374.62,
                                'MSFT',  -- New 'exchange' attribute
                                'None',  -- New 'crypto_pair' attribute
                                1703608888594,
                                16
                            )
                        
[2023-12-26T18:26:16.133+0000] {hive.py:475} INFO - 
                            INSERT INTO temp_avro_data
                            VALUES (

                                193.135,
                                'AAPL',  -- New 'exchange' attribute
                                'None',  -- New 'crypto_pair' attribute
                                1703608888647,
                                4
                            )
                        
[2023-12-26T18:26:18.435+0000] {hive.py:475} INFO - 
                            INSERT INTO temp_avro_data
                            VALUES (

                                42337.51,
                                'BINANCE',  -- New 'exchange' attribute
                                'BTCUSDT',  -- New 'crypto_pair' attribute
                                1703608888545,
                                0.00752
                            )
                        
[2023-12-26T18:26:20.717+0000] {hive.py:475} INFO - 
                            INSERT INTO temp_avro_data
                            VALUES (

                                193.135,
                                'AAPL',  -- New 'exchange' attribute
                                'None',  -- New 'crypto_pair' attribute
                                1703608888774,
                                100
                            )
                        
[2023-12-26T18:26:22.967+0000] {hive.py:475} INFO - 
                            INSERT INTO temp_avro_data
                            VALUES (

                                193.14,
                                'AAPL',  -- New 'exchange' attribute
                                'None',  -- New 'crypto_pair' attribute
                                1703608888774,
                                99
                            )
                        
[2023-12-26T18:26:25.362+0000] {hive.py:475} INFO - 
                            INSERT INTO temp_avro_data
                            VALUES (

                                193.14,
                                'AAPL',  -- New 'exchange' attribute
                                'None',  -- New 'crypto_pair' attribute
                                1703608888774,
                                40
                            )
                        
[2023-12-26T18:26:27.793+0000] {hive.py:475} INFO - 
                            INSERT INTO temp_avro_data
                            VALUES (

                                193.14,
                                'AAPL',  -- New 'exchange' attribute
                                'None',  -- New 'crypto_pair' attribute
                                1703608888774,
                                100
                            )
                        
[2023-12-26T18:26:30.195+0000] {logging_mixin.py:188} INFO - 
Inserting batch into Hive...
[2023-12-26T18:26:30.198+0000] {hive.py:475} INFO - 
            INSERT INTO TABLE finnhub_table 
            SELECT *
            FROM temp_avro_data
        
[2023-12-26T18:29:49.058+0000] {logging_mixin.py:188} INFO - Batch successfully inserted into Hive.
[2023-12-26T18:29:49.074+0000] {logging_mixin.py:188} INFO - Error: KafkaError{code=_MAX_POLL_EXCEEDED,val=-147,str="Application maximum poll interval (300000ms) exceeded by 492ms"}
[2023-12-26T18:29:49.074+0000] {logging_mixin.py:188} INFO - finish
[2023-12-26T18:29:49.085+0000] {python.py:201} INFO - Done. Returned value was: None
[2023-12-26T18:29:49.092+0000] {taskinstance.py:1138} INFO - Marking task as SUCCESS. dag_id=batch_layer, task_id=consume_data, execution_date=20231226T182249, start_date=20231226T182253, end_date=20231226T182949
[2023-12-26T18:29:49.110+0000] {local_task_job_runner.py:234} INFO - Task exited with return code 0
[2023-12-26T18:29:49.123+0000] {taskinstance.py:3281} INFO - 4 downstream tasks scheduled from follow-on schedule check
