[2023-12-27T00:00:04.155+0000] {taskinstance.py:1957} INFO - Dependencies all met for dep_context=non-requeueable deps ti=<TaskInstance: batch_layer.consume_data scheduled__2023-12-26T00:00:00+00:00 [queued]>
[2023-12-27T00:00:04.160+0000] {taskinstance.py:1957} INFO - Dependencies all met for dep_context=requeueable deps ti=<TaskInstance: batch_layer.consume_data scheduled__2023-12-26T00:00:00+00:00 [queued]>
[2023-12-27T00:00:04.160+0000] {taskinstance.py:2171} INFO - Starting attempt 1 of 2
[2023-12-27T00:00:04.173+0000] {taskinstance.py:2192} INFO - Executing <Task(PythonOperator): consume_data> on 2023-12-26 00:00:00+00:00
[2023-12-27T00:00:04.178+0000] {standard_task_runner.py:60} INFO - Started process 1608 to run task
[2023-12-27T00:00:04.193+0000] {standard_task_runner.py:87} INFO - Running: ['airflow', 'tasks', 'run', 'batch_layer', 'consume_data', 'scheduled__2023-12-26T00:00:00+00:00', '--job-id', '12', '--raw', '--subdir', 'DAGS_FOLDER/BatchLayerDag.py', '--cfg-path', '/tmp/tmpqyrg98tu']
[2023-12-27T00:00:04.197+0000] {standard_task_runner.py:88} INFO - Job 12: Subtask consume_data
[2023-12-27T00:00:04.258+0000] {task_command.py:423} INFO - Running <TaskInstance: batch_layer.consume_data scheduled__2023-12-26T00:00:00+00:00 [running]> on host f81c64188a37
[2023-12-27T00:00:04.362+0000] {taskinstance.py:2481} INFO - Exporting env vars: AIRFLOW_CTX_DAG_EMAIL='airflow@example.com' AIRFLOW_CTX_DAG_OWNER='airflow' AIRFLOW_CTX_DAG_ID='batch_layer' AIRFLOW_CTX_TASK_ID='consume_data' AIRFLOW_CTX_EXECUTION_DATE='2023-12-26T00:00:00+00:00' AIRFLOW_CTX_TRY_NUMBER='1' AIRFLOW_CTX_DAG_RUN_ID='scheduled__2023-12-26T00:00:00+00:00'
[2023-12-27T00:00:04.440+0000] {hive.py:475} INFO - USE `finnhub_db`
[2023-12-27T00:00:04.615+0000] {hive.py:475} INFO - 
        CREATE TABLE IF NOT EXISTS finnhub_table
        ROW FORMAT SERDE 'org.apache.hadoop.hive.serde2.avro.AvroSerDe'
        STORED AS INPUTFORMAT 'org.apache.hadoop.hive.ql.io.avro.AvroContainerInputFormat'
        OUTPUTFORMAT 'org.apache.hadoop.hive.ql.io.avro.AvroContainerOutputFormat'
        TBLPROPERTIES ('avro.schema.literal'='{"type": "record", "name": "TradeRecord", "fields": [{"name": "p", "type": "double"}, {"name": "exchange", "type": "string"}, {"name": "crypto_pair", "type": "string"}, {"name": "t", "type": "long"}, {"name": "v", "type": "double"}]}')
    
[2023-12-27T00:00:04.731+0000] {hive.py:475} INFO - USE `finnhub_db`
[2023-12-27T00:00:04.797+0000] {hive.py:475} INFO - 
        CREATE TABLE IF NOT EXISTS temp_avro_data
        ROW FORMAT SERDE 'org.apache.hadoop.hive.serde2.avro.AvroSerDe'
        STORED AS INPUTFORMAT 'org.apache.hadoop.hive.ql.io.avro.AvroContainerInputFormat'
        OUTPUTFORMAT 'org.apache.hadoop.hive.ql.io.avro.AvroContainerOutputFormat'
        TBLPROPERTIES ('avro.schema.literal'='{"type": "record", "name": "TradeRecord", "fields": [{"name": "p", "type": "double"}, {"name": "exchange", "type": "string"}, {"name": "crypto_pair", "type": "string"}, {"name": "t", "type": "long"}, {"name": "v", "type": "double"}]}')
    
[2023-12-27T01:28:15.667+0000] {local_task_job_runner.py:121} ERROR - Received SIGTERM. Terminating subprocesses
[2023-12-27T01:28:15.691+0000] {process_utils.py:131} INFO - Sending Signals.SIGTERM to group 1608. PIDs of all processes in the group: [1608]
[2023-12-27T01:28:15.693+0000] {process_utils.py:86} INFO - Sending the signal Signals.SIGTERM to group 1608
[2023-12-27T01:28:15.707+0000] {local_task_job_runner.py:121} ERROR - Received SIGTERM. Terminating subprocesses
[2023-12-27T01:28:15.714+0000] {process_utils.py:131} INFO - Sending Signals.SIGTERM to group 1608. PIDs of all processes in the group: [1608]
[2023-12-27T01:28:15.715+0000] {process_utils.py:86} INFO - Sending the signal Signals.SIGTERM to group 1608
