[2023-12-26T00:11:15.579+0000] {taskinstance.py:1957} INFO - Dependencies all met for dep_context=non-requeueable deps ti=<TaskInstance: serving-layer.serving scheduled__2023-12-25T00:00:00+00:00 [queued]>
[2023-12-26T00:11:15.583+0000] {taskinstance.py:1957} INFO - Dependencies all met for dep_context=requeueable deps ti=<TaskInstance: serving-layer.serving scheduled__2023-12-25T00:00:00+00:00 [queued]>
[2023-12-26T00:11:15.583+0000] {taskinstance.py:2171} INFO - Starting attempt 2 of 2
[2023-12-26T00:11:15.593+0000] {taskinstance.py:2192} INFO - Executing <Task(PythonOperator): serving> on 2023-12-25 00:00:00+00:00
[2023-12-26T00:11:15.596+0000] {standard_task_runner.py:60} INFO - Started process 3040 to run task
[2023-12-26T00:11:15.599+0000] {standard_task_runner.py:87} INFO - Running: ['airflow', 'tasks', 'run', 'serving-layer', 'serving', 'scheduled__2023-12-25T00:00:00+00:00', '--job-id', '17', '--raw', '--subdir', 'DAGS_FOLDER/servingLayer.py', '--cfg-path', '/tmp/tmpt43hrnwd']
[2023-12-26T00:11:15.601+0000] {standard_task_runner.py:88} INFO - Job 17: Subtask serving
[2023-12-26T00:11:15.631+0000] {task_command.py:423} INFO - Running <TaskInstance: serving-layer.serving scheduled__2023-12-25T00:00:00+00:00 [running]> on host 5e983ae2bbe8
[2023-12-26T00:11:15.766+0000] {taskinstance.py:2481} INFO - Exporting env vars: AIRFLOW_CTX_DAG_EMAIL='airflow@example.com' AIRFLOW_CTX_DAG_OWNER='airflow' AIRFLOW_CTX_DAG_ID='serving-layer' AIRFLOW_CTX_TASK_ID='serving' AIRFLOW_CTX_EXECUTION_DATE='2023-12-25T00:00:00+00:00' AIRFLOW_CTX_TRY_NUMBER='2' AIRFLOW_CTX_DAG_RUN_ID='scheduled__2023-12-25T00:00:00+00:00'
[2023-12-26T00:11:23.770+0000] {logging_mixin.py:188} INFO - Error: could not translate host name "postgres" to address: Temporary failure in name resolution
[2023-12-26T00:11:23.771+0000] {taskinstance.py:2699} ERROR - Task failed with exception
Traceback (most recent call last):
  File "/home/airflow/.local/lib/python3.8/site-packages/airflow/models/taskinstance.py", line 433, in _execute_task
    result = execute_callable(context=context, **execute_callable_kwargs)
  File "/home/airflow/.local/lib/python3.8/site-packages/airflow/operators/python.py", line 199, in execute
    return_value = self.execute_callable()
  File "/home/airflow/.local/lib/python3.8/site-packages/airflow/operators/python.py", line 216, in execute_callable
    return self.python_callable(*self.op_args, **self.op_kwargs)
  File "/opt/airflow/dags/servingLayer.py", line 79, in process_parquet_files
    if cursor:
UnboundLocalError: local variable 'cursor' referenced before assignment
[2023-12-26T00:11:23.778+0000] {taskinstance.py:1138} INFO - Marking task as FAILED. dag_id=serving-layer, task_id=serving, execution_date=20231225T000000, start_date=20231226T001115, end_date=20231226T001123
[2023-12-26T00:11:23.788+0000] {standard_task_runner.py:107} ERROR - Failed to execute job 17 for task serving (local variable 'cursor' referenced before assignment; 3040)
[2023-12-26T00:11:23.829+0000] {local_task_job_runner.py:234} INFO - Task exited with return code 1
[2023-12-26T00:11:23.838+0000] {taskinstance.py:3281} INFO - 0 downstream tasks scheduled from follow-on schedule check
