[2023-12-22T22:31:38.758+0000] {taskinstance.py:1957} INFO - Dependencies all met for dep_context=non-requeueable deps ti=<TaskInstance: batch_layer.batch_0 manual__2023-12-22T22:31:11.409265+00:00 [queued]>
[2023-12-22T22:31:38.764+0000] {taskinstance.py:1957} INFO - Dependencies all met for dep_context=requeueable deps ti=<TaskInstance: batch_layer.batch_0 manual__2023-12-22T22:31:11.409265+00:00 [queued]>
[2023-12-22T22:31:38.765+0000] {taskinstance.py:2171} INFO - Starting attempt 1 of 2
[2023-12-22T22:31:38.786+0000] {taskinstance.py:2192} INFO - Executing <Task(PythonOperator): batch_0> on 2023-12-22 22:31:11.409265+00:00
[2023-12-22T22:31:38.793+0000] {standard_task_runner.py:60} INFO - Started process 682 to run task
[2023-12-22T22:31:38.800+0000] {standard_task_runner.py:87} INFO - Running: ['airflow', 'tasks', 'run', 'batch_layer', 'batch_0', 'manual__2023-12-22T22:31:11.409265+00:00', '--job-id', '15', '--raw', '--subdir', 'DAGS_FOLDER/BatchLayerDag.py', '--cfg-path', '/tmp/tmpe6v_eojn']
[2023-12-22T22:31:38.803+0000] {standard_task_runner.py:88} INFO - Job 15: Subtask batch_0
[2023-12-22T22:31:38.861+0000] {task_command.py:423} INFO - Running <TaskInstance: batch_layer.batch_0 manual__2023-12-22T22:31:11.409265+00:00 [running]> on host f9bc372cbc19
[2023-12-22T22:31:38.928+0000] {taskinstance.py:2481} INFO - Exporting env vars: AIRFLOW_CTX_DAG_EMAIL='airflow@example.com' AIRFLOW_CTX_DAG_OWNER='airflow' AIRFLOW_CTX_DAG_ID='batch_layer' AIRFLOW_CTX_TASK_ID='batch_0' AIRFLOW_CTX_EXECUTION_DATE='2023-12-22T22:31:11.409265+00:00' AIRFLOW_CTX_TRY_NUMBER='1' AIRFLOW_CTX_DAG_RUN_ID='manual__2023-12-22T22:31:11.409265+00:00'
[2023-12-22T22:31:39.027+0000] {hive.py:475} INFO - USE `finnhub_db`
[2023-12-22T22:31:39.090+0000] {hive.py:475} INFO - 
                SELECT *
                FROM finnhub_table
                WHERE  t between 1702848258958 AND 1702848311837
            
[2023-12-22T22:31:39.176+0000] {logging_mixin.py:188} INFO - None
[2023-12-22T22:31:39.242+0000] {logging_mixin.py:188} INFO -          date  hour                s      sum_v
0  2023-12-19    20             AAPL  200.00000
1  2023-12-19    20  BINANCE:BTCUSDT    0.07158
[2023-12-22T22:31:39.242+0000] {python.py:201} INFO - Done. Returned value was: None
[2023-12-22T22:31:39.251+0000] {taskinstance.py:1138} INFO - Marking task as SUCCESS. dag_id=batch_layer, task_id=batch_0, execution_date=20231222T223111, start_date=20231222T223138, end_date=20231222T223139
[2023-12-22T22:31:39.293+0000] {local_task_job_runner.py:234} INFO - Task exited with return code 0
[2023-12-22T22:31:39.308+0000] {taskinstance.py:3281} INFO - 0 downstream tasks scheduled from follow-on schedule check
