[2023-12-26T21:09:52.864+0000] {taskinstance.py:1957} INFO - Dependencies all met for dep_context=non-requeueable deps ti=<TaskInstance: batch_layer.batch_2 scheduled__2023-12-25T00:00:00+00:00 [queued]>
[2023-12-26T21:09:52.871+0000] {taskinstance.py:1957} INFO - Dependencies all met for dep_context=requeueable deps ti=<TaskInstance: batch_layer.batch_2 scheduled__2023-12-25T00:00:00+00:00 [queued]>
[2023-12-26T21:09:52.872+0000] {taskinstance.py:2171} INFO - Starting attempt 1 of 2
[2023-12-26T21:09:52.889+0000] {taskinstance.py:2192} INFO - Executing <Task(PythonOperator): batch_2> on 2023-12-25 00:00:00+00:00
[2023-12-26T21:09:52.895+0000] {standard_task_runner.py:60} INFO - Started process 367 to run task
[2023-12-26T21:09:52.898+0000] {standard_task_runner.py:87} INFO - Running: ['airflow', 'tasks', 'run', 'batch_layer', 'batch_2', 'scheduled__2023-12-25T00:00:00+00:00', '--job-id', '10', '--raw', '--subdir', 'DAGS_FOLDER/BatchLayerDag.py', '--cfg-path', '/tmp/tmpv99p90dh']
[2023-12-26T21:09:52.900+0000] {standard_task_runner.py:88} INFO - Job 10: Subtask batch_2
[2023-12-26T21:09:52.937+0000] {task_command.py:423} INFO - Running <TaskInstance: batch_layer.batch_2 scheduled__2023-12-25T00:00:00+00:00 [running]> on host d26df5132269
[2023-12-26T21:09:52.995+0000] {taskinstance.py:2481} INFO - Exporting env vars: AIRFLOW_CTX_DAG_EMAIL='airflow@example.com' AIRFLOW_CTX_DAG_OWNER='airflow' AIRFLOW_CTX_DAG_ID='batch_layer' AIRFLOW_CTX_TASK_ID='batch_2' AIRFLOW_CTX_EXECUTION_DATE='2023-12-25T00:00:00+00:00' AIRFLOW_CTX_TRY_NUMBER='1' AIRFLOW_CTX_DAG_RUN_ID='scheduled__2023-12-25T00:00:00+00:00'
[2023-12-26T21:09:53.056+0000] {hive.py:475} INFO - USE `finnhub_db`
[2023-12-26T21:09:53.100+0000] {hive.py:475} INFO - 
                SELECT *
                FROM finnhub_table
            
[2023-12-26T21:09:53.723+0000] {logging_mixin.py:188} INFO -          date        s  max_price  min_price
0  2023-12-25  BINANCE   43694.01  2268.2400
1  2023-12-26     AAPL     193.80   192.9201
2  2023-12-26     AMZN     153.90   153.3000
3  2023-12-26  BINANCE   42749.48  2224.0500
4  2023-12-26     MSFT     375.53   374.4800
[2023-12-26T21:09:53.725+0000] {logging_mixin.py:188} INFO - File '/tmp/batchViews/parquet_output_2.parquet' already exists.
[2023-12-26T21:09:53.755+0000] {python.py:201} INFO - Done. Returned value was: None
[2023-12-26T21:09:53.760+0000] {taskinstance.py:1138} INFO - Marking task as SUCCESS. dag_id=batch_layer, task_id=batch_2, execution_date=20231225T000000, start_date=20231226T210952, end_date=20231226T210953
[2023-12-26T21:09:53.793+0000] {local_task_job_runner.py:234} INFO - Task exited with return code 0
[2023-12-26T21:09:53.802+0000] {taskinstance.py:3281} INFO - 0 downstream tasks scheduled from follow-on schedule check
[2023-12-26T21:45:46.508+0000] {taskinstance.py:1957} INFO - Dependencies all met for dep_context=non-requeueable deps ti=<TaskInstance: batch_layer.batch_2 scheduled__2023-12-25T00:00:00+00:00 [queued]>
[2023-12-26T21:45:46.515+0000] {taskinstance.py:1957} INFO - Dependencies all met for dep_context=requeueable deps ti=<TaskInstance: batch_layer.batch_2 scheduled__2023-12-25T00:00:00+00:00 [queued]>
[2023-12-26T21:45:46.516+0000] {taskinstance.py:2171} INFO - Starting attempt 1 of 2
[2023-12-26T21:45:46.530+0000] {taskinstance.py:2192} INFO - Executing <Task(PythonOperator): batch_2> on 2023-12-25 00:00:00+00:00
[2023-12-26T21:45:46.534+0000] {standard_task_runner.py:60} INFO - Started process 359 to run task
[2023-12-26T21:45:46.538+0000] {standard_task_runner.py:87} INFO - Running: ['airflow', 'tasks', 'run', 'batch_layer', 'batch_2', 'scheduled__2023-12-25T00:00:00+00:00', '--job-id', '10', '--raw', '--subdir', 'DAGS_FOLDER/BatchLayerDag.py', '--cfg-path', '/tmp/tmp5xn15eb6']
[2023-12-26T21:45:46.540+0000] {standard_task_runner.py:88} INFO - Job 10: Subtask batch_2
[2023-12-26T21:45:46.581+0000] {task_command.py:423} INFO - Running <TaskInstance: batch_layer.batch_2 scheduled__2023-12-25T00:00:00+00:00 [running]> on host b20a8cc54a2d
[2023-12-26T21:45:46.639+0000] {taskinstance.py:2481} INFO - Exporting env vars: AIRFLOW_CTX_DAG_EMAIL='airflow@example.com' AIRFLOW_CTX_DAG_OWNER='airflow' AIRFLOW_CTX_DAG_ID='batch_layer' AIRFLOW_CTX_TASK_ID='batch_2' AIRFLOW_CTX_EXECUTION_DATE='2023-12-25T00:00:00+00:00' AIRFLOW_CTX_TRY_NUMBER='1' AIRFLOW_CTX_DAG_RUN_ID='scheduled__2023-12-25T00:00:00+00:00'
[2023-12-26T21:45:46.710+0000] {hive.py:475} INFO - USE `finnhub_db`
[2023-12-26T21:45:46.763+0000] {hive.py:475} INFO - 
                SELECT *
                FROM finnhub_table
            
[2023-12-26T21:45:47.679+0000] {logging_mixin.py:188} INFO -          date        s  max_price  min_price
0  2023-12-25  BINANCE   43694.01  2268.2400
1  2023-12-26     AAPL     193.80   192.9201
2  2023-12-26     AMZN     153.90   153.3000
3  2023-12-26  BINANCE   42749.48  2218.9100
4  2023-12-26     MSFT     375.53   374.4800
[2023-12-26T21:45:47.680+0000] {logging_mixin.py:188} INFO - File '/tmp/batchViews/parquet_output_2.parquet' already exists.
[2023-12-26T21:45:47.720+0000] {python.py:201} INFO - Done. Returned value was: None
[2023-12-26T21:45:47.726+0000] {taskinstance.py:1138} INFO - Marking task as SUCCESS. dag_id=batch_layer, task_id=batch_2, execution_date=20231225T000000, start_date=20231226T214546, end_date=20231226T214547
[2023-12-26T21:45:47.755+0000] {local_task_job_runner.py:234} INFO - Task exited with return code 0
[2023-12-26T21:45:47.767+0000] {taskinstance.py:3281} INFO - 0 downstream tasks scheduled from follow-on schedule check
[2023-12-26T22:33:11.959+0000] {taskinstance.py:1957} INFO - Dependencies all met for dep_context=non-requeueable deps ti=<TaskInstance: batch_layer.batch_2 scheduled__2023-12-25T00:00:00+00:00 [queued]>
[2023-12-26T22:33:11.965+0000] {taskinstance.py:1957} INFO - Dependencies all met for dep_context=requeueable deps ti=<TaskInstance: batch_layer.batch_2 scheduled__2023-12-25T00:00:00+00:00 [queued]>
[2023-12-26T22:33:11.965+0000] {taskinstance.py:2171} INFO - Starting attempt 1 of 2
[2023-12-26T22:33:11.979+0000] {taskinstance.py:2192} INFO - Executing <Task(PythonOperator): batch_2> on 2023-12-25 00:00:00+00:00
[2023-12-26T22:33:11.985+0000] {standard_task_runner.py:60} INFO - Started process 358 to run task
[2023-12-26T22:33:11.988+0000] {standard_task_runner.py:87} INFO - Running: ['airflow', 'tasks', 'run', 'batch_layer', 'batch_2', 'scheduled__2023-12-25T00:00:00+00:00', '--job-id', '10', '--raw', '--subdir', 'DAGS_FOLDER/BatchLayerDag.py', '--cfg-path', '/tmp/tmplwbjv_6j']
[2023-12-26T22:33:11.992+0000] {standard_task_runner.py:88} INFO - Job 10: Subtask batch_2
[2023-12-26T22:33:12.029+0000] {task_command.py:423} INFO - Running <TaskInstance: batch_layer.batch_2 scheduled__2023-12-25T00:00:00+00:00 [running]> on host f81c64188a37
[2023-12-26T22:33:12.087+0000] {taskinstance.py:2481} INFO - Exporting env vars: AIRFLOW_CTX_DAG_EMAIL='airflow@example.com' AIRFLOW_CTX_DAG_OWNER='airflow' AIRFLOW_CTX_DAG_ID='batch_layer' AIRFLOW_CTX_TASK_ID='batch_2' AIRFLOW_CTX_EXECUTION_DATE='2023-12-25T00:00:00+00:00' AIRFLOW_CTX_TRY_NUMBER='1' AIRFLOW_CTX_DAG_RUN_ID='scheduled__2023-12-25T00:00:00+00:00'
[2023-12-26T22:33:12.154+0000] {hive.py:475} INFO - USE `finnhub_db`
[2023-12-26T22:33:12.201+0000] {hive.py:475} INFO - 
                SELECT *
                FROM finnhub_table
            
[2023-12-26T22:33:13.140+0000] {logging_mixin.py:188} INFO -          date        s  max_price  min_price
0  2023-12-25  BINANCE   43694.01  2268.2400
1  2023-12-26     AAPL     193.80   192.9201
2  2023-12-26     AMZN     153.90   153.3000
3  2023-12-26  BINANCE   42749.48  2218.9100
4  2023-12-26     MSFT     375.53   374.4800
[2023-12-26T22:33:13.141+0000] {logging_mixin.py:188} INFO - File '/tmp/batchViews/parquet_output_2.parquet' already exists.
[2023-12-26T22:33:13.176+0000] {python.py:201} INFO - Done. Returned value was: None
[2023-12-26T22:33:13.181+0000] {taskinstance.py:1138} INFO - Marking task as SUCCESS. dag_id=batch_layer, task_id=batch_2, execution_date=20231225T000000, start_date=20231226T223311, end_date=20231226T223313
[2023-12-26T22:33:13.205+0000] {local_task_job_runner.py:234} INFO - Task exited with return code 0
[2023-12-26T22:33:13.214+0000] {taskinstance.py:3281} INFO - 0 downstream tasks scheduled from follow-on schedule check
