[2023-12-22T15:31:48.051+0000] {taskinstance.py:1957} INFO - Dependencies all met for dep_context=non-requeueable deps ti=<TaskInstance: batch_layer.consume_data manual__2023-12-22T15:30:45.550866+00:00 [queued]>
[2023-12-22T15:31:48.138+0000] {taskinstance.py:1957} INFO - Dependencies all met for dep_context=requeueable deps ti=<TaskInstance: batch_layer.consume_data manual__2023-12-22T15:30:45.550866+00:00 [queued]>
[2023-12-22T15:31:48.138+0000] {taskinstance.py:2171} INFO - Starting attempt 1 of 2
[2023-12-22T15:31:48.151+0000] {taskinstance.py:2192} INFO - Executing <Task(PythonOperator): consume_data> on 2023-12-22 15:30:45.550866+00:00
[2023-12-22T15:31:48.156+0000] {standard_task_runner.py:60} INFO - Started process 220 to run task
[2023-12-22T15:31:48.160+0000] {standard_task_runner.py:87} INFO - Running: ['airflow', 'tasks', 'run', 'batch_layer', 'consume_data', 'manual__2023-12-22T15:30:45.550866+00:00', '--job-id', '4', '--raw', '--subdir', 'DAGS_FOLDER/BatchLayerDag.py', '--cfg-path', '/tmp/tmp30tv_jp4']
[2023-12-22T15:31:48.162+0000] {standard_task_runner.py:88} INFO - Job 4: Subtask consume_data
[2023-12-22T15:31:48.196+0000] {task_command.py:423} INFO - Running <TaskInstance: batch_layer.consume_data manual__2023-12-22T15:30:45.550866+00:00 [running]> on host 12ffadfc8407
[2023-12-22T15:31:48.277+0000] {taskinstance.py:2481} INFO - Exporting env vars: AIRFLOW_CTX_DAG_EMAIL='airflow@example.com' AIRFLOW_CTX_DAG_OWNER='airflow' AIRFLOW_CTX_DAG_ID='batch_layer' AIRFLOW_CTX_TASK_ID='consume_data' AIRFLOW_CTX_EXECUTION_DATE='2023-12-22T15:30:45.550866+00:00' AIRFLOW_CTX_TRY_NUMBER='1' AIRFLOW_CTX_DAG_RUN_ID='manual__2023-12-22T15:30:45.550866+00:00'
[2023-12-22T15:31:48.351+0000] {hive.py:475} INFO - USE `finnhub_db`
[2023-12-22T15:31:48.411+0000] {hive.py:475} INFO - 
        CREATE TABLE IF NOT EXISTS finnhub_table
        ROW FORMAT SERDE 'org.apache.hadoop.hive.serde2.avro.AvroSerDe'
        STORED AS INPUTFORMAT 'org.apache.hadoop.hive.ql.io.avro.AvroContainerInputFormat'
        OUTPUTFORMAT 'org.apache.hadoop.hive.ql.io.avro.AvroContainerOutputFormat'
        TBLPROPERTIES ('avro.schema.literal'='{"type": "record", "name": "TradeRecord", "fields": [{"name": "p", "type": "double"}, {"name": "exchange", "type": "string"}, {"name": "crypto_pair", "type": "string"}, {"name": "t", "type": "long"}, {"name": "v", "type": "double"}]}')
    
[2023-12-22T15:31:48.482+0000] {hive.py:475} INFO - USE `finnhub_db`
[2023-12-22T15:31:48.521+0000] {hive.py:475} INFO - 
        CREATE TABLE IF NOT EXISTS temp_avro_data
        ROW FORMAT SERDE 'org.apache.hadoop.hive.serde2.avro.AvroSerDe'
        STORED AS INPUTFORMAT 'org.apache.hadoop.hive.ql.io.avro.AvroContainerInputFormat'
        OUTPUTFORMAT 'org.apache.hadoop.hive.ql.io.avro.AvroContainerOutputFormat'
        TBLPROPERTIES ('avro.schema.literal'='{"type": "record", "name": "TradeRecord", "fields": [{"name": "p", "type": "double"}, {"name": "exchange", "type": "string"}, {"name": "crypto_pair", "type": "string"}, {"name": "t", "type": "long"}, {"name": "v", "type": "double"}]}')
    
[2023-12-22T15:32:29.790+0000] {logging_mixin.py:188} INFO - [[{'c': ['1', '12'], 'p': 194.68, 's': 'AAPL', 't': 1703258645386, 'v': 1}, {'c': ['1', '12'], 'p': 194.68, 's': 'AAPL', 't': 1703258645386, 'v': 1}, {'c': ['1', '12'], 'p': 194.68, 's': 'AAPL', 't': 1703258645388, 'v': 1}, {'c': ['1', '12'], 'p': 194.68, 's': 'AAPL', 't': 1703258645388, 'v': 1}, {'c': None, 'p': 43561.11, 's': 'BINANCE:BTCUSDT', 't': 1703258645237, 'v': 0.0003}, {'c': ['1', '12'], 'p': 194.68, 's': 'AAPL', 't': 1703258645395, 'v': 1}, {'c': ['1', '12'], 'p': 194.68, 's': 'AAPL', 't': 1703258645395, 'v': 1}, {'c': ['1', '12'], 'p': 194.68, 's': 'AAPL', 't': 1703258645397, 'v': 1}, {'c': ['1', '12'], 'p': 194.68, 's': 'AAPL', 't': 1703258645409, 'v': 1}, {'c': ['1', '12'], 'p': 194.68, 's': 'AAPL', 't': 1703258645411, 'v': 1}], [{'c': ['1', '12'], 'p': 194.68, 's': 'AAPL', 't': 1703258645411, 'v': 1}, {'c': ['1', '12'], 'p': 194.68, 's': 'AAPL', 't': 1703258645411, 'v': 1}, {'c': ['1', '12'], 'p': 194.68, 's': 'AAPL', 't': 1703258645417, 'v': 1}, {'c': ['1', '12'], 'p': 194.68, 's': 'AAPL', 't': 1703258645424, 'v': 1}, {'c': ['1', '12'], 'p': 194.68, 's': 'AAPL', 't': 1703258645434, 'v': 1}, {'c': ['1', '12'], 'p': 194.68, 's': 'AAPL', 't': 1703258645439, 'v': 1}, {'c': ['1', '12'], 'p': 194.68, 's': 'AAPL', 't': 1703258645442, 'v': 1}, {'c': ['1', '12'], 'p': 194.68, 's': 'AAPL', 't': 1703258645442, 'v': 1}, {'c': ['1', '12'], 'p': 194.68, 's': 'AAPL', 't': 1703258645450, 'v': 1}, {'c': ['1', '12'], 'p': 194.68, 's': 'AAPL', 't': 1703258645450, 'v': 1}], [{'c': ['1', '12'], 'p': 194.68, 's': 'AAPL', 't': 1703258645451, 'v': 1}, {'c': ['1', '12'], 'p': 194.68, 's': 'AAPL', 't': 1703258645451, 'v': 1}, {'c': ['1', '12'], 'p': 194.68, 's': 'AAPL', 't': 1703258645456, 'v': 1}, {'c': ['1', '12'], 'p': 194.68, 's': 'AAPL', 't': 1703258645462, 'v': 1}, {'c': ['1', '12'], 'p': 194.68, 's': 'AAPL', 't': 1703258645467, 'v': 1}, {'c': ['1', '12'], 'p': 194.68, 's': 'AAPL', 't': 1703258645471, 'v': 1}, {'c': ['1', '12'], 'p': 194.68, 's': 'AAPL', 't': 1703258645482, 'v': 1}, {'c': ['1', '12'], 'p': 374.6894, 's': 'MSFT', 't': 1703258645553, 'v': 3}, {'c': ['1', '12'], 'p': 374.69, 's': 'MSFT', 't': 1703258645585, 'v': 1}, {'c': ['1', '12'], 'p': 374.69, 's': 'MSFT', 't': 1703258645590, 'v': 1}], [{'c': ['12'], 'p': 374.6894, 's': 'MSFT', 't': 1703258645553, 'v': 3}, {'c': ['12'], 'p': 374.69, 's': 'MSFT', 't': 1703258645585, 'v': 1}, {'c': ['1', '12'], 'p': 374.69, 's': 'MSFT', 't': 1703258645598, 'v': 1}, {'c': ['1', '12'], 'p': 374.69, 's': 'MSFT', 't': 1703258645600, 'v': 1}, {'c': ['12'], 'p': 374.69, 's': 'MSFT', 't': 1703258645590, 'v': 1}, {'c': ['12'], 'p': 374.69, 's': 'MSFT', 't': 1703258645598, 'v': 1}, {'c': ['12'], 'p': 374.69, 's': 'MSFT', 't': 1703258645600, 'v': 1}, {'c': ['1', '12'], 'p': 374.69, 's': 'MSFT', 't': 1703258645613, 'v': 1}, {'c': ['12'], 'p': 374.69, 's': 'MSFT', 't': 1703258645613, 'v': 1}, {'c': ['1', '12'], 'p': 194.675, 's': 'AAPL', 't': 1703258645653, 'v': 10}], [{'c': ['1'], 'p': 153.57, 's': 'AMZN', 't': 1703258645698, 'v': 300}, {'c': ['1', '12'], 'p': 153.5646, 's': 'AMZN', 't': 1703258645790, 'v': 15}, {'c': None, 'p': 2320.61, 's': 'BINANCE:ETHUSDT', 't': 1703258645660, 'v': 0.15}, {'c': ['1', '12'], 'p': 153.58, 's': 'AMZN', 't': 1703258645826, 'v': 19}, {'c': ['1', '12'], 'p': 194.6701, 's': 'AAPL', 't': 1703258645829, 'v': 9}, {'c': ['1', '12'], 'p': 153.59, 's': 'AMZN', 't': 1703258645860, 'v': 1}, {'c': None, 'p': 2320.61, 's': 'BINANCE:ETHUSDT', 't': 1703258645737, 'v': 0.3513}, {'c': None, 'p': 2320.61, 's': 'BINANCE:ETHUSDT', 't': 1703258645737, 'v': 0.6487}, {'c': None, 'p': 43561.11, 's': 'BINANCE:BTCUSDT', 't': 1703258645750, 'v': 0.00036}, {'c': ['1', '12'], 'p': 153.5888, 's': 'AMZN', 't': 1703258645905, 'v': 1}], [{'c': ['1', '12'], 'p': 153.5721, 's': 'AMZN', 't': 1703258645918, 'v': 60}, {'c': None, 'p': 43561.11, 's': 'BINANCE:BTCUSDT', 't': 1703258645806, 'v': 0.06827}, {'c': None, 'p': 2320.61, 's': 'BINANCE:ETHUSDT', 't': 1703258645851, 'v': 1.421}, {'c': ['1'], 'p': 194.6711, 's': 'AAPL', 't': 1703258646006, 'v': 200}, {'c': ['1', '12'], 'p': 153.59, 's': 'AMZN', 't': 1703258646030, 'v': 85}, {'c': None, 'p': 43561.11, 's': 'BINANCE:BTCUSDT', 't': 1703258645884, 'v': 0.0101}, {'c': None, 'p': 43561.1, 's': 'BINANCE:BTCUSDT', 't': 1703258645912, 'v': 0.01752}], [{'c': ['1', '8', '12'], 'p': 374.67, 's': 'MSFT', 't': 1703258646067, 'v': 1}, {'c': ['1', '8', '12'], 'p': 374.67, 's': 'MSFT', 't': 1703258646067, 'v': 2}, {'c': ['1', '12'], 'p': 374.65, 's': 'MSFT', 't': 1703258646070, 'v': 50}, {'c': ['1', '12'], 'p': 374.65, 's': 'MSFT', 't': 1703258646070, 'v': 10}, {'c': ['1', '12'], 'p': 374.65, 's': 'MSFT', 't': 1703258646070, 'v': 5}, {'c': ['1', '12'], 'p': 374.665, 's': 'MSFT', 't': 1703258646070, 'v': 1}, {'c': ['1'], 'p': 374.65, 's': 'MSFT', 't': 1703258646070, 'v': 100}, {'c': ['1', '8', '12'], 'p': 374.64, 's': 'MSFT', 't': 1703258646071, 'v': 32}, {'c': ['1', '12'], 'p': 374.66, 's': 'MSFT', 't': 1703258646071, 'v': 1}, {'c': ['1', '12'], 'p': 374.66, 's': 'MSFT', 't': 1703258646071, 'v': 8}], [{'c': ['1', '12'], 'p': 374.65, 's': 'MSFT', 't': 1703258646071, 'v': 1}, {'c': ['1', '12'], 'p': 374.65, 's': 'MSFT', 't': 1703258646071, 'v': 8}, {'c': ['1', '12'], 'p': 374.65, 's': 'MSFT', 't': 1703258646071, 'v': 50}, {'c': ['1', '12'], 'p': 374.64, 's': 'MSFT', 't': 1703258646071, 'v': 1}, {'c': ['1', '8', '12'], 'p': 374.63, 's': 'MSFT', 't': 1703258646071, 'v': 50}, {'c': ['1', '8', '12'], 'p': 374.635, 's': 'MSFT', 't': 1703258646072, 'v': 2}, {'c': None, 'p': 43561.11, 's': 'BINANCE:BTCUSDT', 't': 1703258645920, 'v': 0.11166}, {'c': None, 'p': 43561.11, 's': 'BINANCE:BTCUSDT', 't': 1703258645920, 'v': 0.0125}, {'c': None, 'p': 43561.11, 's': 'BINANCE:BTCUSDT', 't': 1703258645920, 'v': 0.00034}, {'c': None, 'p': 43561.11, 's': 'BINANCE:BTCUSDT', 't': 1703258645920, 'v': 0.11474}], [{'c': None, 'p': 43561.11, 's': 'BINANCE:BTCUSDT', 't': 1703258645920, 'v': 0.04697}, {'c': ['1', '8', '12'], 'p': 374.63, 's': 'MSFT', 't': 1703258646072, 'v': 3}, {'c': ['1', '12'], 'p': 374.63, 's': 'MSFT', 't': 1703258646072, 'v': 37}, {'c': ['1', '12'], 'p': 374.63, 's': 'MSFT', 't': 1703258646072, 'v': 2}, {'c': ['1', '12'], 'p': 194.67, 's': 'AAPL', 't': 1703258646073, 'v': 16}, {'c': ['1', '12'], 'p': 194.675, 's': 'AAPL', 't': 1703258646074, 'v': 2}, {'c': ['1', '8', '12'], 'p': 194.67, 's': 'AAPL', 't': 1703258646074, 'v': 3}, {'c': ['1', '8', '12'], 'p': 374.64, 's': 'MSFT', 't': 1703258646074, 'v': 2}, {'c': ['1'], 'p': 374.62, 's': 'MSFT', 't': 1703258646074, 'v': 100}, {'c': ['1', '12'], 'p': 153.57, 's': 'AMZN', 't': 1703258646078, 'v': 4}], [{'c': ['1', '12'], 'p': 153.57, 's': 'AMZN', 't': 1703258646078, 'v': 1}, {'c': ['8', '12', '41'], 'p': 374.67, 's': 'MSFT', 't': 1703258646067, 'v': 1}, {'c': ['8', '12', '41'], 'p': 374.67, 's': 'MSFT', 't': 1703258646067, 'v': 2}, {'c': ['1', '12'], 'p': 374.6201, 's': 'MSFT', 't': 1703258646081, 'v': 15}, {'c': ['1', '12'], 'p': 374.6201, 's': 'MSFT', 't': 1703258646081, 'v': 93}, {'c': ['12'], 'p': 374.65, 's': 'MSFT', 't': 1703258646070, 'v': 50}, {'c': ['12'], 'p': 374.65, 's': 'MSFT', 't': 1703258646070, 'v': 10}, {'c': ['12'], 'p': 374.65, 's': 'MSFT', 't': 1703258646070, 'v': 5}, {'c': ['12'], 'p': 374.665, 's': 'MSFT', 't': 1703258646070, 'v': 1}, {'c': [], 'p': 374.65, 's': 'MSFT', 't': 1703258646070, 'v': 100}]]
[2023-12-22T15:32:29.792+0000] {hive.py:475} INFO - 
                            INSERT INTO temp_avro_data
                            VALUES (

                                194.68,
                                'AAPL',  -- New 'exchange' attribute
                                'None',  -- New 'crypto_pair' attribute
                                1703258645386,
                                1
                            )
                        
[2023-12-22T15:32:32.016+0000] {hive.py:475} INFO - 
                            INSERT INTO temp_avro_data
                            VALUES (

                                194.68,
                                'AAPL',  -- New 'exchange' attribute
                                'None',  -- New 'crypto_pair' attribute
                                1703258645386,
                                1
                            )
                        
[2023-12-22T15:32:34.179+0000] {hive.py:475} INFO - 
                            INSERT INTO temp_avro_data
                            VALUES (

                                194.68,
                                'AAPL',  -- New 'exchange' attribute
                                'None',  -- New 'crypto_pair' attribute
                                1703258645388,
                                1
                            )
                        
[2023-12-22T15:32:36.301+0000] {hive.py:475} INFO - 
                            INSERT INTO temp_avro_data
                            VALUES (

                                194.68,
                                'AAPL',  -- New 'exchange' attribute
                                'None',  -- New 'crypto_pair' attribute
                                1703258645388,
                                1
                            )
                        
[2023-12-22T15:32:38.399+0000] {hive.py:475} INFO - 
                            INSERT INTO temp_avro_data
                            VALUES (

                                43561.11,
                                'BINANCE',  -- New 'exchange' attribute
                                'BTCUSDT',  -- New 'crypto_pair' attribute
                                1703258645237,
                                0.0003
                            )
                        
[2023-12-22T15:32:40.915+0000] {hive.py:475} INFO - 
                            INSERT INTO temp_avro_data
                            VALUES (

                                194.68,
                                'AAPL',  -- New 'exchange' attribute
                                'None',  -- New 'crypto_pair' attribute
                                1703258645395,
                                1
                            )
                        
[2023-12-22T15:32:42.991+0000] {hive.py:475} INFO - 
                            INSERT INTO temp_avro_data
                            VALUES (

                                194.68,
                                'AAPL',  -- New 'exchange' attribute
                                'None',  -- New 'crypto_pair' attribute
                                1703258645395,
                                1
                            )
                        
[2023-12-22T15:32:45.569+0000] {hive.py:475} INFO - 
                            INSERT INTO temp_avro_data
                            VALUES (

                                194.68,
                                'AAPL',  -- New 'exchange' attribute
                                'None',  -- New 'crypto_pair' attribute
                                1703258645397,
                                1
                            )
                        
[2023-12-22T15:32:47.738+0000] {hive.py:475} INFO - 
                            INSERT INTO temp_avro_data
                            VALUES (

                                194.68,
                                'AAPL',  -- New 'exchange' attribute
                                'None',  -- New 'crypto_pair' attribute
                                1703258645409,
                                1
                            )
                        
[2023-12-22T15:32:50.331+0000] {hive.py:475} INFO - 
                            INSERT INTO temp_avro_data
                            VALUES (

                                194.68,
                                'AAPL',  -- New 'exchange' attribute
                                'None',  -- New 'crypto_pair' attribute
                                1703258645411,
                                1
                            )
                        
[2023-12-22T15:32:52.929+0000] {hive.py:475} INFO - 
                            INSERT INTO temp_avro_data
                            VALUES (

                                194.68,
                                'AAPL',  -- New 'exchange' attribute
                                'None',  -- New 'crypto_pair' attribute
                                1703258645411,
                                1
                            )
                        
[2023-12-22T15:32:55.096+0000] {hive.py:475} INFO - 
                            INSERT INTO temp_avro_data
                            VALUES (

                                194.68,
                                'AAPL',  -- New 'exchange' attribute
                                'None',  -- New 'crypto_pair' attribute
                                1703258645411,
                                1
                            )
                        
[2023-12-22T15:32:57.308+0000] {hive.py:475} INFO - 
                            INSERT INTO temp_avro_data
                            VALUES (

                                194.68,
                                'AAPL',  -- New 'exchange' attribute
                                'None',  -- New 'crypto_pair' attribute
                                1703258645417,
                                1
                            )
                        
[2023-12-22T15:32:59.564+0000] {hive.py:475} INFO - 
                            INSERT INTO temp_avro_data
                            VALUES (

                                194.68,
                                'AAPL',  -- New 'exchange' attribute
                                'None',  -- New 'crypto_pair' attribute
                                1703258645424,
                                1
                            )
                        
[2023-12-22T15:33:01.758+0000] {hive.py:475} INFO - 
                            INSERT INTO temp_avro_data
                            VALUES (

                                194.68,
                                'AAPL',  -- New 'exchange' attribute
                                'None',  -- New 'crypto_pair' attribute
                                1703258645434,
                                1
                            )
                        
[2023-12-22T15:33:03.988+0000] {hive.py:475} INFO - 
                            INSERT INTO temp_avro_data
                            VALUES (

                                194.68,
                                'AAPL',  -- New 'exchange' attribute
                                'None',  -- New 'crypto_pair' attribute
                                1703258645439,
                                1
                            )
                        
[2023-12-22T15:33:06.247+0000] {hive.py:475} INFO - 
                            INSERT INTO temp_avro_data
                            VALUES (

                                194.68,
                                'AAPL',  -- New 'exchange' attribute
                                'None',  -- New 'crypto_pair' attribute
                                1703258645442,
                                1
                            )
                        
[2023-12-22T15:33:08.515+0000] {hive.py:475} INFO - 
                            INSERT INTO temp_avro_data
                            VALUES (

                                194.68,
                                'AAPL',  -- New 'exchange' attribute
                                'None',  -- New 'crypto_pair' attribute
                                1703258645442,
                                1
                            )
                        
[2023-12-22T15:33:08.910+0000] {local_task_job_runner.py:302} WARNING - State of this instance has been externally set to success. Terminating instance.
[2023-12-22T15:33:08.912+0000] {process_utils.py:131} INFO - Sending Signals.SIGTERM to group 220. PIDs of all processes in the group: [220]
[2023-12-22T15:33:08.912+0000] {process_utils.py:86} INFO - Sending the signal Signals.SIGTERM to group 220
[2023-12-22T15:33:08.913+0000] {taskinstance.py:2451} ERROR - Received SIGTERM. Terminating subprocesses.
[2023-12-22T15:33:08.914+0000] {logging_mixin.py:188} INFO - Error processing and inserting into Hive: Task received SIGTERM signal
[2023-12-22T15:33:08.915+0000] {logging_mixin.py:188} INFO - [[{'c': ['8', '12', '41'], 'p': 374.64, 's': 'MSFT', 't': 1703258646071, 'v': 32}, {'c': ['12'], 'p': 374.66, 's': 'MSFT', 't': 1703258646071, 'v': 1}, {'c': ['12'], 'p': 374.66, 's': 'MSFT', 't': 1703258646071, 'v': 8}, {'c': ['12'], 'p': 374.65, 's': 'MSFT', 't': 1703258646071, 'v': 1}, {'c': ['12'], 'p': 374.65, 's': 'MSFT', 't': 1703258646071, 'v': 8}, {'c': ['1', '12'], 'p': 194.67, 's': 'AAPL', 't': 1703258646091, 'v': 1}, {'c': ['12'], 'p': 374.65, 's': 'MSFT', 't': 1703258646071, 'v': 50}, {'c': ['12'], 'p': 374.64, 's': 'MSFT', 't': 1703258646071, 'v': 1}, {'c': ['8', '12', '41'], 'p': 374.63, 's': 'MSFT', 't': 1703258646071, 'v': 50}, {'c': ['1', '12'], 'p': 194.67, 's': 'AAPL', 't': 1703258646537, 'v': 1}], [{'c': ['8', '12', '41'], 'p': 374.635, 's': 'MSFT', 't': 1703258646072, 'v': 2}, {'c': ['8', '12', '41'], 'p': 374.63, 's': 'MSFT', 't': 1703258646072, 'v': 3}, {'c': ['12'], 'p': 374.63, 's': 'MSFT', 't': 1703258646072, 'v': 37}, {'c': ['12'], 'p': 374.63, 's': 'MSFT', 't': 1703258646072, 'v': 2}, {'c': ['8', '12', '41'], 'p': 374.64, 's': 'MSFT', 't': 1703258646074, 'v': 2}, {'c': [], 'p': 374.62, 's': 'MSFT', 't': 1703258646074, 'v': 100}, {'c': ['12'], 'p': 374.6201, 's': 'MSFT', 't': 1703258646081, 'v': 15}, {'c': ['12'], 'p': 374.6201, 's': 'MSFT', 't': 1703258646081, 'v': 93}, {'c': ['1', '12'], 'p': 194.67, 's': 'AAPL', 't': 1703258646547, 'v': 1}, {'c': ['1', '12'], 'p': 153.57, 's': 'AMZN', 't': 1703258646552, 'v': 13}], [{'c': ['1', '12'], 'p': 194.6701, 's': 'AAPL', 't': 1703258646130, 'v': 1}, {'c': None, 'p': 2320.61, 's': 'BINANCE:ETHUSDT', 't': 1703258646009, 'v': 0.946}, {'c': None, 'p': 2320.61, 's': 'BINANCE:ETHUSDT', 't': 1703258646031, 'v': 1.6}, {'c': None, 'p': 2320.61, 's': 'BINANCE:ETHUSDT', 't': 1703258646031, 'v': 1.314}, {'c': ['1', '12'], 'p': 194.675, 's': 'AAPL', 't': 1703258646185, 'v': 1}, {'c': ['1', '8', '12'], 'p': 194.67, 's': 'AAPL', 't': 1703258646202, 'v': 19}, {'c': ['1', '8', '12'], 'p': 194.67, 's': 'AAPL', 't': 1703258646202, 'v': 2}, {'c': ['1', '8', '12'], 'p': 194.67, 's': 'AAPL', 't': 1703258646202, 'v': 20}, {'c': ['1', '8'], 'p': 194.67, 's': 'AAPL', 't': 1703258646202, 'v': 100}, {'c': ['1', '8'], 'p': 194.67, 's': 'AAPL', 't': 1703258646202, 'v': 100}], [{'c': ['1', '8'], 'p': 194.67, 's': 'AAPL', 't': 1703258646202, 'v': 100}, {'c': ['1', '8'], 'p': 194.67, 's': 'AAPL', 't': 1703258646203, 'v': 100}, {'c': ['1', '12'], 'p': 194.67, 's': 'AAPL', 't': 1703258646205, 'v': 5}, {'c': ['1', '12'], 'p': 194.67, 's': 'AAPL', 't': 1703258646205, 'v': 1}, {'c': ['1', '12'], 'p': 194.67, 's': 'AAPL', 't': 1703258646205, 'v': 13}, {'c': ['12'], 'p': 374.61, 's': 'MSFT', 't': 1703258646206, 'v': 15}, {'c': ['1', '12'], 'p': 374.61, 's': 'MSFT', 't': 1703258646206, 'v': 15}, {'c': None, 'p': 2320.62, 's': 'BINANCE:ETHUSDT', 't': 1703258646102, 'v': 0.0027}, {'c': None, 'p': 2320.62, 's': 'BINANCE:ETHUSDT', 't': 1703258646119, 'v': 0.921}, {'c': ['1', '12'], 'p': 194.6699, 's': 'AAPL', 't': 1703258646292, 'v': 10}], [{'c': ['1', '12'], 'p': 374.63, 's': 'MSFT', 't': 1703258646325, 'v': 1}, {'c': ['1', '12'], 'p': 374.63, 's': 'MSFT', 't': 1703258646328, 'v': 1}, {'c': ['12'], 'p': 374.63, 's': 'MSFT', 't': 1703258646325, 'v': 1}, {'c': ['12'], 'p': 374.63, 's': 'MSFT', 't': 1703258646328, 'v': 1}, {'c': ['1', '12'], 'p': 374.6225, 's': 'MSFT', 't': 1703258646349, 'v': 1}, {'c': ['1', '12'], 'p': 374.615, 's': 'MSFT', 't': 1703258646350, 'v': 1}, {'c': ['12'], 'p': 374.6225, 's': 'MSFT', 't': 1703258646349, 'v': 1}, {'c': ['1', '12'], 'p': 374.63, 's': 'MSFT', 't': 1703258646351, 'v': 1}, {'c': ['12'], 'p': 374.615, 's': 'MSFT', 't': 1703258646350, 'v': 1}, {'c': ['12'], 'p': 374.63, 's': 'MSFT', 't': 1703258646351, 'v': 1}], [{'c': ['1', '12'], 'p': 374.63, 's': 'MSFT', 't': 1703258646354, 'v': 1}, {'c': ['12'], 'p': 374.63, 's': 'MSFT', 't': 1703258646354, 'v': 1}, {'c': ['1', '12'], 'p': 374.63, 's': 'MSFT', 't': 1703258646362, 'v': 1}, {'c': ['12'], 'p': 374.63, 's': 'MSFT', 't': 1703258646362, 'v': 1}, {'c': ['1', '12'], 'p': 374.63, 's': 'MSFT', 't': 1703258646369, 'v': 1}, {'c': ['1', '12'], 'p': 374.63, 's': 'MSFT', 't': 1703258646369, 'v': 1}, {'c': ['12'], 'p': 374.63, 's': 'MSFT', 't': 1703258646369, 'v': 1}, {'c': ['12'], 'p': 374.63, 's': 'MSFT', 't': 1703258646369, 'v': 1}, {'c': ['1', '12'], 'p': 374.63, 's': 'MSFT', 't': 1703258646380, 'v': 1}, {'c': ['1', '12'], 'p': 374.63, 's': 'MSFT', 't': 1703258646380, 'v': 1}], [{'c': ['1', '12'], 'p': 374.63, 's': 'MSFT', 't': 1703258646380, 'v': 1}, {'c': ['1', '12'], 'p': 153.57, 's': 'AMZN', 't': 1703258646380, 'v': 1}, {'c': ['1', '12'], 'p': 374.63, 's': 'MSFT', 't': 1703258646385, 'v': 1}, {'c': ['1', '12'], 'p': 153.57, 's': 'AMZN', 't': 1703258646385, 'v': 1}, {'c': ['12'], 'p': 374.63, 's': 'MSFT', 't': 1703258646380, 'v': 1}, {'c': ['12'], 'p': 374.63, 's': 'MSFT', 't': 1703258646380, 'v': 1}, {'c': ['12'], 'p': 374.63, 's': 'MSFT', 't': 1703258646380, 'v': 1}, {'c': None, 'p': 2320.61, 's': 'BINANCE:ETHUSDT', 't': 1703258646241, 'v': 0.212}, {'c': ['1', '12'], 'p': 153.57, 's': 'AMZN', 't': 1703258646392, 'v': 1}, {'c': ['12'], 'p': 374.63, 's': 'MSFT', 't': 1703258646385, 'v': 1}], [{'c': ['1', '12'], 'p': 374.63, 's': 'MSFT', 't': 1703258646395, 'v': 1}, {'c': ['1', '12'], 'p': 374.63, 's': 'MSFT', 't': 1703258646397, 'v': 1}, {'c': ['12'], 'p': 374.63, 's': 'MSFT', 't': 1703258646395, 'v': 1}, {'c': ['12'], 'p': 374.63, 's': 'MSFT', 't': 1703258646397, 'v': 1}, {'c': ['1', '12'], 'p': 374.62, 's': 'MSFT', 't': 1703258646401, 'v': 1}, {'c': ['1', '12'], 'p': 374.63, 's': 'MSFT', 't': 1703258646404, 'v': 1}, {'c': ['12'], 'p': 374.62, 's': 'MSFT', 't': 1703258646401, 'v': 1}, {'c': ['1', '12'], 'p': 374.63, 's': 'MSFT', 't': 1703258646411, 'v': 1}, {'c': ['1', '12'], 'p': 374.63, 's': 'MSFT', 't': 1703258646411, 'v': 1}, {'c': ['1', '12'], 'p': 374.63, 's': 'MSFT', 't': 1703258646411, 'v': 1}], [{'c': ['12'], 'p': 374.63, 's': 'MSFT', 't': 1703258646404, 'v': 1}, {'c': ['1', '12'], 'p': 374.63, 's': 'MSFT', 't': 1703258646420, 'v': 1}, {'c': ['1', '12'], 'p': 374.63, 's': 'MSFT', 't': 1703258646420, 'v': 1}, {'c': ['1', '12'], 'p': 374.63, 's': 'MSFT', 't': 1703258646421, 'v': 1}, {'c': ['1', '12'], 'p': 374.63, 's': 'MSFT', 't': 1703258646422, 'v': 1}, {'c': ['12'], 'p': 374.63, 's': 'MSFT', 't': 1703258646411, 'v': 1}, {'c': ['12'], 'p': 374.63, 's': 'MSFT', 't': 1703258646411, 'v': 1}, {'c': ['12'], 'p': 374.63, 's': 'MSFT', 't': 1703258646411, 'v': 1}, {'c': ['12'], 'p': 374.63, 's': 'MSFT', 't': 1703258646420, 'v': 1}, {'c': ['12'], 'p': 374.63, 's': 'MSFT', 't': 1703258646420, 'v': 1}], [{'c': ['12'], 'p': 374.63, 's': 'MSFT', 't': 1703258646421, 'v': 1}, {'c': ['12'], 'p': 374.63, 's': 'MSFT', 't': 1703258646422, 'v': 1}, {'c': None, 'p': 43561.11, 's': 'BINANCE:BTCUSDT', 't': 1703258646283, 'v': 0.00171}, {'c': ['1', '12'], 'p': 374.63, 's': 'MSFT', 't': 1703258646437, 'v': 1}, {'c': ['12'], 'p': 374.63, 's': 'MSFT', 't': 1703258646437, 'v': 1}, {'c': None, 'p': 43561.1, 's': 'BINANCE:BTCUSDT', 't': 1703258646307, 'v': 0.20899}, {'c': None, 'p': 43561.1, 's': 'BINANCE:BTCUSDT', 't': 1703258646307, 'v': 0.08204}, {'c': None, 'p': 43561.1, 's': 'BINANCE:BTCUSDT', 't': 1703258646307, 'v': 0.11474}, {'c': None, 'p': 43561.1, 's': 'BINANCE:BTCUSDT', 't': 1703258646307, 'v': 0.09423}, {'c': ['1', '12'], 'p': 194.67, 's': 'AAPL', 't': 1703258646463, 'v': 1}]]
[2023-12-22T15:33:08.915+0000] {hive.py:475} INFO - 
                            INSERT INTO temp_avro_data
                            VALUES (

                                374.64,
                                'MSFT',  -- New 'exchange' attribute
                                'None',  -- New 'crypto_pair' attribute
                                1703258646071,
                                32
                            )
                        
[2023-12-22T15:33:12.908+0000] {logging_mixin.py:188} INFO - Error processing and inserting into Hive: 'utf-8' codec can't decode byte 0x96 in position 1: invalid start byte
[2023-12-22T15:33:12.909+0000] {logging_mixin.py:188} INFO - [[{'c': ['1', '12'], 'p': 194.67, 's': 'AAPL', 't': 1703258646467, 'v': 1}, {'c': ['1', '12'], 'p': 194.67, 's': 'AAPL', 't': 1703258646471, 'v': 1}, {'c': ['1', '12'], 'p': 194.67, 's': 'AAPL', 't': 1703258646480, 'v': 1}, {'c': ['1', '12'], 'p': 194.665, 's': 'AAPL', 't': 1703258646489, 'v': 1}, {'c': None, 'p': 2320.62, 's': 'BINANCE:ETHUSDT', 't': 1703258646338, 'v': 0.3447}, {'c': ['1', '12'], 'p': 194.67, 's': 'AAPL', 't': 1703258646497, 'v': 1}, {'c': ['1', '12'], 'p': 194.67, 's': 'AAPL', 't': 1703258646497, 'v': 1}, {'c': ['1', '12'], 'p': 194.67, 's': 'AAPL', 't': 1703258646497, 'v': 1}, {'c': ['1', '12'], 'p': 194.67, 's': 'AAPL', 't': 1703258646498, 'v': 1}, {'c': ['1', '12'], 'p': 194.67, 's': 'AAPL', 't': 1703258646508, 'v': 1}], [{'c': ['1', '12'], 'p': 194.67, 's': 'AAPL', 't': 1703258646508, 'v': 1}, {'c': ['1', '12'], 'p': 194.67, 's': 'AAPL', 't': 1703258646508, 'v': 1}, {'c': ['1', '12'], 'p': 194.67, 's': 'AAPL', 't': 1703258646508, 'v': 1}, {'c': ['1', '12'], 'p': 194.67, 's': 'AAPL', 't': 1703258646508, 'v': 1}, {'c': ['1', '12'], 'p': 194.67, 's': 'AAPL', 't': 1703258646508, 'v': 1}, {'c': ['1', '12'], 'p': 194.67, 's': 'AAPL', 't': 1703258646512, 'v': 1}, {'c': ['1', '12'], 'p': 194.67, 's': 'AAPL', 't': 1703258646519, 'v': 1}, {'c': ['1', '12'], 'p': 194.67, 's': 'AAPL', 't': 1703258646519, 'v': 1}, {'c': ['1', '12'], 'p': 194.67, 's': 'AAPL', 't': 1703258646520, 'v': 1}, {'c': ['1', '12'], 'p': 194.67, 's': 'AAPL', 't': 1703258646526, 'v': 1}], [{'c': ['1', '12'], 'p': 194.67, 's': 'AAPL', 't': 1703258646528, 'v': 1}, {'c': ['1', '12'], 'p': 194.67, 's': 'AAPL', 't': 1703258646529, 'v': 1}, {'c': ['1', '12'], 'p': 194.67, 's': 'AAPL', 't': 1703258646529, 'v': 1}, {'c': ['1'], 'p': 194.664, 's': 'AAPL', 't': 1703258646532, 'v': 300}, {'c': ['1', '12'], 'p': 194.67, 's': 'AAPL', 't': 1703258646553, 'v': 1}, {'c': ['1', '12'], 'p': 194.67, 's': 'AAPL', 't': 1703258646559, 'v': 1}, {'c': ['1', '12'], 'p': 194.67, 's': 'AAPL', 't': 1703258646561, 'v': 1}, {'c': ['1', '12'], 'p': 194.67, 's': 'AAPL', 't': 1703258646561, 'v': 1}, {'c': ['1', '12'], 'p': 194.67, 's': 'AAPL', 't': 1703258646562, 'v': 1}, {'c': ['1', '12'], 'p': 153.57, 's': 'AMZN', 't': 1703258646565, 'v': 1}], [{'c': ['1', '12'], 'p': 194.67, 's': 'AAPL', 't': 1703258646571, 'v': 11}, {'c': ['1'], 'p': 194.665, 's': 'AAPL', 't': 1703258646573, 'v': 100}, {'c': None, 'p': 2320.61, 's': 'BINANCE:ETHUSDT', 't': 1703258646428, 'v': 2.562}, {'c': ['1', '12'], 'p': 194.67, 's': 'AAPL', 't': 1703258646578, 'v': 1}, {'c': None, 'p': 2320.61, 's': 'BINANCE:ETHUSDT', 't': 1703258646428, 'v': 0.4306}, {'c': None, 'p': 2320.61, 's': 'BINANCE:ETHUSDT', 't': 1703258646428, 'v': 0.0123}, {'c': None, 'p': 2320.61, 's': 'BINANCE:ETHUSDT', 't': 1703258646428, 'v': 0.5124}, {'c': None, 'p': 2320.61, 's': 'BINANCE:ETHUSDT', 't': 1703258646428, 'v': 0.008}, {'c': None, 'p': 2320.61, 's': 'BINANCE:ETHUSDT', 't': 1703258646428, 'v': 0.0371}, {'c': None, 'p': 2320.58, 's': 'BINANCE:ETHUSDT', 't': 1703258646433, 'v': 0.1787}], [{'c': None, 'p': 2320.53, 's': 'BINANCE:ETHUSDT', 't': 1703258646433, 'v': 0.0127}, {'c': None, 'p': 2320.47, 's': 'BINANCE:ETHUSDT', 't': 1703258646433, 'v': 0.0127}, {'c': None, 'p': 2320.47, 's': 'BINANCE:ETHUSDT', 't': 1703258646433, 'v': 4.1098}, {'c': None, 'p': 2320.46, 's': 'BINANCE:ETHUSDT', 't': 1703258646434, 'v': 1.7236}, {'c': None, 'p': 2320.41, 's': 'BINANCE:ETHUSDT', 't': 1703258646434, 'v': 0.0127}, {'c': None, 'p': 2320.39, 's': 'BINANCE:ETHUSDT', 't': 1703258646436, 'v': 1.6}, {'c': None, 'p': 2320.39, 's': 'BINANCE:ETHUSDT', 't': 1703258646436, 'v': 0.8003}, {'c': None, 'p': 2320.38, 's': 'BINANCE:ETHUSDT', 't': 1703258646436, 'v': 0.7997}, {'c': None, 'p': 2320.38, 's': 'BINANCE:ETHUSDT', 't': 1703258646437, 'v': 3.8407}, {'c': None, 'p': 2320.38, 's': 'BINANCE:ETHUSDT', 't': 1703258646438, 'v': 1.6}], [{'c': None, 'p': 2320.38, 's': 'BINANCE:ETHUSDT', 't': 1703258646439, 'v': 0.2224}, {'c': None, 'p': 2320.36, 's': 'BINANCE:ETHUSDT', 't': 1703258646441, 'v': 0.1272}, {'c': None, 'p': 2320.36, 's': 'BINANCE:ETHUSDT', 't': 1703258646441, 'v': 1.7236}, {'c': ['1', '12'], 'p': 194.67, 's': 'AAPL', 't': 1703258646595, 'v': 1}, {'c': ['1', '12'], 'p': 194.67, 's': 'AAPL', 't': 1703258646595, 'v': 1}, {'c': None, 'p': 2320.35, 's': 'BINANCE:ETHUSDT', 't': 1703258646460, 'v': 0.0127}, {'c': None, 'p': 2320.35, 's': 'BINANCE:ETHUSDT', 't': 1703258646460, 'v': 1.6894}, {'c': ['1', '12'], 'p': 194.67, 's': 'AAPL', 't': 1703258646612, 'v': 1}, {'c': ['1', '12'], 'p': 194.67, 's': 'AAPL', 't': 1703258646612, 'v': 1}, {'c': None, 'p': 2320.35, 's': 'BINANCE:ETHUSDT', 't': 1703258646465, 'v': 0.0342}], [{'c': None, 'p': 2320.31, 's': 'BINANCE:ETHUSDT', 't': 1703258646465, 'v': 0.0041}, {'c': None, 'p': 2320.29, 's': 'BINANCE:ETHUSDT', 't': 1703258646465, 'v': 0.0048}, {'c': None, 'p': 2320.29, 's': 'BINANCE:ETHUSDT', 't': 1703258646470, 'v': 0.0079}, {'c': None, 'p': 2320.27, 's': 'BINANCE:ETHUSDT', 't': 1703258646470, 'v': 1.7236}, {'c': None, 'p': 2320.26, 's': 'BINANCE:ETHUSDT', 't': 1703258646470, 'v': 0.6685}, {'c': None, 'p': 2320.26, 's': 'BINANCE:ETHUSDT', 't': 1703258646470, 'v': 1.0551}, {'c': None, 'p': 2320.23, 's': 'BINANCE:ETHUSDT', 't': 1703258646470, 'v': 0.0127}, {'c': None, 'p': 2320.2, 's': 'BINANCE:ETHUSDT', 't': 1703258646470, 'v': 0.1272}, {'c': None, 'p': 2320.2, 's': 'BINANCE:ETHUSDT', 't': 1703258646470, 'v': 0.0048}, {'c': None, 'p': 2320.19, 's': 'BINANCE:ETHUSDT', 't': 1703258646470, 'v': 0.3394}], [{'c': None, 'p': 2320.17, 's': 'BINANCE:ETHUSDT', 't': 1703258646470, 'v': 0.0127}, {'c': None, 'p': 2320.17, 's': 'BINANCE:ETHUSDT', 't': 1703258646470, 'v': 0.0481}, {'c': None, 'p': 2320.17, 's': 'BINANCE:ETHUSDT', 't': 1703258646471, 'v': 1.6}, {'c': ['1', '12'], 'p': 194.67, 's': 'AAPL', 't': 1703258646625, 'v': 1}, {'c': None, 'p': 2320.27, 's': 'BINANCE:ETHUSDT', 't': 1703258646490, 'v': 0.16}, {'c': ['1', '12'], 'p': 194.67, 's': 'AAPL', 't': 1703258646641, 'v': 1}, {'c': ['1', '12'], 'p': 194.67, 's': 'AAPL', 't': 1703258646641, 'v': 1}, {'c': ['1', '12'], 'p': 194.67, 's': 'AAPL', 't': 1703258646641, 'v': 1}, {'c': ['1', '12'], 'p': 194.67, 's': 'AAPL', 't': 1703258646658, 'v': 1}, {'c': ['1', '12'], 'p': 194.67, 's': 'AAPL', 't': 1703258646658, 'v': 1}], [{'c': None, 'p': 43561.11, 's': 'BINANCE:BTCUSDT', 't': 1703258646542, 'v': 0.23132}, {'c': None, 'p': 43561.11, 's': 'BINANCE:BTCUSDT', 't': 1703258646542, 'v': 0.02292}, {'c': None, 'p': 43561.11, 's': 'BINANCE:BTCUSDT', 't': 1703258646542, 'v': 0.04598}, {'c': ['1', '12'], 'p': 374.63, 's': 'MSFT', 't': 1703258646720, 'v': 6}, {'c': ['12'], 'p': 374.63, 's': 'MSFT', 't': 1703258646720, 'v': 6}, {'c': ['1', '12'], 'p': 194.6612, 's': 'AAPL', 't': 1703258646761, 'v': 20}, {'c': ['1', '12'], 'p': 374.62, 's': 'MSFT', 't': 1703258646808, 'v': 1}, {'c': None, 'p': 43561.11, 's': 'BINANCE:BTCUSDT', 't': 1703258646657, 'v': 0.00029}, {'c': ['12'], 'p': 374.62, 's': 'MSFT', 't': 1703258646808, 'v': 1}, {'c': ['1', '12'], 'p': 194.6603, 's': 'AAPL', 't': 1703258646821, 'v': 50}], [{'c': ['1', '12'], 'p': 374.6288, 's': 'MSFT', 't': 1703258646837, 'v': 1}, {'c': ['12'], 'p': 374.6288, 's': 'MSFT', 't': 1703258646837, 'v': 1}, {'c': ['1', '12'], 'p': 194.66, 's': 'AAPL', 't': 1703258646845, 'v': 1}, {'c': ['1', '12'], 'p': 194.665, 's': 'AAPL', 't': 1703258646867, 'v': 4}, {'c': ['1', '8', '12'], 'p': 194.66, 's': 'AAPL', 't': 1703258646869, 'v': 10}, {'c': ['1', '8', '12'], 'p': 194.66, 's': 'AAPL', 't': 1703258646869, 'v': 1}, {'c': ['1', '8'], 'p': 194.66, 's': 'AAPL', 't': 1703258646869, 'v': 239}, {'c': ['1', '8'], 'p': 194.66, 's': 'AAPL', 't': 1703258646870, 'v': 161}, {'c': ['1', '8', '12'], 'p': 194.66, 's': 'AAPL', 't': 1703258646870, 'v': 8}, {'c': ['1', '8', '12'], 'p': 194.66, 's': 'AAPL', 't': 1703258646870, 'v': 33}]]
[2023-12-22T15:33:12.909+0000] {hive.py:475} INFO - 
                            INSERT INTO temp_avro_data
                            VALUES (

                                194.67,
                                'AAPL',  -- New 'exchange' attribute
                                'None',  -- New 'crypto_pair' attribute
                                1703258646467,
                                1
                            )
                        
[2023-12-22T15:34:08.915+0000] {process_utils.py:149} WARNING - process psutil.Process(pid=220, name='airflow task runner: batch_layer consume_data manual__2023-12-22T15:30:45.550866+00:00 4', status='sleeping', started='15:31:47') did not respond to SIGTERM. Trying SIGKILL
[2023-12-22T15:34:08.917+0000] {process_utils.py:86} INFO - Sending the signal Signals.SIGKILL to group 220
[2023-12-22T15:34:08.925+0000] {process_utils.py:79} INFO - Process psutil.Process(pid=220, name='airflow task runner: batch_layer consume_data manual__2023-12-22T15:30:45.550866+00:00 4', status='terminated', exitcode=<Negsignal.SIGKILL: -9>, started='15:31:47') (220) terminated with exit code Negsignal.SIGKILL
[2023-12-22T15:34:08.925+0000] {standard_task_runner.py:175} ERROR - Job 4 was killed before it finished (likely due to running out of memory)
