[2023-12-24T15:36:53.955+0000] {taskinstance.py:1957} INFO - Dependencies all met for dep_context=non-requeueable deps ti=<TaskInstance: batch.print_date scheduled__2023-12-23T00:00:00+00:00 [queued]>
[2023-12-24T15:36:53.961+0000] {taskinstance.py:1957} INFO - Dependencies all met for dep_context=requeueable deps ti=<TaskInstance: batch.print_date scheduled__2023-12-23T00:00:00+00:00 [queued]>
[2023-12-24T15:36:53.962+0000] {taskinstance.py:2171} INFO - Starting attempt 1 of 2
[2023-12-24T15:36:54.073+0000] {taskinstance.py:2192} INFO - Executing <Task(PythonOperator): print_date> on 2023-12-23 00:00:00+00:00
[2023-12-24T15:36:54.078+0000] {standard_task_runner.py:60} INFO - Started process 137 to run task
[2023-12-24T15:36:54.080+0000] {standard_task_runner.py:87} INFO - Running: ['airflow', 'tasks', 'run', 'batch', 'print_date', 'scheduled__2023-12-23T00:00:00+00:00', '--job-id', '4', '--raw', '--subdir', 'DAGS_FOLDER/batchlayer.py', '--cfg-path', '/tmp/tmp2_69swvn']
[2023-12-24T15:36:54.082+0000] {standard_task_runner.py:88} INFO - Job 4: Subtask print_date
[2023-12-24T15:36:54.130+0000] {task_command.py:423} INFO - Running <TaskInstance: batch.print_date scheduled__2023-12-23T00:00:00+00:00 [running]> on host b2aeaa9190f5
[2023-12-24T15:36:54.487+0000] {taskinstance.py:2481} INFO - Exporting env vars: AIRFLOW_CTX_DAG_EMAIL='airflow@example.com' AIRFLOW_CTX_DAG_OWNER='airflow' AIRFLOW_CTX_DAG_ID='batch' AIRFLOW_CTX_TASK_ID='print_date' AIRFLOW_CTX_EXECUTION_DATE='2023-12-23T00:00:00+00:00' AIRFLOW_CTX_TRY_NUMBER='1' AIRFLOW_CTX_DAG_RUN_ID='scheduled__2023-12-23T00:00:00+00:00'
[2023-12-24T15:36:54.504+0000] {logging_mixin.py:188} INFO - hamza
[2023-12-24T15:36:55.580+0000] {logging_mixin.py:188} INFO - hamza
[2023-12-24T15:36:55.585+0000] {logging_mixin.py:188} INFO - hamza
[2023-12-24T15:36:55.588+0000] {logging_mixin.py:188} INFO - hamza
[2023-12-24T15:36:55.591+0000] {logging_mixin.py:188} INFO - hamza
[2023-12-24T15:36:55.593+0000] {logging_mixin.py:188} INFO - hamza
[2023-12-24T15:36:55.594+0000] {logging_mixin.py:188} INFO - hamza
[2023-12-24T15:36:55.596+0000] {logging_mixin.py:188} INFO - hamza
[2023-12-24T15:36:55.598+0000] {logging_mixin.py:188} INFO - hamza
[2023-12-24T15:36:55.600+0000] {logging_mixin.py:188} INFO - hamza
[2023-12-24T15:36:55.602+0000] {logging_mixin.py:188} INFO - hamza
[2023-12-24T15:36:55.605+0000] {logging_mixin.py:188} INFO - hamza
[2023-12-24T15:36:55.607+0000] {logging_mixin.py:188} INFO - hamza
[2023-12-24T15:36:55.609+0000] {logging_mixin.py:188} INFO - hamza
[2023-12-24T15:36:55.610+0000] {logging_mixin.py:188} INFO - hamza
[2023-12-24T15:36:55.612+0000] {logging_mixin.py:188} INFO - hamza
[2023-12-24T15:36:55.613+0000] {logging_mixin.py:188} INFO - hamza
[2023-12-24T15:36:55.615+0000] {logging_mixin.py:188} INFO - hamza
[2023-12-24T15:36:55.617+0000] {logging_mixin.py:188} INFO - hamza
[2023-12-24T15:36:55.619+0000] {logging_mixin.py:188} INFO - hamza
[2023-12-24T15:36:55.621+0000] {logging_mixin.py:188} INFO - hamza
[2023-12-24T15:36:55.623+0000] {logging_mixin.py:188} INFO - hamza
[2023-12-24T15:36:55.625+0000] {logging_mixin.py:188} INFO - hamza
[2023-12-24T15:36:55.627+0000] {logging_mixin.py:188} INFO - hamza
[2023-12-24T15:36:55.628+0000] {logging_mixin.py:188} INFO - hamza
[2023-12-24T15:36:55.630+0000] {logging_mixin.py:188} INFO - hamza
[2023-12-24T15:36:55.632+0000] {logging_mixin.py:188} INFO - hamza
[2023-12-24T15:36:55.634+0000] {logging_mixin.py:188} INFO - hamza
[2023-12-24T15:36:55.636+0000] {logging_mixin.py:188} INFO - hamza
[2023-12-24T15:36:55.637+0000] {logging_mixin.py:188} INFO - hamza
[2023-12-24T15:36:55.639+0000] {logging_mixin.py:188} INFO - hamza
[2023-12-24T15:36:55.641+0000] {logging_mixin.py:188} INFO - hamza
[2023-12-24T15:36:55.642+0000] {logging_mixin.py:188} INFO - hamza
[2023-12-24T15:36:55.643+0000] {logging_mixin.py:188} INFO - hamza
[2023-12-24T15:36:55.645+0000] {logging_mixin.py:188} INFO - hamza
[2023-12-24T15:36:55.647+0000] {logging_mixin.py:188} INFO - hamza
[2023-12-24T15:36:55.648+0000] {logging_mixin.py:188} INFO - hamza
[2023-12-24T15:36:55.650+0000] {logging_mixin.py:188} INFO - hamza
[2023-12-24T15:36:55.652+0000] {logging_mixin.py:188} INFO - hamza
[2023-12-24T15:36:55.653+0000] {logging_mixin.py:188} INFO - hamza
[2023-12-24T15:36:55.655+0000] {logging_mixin.py:188} INFO - hamza
[2023-12-24T15:36:55.657+0000] {logging_mixin.py:188} INFO - hamza
[2023-12-24T15:36:55.658+0000] {logging_mixin.py:188} INFO - hamza
[2023-12-24T15:36:55.660+0000] {logging_mixin.py:188} INFO - hamza
[2023-12-24T15:36:55.662+0000] {logging_mixin.py:188} INFO - hamza
[2023-12-24T15:36:55.664+0000] {logging_mixin.py:188} INFO - hamza
[2023-12-24T15:36:55.665+0000] {logging_mixin.py:188} INFO - hamza
[2023-12-24T15:36:55.667+0000] {logging_mixin.py:188} INFO - hamza
[2023-12-24T15:36:55.668+0000] {logging_mixin.py:188} INFO - hamza
[2023-12-24T15:36:55.670+0000] {logging_mixin.py:188} INFO - hamza
[2023-12-24T15:36:55.671+0000] {logging_mixin.py:188} INFO - hamza
[2023-12-24T15:36:55.673+0000] {logging_mixin.py:188} INFO - hamza
[2023-12-24T15:36:55.675+0000] {logging_mixin.py:188} INFO - hamza
[2023-12-24T15:36:55.676+0000] {logging_mixin.py:188} INFO - hamza
[2023-12-24T15:36:55.678+0000] {logging_mixin.py:188} INFO - hamza
[2023-12-24T15:36:55.680+0000] {logging_mixin.py:188} INFO - hamza
[2023-12-24T15:36:55.682+0000] {logging_mixin.py:188} INFO - hamza
[2023-12-24T15:36:55.684+0000] {logging_mixin.py:188} INFO - hamza
[2023-12-24T15:36:55.685+0000] {logging_mixin.py:188} INFO - hamza
[2023-12-24T15:36:55.687+0000] {logging_mixin.py:188} INFO - hamza
[2023-12-24T15:36:55.688+0000] {logging_mixin.py:188} INFO - hamza
[2023-12-24T15:36:55.690+0000] {logging_mixin.py:188} INFO - hamza
[2023-12-24T15:36:55.692+0000] {logging_mixin.py:188} INFO - hamza
[2023-12-24T15:36:55.694+0000] {logging_mixin.py:188} INFO - hamza
[2023-12-24T15:36:55.696+0000] {logging_mixin.py:188} INFO - hamza
[2023-12-24T15:36:55.698+0000] {logging_mixin.py:188} INFO - hamza
[2023-12-24T15:36:55.699+0000] {logging_mixin.py:188} INFO - hamza
[2023-12-24T15:36:55.701+0000] {logging_mixin.py:188} INFO - hamza
[2023-12-24T15:36:55.703+0000] {logging_mixin.py:188} INFO - hamza
[2023-12-24T15:36:55.704+0000] {logging_mixin.py:188} INFO - hamza
[2023-12-24T15:36:55.706+0000] {logging_mixin.py:188} INFO - hamza
[2023-12-24T15:36:55.707+0000] {logging_mixin.py:188} INFO - hamza
[2023-12-24T15:36:55.710+0000] {logging_mixin.py:188} INFO - hamza
[2023-12-24T15:36:55.711+0000] {logging_mixin.py:188} INFO - hamza
[2023-12-24T15:36:55.713+0000] {logging_mixin.py:188} INFO - hamza
[2023-12-24T15:36:55.715+0000] {logging_mixin.py:188} INFO - hamza
[2023-12-24T15:36:55.716+0000] {logging_mixin.py:188} INFO - hamza
[2023-12-24T15:36:55.718+0000] {logging_mixin.py:188} INFO - hamza
[2023-12-24T15:36:55.719+0000] {logging_mixin.py:188} INFO - hamza
[2023-12-24T15:36:55.721+0000] {logging_mixin.py:188} INFO - hamza
[2023-12-24T15:36:55.723+0000] {logging_mixin.py:188} INFO - hamza
[2023-12-24T15:36:55.725+0000] {logging_mixin.py:188} INFO - hamza
[2023-12-24T15:36:55.727+0000] {logging_mixin.py:188} INFO - hamza
[2023-12-24T15:36:55.729+0000] {logging_mixin.py:188} INFO - hamza
[2023-12-24T15:36:55.730+0000] {logging_mixin.py:188} INFO - hamza
[2023-12-24T15:36:55.732+0000] {logging_mixin.py:188} INFO - hamza
[2023-12-24T15:36:55.734+0000] {logging_mixin.py:188} INFO - hamza
[2023-12-24T15:36:55.736+0000] {logging_mixin.py:188} INFO - hamza
[2023-12-24T15:36:55.737+0000] {logging_mixin.py:188} INFO - hamza
[2023-12-24T15:36:55.739+0000] {logging_mixin.py:188} INFO - hamza
[2023-12-24T15:36:55.741+0000] {logging_mixin.py:188} INFO - hamza
[2023-12-24T15:36:55.742+0000] {logging_mixin.py:188} INFO - hamza
[2023-12-24T15:36:55.744+0000] {logging_mixin.py:188} INFO - hamza
[2023-12-24T15:36:55.746+0000] {logging_mixin.py:188} INFO - hamza
[2023-12-24T15:36:55.747+0000] {logging_mixin.py:188} INFO - hamza
[2023-12-24T15:36:55.749+0000] {logging_mixin.py:188} INFO - hamza
[2023-12-24T15:36:55.750+0000] {logging_mixin.py:188} INFO - hamza
[2023-12-24T15:36:55.752+0000] {logging_mixin.py:188} INFO - hamza
[2023-12-24T15:36:55.753+0000] {logging_mixin.py:188} INFO - hamza
[2023-12-24T15:36:55.755+0000] {python.py:201} INFO - Done. Returned value was: None
[2023-12-24T15:36:55.760+0000] {taskinstance.py:1138} INFO - Marking task as SUCCESS. dag_id=batch, task_id=print_date, execution_date=20231223T000000, start_date=20231224T153653, end_date=20231224T153655
[2023-12-24T15:36:55.819+0000] {local_task_job_runner.py:234} INFO - Task exited with return code 0
[2023-12-24T15:36:55.829+0000] {taskinstance.py:3281} INFO - 0 downstream tasks scheduled from follow-on schedule check
[2023-12-24T15:41:47.675+0000] {taskinstance.py:1957} INFO - Dependencies all met for dep_context=non-requeueable deps ti=<TaskInstance: batch.print_date scheduled__2023-12-23T00:00:00+00:00 [queued]>
[2023-12-24T15:41:47.687+0000] {taskinstance.py:1957} INFO - Dependencies all met for dep_context=requeueable deps ti=<TaskInstance: batch.print_date scheduled__2023-12-23T00:00:00+00:00 [queued]>
[2023-12-24T15:41:47.688+0000] {taskinstance.py:2171} INFO - Starting attempt 1 of 2
[2023-12-24T15:41:47.711+0000] {taskinstance.py:2192} INFO - Executing <Task(PythonOperator): print_date> on 2023-12-23 00:00:00+00:00
[2023-12-24T15:41:47.718+0000] {standard_task_runner.py:60} INFO - Started process 137 to run task
[2023-12-24T15:41:47.724+0000] {standard_task_runner.py:87} INFO - Running: ['airflow', 'tasks', 'run', 'batch', 'print_date', 'scheduled__2023-12-23T00:00:00+00:00', '--job-id', '4', '--raw', '--subdir', 'DAGS_FOLDER/batchlayer.py', '--cfg-path', '/tmp/tmp1xxybhfx']
[2023-12-24T15:41:47.734+0000] {standard_task_runner.py:88} INFO - Job 4: Subtask print_date
[2023-12-24T15:41:47.810+0000] {task_command.py:423} INFO - Running <TaskInstance: batch.print_date scheduled__2023-12-23T00:00:00+00:00 [running]> on host 83b53490fe78
[2023-12-24T15:41:48.179+0000] {taskinstance.py:2481} INFO - Exporting env vars: AIRFLOW_CTX_DAG_EMAIL='airflow@example.com' AIRFLOW_CTX_DAG_OWNER='airflow' AIRFLOW_CTX_DAG_ID='batch' AIRFLOW_CTX_TASK_ID='print_date' AIRFLOW_CTX_EXECUTION_DATE='2023-12-23T00:00:00+00:00' AIRFLOW_CTX_TRY_NUMBER='1' AIRFLOW_CTX_DAG_RUN_ID='scheduled__2023-12-23T00:00:00+00:00'
[2023-12-24T15:41:48.188+0000] {logging_mixin.py:188} INFO - hamza
[2023-12-24T15:41:49.196+0000] {logging_mixin.py:188} INFO - hamza
[2023-12-24T15:41:49.199+0000] {logging_mixin.py:188} INFO - hamza
[2023-12-24T15:41:49.202+0000] {logging_mixin.py:188} INFO - hamza
[2023-12-24T15:41:49.206+0000] {logging_mixin.py:188} INFO - hamza
[2023-12-24T15:41:49.209+0000] {logging_mixin.py:188} INFO - hamza
[2023-12-24T15:41:49.211+0000] {logging_mixin.py:188} INFO - hamza
[2023-12-24T15:41:49.214+0000] {logging_mixin.py:188} INFO - hamza
[2023-12-24T15:41:49.216+0000] {logging_mixin.py:188} INFO - hamza
[2023-12-24T15:41:49.218+0000] {logging_mixin.py:188} INFO - hamza
[2023-12-24T15:41:49.221+0000] {logging_mixin.py:188} INFO - hamza
[2023-12-24T15:41:49.223+0000] {logging_mixin.py:188} INFO - hamza
[2023-12-24T15:41:49.225+0000] {logging_mixin.py:188} INFO - hamza
[2023-12-24T15:41:49.227+0000] {logging_mixin.py:188} INFO - hamza
[2023-12-24T15:41:49.229+0000] {logging_mixin.py:188} INFO - hamza
[2023-12-24T15:41:49.232+0000] {logging_mixin.py:188} INFO - hamza
[2023-12-24T15:41:49.234+0000] {logging_mixin.py:188} INFO - hamza
[2023-12-24T15:41:49.236+0000] {logging_mixin.py:188} INFO - hamza
[2023-12-24T15:41:49.238+0000] {logging_mixin.py:188} INFO - hamza
[2023-12-24T15:41:49.240+0000] {logging_mixin.py:188} INFO - hamza
[2023-12-24T15:41:49.242+0000] {logging_mixin.py:188} INFO - hamza
[2023-12-24T15:41:49.243+0000] {logging_mixin.py:188} INFO - hamza
[2023-12-24T15:41:49.246+0000] {logging_mixin.py:188} INFO - hamza
[2023-12-24T15:41:49.248+0000] {logging_mixin.py:188} INFO - hamza
[2023-12-24T15:41:49.250+0000] {logging_mixin.py:188} INFO - hamza
[2023-12-24T15:41:49.252+0000] {logging_mixin.py:188} INFO - hamza
[2023-12-24T15:41:49.254+0000] {logging_mixin.py:188} INFO - hamza
[2023-12-24T15:41:49.256+0000] {logging_mixin.py:188} INFO - hamza
[2023-12-24T15:41:49.258+0000] {logging_mixin.py:188} INFO - hamza
[2023-12-24T15:41:49.260+0000] {logging_mixin.py:188} INFO - hamza
[2023-12-24T15:41:49.262+0000] {logging_mixin.py:188} INFO - hamza
[2023-12-24T15:41:49.264+0000] {logging_mixin.py:188} INFO - hamza
[2023-12-24T15:41:49.266+0000] {logging_mixin.py:188} INFO - hamza
[2023-12-24T15:41:49.267+0000] {logging_mixin.py:188} INFO - hamza
[2023-12-24T15:41:49.269+0000] {logging_mixin.py:188} INFO - hamza
[2023-12-24T15:41:49.271+0000] {logging_mixin.py:188} INFO - hamza
[2023-12-24T15:41:49.273+0000] {logging_mixin.py:188} INFO - hamza
[2023-12-24T15:41:49.276+0000] {logging_mixin.py:188} INFO - hamza
[2023-12-24T15:41:49.277+0000] {logging_mixin.py:188} INFO - hamza
[2023-12-24T15:41:49.279+0000] {logging_mixin.py:188} INFO - hamza
[2023-12-24T15:41:49.282+0000] {logging_mixin.py:188} INFO - hamza
[2023-12-24T15:41:49.284+0000] {logging_mixin.py:188} INFO - hamza
[2023-12-24T15:41:49.287+0000] {logging_mixin.py:188} INFO - hamza
[2023-12-24T15:41:49.289+0000] {logging_mixin.py:188} INFO - hamza
[2023-12-24T15:41:49.291+0000] {logging_mixin.py:188} INFO - hamza
[2023-12-24T15:41:49.293+0000] {logging_mixin.py:188} INFO - hamza
[2023-12-24T15:41:49.295+0000] {logging_mixin.py:188} INFO - hamza
[2023-12-24T15:41:49.298+0000] {logging_mixin.py:188} INFO - hamza
[2023-12-24T15:41:49.300+0000] {logging_mixin.py:188} INFO - hamza
[2023-12-24T15:41:49.302+0000] {logging_mixin.py:188} INFO - hamza
[2023-12-24T15:41:49.304+0000] {logging_mixin.py:188} INFO - hamza
[2023-12-24T15:41:49.306+0000] {logging_mixin.py:188} INFO - hamza
[2023-12-24T15:41:49.308+0000] {logging_mixin.py:188} INFO - hamza
[2023-12-24T15:41:49.310+0000] {logging_mixin.py:188} INFO - hamza
[2023-12-24T15:41:49.312+0000] {logging_mixin.py:188} INFO - hamza
[2023-12-24T15:41:49.315+0000] {logging_mixin.py:188} INFO - hamza
[2023-12-24T15:41:49.317+0000] {logging_mixin.py:188} INFO - hamza
[2023-12-24T15:41:49.320+0000] {logging_mixin.py:188} INFO - hamza
[2023-12-24T15:41:49.322+0000] {logging_mixin.py:188} INFO - hamza
[2023-12-24T15:41:49.324+0000] {logging_mixin.py:188} INFO - hamza
[2023-12-24T15:41:49.327+0000] {logging_mixin.py:188} INFO - hamza
[2023-12-24T15:41:49.330+0000] {logging_mixin.py:188} INFO - hamza
[2023-12-24T15:41:49.332+0000] {logging_mixin.py:188} INFO - hamza
[2023-12-24T15:41:49.334+0000] {logging_mixin.py:188} INFO - hamza
[2023-12-24T15:41:49.337+0000] {logging_mixin.py:188} INFO - hamza
[2023-12-24T15:41:49.339+0000] {logging_mixin.py:188} INFO - hamza
[2023-12-24T15:41:49.341+0000] {logging_mixin.py:188} INFO - hamza
[2023-12-24T15:41:49.343+0000] {logging_mixin.py:188} INFO - hamza
[2023-12-24T15:41:49.346+0000] {logging_mixin.py:188} INFO - hamza
[2023-12-24T15:41:49.348+0000] {logging_mixin.py:188} INFO - hamza
[2023-12-24T15:41:49.351+0000] {logging_mixin.py:188} INFO - hamza
[2023-12-24T15:41:49.353+0000] {logging_mixin.py:188} INFO - hamza
[2023-12-24T15:41:49.357+0000] {logging_mixin.py:188} INFO - hamza
[2023-12-24T15:41:49.360+0000] {logging_mixin.py:188} INFO - hamza
[2023-12-24T15:41:49.363+0000] {logging_mixin.py:188} INFO - hamza
[2023-12-24T15:41:49.365+0000] {logging_mixin.py:188} INFO - hamza
[2023-12-24T15:41:49.367+0000] {logging_mixin.py:188} INFO - hamza
[2023-12-24T15:41:49.369+0000] {logging_mixin.py:188} INFO - hamza
[2023-12-24T15:41:49.372+0000] {logging_mixin.py:188} INFO - hamza
[2023-12-24T15:41:49.374+0000] {logging_mixin.py:188} INFO - hamza
[2023-12-24T15:41:49.376+0000] {logging_mixin.py:188} INFO - hamza
[2023-12-24T15:41:49.378+0000] {logging_mixin.py:188} INFO - hamza
[2023-12-24T15:41:49.380+0000] {logging_mixin.py:188} INFO - hamza
[2023-12-24T15:41:49.382+0000] {logging_mixin.py:188} INFO - hamza
[2023-12-24T15:41:49.385+0000] {logging_mixin.py:188} INFO - hamza
[2023-12-24T15:41:49.387+0000] {logging_mixin.py:188} INFO - hamza
[2023-12-24T15:41:49.390+0000] {logging_mixin.py:188} INFO - hamza
[2023-12-24T15:41:49.392+0000] {logging_mixin.py:188} INFO - hamza
[2023-12-24T15:41:49.394+0000] {logging_mixin.py:188} INFO - hamza
[2023-12-24T15:41:49.396+0000] {logging_mixin.py:188} INFO - hamza
[2023-12-24T15:41:49.398+0000] {logging_mixin.py:188} INFO - hamza
[2023-12-24T15:41:49.400+0000] {logging_mixin.py:188} INFO - hamza
[2023-12-24T15:41:49.402+0000] {logging_mixin.py:188} INFO - hamza
[2023-12-24T15:41:49.405+0000] {logging_mixin.py:188} INFO - hamza
[2023-12-24T15:41:49.407+0000] {logging_mixin.py:188} INFO - hamza
[2023-12-24T15:41:49.409+0000] {logging_mixin.py:188} INFO - hamza
[2023-12-24T15:41:49.411+0000] {logging_mixin.py:188} INFO - hamza
[2023-12-24T15:41:49.413+0000] {logging_mixin.py:188} INFO - hamza
[2023-12-24T15:41:49.415+0000] {logging_mixin.py:188} INFO - hamza
[2023-12-24T15:41:49.418+0000] {python.py:201} INFO - Done. Returned value was: None
[2023-12-24T15:41:49.426+0000] {taskinstance.py:1138} INFO - Marking task as SUCCESS. dag_id=batch, task_id=print_date, execution_date=20231223T000000, start_date=20231224T154147, end_date=20231224T154149
[2023-12-24T15:41:49.469+0000] {local_task_job_runner.py:234} INFO - Task exited with return code 0
[2023-12-24T15:41:49.484+0000] {taskinstance.py:3281} INFO - 0 downstream tasks scheduled from follow-on schedule check
[2023-12-24T15:51:21.352+0000] {taskinstance.py:1957} INFO - Dependencies all met for dep_context=non-requeueable deps ti=<TaskInstance: batch.print_date scheduled__2023-12-23T00:00:00+00:00 [queued]>
[2023-12-24T15:51:21.357+0000] {taskinstance.py:1957} INFO - Dependencies all met for dep_context=requeueable deps ti=<TaskInstance: batch.print_date scheduled__2023-12-23T00:00:00+00:00 [queued]>
[2023-12-24T15:51:21.358+0000] {taskinstance.py:2171} INFO - Starting attempt 1 of 2
[2023-12-24T15:51:21.370+0000] {taskinstance.py:2192} INFO - Executing <Task(PythonOperator): print_date> on 2023-12-23 00:00:00+00:00
[2023-12-24T15:51:21.374+0000] {standard_task_runner.py:60} INFO - Started process 136 to run task
[2023-12-24T15:51:21.377+0000] {standard_task_runner.py:87} INFO - Running: ['airflow', 'tasks', 'run', 'batch', 'print_date', 'scheduled__2023-12-23T00:00:00+00:00', '--job-id', '4', '--raw', '--subdir', 'DAGS_FOLDER/batchlayer.py', '--cfg-path', '/tmp/tmp30k82kvw']
[2023-12-24T15:51:21.379+0000] {standard_task_runner.py:88} INFO - Job 4: Subtask print_date
[2023-12-24T15:51:21.408+0000] {task_command.py:423} INFO - Running <TaskInstance: batch.print_date scheduled__2023-12-23T00:00:00+00:00 [running]> on host be1f0ffa1f05
[2023-12-24T15:51:21.564+0000] {taskinstance.py:2481} INFO - Exporting env vars: AIRFLOW_CTX_DAG_EMAIL='airflow@example.com' AIRFLOW_CTX_DAG_OWNER='airflow' AIRFLOW_CTX_DAG_ID='batch' AIRFLOW_CTX_TASK_ID='print_date' AIRFLOW_CTX_EXECUTION_DATE='2023-12-23T00:00:00+00:00' AIRFLOW_CTX_TRY_NUMBER='1' AIRFLOW_CTX_DAG_RUN_ID='scheduled__2023-12-23T00:00:00+00:00'
[2023-12-24T15:51:21.566+0000] {logging_mixin.py:188} INFO - hamza
[2023-12-24T15:51:22.614+0000] {logging_mixin.py:188} INFO - hamza
[2023-12-24T15:51:22.618+0000] {logging_mixin.py:188} INFO - hamza
[2023-12-24T15:51:22.620+0000] {logging_mixin.py:188} INFO - hamza
[2023-12-24T15:51:22.622+0000] {logging_mixin.py:188} INFO - hamza
[2023-12-24T15:51:22.623+0000] {logging_mixin.py:188} INFO - hamza
[2023-12-24T15:51:22.625+0000] {logging_mixin.py:188} INFO - hamza
[2023-12-24T15:51:22.626+0000] {logging_mixin.py:188} INFO - hamza
[2023-12-24T15:51:22.628+0000] {logging_mixin.py:188} INFO - hamza
[2023-12-24T15:51:22.629+0000] {logging_mixin.py:188} INFO - hamza
[2023-12-24T15:51:22.634+0000] {logging_mixin.py:188} INFO - hamza
[2023-12-24T15:51:22.636+0000] {logging_mixin.py:188} INFO - hamza
[2023-12-24T15:51:22.637+0000] {logging_mixin.py:188} INFO - hamza
[2023-12-24T15:51:22.639+0000] {logging_mixin.py:188} INFO - hamza
[2023-12-24T15:51:22.640+0000] {logging_mixin.py:188} INFO - hamza
[2023-12-24T15:51:22.641+0000] {logging_mixin.py:188} INFO - hamza
[2023-12-24T15:51:22.643+0000] {logging_mixin.py:188} INFO - hamza
[2023-12-24T15:51:22.644+0000] {logging_mixin.py:188} INFO - hamza
[2023-12-24T15:51:22.646+0000] {logging_mixin.py:188} INFO - hamza
[2023-12-24T15:51:22.648+0000] {logging_mixin.py:188} INFO - hamza
[2023-12-24T15:51:22.649+0000] {logging_mixin.py:188} INFO - hamza
[2023-12-24T15:51:22.650+0000] {logging_mixin.py:188} INFO - hamza
[2023-12-24T15:51:22.651+0000] {logging_mixin.py:188} INFO - hamza
[2023-12-24T15:51:22.653+0000] {logging_mixin.py:188} INFO - hamza
[2023-12-24T15:51:22.654+0000] {logging_mixin.py:188} INFO - hamza
[2023-12-24T15:51:22.656+0000] {logging_mixin.py:188} INFO - hamza
[2023-12-24T15:51:22.658+0000] {logging_mixin.py:188} INFO - hamza
[2023-12-24T15:51:22.659+0000] {logging_mixin.py:188} INFO - hamza
[2023-12-24T15:51:22.661+0000] {logging_mixin.py:188} INFO - hamza
[2023-12-24T15:51:22.662+0000] {logging_mixin.py:188} INFO - hamza
[2023-12-24T15:51:22.664+0000] {logging_mixin.py:188} INFO - hamza
[2023-12-24T15:51:22.665+0000] {logging_mixin.py:188} INFO - hamza
[2023-12-24T15:51:22.667+0000] {logging_mixin.py:188} INFO - hamza
[2023-12-24T15:51:22.668+0000] {logging_mixin.py:188} INFO - hamza
[2023-12-24T15:51:22.670+0000] {logging_mixin.py:188} INFO - hamza
[2023-12-24T15:51:22.671+0000] {logging_mixin.py:188} INFO - hamza
[2023-12-24T15:51:22.672+0000] {logging_mixin.py:188} INFO - hamza
[2023-12-24T15:51:22.673+0000] {logging_mixin.py:188} INFO - hamza
[2023-12-24T15:51:22.674+0000] {logging_mixin.py:188} INFO - hamza
[2023-12-24T15:51:22.675+0000] {logging_mixin.py:188} INFO - hamza
[2023-12-24T15:51:22.677+0000] {logging_mixin.py:188} INFO - hamza
[2023-12-24T15:51:22.678+0000] {logging_mixin.py:188} INFO - hamza
[2023-12-24T15:51:22.680+0000] {logging_mixin.py:188} INFO - hamza
[2023-12-24T15:51:22.681+0000] {logging_mixin.py:188} INFO - hamza
[2023-12-24T15:51:22.682+0000] {logging_mixin.py:188} INFO - hamza
[2023-12-24T15:51:22.683+0000] {logging_mixin.py:188} INFO - hamza
[2023-12-24T15:51:22.684+0000] {logging_mixin.py:188} INFO - hamza
[2023-12-24T15:51:22.685+0000] {logging_mixin.py:188} INFO - hamza
[2023-12-24T15:51:22.686+0000] {logging_mixin.py:188} INFO - hamza
[2023-12-24T15:51:22.688+0000] {logging_mixin.py:188} INFO - hamza
[2023-12-24T15:51:22.689+0000] {logging_mixin.py:188} INFO - hamza
[2023-12-24T15:51:22.690+0000] {logging_mixin.py:188} INFO - hamza
[2023-12-24T15:51:22.692+0000] {logging_mixin.py:188} INFO - hamza
[2023-12-24T15:51:22.693+0000] {logging_mixin.py:188} INFO - hamza
[2023-12-24T15:51:22.694+0000] {logging_mixin.py:188} INFO - hamza
[2023-12-24T15:51:22.695+0000] {logging_mixin.py:188} INFO - hamza
[2023-12-24T15:51:22.696+0000] {logging_mixin.py:188} INFO - hamza
[2023-12-24T15:51:22.697+0000] {logging_mixin.py:188} INFO - hamza
[2023-12-24T15:51:22.699+0000] {logging_mixin.py:188} INFO - hamza
[2023-12-24T15:51:22.700+0000] {logging_mixin.py:188} INFO - hamza
[2023-12-24T15:51:22.701+0000] {logging_mixin.py:188} INFO - hamza
[2023-12-24T15:51:22.702+0000] {logging_mixin.py:188} INFO - hamza
[2023-12-24T15:51:22.703+0000] {logging_mixin.py:188} INFO - hamza
[2023-12-24T15:51:22.704+0000] {logging_mixin.py:188} INFO - hamza
[2023-12-24T15:51:22.706+0000] {logging_mixin.py:188} INFO - hamza
[2023-12-24T15:51:22.707+0000] {logging_mixin.py:188} INFO - hamza
[2023-12-24T15:51:22.708+0000] {logging_mixin.py:188} INFO - hamza
[2023-12-24T15:51:22.709+0000] {logging_mixin.py:188} INFO - hamza
[2023-12-24T15:51:22.710+0000] {logging_mixin.py:188} INFO - hamza
[2023-12-24T15:51:22.712+0000] {logging_mixin.py:188} INFO - hamza
[2023-12-24T15:51:22.713+0000] {logging_mixin.py:188} INFO - hamza
[2023-12-24T15:51:22.714+0000] {logging_mixin.py:188} INFO - hamza
[2023-12-24T15:51:22.715+0000] {logging_mixin.py:188} INFO - hamza
[2023-12-24T15:51:22.716+0000] {logging_mixin.py:188} INFO - hamza
[2023-12-24T15:51:22.718+0000] {logging_mixin.py:188} INFO - hamza
[2023-12-24T15:51:22.719+0000] {logging_mixin.py:188} INFO - hamza
[2023-12-24T15:51:22.720+0000] {logging_mixin.py:188} INFO - hamza
[2023-12-24T15:51:22.721+0000] {logging_mixin.py:188} INFO - hamza
[2023-12-24T15:51:22.722+0000] {logging_mixin.py:188} INFO - hamza
[2023-12-24T15:51:22.723+0000] {logging_mixin.py:188} INFO - hamza
[2023-12-24T15:51:22.724+0000] {logging_mixin.py:188} INFO - hamza
[2023-12-24T15:51:22.725+0000] {logging_mixin.py:188} INFO - hamza
[2023-12-24T15:51:22.727+0000] {logging_mixin.py:188} INFO - hamza
[2023-12-24T15:51:22.728+0000] {logging_mixin.py:188} INFO - hamza
[2023-12-24T15:51:22.729+0000] {logging_mixin.py:188} INFO - hamza
[2023-12-24T15:51:22.730+0000] {logging_mixin.py:188} INFO - hamza
[2023-12-24T15:51:22.731+0000] {logging_mixin.py:188} INFO - hamza
[2023-12-24T15:51:22.732+0000] {logging_mixin.py:188} INFO - hamza
[2023-12-24T15:51:22.733+0000] {logging_mixin.py:188} INFO - hamza
[2023-12-24T15:51:22.734+0000] {logging_mixin.py:188} INFO - hamza
[2023-12-24T15:51:22.736+0000] {logging_mixin.py:188} INFO - hamza
[2023-12-24T15:51:22.737+0000] {logging_mixin.py:188} INFO - hamza
[2023-12-24T15:51:22.738+0000] {logging_mixin.py:188} INFO - hamza
[2023-12-24T15:51:22.739+0000] {logging_mixin.py:188} INFO - hamza
[2023-12-24T15:51:22.740+0000] {logging_mixin.py:188} INFO - hamza
[2023-12-24T15:51:22.741+0000] {logging_mixin.py:188} INFO - hamza
[2023-12-24T15:51:22.742+0000] {logging_mixin.py:188} INFO - hamza
[2023-12-24T15:51:22.743+0000] {logging_mixin.py:188} INFO - hamza
[2023-12-24T15:51:22.744+0000] {logging_mixin.py:188} INFO - hamza
[2023-12-24T15:51:22.745+0000] {python.py:201} INFO - Done. Returned value was: None
[2023-12-24T15:51:22.749+0000] {taskinstance.py:1138} INFO - Marking task as SUCCESS. dag_id=batch, task_id=print_date, execution_date=20231223T000000, start_date=20231224T155121, end_date=20231224T155122
[2023-12-24T15:51:22.794+0000] {local_task_job_runner.py:234} INFO - Task exited with return code 0
[2023-12-24T15:51:22.803+0000] {taskinstance.py:3281} INFO - 0 downstream tasks scheduled from follow-on schedule check
[2023-12-24T17:03:05.080+0000] {taskinstance.py:1957} INFO - Dependencies all met for dep_context=non-requeueable deps ti=<TaskInstance: batch.print_date scheduled__2023-12-23T00:00:00+00:00 [queued]>
[2023-12-24T17:03:05.087+0000] {taskinstance.py:1957} INFO - Dependencies all met for dep_context=requeueable deps ti=<TaskInstance: batch.print_date scheduled__2023-12-23T00:00:00+00:00 [queued]>
[2023-12-24T17:03:05.087+0000] {taskinstance.py:2171} INFO - Starting attempt 1 of 2
[2023-12-24T17:03:05.104+0000] {taskinstance.py:2192} INFO - Executing <Task(PythonOperator): print_date> on 2023-12-23 00:00:00+00:00
[2023-12-24T17:03:05.109+0000] {standard_task_runner.py:60} INFO - Started process 136 to run task
[2023-12-24T17:03:05.115+0000] {standard_task_runner.py:87} INFO - Running: ['airflow', 'tasks', 'run', 'batch', 'print_date', 'scheduled__2023-12-23T00:00:00+00:00', '--job-id', '4', '--raw', '--subdir', 'DAGS_FOLDER/batchlayer.py', '--cfg-path', '/tmp/tmp0qicuvu1']
[2023-12-24T17:03:05.119+0000] {standard_task_runner.py:88} INFO - Job 4: Subtask print_date
[2023-12-24T17:03:05.201+0000] {task_command.py:423} INFO - Running <TaskInstance: batch.print_date scheduled__2023-12-23T00:00:00+00:00 [running]> on host 1e3b18e1227a
[2023-12-24T17:03:05.632+0000] {taskinstance.py:2481} INFO - Exporting env vars: AIRFLOW_CTX_DAG_EMAIL='airflow@example.com' AIRFLOW_CTX_DAG_OWNER='airflow' AIRFLOW_CTX_DAG_ID='batch' AIRFLOW_CTX_TASK_ID='print_date' AIRFLOW_CTX_EXECUTION_DATE='2023-12-23T00:00:00+00:00' AIRFLOW_CTX_TRY_NUMBER='1' AIRFLOW_CTX_DAG_RUN_ID='scheduled__2023-12-23T00:00:00+00:00'
[2023-12-24T17:03:05.648+0000] {logging_mixin.py:188} INFO - hamza
[2023-12-24T17:03:06.652+0000] {logging_mixin.py:188} INFO - hamza
[2023-12-24T17:03:06.654+0000] {logging_mixin.py:188} INFO - hamza
[2023-12-24T17:03:06.656+0000] {logging_mixin.py:188} INFO - hamza
[2023-12-24T17:03:06.657+0000] {logging_mixin.py:188} INFO - hamza
[2023-12-24T17:03:06.659+0000] {logging_mixin.py:188} INFO - hamza
[2023-12-24T17:03:06.660+0000] {logging_mixin.py:188} INFO - hamza
[2023-12-24T17:03:06.663+0000] {logging_mixin.py:188} INFO - hamza
[2023-12-24T17:03:06.664+0000] {logging_mixin.py:188} INFO - hamza
[2023-12-24T17:03:06.666+0000] {logging_mixin.py:188} INFO - hamza
[2023-12-24T17:03:06.669+0000] {logging_mixin.py:188} INFO - hamza
[2023-12-24T17:03:06.671+0000] {logging_mixin.py:188} INFO - hamza
[2023-12-24T17:03:06.673+0000] {logging_mixin.py:188} INFO - hamza
[2023-12-24T17:03:06.675+0000] {logging_mixin.py:188} INFO - hamza
[2023-12-24T17:03:06.677+0000] {logging_mixin.py:188} INFO - hamza
[2023-12-24T17:03:06.679+0000] {logging_mixin.py:188} INFO - hamza
[2023-12-24T17:03:06.680+0000] {logging_mixin.py:188} INFO - hamza
[2023-12-24T17:03:06.682+0000] {logging_mixin.py:188} INFO - hamza
[2023-12-24T17:03:06.684+0000] {logging_mixin.py:188} INFO - hamza
[2023-12-24T17:03:06.685+0000] {logging_mixin.py:188} INFO - hamza
[2023-12-24T17:03:06.687+0000] {logging_mixin.py:188} INFO - hamza
[2023-12-24T17:03:06.688+0000] {logging_mixin.py:188} INFO - hamza
[2023-12-24T17:03:06.690+0000] {logging_mixin.py:188} INFO - hamza
[2023-12-24T17:03:06.691+0000] {logging_mixin.py:188} INFO - hamza
[2023-12-24T17:03:06.693+0000] {logging_mixin.py:188} INFO - hamza
[2023-12-24T17:03:06.695+0000] {logging_mixin.py:188} INFO - hamza
[2023-12-24T17:03:06.697+0000] {logging_mixin.py:188} INFO - hamza
[2023-12-24T17:03:06.702+0000] {logging_mixin.py:188} INFO - hamza
[2023-12-24T17:03:06.705+0000] {logging_mixin.py:188} INFO - hamza
[2023-12-24T17:03:06.706+0000] {logging_mixin.py:188} INFO - hamza
[2023-12-24T17:03:06.708+0000] {logging_mixin.py:188} INFO - hamza
[2023-12-24T17:03:06.709+0000] {logging_mixin.py:188} INFO - hamza
[2023-12-24T17:03:06.710+0000] {logging_mixin.py:188} INFO - hamza
[2023-12-24T17:03:06.712+0000] {logging_mixin.py:188} INFO - hamza
[2023-12-24T17:03:06.713+0000] {logging_mixin.py:188} INFO - hamza
[2023-12-24T17:03:06.714+0000] {logging_mixin.py:188} INFO - hamza
[2023-12-24T17:03:06.719+0000] {logging_mixin.py:188} INFO - hamza
[2023-12-24T17:03:06.725+0000] {logging_mixin.py:188} INFO - hamza
[2023-12-24T17:03:06.728+0000] {logging_mixin.py:188} INFO - hamza
[2023-12-24T17:03:06.732+0000] {logging_mixin.py:188} INFO - hamza
[2023-12-24T17:03:06.734+0000] {logging_mixin.py:188} INFO - hamza
[2023-12-24T17:03:06.739+0000] {logging_mixin.py:188} INFO - hamza
[2023-12-24T17:03:06.742+0000] {logging_mixin.py:188} INFO - hamza
[2023-12-24T17:03:06.744+0000] {logging_mixin.py:188} INFO - hamza
[2023-12-24T17:03:06.746+0000] {logging_mixin.py:188} INFO - hamza
[2023-12-24T17:03:06.748+0000] {logging_mixin.py:188} INFO - hamza
[2023-12-24T17:03:06.750+0000] {logging_mixin.py:188} INFO - hamza
[2023-12-24T17:03:06.752+0000] {logging_mixin.py:188} INFO - hamza
[2023-12-24T17:03:06.756+0000] {logging_mixin.py:188} INFO - hamza
[2023-12-24T17:03:06.758+0000] {logging_mixin.py:188} INFO - hamza
[2023-12-24T17:03:06.760+0000] {logging_mixin.py:188} INFO - hamza
[2023-12-24T17:03:06.763+0000] {logging_mixin.py:188} INFO - hamza
[2023-12-24T17:03:06.764+0000] {logging_mixin.py:188} INFO - hamza
[2023-12-24T17:03:06.766+0000] {logging_mixin.py:188} INFO - hamza
[2023-12-24T17:03:06.768+0000] {logging_mixin.py:188} INFO - hamza
[2023-12-24T17:03:06.771+0000] {logging_mixin.py:188} INFO - hamza
[2023-12-24T17:03:06.773+0000] {logging_mixin.py:188} INFO - hamza
[2023-12-24T17:03:06.775+0000] {logging_mixin.py:188} INFO - hamza
[2023-12-24T17:03:06.777+0000] {logging_mixin.py:188} INFO - hamza
[2023-12-24T17:03:06.778+0000] {logging_mixin.py:188} INFO - hamza
[2023-12-24T17:03:06.780+0000] {logging_mixin.py:188} INFO - hamza
[2023-12-24T17:03:06.782+0000] {logging_mixin.py:188} INFO - hamza
[2023-12-24T17:03:06.784+0000] {logging_mixin.py:188} INFO - hamza
[2023-12-24T17:03:06.786+0000] {logging_mixin.py:188} INFO - hamza
[2023-12-24T17:03:06.789+0000] {logging_mixin.py:188} INFO - hamza
[2023-12-24T17:03:06.791+0000] {logging_mixin.py:188} INFO - hamza
[2023-12-24T17:03:06.793+0000] {logging_mixin.py:188} INFO - hamza
[2023-12-24T17:03:06.794+0000] {logging_mixin.py:188} INFO - hamza
[2023-12-24T17:03:06.796+0000] {logging_mixin.py:188} INFO - hamza
[2023-12-24T17:03:06.798+0000] {logging_mixin.py:188} INFO - hamza
[2023-12-24T17:03:06.800+0000] {logging_mixin.py:188} INFO - hamza
[2023-12-24T17:03:06.802+0000] {logging_mixin.py:188} INFO - hamza
[2023-12-24T17:03:06.804+0000] {logging_mixin.py:188} INFO - hamza
[2023-12-24T17:03:06.806+0000] {logging_mixin.py:188} INFO - hamza
[2023-12-24T17:03:06.807+0000] {logging_mixin.py:188} INFO - hamza
[2023-12-24T17:03:06.809+0000] {logging_mixin.py:188} INFO - hamza
[2023-12-24T17:03:06.810+0000] {logging_mixin.py:188} INFO - hamza
[2023-12-24T17:03:06.812+0000] {logging_mixin.py:188} INFO - hamza
[2023-12-24T17:03:06.814+0000] {logging_mixin.py:188} INFO - hamza
[2023-12-24T17:03:06.815+0000] {logging_mixin.py:188} INFO - hamza
[2023-12-24T17:03:06.817+0000] {logging_mixin.py:188} INFO - hamza
[2023-12-24T17:03:06.819+0000] {logging_mixin.py:188} INFO - hamza
[2023-12-24T17:03:06.821+0000] {logging_mixin.py:188} INFO - hamza
[2023-12-24T17:03:06.823+0000] {logging_mixin.py:188} INFO - hamza
[2023-12-24T17:03:06.825+0000] {logging_mixin.py:188} INFO - hamza
[2023-12-24T17:03:06.827+0000] {logging_mixin.py:188} INFO - hamza
[2023-12-24T17:03:06.828+0000] {logging_mixin.py:188} INFO - hamza
[2023-12-24T17:03:06.831+0000] {logging_mixin.py:188} INFO - hamza
[2023-12-24T17:03:06.833+0000] {logging_mixin.py:188} INFO - hamza
[2023-12-24T17:03:06.834+0000] {logging_mixin.py:188} INFO - hamza
[2023-12-24T17:03:06.836+0000] {logging_mixin.py:188} INFO - hamza
[2023-12-24T17:03:06.837+0000] {logging_mixin.py:188} INFO - hamza
[2023-12-24T17:03:06.839+0000] {logging_mixin.py:188} INFO - hamza
[2023-12-24T17:03:06.840+0000] {logging_mixin.py:188} INFO - hamza
[2023-12-24T17:03:06.842+0000] {logging_mixin.py:188} INFO - hamza
[2023-12-24T17:03:06.843+0000] {logging_mixin.py:188} INFO - hamza
[2023-12-24T17:03:06.844+0000] {logging_mixin.py:188} INFO - hamza
[2023-12-24T17:03:06.846+0000] {logging_mixin.py:188} INFO - hamza
[2023-12-24T17:03:06.847+0000] {logging_mixin.py:188} INFO - hamza
[2023-12-24T17:03:06.849+0000] {python.py:201} INFO - Done. Returned value was: None
[2023-12-24T17:03:06.854+0000] {taskinstance.py:1138} INFO - Marking task as SUCCESS. dag_id=batch, task_id=print_date, execution_date=20231223T000000, start_date=20231224T170305, end_date=20231224T170306
[2023-12-24T17:03:06.894+0000] {local_task_job_runner.py:234} INFO - Task exited with return code 0
[2023-12-24T17:03:06.903+0000] {taskinstance.py:3281} INFO - 0 downstream tasks scheduled from follow-on schedule check
[2023-12-24T17:48:12.974+0000] {taskinstance.py:1957} INFO - Dependencies all met for dep_context=non-requeueable deps ti=<TaskInstance: batch.print_date scheduled__2023-12-23T00:00:00+00:00 [queued]>
[2023-12-24T17:48:12.979+0000] {taskinstance.py:1957} INFO - Dependencies all met for dep_context=requeueable deps ti=<TaskInstance: batch.print_date scheduled__2023-12-23T00:00:00+00:00 [queued]>
[2023-12-24T17:48:12.979+0000] {taskinstance.py:2171} INFO - Starting attempt 1 of 2
[2023-12-24T17:48:12.992+0000] {taskinstance.py:2192} INFO - Executing <Task(PythonOperator): print_date> on 2023-12-23 00:00:00+00:00
[2023-12-24T17:48:12.996+0000] {standard_task_runner.py:60} INFO - Started process 136 to run task
[2023-12-24T17:48:12.998+0000] {standard_task_runner.py:87} INFO - Running: ['airflow', 'tasks', 'run', 'batch', 'print_date', 'scheduled__2023-12-23T00:00:00+00:00', '--job-id', '4', '--raw', '--subdir', 'DAGS_FOLDER/batchlayer.py', '--cfg-path', '/tmp/tmpt6lhfm21']
[2023-12-24T17:48:13.000+0000] {standard_task_runner.py:88} INFO - Job 4: Subtask print_date
[2023-12-24T17:48:13.032+0000] {task_command.py:423} INFO - Running <TaskInstance: batch.print_date scheduled__2023-12-23T00:00:00+00:00 [running]> on host 16ee60c2f1f1
[2023-12-24T17:48:13.184+0000] {taskinstance.py:2481} INFO - Exporting env vars: AIRFLOW_CTX_DAG_EMAIL='airflow@example.com' AIRFLOW_CTX_DAG_OWNER='airflow' AIRFLOW_CTX_DAG_ID='batch' AIRFLOW_CTX_TASK_ID='print_date' AIRFLOW_CTX_EXECUTION_DATE='2023-12-23T00:00:00+00:00' AIRFLOW_CTX_TRY_NUMBER='1' AIRFLOW_CTX_DAG_RUN_ID='scheduled__2023-12-23T00:00:00+00:00'
[2023-12-24T17:48:13.188+0000] {logging_mixin.py:188} INFO - hamza
[2023-12-24T17:48:14.193+0000] {logging_mixin.py:188} INFO - hamza
[2023-12-24T17:48:14.195+0000] {logging_mixin.py:188} INFO - hamza
[2023-12-24T17:48:14.197+0000] {logging_mixin.py:188} INFO - hamza
[2023-12-24T17:48:14.198+0000] {logging_mixin.py:188} INFO - hamza
[2023-12-24T17:48:14.199+0000] {logging_mixin.py:188} INFO - hamza
[2023-12-24T17:48:14.200+0000] {logging_mixin.py:188} INFO - hamza
[2023-12-24T17:48:14.201+0000] {logging_mixin.py:188} INFO - hamza
[2023-12-24T17:48:14.202+0000] {logging_mixin.py:188} INFO - hamza
[2023-12-24T17:48:14.203+0000] {logging_mixin.py:188} INFO - hamza
[2023-12-24T17:48:14.205+0000] {logging_mixin.py:188} INFO - hamza
[2023-12-24T17:48:14.206+0000] {logging_mixin.py:188} INFO - hamza
[2023-12-24T17:48:14.207+0000] {logging_mixin.py:188} INFO - hamza
[2023-12-24T17:48:14.209+0000] {logging_mixin.py:188} INFO - hamza
[2023-12-24T17:48:14.211+0000] {logging_mixin.py:188} INFO - hamza
[2023-12-24T17:48:14.212+0000] {logging_mixin.py:188} INFO - hamza
[2023-12-24T17:48:14.213+0000] {logging_mixin.py:188} INFO - hamza
[2023-12-24T17:48:14.214+0000] {logging_mixin.py:188} INFO - hamza
[2023-12-24T17:48:14.215+0000] {logging_mixin.py:188} INFO - hamza
[2023-12-24T17:48:14.216+0000] {logging_mixin.py:188} INFO - hamza
[2023-12-24T17:48:14.217+0000] {logging_mixin.py:188} INFO - hamza
[2023-12-24T17:48:14.218+0000] {logging_mixin.py:188} INFO - hamza
[2023-12-24T17:48:14.219+0000] {logging_mixin.py:188} INFO - hamza
[2023-12-24T17:48:14.220+0000] {logging_mixin.py:188} INFO - hamza
[2023-12-24T17:48:14.221+0000] {logging_mixin.py:188} INFO - hamza
[2023-12-24T17:48:14.222+0000] {logging_mixin.py:188} INFO - hamza
[2023-12-24T17:48:14.223+0000] {logging_mixin.py:188} INFO - hamza
[2023-12-24T17:48:14.224+0000] {logging_mixin.py:188} INFO - hamza
[2023-12-24T17:48:14.225+0000] {logging_mixin.py:188} INFO - hamza
[2023-12-24T17:48:14.226+0000] {logging_mixin.py:188} INFO - hamza
[2023-12-24T17:48:14.227+0000] {logging_mixin.py:188} INFO - hamza
[2023-12-24T17:48:14.228+0000] {logging_mixin.py:188} INFO - hamza
[2023-12-24T17:48:14.229+0000] {logging_mixin.py:188} INFO - hamza
[2023-12-24T17:48:14.230+0000] {logging_mixin.py:188} INFO - hamza
[2023-12-24T17:48:14.231+0000] {logging_mixin.py:188} INFO - hamza
[2023-12-24T17:48:14.232+0000] {logging_mixin.py:188} INFO - hamza
[2023-12-24T17:48:14.233+0000] {logging_mixin.py:188} INFO - hamza
[2023-12-24T17:48:14.234+0000] {logging_mixin.py:188} INFO - hamza
[2023-12-24T17:48:14.235+0000] {logging_mixin.py:188} INFO - hamza
[2023-12-24T17:48:14.236+0000] {logging_mixin.py:188} INFO - hamza
[2023-12-24T17:48:14.237+0000] {logging_mixin.py:188} INFO - hamza
[2023-12-24T17:48:14.238+0000] {logging_mixin.py:188} INFO - hamza
[2023-12-24T17:48:14.239+0000] {logging_mixin.py:188} INFO - hamza
[2023-12-24T17:48:14.241+0000] {logging_mixin.py:188} INFO - hamza
[2023-12-24T17:48:14.242+0000] {logging_mixin.py:188} INFO - hamza
[2023-12-24T17:48:14.243+0000] {logging_mixin.py:188} INFO - hamza
[2023-12-24T17:48:14.244+0000] {logging_mixin.py:188} INFO - hamza
[2023-12-24T17:48:14.245+0000] {logging_mixin.py:188} INFO - hamza
[2023-12-24T17:48:14.246+0000] {logging_mixin.py:188} INFO - hamza
[2023-12-24T17:48:14.247+0000] {logging_mixin.py:188} INFO - hamza
[2023-12-24T17:48:14.248+0000] {logging_mixin.py:188} INFO - hamza
[2023-12-24T17:48:14.249+0000] {logging_mixin.py:188} INFO - hamza
[2023-12-24T17:48:14.250+0000] {logging_mixin.py:188} INFO - hamza
[2023-12-24T17:48:14.251+0000] {logging_mixin.py:188} INFO - hamza
[2023-12-24T17:48:14.252+0000] {logging_mixin.py:188} INFO - hamza
[2023-12-24T17:48:14.253+0000] {logging_mixin.py:188} INFO - hamza
[2023-12-24T17:48:14.254+0000] {logging_mixin.py:188} INFO - hamza
[2023-12-24T17:48:14.255+0000] {logging_mixin.py:188} INFO - hamza
[2023-12-24T17:48:14.256+0000] {logging_mixin.py:188} INFO - hamza
[2023-12-24T17:48:14.257+0000] {logging_mixin.py:188} INFO - hamza
[2023-12-24T17:48:14.258+0000] {logging_mixin.py:188} INFO - hamza
[2023-12-24T17:48:14.259+0000] {logging_mixin.py:188} INFO - hamza
[2023-12-24T17:48:14.260+0000] {logging_mixin.py:188} INFO - hamza
[2023-12-24T17:48:14.261+0000] {logging_mixin.py:188} INFO - hamza
[2023-12-24T17:48:14.262+0000] {logging_mixin.py:188} INFO - hamza
[2023-12-24T17:48:14.263+0000] {logging_mixin.py:188} INFO - hamza
[2023-12-24T17:48:14.264+0000] {logging_mixin.py:188} INFO - hamza
[2023-12-24T17:48:14.265+0000] {logging_mixin.py:188} INFO - hamza
[2023-12-24T17:48:14.266+0000] {logging_mixin.py:188} INFO - hamza
[2023-12-24T17:48:14.266+0000] {logging_mixin.py:188} INFO - hamza
[2023-12-24T17:48:14.267+0000] {logging_mixin.py:188} INFO - hamza
[2023-12-24T17:48:14.268+0000] {logging_mixin.py:188} INFO - hamza
[2023-12-24T17:48:14.269+0000] {logging_mixin.py:188} INFO - hamza
[2023-12-24T17:48:14.270+0000] {logging_mixin.py:188} INFO - hamza
[2023-12-24T17:48:14.271+0000] {logging_mixin.py:188} INFO - hamza
[2023-12-24T17:48:14.272+0000] {logging_mixin.py:188} INFO - hamza
[2023-12-24T17:48:14.273+0000] {logging_mixin.py:188} INFO - hamza
[2023-12-24T17:48:14.274+0000] {logging_mixin.py:188} INFO - hamza
[2023-12-24T17:48:14.275+0000] {logging_mixin.py:188} INFO - hamza
[2023-12-24T17:48:14.276+0000] {logging_mixin.py:188} INFO - hamza
[2023-12-24T17:48:14.277+0000] {logging_mixin.py:188} INFO - hamza
[2023-12-24T17:48:14.278+0000] {logging_mixin.py:188} INFO - hamza
[2023-12-24T17:48:14.279+0000] {logging_mixin.py:188} INFO - hamza
[2023-12-24T17:48:14.280+0000] {logging_mixin.py:188} INFO - hamza
[2023-12-24T17:48:14.281+0000] {logging_mixin.py:188} INFO - hamza
[2023-12-24T17:48:14.282+0000] {logging_mixin.py:188} INFO - hamza
[2023-12-24T17:48:14.283+0000] {logging_mixin.py:188} INFO - hamza
[2023-12-24T17:48:14.284+0000] {logging_mixin.py:188} INFO - hamza
[2023-12-24T17:48:14.285+0000] {logging_mixin.py:188} INFO - hamza
[2023-12-24T17:48:14.286+0000] {logging_mixin.py:188} INFO - hamza
[2023-12-24T17:48:14.287+0000] {logging_mixin.py:188} INFO - hamza
[2023-12-24T17:48:14.288+0000] {logging_mixin.py:188} INFO - hamza
[2023-12-24T17:48:14.289+0000] {logging_mixin.py:188} INFO - hamza
[2023-12-24T17:48:14.290+0000] {logging_mixin.py:188} INFO - hamza
[2023-12-24T17:48:14.291+0000] {logging_mixin.py:188} INFO - hamza
[2023-12-24T17:48:14.292+0000] {logging_mixin.py:188} INFO - hamza
[2023-12-24T17:48:14.293+0000] {logging_mixin.py:188} INFO - hamza
[2023-12-24T17:48:14.294+0000] {logging_mixin.py:188} INFO - hamza
[2023-12-24T17:48:14.295+0000] {logging_mixin.py:188} INFO - hamza
[2023-12-24T17:48:14.297+0000] {python.py:201} INFO - Done. Returned value was: None
[2023-12-24T17:48:14.301+0000] {taskinstance.py:1138} INFO - Marking task as SUCCESS. dag_id=batch, task_id=print_date, execution_date=20231223T000000, start_date=20231224T174812, end_date=20231224T174814
[2023-12-24T17:48:14.336+0000] {local_task_job_runner.py:234} INFO - Task exited with return code 0
[2023-12-24T17:48:14.346+0000] {taskinstance.py:3281} INFO - 0 downstream tasks scheduled from follow-on schedule check
[2023-12-24T18:11:17.983+0000] {taskinstance.py:1957} INFO - Dependencies all met for dep_context=non-requeueable deps ti=<TaskInstance: batch.print_date scheduled__2023-12-23T00:00:00+00:00 [queued]>
[2023-12-24T18:11:17.988+0000] {taskinstance.py:1957} INFO - Dependencies all met for dep_context=requeueable deps ti=<TaskInstance: batch.print_date scheduled__2023-12-23T00:00:00+00:00 [queued]>
[2023-12-24T18:11:17.989+0000] {taskinstance.py:2171} INFO - Starting attempt 1 of 2
[2023-12-24T18:11:18.002+0000] {taskinstance.py:2192} INFO - Executing <Task(PythonOperator): print_date> on 2023-12-23 00:00:00+00:00
[2023-12-24T18:11:18.006+0000] {standard_task_runner.py:60} INFO - Started process 136 to run task
[2023-12-24T18:11:18.008+0000] {standard_task_runner.py:87} INFO - Running: ['airflow', 'tasks', 'run', 'batch', 'print_date', 'scheduled__2023-12-23T00:00:00+00:00', '--job-id', '4', '--raw', '--subdir', 'DAGS_FOLDER/batchlayer.py', '--cfg-path', '/tmp/tmp0u8fcru5']
[2023-12-24T18:11:18.010+0000] {standard_task_runner.py:88} INFO - Job 4: Subtask print_date
[2023-12-24T18:11:18.046+0000] {task_command.py:423} INFO - Running <TaskInstance: batch.print_date scheduled__2023-12-23T00:00:00+00:00 [running]> on host c0475b589502
[2023-12-24T18:11:18.181+0000] {taskinstance.py:2481} INFO - Exporting env vars: AIRFLOW_CTX_DAG_EMAIL='airflow@example.com' AIRFLOW_CTX_DAG_OWNER='airflow' AIRFLOW_CTX_DAG_ID='batch' AIRFLOW_CTX_TASK_ID='print_date' AIRFLOW_CTX_EXECUTION_DATE='2023-12-23T00:00:00+00:00' AIRFLOW_CTX_TRY_NUMBER='1' AIRFLOW_CTX_DAG_RUN_ID='scheduled__2023-12-23T00:00:00+00:00'
[2023-12-24T18:11:18.195+0000] {logging_mixin.py:188} INFO - hamza
[2023-12-24T18:11:19.200+0000] {logging_mixin.py:188} INFO - hamza
[2023-12-24T18:11:19.202+0000] {logging_mixin.py:188} INFO - hamza
[2023-12-24T18:11:19.203+0000] {logging_mixin.py:188} INFO - hamza
[2023-12-24T18:11:19.205+0000] {logging_mixin.py:188} INFO - hamza
[2023-12-24T18:11:19.206+0000] {logging_mixin.py:188} INFO - hamza
[2023-12-24T18:11:19.207+0000] {logging_mixin.py:188} INFO - hamza
[2023-12-24T18:11:19.208+0000] {logging_mixin.py:188} INFO - hamza
[2023-12-24T18:11:19.209+0000] {logging_mixin.py:188} INFO - hamza
[2023-12-24T18:11:19.210+0000] {logging_mixin.py:188} INFO - hamza
[2023-12-24T18:11:19.211+0000] {logging_mixin.py:188} INFO - hamza
[2023-12-24T18:11:19.212+0000] {logging_mixin.py:188} INFO - hamza
[2023-12-24T18:11:19.213+0000] {logging_mixin.py:188} INFO - hamza
[2023-12-24T18:11:19.214+0000] {logging_mixin.py:188} INFO - hamza
[2023-12-24T18:11:19.215+0000] {logging_mixin.py:188} INFO - hamza
[2023-12-24T18:11:19.216+0000] {logging_mixin.py:188} INFO - hamza
[2023-12-24T18:11:19.218+0000] {logging_mixin.py:188} INFO - hamza
[2023-12-24T18:11:19.219+0000] {logging_mixin.py:188} INFO - hamza
[2023-12-24T18:11:19.220+0000] {logging_mixin.py:188} INFO - hamza
[2023-12-24T18:11:19.221+0000] {logging_mixin.py:188} INFO - hamza
[2023-12-24T18:11:19.222+0000] {logging_mixin.py:188} INFO - hamza
[2023-12-24T18:11:19.223+0000] {logging_mixin.py:188} INFO - hamza
[2023-12-24T18:11:19.224+0000] {logging_mixin.py:188} INFO - hamza
[2023-12-24T18:11:19.225+0000] {logging_mixin.py:188} INFO - hamza
[2023-12-24T18:11:19.226+0000] {logging_mixin.py:188} INFO - hamza
[2023-12-24T18:11:19.227+0000] {logging_mixin.py:188} INFO - hamza
[2023-12-24T18:11:19.228+0000] {logging_mixin.py:188} INFO - hamza
[2023-12-24T18:11:19.229+0000] {logging_mixin.py:188} INFO - hamza
[2023-12-24T18:11:19.230+0000] {logging_mixin.py:188} INFO - hamza
[2023-12-24T18:11:19.230+0000] {logging_mixin.py:188} INFO - hamza
[2023-12-24T18:11:19.232+0000] {logging_mixin.py:188} INFO - hamza
[2023-12-24T18:11:19.232+0000] {logging_mixin.py:188} INFO - hamza
[2023-12-24T18:11:19.233+0000] {logging_mixin.py:188} INFO - hamza
[2023-12-24T18:11:19.234+0000] {logging_mixin.py:188} INFO - hamza
[2023-12-24T18:11:19.235+0000] {logging_mixin.py:188} INFO - hamza
[2023-12-24T18:11:19.236+0000] {logging_mixin.py:188} INFO - hamza
[2023-12-24T18:11:19.237+0000] {logging_mixin.py:188} INFO - hamza
[2023-12-24T18:11:19.238+0000] {logging_mixin.py:188} INFO - hamza
[2023-12-24T18:11:19.239+0000] {logging_mixin.py:188} INFO - hamza
[2023-12-24T18:11:19.240+0000] {logging_mixin.py:188} INFO - hamza
[2023-12-24T18:11:19.241+0000] {logging_mixin.py:188} INFO - hamza
[2023-12-24T18:11:19.243+0000] {logging_mixin.py:188} INFO - hamza
[2023-12-24T18:11:19.244+0000] {logging_mixin.py:188} INFO - hamza
[2023-12-24T18:11:19.245+0000] {logging_mixin.py:188} INFO - hamza
[2023-12-24T18:11:19.246+0000] {logging_mixin.py:188} INFO - hamza
[2023-12-24T18:11:19.247+0000] {logging_mixin.py:188} INFO - hamza
[2023-12-24T18:11:19.249+0000] {logging_mixin.py:188} INFO - hamza
[2023-12-24T18:11:19.250+0000] {logging_mixin.py:188} INFO - hamza
[2023-12-24T18:11:19.251+0000] {logging_mixin.py:188} INFO - hamza
[2023-12-24T18:11:19.252+0000] {logging_mixin.py:188} INFO - hamza
[2023-12-24T18:11:19.253+0000] {logging_mixin.py:188} INFO - hamza
[2023-12-24T18:11:19.254+0000] {logging_mixin.py:188} INFO - hamza
[2023-12-24T18:11:19.255+0000] {logging_mixin.py:188} INFO - hamza
[2023-12-24T18:11:19.256+0000] {logging_mixin.py:188} INFO - hamza
[2023-12-24T18:11:19.257+0000] {logging_mixin.py:188} INFO - hamza
[2023-12-24T18:11:19.258+0000] {logging_mixin.py:188} INFO - hamza
[2023-12-24T18:11:19.259+0000] {logging_mixin.py:188} INFO - hamza
[2023-12-24T18:11:19.260+0000] {logging_mixin.py:188} INFO - hamza
[2023-12-24T18:11:19.261+0000] {logging_mixin.py:188} INFO - hamza
[2023-12-24T18:11:19.262+0000] {logging_mixin.py:188} INFO - hamza
[2023-12-24T18:11:19.262+0000] {logging_mixin.py:188} INFO - hamza
[2023-12-24T18:11:19.263+0000] {logging_mixin.py:188} INFO - hamza
[2023-12-24T18:11:19.264+0000] {logging_mixin.py:188} INFO - hamza
[2023-12-24T18:11:19.265+0000] {logging_mixin.py:188} INFO - hamza
[2023-12-24T18:11:19.266+0000] {logging_mixin.py:188} INFO - hamza
[2023-12-24T18:11:19.267+0000] {logging_mixin.py:188} INFO - hamza
[2023-12-24T18:11:19.268+0000] {logging_mixin.py:188} INFO - hamza
[2023-12-24T18:11:19.269+0000] {logging_mixin.py:188} INFO - hamza
[2023-12-24T18:11:19.270+0000] {logging_mixin.py:188} INFO - hamza
[2023-12-24T18:11:19.271+0000] {logging_mixin.py:188} INFO - hamza
[2023-12-24T18:11:19.272+0000] {logging_mixin.py:188} INFO - hamza
[2023-12-24T18:11:19.273+0000] {logging_mixin.py:188} INFO - hamza
[2023-12-24T18:11:19.274+0000] {logging_mixin.py:188} INFO - hamza
[2023-12-24T18:11:19.275+0000] {logging_mixin.py:188} INFO - hamza
[2023-12-24T18:11:19.276+0000] {logging_mixin.py:188} INFO - hamza
[2023-12-24T18:11:19.277+0000] {logging_mixin.py:188} INFO - hamza
[2023-12-24T18:11:19.278+0000] {logging_mixin.py:188} INFO - hamza
[2023-12-24T18:11:19.279+0000] {logging_mixin.py:188} INFO - hamza
[2023-12-24T18:11:19.280+0000] {logging_mixin.py:188} INFO - hamza
[2023-12-24T18:11:19.281+0000] {logging_mixin.py:188} INFO - hamza
[2023-12-24T18:11:19.282+0000] {logging_mixin.py:188} INFO - hamza
[2023-12-24T18:11:19.283+0000] {logging_mixin.py:188} INFO - hamza
[2023-12-24T18:11:19.283+0000] {logging_mixin.py:188} INFO - hamza
[2023-12-24T18:11:19.284+0000] {logging_mixin.py:188} INFO - hamza
[2023-12-24T18:11:19.285+0000] {logging_mixin.py:188} INFO - hamza
[2023-12-24T18:11:19.286+0000] {logging_mixin.py:188} INFO - hamza
[2023-12-24T18:11:19.287+0000] {logging_mixin.py:188} INFO - hamza
[2023-12-24T18:11:19.288+0000] {logging_mixin.py:188} INFO - hamza
[2023-12-24T18:11:19.289+0000] {logging_mixin.py:188} INFO - hamza
[2023-12-24T18:11:19.290+0000] {logging_mixin.py:188} INFO - hamza
[2023-12-24T18:11:19.291+0000] {logging_mixin.py:188} INFO - hamza
[2023-12-24T18:11:19.292+0000] {logging_mixin.py:188} INFO - hamza
[2023-12-24T18:11:19.293+0000] {logging_mixin.py:188} INFO - hamza
[2023-12-24T18:11:19.294+0000] {logging_mixin.py:188} INFO - hamza
[2023-12-24T18:11:19.295+0000] {logging_mixin.py:188} INFO - hamza
[2023-12-24T18:11:19.296+0000] {logging_mixin.py:188} INFO - hamza
[2023-12-24T18:11:19.297+0000] {logging_mixin.py:188} INFO - hamza
[2023-12-24T18:11:19.298+0000] {logging_mixin.py:188} INFO - hamza
[2023-12-24T18:11:19.299+0000] {logging_mixin.py:188} INFO - hamza
[2023-12-24T18:11:19.300+0000] {python.py:201} INFO - Done. Returned value was: None
[2023-12-24T18:11:19.304+0000] {taskinstance.py:1138} INFO - Marking task as SUCCESS. dag_id=batch, task_id=print_date, execution_date=20231223T000000, start_date=20231224T181117, end_date=20231224T181119
[2023-12-24T18:11:19.345+0000] {local_task_job_runner.py:234} INFO - Task exited with return code 0
[2023-12-24T18:11:19.356+0000] {taskinstance.py:3281} INFO - 0 downstream tasks scheduled from follow-on schedule check
[2023-12-24T19:01:07.112+0000] {taskinstance.py:1957} INFO - Dependencies all met for dep_context=non-requeueable deps ti=<TaskInstance: batch.print_date scheduled__2023-12-23T00:00:00+00:00 [queued]>
[2023-12-24T19:01:07.118+0000] {taskinstance.py:1957} INFO - Dependencies all met for dep_context=requeueable deps ti=<TaskInstance: batch.print_date scheduled__2023-12-23T00:00:00+00:00 [queued]>
[2023-12-24T19:01:07.118+0000] {taskinstance.py:2171} INFO - Starting attempt 1 of 2
[2023-12-24T19:01:07.133+0000] {taskinstance.py:2192} INFO - Executing <Task(PythonOperator): print_date> on 2023-12-23 00:00:00+00:00
[2023-12-24T19:01:07.137+0000] {standard_task_runner.py:60} INFO - Started process 136 to run task
[2023-12-24T19:01:07.140+0000] {standard_task_runner.py:87} INFO - Running: ['airflow', 'tasks', 'run', 'batch', 'print_date', 'scheduled__2023-12-23T00:00:00+00:00', '--job-id', '4', '--raw', '--subdir', 'DAGS_FOLDER/batchlayer.py', '--cfg-path', '/tmp/tmpd6ay5cd3']
[2023-12-24T19:01:07.143+0000] {standard_task_runner.py:88} INFO - Job 4: Subtask print_date
[2023-12-24T19:01:07.185+0000] {task_command.py:423} INFO - Running <TaskInstance: batch.print_date scheduled__2023-12-23T00:00:00+00:00 [running]> on host fffebfb72bbc
[2023-12-24T19:01:07.375+0000] {taskinstance.py:2481} INFO - Exporting env vars: AIRFLOW_CTX_DAG_EMAIL='airflow@example.com' AIRFLOW_CTX_DAG_OWNER='airflow' AIRFLOW_CTX_DAG_ID='batch' AIRFLOW_CTX_TASK_ID='print_date' AIRFLOW_CTX_EXECUTION_DATE='2023-12-23T00:00:00+00:00' AIRFLOW_CTX_TRY_NUMBER='1' AIRFLOW_CTX_DAG_RUN_ID='scheduled__2023-12-23T00:00:00+00:00'
[2023-12-24T19:01:07.382+0000] {logging_mixin.py:188} INFO - hamza
[2023-12-24T19:01:08.387+0000] {logging_mixin.py:188} INFO - hamza
[2023-12-24T19:01:08.389+0000] {logging_mixin.py:188} INFO - hamza
[2023-12-24T19:01:08.391+0000] {logging_mixin.py:188} INFO - hamza
[2023-12-24T19:01:08.392+0000] {logging_mixin.py:188} INFO - hamza
[2023-12-24T19:01:08.394+0000] {logging_mixin.py:188} INFO - hamza
[2023-12-24T19:01:08.395+0000] {logging_mixin.py:188} INFO - hamza
[2023-12-24T19:01:08.396+0000] {logging_mixin.py:188} INFO - hamza
[2023-12-24T19:01:08.397+0000] {logging_mixin.py:188} INFO - hamza
[2023-12-24T19:01:08.398+0000] {logging_mixin.py:188} INFO - hamza
[2023-12-24T19:01:08.400+0000] {logging_mixin.py:188} INFO - hamza
[2023-12-24T19:01:08.401+0000] {logging_mixin.py:188} INFO - hamza
[2023-12-24T19:01:08.402+0000] {logging_mixin.py:188} INFO - hamza
[2023-12-24T19:01:08.403+0000] {logging_mixin.py:188} INFO - hamza
[2023-12-24T19:01:08.404+0000] {logging_mixin.py:188} INFO - hamza
[2023-12-24T19:01:08.405+0000] {logging_mixin.py:188} INFO - hamza
[2023-12-24T19:01:08.406+0000] {logging_mixin.py:188} INFO - hamza
[2023-12-24T19:01:08.407+0000] {logging_mixin.py:188} INFO - hamza
[2023-12-24T19:01:08.408+0000] {logging_mixin.py:188} INFO - hamza
[2023-12-24T19:01:08.409+0000] {logging_mixin.py:188} INFO - hamza
[2023-12-24T19:01:08.410+0000] {logging_mixin.py:188} INFO - hamza
[2023-12-24T19:01:08.411+0000] {logging_mixin.py:188} INFO - hamza
[2023-12-24T19:01:08.412+0000] {logging_mixin.py:188} INFO - hamza
[2023-12-24T19:01:08.413+0000] {logging_mixin.py:188} INFO - hamza
[2023-12-24T19:01:08.415+0000] {logging_mixin.py:188} INFO - hamza
[2023-12-24T19:01:08.416+0000] {logging_mixin.py:188} INFO - hamza
[2023-12-24T19:01:08.417+0000] {logging_mixin.py:188} INFO - hamza
[2023-12-24T19:01:08.418+0000] {logging_mixin.py:188} INFO - hamza
[2023-12-24T19:01:08.419+0000] {logging_mixin.py:188} INFO - hamza
[2023-12-24T19:01:08.420+0000] {logging_mixin.py:188} INFO - hamza
[2023-12-24T19:01:08.421+0000] {logging_mixin.py:188} INFO - hamza
[2023-12-24T19:01:08.422+0000] {logging_mixin.py:188} INFO - hamza
[2023-12-24T19:01:08.423+0000] {logging_mixin.py:188} INFO - hamza
[2023-12-24T19:01:08.424+0000] {logging_mixin.py:188} INFO - hamza
[2023-12-24T19:01:08.425+0000] {logging_mixin.py:188} INFO - hamza
[2023-12-24T19:01:08.426+0000] {logging_mixin.py:188} INFO - hamza
[2023-12-24T19:01:08.427+0000] {logging_mixin.py:188} INFO - hamza
[2023-12-24T19:01:08.428+0000] {logging_mixin.py:188} INFO - hamza
[2023-12-24T19:01:08.429+0000] {logging_mixin.py:188} INFO - hamza
[2023-12-24T19:01:08.430+0000] {logging_mixin.py:188} INFO - hamza
[2023-12-24T19:01:08.431+0000] {logging_mixin.py:188} INFO - hamza
[2023-12-24T19:01:08.432+0000] {logging_mixin.py:188} INFO - hamza
[2023-12-24T19:01:08.433+0000] {logging_mixin.py:188} INFO - hamza
[2023-12-24T19:01:08.434+0000] {logging_mixin.py:188} INFO - hamza
[2023-12-24T19:01:08.435+0000] {logging_mixin.py:188} INFO - hamza
[2023-12-24T19:01:08.437+0000] {logging_mixin.py:188} INFO - hamza
[2023-12-24T19:01:08.438+0000] {logging_mixin.py:188} INFO - hamza
[2023-12-24T19:01:08.439+0000] {logging_mixin.py:188} INFO - hamza
[2023-12-24T19:01:08.441+0000] {logging_mixin.py:188} INFO - hamza
[2023-12-24T19:01:08.442+0000] {logging_mixin.py:188} INFO - hamza
[2023-12-24T19:01:08.443+0000] {logging_mixin.py:188} INFO - hamza
[2023-12-24T19:01:08.444+0000] {logging_mixin.py:188} INFO - hamza
[2023-12-24T19:01:08.445+0000] {logging_mixin.py:188} INFO - hamza
[2023-12-24T19:01:08.446+0000] {logging_mixin.py:188} INFO - hamza
[2023-12-24T19:01:08.447+0000] {logging_mixin.py:188} INFO - hamza
[2023-12-24T19:01:08.448+0000] {logging_mixin.py:188} INFO - hamza
[2023-12-24T19:01:08.449+0000] {logging_mixin.py:188} INFO - hamza
[2023-12-24T19:01:08.450+0000] {logging_mixin.py:188} INFO - hamza
[2023-12-24T19:01:08.451+0000] {logging_mixin.py:188} INFO - hamza
[2023-12-24T19:01:08.452+0000] {logging_mixin.py:188} INFO - hamza
[2023-12-24T19:01:08.453+0000] {logging_mixin.py:188} INFO - hamza
[2023-12-24T19:01:08.454+0000] {logging_mixin.py:188} INFO - hamza
[2023-12-24T19:01:08.455+0000] {logging_mixin.py:188} INFO - hamza
[2023-12-24T19:01:08.456+0000] {logging_mixin.py:188} INFO - hamza
[2023-12-24T19:01:08.457+0000] {logging_mixin.py:188} INFO - hamza
[2023-12-24T19:01:08.458+0000] {logging_mixin.py:188} INFO - hamza
[2023-12-24T19:01:08.459+0000] {logging_mixin.py:188} INFO - hamza
[2023-12-24T19:01:08.460+0000] {logging_mixin.py:188} INFO - hamza
[2023-12-24T19:01:08.461+0000] {logging_mixin.py:188} INFO - hamza
[2023-12-24T19:01:08.462+0000] {logging_mixin.py:188} INFO - hamza
[2023-12-24T19:01:08.463+0000] {logging_mixin.py:188} INFO - hamza
[2023-12-24T19:01:08.464+0000] {logging_mixin.py:188} INFO - hamza
[2023-12-24T19:01:08.465+0000] {logging_mixin.py:188} INFO - hamza
[2023-12-24T19:01:08.465+0000] {logging_mixin.py:188} INFO - hamza
[2023-12-24T19:01:08.466+0000] {logging_mixin.py:188} INFO - hamza
[2023-12-24T19:01:08.467+0000] {logging_mixin.py:188} INFO - hamza
[2023-12-24T19:01:08.468+0000] {logging_mixin.py:188} INFO - hamza
[2023-12-24T19:01:08.470+0000] {logging_mixin.py:188} INFO - hamza
[2023-12-24T19:01:08.471+0000] {logging_mixin.py:188} INFO - hamza
[2023-12-24T19:01:08.472+0000] {logging_mixin.py:188} INFO - hamza
[2023-12-24T19:01:08.473+0000] {logging_mixin.py:188} INFO - hamza
[2023-12-24T19:01:08.475+0000] {logging_mixin.py:188} INFO - hamza
[2023-12-24T19:01:08.476+0000] {logging_mixin.py:188} INFO - hamza
[2023-12-24T19:01:08.477+0000] {logging_mixin.py:188} INFO - hamza
[2023-12-24T19:01:08.479+0000] {logging_mixin.py:188} INFO - hamza
[2023-12-24T19:01:08.480+0000] {logging_mixin.py:188} INFO - hamza
[2023-12-24T19:01:08.481+0000] {logging_mixin.py:188} INFO - hamza
[2023-12-24T19:01:08.482+0000] {logging_mixin.py:188} INFO - hamza
[2023-12-24T19:01:08.483+0000] {logging_mixin.py:188} INFO - hamza
[2023-12-24T19:01:08.484+0000] {logging_mixin.py:188} INFO - hamza
[2023-12-24T19:01:08.485+0000] {logging_mixin.py:188} INFO - hamza
[2023-12-24T19:01:08.487+0000] {logging_mixin.py:188} INFO - hamza
[2023-12-24T19:01:08.488+0000] {logging_mixin.py:188} INFO - hamza
[2023-12-24T19:01:08.489+0000] {logging_mixin.py:188} INFO - hamza
[2023-12-24T19:01:08.490+0000] {logging_mixin.py:188} INFO - hamza
[2023-12-24T19:01:08.492+0000] {logging_mixin.py:188} INFO - hamza
[2023-12-24T19:01:08.493+0000] {logging_mixin.py:188} INFO - hamza
[2023-12-24T19:01:08.494+0000] {logging_mixin.py:188} INFO - hamza
[2023-12-24T19:01:08.496+0000] {logging_mixin.py:188} INFO - hamza
[2023-12-24T19:01:08.497+0000] {python.py:201} INFO - Done. Returned value was: None
[2023-12-24T19:01:08.502+0000] {taskinstance.py:1138} INFO - Marking task as SUCCESS. dag_id=batch, task_id=print_date, execution_date=20231223T000000, start_date=20231224T190107, end_date=20231224T190108
[2023-12-24T19:01:08.518+0000] {local_task_job_runner.py:234} INFO - Task exited with return code 0
[2023-12-24T19:01:08.529+0000] {taskinstance.py:3281} INFO - 0 downstream tasks scheduled from follow-on schedule check
[2023-12-24T19:06:06.052+0000] {taskinstance.py:1957} INFO - Dependencies all met for dep_context=non-requeueable deps ti=<TaskInstance: batch.print_date scheduled__2023-12-23T00:00:00+00:00 [queued]>
[2023-12-24T19:06:06.058+0000] {taskinstance.py:1957} INFO - Dependencies all met for dep_context=requeueable deps ti=<TaskInstance: batch.print_date scheduled__2023-12-23T00:00:00+00:00 [queued]>
[2023-12-24T19:06:06.058+0000] {taskinstance.py:2171} INFO - Starting attempt 1 of 2
[2023-12-24T19:06:06.073+0000] {taskinstance.py:2192} INFO - Executing <Task(PythonOperator): print_date> on 2023-12-23 00:00:00+00:00
[2023-12-24T19:06:06.078+0000] {standard_task_runner.py:60} INFO - Started process 136 to run task
[2023-12-24T19:06:06.081+0000] {standard_task_runner.py:87} INFO - Running: ['airflow', 'tasks', 'run', 'batch', 'print_date', 'scheduled__2023-12-23T00:00:00+00:00', '--job-id', '4', '--raw', '--subdir', 'DAGS_FOLDER/batchlayer.py', '--cfg-path', '/tmp/tmp0qer09vq']
[2023-12-24T19:06:06.083+0000] {standard_task_runner.py:88} INFO - Job 4: Subtask print_date
[2023-12-24T19:06:06.122+0000] {task_command.py:423} INFO - Running <TaskInstance: batch.print_date scheduled__2023-12-23T00:00:00+00:00 [running]> on host 465cb068660d
[2023-12-24T19:06:06.289+0000] {taskinstance.py:2481} INFO - Exporting env vars: AIRFLOW_CTX_DAG_EMAIL='airflow@example.com' AIRFLOW_CTX_DAG_OWNER='airflow' AIRFLOW_CTX_DAG_ID='batch' AIRFLOW_CTX_TASK_ID='print_date' AIRFLOW_CTX_EXECUTION_DATE='2023-12-23T00:00:00+00:00' AIRFLOW_CTX_TRY_NUMBER='1' AIRFLOW_CTX_DAG_RUN_ID='scheduled__2023-12-23T00:00:00+00:00'
[2023-12-24T19:06:06.306+0000] {logging_mixin.py:188} INFO - hamza
[2023-12-24T19:06:07.314+0000] {logging_mixin.py:188} INFO - hamza
[2023-12-24T19:06:07.316+0000] {logging_mixin.py:188} INFO - hamza
[2023-12-24T19:06:07.318+0000] {logging_mixin.py:188} INFO - hamza
[2023-12-24T19:06:07.320+0000] {logging_mixin.py:188} INFO - hamza
[2023-12-24T19:06:07.321+0000] {logging_mixin.py:188} INFO - hamza
[2023-12-24T19:06:07.323+0000] {logging_mixin.py:188} INFO - hamza
[2023-12-24T19:06:07.324+0000] {logging_mixin.py:188} INFO - hamza
[2023-12-24T19:06:07.325+0000] {logging_mixin.py:188} INFO - hamza
[2023-12-24T19:06:07.327+0000] {logging_mixin.py:188} INFO - hamza
[2023-12-24T19:06:07.337+0000] {logging_mixin.py:188} INFO - hamza
[2023-12-24T19:06:07.339+0000] {logging_mixin.py:188} INFO - hamza
[2023-12-24T19:06:07.341+0000] {logging_mixin.py:188} INFO - hamza
[2023-12-24T19:06:07.343+0000] {logging_mixin.py:188} INFO - hamza
[2023-12-24T19:06:07.345+0000] {logging_mixin.py:188} INFO - hamza
[2023-12-24T19:06:07.346+0000] {logging_mixin.py:188} INFO - hamza
[2023-12-24T19:06:07.348+0000] {logging_mixin.py:188} INFO - hamza
[2023-12-24T19:06:07.349+0000] {logging_mixin.py:188} INFO - hamza
[2023-12-24T19:06:07.351+0000] {logging_mixin.py:188} INFO - hamza
[2023-12-24T19:06:07.353+0000] {logging_mixin.py:188} INFO - hamza
[2023-12-24T19:06:07.354+0000] {logging_mixin.py:188} INFO - hamza
[2023-12-24T19:06:07.356+0000] {logging_mixin.py:188} INFO - hamza
[2023-12-24T19:06:07.358+0000] {logging_mixin.py:188} INFO - hamza
[2023-12-24T19:06:07.359+0000] {logging_mixin.py:188} INFO - hamza
[2023-12-24T19:06:07.361+0000] {logging_mixin.py:188} INFO - hamza
[2023-12-24T19:06:07.362+0000] {logging_mixin.py:188} INFO - hamza
[2023-12-24T19:06:07.364+0000] {logging_mixin.py:188} INFO - hamza
[2023-12-24T19:06:07.366+0000] {logging_mixin.py:188} INFO - hamza
[2023-12-24T19:06:07.368+0000] {logging_mixin.py:188} INFO - hamza
[2023-12-24T19:06:07.369+0000] {logging_mixin.py:188} INFO - hamza
[2023-12-24T19:06:07.371+0000] {logging_mixin.py:188} INFO - hamza
[2023-12-24T19:06:07.373+0000] {logging_mixin.py:188} INFO - hamza
[2023-12-24T19:06:07.374+0000] {logging_mixin.py:188} INFO - hamza
[2023-12-24T19:06:07.376+0000] {logging_mixin.py:188} INFO - hamza
[2023-12-24T19:06:07.378+0000] {logging_mixin.py:188} INFO - hamza
[2023-12-24T19:06:07.380+0000] {logging_mixin.py:188} INFO - hamza
[2023-12-24T19:06:07.381+0000] {logging_mixin.py:188} INFO - hamza
[2023-12-24T19:06:07.383+0000] {logging_mixin.py:188} INFO - hamza
[2023-12-24T19:06:07.385+0000] {logging_mixin.py:188} INFO - hamza
[2023-12-24T19:06:07.386+0000] {logging_mixin.py:188} INFO - hamza
[2023-12-24T19:06:07.388+0000] {logging_mixin.py:188} INFO - hamza
[2023-12-24T19:06:07.389+0000] {logging_mixin.py:188} INFO - hamza
[2023-12-24T19:06:07.390+0000] {logging_mixin.py:188} INFO - hamza
[2023-12-24T19:06:07.392+0000] {logging_mixin.py:188} INFO - hamza
[2023-12-24T19:06:07.393+0000] {logging_mixin.py:188} INFO - hamza
[2023-12-24T19:06:07.394+0000] {logging_mixin.py:188} INFO - hamza
[2023-12-24T19:06:07.396+0000] {logging_mixin.py:188} INFO - hamza
[2023-12-24T19:06:07.398+0000] {logging_mixin.py:188} INFO - hamza
[2023-12-24T19:06:07.400+0000] {logging_mixin.py:188} INFO - hamza
[2023-12-24T19:06:07.401+0000] {logging_mixin.py:188} INFO - hamza
[2023-12-24T19:06:07.403+0000] {logging_mixin.py:188} INFO - hamza
[2023-12-24T19:06:07.405+0000] {logging_mixin.py:188} INFO - hamza
[2023-12-24T19:06:07.406+0000] {logging_mixin.py:188} INFO - hamza
[2023-12-24T19:06:07.408+0000] {logging_mixin.py:188} INFO - hamza
[2023-12-24T19:06:07.410+0000] {logging_mixin.py:188} INFO - hamza
[2023-12-24T19:06:07.411+0000] {logging_mixin.py:188} INFO - hamza
[2023-12-24T19:06:07.413+0000] {logging_mixin.py:188} INFO - hamza
[2023-12-24T19:06:07.415+0000] {logging_mixin.py:188} INFO - hamza
[2023-12-24T19:06:07.416+0000] {logging_mixin.py:188} INFO - hamza
[2023-12-24T19:06:07.418+0000] {logging_mixin.py:188} INFO - hamza
[2023-12-24T19:06:07.420+0000] {logging_mixin.py:188} INFO - hamza
[2023-12-24T19:06:07.422+0000] {logging_mixin.py:188} INFO - hamza
[2023-12-24T19:06:07.423+0000] {logging_mixin.py:188} INFO - hamza
[2023-12-24T19:06:07.425+0000] {logging_mixin.py:188} INFO - hamza
[2023-12-24T19:06:07.427+0000] {logging_mixin.py:188} INFO - hamza
[2023-12-24T19:06:07.429+0000] {logging_mixin.py:188} INFO - hamza
[2023-12-24T19:06:07.431+0000] {logging_mixin.py:188} INFO - hamza
[2023-12-24T19:06:07.433+0000] {logging_mixin.py:188} INFO - hamza
[2023-12-24T19:06:07.435+0000] {logging_mixin.py:188} INFO - hamza
[2023-12-24T19:06:07.437+0000] {logging_mixin.py:188} INFO - hamza
[2023-12-24T19:06:07.439+0000] {logging_mixin.py:188} INFO - hamza
[2023-12-24T19:06:07.442+0000] {logging_mixin.py:188} INFO - hamza
[2023-12-24T19:06:07.446+0000] {logging_mixin.py:188} INFO - hamza
[2023-12-24T19:06:07.449+0000] {logging_mixin.py:188} INFO - hamza
[2023-12-24T19:06:07.451+0000] {logging_mixin.py:188} INFO - hamza
[2023-12-24T19:06:07.453+0000] {logging_mixin.py:188} INFO - hamza
[2023-12-24T19:06:07.456+0000] {logging_mixin.py:188} INFO - hamza
[2023-12-24T19:06:07.459+0000] {logging_mixin.py:188} INFO - hamza
[2023-12-24T19:06:07.461+0000] {logging_mixin.py:188} INFO - hamza
[2023-12-24T19:06:07.463+0000] {logging_mixin.py:188} INFO - hamza
[2023-12-24T19:06:07.465+0000] {logging_mixin.py:188} INFO - hamza
[2023-12-24T19:06:07.467+0000] {logging_mixin.py:188} INFO - hamza
[2023-12-24T19:06:07.469+0000] {logging_mixin.py:188} INFO - hamza
[2023-12-24T19:06:07.470+0000] {logging_mixin.py:188} INFO - hamza
[2023-12-24T19:06:07.472+0000] {logging_mixin.py:188} INFO - hamza
[2023-12-24T19:06:07.474+0000] {logging_mixin.py:188} INFO - hamza
[2023-12-24T19:06:07.476+0000] {logging_mixin.py:188} INFO - hamza
[2023-12-24T19:06:07.478+0000] {logging_mixin.py:188} INFO - hamza
[2023-12-24T19:06:07.479+0000] {logging_mixin.py:188} INFO - hamza
[2023-12-24T19:06:07.481+0000] {logging_mixin.py:188} INFO - hamza
[2023-12-24T19:06:07.483+0000] {logging_mixin.py:188} INFO - hamza
[2023-12-24T19:06:07.485+0000] {logging_mixin.py:188} INFO - hamza
[2023-12-24T19:06:07.487+0000] {logging_mixin.py:188} INFO - hamza
[2023-12-24T19:06:07.488+0000] {logging_mixin.py:188} INFO - hamza
[2023-12-24T19:06:07.491+0000] {logging_mixin.py:188} INFO - hamza
[2023-12-24T19:06:07.493+0000] {logging_mixin.py:188} INFO - hamza
[2023-12-24T19:06:07.494+0000] {logging_mixin.py:188} INFO - hamza
[2023-12-24T19:06:07.496+0000] {logging_mixin.py:188} INFO - hamza
[2023-12-24T19:06:07.498+0000] {logging_mixin.py:188} INFO - hamza
[2023-12-24T19:06:07.500+0000] {python.py:201} INFO - Done. Returned value was: None
[2023-12-24T19:06:07.506+0000] {taskinstance.py:1138} INFO - Marking task as SUCCESS. dag_id=batch, task_id=print_date, execution_date=20231223T000000, start_date=20231224T190606, end_date=20231224T190607
[2023-12-24T19:06:07.539+0000] {local_task_job_runner.py:234} INFO - Task exited with return code 0
[2023-12-24T19:06:07.554+0000] {taskinstance.py:3281} INFO - 0 downstream tasks scheduled from follow-on schedule check
