[2023-12-26T15:26:44.139+0000] {taskinstance.py:1957} INFO - Dependencies all met for dep_context=non-requeueable deps ti=<TaskInstance: batch_layer.consume_data manual__2023-12-26T15:26:40.568080+00:00 [queued]>
[2023-12-26T15:26:44.145+0000] {taskinstance.py:1957} INFO - Dependencies all met for dep_context=requeueable deps ti=<TaskInstance: batch_layer.consume_data manual__2023-12-26T15:26:40.568080+00:00 [queued]>
[2023-12-26T15:26:44.145+0000] {taskinstance.py:2171} INFO - Starting attempt 1 of 2
[2023-12-26T15:26:44.158+0000] {taskinstance.py:2192} INFO - Executing <Task(PythonOperator): consume_data> on 2023-12-26 15:26:40.568080+00:00
[2023-12-26T15:26:44.162+0000] {standard_task_runner.py:60} INFO - Started process 2248 to run task
[2023-12-26T15:26:44.165+0000] {standard_task_runner.py:87} INFO - Running: ['airflow', 'tasks', 'run', 'batch_layer', 'consume_data', 'manual__2023-12-26T15:26:40.568080+00:00', '--job-id', '22', '--raw', '--subdir', 'DAGS_FOLDER/BatchLayerDag.py', '--cfg-path', '/tmp/tmp_lt9n_9h']
[2023-12-26T15:26:44.167+0000] {standard_task_runner.py:88} INFO - Job 22: Subtask consume_data
[2023-12-26T15:26:44.197+0000] {task_command.py:423} INFO - Running <TaskInstance: batch_layer.consume_data manual__2023-12-26T15:26:40.568080+00:00 [running]> on host 21f64a9239d6
[2023-12-26T15:26:44.256+0000] {taskinstance.py:2481} INFO - Exporting env vars: AIRFLOW_CTX_DAG_EMAIL='airflow@example.com' AIRFLOW_CTX_DAG_OWNER='airflow' AIRFLOW_CTX_DAG_ID='batch_layer' AIRFLOW_CTX_TASK_ID='consume_data' AIRFLOW_CTX_EXECUTION_DATE='2023-12-26T15:26:40.568080+00:00' AIRFLOW_CTX_TRY_NUMBER='1' AIRFLOW_CTX_DAG_RUN_ID='manual__2023-12-26T15:26:40.568080+00:00'
[2023-12-26T15:26:44.310+0000] {hive.py:475} INFO - USE `finnhub_db`
[2023-12-26T15:26:44.350+0000] {hive.py:475} INFO - 
        CREATE TABLE IF NOT EXISTS finnhub_table
        ROW FORMAT SERDE 'org.apache.hadoop.hive.serde2.avro.AvroSerDe'
        STORED AS INPUTFORMAT 'org.apache.hadoop.hive.ql.io.avro.AvroContainerInputFormat'
        OUTPUTFORMAT 'org.apache.hadoop.hive.ql.io.avro.AvroContainerOutputFormat'
        TBLPROPERTIES ('avro.schema.literal'='{"type": "record", "name": "TradeRecord", "fields": [{"name": "p", "type": "double"}, {"name": "exchange", "type": "string"}, {"name": "crypto_pair", "type": "string"}, {"name": "t", "type": "long"}, {"name": "v", "type": "double"}]}')
    
[2023-12-26T15:26:44.409+0000] {hive.py:475} INFO - USE `finnhub_db`
[2023-12-26T15:26:44.451+0000] {hive.py:475} INFO - 
        CREATE TABLE IF NOT EXISTS temp_avro_data
        ROW FORMAT SERDE 'org.apache.hadoop.hive.serde2.avro.AvroSerDe'
        STORED AS INPUTFORMAT 'org.apache.hadoop.hive.ql.io.avro.AvroContainerInputFormat'
        OUTPUTFORMAT 'org.apache.hadoop.hive.ql.io.avro.AvroContainerOutputFormat'
        TBLPROPERTIES ('avro.schema.literal'='{"type": "record", "name": "TradeRecord", "fields": [{"name": "p", "type": "double"}, {"name": "exchange", "type": "string"}, {"name": "crypto_pair", "type": "string"}, {"name": "t", "type": "long"}, {"name": "v", "type": "double"}]}')
    
[2023-12-26T15:26:44.462+0000] {logging_mixin.py:188} INFO - [[{'c': None, 'p': 42749.24, 's': 'BINANCE:BTCUSDT', 't': 1703594740771, 'v': 0.05551}, {'c': None, 'p': 42749.24, 's': 'BINANCE:BTCUSDT', 't': 1703594740771, 'v': 0.05105}, {'c': None, 'p': 42749.24, 's': 'BINANCE:BTCUSDT', 't': 1703594740796, 'v': 0.01146}, {'c': None, 'p': 42749.24, 's': 'BINANCE:BTCUSDT', 't': 1703594740818, 'v': 0.00162}, {'c': None, 'p': 42749.24, 's': 'BINANCE:BTCUSDT', 't': 1703594740915, 'v': 0.0003}], [{'c': None, 'p': 2246.26, 's': 'BINANCE:ETHUSDT', 't': 1703594741305, 'v': 0.0119}, {'c': None, 'p': 42749.24, 's': 'BINANCE:BTCUSDT', 't': 1703594741448, 'v': 0.00015}, {'c': None, 'p': 42749.24, 's': 'BINANCE:BTCUSDT', 't': 1703594741461, 'v': 0.01093}, {'c': None, 'p': 42749.24, 's': 'BINANCE:BTCUSDT', 't': 1703594741462, 'v': 0.00572}, {'c': None, 'p': 42749.24, 's': 'BINANCE:BTCUSDT', 't': 1703594741463, 'v': 0.00626}, {'c': None, 'p': 42749.25, 's': 'BINANCE:BTCUSDT', 't': 1703594741468, 'v': 0.00627}, {'c': None, 'p': 42749.24, 's': 'BINANCE:BTCUSDT', 't': 1703594741553, 'v': 0.00028}, {'c': None, 'p': 42749.24, 's': 'BINANCE:BTCUSDT', 't': 1703594742142, 'v': 0.10281}, {'c': None, 'p': 42749.24, 's': 'BINANCE:BTCUSDT', 't': 1703594742142, 'v': 0.00049}, {'c': None, 'p': 42749.24, 's': 'BINANCE:BTCUSDT', 't': 1703594742142, 'v': 0.00049}], [{'c': None, 'p': 42749.24, 's': 'BINANCE:BTCUSDT', 't': 1703594742142, 'v': 0.00048}, {'c': None, 'p': 42749.24, 's': 'BINANCE:BTCUSDT', 't': 1703594742142, 'v': 0.00307}, {'c': None, 'p': 42749.24, 's': 'BINANCE:BTCUSDT', 't': 1703594741648, 'v': 0.01835}, {'c': None, 'p': 2246.26, 's': 'BINANCE:ETHUSDT', 't': 1703594741663, 'v': 0.0343}, {'c': None, 'p': 2246.26, 's': 'BINANCE:ETHUSDT', 't': 1703594741663, 'v': 0.02}, {'c': None, 'p': 2246.26, 's': 'BINANCE:ETHUSDT', 't': 1703594741663, 'v': 0.0572}, {'c': None, 'p': 42749.24, 's': 'BINANCE:BTCUSDT', 't': 1703594741672, 'v': 0.0234}, {'c': None, 'p': 42749.24, 's': 'BINANCE:BTCUSDT', 't': 1703594741697, 'v': 0.04869}, {'c': None, 'p': 42749.24, 's': 'BINANCE:BTCUSDT', 't': 1703594741697, 'v': 0.06123}, {'c': None, 'p': 42749.25, 's': 'BINANCE:BTCUSDT', 't': 1703594741703, 'v': 0.023}], [{'c': None, 'p': 42749.24, 's': 'BINANCE:BTCUSDT', 't': 1703594741719, 'v': 0.10629}, {'c': None, 'p': 42749.24, 's': 'BINANCE:BTCUSDT', 't': 1703594741744, 'v': 0.001}, {'c': None, 'p': 42749.24, 's': 'BINANCE:BTCUSDT', 't': 1703594741744, 'v': 0.11324}, {'c': None, 'p': 42749.24, 's': 'BINANCE:BTCUSDT', 't': 1703594741768, 'v': 0.12795}, {'c': None, 'p': 42749.24, 's': 'BINANCE:BTCUSDT', 't': 1703594741792, 'v': 0.03881}, {'c': None, 'p': 42749.24, 's': 'BINANCE:BTCUSDT', 't': 1703594741792, 'v': 0.00048}, {'c': None, 'p': 42749.24, 's': 'BINANCE:BTCUSDT', 't': 1703594741792, 'v': 0.00048}, {'c': None, 'p': 42749.24, 's': 'BINANCE:BTCUSDT', 't': 1703594741792, 'v': 0.00048}, {'c': None, 'p': 42749.24, 's': 'BINANCE:BTCUSDT', 't': 1703594741792, 'v': 0.07895}, {'c': None, 'p': 42749.24, 's': 'BINANCE:BTCUSDT', 't': 1703594741816, 'v': 0.1247}], [{'c': None, 'p': 2246.26, 's': 'BINANCE:ETHUSDT', 't': 1703594741849, 'v': 0.2225}, {'c': None, 'p': 42749.25, 's': 'BINANCE:BTCUSDT', 't': 1703594741852, 'v': 0.00048}, {'c': None, 'p': 2246.27, 's': 'BINANCE:ETHUSDT', 't': 1703594741880, 'v': 0.1918}, {'c': None, 'p': 2246.27, 's': 'BINANCE:ETHUSDT', 't': 1703594741880, 'v': 2.3221}, {'c': None, 'p': 2246.27, 's': 'BINANCE:ETHUSDT', 't': 1703594741889, 'v': 0.0044}, {'c': None, 'p': 42749.24, 's': 'BINANCE:BTCUSDT', 't': 1703594741925, 'v': 0.00043}, {'c': None, 'p': 42749.24, 's': 'BINANCE:BTCUSDT', 't': 1703594741934, 'v': 0.05409}, {'c': None, 'p': 42749.24, 's': 'BINANCE:BTCUSDT', 't': 1703594741934, 'v': 0.06556}, {'c': None, 'p': 42749.24, 's': 'BINANCE:BTCUSDT', 't': 1703594741944, 'v': 0.04729}, {'c': None, 'p': 42749.24, 's': 'BINANCE:BTCUSDT', 't': 1703594741944, 'v': 0.07359}], [{'c': None, 'p': 42749.24, 's': 'BINANCE:BTCUSDT', 't': 1703594741966, 'v': 0.10649}, {'c': None, 'p': 42749.24, 's': 'BINANCE:BTCUSDT', 't': 1703594741991, 'v': 0.10677}, {'c': None, 'p': 42749.24, 's': 'BINANCE:BTCUSDT', 't': 1703594742017, 'v': 0.10808}, {'c': None, 'p': 42749.24, 's': 'BINANCE:BTCUSDT', 't': 1703594742039, 'v': 0.11934}, {'c': None, 'p': 42749.24, 's': 'BINANCE:BTCUSDT', 't': 1703594742063, 'v': 0.11363}, {'c': None, 'p': 42749.24, 's': 'BINANCE:BTCUSDT', 't': 1703594742063, 'v': 0.00117}, {'c': None, 'p': 42749.24, 's': 'BINANCE:BTCUSDT', 't': 1703594742092, 'v': 0.04883}, {'c': None, 'p': 42749.24, 's': 'BINANCE:BTCUSDT', 't': 1703594742092, 'v': 0.00653}, {'c': None, 'p': 42749.24, 's': 'BINANCE:BTCUSDT', 't': 1703594742092, 'v': 0.00684}, {'c': None, 'p': 42749.24, 's': 'BINANCE:BTCUSDT', 't': 1703594742092, 'v': 0.00034}], [{'c': None, 'p': 42749.24, 's': 'BINANCE:BTCUSDT', 't': 1703594742092, 'v': 0.001}, {'c': None, 'p': 42749.24, 's': 'BINANCE:BTCUSDT', 't': 1703594742092, 'v': 0.05505}, {'c': None, 'p': 42749.24, 's': 'BINANCE:BTCUSDT', 't': 1703594742115, 'v': 0.12214}, {'c': None, 'p': 2246.26, 's': 'BINANCE:ETHUSDT', 't': 1703594742119, 'v': 0.1926}, {'c': None, 'p': 2246.26, 's': 'BINANCE:ETHUSDT', 't': 1703594742119, 'v': 0.0203}, {'c': None, 'p': 2246.26, 's': 'BINANCE:ETHUSDT', 't': 1703594742119, 'v': 0.15}, {'c': None, 'p': 2246.26, 's': 'BINANCE:ETHUSDT', 't': 1703594742119, 'v': 0.1112}, {'c': None, 'p': 2246.26, 's': 'BINANCE:ETHUSDT', 't': 1703594742119, 'v': 0.0244}, {'c': None, 'p': 2246.26, 's': 'BINANCE:ETHUSDT', 't': 1703594742119, 'v': 0.01}, {'c': None, 'p': 2246.26, 's': 'BINANCE:ETHUSDT', 't': 1703594742119, 'v': 0.178}], [{'c': None, 'p': 2246.26, 's': 'BINANCE:ETHUSDT', 't': 1703594742119, 'v': 0.0247}, {'c': None, 'p': 2246.26, 's': 'BINANCE:ETHUSDT', 't': 1703594742119, 'v': 0.0203}, {'c': None, 'p': 2246.26, 's': 'BINANCE:ETHUSDT', 't': 1703594742119, 'v': 0.0203}, {'c': None, 'p': 2246.26, 's': 'BINANCE:ETHUSDT', 't': 1703594742119, 'v': 0.0203}, {'c': None, 'p': 2246.26, 's': 'BINANCE:ETHUSDT', 't': 1703594742119, 'v': 0.0203}, {'c': None, 'p': 2246.26, 's': 'BINANCE:ETHUSDT', 't': 1703594742119, 'v': 0.0203}, {'c': None, 'p': 2246.26, 's': 'BINANCE:ETHUSDT', 't': 1703594742119, 'v': 0.0203}, {'c': None, 'p': 2246.26, 's': 'BINANCE:ETHUSDT', 't': 1703594742119, 'v': 0.0068}, {'c': None, 'p': 42749.24, 's': 'BINANCE:BTCUSDT', 't': 1703594742167, 'v': 0.11364}, {'c': None, 'p': 42749.24, 's': 'BINANCE:BTCUSDT', 't': 1703594742191, 'v': 0.11478}], [{'c': None, 'p': 42749.24, 's': 'BINANCE:BTCUSDT', 't': 1703594742242, 'v': 0.00235}], [{'c': None, 'p': 42749.25, 's': 'BINANCE:BTCUSDT', 't': 1703594742252, 'v': 0.00094}, {'c': None, 'p': 42749.24, 's': 'BINANCE:BTCUSDT', 't': 1703594742265, 'v': 0.01225}, {'c': None, 'p': 42749.24, 's': 'BINANCE:BTCUSDT', 't': 1703594742265, 'v': 0.00019}, {'c': None, 'p': 42749.24, 's': 'BINANCE:BTCUSDT', 't': 1703594742265, 'v': 0.001}, {'c': None, 'p': 42749.24, 's': 'BINANCE:BTCUSDT', 't': 1703594742265, 'v': 0.04374}, {'c': None, 'p': 42749.24, 's': 'BINANCE:BTCUSDT', 't': 1703594742291, 'v': 0.02341}, {'c': None, 'p': 42749.24, 's': 'BINANCE:BTCUSDT', 't': 1703594742517, 'v': 0.00128}, {'c': None, 'p': 42749.25, 's': 'BINANCE:BTCUSDT', 't': 1703594742690, 'v': 0.16457}, {'c': None, 'p': 42749.25, 's': 'BINANCE:BTCUSDT', 't': 1703594742690, 'v': 0.16}, {'c': None, 'p': 42749.25, 's': 'BINANCE:BTCUSDT', 't': 1703594742690, 'v': 1.28}]]
[2023-12-26T15:26:44.463+0000] {hive.py:475} INFO - 
                            INSERT INTO temp_avro_data
                            VALUES (

                                42749.24,
                                'BINANCE',  -- New 'exchange' attribute
                                'BTCUSDT',  -- New 'crypto_pair' attribute
                                1703594740771,
                                0.05551
                            )
                        
[2023-12-26T15:26:47.179+0000] {hive.py:475} INFO - 
                            INSERT INTO temp_avro_data
                            VALUES (

                                42749.24,
                                'BINANCE',  -- New 'exchange' attribute
                                'BTCUSDT',  -- New 'crypto_pair' attribute
                                1703594740771,
                                0.05105
                            )
                        
[2023-12-26T15:26:50.038+0000] {hive.py:475} INFO - 
                            INSERT INTO temp_avro_data
                            VALUES (

                                42749.24,
                                'BINANCE',  -- New 'exchange' attribute
                                'BTCUSDT',  -- New 'crypto_pair' attribute
                                1703594740796,
                                0.01146
                            )
                        
[2023-12-26T15:26:52.461+0000] {hive.py:475} INFO - 
                            INSERT INTO temp_avro_data
                            VALUES (

                                42749.24,
                                'BINANCE',  -- New 'exchange' attribute
                                'BTCUSDT',  -- New 'crypto_pair' attribute
                                1703594740818,
                                0.00162
                            )
                        
[2023-12-26T15:26:55.247+0000] {hive.py:475} INFO - 
                            INSERT INTO temp_avro_data
                            VALUES (

                                42749.24,
                                'BINANCE',  -- New 'exchange' attribute
                                'BTCUSDT',  -- New 'crypto_pair' attribute
                                1703594740915,
                                0.0003
                            )
                        
[2023-12-26T15:26:57.616+0000] {hive.py:475} INFO - 
                            INSERT INTO temp_avro_data
                            VALUES (

                                2246.26,
                                'BINANCE',  -- New 'exchange' attribute
                                'ETHUSDT',  -- New 'crypto_pair' attribute
                                1703594741305,
                                0.0119
                            )
                        
[2023-12-26T15:27:00.046+0000] {hive.py:475} INFO - 
                            INSERT INTO temp_avro_data
                            VALUES (

                                42749.24,
                                'BINANCE',  -- New 'exchange' attribute
                                'BTCUSDT',  -- New 'crypto_pair' attribute
                                1703594741448,
                                0.00015
                            )
                        
[2023-12-26T15:27:03.655+0000] {hive.py:475} INFO - 
                            INSERT INTO temp_avro_data
                            VALUES (

                                42749.24,
                                'BINANCE',  -- New 'exchange' attribute
                                'BTCUSDT',  -- New 'crypto_pair' attribute
                                1703594741461,
                                0.01093
                            )
                        
[2023-12-26T15:27:06.467+0000] {hive.py:475} INFO - 
                            INSERT INTO temp_avro_data
                            VALUES (

                                42749.24,
                                'BINANCE',  -- New 'exchange' attribute
                                'BTCUSDT',  -- New 'crypto_pair' attribute
                                1703594741462,
                                0.00572
                            )
                        
[2023-12-26T15:27:08.905+0000] {hive.py:475} INFO - 
                            INSERT INTO temp_avro_data
                            VALUES (

                                42749.24,
                                'BINANCE',  -- New 'exchange' attribute
                                'BTCUSDT',  -- New 'crypto_pair' attribute
                                1703594741463,
                                0.00626
                            )
                        
[2023-12-26T15:27:11.825+0000] {hive.py:475} INFO - 
                            INSERT INTO temp_avro_data
                            VALUES (

                                42749.25,
                                'BINANCE',  -- New 'exchange' attribute
                                'BTCUSDT',  -- New 'crypto_pair' attribute
                                1703594741468,
                                0.00627
                            )
                        
[2023-12-26T15:27:14.318+0000] {hive.py:475} INFO - 
                            INSERT INTO temp_avro_data
                            VALUES (

                                42749.24,
                                'BINANCE',  -- New 'exchange' attribute
                                'BTCUSDT',  -- New 'crypto_pair' attribute
                                1703594741553,
                                0.00028
                            )
                        
[2023-12-26T15:27:16.772+0000] {hive.py:475} INFO - 
                            INSERT INTO temp_avro_data
                            VALUES (

                                42749.24,
                                'BINANCE',  -- New 'exchange' attribute
                                'BTCUSDT',  -- New 'crypto_pair' attribute
                                1703594742142,
                                0.10281
                            )
                        
[2023-12-26T15:27:19.212+0000] {hive.py:475} INFO - 
                            INSERT INTO temp_avro_data
                            VALUES (

                                42749.24,
                                'BINANCE',  -- New 'exchange' attribute
                                'BTCUSDT',  -- New 'crypto_pair' attribute
                                1703594742142,
                                0.00049
                            )
                        
[2023-12-26T15:27:21.670+0000] {hive.py:475} INFO - 
                            INSERT INTO temp_avro_data
                            VALUES (

                                42749.24,
                                'BINANCE',  -- New 'exchange' attribute
                                'BTCUSDT',  -- New 'crypto_pair' attribute
                                1703594742142,
                                0.00049
                            )
                        
[2023-12-26T15:27:24.078+0000] {hive.py:475} INFO - 
                            INSERT INTO temp_avro_data
                            VALUES (

                                42749.24,
                                'BINANCE',  -- New 'exchange' attribute
                                'BTCUSDT',  -- New 'crypto_pair' attribute
                                1703594742142,
                                0.00048
                            )
                        
[2023-12-26T15:27:26.494+0000] {hive.py:475} INFO - 
                            INSERT INTO temp_avro_data
                            VALUES (

                                42749.24,
                                'BINANCE',  -- New 'exchange' attribute
                                'BTCUSDT',  -- New 'crypto_pair' attribute
                                1703594742142,
                                0.00307
                            )
                        
[2023-12-26T15:27:28.976+0000] {hive.py:475} INFO - 
                            INSERT INTO temp_avro_data
                            VALUES (

                                42749.24,
                                'BINANCE',  -- New 'exchange' attribute
                                'BTCUSDT',  -- New 'crypto_pair' attribute
                                1703594741648,
                                0.01835
                            )
                        
[2023-12-26T15:27:31.441+0000] {hive.py:475} INFO - 
                            INSERT INTO temp_avro_data
                            VALUES (

                                2246.26,
                                'BINANCE',  -- New 'exchange' attribute
                                'ETHUSDT',  -- New 'crypto_pair' attribute
                                1703594741663,
                                0.0343
                            )
                        
[2023-12-26T15:27:34.349+0000] {hive.py:475} INFO - 
                            INSERT INTO temp_avro_data
                            VALUES (

                                2246.26,
                                'BINANCE',  -- New 'exchange' attribute
                                'ETHUSDT',  -- New 'crypto_pair' attribute
                                1703594741663,
                                0.02
                            )
                        
[2023-12-26T15:27:37.312+0000] {hive.py:475} INFO - 
                            INSERT INTO temp_avro_data
                            VALUES (

                                2246.26,
                                'BINANCE',  -- New 'exchange' attribute
                                'ETHUSDT',  -- New 'crypto_pair' attribute
                                1703594741663,
                                0.0572
                            )
                        
[2023-12-26T15:27:40.039+0000] {hive.py:475} INFO - 
                            INSERT INTO temp_avro_data
                            VALUES (

                                42749.24,
                                'BINANCE',  -- New 'exchange' attribute
                                'BTCUSDT',  -- New 'crypto_pair' attribute
                                1703594741672,
                                0.0234
                            )
                        
[2023-12-26T15:27:42.966+0000] {hive.py:475} INFO - 
                            INSERT INTO temp_avro_data
                            VALUES (

                                42749.24,
                                'BINANCE',  -- New 'exchange' attribute
                                'BTCUSDT',  -- New 'crypto_pair' attribute
                                1703594741697,
                                0.04869
                            )
                        
[2023-12-26T15:27:44.407+0000] {logging_mixin.py:188} INFO - Error processing and inserting into Hive: TExecuteStatementResp(status=TStatus(statusCode=3, infoMessages=['*org.apache.hive.service.cli.HiveSQLException:Error while processing statement: FAILED: Execution Error, return code 2 from org.apache.hadoop.hive.ql.exec.mr.MapRedTask:17:16', 'org.apache.hive.service.cli.operation.Operation:toSQLException:Operation.java:380', 'org.apache.hive.service.cli.operation.SQLOperation:runQuery:SQLOperation.java:257', 'org.apache.hive.service.cli.operation.SQLOperation:runInternal:SQLOperation.java:293', 'org.apache.hive.service.cli.operation.Operation:run:Operation.java:320', 'org.apache.hive.service.cli.session.HiveSessionImpl:executeStatementInternal:HiveSessionImpl.java:530', 'org.apache.hive.service.cli.session.HiveSessionImpl:executeStatement:HiveSessionImpl.java:506', 'org.apache.hive.service.cli.CLIService:executeStatement:CLIService.java:280', 'org.apache.hive.service.cli.thrift.ThriftCLIService:ExecuteStatement:ThriftCLIService.java:531', 'org.apache.hive.service.rpc.thrift.TCLIService$Processor$ExecuteStatement:getResult:TCLIService.java:1437', 'org.apache.hive.service.rpc.thrift.TCLIService$Processor$ExecuteStatement:getResult:TCLIService.java:1422', 'org.apache.thrift.ProcessFunction:process:ProcessFunction.java:39', 'org.apache.thrift.TBaseProcessor:process:TBaseProcessor.java:39', 'org.apache.hive.service.auth.TSetIpAddressProcessor:process:TSetIpAddressProcessor.java:56', 'org.apache.thrift.server.TThreadPoolServer$WorkerProcess:run:TThreadPoolServer.java:286', 'java.util.concurrent.ThreadPoolExecutor:runWorker:ThreadPoolExecutor.java:1142', 'java.util.concurrent.ThreadPoolExecutor$Worker:run:ThreadPoolExecutor.java:617', 'java.lang.Thread:run:Thread.java:748'], sqlState='08S01', errorCode=2, errorMessage='Error while processing statement: FAILED: Execution Error, return code 2 from org.apache.hadoop.hive.ql.exec.mr.MapRedTask'), operationHandle=None)
[2023-12-26T15:27:44.408+0000] {logging_mixin.py:188} INFO - [[{'c': None, 'p': 42749.25, 's': 'BINANCE:BTCUSDT', 't': 1703594742690, 'v': 0.64}, {'c': None, 'p': 42749.25, 's': 'BINANCE:BTCUSDT', 't': 1703594742690, 'v': 0.32}, {'c': None, 'p': 42749.25, 's': 'BINANCE:BTCUSDT', 't': 1703594742690, 'v': 0.04678}, {'c': None, 'p': 42749.25, 's': 'BINANCE:BTCUSDT', 't': 1703594742690, 'v': 0.70176}, {'c': None, 'p': 42749.25, 's': 'BINANCE:BTCUSDT', 't': 1703594742690, 'v': 0.02273}, {'c': None, 'p': 42749.25, 's': 'BINANCE:BTCUSDT', 't': 1703594742690, 'v': 0.02273}, {'c': None, 'p': 42749.25, 's': 'BINANCE:BTCUSDT', 't': 1703594742690, 'v': 0.34418}, {'c': None, 'p': 42749.25, 's': 'BINANCE:BTCUSDT', 't': 1703594742690, 'v': 0.24865}, {'c': None, 'p': 42749.25, 's': 'BINANCE:BTCUSDT', 't': 1703594742690, 'v': 0.46789}, {'c': None, 'p': 42749.25, 's': 'BINANCE:BTCUSDT', 't': 1703594742690, 'v': 0.00049}], [{'c': None, 'p': 42749.25, 's': 'BINANCE:BTCUSDT', 't': 1703594742690, 'v': 0.00049}, {'c': None, 'p': 42749.25, 's': 'BINANCE:BTCUSDT', 't': 1703594742690, 'v': 0.00048}, {'c': None, 'p': 42749.25, 's': 'BINANCE:BTCUSDT', 't': 1703594742690, 'v': 0.00048}, {'c': None, 'p': 42749.25, 's': 'BINANCE:BTCUSDT', 't': 1703594742690, 'v': 0.00048}, {'c': None, 'p': 42749.25, 's': 'BINANCE:BTCUSDT', 't': 1703594742690, 'v': 0.28318}, {'c': None, 'p': 42749.25, 's': 'BINANCE:BTCUSDT', 't': 1703594742690, 'v': 0.02746}, {'c': None, 'p': 42749.25, 's': 'BINANCE:BTCUSDT', 't': 1703594742690, 'v': 0.0338}, {'c': None, 'p': 42749.25, 's': 'BINANCE:BTCUSDT', 't': 1703594742690, 'v': 0.07017}, {'c': None, 'p': 42749.25, 's': 'BINANCE:BTCUSDT', 't': 1703594742690, 'v': 0.00071}, {'c': None, 'p': 42749.25, 's': 'BINANCE:BTCUSDT', 't': 1703594742690, 'v': 0.02319}], [{'c': None, 'p': 42749.25, 's': 'BINANCE:BTCUSDT', 't': 1703594742690, 'v': 0.13978}, {'c': None, 'p': 42749.24, 's': 'BINANCE:BTCUSDT', 't': 1703594742848, 'v': 0.00031}, {'c': None, 'p': 2246.24, 's': 'BINANCE:ETHUSDT', 't': 1703594742851, 'v': 0.2225}, {'c': None, 'p': 42749.25, 's': 'BINANCE:BTCUSDT', 't': 1703594743167, 'v': 0.00028}], [{'c': None, 'p': 2246.24, 's': 'BINANCE:ETHUSDT', 't': 1703594743303, 'v': 0.2}, {'c': None, 'p': 2246.24, 's': 'BINANCE:ETHUSDT', 't': 1703594743347, 'v': 0.3512}, {'c': None, 'p': 42749.24, 's': 'BINANCE:BTCUSDT', 't': 1703594743572, 'v': 0.0736}, {'c': None, 'p': 2246.25, 's': 'BINANCE:ETHUSDT', 't': 1703594743676, 'v': 0.0053}, {'c': None, 'p': 42749.24, 's': 'BINANCE:BTCUSDT', 't': 1703594743779, 'v': 0.0003}, {'c': None, 'p': 42749.25, 's': 'BINANCE:BTCUSDT', 't': 1703594743887, 'v': 0.00104}, {'c': None, 'p': 42749.25, 's': 'BINANCE:BTCUSDT', 't': 1703594743911, 'v': 0.0005}, {'c': None, 'p': 42749.24, 's': 'BINANCE:BTCUSDT', 't': 1703594743987, 'v': 0.00162}, {'c': None, 'p': 42749.25, 's': 'BINANCE:BTCUSDT', 't': 1703594744054, 'v': 0.00187}, {'c': None, 'p': 42749.25, 's': 'BINANCE:BTCUSDT', 't': 1703594744056, 'v': 0.00047}], [{'c': None, 'p': 42749.25, 's': 'BINANCE:BTCUSDT', 't': 1703594744305, 'v': 0.00075}, {'c': None, 'p': 2246.25, 's': 'BINANCE:ETHUSDT', 't': 1703594744426, 'v': 0.0093}, {'c': None, 'p': 42749.25, 's': 'BINANCE:BTCUSDT', 't': 1703594744537, 'v': 0.00113}, {'c': None, 'p': 42749.25, 's': 'BINANCE:BTCUSDT', 't': 1703594744545, 'v': 0.06}, {'c': ['1', '24', '12'], 'p': 193.8, 's': 'AAPL', 't': 1703594744728, 'v': 1}, {'c': None, 'p': 42749.24, 's': 'BINANCE:BTCUSDT', 't': 1703594744604, 'v': 0.00019}, {'c': None, 'p': 42749.24, 's': 'BINANCE:BTCUSDT', 't': 1703594744793, 'v': 0.0597}, {'c': None, 'p': 2246.25, 's': 'BINANCE:ETHUSDT', 't': 1703594744856, 'v': 0.0445}, {'c': None, 'p': 42749.24, 's': 'BINANCE:BTCUSDT', 't': 1703594744865, 'v': 0.00458}, {'c': None, 'p': 42749.25, 's': 'BINANCE:BTCUSDT', 't': 1703594744869, 'v': 0.00185}], [{'c': None, 'p': 42749.25, 's': 'BINANCE:BTCUSDT', 't': 1703594744907, 'v': 0.00136}, {'c': None, 'p': 42749.25, 's': 'BINANCE:BTCUSDT', 't': 1703594744971, 'v': 0.00255}, {'c': None, 'p': 42749.25, 's': 'BINANCE:BTCUSDT', 't': 1703594744989, 'v': 0.00047}, {'c': None, 'p': 42749.25, 's': 'BINANCE:BTCUSDT', 't': 1703594744990, 'v': 0.00712}, {'c': None, 'p': 42749.25, 's': 'BINANCE:BTCUSDT', 't': 1703594744994, 'v': 0.00507}, {'c': None, 'p': 2246.25, 's': 'BINANCE:ETHUSDT', 't': 1703594745000, 'v': 0.0585}, {'c': None, 'p': 2246.25, 's': 'BINANCE:ETHUSDT', 't': 1703594745000, 'v': 0.0586}, {'c': None, 'p': 42749.25, 's': 'BINANCE:BTCUSDT', 't': 1703594745008, 'v': 0.00252}, {'c': None, 'p': 2246.25, 's': 'BINANCE:ETHUSDT', 't': 1703594745009, 'v': 0.6009}, {'c': None, 'p': 2246.25, 's': 'BINANCE:ETHUSDT', 't': 1703594745022, 'v': 0.0269}], [{'c': None, 'p': 2246.25, 's': 'BINANCE:ETHUSDT', 't': 1703594745026, 'v': 0.0925}, {'c': None, 'p': 2246.25, 's': 'BINANCE:ETHUSDT', 't': 1703594745029, 'v': 0.0317}, {'c': None, 'p': 42749.25, 's': 'BINANCE:BTCUSDT', 't': 1703594745033, 'v': 0.00432}, {'c': None, 'p': 42749.25, 's': 'BINANCE:BTCUSDT', 't': 1703594745033, 'v': 0.00279}, {'c': None, 'p': 2246.25, 's': 'BINANCE:ETHUSDT', 't': 1703594745034, 'v': 0.0874}, {'c': None, 'p': 2246.25, 's': 'BINANCE:ETHUSDT', 't': 1703594745044, 'v': 0.2812}, {'c': None, 'p': 42749.25, 's': 'BINANCE:BTCUSDT', 't': 1703594745050, 'v': 0.01418}, {'c': None, 'p': 2246.25, 's': 'BINANCE:ETHUSDT', 't': 1703594745054, 'v': 0.044}, {'c': None, 'p': 2246.25, 's': 'BINANCE:ETHUSDT', 't': 1703594745074, 'v': 0.1043}, {'c': None, 'p': 42749.24, 's': 'BINANCE:BTCUSDT', 't': 1703594745077, 'v': 0.00307}], [{'c': None, 'p': 42749.24, 's': 'BINANCE:BTCUSDT', 't': 1703594745084, 'v': 0.00308}, {'c': None, 'p': 2246.25, 's': 'BINANCE:ETHUSDT', 't': 1703594745090, 'v': 0.7515}, {'c': None, 'p': 2246.24, 's': 'BINANCE:ETHUSDT', 't': 1703594745093, 'v': 0.7509}, {'c': None, 'p': 2246.25, 's': 'BINANCE:ETHUSDT', 't': 1703594745118, 'v': 0.134}, {'c': None, 'p': 2246.25, 's': 'BINANCE:ETHUSDT', 't': 1703594745241, 'v': 2.4872}], [{'c': None, 'p': 42749.25, 's': 'BINANCE:BTCUSDT', 't': 1703594745334, 'v': 0.21984}, {'c': None, 'p': 42749.25, 's': 'BINANCE:BTCUSDT', 't': 1703594745334, 'v': 0.04678}, {'c': None, 'p': 42749.25, 's': 'BINANCE:BTCUSDT', 't': 1703594745334, 'v': 0.00034}, {'c': None, 'p': 42749.25, 's': 'BINANCE:BTCUSDT', 't': 1703594745334, 'v': 0.05}, {'c': None, 'p': 42749.25, 's': 'BINANCE:BTCUSDT', 't': 1703594745334, 'v': 0.00687}, {'c': None, 'p': 42749.25, 's': 'BINANCE:BTCUSDT', 't': 1703594745334, 'v': 0.00688}, {'c': None, 'p': 42749.25, 's': 'BINANCE:BTCUSDT', 't': 1703594745334, 'v': 0.00083}, {'c': None, 'p': 42749.25, 's': 'BINANCE:BTCUSDT', 't': 1703594745334, 'v': 0.16}, {'c': None, 'p': 42749.25, 's': 'BINANCE:BTCUSDT', 't': 1703594745334, 'v': 0.11363}, {'c': None, 'p': 42749.25, 's': 'BINANCE:BTCUSDT', 't': 1703594745334, 'v': 0.08065}], [{'c': None, 'p': 42749.25, 's': 'BINANCE:BTCUSDT', 't': 1703594745334, 'v': 0.4963}, {'c': None, 'p': 42749.25, 's': 'BINANCE:BTCUSDT', 't': 1703594745334, 'v': 0.46789}, {'c': None, 'p': 42749.25, 's': 'BINANCE:BTCUSDT', 't': 1703594745334, 'v': 0.1}, {'c': None, 'p': 42749.25, 's': 'BINANCE:BTCUSDT', 't': 1703594745334, 'v': 0.00108}, {'c': None, 'p': 42749.26, 's': 'BINANCE:BTCUSDT', 't': 1703594745334, 'v': 0.00062}, {'c': None, 'p': 42749.26, 's': 'BINANCE:BTCUSDT', 't': 1703594745334, 'v': 0.0276}, {'c': None, 'p': 42749.36, 's': 'BINANCE:BTCUSDT', 't': 1703594745334, 'v': 0.00108}, {'c': None, 'p': 42749.48, 's': 'BINANCE:BTCUSDT', 't': 1703594745334, 'v': 0.16}, {'c': None, 'p': 42749.48, 's': 'BINANCE:BTCUSDT', 't': 1703594745334, 'v': 0.16}, {'c': None, 'p': 42749.48, 's': 'BINANCE:BTCUSDT', 't': 1703594745334, 'v': 0.24}]]
[2023-12-26T15:27:44.408+0000] {hive.py:475} INFO - 
                            INSERT INTO temp_avro_data
                            VALUES (

                                42749.25,
                                'BINANCE',  -- New 'exchange' attribute
                                'BTCUSDT',  -- New 'crypto_pair' attribute
                                1703594742690,
                                0.64
                            )
                        
[2023-12-26T15:27:46.804+0000] {hive.py:475} INFO - 
                            INSERT INTO temp_avro_data
                            VALUES (

                                42749.25,
                                'BINANCE',  -- New 'exchange' attribute
                                'BTCUSDT',  -- New 'crypto_pair' attribute
                                1703594742690,
                                0.32
                            )
                        
[2023-12-26T15:27:49.357+0000] {hive.py:475} INFO - 
                            INSERT INTO temp_avro_data
                            VALUES (

                                42749.25,
                                'BINANCE',  -- New 'exchange' attribute
                                'BTCUSDT',  -- New 'crypto_pair' attribute
                                1703594742690,
                                0.04678
                            )
                        
[2023-12-26T15:27:52.248+0000] {hive.py:475} INFO - 
                            INSERT INTO temp_avro_data
                            VALUES (

                                42749.25,
                                'BINANCE',  -- New 'exchange' attribute
                                'BTCUSDT',  -- New 'crypto_pair' attribute
                                1703594742690,
                                0.70176
                            )
                        
[2023-12-26T15:27:54.748+0000] {hive.py:475} INFO - 
                            INSERT INTO temp_avro_data
                            VALUES (

                                42749.25,
                                'BINANCE',  -- New 'exchange' attribute
                                'BTCUSDT',  -- New 'crypto_pair' attribute
                                1703594742690,
                                0.02273
                            )
                        
[2023-12-26T15:27:57.246+0000] {hive.py:475} INFO - 
                            INSERT INTO temp_avro_data
                            VALUES (

                                42749.25,
                                'BINANCE',  -- New 'exchange' attribute
                                'BTCUSDT',  -- New 'crypto_pair' attribute
                                1703594742690,
                                0.02273
                            )
                        
[2023-12-26T15:27:59.754+0000] {hive.py:475} INFO - 
                            INSERT INTO temp_avro_data
                            VALUES (

                                42749.25,
                                'BINANCE',  -- New 'exchange' attribute
                                'BTCUSDT',  -- New 'crypto_pair' attribute
                                1703594742690,
                                0.34418
                            )
                        
[2023-12-26T15:28:02.247+0000] {hive.py:475} INFO - 
                            INSERT INTO temp_avro_data
                            VALUES (

                                42749.25,
                                'BINANCE',  -- New 'exchange' attribute
                                'BTCUSDT',  -- New 'crypto_pair' attribute
                                1703594742690,
                                0.24865
                            )
                        
[2023-12-26T15:28:04.735+0000] {hive.py:475} INFO - 
                            INSERT INTO temp_avro_data
                            VALUES (

                                42749.25,
                                'BINANCE',  -- New 'exchange' attribute
                                'BTCUSDT',  -- New 'crypto_pair' attribute
                                1703594742690,
                                0.46789
                            )
                        
[2023-12-26T15:28:07.252+0000] {hive.py:475} INFO - 
                            INSERT INTO temp_avro_data
                            VALUES (

                                42749.25,
                                'BINANCE',  -- New 'exchange' attribute
                                'BTCUSDT',  -- New 'crypto_pair' attribute
                                1703594742690,
                                0.00049
                            )
                        
[2023-12-26T15:28:09.753+0000] {hive.py:475} INFO - 
                            INSERT INTO temp_avro_data
                            VALUES (

                                42749.25,
                                'BINANCE',  -- New 'exchange' attribute
                                'BTCUSDT',  -- New 'crypto_pair' attribute
                                1703594742690,
                                0.00049
                            )
                        
[2023-12-26T15:28:12.279+0000] {hive.py:475} INFO - 
                            INSERT INTO temp_avro_data
                            VALUES (

                                42749.25,
                                'BINANCE',  -- New 'exchange' attribute
                                'BTCUSDT',  -- New 'crypto_pair' attribute
                                1703594742690,
                                0.00048
                            )
                        
[2023-12-26T15:28:14.791+0000] {hive.py:475} INFO - 
                            INSERT INTO temp_avro_data
                            VALUES (

                                42749.25,
                                'BINANCE',  -- New 'exchange' attribute
                                'BTCUSDT',  -- New 'crypto_pair' attribute
                                1703594742690,
                                0.00048
                            )
                        
[2023-12-26T15:28:17.373+0000] {hive.py:475} INFO - 
                            INSERT INTO temp_avro_data
                            VALUES (

                                42749.25,
                                'BINANCE',  -- New 'exchange' attribute
                                'BTCUSDT',  -- New 'crypto_pair' attribute
                                1703594742690,
                                0.00048
                            )
                        
[2023-12-26T15:28:19.922+0000] {hive.py:475} INFO - 
                            INSERT INTO temp_avro_data
                            VALUES (

                                42749.25,
                                'BINANCE',  -- New 'exchange' attribute
                                'BTCUSDT',  -- New 'crypto_pair' attribute
                                1703594742690,
                                0.28318
                            )
                        
[2023-12-26T15:28:22.555+0000] {hive.py:475} INFO - 
                            INSERT INTO temp_avro_data
                            VALUES (

                                42749.25,
                                'BINANCE',  -- New 'exchange' attribute
                                'BTCUSDT',  -- New 'crypto_pair' attribute
                                1703594742690,
                                0.02746
                            )
                        
[2023-12-26T15:28:25.464+0000] {hive.py:475} INFO - 
                            INSERT INTO temp_avro_data
                            VALUES (

                                42749.25,
                                'BINANCE',  -- New 'exchange' attribute
                                'BTCUSDT',  -- New 'crypto_pair' attribute
                                1703594742690,
                                0.0338
                            )
                        
[2023-12-26T15:28:28.364+0000] {hive.py:475} INFO - 
                            INSERT INTO temp_avro_data
                            VALUES (

                                42749.25,
                                'BINANCE',  -- New 'exchange' attribute
                                'BTCUSDT',  -- New 'crypto_pair' attribute
                                1703594742690,
                                0.07017
                            )
                        
[2023-12-26T15:28:30.891+0000] {hive.py:475} INFO - 
                            INSERT INTO temp_avro_data
                            VALUES (

                                42749.25,
                                'BINANCE',  -- New 'exchange' attribute
                                'BTCUSDT',  -- New 'crypto_pair' attribute
                                1703594742690,
                                0.00071
                            )
                        
[2023-12-26T15:28:33.469+0000] {hive.py:475} INFO - 
                            INSERT INTO temp_avro_data
                            VALUES (

                                42749.25,
                                'BINANCE',  -- New 'exchange' attribute
                                'BTCUSDT',  -- New 'crypto_pair' attribute
                                1703594742690,
                                0.02319
                            )
                        
[2023-12-26T15:28:35.979+0000] {hive.py:475} INFO - 
                            INSERT INTO temp_avro_data
                            VALUES (

                                42749.25,
                                'BINANCE',  -- New 'exchange' attribute
                                'BTCUSDT',  -- New 'crypto_pair' attribute
                                1703594742690,
                                0.13978
                            )
                        
[2023-12-26T15:28:38.454+0000] {hive.py:475} INFO - 
                            INSERT INTO temp_avro_data
                            VALUES (

                                42749.24,
                                'BINANCE',  -- New 'exchange' attribute
                                'BTCUSDT',  -- New 'crypto_pair' attribute
                                1703594742848,
                                0.00031
                            )
                        
[2023-12-26T15:28:41.396+0000] {hive.py:475} INFO - 
                            INSERT INTO temp_avro_data
                            VALUES (

                                2246.24,
                                'BINANCE',  -- New 'exchange' attribute
                                'ETHUSDT',  -- New 'crypto_pair' attribute
                                1703594742851,
                                0.2225
                            )
                        
[2023-12-26T15:28:43.892+0000] {hive.py:475} INFO - 
                            INSERT INTO temp_avro_data
                            VALUES (

                                42749.25,
                                'BINANCE',  -- New 'exchange' attribute
                                'BTCUSDT',  -- New 'crypto_pair' attribute
                                1703594743167,
                                0.00028
                            )
                        
[2023-12-26T15:28:46.794+0000] {hive.py:475} INFO - 
                            INSERT INTO temp_avro_data
                            VALUES (

                                2246.24,
                                'BINANCE',  -- New 'exchange' attribute
                                'ETHUSDT',  -- New 'crypto_pair' attribute
                                1703594743303,
                                0.2
                            )
                        
[2023-12-26T15:28:49.651+0000] {hive.py:475} INFO - 
                            INSERT INTO temp_avro_data
                            VALUES (

                                2246.24,
                                'BINANCE',  -- New 'exchange' attribute
                                'ETHUSDT',  -- New 'crypto_pair' attribute
                                1703594743347,
                                0.3512
                            )
                        
[2023-12-26T15:28:52.126+0000] {hive.py:475} INFO - 
                            INSERT INTO temp_avro_data
                            VALUES (

                                42749.24,
                                'BINANCE',  -- New 'exchange' attribute
                                'BTCUSDT',  -- New 'crypto_pair' attribute
                                1703594743572,
                                0.0736
                            )
                        
[2023-12-26T15:28:54.606+0000] {hive.py:475} INFO - 
                            INSERT INTO temp_avro_data
                            VALUES (

                                2246.25,
                                'BINANCE',  -- New 'exchange' attribute
                                'ETHUSDT',  -- New 'crypto_pair' attribute
                                1703594743676,
                                0.0053
                            )
                        
[2023-12-26T15:28:57.043+0000] {hive.py:475} INFO - 
                            INSERT INTO temp_avro_data
                            VALUES (

                                42749.24,
                                'BINANCE',  -- New 'exchange' attribute
                                'BTCUSDT',  -- New 'crypto_pair' attribute
                                1703594743779,
                                0.0003
                            )
                        
[2023-12-26T15:28:59.570+0000] {hive.py:475} INFO - 
                            INSERT INTO temp_avro_data
                            VALUES (

                                42749.25,
                                'BINANCE',  -- New 'exchange' attribute
                                'BTCUSDT',  -- New 'crypto_pair' attribute
                                1703594743887,
                                0.00104
                            )
                        
[2023-12-26T15:29:02.023+0000] {hive.py:475} INFO - 
                            INSERT INTO temp_avro_data
                            VALUES (

                                42749.25,
                                'BINANCE',  -- New 'exchange' attribute
                                'BTCUSDT',  -- New 'crypto_pair' attribute
                                1703594743911,
                                0.0005
                            )
                        
[2023-12-26T15:29:04.491+0000] {hive.py:475} INFO - 
                            INSERT INTO temp_avro_data
                            VALUES (

                                42749.24,
                                'BINANCE',  -- New 'exchange' attribute
                                'BTCUSDT',  -- New 'crypto_pair' attribute
                                1703594743987,
                                0.00162
                            )
                        
[2023-12-26T15:29:06.981+0000] {hive.py:475} INFO - 
                            INSERT INTO temp_avro_data
                            VALUES (

                                42749.25,
                                'BINANCE',  -- New 'exchange' attribute
                                'BTCUSDT',  -- New 'crypto_pair' attribute
                                1703594744054,
                                0.00187
                            )
                        
[2023-12-26T15:29:09.917+0000] {hive.py:475} INFO - 
                            INSERT INTO temp_avro_data
                            VALUES (

                                42749.25,
                                'BINANCE',  -- New 'exchange' attribute
                                'BTCUSDT',  -- New 'crypto_pair' attribute
                                1703594744056,
                                0.00047
                            )
                        
[2023-12-26T15:29:12.821+0000] {hive.py:475} INFO - 
                            INSERT INTO temp_avro_data
                            VALUES (

                                42749.25,
                                'BINANCE',  -- New 'exchange' attribute
                                'BTCUSDT',  -- New 'crypto_pair' attribute
                                1703594744305,
                                0.00075
                            )
                        
[2023-12-26T15:29:15.335+0000] {hive.py:475} INFO - 
                            INSERT INTO temp_avro_data
                            VALUES (

                                2246.25,
                                'BINANCE',  -- New 'exchange' attribute
                                'ETHUSDT',  -- New 'crypto_pair' attribute
                                1703594744426,
                                0.0093
                            )
                        
[2023-12-26T15:29:17.807+0000] {hive.py:475} INFO - 
                            INSERT INTO temp_avro_data
                            VALUES (

                                42749.25,
                                'BINANCE',  -- New 'exchange' attribute
                                'BTCUSDT',  -- New 'crypto_pair' attribute
                                1703594744537,
                                0.00113
                            )
                        
[2023-12-26T15:29:20.423+0000] {hive.py:475} INFO - 
                            INSERT INTO temp_avro_data
                            VALUES (

                                42749.25,
                                'BINANCE',  -- New 'exchange' attribute
                                'BTCUSDT',  -- New 'crypto_pair' attribute
                                1703594744545,
                                0.06
                            )
                        
[2023-12-26T15:29:23.529+0000] {hive.py:475} INFO - 
                            INSERT INTO temp_avro_data
                            VALUES (

                                193.8,
                                'AAPL',  -- New 'exchange' attribute
                                'None',  -- New 'crypto_pair' attribute
                                1703594744728,
                                1
                            )
                        
[2023-12-26T15:29:26.418+0000] {hive.py:475} INFO - 
                            INSERT INTO temp_avro_data
                            VALUES (

                                42749.24,
                                'BINANCE',  -- New 'exchange' attribute
                                'BTCUSDT',  -- New 'crypto_pair' attribute
                                1703594744604,
                                0.00019
                            )
                        
[2023-12-26T15:29:29.264+0000] {hive.py:475} INFO - 
                            INSERT INTO temp_avro_data
                            VALUES (

                                42749.24,
                                'BINANCE',  -- New 'exchange' attribute
                                'BTCUSDT',  -- New 'crypto_pair' attribute
                                1703594744793,
                                0.0597
                            )
                        
[2023-12-26T15:29:31.726+0000] {hive.py:475} INFO - 
                            INSERT INTO temp_avro_data
                            VALUES (

                                2246.25,
                                'BINANCE',  -- New 'exchange' attribute
                                'ETHUSDT',  -- New 'crypto_pair' attribute
                                1703594744856,
                                0.0445
                            )
                        
[2023-12-26T15:29:34.549+0000] {hive.py:475} INFO - 
                            INSERT INTO temp_avro_data
                            VALUES (

                                42749.24,
                                'BINANCE',  -- New 'exchange' attribute
                                'BTCUSDT',  -- New 'crypto_pair' attribute
                                1703594744865,
                                0.00458
                            )
                        
[2023-12-26T15:29:37.450+0000] {hive.py:475} INFO - 
                            INSERT INTO temp_avro_data
                            VALUES (

                                42749.25,
                                'BINANCE',  -- New 'exchange' attribute
                                'BTCUSDT',  -- New 'crypto_pair' attribute
                                1703594744869,
                                0.00185
                            )
                        
[2023-12-26T15:29:39.964+0000] {hive.py:475} INFO - 
                            INSERT INTO temp_avro_data
                            VALUES (

                                42749.25,
                                'BINANCE',  -- New 'exchange' attribute
                                'BTCUSDT',  -- New 'crypto_pair' attribute
                                1703594744907,
                                0.00136
                            )
                        
[2023-12-26T15:29:42.564+0000] {hive.py:475} INFO - 
                            INSERT INTO temp_avro_data
                            VALUES (

                                42749.25,
                                'BINANCE',  -- New 'exchange' attribute
                                'BTCUSDT',  -- New 'crypto_pair' attribute
                                1703594744971,
                                0.00255
                            )
                        
[2023-12-26T15:29:45.456+0000] {hive.py:475} INFO - 
                            INSERT INTO temp_avro_data
                            VALUES (

                                42749.25,
                                'BINANCE',  -- New 'exchange' attribute
                                'BTCUSDT',  -- New 'crypto_pair' attribute
                                1703594744989,
                                0.00047
                            )
                        
[2023-12-26T15:29:48.317+0000] {hive.py:475} INFO - 
                            INSERT INTO temp_avro_data
                            VALUES (

                                42749.25,
                                'BINANCE',  -- New 'exchange' attribute
                                'BTCUSDT',  -- New 'crypto_pair' attribute
                                1703594744990,
                                0.00712
                            )
                        
[2023-12-26T15:29:50.883+0000] {hive.py:475} INFO - 
                            INSERT INTO temp_avro_data
                            VALUES (

                                42749.25,
                                'BINANCE',  -- New 'exchange' attribute
                                'BTCUSDT',  -- New 'crypto_pair' attribute
                                1703594744994,
                                0.00507
                            )
                        
[2023-12-26T15:29:53.329+0000] {hive.py:475} INFO - 
                            INSERT INTO temp_avro_data
                            VALUES (

                                2246.25,
                                'BINANCE',  -- New 'exchange' attribute
                                'ETHUSDT',  -- New 'crypto_pair' attribute
                                1703594745000,
                                0.0585
                            )
                        
[2023-12-26T15:29:55.809+0000] {hive.py:475} INFO - 
                            INSERT INTO temp_avro_data
                            VALUES (

                                2246.25,
                                'BINANCE',  -- New 'exchange' attribute
                                'ETHUSDT',  -- New 'crypto_pair' attribute
                                1703594745000,
                                0.0586
                            )
                        
[2023-12-26T15:29:58.555+0000] {hive.py:475} INFO - 
                            INSERT INTO temp_avro_data
                            VALUES (

                                42749.25,
                                'BINANCE',  -- New 'exchange' attribute
                                'BTCUSDT',  -- New 'crypto_pair' attribute
                                1703594745008,
                                0.00252
                            )
                        
[2023-12-26T15:30:01.214+0000] {hive.py:475} INFO - 
                            INSERT INTO temp_avro_data
                            VALUES (

                                2246.25,
                                'BINANCE',  -- New 'exchange' attribute
                                'ETHUSDT',  -- New 'crypto_pair' attribute
                                1703594745009,
                                0.6009
                            )
                        
[2023-12-26T15:30:04.174+0000] {hive.py:475} INFO - 
                            INSERT INTO temp_avro_data
                            VALUES (

                                2246.25,
                                'BINANCE',  -- New 'exchange' attribute
                                'ETHUSDT',  -- New 'crypto_pair' attribute
                                1703594745022,
                                0.0269
                            )
                        
[2023-12-26T15:30:07.024+0000] {hive.py:475} INFO - 
                            INSERT INTO temp_avro_data
                            VALUES (

                                2246.25,
                                'BINANCE',  -- New 'exchange' attribute
                                'ETHUSDT',  -- New 'crypto_pair' attribute
                                1703594745026,
                                0.0925
                            )
                        
[2023-12-26T15:30:09.883+0000] {hive.py:475} INFO - 
                            INSERT INTO temp_avro_data
                            VALUES (

                                2246.25,
                                'BINANCE',  -- New 'exchange' attribute
                                'ETHUSDT',  -- New 'crypto_pair' attribute
                                1703594745029,
                                0.0317
                            )
                        
[2023-12-26T15:30:12.774+0000] {hive.py:475} INFO - 
                            INSERT INTO temp_avro_data
                            VALUES (

                                42749.25,
                                'BINANCE',  -- New 'exchange' attribute
                                'BTCUSDT',  -- New 'crypto_pair' attribute
                                1703594745033,
                                0.00432
                            )
                        
[2023-12-26T15:30:15.309+0000] {hive.py:475} INFO - 
                            INSERT INTO temp_avro_data
                            VALUES (

                                42749.25,
                                'BINANCE',  -- New 'exchange' attribute
                                'BTCUSDT',  -- New 'crypto_pair' attribute
                                1703594745033,
                                0.00279
                            )
                        
[2023-12-26T15:30:17.779+0000] {hive.py:475} INFO - 
                            INSERT INTO temp_avro_data
                            VALUES (

                                2246.25,
                                'BINANCE',  -- New 'exchange' attribute
                                'ETHUSDT',  -- New 'crypto_pair' attribute
                                1703594745034,
                                0.0874
                            )
                        
[2023-12-26T15:30:20.297+0000] {hive.py:475} INFO - 
                            INSERT INTO temp_avro_data
                            VALUES (

                                2246.25,
                                'BINANCE',  -- New 'exchange' attribute
                                'ETHUSDT',  -- New 'crypto_pair' attribute
                                1703594745044,
                                0.2812
                            )
                        
[2023-12-26T15:30:22.865+0000] {hive.py:475} INFO - 
                            INSERT INTO temp_avro_data
                            VALUES (

                                42749.25,
                                'BINANCE',  -- New 'exchange' attribute
                                'BTCUSDT',  -- New 'crypto_pair' attribute
                                1703594745050,
                                0.01418
                            )
                        
[2023-12-26T15:30:25.754+0000] {hive.py:475} INFO - 
                            INSERT INTO temp_avro_data
                            VALUES (

                                2246.25,
                                'BINANCE',  -- New 'exchange' attribute
                                'ETHUSDT',  -- New 'crypto_pair' attribute
                                1703594745054,
                                0.044
                            )
                        
[2023-12-26T15:30:28.230+0000] {hive.py:475} INFO - 
                            INSERT INTO temp_avro_data
                            VALUES (

                                2246.25,
                                'BINANCE',  -- New 'exchange' attribute
                                'ETHUSDT',  -- New 'crypto_pair' attribute
                                1703594745074,
                                0.1043
                            )
                        
[2023-12-26T15:30:30.695+0000] {hive.py:475} INFO - 
                            INSERT INTO temp_avro_data
                            VALUES (

                                42749.24,
                                'BINANCE',  -- New 'exchange' attribute
                                'BTCUSDT',  -- New 'crypto_pair' attribute
                                1703594745077,
                                0.00307
                            )
                        
[2023-12-26T15:30:33.222+0000] {hive.py:475} INFO - 
                            INSERT INTO temp_avro_data
                            VALUES (

                                42749.24,
                                'BINANCE',  -- New 'exchange' attribute
                                'BTCUSDT',  -- New 'crypto_pair' attribute
                                1703594745084,
                                0.00308
                            )
                        
[2023-12-26T15:30:35.783+0000] {hive.py:475} INFO - 
                            INSERT INTO temp_avro_data
                            VALUES (

                                2246.25,
                                'BINANCE',  -- New 'exchange' attribute
                                'ETHUSDT',  -- New 'crypto_pair' attribute
                                1703594745090,
                                0.7515
                            )
                        
[2023-12-26T15:30:38.303+0000] {hive.py:475} INFO - 
                            INSERT INTO temp_avro_data
                            VALUES (

                                2246.24,
                                'BINANCE',  -- New 'exchange' attribute
                                'ETHUSDT',  -- New 'crypto_pair' attribute
                                1703594745093,
                                0.7509
                            )
                        
[2023-12-26T15:30:40.853+0000] {hive.py:475} INFO - 
                            INSERT INTO temp_avro_data
                            VALUES (

                                2246.25,
                                'BINANCE',  -- New 'exchange' attribute
                                'ETHUSDT',  -- New 'crypto_pair' attribute
                                1703594745118,
                                0.134
                            )
                        
[2023-12-26T15:30:43.321+0000] {hive.py:475} INFO - 
                            INSERT INTO temp_avro_data
                            VALUES (

                                2246.25,
                                'BINANCE',  -- New 'exchange' attribute
                                'ETHUSDT',  -- New 'crypto_pair' attribute
                                1703594745241,
                                2.4872
                            )
                        
[2023-12-26T15:30:45.796+0000] {hive.py:475} INFO - 
                            INSERT INTO temp_avro_data
                            VALUES (

                                42749.25,
                                'BINANCE',  -- New 'exchange' attribute
                                'BTCUSDT',  -- New 'crypto_pair' attribute
                                1703594745334,
                                0.21984
                            )
                        
[2023-12-26T15:30:48.230+0000] {hive.py:475} INFO - 
                            INSERT INTO temp_avro_data
                            VALUES (

                                42749.25,
                                'BINANCE',  -- New 'exchange' attribute
                                'BTCUSDT',  -- New 'crypto_pair' attribute
                                1703594745334,
                                0.04678
                            )
                        
[2023-12-26T15:30:50.753+0000] {hive.py:475} INFO - 
                            INSERT INTO temp_avro_data
                            VALUES (

                                42749.25,
                                'BINANCE',  -- New 'exchange' attribute
                                'BTCUSDT',  -- New 'crypto_pair' attribute
                                1703594745334,
                                0.00034
                            )
                        
[2023-12-26T15:30:53.310+0000] {hive.py:475} INFO - 
                            INSERT INTO temp_avro_data
                            VALUES (

                                42749.25,
                                'BINANCE',  -- New 'exchange' attribute
                                'BTCUSDT',  -- New 'crypto_pair' attribute
                                1703594745334,
                                0.05
                            )
                        
[2023-12-26T15:30:55.787+0000] {hive.py:475} INFO - 
                            INSERT INTO temp_avro_data
                            VALUES (

                                42749.25,
                                'BINANCE',  -- New 'exchange' attribute
                                'BTCUSDT',  -- New 'crypto_pair' attribute
                                1703594745334,
                                0.00687
                            )
                        
[2023-12-26T15:30:58.267+0000] {hive.py:475} INFO - 
                            INSERT INTO temp_avro_data
                            VALUES (

                                42749.25,
                                'BINANCE',  -- New 'exchange' attribute
                                'BTCUSDT',  -- New 'crypto_pair' attribute
                                1703594745334,
                                0.00688
                            )
                        
[2023-12-26T15:31:00.774+0000] {hive.py:475} INFO - 
                            INSERT INTO temp_avro_data
                            VALUES (

                                42749.25,
                                'BINANCE',  -- New 'exchange' attribute
                                'BTCUSDT',  -- New 'crypto_pair' attribute
                                1703594745334,
                                0.00083
                            )
                        
[2023-12-26T15:31:03.262+0000] {hive.py:475} INFO - 
                            INSERT INTO temp_avro_data
                            VALUES (

                                42749.25,
                                'BINANCE',  -- New 'exchange' attribute
                                'BTCUSDT',  -- New 'crypto_pair' attribute
                                1703594745334,
                                0.16
                            )
                        
[2023-12-26T15:31:06.145+0000] {hive.py:475} INFO - 
                            INSERT INTO temp_avro_data
                            VALUES (

                                42749.25,
                                'BINANCE',  -- New 'exchange' attribute
                                'BTCUSDT',  -- New 'crypto_pair' attribute
                                1703594745334,
                                0.11363
                            )
                        
[2023-12-26T15:31:08.630+0000] {hive.py:475} INFO - 
                            INSERT INTO temp_avro_data
                            VALUES (

                                42749.25,
                                'BINANCE',  -- New 'exchange' attribute
                                'BTCUSDT',  -- New 'crypto_pair' attribute
                                1703594745334,
                                0.08065
                            )
                        
[2023-12-26T15:31:11.106+0000] {hive.py:475} INFO - 
                            INSERT INTO temp_avro_data
                            VALUES (

                                42749.25,
                                'BINANCE',  -- New 'exchange' attribute
                                'BTCUSDT',  -- New 'crypto_pair' attribute
                                1703594745334,
                                0.4963
                            )
                        
[2023-12-26T15:31:13.584+0000] {hive.py:475} INFO - 
                            INSERT INTO temp_avro_data
                            VALUES (

                                42749.25,
                                'BINANCE',  -- New 'exchange' attribute
                                'BTCUSDT',  -- New 'crypto_pair' attribute
                                1703594745334,
                                0.46789
                            )
                        
[2023-12-26T15:31:16.075+0000] {hive.py:475} INFO - 
                            INSERT INTO temp_avro_data
                            VALUES (

                                42749.25,
                                'BINANCE',  -- New 'exchange' attribute
                                'BTCUSDT',  -- New 'crypto_pair' attribute
                                1703594745334,
                                0.1
                            )
                        
[2023-12-26T15:31:18.618+0000] {hive.py:475} INFO - 
                            INSERT INTO temp_avro_data
                            VALUES (

                                42749.25,
                                'BINANCE',  -- New 'exchange' attribute
                                'BTCUSDT',  -- New 'crypto_pair' attribute
                                1703594745334,
                                0.00108
                            )
                        
[2023-12-26T15:31:21.120+0000] {hive.py:475} INFO - 
                            INSERT INTO temp_avro_data
                            VALUES (

                                42749.26,
                                'BINANCE',  -- New 'exchange' attribute
                                'BTCUSDT',  -- New 'crypto_pair' attribute
                                1703594745334,
                                0.00062
                            )
                        
[2023-12-26T15:31:23.670+0000] {hive.py:475} INFO - 
                            INSERT INTO temp_avro_data
                            VALUES (

                                42749.26,
                                'BINANCE',  -- New 'exchange' attribute
                                'BTCUSDT',  -- New 'crypto_pair' attribute
                                1703594745334,
                                0.0276
                            )
                        
[2023-12-26T15:31:26.536+0000] {hive.py:475} INFO - 
                            INSERT INTO temp_avro_data
                            VALUES (

                                42749.36,
                                'BINANCE',  -- New 'exchange' attribute
                                'BTCUSDT',  -- New 'crypto_pair' attribute
                                1703594745334,
                                0.00108
                            )
                        
[2023-12-26T15:31:29.046+0000] {hive.py:475} INFO - 
                            INSERT INTO temp_avro_data
                            VALUES (

                                42749.48,
                                'BINANCE',  -- New 'exchange' attribute
                                'BTCUSDT',  -- New 'crypto_pair' attribute
                                1703594745334,
                                0.16
                            )
                        
[2023-12-26T15:31:31.574+0000] {hive.py:475} INFO - 
                            INSERT INTO temp_avro_data
                            VALUES (

                                42749.48,
                                'BINANCE',  -- New 'exchange' attribute
                                'BTCUSDT',  -- New 'crypto_pair' attribute
                                1703594745334,
                                0.16
                            )
                        
[2023-12-26T15:31:34.048+0000] {hive.py:475} INFO - 
                            INSERT INTO temp_avro_data
                            VALUES (

                                42749.48,
                                'BINANCE',  -- New 'exchange' attribute
                                'BTCUSDT',  -- New 'crypto_pair' attribute
                                1703594745334,
                                0.24
                            )
                        
[2023-12-26T15:31:36.505+0000] {logging_mixin.py:188} INFO - 
Inserting batch into Hive...
[2023-12-26T15:31:36.509+0000] {hive.py:475} INFO - 
            INSERT INTO TABLE finnhub_table 
            SELECT *
            FROM temp_avro_data
        
[2023-12-26T15:34:18.065+0000] {local_task_job_runner.py:302} WARNING - State of this instance has been externally set to success. Terminating instance.
[2023-12-26T15:34:18.069+0000] {process_utils.py:131} INFO - Sending Signals.SIGTERM to group 2248. PIDs of all processes in the group: [2248]
[2023-12-26T15:34:18.070+0000] {process_utils.py:86} INFO - Sending the signal Signals.SIGTERM to group 2248
[2023-12-26T15:34:18.070+0000] {taskinstance.py:2451} ERROR - Received SIGTERM. Terminating subprocesses.
[2023-12-26T15:34:18.071+0000] {logging_mixin.py:188} INFO - Error processing and inserting into Hive: Task received SIGTERM signal
[2023-12-26T15:34:18.076+0000] {logging_mixin.py:188} INFO - Error: KafkaError{code=_MAX_POLL_EXCEEDED,val=-147,str="Application maximum poll interval (300000ms) exceeded by 54ms"}
[2023-12-26T15:34:18.077+0000] {logging_mixin.py:188} INFO - finish
[2023-12-26T15:35:03.328+0000] {taskinstance.py:2699} ERROR - Task failed with exception
Traceback (most recent call last):
  File "/home/airflow/.local/lib/python3.8/site-packages/airflow/models/taskinstance.py", line 433, in _execute_task
    result = execute_callable(context=context, **execute_callable_kwargs)
  File "/home/airflow/.local/lib/python3.8/site-packages/airflow/operators/python.py", line 199, in execute
    return_value = self.execute_callable()
  File "/home/airflow/.local/lib/python3.8/site-packages/airflow/operators/python.py", line 216, in execute_callable
    return self.python_callable(*self.op_args, **self.op_kwargs)
  File "/opt/airflow/dags/BatchLayerDag.py", line 21, in save_data_to_hive
    hive_consumer.kafka_consumer_worker()
  File "/opt/airflow/dags/batch_consumer.py", line 177, in kafka_consumer_worker
    connection.close()
  File "/home/airflow/.local/lib/python3.8/site-packages/pyhive/hive.py", line 337, in close
    response = self._client.CloseSession(req)
  File "/home/airflow/.local/lib/python3.8/site-packages/TCLIService/TCLIService.py", line 218, in CloseSession
    return self.recv_CloseSession()
  File "/home/airflow/.local/lib/python3.8/site-packages/TCLIService/TCLIService.py", line 237, in recv_CloseSession
    result.read(iprot)
  File "/home/airflow/.local/lib/python3.8/site-packages/TCLIService/TCLIService.py", line 1534, in read
    self.success.read(iprot)
  File "/home/airflow/.local/lib/python3.8/site-packages/TCLIService/ttypes.py", line 3613, in read
    iprot.skip(ftype)
  File "/home/airflow/.local/lib/python3.8/site-packages/thrift/protocol/TProtocol.py", line 214, in skip
    self.skip(ttype)
  File "/home/airflow/.local/lib/python3.8/site-packages/thrift/protocol/TProtocol.py", line 214, in skip
    self.skip(ttype)
  File "/home/airflow/.local/lib/python3.8/site-packages/thrift/protocol/TProtocol.py", line 207, in skip
    self.readString()
  File "/home/airflow/.local/lib/python3.8/site-packages/thrift/protocol/TProtocol.py", line 185, in readString
    return binary_to_str(self.readBinary())
  File "/home/airflow/.local/lib/python3.8/site-packages/thrift/compat.py", line 40, in binary_to_str
    return bin_val.decode('utf8')
UnicodeDecodeError: 'utf-8' codec can't decode byte 0xd2 in position 1: invalid continuation byte
[2023-12-26T15:35:03.347+0000] {taskinstance.py:1138} INFO - Marking task as FAILED. dag_id=batch_layer, task_id=consume_data, execution_date=20231226T152640, start_date=20231226T152644, end_date=20231226T153503
[2023-12-26T15:35:03.359+0000] {standard_task_runner.py:107} ERROR - Failed to execute job 22 for task consume_data ('utf-8' codec can't decode byte 0xd2 in position 1: invalid continuation byte; 2248)
[2023-12-26T15:35:03.396+0000] {process_utils.py:79} INFO - Process psutil.Process(pid=2248, status='terminated', exitcode=1, started='15:26:43') (2248) terminated with exit code 1
