[2023-12-26T19:03:49.753+0000] {taskinstance.py:1957} INFO - Dependencies all met for dep_context=non-requeueable deps ti=<TaskInstance: batch_layer.batch_0 manual__2023-12-26T18:56:33.546193+00:00 [queued]>
[2023-12-26T19:03:49.758+0000] {taskinstance.py:1957} INFO - Dependencies all met for dep_context=requeueable deps ti=<TaskInstance: batch_layer.batch_0 manual__2023-12-26T18:56:33.546193+00:00 [queued]>
[2023-12-26T19:03:49.758+0000] {taskinstance.py:2171} INFO - Starting attempt 1 of 2
[2023-12-26T19:03:49.772+0000] {taskinstance.py:2192} INFO - Executing <Task(PythonOperator): batch_0> on 2023-12-26 18:56:33.546193+00:00
[2023-12-26T19:03:49.778+0000] {standard_task_runner.py:60} INFO - Started process 2901 to run task
[2023-12-26T19:03:49.781+0000] {standard_task_runner.py:87} INFO - Running: ['airflow', 'tasks', 'run', 'batch_layer', 'batch_0', 'manual__2023-12-26T18:56:33.546193+00:00', '--job-id', '62', '--raw', '--subdir', 'DAGS_FOLDER/BatchLayerDag.py', '--cfg-path', '/tmp/tmpdvy3epa5']
[2023-12-26T19:03:49.783+0000] {standard_task_runner.py:88} INFO - Job 62: Subtask batch_0
[2023-12-26T19:03:49.810+0000] {task_command.py:423} INFO - Running <TaskInstance: batch_layer.batch_0 manual__2023-12-26T18:56:33.546193+00:00 [running]> on host ba237c0dfd1a
[2023-12-26T19:03:49.858+0000] {taskinstance.py:2481} INFO - Exporting env vars: AIRFLOW_CTX_DAG_EMAIL='airflow@example.com' AIRFLOW_CTX_DAG_OWNER='airflow' AIRFLOW_CTX_DAG_ID='batch_layer' AIRFLOW_CTX_TASK_ID='batch_0' AIRFLOW_CTX_EXECUTION_DATE='2023-12-26T18:56:33.546193+00:00' AIRFLOW_CTX_TRY_NUMBER='1' AIRFLOW_CTX_DAG_RUN_ID='manual__2023-12-26T18:56:33.546193+00:00'
[2023-12-26T19:03:49.904+0000] {hive.py:475} INFO - USE `finnhub_db`
[2023-12-26T19:03:49.940+0000] {hive.py:475} INFO - 
                SELECT *
                FROM finnhub_table
            
[2023-12-26T19:03:50.391+0000] {logging_mixin.py:188} INFO -           date  hour        s        sum_v
0   2023-12-25    13  BINANCE    249.13124
1   2023-12-25    14  BINANCE    908.30372
2   2023-12-25    18  BINANCE    992.47236
3   2023-12-25    20  BINANCE     77.92684
4   2023-12-26    12     AAPL     76.00000
5   2023-12-26    12     AMZN    120.00000
6   2023-12-26    12  BINANCE    508.93292
7   2023-12-26    12     MSFT    440.00000
8   2023-12-26    16     AAPL  16358.00000
9   2023-12-26    16     AMZN  12606.00000
10  2023-12-26    16  BINANCE    226.46959
11  2023-12-26    16     MSFT   6478.00000
[2023-12-26T19:03:50.393+0000] {logging_mixin.py:188} INFO - File '/tmp/batchViews/parquet_output_0.parquet' already exists.
[2023-12-26T19:03:50.427+0000] {logging_mixin.py:188} INFO -           date  hour        s        sum_v
0   2023-12-25    13  BINANCE    249.13124
1   2023-12-25    14  BINANCE    908.30372
2   2023-12-25    18  BINANCE    992.47236
3   2023-12-25    20  BINANCE     77.92684
4   2023-12-26    12     AAPL     76.00000
5   2023-12-26    12     AMZN    120.00000
6   2023-12-26    12  BINANCE    508.93292
7   2023-12-26    12     MSFT    440.00000
8   2023-12-26    16     AAPL  16358.00000
9   2023-12-26    16     AMZN  12606.00000
10  2023-12-26    16  BINANCE    226.46959
11  2023-12-26    16     MSFT   6478.00000
[2023-12-26T19:03:50.429+0000] {python.py:201} INFO - Done. Returned value was: None
[2023-12-26T19:03:50.433+0000] {taskinstance.py:1138} INFO - Marking task as SUCCESS. dag_id=batch_layer, task_id=batch_0, execution_date=20231226T185633, start_date=20231226T190349, end_date=20231226T190350
[2023-12-26T19:03:50.476+0000] {local_task_job_runner.py:234} INFO - Task exited with return code 0
[2023-12-26T19:03:50.484+0000] {taskinstance.py:3281} INFO - 0 downstream tasks scheduled from follow-on schedule check
