[2023-12-26T21:25:44.191+0000] {taskinstance.py:1957} INFO - Dependencies all met for dep_context=non-requeueable deps ti=<TaskInstance: batch_layer.batch_1 manual__2023-12-26T21:17:55.410912+00:00 [queued]>
[2023-12-26T21:25:44.196+0000] {taskinstance.py:1957} INFO - Dependencies all met for dep_context=requeueable deps ti=<TaskInstance: batch_layer.batch_1 manual__2023-12-26T21:17:55.410912+00:00 [queued]>
[2023-12-26T21:25:44.197+0000] {taskinstance.py:2171} INFO - Starting attempt 1 of 2
[2023-12-26T21:25:44.208+0000] {taskinstance.py:2192} INFO - Executing <Task(PythonOperator): batch_1> on 2023-12-26 21:17:55.410912+00:00
[2023-12-26T21:25:44.213+0000] {standard_task_runner.py:60} INFO - Started process 583 to run task
[2023-12-26T21:25:44.216+0000] {standard_task_runner.py:87} INFO - Running: ['airflow', 'tasks', 'run', 'batch_layer', 'batch_1', 'manual__2023-12-26T21:17:55.410912+00:00', '--job-id', '14', '--raw', '--subdir', 'DAGS_FOLDER/BatchLayerDag.py', '--cfg-path', '/tmp/tmp2h5dt8dc']
[2023-12-26T21:25:44.218+0000] {standard_task_runner.py:88} INFO - Job 14: Subtask batch_1
[2023-12-26T21:25:44.246+0000] {task_command.py:423} INFO - Running <TaskInstance: batch_layer.batch_1 manual__2023-12-26T21:17:55.410912+00:00 [running]> on host d26df5132269
[2023-12-26T21:25:44.294+0000] {taskinstance.py:2481} INFO - Exporting env vars: AIRFLOW_CTX_DAG_EMAIL='airflow@example.com' AIRFLOW_CTX_DAG_OWNER='airflow' AIRFLOW_CTX_DAG_ID='batch_layer' AIRFLOW_CTX_TASK_ID='batch_1' AIRFLOW_CTX_EXECUTION_DATE='2023-12-26T21:17:55.410912+00:00' AIRFLOW_CTX_TRY_NUMBER='1' AIRFLOW_CTX_DAG_RUN_ID='manual__2023-12-26T21:17:55.410912+00:00'
[2023-12-26T21:25:44.341+0000] {hive.py:475} INFO - USE `finnhub_db`
[2023-12-26T21:25:44.384+0000] {hive.py:475} INFO - 
                SELECT *
                FROM finnhub_table
            
[2023-12-26T21:25:47.015+0000] {logging_mixin.py:188} INFO -               p crypto_pair                       t        v
0      43694.01     BTCUSDT 2023-12-25 13:10:26.122  0.00095
1      43694.00     BTCUSDT 2023-12-25 13:10:26.314  0.00919
2      43693.84     BTCUSDT 2023-12-25 13:10:26.333  0.00229
3      43684.53     BTCUSDT 2023-12-25 13:10:27.614  0.00229
4      43571.98     BTCUSDT 2023-12-25 18:25:58.632  0.00414
...         ...         ...                     ...      ...
22206  43572.42     BTCUSDT 2023-12-25 18:25:58.632  0.00062
22207  43572.32     BTCUSDT 2023-12-25 18:25:58.632  0.00229
22208  43572.16     BTCUSDT 2023-12-25 18:25:58.632  0.00062
22209  43571.99     BTCUSDT 2023-12-25 18:25:58.632  0.00050
22210  43571.98     BTCUSDT 2023-12-25 18:25:58.632  0.00710

[22211 rows x 4 columns]
[2023-12-26T21:25:47.025+0000] {logging_mixin.py:188} INFO -                         p                             t          v
crypto_pair                                                       
BTCUSDT      43320.763964 2023-12-25 22:46:34.767332608   0.042255
ETHUSDT       2272.951781 2023-12-25 20:45:54.536122624   0.600022
None           238.259430 2023-12-26 16:59:53.788107264  55.181527
[2023-12-26T21:25:47.027+0000] {logging_mixin.py:188} INFO - File '/tmp/batchViews/parquet_output_1.parquet' already exists.
[2023-12-26T21:25:47.059+0000] {logging_mixin.py:188} INFO -                         p                          t          v
crypto_pair                                                    
BTCUSDT      43320.763964 2023-12-25 22:46:34.767332   0.042255
ETHUSDT       2272.951781 2023-12-25 20:45:54.536122   0.600022
None           238.259430 2023-12-26 16:59:53.788107  55.181527
[2023-12-26T21:25:47.062+0000] {python.py:201} INFO - Done. Returned value was: None
[2023-12-26T21:25:47.066+0000] {taskinstance.py:1138} INFO - Marking task as SUCCESS. dag_id=batch_layer, task_id=batch_1, execution_date=20231226T211755, start_date=20231226T212544, end_date=20231226T212547
[2023-12-26T21:25:47.121+0000] {local_task_job_runner.py:234} INFO - Task exited with return code 0
[2023-12-26T21:25:47.129+0000] {taskinstance.py:3281} INFO - 0 downstream tasks scheduled from follow-on schedule check
