[2023-12-26T17:29:25.830+0000] {taskinstance.py:1957} INFO - Dependencies all met for dep_context=non-requeueable deps ti=<TaskInstance: batch_layer.consume_data manual__2023-12-26T17:29:22.301639+00:00 [queued]>
[2023-12-26T17:29:25.834+0000] {taskinstance.py:1957} INFO - Dependencies all met for dep_context=requeueable deps ti=<TaskInstance: batch_layer.consume_data manual__2023-12-26T17:29:22.301639+00:00 [queued]>
[2023-12-26T17:29:25.834+0000] {taskinstance.py:2171} INFO - Starting attempt 1 of 2
[2023-12-26T17:29:25.845+0000] {taskinstance.py:2192} INFO - Executing <Task(PythonOperator): consume_data> on 2023-12-26 17:29:22.301639+00:00
[2023-12-26T17:29:25.850+0000] {standard_task_runner.py:60} INFO - Started process 1358 to run task
[2023-12-26T17:29:25.852+0000] {standard_task_runner.py:87} INFO - Running: ['airflow', 'tasks', 'run', 'batch_layer', 'consume_data', 'manual__2023-12-26T17:29:22.301639+00:00', '--job-id', '42', '--raw', '--subdir', 'DAGS_FOLDER/BatchLayerDag.py', '--cfg-path', '/tmp/tmp3gmh65jc']
[2023-12-26T17:29:25.854+0000] {standard_task_runner.py:88} INFO - Job 42: Subtask consume_data
[2023-12-26T17:29:25.897+0000] {task_command.py:423} INFO - Running <TaskInstance: batch_layer.consume_data manual__2023-12-26T17:29:22.301639+00:00 [running]> on host ba237c0dfd1a
[2023-12-26T17:29:25.955+0000] {taskinstance.py:2481} INFO - Exporting env vars: AIRFLOW_CTX_DAG_EMAIL='airflow@example.com' AIRFLOW_CTX_DAG_OWNER='airflow' AIRFLOW_CTX_DAG_ID='batch_layer' AIRFLOW_CTX_TASK_ID='consume_data' AIRFLOW_CTX_EXECUTION_DATE='2023-12-26T17:29:22.301639+00:00' AIRFLOW_CTX_TRY_NUMBER='1' AIRFLOW_CTX_DAG_RUN_ID='manual__2023-12-26T17:29:22.301639+00:00'
[2023-12-26T17:29:26.004+0000] {hive.py:475} INFO - USE `finnhub_db`
[2023-12-26T17:29:26.038+0000] {hive.py:475} INFO - 
        CREATE TABLE IF NOT EXISTS finnhub_table
        ROW FORMAT SERDE 'org.apache.hadoop.hive.serde2.avro.AvroSerDe'
        STORED AS INPUTFORMAT 'org.apache.hadoop.hive.ql.io.avro.AvroContainerInputFormat'
        OUTPUTFORMAT 'org.apache.hadoop.hive.ql.io.avro.AvroContainerOutputFormat'
        TBLPROPERTIES ('avro.schema.literal'='{"type": "record", "name": "TradeRecord", "fields": [{"name": "p", "type": "double"}, {"name": "exchange", "type": "string"}, {"name": "crypto_pair", "type": "string"}, {"name": "t", "type": "long"}, {"name": "v", "type": "double"}]}')
    
[2023-12-26T17:29:26.085+0000] {hive.py:475} INFO - USE `finnhub_db`
[2023-12-26T17:29:26.115+0000] {hive.py:475} INFO - 
        CREATE TABLE IF NOT EXISTS temp_avro_data
        ROW FORMAT SERDE 'org.apache.hadoop.hive.serde2.avro.AvroSerDe'
        STORED AS INPUTFORMAT 'org.apache.hadoop.hive.ql.io.avro.AvroContainerInputFormat'
        OUTPUTFORMAT 'org.apache.hadoop.hive.ql.io.avro.AvroContainerOutputFormat'
        TBLPROPERTIES ('avro.schema.literal'='{"type": "record", "name": "TradeRecord", "fields": [{"name": "p", "type": "double"}, {"name": "exchange", "type": "string"}, {"name": "crypto_pair", "type": "string"}, {"name": "t", "type": "long"}, {"name": "v", "type": "double"}]}')
    
[2023-12-26T17:29:26.125+0000] {logging_mixin.py:188} INFO - [[{'c': None, 'p': 42337.52, 's': 'BINANCE:BTCUSDT', 't': 1703608874130, 'v': 0.00332}, {'c': None, 'p': 42337.52, 's': 'BINANCE:BTCUSDT', 't': 1703608874133, 'v': 0.00753}, {'c': None, 'p': 42337.52, 's': 'BINANCE:BTCUSDT', 't': 1703608874136, 'v': 0.00044}, {'c': None, 'p': 42337.51, 's': 'BINANCE:BTCUSDT', 't': 1703608874803, 'v': 0.00192}, {'c': None, 'p': 42337.51, 's': 'BINANCE:BTCUSDT', 't': 1703608874307, 'v': 0.00152}, {'c': ['1', '12'], 'p': 153.4141, 's': 'AMZN', 't': 1703608874597, 'v': 15}, {'c': ['1', '12'], 'p': 153.415, 's': 'AMZN', 't': 1703608874697, 'v': 1}, {'c': None, 'p': 42337.51, 's': 'BINANCE:BTCUSDT', 't': 1703608874548, 'v': 0.00022}, {'c': None, 'p': 2225.19, 's': 'BINANCE:ETHUSDT', 't': 1703608874571, 'v': 0.0265}, {'c': None, 'p': 2225.19, 's': 'BINANCE:ETHUSDT', 't': 1703608874571, 'v': 0.083}], [{'c': ['1', '8', '12'], 'p': 374.53, 's': 'MSFT', 't': 1703608874733, 'v': 49}, {'c': ['1', '8', '12'], 'p': 374.53, 's': 'MSFT', 't': 1703608874733, 'v': 1}, {'c': ['1', '8', '12'], 'p': 374.53, 's': 'MSFT', 't': 1703608874734, 'v': 2}, {'c': ['1', '8', '12'], 'p': 374.53, 's': 'MSFT', 't': 1703608874734, 'v': 10}, {'c': ['1', '8', '12'], 'p': 374.53, 's': 'MSFT', 't': 1703608874734, 'v': 10}, {'c': ['1', '8', '12'], 'p': 374.53, 's': 'MSFT', 't': 1703608874734, 'v': 80}, {'c': ['1', '8'], 'p': 374.53, 's': 'MSFT', 't': 1703608874734, 'v': 100}, {'c': ['1', '8', '12'], 'p': 374.53, 's': 'MSFT', 't': 1703608874734, 'v': 1}, {'c': ['1', '8', '12'], 'p': 374.53, 's': 'MSFT', 't': 1703608874734, 'v': 1}, {'c': ['1', '8', '12'], 'p': 374.53, 's': 'MSFT', 't': 1703608874734, 'v': 59}], [{'c': ['1', '8', '12'], 'p': 374.53, 's': 'MSFT', 't': 1703608874734, 'v': 41}, {'c': ['1', '8', '12'], 'p': 374.53, 's': 'MSFT', 't': 1703608874734, 'v': 15}, {'c': ['1', '8', '12'], 'p': 374.53, 's': 'MSFT', 't': 1703608874734, 'v': 4}, {'c': ['1', '8', '12'], 'p': 374.53, 's': 'MSFT', 't': 1703608874734, 'v': 9}, {'c': ['1', '12'], 'p': 374.53, 's': 'MSFT', 't': 1703608874734, 'v': 1}, {'c': ['1', '12'], 'p': 374.53, 's': 'MSFT', 't': 1703608874734, 'v': 40}, {'c': ['1', '12'], 'p': 374.53, 's': 'MSFT', 't': 1703608874734, 'v': 9}, {'c': ['1', '12'], 'p': 374.53, 's': 'MSFT', 't': 1703608874734, 'v': 5}, {'c': ['1', '8', '12'], 'p': 374.54, 's': 'MSFT', 't': 1703608874734, 'v': 21}, {'c': ['1', '8', '12'], 'p': 374.54, 's': 'MSFT', 't': 1703608874734, 'v': 18}], [{'c': ['1', '8', '12'], 'p': 374.54, 's': 'MSFT', 't': 1703608874734, 'v': 1}, {'c': ['1', '12'], 'p': 374.53, 's': 'MSFT', 't': 1703608874734, 'v': 1}, {'c': ['1', '8', '12'], 'p': 374.54, 's': 'MSFT', 't': 1703608874734, 'v': 10}, {'c': ['1', '8', '12'], 'p': 374.54, 's': 'MSFT', 't': 1703608874734, 'v': 13}, {'c': ['1', '8', '12'], 'p': 374.55, 's': 'MSFT', 't': 1703608874735, 'v': 2}, {'c': ['1', '8', '12'], 'p': 374.55, 's': 'MSFT', 't': 1703608874735, 'v': 3}, {'c': ['1', '12'], 'p': 374.53, 's': 'MSFT', 't': 1703608874735, 'v': 50}, {'c': ['1', '12'], 'p': 374.53, 's': 'MSFT', 't': 1703608874735, 'v': 50}, {'c': ['1', '8', '12'], 'p': 374.55, 's': 'MSFT', 't': 1703608874735, 'v': 3}, {'c': None, 'p': 42337.51, 's': 'BINANCE:BTCUSDT', 't': 1703608874587, 'v': 0.02251}], [{'c': None, 'p': 42337.51, 's': 'BINANCE:BTCUSDT', 't': 1703608874587, 'v': 0.00065}, {'c': ['1', '8'], 'p': 193.12, 's': 'AAPL', 't': 1703608874756, 'v': 100}, {'c': ['1', '8'], 'p': 193.12, 's': 'AAPL', 't': 1703608874756, 'v': 100}, {'c': ['1', '8', '12'], 'p': 193.12, 's': 'AAPL', 't': 1703608874756, 'v': 1}, {'c': ['1', '8', '12'], 'p': 193.12, 's': 'AAPL', 't': 1703608874756, 'v': 35}, {'c': ['1', '8', '12'], 'p': 193.12, 's': 'AAPL', 't': 1703608874756, 'v': 75}, {'c': ['1', '8', '12'], 'p': 193.12, 's': 'AAPL', 't': 1703608874756, 'v': 25}, {'c': ['1', '8', '12'], 'p': 193.12, 's': 'AAPL', 't': 1703608874756, 'v': 75}, {'c': ['1', '8', '12'], 'p': 193.12, 's': 'AAPL', 't': 1703608874756, 'v': 5}, {'c': ['1', '8', '12'], 'p': 193.12, 's': 'AAPL', 't': 1703608874756, 'v': 3}], [{'c': ['1', '8', '12'], 'p': 193.12, 's': 'AAPL', 't': 1703608874756, 'v': 61}, {'c': ['1', '8', '12'], 'p': 193.12, 's': 'AAPL', 't': 1703608874756, 'v': 42}, {'c': ['1', '8'], 'p': 193.12, 's': 'AAPL', 't': 1703608874756, 'v': 100}, {'c': ['1', '8', '12'], 'p': 193.12, 's': 'AAPL', 't': 1703608874756, 'v': 97}, {'c': ['1', '8'], 'p': 193.12, 's': 'AAPL', 't': 1703608874756, 'v': 120}, {'c': ['1', '8', '12'], 'p': 193.12, 's': 'AAPL', 't': 1703608874756, 'v': 1}, {'c': ['1'], 'p': 193.12, 's': 'AAPL', 't': 1703608874758, 'v': 100}, {'c': ['1'], 'p': 193.12, 's': 'AAPL', 't': 1703608874758, 'v': 100}, {'c': ['1', '12'], 'p': 193.12, 's': 'AAPL', 't': 1703608874758, 'v': 9}, {'c': ['1', '12'], 'p': 193.12, 's': 'AAPL', 't': 1703608874758, 'v': 91}], [{'c': ['1', '8', '12'], 'p': 374.55, 's': 'MSFT', 't': 1703608874759, 'v': 3}, {'c': ['1', '8', '12'], 'p': 374.55, 's': 'MSFT', 't': 1703608874759, 'v': 1}, {'c': ['1', '8', '12'], 'p': 153.42, 's': 'AMZN', 't': 1703608874763, 'v': 37}, {'c': ['1', '12'], 'p': 153.42, 's': 'AMZN', 't': 1703608874763, 'v': 63}, {'c': ['1', '12'], 'p': 153.42, 's': 'AMZN', 't': 1703608874763, 'v': 1}, {'c': ['1', '12'], 'p': 153.42, 's': 'AMZN', 't': 1703608874763, 'v': 22}, {'c': ['1'], 'p': 153.42, 's': 'AMZN', 't': 1703608874763, 'v': 178}, {'c': ['1'], 'p': 153.42, 's': 'AMZN', 't': 1703608874763, 'v': 100}, {'c': ['1', '12'], 'p': 153.42, 's': 'AMZN', 't': 1703608874763, 'v': 1}, {'c': ['1', '8'], 'p': 153.42, 's': 'AMZN', 't': 1703608874763, 'v': 182}], [{'c': ['1', '8', '12'], 'p': 153.42, 's': 'AMZN', 't': 1703608874763, 'v': 18}, {'c': ['1', '8', '12'], 'p': 153.42, 's': 'AMZN', 't': 1703608874763, 'v': 27}, {'c': ['1', '8'], 'p': 153.42, 's': 'AMZN', 't': 1703608874763, 'v': 100}, {'c': ['1', '12'], 'p': 153.42, 's': 'AMZN', 't': 1703608874763, 'v': 21}, {'c': ['1', '8', '12'], 'p': 153.42, 's': 'AMZN', 't': 1703608874763, 'v': 1}, {'c': ['1', '8'], 'p': 153.42, 's': 'AMZN', 't': 1703608874763, 'v': 100}, {'c': ['1', '8', '12'], 'p': 153.42, 's': 'AMZN', 't': 1703608874763, 'v': 79}, {'c': ['1', '8', '12'], 'p': 153.42, 's': 'AMZN', 't': 1703608874763, 'v': 1}, {'c': ['1', '8', '12'], 'p': 153.42, 's': 'AMZN', 't': 1703608874763, 'v': 6}, {'c': ['1', '8', '12'], 'p': 153.42, 's': 'AMZN', 't': 1703608874763, 'v': 89}], [{'c': ['1', '8', '12'], 'p': 153.42, 's': 'AMZN', 't': 1703608874763, 'v': 5}, {'c': ['1', '8', '12'], 'p': 153.43, 's': 'AMZN', 't': 1703608874763, 'v': 5}, {'c': ['1', '8'], 'p': 153.43, 's': 'AMZN', 't': 1703608874763, 'v': 100}, {'c': ['1', '8', '12'], 'p': 153.43, 's': 'AMZN', 't': 1703608874763, 'v': 1}, {'c': ['1', '8', '12'], 'p': 153.43, 's': 'AMZN', 't': 1703608874763, 'v': 49}, {'c': ['1', '8', '12'], 'p': 153.42, 's': 'AMZN', 't': 1703608874763, 'v': 70}, {'c': ['1', '12'], 'p': 153.43, 's': 'AMZN', 't': 1703608874763, 'v': 51}, {'c': ['1', '32', '12'], 'p': 153.4078, 's': 'AMZN', 't': 1703608874764, 'v': 50}, {'c': ['1', '12'], 'p': 153.43, 's': 'AMZN', 't': 1703608874764, 'v': 16}, {'c': ['1', '12'], 'p': 153.42, 's': 'AMZN', 't': 1703608874764, 'v': 1}], [{'c': ['1'], 'p': 193.125, 's': 'AAPL', 't': 1703608874772, 'v': 100}, {'c': ['1', '8', '12'], 'p': 374.55, 's': 'MSFT', 't': 1703608874784, 'v': 3}, {'c': ['1', '12'], 'p': 374.55, 's': 'MSFT', 't': 1703608874789, 'v': 2}, {'c': ['1', '12'], 'p': 153.43, 's': 'AMZN', 't': 1703608874782, 'v': 5}, {'c': None, 'p': 42337.52, 's': 'BINANCE:BTCUSDT', 't': 1703608874649, 'v': 0.0435}, {'c': None, 'p': 2225.19, 's': 'BINANCE:ETHUSDT', 't': 1703608874691, 'v': 0.0272}, {'c': ['1', '12'], 'p': 374.55, 's': 'MSFT', 't': 1703608874854, 'v': 95}, {'c': ['1'], 'p': 374.55, 's': 'MSFT', 't': 1703608874854, 'v': 100}, {'c': ['1'], 'p': 374.56, 's': 'MSFT', 't': 1703608874854, 'v': 194}, {'c': ['1'], 'p': 374.56, 's': 'MSFT', 't': 1703608874854, 'v': 206}]]
[2023-12-26T17:29:26.126+0000] {hive.py:475} INFO - 
                            INSERT INTO temp_avro_data
                            VALUES (

                                42337.52,
                                'BINANCE',  -- New 'exchange' attribute
                                'BTCUSDT',  -- New 'crypto_pair' attribute
                                1703608874130,
                                0.00332
                            )
                        
[2023-12-26T17:29:28.391+0000] {hive.py:475} INFO - 
                            INSERT INTO temp_avro_data
                            VALUES (

                                42337.52,
                                'BINANCE',  -- New 'exchange' attribute
                                'BTCUSDT',  -- New 'crypto_pair' attribute
                                1703608874133,
                                0.00753
                            )
                        
[2023-12-26T17:29:30.633+0000] {hive.py:475} INFO - 
                            INSERT INTO temp_avro_data
                            VALUES (

                                42337.52,
                                'BINANCE',  -- New 'exchange' attribute
                                'BTCUSDT',  -- New 'crypto_pair' attribute
                                1703608874136,
                                0.00044
                            )
                        
[2023-12-26T17:29:32.808+0000] {hive.py:475} INFO - 
                            INSERT INTO temp_avro_data
                            VALUES (

                                42337.51,
                                'BINANCE',  -- New 'exchange' attribute
                                'BTCUSDT',  -- New 'crypto_pair' attribute
                                1703608874803,
                                0.00192
                            )
                        
[2023-12-26T17:29:34.999+0000] {hive.py:475} INFO - 
                            INSERT INTO temp_avro_data
                            VALUES (

                                42337.51,
                                'BINANCE',  -- New 'exchange' attribute
                                'BTCUSDT',  -- New 'crypto_pair' attribute
                                1703608874307,
                                0.00152
                            )
                        
[2023-12-26T17:29:37.607+0000] {hive.py:475} INFO - 
                            INSERT INTO temp_avro_data
                            VALUES (

                                153.4141,
                                'AMZN',  -- New 'exchange' attribute
                                'None',  -- New 'crypto_pair' attribute
                                1703608874597,
                                15
                            )
                        
[2023-12-26T17:29:39.814+0000] {hive.py:475} INFO - 
                            INSERT INTO temp_avro_data
                            VALUES (

                                153.415,
                                'AMZN',  -- New 'exchange' attribute
                                'None',  -- New 'crypto_pair' attribute
                                1703608874697,
                                1
                            )
                        
[2023-12-26T17:29:41.979+0000] {hive.py:475} INFO - 
                            INSERT INTO temp_avro_data
                            VALUES (

                                42337.51,
                                'BINANCE',  -- New 'exchange' attribute
                                'BTCUSDT',  -- New 'crypto_pair' attribute
                                1703608874548,
                                0.00022
                            )
                        
[2023-12-26T17:29:44.717+0000] {hive.py:475} INFO - 
                            INSERT INTO temp_avro_data
                            VALUES (

                                2225.19,
                                'BINANCE',  -- New 'exchange' attribute
                                'ETHUSDT',  -- New 'crypto_pair' attribute
                                1703608874571,
                                0.0265
                            )
                        
[2023-12-26T17:29:46.006+0000] {local_task_job_runner.py:302} WARNING - State of this instance has been externally set to success. Terminating instance.
[2023-12-26T17:29:46.007+0000] {process_utils.py:131} INFO - Sending Signals.SIGTERM to group 1358. PIDs of all processes in the group: [1358]
[2023-12-26T17:29:46.008+0000] {process_utils.py:86} INFO - Sending the signal Signals.SIGTERM to group 1358
[2023-12-26T17:29:46.008+0000] {taskinstance.py:2451} ERROR - Received SIGTERM. Terminating subprocesses.
[2023-12-26T17:29:46.008+0000] {logging_mixin.py:188} INFO - Error processing and inserting into Hive: Task received SIGTERM signal
[2023-12-26T17:29:46.009+0000] {logging_mixin.py:188} INFO - [[{'c': ['1'], 'p': 374.57, 's': 'MSFT', 't': 1703608874857, 'v': 100}, {'c': ['1'], 'p': 193.13, 's': 'AAPL', 't': 1703608874876, 'v': 100}, {'c': ['1', '12'], 'p': 193.13, 's': 'AAPL', 't': 1703608874876, 'v': 10}, {'c': ['1', '12'], 'p': 153.4388, 's': 'AMZN', 't': 1703608874876, 'v': 1}, {'c': None, 'p': 42337.52, 's': 'BINANCE:BTCUSDT', 't': 1703608874765, 'v': 0.00034}, {'c': ['1', '12'], 'p': 193.1269, 's': 'AAPL', 't': 1703608874929, 'v': 6}, {'c': ['1', '32', '12'], 'p': 193.12, 's': 'AAPL', 't': 1703608874939, 'v': 1}, {'c': ['1', '12'], 'p': 153.435, 's': 'AMZN', 't': 1703608875055, 'v': 3}, {'c': None, 'p': 42337.52, 's': 'BINANCE:BTCUSDT', 't': 1703608874858, 'v': 0.12}, {'c': ['1', '8', '12'], 'p': 153.44, 's': 'AMZN', 't': 1703608875020, 'v': 13}], [{'c': ['1', '8', '12'], 'p': 153.44, 's': 'AMZN', 't': 1703608875021, 'v': 13}, {'c': ['1', '8', '12'], 'p': 153.44, 's': 'AMZN', 't': 1703608875021, 'v': 1}, {'c': ['1', '12'], 'p': 153.44, 's': 'AMZN', 't': 1703608875021, 'v': 5}, {'c': ['1', '12'], 'p': 153.435, 's': 'AMZN', 't': 1703608875022, 'v': 1}, {'c': ['1', '12'], 'p': 153.4399, 's': 'AMZN', 't': 1703608875029, 'v': 1}, {'c': ['1', '12'], 'p': 153.435, 's': 'AMZN', 't': 1703608875029, 'v': 3}, {'c': ['1', '12'], 'p': 153.44, 's': 'AMZN', 't': 1703608875029, 'v': 6}, {'c': ['1', '12'], 'p': 153.44, 's': 'AMZN', 't': 1703608875030, 'v': 20}, {'c': ['1', '12'], 'p': 153.435, 's': 'AMZN', 't': 1703608875068, 'v': 1}, {'c': None, 'p': 42337.51, 's': 'BINANCE:BTCUSDT', 't': 1703608874946, 'v': 0.00753}], [{'c': ['1', '12'], 'p': 153.4102, 's': 'AMZN', 't': 1703608875190, 'v': 3}, {'c': ['1', '12'], 'p': 193.128, 's': 'AAPL', 't': 1703608875225, 'v': 1}, {'c': ['1', '12'], 'p': 193.128, 's': 'AAPL', 't': 1703608875281, 'v': 1}, {'c': ['1', '12'], 'p': 374.56, 's': 'MSFT', 't': 1703608875408, 'v': 1}, {'c': ['1', '12'], 'p': 193.13, 's': 'AAPL', 't': 1703608875446, 'v': 78}, {'c': None, 'p': 2225.18, 's': 'BINANCE:ETHUSDT', 't': 1703608875370, 'v': 0.0237}, {'c': None, 'p': 42337.52, 's': 'BINANCE:BTCUSDT', 't': 1703608875374, 'v': 0.00119}, {'c': ['1', '12'], 'p': 193.12, 's': 'AAPL', 't': 1703608875737, 'v': 33}, {'c': ['1'], 'p': 193.13, 's': 'AAPL', 't': 1703608875745, 'v': 100}, {'c': ['1', '12'], 'p': 374.55, 's': 'MSFT', 't': 1703608875782, 'v': 1}], [{'c': ['1', '12'], 'p': 153.435, 's': 'AMZN', 't': 1703608875898, 'v': 10}, {'c': ['1', '8', '12'], 'p': 374.57, 's': 'MSFT', 't': 1703608875916, 'v': 30}, {'c': ['1', '8', '12'], 'p': 374.57, 's': 'MSFT', 't': 1703608875916, 'v': 70}, {'c': ['1', '12'], 'p': 374.57, 's': 'MSFT', 't': 1703608875916, 'v': 14}, {'c': ['1', '12'], 'p': 374.58, 's': 'MSFT', 't': 1703608875916, 'v': 1}, {'c': None, 'p': 42337.52, 's': 'BINANCE:BTCUSDT', 't': 1703608875775, 'v': 0.00075}, {'c': ['1', '12'], 'p': 153.43, 's': 'AMZN', 't': 1703608875994, 'v': 1}, {'c': None, 'p': 2225.19, 's': 'BINANCE:ETHUSDT', 't': 1703608875869, 'v': 0.4}, {'c': None, 'p': 42337.51, 's': 'BINANCE:BTCUSDT', 't': 1703608875954, 'v': 0.00143}, {'c': None, 'p': 42337.52, 's': 'BINANCE:BTCUSDT', 't': 1703608875968, 'v': 0.00377}], [{'c': None, 'p': 42337.52, 's': 'BINANCE:BTCUSDT', 't': 1703608875974, 'v': 0.07515}, {'c': None, 'p': 42337.52, 's': 'BINANCE:BTCUSDT', 't': 1703608875974, 'v': 0.01931}, {'c': None, 'p': 42337.52, 's': 'BINANCE:BTCUSDT', 't': 1703608876005, 'v': 0.01173}, {'c': None, 'p': 2225.18, 's': 'BINANCE:ETHUSDT', 't': 1703608876023, 'v': 0.1198}, {'c': None, 'p': 2225.18, 's': 'BINANCE:ETHUSDT', 't': 1703608876072, 'v': 0.004}, {'c': ['1', '12'], 'p': 153.438, 's': 'AMZN', 't': 1703608876317, 'v': 1}, {'c': ['1', '12'], 'p': 193.1204, 's': 'AAPL', 't': 1703608876346, 'v': 50}, {'c': None, 'p': 42337.52, 's': 'BINANCE:BTCUSDT', 't': 1703608876275, 'v': 0.00111}, {'c': ['1', '12'], 'p': 193.122, 's': 'AAPL', 't': 1703608876456, 'v': 1}, {'c': None, 'p': 42337.52, 's': 'BINANCE:BTCUSDT', 't': 1703608876315, 'v': 0.02361}], [{'c': ['1', '12'], 'p': 193.1258, 's': 'AAPL', 't': 1703608876572, 'v': 1}, {'c': ['1'], 'p': 153.4388, 's': 'AMZN', 't': 1703608876597, 'v': 250}, {'c': ['1', '12'], 'p': 193.125, 's': 'AAPL', 't': 1703608876641, 'v': 50}, {'c': None, 'p': 42337.52, 's': 'BINANCE:BTCUSDT', 't': 1703608876495, 'v': 0.00753}, {'c': ['1', '12'], 'p': 374.575, 's': 'MSFT', 't': 1703608876663, 'v': 1}, {'c': ['1', '12'], 'p': 374.58, 's': 'MSFT', 't': 1703608876716, 'v': 2}, {'c': ['1', '12'], 'p': 374.58, 's': 'MSFT', 't': 1703608876716, 'v': 1}, {'c': ['1', '12'], 'p': 374.59, 's': 'MSFT', 't': 1703608876717, 'v': 1}, {'c': ['1', '12'], 'p': 374.58, 's': 'MSFT', 't': 1703608876717, 'v': 1}, {'c': ['1', '8', '12'], 'p': 374.58, 's': 'MSFT', 't': 1703608876717, 'v': 2}], [{'c': ['1', '12'], 'p': 374.58, 's': 'MSFT', 't': 1703608876718, 'v': 10}, {'c': ['1', '12'], 'p': 374.58, 's': 'MSFT', 't': 1703608876718, 'v': 50}, {'c': ['1', '12'], 'p': 374.58, 's': 'MSFT', 't': 1703608876720, 'v': 1}, {'c': ['1', '12'], 'p': 374.59, 's': 'MSFT', 't': 1703608876721, 'v': 64}, {'c': ['1', '12'], 'p': 193.125, 's': 'AAPL', 't': 1703608876852, 'v': 2}, {'c': ['1'], 'p': 153.44, 's': 'AMZN', 't': 1703608876863, 'v': 100}, {'c': ['1'], 'p': 153.44, 's': 'AMZN', 't': 1703608876864, 'v': 100}, {'c': ['1', '12'], 'p': 374.5841, 's': 'MSFT', 't': 1703608876874, 'v': 4}, {'c': ['1', '12'], 'p': 153.445, 's': 'AMZN', 't': 1703608876874, 'v': 2}, {'c': None, 'p': 2225.18, 's': 'BINANCE:ETHUSDT', 't': 1703608876812, 'v': 0.0646}], [{'c': ['1'], 'p': 193.125, 's': 'AAPL', 't': 1703608876970, 'v': 200}], [{'c': None, 'p': 42337.52, 's': 'BINANCE:BTCUSDT', 't': 1703608877052, 'v': 0.00019}, {'c': ['1', '12'], 'p': 193.125, 's': 'AAPL', 't': 1703608877292, 'v': 9}, {'c': ['1', '12'], 'p': 193.12, 's': 'AAPL', 't': 1703608877318, 'v': 50}, {'c': ['1', '12'], 'p': 374.575, 's': 'MSFT', 't': 1703608877394, 'v': 30}, {'c': None, 'p': 42337.51, 's': 'BINANCE:BTCUSDT', 't': 1703608877254, 'v': 0.00593}, {'c': ['1', '12'], 'p': 374.594, 's': 'MSFT', 't': 1703608877443, 'v': 68}, {'c': None, 'p': 42337.52, 's': 'BINANCE:BTCUSDT', 't': 1703608877294, 'v': 0.01}, {'c': ['1'], 'p': 153.4366, 's': 'AMZN', 't': 1703608877539, 'v': 3000}, {'c': None, 'p': 42337.51, 's': 'BINANCE:BTCUSDT', 't': 1703608877392, 'v': 0.0002}, {'c': ['1', '12'], 'p': 153.44, 's': 'AMZN', 't': 1703608877567, 'v': 5}], [{'c': ['1', '8', '12'], 'p': 153.44, 's': 'AMZN', 't': 1703608877567, 'v': 4}, {'c': ['1', '12'], 'p': 193.13, 's': 'AAPL', 't': 1703608877585, 'v': 50}, {'c': ['1', '12'], 'p': 193.125, 's': 'AAPL', 't': 1703608877588, 'v': 50}, {'c': ['1', '12'], 'p': 193.125, 's': 'AAPL', 't': 1703608877664, 'v': 18}, {'c': ['1'], 'p': 153.435, 's': 'AMZN', 't': 1703608877671, 'v': 1200}, {'c': None, 'p': 42337.52, 's': 'BINANCE:BTCUSDT', 't': 1703608877603, 'v': 0.00017}, {'c': None, 'p': 2225.18, 's': 'BINANCE:ETHUSDT', 't': 1703608877854, 'v': 1.0616}, {'c': None, 'p': 2225.18, 's': 'BINANCE:ETHUSDT', 't': 1703608877854, 'v': 0.9384}, {'c': None, 'p': 42337.52, 's': 'BINANCE:BTCUSDT', 't': 1703608877854, 'v': 0.00059}, {'c': None, 'p': 42337.52, 's': 'BINANCE:BTCUSDT', 't': 1703608877621, 'v': 0.00331}]]
[2023-12-26T17:29:46.009+0000] {hive.py:475} INFO - 
                            INSERT INTO temp_avro_data
                            VALUES (

                                374.57,
                                'MSFT',  -- New 'exchange' attribute
                                'None',  -- New 'crypto_pair' attribute
                                1703608874857,
                                100
                            )
                        
[2023-12-26T17:29:49.378+0000] {logging_mixin.py:188} INFO - Error processing and inserting into Hive: 'utf-8' codec can't decode byte 0x99 in position 0: invalid start byte
[2023-12-26T17:29:49.379+0000] {logging_mixin.py:188} INFO - [[{'c': None, 'p': 42337.51, 's': 'BINANCE:BTCUSDT', 't': 1703608877631, 'v': 0.01104}, {'c': None, 'p': 42337.52, 's': 'BINANCE:BTCUSDT', 't': 1703608877652, 'v': 0.00052}, {'c': None, 'p': 2225.19, 's': 'BINANCE:ETHUSDT', 't': 1703608877660, 'v': 1.675}, {'c': None, 'p': 42337.51, 's': 'BINANCE:BTCUSDT', 't': 1703608877793, 'v': 0.00195}, {'c': ['1', '8', '12'], 'p': 374.58, 's': 'MSFT', 't': 1703608877974, 'v': 2}, {'c': ['1', '12'], 'p': 193.12, 's': 'AAPL', 't': 1703608877983, 'v': 29}, {'c': ['1', '12'], 'p': 193.125, 's': 'AAPL', 't': 1703608878088, 'v': 1}], [{'c': ['1', '12'], 'p': 193.12, 's': 'AAPL', 't': 1703608878169, 'v': 1}, {'c': ['1', '12'], 'p': 193.1265, 's': 'AAPL', 't': 1703608878191, 'v': 29}, {'c': ['1', '12'], 'p': 193.125, 's': 'AAPL', 't': 1703608878218, 'v': 20}, {'c': ['1', '12'], 'p': 153.4362, 's': 'AMZN', 't': 1703608878316, 'v': 50}, {'c': ['1', '12'], 'p': 374.6, 's': 'MSFT', 't': 1703608878344, 'v': 10}, {'c': None, 'p': 42337.52, 's': 'BINANCE:BTCUSDT', 't': 1703608878207, 'v': 0.00594}, {'c': ['1'], 'p': 374.5701, 's': 'MSFT', 't': 1703608878522, 'v': 183}, {'c': None, 'p': 42337.52, 's': 'BINANCE:BTCUSDT', 't': 1703608878366, 'v': 0.00019}, {'c': ['1'], 'p': 193.125, 's': 'AAPL', 't': 1703608878544, 'v': 300}, {'c': None, 'p': 42337.52, 's': 'BINANCE:BTCUSDT', 't': 1703608878430, 'v': 0.02943}], [{'c': None, 'p': 42337.52, 's': 'BINANCE:BTCUSDT', 't': 1703608878430, 'v': 0.58401}, {'c': None, 'p': 42337.52, 's': 'BINANCE:BTCUSDT', 't': 1703608878430, 'v': 0.00012}, {'c': None, 'p': 42337.52, 's': 'BINANCE:BTCUSDT', 't': 1703608878430, 'v': 0.11363}, {'c': None, 'p': 42337.52, 's': 'BINANCE:BTCUSDT', 't': 1703608878430, 'v': 0.27281}, {'c': None, 'p': 42337.52, 's': 'BINANCE:BTCUSDT', 't': 1703608878914, 'v': 0.00019}, {'c': ['1'], 'p': 193.125, 's': 'AAPL', 't': 1703608878616, 'v': 500}, {'c': ['1', '12'], 'p': 153.43, 's': 'AMZN', 't': 1703608878633, 'v': 1}, {'c': None, 'p': 42337.52, 's': 'BINANCE:BTCUSDT', 't': 1703608878529, 'v': 0.00719}, {'c': None, 'p': 42337.52, 's': 'BINANCE:BTCUSDT', 't': 1703608878529, 'v': 3e-05}, {'c': ['1'], 'p': 193.125, 's': 'AAPL', 't': 1703608878704, 'v': 100}], [{'c': ['1', '12'], 'p': 193.125, 's': 'AAPL', 't': 1703608878796, 'v': 1}, {'c': ['1', '12'], 'p': 153.4388, 's': 'AMZN', 't': 1703608878884, 'v': 1}, {'c': None, 'p': 42337.51, 's': 'BINANCE:BTCUSDT', 't': 1703608878734, 'v': 0.00752}, {'c': ['1', '8', '12'], 'p': 193.125, 's': 'AAPL', 't': 1703608878917, 'v': 23}, {'c': ['1', '12'], 'p': 193.12, 's': 'AAPL', 't': 1703608878923, 'v': 1}, {'c': None, 'p': 42337.52, 's': 'BINANCE:BTCUSDT', 't': 1703608878938, 'v': 0.00019}, {'c': None, 'p': 42337.52, 's': 'BINANCE:BTCUSDT', 't': 1703608878962, 'v': 0.00019}, {'c': ['1', '12'], 'p': 153.435, 's': 'AMZN', 't': 1703608879136, 'v': 10}, {'c': None, 'p': 42337.52, 's': 'BINANCE:BTCUSDT', 't': 1703608878990, 'v': 0.00019}, {'c': ['1', '8', '12'], 'p': 193.13, 's': 'AAPL', 't': 1703608879157, 'v': 1}], [{'c': ['1', '8'], 'p': 193.13, 's': 'AAPL', 't': 1703608879157, 'v': 100}, {'c': ['1', '8'], 'p': 193.13, 's': 'AAPL', 't': 1703608879157, 'v': 100}, {'c': ['1', '8', '12'], 'p': 193.13, 's': 'AAPL', 't': 1703608879157, 'v': 3}, {'c': ['1', '8'], 'p': 193.13, 's': 'AAPL', 't': 1703608879157, 'v': 200}, {'c': ['1', '8'], 'p': 193.13, 's': 'AAPL', 't': 1703608879157, 'v': 100}, {'c': ['1', '8'], 'p': 193.13, 's': 'AAPL', 't': 1703608879157, 'v': 100}, {'c': ['1', '8', '12'], 'p': 193.13, 's': 'AAPL', 't': 1703608879158, 'v': 10}, {'c': ['1', '8', '12'], 'p': 193.13, 's': 'AAPL', 't': 1703608879158, 'v': 20}, {'c': ['1', '8', '12'], 'p': 193.13, 's': 'AAPL', 't': 1703608879158, 'v': 1}, {'c': ['1', '8'], 'p': 193.13, 's': 'AAPL', 't': 1703608879158, 'v': 100}], [{'c': ['1', '8', '12'], 'p': 193.13, 's': 'AAPL', 't': 1703608879158, 'v': 1}, {'c': ['1', '12'], 'p': 193.13, 's': 'AAPL', 't': 1703608879158, 'v': 9}, {'c': ['1', '12'], 'p': 193.13, 's': 'AAPL', 't': 1703608879158, 'v': 9}], [{'c': ['1'], 'p': 193.135, 's': 'AAPL', 't': 1703608879164, 'v': 100}, {'c': ['1', '12'], 'p': 153.435, 's': 'AMZN', 't': 1703608879167, 'v': 1}, {'c': ['1'], 'p': 193.135, 's': 'AAPL', 't': 1703608879167, 'v': 100}, {'c': None, 'p': 42337.52, 's': 'BINANCE:BTCUSDT', 't': 1703608879014, 'v': 0.00019}, {'c': None, 'p': 42337.52, 's': 'BINANCE:BTCUSDT', 't': 1703608879040, 'v': 0.00019}, {'c': ['1', '12'], 'p': 193.14, 's': 'AAPL', 't': 1703608879202, 'v': 50}, {'c': ['1', '12'], 'p': 374.6, 's': 'MSFT', 't': 1703608879212, 'v': 1}, {'c': None, 'p': 2225.19, 's': 'BINANCE:ETHUSDT', 't': 1703608879214, 'v': 3.4132}, {'c': ['1'], 'p': 153.435, 's': 'AMZN', 't': 1703608879386, 'v': 100}, {'c': ['1', '12'], 'p': 193.14, 's': 'AAPL', 't': 1703608879408, 'v': 2}], [{'c': None, 'p': 42337.51, 's': 'BINANCE:BTCUSDT', 't': 1703608879288, 'v': 0.00034}, {'c': None, 'p': 42337.52, 's': 'BINANCE:BTCUSDT', 't': 1703608879293, 'v': 0.05}, {'c': ['1', '12'], 'p': 374.585, 's': 'MSFT', 't': 1703608879512, 'v': 1}, {'c': ['1'], 'p': 153.435, 's': 'AMZN', 't': 1703608879633, 'v': 100}, {'c': ['1', '12'], 'p': 153.438, 's': 'AMZN', 't': 1703608879671, 'v': 1}, {'c': ['1', '12'], 'p': 193.14, 's': 'AAPL', 't': 1703608879671, 'v': 1}, {'c': None, 'p': 42337.52, 's': 'BINANCE:BTCUSDT', 't': 1703608879792, 'v': 0.00753}, {'c': None, 'p': 42337.51, 's': 'BINANCE:BTCUSDT', 't': 1703608879911, 'v': 0.00075}, {'c': ['1', '12'], 'p': 193.14, 's': 'AAPL', 't': 1703608880068, 'v': 1}, {'c': ['1', '12'], 'p': 193.1397, 's': 'AAPL', 't': 1703608880086, 'v': 50}], [{'c': ['1', '12'], 'p': 153.43, 's': 'AMZN', 't': 1703608880144, 'v': 67}, {'c': ['1'], 'p': 153.43, 's': 'AMZN', 't': 1703608880144, 'v': 100}, {'c': ['1'], 'p': 153.43, 's': 'AMZN', 't': 1703608880144, 'v': 100}, {'c': ['1', '12'], 'p': 153.43, 's': 'AMZN', 't': 1703608880144, 'v': 19}, {'c': ['1'], 'p': 153.43, 's': 'AMZN', 't': 1703608880145, 'v': 100}, {'c': ['8', '12'], 'p': 374.54, 's': 'MSFT', 't': 1703608874734, 'v': 1}, {'c': ['1'], 'p': 153.43, 's': 'AMZN', 't': 1703608880148, 'v': 100}, {'c': ['1'], 'p': 153.43, 's': 'AMZN', 't': 1703608880152, 'v': 100}], [{'c': None, 'p': 2225.19, 's': 'BINANCE:ETHUSDT', 't': 1703608880124, 'v': 1.1837}, {'c': None, 'p': 2225.19, 's': 'BINANCE:ETHUSDT', 't': 1703608880124, 'v': 0.6138}, {'c': None, 'p': 42337.51, 's': 'BINANCE:BTCUSDT', 't': 1703608880154, 'v': 0.00026}, {'c': ['1', '12'], 'p': 193.14, 's': 'AAPL', 't': 1703608880328, 'v': 50}, {'c': ['1'], 'p': 374.58, 's': 'MSFT', 't': 1703608880345, 'v': 200}, {'c': ['1', '12'], 'p': 374.5975, 's': 'MSFT', 't': 1703608881118, 'v': 40}, {'c': None, 'p': 42337.52, 's': 'BINANCE:BTCUSDT', 't': 1703608880428, 'v': 0.00019}, {'c': ['1'], 'p': 374.6, 's': 'MSFT', 't': 1703608880652, 'v': 100}, {'c': ['1', '12'], 'p': 374.6, 's': 'MSFT', 't': 1703608880652, 'v': 9}, {'c': ['1', '12'], 'p': 374.6, 's': 'MSFT', 't': 1703608880652, 'v': 40}]]
[2023-12-26T17:29:49.380+0000] {hive.py:475} INFO - 
                            INSERT INTO temp_avro_data
                            VALUES (

                                42337.51,
                                'BINANCE',  -- New 'exchange' attribute
                                'BTCUSDT',  -- New 'crypto_pair' attribute
                                1703608877631,
                                0.01104
                            )
                        
[2023-12-26T17:30:46.047+0000] {process_utils.py:149} WARNING - process psutil.Process(pid=1358, name='airflow task runner: batch_layer consume_data manual__2023-12-26T17:29:22.301639+00:00 42', status='sleeping', started='17:29:25') did not respond to SIGTERM. Trying SIGKILL
[2023-12-26T17:30:46.049+0000] {process_utils.py:86} INFO - Sending the signal Signals.SIGKILL to group 1358
[2023-12-26T17:30:46.057+0000] {process_utils.py:79} INFO - Process psutil.Process(pid=1358, name='airflow task runner: batch_layer consume_data manual__2023-12-26T17:29:22.301639+00:00 42', status='terminated', exitcode=<Negsignal.SIGKILL: -9>, started='17:29:25') (1358) terminated with exit code Negsignal.SIGKILL
[2023-12-26T17:30:46.058+0000] {standard_task_runner.py:175} ERROR - Job 42 was killed before it finished (likely due to running out of memory)
