[2023-12-26T00:05:58.057+0000] {taskinstance.py:1957} INFO - Dependencies all met for dep_context=non-requeueable deps ti=<TaskInstance: batch.print_date scheduled__2023-12-25T00:00:00+00:00 [queued]>
[2023-12-26T00:05:58.062+0000] {taskinstance.py:1957} INFO - Dependencies all met for dep_context=requeueable deps ti=<TaskInstance: batch.print_date scheduled__2023-12-25T00:00:00+00:00 [queued]>
[2023-12-26T00:05:58.063+0000] {taskinstance.py:2171} INFO - Starting attempt 1 of 2
[2023-12-26T00:05:58.077+0000] {taskinstance.py:2192} INFO - Executing <Task(PythonOperator): print_date> on 2023-12-25 00:00:00+00:00
[2023-12-26T00:05:58.082+0000] {standard_task_runner.py:60} INFO - Started process 2851 to run task
[2023-12-26T00:05:58.085+0000] {standard_task_runner.py:87} INFO - Running: ['airflow', 'tasks', 'run', 'batch', 'print_date', 'scheduled__2023-12-25T00:00:00+00:00', '--job-id', '12', '--raw', '--subdir', 'DAGS_FOLDER/batchlayer.py', '--cfg-path', '/tmp/tmpj18pha5n']
[2023-12-26T00:05:58.087+0000] {standard_task_runner.py:88} INFO - Job 12: Subtask print_date
[2023-12-26T00:05:58.112+0000] {task_command.py:423} INFO - Running <TaskInstance: batch.print_date scheduled__2023-12-25T00:00:00+00:00 [running]> on host 5e983ae2bbe8
[2023-12-26T00:05:58.244+0000] {taskinstance.py:2481} INFO - Exporting env vars: AIRFLOW_CTX_DAG_EMAIL='airflow@example.com' AIRFLOW_CTX_DAG_OWNER='airflow' AIRFLOW_CTX_DAG_ID='batch' AIRFLOW_CTX_TASK_ID='print_date' AIRFLOW_CTX_EXECUTION_DATE='2023-12-25T00:00:00+00:00' AIRFLOW_CTX_TRY_NUMBER='1' AIRFLOW_CTX_DAG_RUN_ID='scheduled__2023-12-25T00:00:00+00:00'
[2023-12-26T00:05:58.246+0000] {logging_mixin.py:188} INFO - hamza
[2023-12-26T00:05:58.253+0000] {logging_mixin.py:188} INFO - hamza
[2023-12-26T00:05:58.257+0000] {logging_mixin.py:188} INFO - hamza
[2023-12-26T00:05:58.258+0000] {logging_mixin.py:188} INFO - hamza
[2023-12-26T00:05:58.259+0000] {logging_mixin.py:188} INFO - hamza
[2023-12-26T00:05:58.260+0000] {logging_mixin.py:188} INFO - hamza
[2023-12-26T00:05:58.261+0000] {logging_mixin.py:188} INFO - hamza
[2023-12-26T00:05:58.261+0000] {logging_mixin.py:188} INFO - hamza
[2023-12-26T00:05:58.262+0000] {logging_mixin.py:188} INFO - hamza
[2023-12-26T00:05:58.263+0000] {logging_mixin.py:188} INFO - hamza
[2023-12-26T00:05:58.265+0000] {logging_mixin.py:188} INFO - hamza
[2023-12-26T00:05:58.267+0000] {logging_mixin.py:188} INFO - hamza
[2023-12-26T00:05:58.267+0000] {logging_mixin.py:188} INFO - hamza
[2023-12-26T00:05:58.268+0000] {logging_mixin.py:188} INFO - hamza
[2023-12-26T00:05:58.268+0000] {logging_mixin.py:188} INFO - hamza
[2023-12-26T00:05:58.269+0000] {logging_mixin.py:188} INFO - hamza
[2023-12-26T00:05:58.269+0000] {logging_mixin.py:188} INFO - hamza
[2023-12-26T00:05:58.270+0000] {logging_mixin.py:188} INFO - hamza
[2023-12-26T00:05:58.270+0000] {logging_mixin.py:188} INFO - hamza
[2023-12-26T00:05:58.271+0000] {logging_mixin.py:188} INFO - hamza
[2023-12-26T00:05:58.272+0000] {logging_mixin.py:188} INFO - hamza
[2023-12-26T00:05:58.272+0000] {logging_mixin.py:188} INFO - hamza
[2023-12-26T00:05:58.273+0000] {logging_mixin.py:188} INFO - hamza
[2023-12-26T00:05:58.273+0000] {logging_mixin.py:188} INFO - hamza
[2023-12-26T00:05:58.274+0000] {logging_mixin.py:188} INFO - hamza
[2023-12-26T00:05:58.274+0000] {logging_mixin.py:188} INFO - hamza
[2023-12-26T00:05:58.275+0000] {logging_mixin.py:188} INFO - hamza
[2023-12-26T00:05:58.275+0000] {logging_mixin.py:188} INFO - hamza
[2023-12-26T00:05:58.275+0000] {logging_mixin.py:188} INFO - hamza
[2023-12-26T00:05:58.276+0000] {logging_mixin.py:188} INFO - hamza
[2023-12-26T00:05:58.276+0000] {logging_mixin.py:188} INFO - hamza
[2023-12-26T00:05:58.277+0000] {logging_mixin.py:188} INFO - hamza
[2023-12-26T00:05:58.278+0000] {logging_mixin.py:188} INFO - hamza
[2023-12-26T00:05:58.278+0000] {logging_mixin.py:188} INFO - hamza
[2023-12-26T00:05:58.278+0000] {logging_mixin.py:188} INFO - hamza
[2023-12-26T00:05:58.279+0000] {logging_mixin.py:188} INFO - hamza
[2023-12-26T00:05:58.280+0000] {logging_mixin.py:188} INFO - hamza
[2023-12-26T00:05:58.280+0000] {logging_mixin.py:188} INFO - hamza
[2023-12-26T00:05:58.280+0000] {logging_mixin.py:188} INFO - hamza
[2023-12-26T00:05:58.281+0000] {logging_mixin.py:188} INFO - hamza
[2023-12-26T00:05:58.281+0000] {logging_mixin.py:188} INFO - hamza
[2023-12-26T00:05:58.282+0000] {logging_mixin.py:188} INFO - hamza
[2023-12-26T00:05:58.282+0000] {logging_mixin.py:188} INFO - hamza
[2023-12-26T00:05:58.283+0000] {logging_mixin.py:188} INFO - hamza
[2023-12-26T00:05:58.283+0000] {logging_mixin.py:188} INFO - hamza
[2023-12-26T00:05:58.284+0000] {logging_mixin.py:188} INFO - hamza
[2023-12-26T00:05:58.284+0000] {logging_mixin.py:188} INFO - hamza
[2023-12-26T00:05:58.285+0000] {logging_mixin.py:188} INFO - hamza
[2023-12-26T00:05:58.286+0000] {logging_mixin.py:188} INFO - hamza
[2023-12-26T00:05:58.286+0000] {logging_mixin.py:188} INFO - hamza
[2023-12-26T00:05:58.287+0000] {logging_mixin.py:188} INFO - hamza
[2023-12-26T00:05:58.287+0000] {logging_mixin.py:188} INFO - hamza
[2023-12-26T00:05:58.287+0000] {logging_mixin.py:188} INFO - hamza
[2023-12-26T00:05:58.288+0000] {logging_mixin.py:188} INFO - hamza
[2023-12-26T00:05:58.288+0000] {logging_mixin.py:188} INFO - hamza
[2023-12-26T00:05:58.289+0000] {logging_mixin.py:188} INFO - hamza
[2023-12-26T00:05:58.289+0000] {logging_mixin.py:188} INFO - hamza
[2023-12-26T00:05:58.290+0000] {logging_mixin.py:188} INFO - hamza
[2023-12-26T00:05:58.290+0000] {logging_mixin.py:188} INFO - hamza
[2023-12-26T00:05:58.291+0000] {logging_mixin.py:188} INFO - hamza
[2023-12-26T00:05:58.291+0000] {logging_mixin.py:188} INFO - hamza
[2023-12-26T00:05:58.292+0000] {logging_mixin.py:188} INFO - hamza
[2023-12-26T00:05:58.292+0000] {logging_mixin.py:188} INFO - hamza
[2023-12-26T00:05:58.293+0000] {logging_mixin.py:188} INFO - hamza
[2023-12-26T00:05:58.293+0000] {logging_mixin.py:188} INFO - hamza
[2023-12-26T00:05:58.294+0000] {logging_mixin.py:188} INFO - hamza
[2023-12-26T00:05:58.294+0000] {logging_mixin.py:188} INFO - hamza
[2023-12-26T00:05:58.295+0000] {logging_mixin.py:188} INFO - hamza
[2023-12-26T00:05:58.295+0000] {logging_mixin.py:188} INFO - hamza
[2023-12-26T00:05:58.296+0000] {logging_mixin.py:188} INFO - hamza
[2023-12-26T00:05:58.296+0000] {logging_mixin.py:188} INFO - hamza
[2023-12-26T00:05:58.297+0000] {logging_mixin.py:188} INFO - hamza
[2023-12-26T00:05:58.297+0000] {logging_mixin.py:188} INFO - hamza
[2023-12-26T00:05:58.298+0000] {logging_mixin.py:188} INFO - hamza
[2023-12-26T00:05:58.298+0000] {logging_mixin.py:188} INFO - hamza
[2023-12-26T00:05:58.299+0000] {logging_mixin.py:188} INFO - hamza
[2023-12-26T00:05:58.299+0000] {logging_mixin.py:188} INFO - hamza
[2023-12-26T00:05:58.299+0000] {logging_mixin.py:188} INFO - hamza
[2023-12-26T00:05:58.300+0000] {logging_mixin.py:188} INFO - hamza
[2023-12-26T00:05:58.300+0000] {logging_mixin.py:188} INFO - hamza
[2023-12-26T00:05:58.301+0000] {logging_mixin.py:188} INFO - hamza
[2023-12-26T00:05:58.301+0000] {logging_mixin.py:188} INFO - hamza
[2023-12-26T00:05:58.303+0000] {logging_mixin.py:188} INFO - hamza
[2023-12-26T00:05:58.303+0000] {logging_mixin.py:188} INFO - hamza
[2023-12-26T00:05:58.304+0000] {logging_mixin.py:188} INFO - hamza
[2023-12-26T00:05:58.304+0000] {logging_mixin.py:188} INFO - hamza
[2023-12-26T00:05:58.305+0000] {logging_mixin.py:188} INFO - hamza
[2023-12-26T00:05:58.305+0000] {logging_mixin.py:188} INFO - hamza
[2023-12-26T00:05:58.306+0000] {logging_mixin.py:188} INFO - hamza
[2023-12-26T00:05:58.306+0000] {logging_mixin.py:188} INFO - hamza
[2023-12-26T00:05:58.307+0000] {logging_mixin.py:188} INFO - hamza
[2023-12-26T00:05:58.307+0000] {logging_mixin.py:188} INFO - hamza
[2023-12-26T00:05:58.308+0000] {logging_mixin.py:188} INFO - hamza
[2023-12-26T00:05:58.308+0000] {logging_mixin.py:188} INFO - hamza
[2023-12-26T00:05:58.309+0000] {logging_mixin.py:188} INFO - hamza
[2023-12-26T00:05:58.310+0000] {logging_mixin.py:188} INFO - hamza
[2023-12-26T00:05:58.310+0000] {logging_mixin.py:188} INFO - hamza
[2023-12-26T00:05:58.311+0000] {logging_mixin.py:188} INFO - hamza
[2023-12-26T00:05:58.311+0000] {logging_mixin.py:188} INFO - hamza
[2023-12-26T00:05:58.312+0000] {python.py:201} INFO - Done. Returned value was: None
[2023-12-26T00:05:58.316+0000] {taskinstance.py:1138} INFO - Marking task as SUCCESS. dag_id=batch, task_id=print_date, execution_date=20231225T000000, start_date=20231226T000558, end_date=20231226T000558
[2023-12-26T00:05:58.338+0000] {local_task_job_runner.py:234} INFO - Task exited with return code 0
[2023-12-26T00:05:58.349+0000] {taskinstance.py:3281} INFO - 0 downstream tasks scheduled from follow-on schedule check
[2023-12-26T12:45:39.205+0000] {taskinstance.py:1957} INFO - Dependencies all met for dep_context=non-requeueable deps ti=<TaskInstance: batch.print_date scheduled__2023-12-25T00:00:00+00:00 [queued]>
[2023-12-26T12:45:39.210+0000] {taskinstance.py:1957} INFO - Dependencies all met for dep_context=requeueable deps ti=<TaskInstance: batch.print_date scheduled__2023-12-25T00:00:00+00:00 [queued]>
[2023-12-26T12:45:39.210+0000] {taskinstance.py:2171} INFO - Starting attempt 1 of 2
[2023-12-26T12:45:39.225+0000] {taskinstance.py:2192} INFO - Executing <Task(PythonOperator): print_date> on 2023-12-25 00:00:00+00:00
[2023-12-26T12:45:39.228+0000] {standard_task_runner.py:60} INFO - Started process 141 to run task
[2023-12-26T12:45:39.231+0000] {standard_task_runner.py:87} INFO - Running: ['airflow', 'tasks', 'run', 'batch', 'print_date', 'scheduled__2023-12-25T00:00:00+00:00', '--job-id', '4', '--raw', '--subdir', 'DAGS_FOLDER/batchlayer.py', '--cfg-path', '/tmp/tmpx8jw20u4']
[2023-12-26T12:45:39.234+0000] {standard_task_runner.py:88} INFO - Job 4: Subtask print_date
[2023-12-26T12:45:39.270+0000] {task_command.py:423} INFO - Running <TaskInstance: batch.print_date scheduled__2023-12-25T00:00:00+00:00 [running]> on host 21f64a9239d6
[2023-12-26T12:45:39.437+0000] {taskinstance.py:2481} INFO - Exporting env vars: AIRFLOW_CTX_DAG_EMAIL='airflow@example.com' AIRFLOW_CTX_DAG_OWNER='airflow' AIRFLOW_CTX_DAG_ID='batch' AIRFLOW_CTX_TASK_ID='print_date' AIRFLOW_CTX_EXECUTION_DATE='2023-12-25T00:00:00+00:00' AIRFLOW_CTX_TRY_NUMBER='1' AIRFLOW_CTX_DAG_RUN_ID='scheduled__2023-12-25T00:00:00+00:00'
[2023-12-26T12:45:39.449+0000] {logging_mixin.py:188} INFO - hamza
[2023-12-26T12:45:40.454+0000] {logging_mixin.py:188} INFO - hamza
[2023-12-26T12:45:40.456+0000] {logging_mixin.py:188} INFO - hamza
[2023-12-26T12:45:40.457+0000] {logging_mixin.py:188} INFO - hamza
[2023-12-26T12:45:40.460+0000] {logging_mixin.py:188} INFO - hamza
[2023-12-26T12:45:40.463+0000] {logging_mixin.py:188} INFO - hamza
[2023-12-26T12:45:40.465+0000] {logging_mixin.py:188} INFO - hamza
[2023-12-26T12:45:40.467+0000] {logging_mixin.py:188} INFO - hamza
[2023-12-26T12:45:40.469+0000] {logging_mixin.py:188} INFO - hamza
[2023-12-26T12:45:40.471+0000] {logging_mixin.py:188} INFO - hamza
[2023-12-26T12:45:40.475+0000] {logging_mixin.py:188} INFO - hamza
[2023-12-26T12:45:40.477+0000] {logging_mixin.py:188} INFO - hamza
[2023-12-26T12:45:40.479+0000] {logging_mixin.py:188} INFO - hamza
[2023-12-26T12:45:40.482+0000] {logging_mixin.py:188} INFO - hamza
[2023-12-26T12:45:40.485+0000] {logging_mixin.py:188} INFO - hamza
[2023-12-26T12:45:40.487+0000] {logging_mixin.py:188} INFO - hamza
[2023-12-26T12:45:40.490+0000] {logging_mixin.py:188} INFO - hamza
[2023-12-26T12:45:40.492+0000] {logging_mixin.py:188} INFO - hamza
[2023-12-26T12:45:40.495+0000] {logging_mixin.py:188} INFO - hamza
[2023-12-26T12:45:40.497+0000] {logging_mixin.py:188} INFO - hamza
[2023-12-26T12:45:40.500+0000] {logging_mixin.py:188} INFO - hamza
[2023-12-26T12:45:40.502+0000] {logging_mixin.py:188} INFO - hamza
[2023-12-26T12:45:40.504+0000] {logging_mixin.py:188} INFO - hamza
[2023-12-26T12:45:40.506+0000] {logging_mixin.py:188} INFO - hamza
[2023-12-26T12:45:40.507+0000] {logging_mixin.py:188} INFO - hamza
[2023-12-26T12:45:40.509+0000] {logging_mixin.py:188} INFO - hamza
[2023-12-26T12:45:40.510+0000] {logging_mixin.py:188} INFO - hamza
[2023-12-26T12:45:40.512+0000] {logging_mixin.py:188} INFO - hamza
[2023-12-26T12:45:40.515+0000] {logging_mixin.py:188} INFO - hamza
[2023-12-26T12:45:40.517+0000] {logging_mixin.py:188} INFO - hamza
[2023-12-26T12:45:40.519+0000] {logging_mixin.py:188} INFO - hamza
[2023-12-26T12:45:40.521+0000] {logging_mixin.py:188} INFO - hamza
[2023-12-26T12:45:40.522+0000] {logging_mixin.py:188} INFO - hamza
[2023-12-26T12:45:40.524+0000] {logging_mixin.py:188} INFO - hamza
[2023-12-26T12:45:40.526+0000] {logging_mixin.py:188} INFO - hamza
[2023-12-26T12:45:40.527+0000] {logging_mixin.py:188} INFO - hamza
[2023-12-26T12:45:40.528+0000] {logging_mixin.py:188} INFO - hamza
[2023-12-26T12:45:40.529+0000] {logging_mixin.py:188} INFO - hamza
[2023-12-26T12:45:40.531+0000] {logging_mixin.py:188} INFO - hamza
[2023-12-26T12:45:40.532+0000] {logging_mixin.py:188} INFO - hamza
[2023-12-26T12:45:40.535+0000] {logging_mixin.py:188} INFO - hamza
[2023-12-26T12:45:40.539+0000] {logging_mixin.py:188} INFO - hamza
[2023-12-26T12:45:40.542+0000] {logging_mixin.py:188} INFO - hamza
[2023-12-26T12:45:40.544+0000] {logging_mixin.py:188} INFO - hamza
[2023-12-26T12:45:40.547+0000] {logging_mixin.py:188} INFO - hamza
[2023-12-26T12:45:40.549+0000] {logging_mixin.py:188} INFO - hamza
[2023-12-26T12:45:40.552+0000] {logging_mixin.py:188} INFO - hamza
[2023-12-26T12:45:40.554+0000] {logging_mixin.py:188} INFO - hamza
[2023-12-26T12:45:40.556+0000] {logging_mixin.py:188} INFO - hamza
[2023-12-26T12:45:40.558+0000] {logging_mixin.py:188} INFO - hamza
[2023-12-26T12:45:40.560+0000] {logging_mixin.py:188} INFO - hamza
[2023-12-26T12:45:40.562+0000] {logging_mixin.py:188} INFO - hamza
[2023-12-26T12:45:40.565+0000] {logging_mixin.py:188} INFO - hamza
[2023-12-26T12:45:40.569+0000] {logging_mixin.py:188} INFO - hamza
[2023-12-26T12:45:40.571+0000] {logging_mixin.py:188} INFO - hamza
[2023-12-26T12:45:40.574+0000] {logging_mixin.py:188} INFO - hamza
[2023-12-26T12:45:40.577+0000] {logging_mixin.py:188} INFO - hamza
[2023-12-26T12:45:40.579+0000] {logging_mixin.py:188} INFO - hamza
[2023-12-26T12:45:40.581+0000] {logging_mixin.py:188} INFO - hamza
[2023-12-26T12:45:40.584+0000] {logging_mixin.py:188} INFO - hamza
[2023-12-26T12:45:40.587+0000] {logging_mixin.py:188} INFO - hamza
[2023-12-26T12:45:40.590+0000] {logging_mixin.py:188} INFO - hamza
[2023-12-26T12:45:40.593+0000] {logging_mixin.py:188} INFO - hamza
[2023-12-26T12:45:40.596+0000] {logging_mixin.py:188} INFO - hamza
[2023-12-26T12:45:40.600+0000] {logging_mixin.py:188} INFO - hamza
[2023-12-26T12:45:40.602+0000] {logging_mixin.py:188} INFO - hamza
[2023-12-26T12:45:40.605+0000] {logging_mixin.py:188} INFO - hamza
[2023-12-26T12:45:40.608+0000] {logging_mixin.py:188} INFO - hamza
[2023-12-26T12:45:40.611+0000] {logging_mixin.py:188} INFO - hamza
[2023-12-26T12:45:40.614+0000] {logging_mixin.py:188} INFO - hamza
[2023-12-26T12:45:40.617+0000] {logging_mixin.py:188} INFO - hamza
[2023-12-26T12:45:40.619+0000] {logging_mixin.py:188} INFO - hamza
[2023-12-26T12:45:40.621+0000] {logging_mixin.py:188} INFO - hamza
[2023-12-26T12:45:40.623+0000] {logging_mixin.py:188} INFO - hamza
[2023-12-26T12:45:40.625+0000] {logging_mixin.py:188} INFO - hamza
[2023-12-26T12:45:40.627+0000] {logging_mixin.py:188} INFO - hamza
[2023-12-26T12:45:40.629+0000] {logging_mixin.py:188} INFO - hamza
[2023-12-26T12:45:40.631+0000] {logging_mixin.py:188} INFO - hamza
[2023-12-26T12:45:40.633+0000] {logging_mixin.py:188} INFO - hamza
[2023-12-26T12:45:40.635+0000] {logging_mixin.py:188} INFO - hamza
[2023-12-26T12:45:40.637+0000] {logging_mixin.py:188} INFO - hamza
[2023-12-26T12:45:40.638+0000] {logging_mixin.py:188} INFO - hamza
[2023-12-26T12:45:40.640+0000] {logging_mixin.py:188} INFO - hamza
[2023-12-26T12:45:40.642+0000] {logging_mixin.py:188} INFO - hamza
[2023-12-26T12:45:40.643+0000] {logging_mixin.py:188} INFO - hamza
[2023-12-26T12:45:40.645+0000] {logging_mixin.py:188} INFO - hamza
[2023-12-26T12:45:40.646+0000] {logging_mixin.py:188} INFO - hamza
[2023-12-26T12:45:40.647+0000] {logging_mixin.py:188} INFO - hamza
[2023-12-26T12:45:40.648+0000] {logging_mixin.py:188} INFO - hamza
[2023-12-26T12:45:40.650+0000] {logging_mixin.py:188} INFO - hamza
[2023-12-26T12:45:40.651+0000] {logging_mixin.py:188} INFO - hamza
[2023-12-26T12:45:40.653+0000] {logging_mixin.py:188} INFO - hamza
[2023-12-26T12:45:40.654+0000] {logging_mixin.py:188} INFO - hamza
[2023-12-26T12:45:40.656+0000] {logging_mixin.py:188} INFO - hamza
[2023-12-26T12:45:40.657+0000] {logging_mixin.py:188} INFO - hamza
[2023-12-26T12:45:40.658+0000] {logging_mixin.py:188} INFO - hamza
[2023-12-26T12:45:40.660+0000] {logging_mixin.py:188} INFO - hamza
[2023-12-26T12:45:40.661+0000] {logging_mixin.py:188} INFO - hamza
[2023-12-26T12:45:40.663+0000] {logging_mixin.py:188} INFO - hamza
[2023-12-26T12:45:40.664+0000] {python.py:201} INFO - Done. Returned value was: None
[2023-12-26T12:45:40.669+0000] {taskinstance.py:1138} INFO - Marking task as SUCCESS. dag_id=batch, task_id=print_date, execution_date=20231225T000000, start_date=20231226T124539, end_date=20231226T124540
[2023-12-26T12:45:40.689+0000] {local_task_job_runner.py:234} INFO - Task exited with return code 0
[2023-12-26T12:45:40.700+0000] {taskinstance.py:3281} INFO - 0 downstream tasks scheduled from follow-on schedule check
[2023-12-26T16:40:26.550+0000] {taskinstance.py:1957} INFO - Dependencies all met for dep_context=non-requeueable deps ti=<TaskInstance: batch.print_date scheduled__2023-12-25T00:00:00+00:00 [queued]>
[2023-12-26T16:40:26.555+0000] {taskinstance.py:1957} INFO - Dependencies all met for dep_context=requeueable deps ti=<TaskInstance: batch.print_date scheduled__2023-12-25T00:00:00+00:00 [queued]>
[2023-12-26T16:40:26.555+0000] {taskinstance.py:2171} INFO - Starting attempt 1 of 2
[2023-12-26T16:40:26.566+0000] {taskinstance.py:2192} INFO - Executing <Task(PythonOperator): print_date> on 2023-12-25 00:00:00+00:00
[2023-12-26T16:40:26.569+0000] {standard_task_runner.py:60} INFO - Started process 141 to run task
[2023-12-26T16:40:26.571+0000] {standard_task_runner.py:87} INFO - Running: ['airflow', 'tasks', 'run', 'batch', 'print_date', 'scheduled__2023-12-25T00:00:00+00:00', '--job-id', '4', '--raw', '--subdir', 'DAGS_FOLDER/batchlayer.py', '--cfg-path', '/tmp/tmpmloio84l']
[2023-12-26T16:40:26.573+0000] {standard_task_runner.py:88} INFO - Job 4: Subtask print_date
[2023-12-26T16:40:26.620+0000] {task_command.py:423} INFO - Running <TaskInstance: batch.print_date scheduled__2023-12-25T00:00:00+00:00 [running]> on host ba237c0dfd1a
[2023-12-26T16:40:26.766+0000] {taskinstance.py:2481} INFO - Exporting env vars: AIRFLOW_CTX_DAG_EMAIL='airflow@example.com' AIRFLOW_CTX_DAG_OWNER='airflow' AIRFLOW_CTX_DAG_ID='batch' AIRFLOW_CTX_TASK_ID='print_date' AIRFLOW_CTX_EXECUTION_DATE='2023-12-25T00:00:00+00:00' AIRFLOW_CTX_TRY_NUMBER='1' AIRFLOW_CTX_DAG_RUN_ID='scheduled__2023-12-25T00:00:00+00:00'
[2023-12-26T16:40:26.788+0000] {logging_mixin.py:188} INFO - hamza
[2023-12-26T16:40:27.836+0000] {logging_mixin.py:188} INFO - hamza
[2023-12-26T16:40:27.839+0000] {logging_mixin.py:188} INFO - hamza
[2023-12-26T16:40:27.841+0000] {logging_mixin.py:188} INFO - hamza
[2023-12-26T16:40:27.843+0000] {logging_mixin.py:188} INFO - hamza
[2023-12-26T16:40:27.844+0000] {logging_mixin.py:188} INFO - hamza
[2023-12-26T16:40:27.845+0000] {logging_mixin.py:188} INFO - hamza
[2023-12-26T16:40:27.846+0000] {logging_mixin.py:188} INFO - hamza
[2023-12-26T16:40:27.848+0000] {logging_mixin.py:188} INFO - hamza
[2023-12-26T16:40:27.849+0000] {logging_mixin.py:188} INFO - hamza
[2023-12-26T16:40:27.851+0000] {logging_mixin.py:188} INFO - hamza
[2023-12-26T16:40:27.852+0000] {logging_mixin.py:188} INFO - hamza
[2023-12-26T16:40:27.853+0000] {logging_mixin.py:188} INFO - hamza
[2023-12-26T16:40:27.855+0000] {logging_mixin.py:188} INFO - hamza
[2023-12-26T16:40:27.856+0000] {logging_mixin.py:188} INFO - hamza
[2023-12-26T16:40:27.857+0000] {logging_mixin.py:188} INFO - hamza
[2023-12-26T16:40:27.859+0000] {logging_mixin.py:188} INFO - hamza
[2023-12-26T16:40:27.860+0000] {logging_mixin.py:188} INFO - hamza
[2023-12-26T16:40:27.862+0000] {logging_mixin.py:188} INFO - hamza
[2023-12-26T16:40:27.863+0000] {logging_mixin.py:188} INFO - hamza
[2023-12-26T16:40:27.865+0000] {logging_mixin.py:188} INFO - hamza
[2023-12-26T16:40:27.866+0000] {logging_mixin.py:188} INFO - hamza
[2023-12-26T16:40:27.868+0000] {logging_mixin.py:188} INFO - hamza
[2023-12-26T16:40:27.869+0000] {logging_mixin.py:188} INFO - hamza
[2023-12-26T16:40:27.871+0000] {logging_mixin.py:188} INFO - hamza
[2023-12-26T16:40:27.872+0000] {logging_mixin.py:188} INFO - hamza
[2023-12-26T16:40:27.874+0000] {logging_mixin.py:188} INFO - hamza
[2023-12-26T16:40:27.876+0000] {logging_mixin.py:188} INFO - hamza
[2023-12-26T16:40:27.877+0000] {logging_mixin.py:188} INFO - hamza
[2023-12-26T16:40:27.879+0000] {logging_mixin.py:188} INFO - hamza
[2023-12-26T16:40:27.880+0000] {logging_mixin.py:188} INFO - hamza
[2023-12-26T16:40:27.881+0000] {logging_mixin.py:188} INFO - hamza
[2023-12-26T16:40:27.883+0000] {logging_mixin.py:188} INFO - hamza
[2023-12-26T16:40:27.884+0000] {logging_mixin.py:188} INFO - hamza
[2023-12-26T16:40:27.886+0000] {logging_mixin.py:188} INFO - hamza
[2023-12-26T16:40:27.887+0000] {logging_mixin.py:188} INFO - hamza
[2023-12-26T16:40:27.888+0000] {logging_mixin.py:188} INFO - hamza
[2023-12-26T16:40:27.890+0000] {logging_mixin.py:188} INFO - hamza
[2023-12-26T16:40:27.891+0000] {logging_mixin.py:188} INFO - hamza
[2023-12-26T16:40:27.893+0000] {logging_mixin.py:188} INFO - hamza
[2023-12-26T16:40:27.894+0000] {logging_mixin.py:188} INFO - hamza
[2023-12-26T16:40:27.896+0000] {logging_mixin.py:188} INFO - hamza
[2023-12-26T16:40:27.897+0000] {logging_mixin.py:188} INFO - hamza
[2023-12-26T16:40:27.899+0000] {logging_mixin.py:188} INFO - hamza
[2023-12-26T16:40:27.900+0000] {logging_mixin.py:188} INFO - hamza
[2023-12-26T16:40:27.901+0000] {logging_mixin.py:188} INFO - hamza
[2023-12-26T16:40:27.903+0000] {logging_mixin.py:188} INFO - hamza
[2023-12-26T16:40:27.904+0000] {logging_mixin.py:188} INFO - hamza
[2023-12-26T16:40:27.906+0000] {logging_mixin.py:188} INFO - hamza
[2023-12-26T16:40:27.907+0000] {logging_mixin.py:188} INFO - hamza
[2023-12-26T16:40:27.908+0000] {logging_mixin.py:188} INFO - hamza
[2023-12-26T16:40:27.910+0000] {logging_mixin.py:188} INFO - hamza
[2023-12-26T16:40:27.911+0000] {logging_mixin.py:188} INFO - hamza
[2023-12-26T16:40:27.912+0000] {logging_mixin.py:188} INFO - hamza
[2023-12-26T16:40:27.913+0000] {logging_mixin.py:188} INFO - hamza
[2023-12-26T16:40:27.914+0000] {logging_mixin.py:188} INFO - hamza
[2023-12-26T16:40:27.915+0000] {logging_mixin.py:188} INFO - hamza
[2023-12-26T16:40:27.916+0000] {logging_mixin.py:188} INFO - hamza
[2023-12-26T16:40:27.917+0000] {logging_mixin.py:188} INFO - hamza
[2023-12-26T16:40:27.918+0000] {logging_mixin.py:188} INFO - hamza
[2023-12-26T16:40:27.919+0000] {logging_mixin.py:188} INFO - hamza
[2023-12-26T16:40:27.920+0000] {logging_mixin.py:188} INFO - hamza
[2023-12-26T16:40:27.922+0000] {logging_mixin.py:188} INFO - hamza
[2023-12-26T16:40:27.923+0000] {logging_mixin.py:188} INFO - hamza
[2023-12-26T16:40:27.924+0000] {logging_mixin.py:188} INFO - hamza
[2023-12-26T16:40:27.926+0000] {logging_mixin.py:188} INFO - hamza
[2023-12-26T16:40:27.927+0000] {logging_mixin.py:188} INFO - hamza
[2023-12-26T16:40:27.928+0000] {logging_mixin.py:188} INFO - hamza
[2023-12-26T16:40:27.929+0000] {logging_mixin.py:188} INFO - hamza
[2023-12-26T16:40:27.930+0000] {logging_mixin.py:188} INFO - hamza
[2023-12-26T16:40:27.931+0000] {logging_mixin.py:188} INFO - hamza
[2023-12-26T16:40:27.932+0000] {logging_mixin.py:188} INFO - hamza
[2023-12-26T16:40:27.933+0000] {logging_mixin.py:188} INFO - hamza
[2023-12-26T16:40:27.934+0000] {logging_mixin.py:188} INFO - hamza
[2023-12-26T16:40:27.935+0000] {logging_mixin.py:188} INFO - hamza
[2023-12-26T16:40:27.936+0000] {logging_mixin.py:188} INFO - hamza
[2023-12-26T16:40:27.937+0000] {logging_mixin.py:188} INFO - hamza
[2023-12-26T16:40:27.938+0000] {logging_mixin.py:188} INFO - hamza
[2023-12-26T16:40:27.939+0000] {logging_mixin.py:188} INFO - hamza
[2023-12-26T16:40:27.940+0000] {logging_mixin.py:188} INFO - hamza
[2023-12-26T16:40:27.941+0000] {logging_mixin.py:188} INFO - hamza
[2023-12-26T16:40:27.942+0000] {logging_mixin.py:188} INFO - hamza
[2023-12-26T16:40:27.943+0000] {logging_mixin.py:188} INFO - hamza
[2023-12-26T16:40:27.944+0000] {logging_mixin.py:188} INFO - hamza
[2023-12-26T16:40:27.945+0000] {logging_mixin.py:188} INFO - hamza
[2023-12-26T16:40:27.946+0000] {logging_mixin.py:188} INFO - hamza
[2023-12-26T16:40:27.948+0000] {logging_mixin.py:188} INFO - hamza
[2023-12-26T16:40:27.949+0000] {logging_mixin.py:188} INFO - hamza
[2023-12-26T16:40:27.950+0000] {logging_mixin.py:188} INFO - hamza
[2023-12-26T16:40:27.951+0000] {logging_mixin.py:188} INFO - hamza
[2023-12-26T16:40:27.952+0000] {logging_mixin.py:188} INFO - hamza
[2023-12-26T16:40:27.953+0000] {logging_mixin.py:188} INFO - hamza
[2023-12-26T16:40:27.954+0000] {logging_mixin.py:188} INFO - hamza
[2023-12-26T16:40:27.956+0000] {logging_mixin.py:188} INFO - hamza
[2023-12-26T16:40:27.957+0000] {logging_mixin.py:188} INFO - hamza
[2023-12-26T16:40:27.958+0000] {logging_mixin.py:188} INFO - hamza
[2023-12-26T16:40:27.959+0000] {logging_mixin.py:188} INFO - hamza
[2023-12-26T16:40:27.961+0000] {logging_mixin.py:188} INFO - hamza
[2023-12-26T16:40:27.962+0000] {logging_mixin.py:188} INFO - hamza
[2023-12-26T16:40:27.963+0000] {python.py:201} INFO - Done. Returned value was: None
[2023-12-26T16:40:27.969+0000] {taskinstance.py:1138} INFO - Marking task as SUCCESS. dag_id=batch, task_id=print_date, execution_date=20231225T000000, start_date=20231226T164026, end_date=20231226T164027
[2023-12-26T16:40:27.989+0000] {local_task_job_runner.py:234} INFO - Task exited with return code 0
[2023-12-26T16:40:28.011+0000] {taskinstance.py:3281} INFO - 0 downstream tasks scheduled from follow-on schedule check
[2023-12-26T20:57:48.140+0000] {taskinstance.py:1957} INFO - Dependencies all met for dep_context=non-requeueable deps ti=<TaskInstance: batch.print_date scheduled__2023-12-25T00:00:00+00:00 [queued]>
[2023-12-26T20:57:48.148+0000] {taskinstance.py:1957} INFO - Dependencies all met for dep_context=requeueable deps ti=<TaskInstance: batch.print_date scheduled__2023-12-25T00:00:00+00:00 [queued]>
[2023-12-26T20:57:48.149+0000] {taskinstance.py:2171} INFO - Starting attempt 1 of 2
[2023-12-26T20:57:48.189+0000] {taskinstance.py:2192} INFO - Executing <Task(PythonOperator): print_date> on 2023-12-25 00:00:00+00:00
[2023-12-26T20:57:48.192+0000] {standard_task_runner.py:60} INFO - Started process 136 to run task
[2023-12-26T20:57:48.195+0000] {standard_task_runner.py:87} INFO - Running: ['airflow', 'tasks', 'run', 'batch', 'print_date', 'scheduled__2023-12-25T00:00:00+00:00', '--job-id', '4', '--raw', '--subdir', 'DAGS_FOLDER/batchlayer.py', '--cfg-path', '/tmp/tmppj40kn2b']
[2023-12-26T20:57:48.197+0000] {standard_task_runner.py:88} INFO - Job 4: Subtask print_date
[2023-12-26T20:57:48.238+0000] {task_command.py:423} INFO - Running <TaskInstance: batch.print_date scheduled__2023-12-25T00:00:00+00:00 [running]> on host d26df5132269
[2023-12-26T20:57:48.423+0000] {taskinstance.py:2481} INFO - Exporting env vars: AIRFLOW_CTX_DAG_EMAIL='airflow@example.com' AIRFLOW_CTX_DAG_OWNER='airflow' AIRFLOW_CTX_DAG_ID='batch' AIRFLOW_CTX_TASK_ID='print_date' AIRFLOW_CTX_EXECUTION_DATE='2023-12-25T00:00:00+00:00' AIRFLOW_CTX_TRY_NUMBER='1' AIRFLOW_CTX_DAG_RUN_ID='scheduled__2023-12-25T00:00:00+00:00'
[2023-12-26T20:57:48.426+0000] {logging_mixin.py:188} INFO - hamza
[2023-12-26T20:57:49.429+0000] {logging_mixin.py:188} INFO - hamza
[2023-12-26T20:57:49.431+0000] {logging_mixin.py:188} INFO - hamza
[2023-12-26T20:57:49.432+0000] {logging_mixin.py:188} INFO - hamza
[2023-12-26T20:57:49.433+0000] {logging_mixin.py:188} INFO - hamza
[2023-12-26T20:57:49.434+0000] {logging_mixin.py:188} INFO - hamza
[2023-12-26T20:57:49.435+0000] {logging_mixin.py:188} INFO - hamza
[2023-12-26T20:57:49.436+0000] {logging_mixin.py:188} INFO - hamza
[2023-12-26T20:57:49.437+0000] {logging_mixin.py:188} INFO - hamza
[2023-12-26T20:57:49.437+0000] {logging_mixin.py:188} INFO - hamza
[2023-12-26T20:57:49.438+0000] {logging_mixin.py:188} INFO - hamza
[2023-12-26T20:57:49.439+0000] {logging_mixin.py:188} INFO - hamza
[2023-12-26T20:57:49.440+0000] {logging_mixin.py:188} INFO - hamza
[2023-12-26T20:57:49.441+0000] {logging_mixin.py:188} INFO - hamza
[2023-12-26T20:57:49.442+0000] {logging_mixin.py:188} INFO - hamza
[2023-12-26T20:57:49.443+0000] {logging_mixin.py:188} INFO - hamza
[2023-12-26T20:57:49.444+0000] {logging_mixin.py:188} INFO - hamza
[2023-12-26T20:57:49.444+0000] {logging_mixin.py:188} INFO - hamza
[2023-12-26T20:57:49.445+0000] {logging_mixin.py:188} INFO - hamza
[2023-12-26T20:57:49.446+0000] {logging_mixin.py:188} INFO - hamza
[2023-12-26T20:57:49.447+0000] {logging_mixin.py:188} INFO - hamza
[2023-12-26T20:57:49.448+0000] {logging_mixin.py:188} INFO - hamza
[2023-12-26T20:57:49.449+0000] {logging_mixin.py:188} INFO - hamza
[2023-12-26T20:57:49.450+0000] {logging_mixin.py:188} INFO - hamza
[2023-12-26T20:57:49.451+0000] {logging_mixin.py:188} INFO - hamza
[2023-12-26T20:57:49.452+0000] {logging_mixin.py:188} INFO - hamza
[2023-12-26T20:57:49.453+0000] {logging_mixin.py:188} INFO - hamza
[2023-12-26T20:57:49.453+0000] {logging_mixin.py:188} INFO - hamza
[2023-12-26T20:57:49.455+0000] {logging_mixin.py:188} INFO - hamza
[2023-12-26T20:57:49.456+0000] {logging_mixin.py:188} INFO - hamza
[2023-12-26T20:57:49.456+0000] {logging_mixin.py:188} INFO - hamza
[2023-12-26T20:57:49.457+0000] {logging_mixin.py:188} INFO - hamza
[2023-12-26T20:57:49.458+0000] {logging_mixin.py:188} INFO - hamza
[2023-12-26T20:57:49.459+0000] {logging_mixin.py:188} INFO - hamza
[2023-12-26T20:57:49.460+0000] {logging_mixin.py:188} INFO - hamza
[2023-12-26T20:57:49.461+0000] {logging_mixin.py:188} INFO - hamza
[2023-12-26T20:57:49.462+0000] {logging_mixin.py:188} INFO - hamza
[2023-12-26T20:57:49.463+0000] {logging_mixin.py:188} INFO - hamza
[2023-12-26T20:57:49.463+0000] {logging_mixin.py:188} INFO - hamza
[2023-12-26T20:57:49.464+0000] {logging_mixin.py:188} INFO - hamza
[2023-12-26T20:57:49.465+0000] {logging_mixin.py:188} INFO - hamza
[2023-12-26T20:57:49.466+0000] {logging_mixin.py:188} INFO - hamza
[2023-12-26T20:57:49.467+0000] {logging_mixin.py:188} INFO - hamza
[2023-12-26T20:57:49.468+0000] {logging_mixin.py:188} INFO - hamza
[2023-12-26T20:57:49.469+0000] {logging_mixin.py:188} INFO - hamza
[2023-12-26T20:57:49.471+0000] {logging_mixin.py:188} INFO - hamza
[2023-12-26T20:57:49.472+0000] {logging_mixin.py:188} INFO - hamza
[2023-12-26T20:57:49.473+0000] {logging_mixin.py:188} INFO - hamza
[2023-12-26T20:57:49.473+0000] {logging_mixin.py:188} INFO - hamza
[2023-12-26T20:57:49.474+0000] {logging_mixin.py:188} INFO - hamza
[2023-12-26T20:57:49.475+0000] {logging_mixin.py:188} INFO - hamza
[2023-12-26T20:57:49.476+0000] {logging_mixin.py:188} INFO - hamza
[2023-12-26T20:57:49.477+0000] {logging_mixin.py:188} INFO - hamza
[2023-12-26T20:57:49.478+0000] {logging_mixin.py:188} INFO - hamza
[2023-12-26T20:57:49.479+0000] {logging_mixin.py:188} INFO - hamza
[2023-12-26T20:57:49.480+0000] {logging_mixin.py:188} INFO - hamza
[2023-12-26T20:57:49.482+0000] {logging_mixin.py:188} INFO - hamza
[2023-12-26T20:57:49.483+0000] {logging_mixin.py:188} INFO - hamza
[2023-12-26T20:57:49.484+0000] {logging_mixin.py:188} INFO - hamza
[2023-12-26T20:57:49.485+0000] {logging_mixin.py:188} INFO - hamza
[2023-12-26T20:57:49.486+0000] {logging_mixin.py:188} INFO - hamza
[2023-12-26T20:57:49.487+0000] {logging_mixin.py:188} INFO - hamza
[2023-12-26T20:57:49.488+0000] {logging_mixin.py:188} INFO - hamza
[2023-12-26T20:57:49.489+0000] {logging_mixin.py:188} INFO - hamza
[2023-12-26T20:57:49.491+0000] {logging_mixin.py:188} INFO - hamza
[2023-12-26T20:57:49.492+0000] {logging_mixin.py:188} INFO - hamza
[2023-12-26T20:57:49.494+0000] {logging_mixin.py:188} INFO - hamza
[2023-12-26T20:57:49.495+0000] {logging_mixin.py:188} INFO - hamza
[2023-12-26T20:57:49.496+0000] {logging_mixin.py:188} INFO - hamza
[2023-12-26T20:57:49.497+0000] {logging_mixin.py:188} INFO - hamza
[2023-12-26T20:57:49.499+0000] {logging_mixin.py:188} INFO - hamza
[2023-12-26T20:57:49.500+0000] {logging_mixin.py:188} INFO - hamza
[2023-12-26T20:57:49.501+0000] {logging_mixin.py:188} INFO - hamza
[2023-12-26T20:57:49.502+0000] {logging_mixin.py:188} INFO - hamza
[2023-12-26T20:57:49.504+0000] {logging_mixin.py:188} INFO - hamza
[2023-12-26T20:57:49.505+0000] {logging_mixin.py:188} INFO - hamza
[2023-12-26T20:57:49.506+0000] {logging_mixin.py:188} INFO - hamza
[2023-12-26T20:57:49.507+0000] {logging_mixin.py:188} INFO - hamza
[2023-12-26T20:57:49.508+0000] {logging_mixin.py:188} INFO - hamza
[2023-12-26T20:57:49.509+0000] {logging_mixin.py:188} INFO - hamza
[2023-12-26T20:57:49.510+0000] {logging_mixin.py:188} INFO - hamza
[2023-12-26T20:57:49.512+0000] {logging_mixin.py:188} INFO - hamza
[2023-12-26T20:57:49.513+0000] {logging_mixin.py:188} INFO - hamza
[2023-12-26T20:57:49.513+0000] {logging_mixin.py:188} INFO - hamza
[2023-12-26T20:57:49.515+0000] {logging_mixin.py:188} INFO - hamza
[2023-12-26T20:57:49.516+0000] {logging_mixin.py:188} INFO - hamza
[2023-12-26T20:57:49.517+0000] {logging_mixin.py:188} INFO - hamza
[2023-12-26T20:57:49.518+0000] {logging_mixin.py:188} INFO - hamza
[2023-12-26T20:57:49.519+0000] {logging_mixin.py:188} INFO - hamza
[2023-12-26T20:57:49.520+0000] {logging_mixin.py:188} INFO - hamza
[2023-12-26T20:57:49.521+0000] {logging_mixin.py:188} INFO - hamza
[2023-12-26T20:57:49.522+0000] {logging_mixin.py:188} INFO - hamza
[2023-12-26T20:57:49.522+0000] {logging_mixin.py:188} INFO - hamza
[2023-12-26T20:57:49.523+0000] {logging_mixin.py:188} INFO - hamza
[2023-12-26T20:57:49.524+0000] {logging_mixin.py:188} INFO - hamza
[2023-12-26T20:57:49.525+0000] {logging_mixin.py:188} INFO - hamza
[2023-12-26T20:57:49.526+0000] {logging_mixin.py:188} INFO - hamza
[2023-12-26T20:57:49.527+0000] {logging_mixin.py:188} INFO - hamza
[2023-12-26T20:57:49.528+0000] {logging_mixin.py:188} INFO - hamza
[2023-12-26T20:57:49.530+0000] {python.py:201} INFO - Done. Returned value was: None
[2023-12-26T20:57:49.539+0000] {taskinstance.py:1138} INFO - Marking task as SUCCESS. dag_id=batch, task_id=print_date, execution_date=20231225T000000, start_date=20231226T205748, end_date=20231226T205749
[2023-12-26T20:57:49.575+0000] {local_task_job_runner.py:234} INFO - Task exited with return code 0
[2023-12-26T20:57:49.584+0000] {taskinstance.py:3281} INFO - 0 downstream tasks scheduled from follow-on schedule check
[2023-12-26T21:33:38.266+0000] {taskinstance.py:1957} INFO - Dependencies all met for dep_context=non-requeueable deps ti=<TaskInstance: batch.print_date scheduled__2023-12-25T00:00:00+00:00 [queued]>
[2023-12-26T21:33:38.272+0000] {taskinstance.py:1957} INFO - Dependencies all met for dep_context=requeueable deps ti=<TaskInstance: batch.print_date scheduled__2023-12-25T00:00:00+00:00 [queued]>
[2023-12-26T21:33:38.273+0000] {taskinstance.py:2171} INFO - Starting attempt 1 of 2
[2023-12-26T21:33:38.286+0000] {taskinstance.py:2192} INFO - Executing <Task(PythonOperator): print_date> on 2023-12-25 00:00:00+00:00
[2023-12-26T21:33:38.291+0000] {standard_task_runner.py:60} INFO - Started process 137 to run task
[2023-12-26T21:33:38.293+0000] {standard_task_runner.py:87} INFO - Running: ['airflow', 'tasks', 'run', 'batch', 'print_date', 'scheduled__2023-12-25T00:00:00+00:00', '--job-id', '4', '--raw', '--subdir', 'DAGS_FOLDER/batchlayer.py', '--cfg-path', '/tmp/tmprm70wa2t']
[2023-12-26T21:33:38.295+0000] {standard_task_runner.py:88} INFO - Job 4: Subtask print_date
[2023-12-26T21:33:38.328+0000] {task_command.py:423} INFO - Running <TaskInstance: batch.print_date scheduled__2023-12-25T00:00:00+00:00 [running]> on host b20a8cc54a2d
[2023-12-26T21:33:38.490+0000] {taskinstance.py:2481} INFO - Exporting env vars: AIRFLOW_CTX_DAG_EMAIL='airflow@example.com' AIRFLOW_CTX_DAG_OWNER='airflow' AIRFLOW_CTX_DAG_ID='batch' AIRFLOW_CTX_TASK_ID='print_date' AIRFLOW_CTX_EXECUTION_DATE='2023-12-25T00:00:00+00:00' AIRFLOW_CTX_TRY_NUMBER='1' AIRFLOW_CTX_DAG_RUN_ID='scheduled__2023-12-25T00:00:00+00:00'
[2023-12-26T21:33:38.492+0000] {logging_mixin.py:188} INFO - hamza
[2023-12-26T21:33:39.497+0000] {logging_mixin.py:188} INFO - hamza
[2023-12-26T21:33:39.498+0000] {logging_mixin.py:188} INFO - hamza
[2023-12-26T21:33:39.499+0000] {logging_mixin.py:188} INFO - hamza
[2023-12-26T21:33:39.500+0000] {logging_mixin.py:188} INFO - hamza
[2023-12-26T21:33:39.502+0000] {logging_mixin.py:188} INFO - hamza
[2023-12-26T21:33:39.502+0000] {logging_mixin.py:188} INFO - hamza
[2023-12-26T21:33:39.503+0000] {logging_mixin.py:188} INFO - hamza
[2023-12-26T21:33:39.504+0000] {logging_mixin.py:188} INFO - hamza
[2023-12-26T21:33:39.505+0000] {logging_mixin.py:188} INFO - hamza
[2023-12-26T21:33:39.506+0000] {logging_mixin.py:188} INFO - hamza
[2023-12-26T21:33:39.507+0000] {logging_mixin.py:188} INFO - hamza
[2023-12-26T21:33:39.508+0000] {logging_mixin.py:188} INFO - hamza
[2023-12-26T21:33:39.509+0000] {logging_mixin.py:188} INFO - hamza
[2023-12-26T21:33:39.510+0000] {logging_mixin.py:188} INFO - hamza
[2023-12-26T21:33:39.511+0000] {logging_mixin.py:188} INFO - hamza
[2023-12-26T21:33:39.512+0000] {logging_mixin.py:188} INFO - hamza
[2023-12-26T21:33:39.513+0000] {logging_mixin.py:188} INFO - hamza
[2023-12-26T21:33:39.514+0000] {logging_mixin.py:188} INFO - hamza
[2023-12-26T21:33:39.515+0000] {logging_mixin.py:188} INFO - hamza
[2023-12-26T21:33:39.517+0000] {logging_mixin.py:188} INFO - hamza
[2023-12-26T21:33:39.518+0000] {logging_mixin.py:188} INFO - hamza
[2023-12-26T21:33:39.519+0000] {logging_mixin.py:188} INFO - hamza
[2023-12-26T21:33:39.520+0000] {logging_mixin.py:188} INFO - hamza
[2023-12-26T21:33:39.521+0000] {logging_mixin.py:188} INFO - hamza
[2023-12-26T21:33:39.522+0000] {logging_mixin.py:188} INFO - hamza
[2023-12-26T21:33:39.524+0000] {logging_mixin.py:188} INFO - hamza
[2023-12-26T21:33:39.525+0000] {logging_mixin.py:188} INFO - hamza
[2023-12-26T21:33:39.526+0000] {logging_mixin.py:188} INFO - hamza
[2023-12-26T21:33:39.527+0000] {logging_mixin.py:188} INFO - hamza
[2023-12-26T21:33:39.528+0000] {logging_mixin.py:188} INFO - hamza
[2023-12-26T21:33:39.530+0000] {logging_mixin.py:188} INFO - hamza
[2023-12-26T21:33:39.531+0000] {logging_mixin.py:188} INFO - hamza
[2023-12-26T21:33:39.532+0000] {logging_mixin.py:188} INFO - hamza
[2023-12-26T21:33:39.533+0000] {logging_mixin.py:188} INFO - hamza
[2023-12-26T21:33:39.534+0000] {logging_mixin.py:188} INFO - hamza
[2023-12-26T21:33:39.536+0000] {logging_mixin.py:188} INFO - hamza
[2023-12-26T21:33:39.537+0000] {logging_mixin.py:188} INFO - hamza
[2023-12-26T21:33:39.538+0000] {logging_mixin.py:188} INFO - hamza
[2023-12-26T21:33:39.540+0000] {logging_mixin.py:188} INFO - hamza
[2023-12-26T21:33:39.541+0000] {logging_mixin.py:188} INFO - hamza
[2023-12-26T21:33:39.543+0000] {logging_mixin.py:188} INFO - hamza
[2023-12-26T21:33:39.544+0000] {logging_mixin.py:188} INFO - hamza
[2023-12-26T21:33:39.545+0000] {logging_mixin.py:188} INFO - hamza
[2023-12-26T21:33:39.547+0000] {logging_mixin.py:188} INFO - hamza
[2023-12-26T21:33:39.548+0000] {logging_mixin.py:188} INFO - hamza
[2023-12-26T21:33:39.549+0000] {logging_mixin.py:188} INFO - hamza
[2023-12-26T21:33:39.550+0000] {logging_mixin.py:188} INFO - hamza
[2023-12-26T21:33:39.552+0000] {logging_mixin.py:188} INFO - hamza
[2023-12-26T21:33:39.553+0000] {logging_mixin.py:188} INFO - hamza
[2023-12-26T21:33:39.554+0000] {logging_mixin.py:188} INFO - hamza
[2023-12-26T21:33:39.555+0000] {logging_mixin.py:188} INFO - hamza
[2023-12-26T21:33:39.556+0000] {logging_mixin.py:188} INFO - hamza
[2023-12-26T21:33:39.558+0000] {logging_mixin.py:188} INFO - hamza
[2023-12-26T21:33:39.559+0000] {logging_mixin.py:188} INFO - hamza
[2023-12-26T21:33:39.560+0000] {logging_mixin.py:188} INFO - hamza
[2023-12-26T21:33:39.561+0000] {logging_mixin.py:188} INFO - hamza
[2023-12-26T21:33:39.562+0000] {logging_mixin.py:188} INFO - hamza
[2023-12-26T21:33:39.563+0000] {logging_mixin.py:188} INFO - hamza
[2023-12-26T21:33:39.565+0000] {logging_mixin.py:188} INFO - hamza
[2023-12-26T21:33:39.566+0000] {logging_mixin.py:188} INFO - hamza
[2023-12-26T21:33:39.567+0000] {logging_mixin.py:188} INFO - hamza
[2023-12-26T21:33:39.568+0000] {logging_mixin.py:188} INFO - hamza
[2023-12-26T21:33:39.570+0000] {logging_mixin.py:188} INFO - hamza
[2023-12-26T21:33:39.571+0000] {logging_mixin.py:188} INFO - hamza
[2023-12-26T21:33:39.572+0000] {logging_mixin.py:188} INFO - hamza
[2023-12-26T21:33:39.573+0000] {logging_mixin.py:188} INFO - hamza
[2023-12-26T21:33:39.575+0000] {logging_mixin.py:188} INFO - hamza
[2023-12-26T21:33:39.576+0000] {logging_mixin.py:188} INFO - hamza
[2023-12-26T21:33:39.577+0000] {logging_mixin.py:188} INFO - hamza
[2023-12-26T21:33:39.578+0000] {logging_mixin.py:188} INFO - hamza
[2023-12-26T21:33:39.579+0000] {logging_mixin.py:188} INFO - hamza
[2023-12-26T21:33:39.581+0000] {logging_mixin.py:188} INFO - hamza
[2023-12-26T21:33:39.582+0000] {logging_mixin.py:188} INFO - hamza
[2023-12-26T21:33:39.583+0000] {logging_mixin.py:188} INFO - hamza
[2023-12-26T21:33:39.585+0000] {logging_mixin.py:188} INFO - hamza
[2023-12-26T21:33:39.586+0000] {logging_mixin.py:188} INFO - hamza
[2023-12-26T21:33:39.588+0000] {logging_mixin.py:188} INFO - hamza
[2023-12-26T21:33:39.589+0000] {logging_mixin.py:188} INFO - hamza
[2023-12-26T21:33:39.590+0000] {logging_mixin.py:188} INFO - hamza
[2023-12-26T21:33:39.591+0000] {logging_mixin.py:188} INFO - hamza
[2023-12-26T21:33:39.593+0000] {logging_mixin.py:188} INFO - hamza
[2023-12-26T21:33:39.594+0000] {logging_mixin.py:188} INFO - hamza
[2023-12-26T21:33:39.595+0000] {logging_mixin.py:188} INFO - hamza
[2023-12-26T21:33:39.597+0000] {logging_mixin.py:188} INFO - hamza
[2023-12-26T21:33:39.599+0000] {logging_mixin.py:188} INFO - hamza
[2023-12-26T21:33:39.600+0000] {logging_mixin.py:188} INFO - hamza
[2023-12-26T21:33:39.601+0000] {logging_mixin.py:188} INFO - hamza
[2023-12-26T21:33:39.603+0000] {logging_mixin.py:188} INFO - hamza
[2023-12-26T21:33:39.604+0000] {logging_mixin.py:188} INFO - hamza
[2023-12-26T21:33:39.605+0000] {logging_mixin.py:188} INFO - hamza
[2023-12-26T21:33:39.607+0000] {logging_mixin.py:188} INFO - hamza
[2023-12-26T21:33:39.608+0000] {logging_mixin.py:188} INFO - hamza
[2023-12-26T21:33:39.609+0000] {logging_mixin.py:188} INFO - hamza
[2023-12-26T21:33:39.610+0000] {logging_mixin.py:188} INFO - hamza
[2023-12-26T21:33:39.611+0000] {logging_mixin.py:188} INFO - hamza
[2023-12-26T21:33:39.613+0000] {logging_mixin.py:188} INFO - hamza
[2023-12-26T21:33:39.614+0000] {logging_mixin.py:188} INFO - hamza
[2023-12-26T21:33:39.616+0000] {logging_mixin.py:188} INFO - hamza
[2023-12-26T21:33:39.617+0000] {python.py:201} INFO - Done. Returned value was: None
[2023-12-26T21:33:39.622+0000] {taskinstance.py:1138} INFO - Marking task as SUCCESS. dag_id=batch, task_id=print_date, execution_date=20231225T000000, start_date=20231226T213338, end_date=20231226T213339
[2023-12-26T21:33:39.670+0000] {local_task_job_runner.py:234} INFO - Task exited with return code 0
[2023-12-26T21:33:39.679+0000] {taskinstance.py:3281} INFO - 0 downstream tasks scheduled from follow-on schedule check
[2023-12-26T22:20:24.160+0000] {taskinstance.py:1957} INFO - Dependencies all met for dep_context=non-requeueable deps ti=<TaskInstance: batch.print_date scheduled__2023-12-25T00:00:00+00:00 [queued]>
[2023-12-26T22:20:24.168+0000] {taskinstance.py:1957} INFO - Dependencies all met for dep_context=requeueable deps ti=<TaskInstance: batch.print_date scheduled__2023-12-25T00:00:00+00:00 [queued]>
[2023-12-26T22:20:24.168+0000] {taskinstance.py:2171} INFO - Starting attempt 1 of 2
[2023-12-26T22:20:24.183+0000] {taskinstance.py:2192} INFO - Executing <Task(PythonOperator): print_date> on 2023-12-25 00:00:00+00:00
[2023-12-26T22:20:24.187+0000] {standard_task_runner.py:60} INFO - Started process 136 to run task
[2023-12-26T22:20:24.190+0000] {standard_task_runner.py:87} INFO - Running: ['airflow', 'tasks', 'run', 'batch', 'print_date', 'scheduled__2023-12-25T00:00:00+00:00', '--job-id', '4', '--raw', '--subdir', 'DAGS_FOLDER/batchlayer.py', '--cfg-path', '/tmp/tmpho3qpl12']
[2023-12-26T22:20:24.193+0000] {standard_task_runner.py:88} INFO - Job 4: Subtask print_date
[2023-12-26T22:20:24.229+0000] {task_command.py:423} INFO - Running <TaskInstance: batch.print_date scheduled__2023-12-25T00:00:00+00:00 [running]> on host f81c64188a37
[2023-12-26T22:20:24.420+0000] {taskinstance.py:2481} INFO - Exporting env vars: AIRFLOW_CTX_DAG_EMAIL='airflow@example.com' AIRFLOW_CTX_DAG_OWNER='airflow' AIRFLOW_CTX_DAG_ID='batch' AIRFLOW_CTX_TASK_ID='print_date' AIRFLOW_CTX_EXECUTION_DATE='2023-12-25T00:00:00+00:00' AIRFLOW_CTX_TRY_NUMBER='1' AIRFLOW_CTX_DAG_RUN_ID='scheduled__2023-12-25T00:00:00+00:00'
[2023-12-26T22:20:24.437+0000] {logging_mixin.py:188} INFO - hamza
[2023-12-26T22:20:25.443+0000] {logging_mixin.py:188} INFO - hamza
[2023-12-26T22:20:25.445+0000] {logging_mixin.py:188} INFO - hamza
[2023-12-26T22:20:25.446+0000] {logging_mixin.py:188} INFO - hamza
[2023-12-26T22:20:25.448+0000] {logging_mixin.py:188} INFO - hamza
[2023-12-26T22:20:25.449+0000] {logging_mixin.py:188} INFO - hamza
[2023-12-26T22:20:25.451+0000] {logging_mixin.py:188} INFO - hamza
[2023-12-26T22:20:25.452+0000] {logging_mixin.py:188} INFO - hamza
[2023-12-26T22:20:25.454+0000] {logging_mixin.py:188} INFO - hamza
[2023-12-26T22:20:25.455+0000] {logging_mixin.py:188} INFO - hamza
[2023-12-26T22:20:25.456+0000] {logging_mixin.py:188} INFO - hamza
[2023-12-26T22:20:25.458+0000] {logging_mixin.py:188} INFO - hamza
[2023-12-26T22:20:25.459+0000] {logging_mixin.py:188} INFO - hamza
[2023-12-26T22:20:25.461+0000] {logging_mixin.py:188} INFO - hamza
[2023-12-26T22:20:25.462+0000] {logging_mixin.py:188} INFO - hamza
[2023-12-26T22:20:25.463+0000] {logging_mixin.py:188} INFO - hamza
[2023-12-26T22:20:25.464+0000] {logging_mixin.py:188} INFO - hamza
[2023-12-26T22:20:25.466+0000] {logging_mixin.py:188} INFO - hamza
[2023-12-26T22:20:25.467+0000] {logging_mixin.py:188} INFO - hamza
[2023-12-26T22:20:25.468+0000] {logging_mixin.py:188} INFO - hamza
[2023-12-26T22:20:25.470+0000] {logging_mixin.py:188} INFO - hamza
[2023-12-26T22:20:25.471+0000] {logging_mixin.py:188} INFO - hamza
[2023-12-26T22:20:25.472+0000] {logging_mixin.py:188} INFO - hamza
[2023-12-26T22:20:25.474+0000] {logging_mixin.py:188} INFO - hamza
[2023-12-26T22:20:25.475+0000] {logging_mixin.py:188} INFO - hamza
[2023-12-26T22:20:25.476+0000] {logging_mixin.py:188} INFO - hamza
[2023-12-26T22:20:25.477+0000] {logging_mixin.py:188} INFO - hamza
[2023-12-26T22:20:25.479+0000] {logging_mixin.py:188} INFO - hamza
[2023-12-26T22:20:25.480+0000] {logging_mixin.py:188} INFO - hamza
[2023-12-26T22:20:25.481+0000] {logging_mixin.py:188} INFO - hamza
[2023-12-26T22:20:25.482+0000] {logging_mixin.py:188} INFO - hamza
[2023-12-26T22:20:25.484+0000] {logging_mixin.py:188} INFO - hamza
[2023-12-26T22:20:25.485+0000] {logging_mixin.py:188} INFO - hamza
[2023-12-26T22:20:25.486+0000] {logging_mixin.py:188} INFO - hamza
[2023-12-26T22:20:25.487+0000] {logging_mixin.py:188} INFO - hamza
[2023-12-26T22:20:25.489+0000] {logging_mixin.py:188} INFO - hamza
[2023-12-26T22:20:25.490+0000] {logging_mixin.py:188} INFO - hamza
[2023-12-26T22:20:25.491+0000] {logging_mixin.py:188} INFO - hamza
[2023-12-26T22:20:25.492+0000] {logging_mixin.py:188} INFO - hamza
[2023-12-26T22:20:25.493+0000] {logging_mixin.py:188} INFO - hamza
[2023-12-26T22:20:25.494+0000] {logging_mixin.py:188} INFO - hamza
[2023-12-26T22:20:25.495+0000] {logging_mixin.py:188} INFO - hamza
[2023-12-26T22:20:25.496+0000] {logging_mixin.py:188} INFO - hamza
[2023-12-26T22:20:25.498+0000] {logging_mixin.py:188} INFO - hamza
[2023-12-26T22:20:25.499+0000] {logging_mixin.py:188} INFO - hamza
[2023-12-26T22:20:25.500+0000] {logging_mixin.py:188} INFO - hamza
[2023-12-26T22:20:25.501+0000] {logging_mixin.py:188} INFO - hamza
[2023-12-26T22:20:25.502+0000] {logging_mixin.py:188} INFO - hamza
[2023-12-26T22:20:25.503+0000] {logging_mixin.py:188} INFO - hamza
[2023-12-26T22:20:25.505+0000] {logging_mixin.py:188} INFO - hamza
[2023-12-26T22:20:25.507+0000] {logging_mixin.py:188} INFO - hamza
[2023-12-26T22:20:25.508+0000] {logging_mixin.py:188} INFO - hamza
[2023-12-26T22:20:25.510+0000] {logging_mixin.py:188} INFO - hamza
[2023-12-26T22:20:25.511+0000] {logging_mixin.py:188} INFO - hamza
[2023-12-26T22:20:25.512+0000] {logging_mixin.py:188} INFO - hamza
[2023-12-26T22:20:25.514+0000] {logging_mixin.py:188} INFO - hamza
[2023-12-26T22:20:25.515+0000] {logging_mixin.py:188} INFO - hamza
[2023-12-26T22:20:25.517+0000] {logging_mixin.py:188} INFO - hamza
[2023-12-26T22:20:25.518+0000] {logging_mixin.py:188} INFO - hamza
[2023-12-26T22:20:25.520+0000] {logging_mixin.py:188} INFO - hamza
[2023-12-26T22:20:25.521+0000] {logging_mixin.py:188} INFO - hamza
[2023-12-26T22:20:25.523+0000] {logging_mixin.py:188} INFO - hamza
[2023-12-26T22:20:25.524+0000] {logging_mixin.py:188} INFO - hamza
[2023-12-26T22:20:25.525+0000] {logging_mixin.py:188} INFO - hamza
[2023-12-26T22:20:25.527+0000] {logging_mixin.py:188} INFO - hamza
[2023-12-26T22:20:25.528+0000] {logging_mixin.py:188} INFO - hamza
[2023-12-26T22:20:25.530+0000] {logging_mixin.py:188} INFO - hamza
[2023-12-26T22:20:25.532+0000] {logging_mixin.py:188} INFO - hamza
[2023-12-26T22:20:25.534+0000] {logging_mixin.py:188} INFO - hamza
[2023-12-26T22:20:25.536+0000] {logging_mixin.py:188} INFO - hamza
[2023-12-26T22:20:25.538+0000] {logging_mixin.py:188} INFO - hamza
[2023-12-26T22:20:25.540+0000] {logging_mixin.py:188} INFO - hamza
[2023-12-26T22:20:25.541+0000] {logging_mixin.py:188} INFO - hamza
[2023-12-26T22:20:25.543+0000] {logging_mixin.py:188} INFO - hamza
[2023-12-26T22:20:25.544+0000] {logging_mixin.py:188} INFO - hamza
[2023-12-26T22:20:25.545+0000] {logging_mixin.py:188} INFO - hamza
[2023-12-26T22:20:25.546+0000] {logging_mixin.py:188} INFO - hamza
[2023-12-26T22:20:25.548+0000] {logging_mixin.py:188} INFO - hamza
[2023-12-26T22:20:25.549+0000] {logging_mixin.py:188} INFO - hamza
[2023-12-26T22:20:25.550+0000] {logging_mixin.py:188} INFO - hamza
[2023-12-26T22:20:25.551+0000] {logging_mixin.py:188} INFO - hamza
[2023-12-26T22:20:25.552+0000] {logging_mixin.py:188} INFO - hamza
[2023-12-26T22:20:25.553+0000] {logging_mixin.py:188} INFO - hamza
[2023-12-26T22:20:25.554+0000] {logging_mixin.py:188} INFO - hamza
[2023-12-26T22:20:25.555+0000] {logging_mixin.py:188} INFO - hamza
[2023-12-26T22:20:25.556+0000] {logging_mixin.py:188} INFO - hamza
[2023-12-26T22:20:25.557+0000] {logging_mixin.py:188} INFO - hamza
[2023-12-26T22:20:25.558+0000] {logging_mixin.py:188} INFO - hamza
[2023-12-26T22:20:25.559+0000] {logging_mixin.py:188} INFO - hamza
[2023-12-26T22:20:25.561+0000] {logging_mixin.py:188} INFO - hamza
[2023-12-26T22:20:25.561+0000] {logging_mixin.py:188} INFO - hamza
[2023-12-26T22:20:25.563+0000] {logging_mixin.py:188} INFO - hamza
[2023-12-26T22:20:25.564+0000] {logging_mixin.py:188} INFO - hamza
[2023-12-26T22:20:25.565+0000] {logging_mixin.py:188} INFO - hamza
[2023-12-26T22:20:25.565+0000] {logging_mixin.py:188} INFO - hamza
[2023-12-26T22:20:25.567+0000] {logging_mixin.py:188} INFO - hamza
[2023-12-26T22:20:25.568+0000] {logging_mixin.py:188} INFO - hamza
[2023-12-26T22:20:25.569+0000] {logging_mixin.py:188} INFO - hamza
[2023-12-26T22:20:25.570+0000] {logging_mixin.py:188} INFO - hamza
[2023-12-26T22:20:25.572+0000] {python.py:201} INFO - Done. Returned value was: None
[2023-12-26T22:20:25.577+0000] {taskinstance.py:1138} INFO - Marking task as SUCCESS. dag_id=batch, task_id=print_date, execution_date=20231225T000000, start_date=20231226T222024, end_date=20231226T222025
[2023-12-26T22:20:25.607+0000] {local_task_job_runner.py:234} INFO - Task exited with return code 0
[2023-12-26T22:20:25.620+0000] {taskinstance.py:3281} INFO - 0 downstream tasks scheduled from follow-on schedule check
