[2023-12-26T18:29:56.776+0000] {taskinstance.py:1957} INFO - Dependencies all met for dep_context=non-requeueable deps ti=<TaskInstance: batch_layer.batch_1 manual__2023-12-26T18:22:49.187475+00:00 [queued]>
[2023-12-26T18:29:56.782+0000] {taskinstance.py:1957} INFO - Dependencies all met for dep_context=requeueable deps ti=<TaskInstance: batch_layer.batch_1 manual__2023-12-26T18:22:49.187475+00:00 [queued]>
[2023-12-26T18:29:56.782+0000] {taskinstance.py:2171} INFO - Starting attempt 1 of 2
[2023-12-26T18:29:56.796+0000] {taskinstance.py:2192} INFO - Executing <Task(PythonOperator): batch_1> on 2023-12-26 18:22:49.187475+00:00
[2023-12-26T18:29:56.802+0000] {standard_task_runner.py:60} INFO - Started process 2432 to run task
[2023-12-26T18:29:56.804+0000] {standard_task_runner.py:87} INFO - Running: ['airflow', 'tasks', 'run', 'batch_layer', 'batch_1', 'manual__2023-12-26T18:22:49.187475+00:00', '--job-id', '58', '--raw', '--subdir', 'DAGS_FOLDER/BatchLayerDag.py', '--cfg-path', '/tmp/tmp9byhltjv']
[2023-12-26T18:29:56.806+0000] {standard_task_runner.py:88} INFO - Job 58: Subtask batch_1
[2023-12-26T18:29:56.830+0000] {task_command.py:423} INFO - Running <TaskInstance: batch_layer.batch_1 manual__2023-12-26T18:22:49.187475+00:00 [running]> on host ba237c0dfd1a
[2023-12-26T18:29:56.875+0000] {taskinstance.py:2481} INFO - Exporting env vars: AIRFLOW_CTX_DAG_EMAIL='airflow@example.com' AIRFLOW_CTX_DAG_OWNER='airflow' AIRFLOW_CTX_DAG_ID='batch_layer' AIRFLOW_CTX_TASK_ID='batch_1' AIRFLOW_CTX_EXECUTION_DATE='2023-12-26T18:22:49.187475+00:00' AIRFLOW_CTX_TRY_NUMBER='1' AIRFLOW_CTX_DAG_RUN_ID='manual__2023-12-26T18:22:49.187475+00:00'
[2023-12-26T18:29:56.918+0000] {hive.py:475} INFO - USE `finnhub_db`
[2023-12-26T18:29:56.955+0000] {hive.py:475} INFO - 
                SELECT *
                FROM finnhub_table
            
[2023-12-26T18:29:58.272+0000] {logging_mixin.py:188} INFO -               p crypto_pair                       t        v
0      43694.01     BTCUSDT 2023-12-25 13:10:26.122  0.00095
1      43694.00     BTCUSDT 2023-12-25 13:10:26.314  0.00919
2      43693.84     BTCUSDT 2023-12-25 13:10:26.333  0.00229
3      43684.53     BTCUSDT 2023-12-25 13:10:27.614  0.00229
4      43571.98     BTCUSDT 2023-12-25 18:25:58.632  0.00414
...         ...         ...                     ...      ...
10579  43572.42     BTCUSDT 2023-12-25 18:25:58.632  0.00062
10580  43572.32     BTCUSDT 2023-12-25 18:25:58.632  0.00229
10581  43572.16     BTCUSDT 2023-12-25 18:25:58.632  0.00062
10582  43571.99     BTCUSDT 2023-12-25 18:25:58.632  0.00050
10583  43571.98     BTCUSDT 2023-12-25 18:25:58.632  0.00710

[10584 rows x 4 columns]
[2023-12-26T18:29:58.282+0000] {logging_mixin.py:188} INFO -                         p                             t          v
crypto_pair                                                       
BTCUSDT      43336.923823 2023-12-25 22:28:55.715317760   0.042550
ETHUSDT       2273.966254 2023-12-25 20:20:47.209166336   0.584991
None           239.361607 2023-12-26 16:07:06.773757952  44.353881
[2023-12-26T18:29:58.284+0000] {logging_mixin.py:188} INFO - File '/tmp/batchViews/parquet_output_1.parquet' already exists.
[2023-12-26T18:29:58.322+0000] {logging_mixin.py:188} INFO -                         p                          t          v
crypto_pair                                                    
BTCUSDT      43336.923823 2023-12-25 22:28:55.715317   0.042550
ETHUSDT       2273.966254 2023-12-25 20:20:47.209166   0.584991
None           239.361607 2023-12-26 16:07:06.773757  44.353881
[2023-12-26T18:29:58.324+0000] {python.py:201} INFO - Done. Returned value was: None
[2023-12-26T18:29:58.329+0000] {taskinstance.py:1138} INFO - Marking task as SUCCESS. dag_id=batch_layer, task_id=batch_1, execution_date=20231226T182249, start_date=20231226T182956, end_date=20231226T182958
[2023-12-26T18:29:58.383+0000] {local_task_job_runner.py:234} INFO - Task exited with return code 0
[2023-12-26T18:29:58.391+0000] {taskinstance.py:3281} INFO - 0 downstream tasks scheduled from follow-on schedule check
