[2023-12-23T16:35:43.458+0000] {taskinstance.py:1957} INFO - Dependencies all met for dep_context=non-requeueable deps ti=<TaskInstance: batch_layer.batch_1 manual__2023-12-23T16:34:16.745356+00:00 [queued]>
[2023-12-23T16:35:43.463+0000] {taskinstance.py:1957} INFO - Dependencies all met for dep_context=requeueable deps ti=<TaskInstance: batch_layer.batch_1 manual__2023-12-23T16:34:16.745356+00:00 [queued]>
[2023-12-23T16:35:43.464+0000] {taskinstance.py:2171} INFO - Starting attempt 1 of 2
[2023-12-23T16:35:43.475+0000] {taskinstance.py:2192} INFO - Executing <Task(PythonOperator): batch_1> on 2023-12-23 16:34:16.745356+00:00
[2023-12-23T16:35:43.479+0000] {standard_task_runner.py:60} INFO - Started process 5024 to run task
[2023-12-23T16:35:43.482+0000] {standard_task_runner.py:87} INFO - Running: ['airflow', 'tasks', 'run', 'batch_layer', 'batch_1', 'manual__2023-12-23T16:34:16.745356+00:00', '--job-id', '74', '--raw', '--subdir', 'DAGS_FOLDER/BatchLayerDag.py', '--cfg-path', '/tmp/tmprdqrsu0r']
[2023-12-23T16:35:43.483+0000] {standard_task_runner.py:88} INFO - Job 74: Subtask batch_1
[2023-12-23T16:35:43.507+0000] {task_command.py:423} INFO - Running <TaskInstance: batch_layer.batch_1 manual__2023-12-23T16:34:16.745356+00:00 [running]> on host 7de9f6b6c8f6
[2023-12-23T16:35:43.556+0000] {taskinstance.py:2481} INFO - Exporting env vars: AIRFLOW_CTX_DAG_EMAIL='airflow@example.com' AIRFLOW_CTX_DAG_OWNER='airflow' AIRFLOW_CTX_DAG_ID='batch_layer' AIRFLOW_CTX_TASK_ID='batch_1' AIRFLOW_CTX_EXECUTION_DATE='2023-12-23T16:34:16.745356+00:00' AIRFLOW_CTX_TRY_NUMBER='1' AIRFLOW_CTX_DAG_RUN_ID='manual__2023-12-23T16:34:16.745356+00:00'
[2023-12-23T16:35:43.601+0000] {hive.py:475} INFO - USE `finnhub_db`
[2023-12-23T16:35:43.639+0000] {hive.py:475} INFO - 
                SELECT *
                FROM finnhub_table
            
[2023-12-23T16:35:52.144+0000] {logging_mixin.py:188} INFO -                p crypto_pair                       t          v
0      41981.100     BTCUSDT 2023-12-17 21:24:18.958    0.00050
1      41981.100     BTCUSDT 2023-12-17 21:24:19.251    0.00119
2      41981.110     BTCUSDT 2023-12-17 21:24:30.970    0.00684
3      41977.980     BTCUSDT 2023-12-17 21:25:00.006    0.00243
4      41977.990     BTCUSDT 2023-12-17 21:25:00.006    0.00238
...          ...         ...                     ...        ...
72016    197.050        None 2023-12-20 19:34:47.700  100.00000
72017    197.045        None 2023-12-20 19:34:47.700   28.00000
72018    197.050        None 2023-12-20 19:34:47.700   72.00000
72019    197.045        None 2023-12-20 19:34:47.700   29.00000
72020    197.040        None 2023-12-20 19:34:47.700  100.00000

[72021 rows x 4 columns]
[2023-12-23T16:35:52.165+0000] {logging_mixin.py:188} INFO -                         p                             t           v
crypto_pair                                                        
BTCUSDT      42743.267135 2023-12-19 21:26:54.981214208    0.014485
ETHUSDT       2296.828547 2023-12-22 20:53:39.845156864    0.347863
None           189.781162 2023-12-21 03:33:31.870769408  119.831923
[2023-12-23T16:35:52.177+0000] {python.py:201} INFO - Done. Returned value was: None
[2023-12-23T16:35:52.182+0000] {taskinstance.py:1138} INFO - Marking task as SUCCESS. dag_id=batch_layer, task_id=batch_1, execution_date=20231223T163416, start_date=20231223T163543, end_date=20231223T163552
[2023-12-23T16:35:52.224+0000] {local_task_job_runner.py:234} INFO - Task exited with return code 0
[2023-12-23T16:35:52.231+0000] {taskinstance.py:3281} INFO - 0 downstream tasks scheduled from follow-on schedule check
